2020-11-22 04:07:20,240 - mmdet - INFO - Environment info:
------------------------------------------------------------
sys.platform: linux
Python: 3.6.4 |Anaconda, Inc.| (default, Jan 16 2018, 18:10:19) [GCC 7.2.0]
CUDA available: True
CUDA_HOME: /usr/local/cuda
NVCC: Cuda compilation tools, release 10.0, V10.0.130
GPU 0: Tesla P100-PCIE-16GB
GCC: gcc (GCC) 5.3.0
PyTorch: 1.3.1+cu100
PyTorch compiling details: PyTorch built with:
  - GCC 7.3
  - Intel(R) Math Kernel Library Version 2019.0.4 Product Build 20190411 for Intel(R) 64 architecture applications
  - Intel(R) MKL-DNN v0.20.5 (Git Hash 0125f28c61c1f822fd48570b4c1066f96fcb9b2e)
  - OpenMP 201511 (a.k.a. OpenMP 4.5)
  - NNPACK is enabled
  - CUDA Runtime 10.0
  - NVCC architecture flags: -gencode;arch=compute_37,code=sm_37;-gencode;arch=compute_50,code=sm_50;-gencode;arch=compute_60,code=sm_60;-gencode;arch=compute_61,code=sm_61;-gencode;arch=compute_70,code=sm_70;-gencode;arch=compute_75,code=sm_75;-gencode;arch=compute_37,code=compute_37
  - CuDNN 7.6.3
  - Magma 2.5.1
  - Build settings: BLAS=MKL, BUILD_NAMEDTENSOR=OFF, BUILD_TYPE=Release, CXX_FLAGS= -Wno-deprecated -fvisibility-inlines-hidden -fopenmp -DUSE_FBGEMM -DUSE_QNNPACK -DUSE_PYTORCH_QNNPACK -O2 -fPIC -Wno-narrowing -Wall -Wextra -Wno-missing-field-initializers -Wno-type-limits -Wno-array-bounds -Wno-unknown-pragmas -Wno-sign-compare -Wno-unused-parameter -Wno-unused-variable -Wno-unused-function -Wno-unused-result -Wno-strict-overflow -Wno-strict-aliasing -Wno-error=deprecated-declarations -Wno-stringop-overflow -Wno-error=pedantic -Wno-error=redundant-decls -Wno-error=old-style-cast -fdiagnostics-color=always -faligned-new -Wno-unused-but-set-variable -Wno-maybe-uninitialized -fno-math-errno -fno-trapping-math -Wno-stringop-overflow, DISABLE_NUMA=1, PERF_WITH_AVX=1, PERF_WITH_AVX2=1, PERF_WITH_AVX512=1, USE_CUDA=True, USE_EXCEPTION_PTR=1, USE_GFLAGS=OFF, USE_GLOG=OFF, USE_MKL=ON, USE_MKLDNN=ON, USE_MPI=OFF, USE_NCCL=ON, USE_NNPACK=ON, USE_OPENMP=ON, USE_STATIC_DISPATCH=OFF, 

TorchVision: 0.4.2+cu100
OpenCV: 4.4.0
MMCV: 1.0.5
MMDetection: 2.3.0+788fa8d
MMDetection Compiler: GCC 7.3
MMDetection CUDA Compiler: 10.0
------------------------------------------------------------

2020-11-22 04:07:20,240 - mmdet - INFO - Distributed training: False
2020-11-22 04:07:20,644 - mmdet - INFO - Config:
model = dict(
    type='FasterRCNN',
    pretrained='torchvision://resnet50',
    backbone=dict(
        type='ResNet',
        depth=50,
        num_stages=4,
        out_indices=(0, 1, 2, 3),
        frozen_stages=1,
        norm_cfg=dict(type='BN', requires_grad=True),
        norm_eval=True,
        style='pytorch'),
    neck=dict(
        type='FPN',
        in_channels=[256, 512, 1024, 2048],
        out_channels=256,
        num_outs=5),
    rpn_head=dict(
        type='RPNHead',
        in_channels=256,
        feat_channels=256,
        anchor_generator=dict(
            type='AnchorGenerator',
            scales=[8],
            ratios=[0.5, 1.0, 2.0],
            strides=[4, 8, 16, 32, 64]),
        bbox_coder=dict(
            type='DeltaXYWHBBoxCoder',
            target_means=[0.0, 0.0, 0.0, 0.0],
            target_stds=[1.0, 1.0, 1.0, 1.0]),
        loss_cls=dict(
            type='CrossEntropyLoss', use_sigmoid=True, loss_weight=1.0),
        loss_bbox=dict(type='L1Loss', loss_weight=1.0)),
    roi_head=dict(
        type='StandardRoIHead',
        bbox_roi_extractor=dict(
            type='SingleRoIExtractor',
            roi_layer=dict(type='RoIAlign', output_size=7, sampling_ratio=0),
            out_channels=256,
            featmap_strides=[4, 8, 16, 32]),
        bbox_head=dict(
            type='Shared2FCBBoxHead',
            in_channels=256,
            fc_out_channels=1024,
            roi_feat_size=7,
            num_classes=2,
            bbox_coder=dict(
                type='DeltaXYWHBBoxCoder',
                target_means=[0.0, 0.0, 0.0, 0.0],
                target_stds=[0.1, 0.1, 0.2, 0.2]),
            reg_class_agnostic=False,
            loss_cls=dict(
                type='CrossEntropyLoss', use_sigmoid=False, loss_weight=1.0),
            loss_bbox=dict(type='L1Loss', loss_weight=1.0))))
train_cfg = dict(
    rpn=dict(
        assigner=dict(
            type='MaxIoUAssigner',
            pos_iou_thr=0.7,
            neg_iou_thr=0.3,
            min_pos_iou=0.3,
            match_low_quality=True,
            ignore_iof_thr=-1),
        sampler=dict(
            type='RandomSampler',
            num=256,
            pos_fraction=0.5,
            neg_pos_ub=-1,
            add_gt_as_proposals=False),
        allowed_border=-1,
        pos_weight=-1,
        debug=False),
    rpn_proposal=dict(
        nms_across_levels=False,
        nms_pre=2000,
        nms_post=1000,
        max_num=1000,
        nms_thr=0.7,
        min_bbox_size=0),
    rcnn=dict(
        assigner=dict(
            type='MaxIoUAssigner',
            pos_iou_thr=0.5,
            neg_iou_thr=0.5,
            min_pos_iou=0.5,
            match_low_quality=False,
            ignore_iof_thr=-1),
        sampler=dict(
            type='RandomSampler',
            num=512,
            pos_fraction=0.25,
            neg_pos_ub=-1,
            add_gt_as_proposals=True),
        pos_weight=-1,
        debug=False))
test_cfg = dict(
    rpn=dict(
        nms_across_levels=False,
        nms_pre=1000,
        nms_post=1000,
        max_num=1000,
        nms_thr=0.7,
        min_bbox_size=0),
    rcnn=dict(
        score_thr=0.05,
        nms=dict(type='nms', iou_threshold=0.5),
        max_per_img=100))
dataset_type = 'CocoDataset'
data_root = 'data/coco/'
img_norm_cfg = dict(
    mean=[123.675, 116.28, 103.53], std=[58.395, 57.12, 57.375], to_rgb=True)
train_pipeline = [
    dict(type='LoadImageFromFile'),
    dict(type='LoadAnnotations', with_bbox=True),
    dict(type='Resize', img_scale=(1550, 1550), keep_ratio=True),
    dict(type='RandomFlip', flip_ratio=0.5),
    dict(
        type='Normalize',
        mean=[123.675, 116.28, 103.53],
        std=[58.395, 57.12, 57.375],
        to_rgb=True),
    dict(type='Pad', size_divisor=32),
    dict(type='DefaultFormatBundle'),
    dict(type='Collect', keys=['img', 'gt_bboxes', 'gt_labels'])
]
test_pipeline = [
    dict(type='LoadImageFromFile'),
    dict(
        type='MultiScaleFlipAug',
        img_scale=(1550, 1550),
        flip=False,
        transforms=[
            dict(type='Resize', keep_ratio=True),
            dict(type='RandomFlip'),
            dict(
                type='Normalize',
                mean=[123.675, 116.28, 103.53],
                std=[58.395, 57.12, 57.375],
                to_rgb=True),
            dict(type='Pad', size_divisor=32),
            dict(type='ImageToTensor', keys=['img']),
            dict(type='Collect', keys=['img'])
        ])
]
data = dict(
    samples_per_gpu=2,
    workers_per_gpu=2,
    train=dict(
        type='CocoDataset',
        ann_file='data/coco/annotations/annotations_trai.json',
        img_prefix='data/coco/img/',
        pipeline=[
            dict(type='LoadImageFromFile'),
            dict(type='LoadAnnotations', with_bbox=True),
            dict(type='Resize', img_scale=(1550, 1550), keep_ratio=True),
            dict(type='RandomFlip', flip_ratio=0.5),
            dict(
                type='Normalize',
                mean=[123.675, 116.28, 103.53],
                std=[58.395, 57.12, 57.375],
                to_rgb=True),
            dict(type='Pad', size_divisor=32),
            dict(type='DefaultFormatBundle'),
            dict(type='Collect', keys=['img', 'gt_bboxes', 'gt_labels'])
        ]),
    val=dict(
        type='CocoDataset',
        ann_file='data/coco/annotations/annotations_test.json',
        img_prefix='data/coco/img/',
        pipeline=[
            dict(type='LoadImageFromFile'),
            dict(
                type='MultiScaleFlipAug',
                img_scale=(1550, 1550),
                flip=False,
                transforms=[
                    dict(type='Resize', keep_ratio=True),
                    dict(type='RandomFlip'),
                    dict(
                        type='Normalize',
                        mean=[123.675, 116.28, 103.53],
                        std=[58.395, 57.12, 57.375],
                        to_rgb=True),
                    dict(type='Pad', size_divisor=32),
                    dict(type='ImageToTensor', keys=['img']),
                    dict(type='Collect', keys=['img'])
                ])
        ]),
    test=dict(
        type='CocoDataset',
        ann_file='data/coco/annotations/annotations_vals.json',
        img_prefix='data/coco/img/',
        pipeline=[
            dict(type='LoadImageFromFile'),
            dict(
                type='MultiScaleFlipAug',
                img_scale=(1550, 1550),
                flip=False,
                transforms=[
                    dict(type='Resize', keep_ratio=True),
                    dict(type='RandomFlip'),
                    dict(
                        type='Normalize',
                        mean=[123.675, 116.28, 103.53],
                        std=[58.395, 57.12, 57.375],
                        to_rgb=True),
                    dict(type='Pad', size_divisor=32),
                    dict(type='ImageToTensor', keys=['img']),
                    dict(type='Collect', keys=['img'])
                ])
        ]))
evaluation = dict(interval=1, metric='bbox')
optimizer = dict(type='SGD', lr=0.01, momentum=0.9, weight_decay=0.0001)
optimizer_config = dict(grad_clip=None)
lr_config = dict(
    policy='step',
    warmup='linear',
    warmup_iters=500,
    warmup_ratio=0.001,
    step=[8, 11])
total_epochs = 4
checkpoint_config = dict(interval=4)
log_config = dict(interval=100, hooks=[dict(type='TextLoggerHook')])
dist_params = dict(backend='nccl')
log_level = 'INFO'
load_from = '/home/admin/.cache/torch/checkpoints/X.pth'
resume_from = None
workflow = [('train', 2), ('val', 1)]
work_dir = '/home/admin/jupyter/SecurityAI_Round5/data/work'
gpu_ids = range(0, 1)

2020-11-22 04:07:21,144 - mmdet - INFO - load model from: torchvision://resnet50
2020-11-22 04:07:29,050 - mmdet - WARNING - The model and loaded state dict do not match exactly

unexpected key in source state_dict: fc.weight, fc.bias

2020-11-22 04:07:39,512 - mmdet - INFO - load checkpoint from /home/admin/.cache/torch/checkpoints/X.pth
2020-11-22 04:07:46,020 - mmdet - INFO - Start running, host: admin@fuxilabor_labor0_S4_Odps_S96_dsw_prepaid_cnsh_838_2020112114585, work_dir: /home/admin/jupyter/SecurityAI_Round5/data/work
2020-11-22 04:07:46,020 - mmdet - INFO - workflow: [('train', 2), ('val', 1)], max: 4 epochs
2020-11-22 04:09:03,602 - mmdet - INFO - Epoch [1][100/619]	lr: 1.988e-03, eta: 0:30:38, time: 0.774, data_time: 0.034, memory: 11881, loss_rpn_cls: 0.0032, loss_rpn_bbox: 0.0289, loss_cls: 0.0345, acc: 98.6416, loss_bbox: 0.0766, loss: 0.1432
2020-11-22 04:10:18,356 - mmdet - INFO - Epoch [1][200/619]	lr: 3.986e-03, eta: 0:28:51, time: 0.748, data_time: 0.012, memory: 11881, loss_rpn_cls: 0.0026, loss_rpn_bbox: 0.0287, loss_cls: 0.0320, acc: 98.6260, loss_bbox: 0.0774, loss: 0.1408
2020-11-22 04:11:33,082 - mmdet - INFO - Epoch [1][300/619]	lr: 5.984e-03, eta: 0:27:25, time: 0.747, data_time: 0.012, memory: 11881, loss_rpn_cls: 0.0028, loss_rpn_bbox: 0.0278, loss_cls: 0.0316, acc: 98.6855, loss_bbox: 0.0752, loss: 0.1374
2020-11-22 04:12:47,780 - mmdet - INFO - Epoch [1][400/619]	lr: 7.982e-03, eta: 0:26:05, time: 0.747, data_time: 0.012, memory: 11881, loss_rpn_cls: 0.0042, loss_rpn_bbox: 0.0318, loss_cls: 0.0381, acc: 98.5078, loss_bbox: 0.0788, loss: 0.1529
2020-11-22 04:14:02,351 - mmdet - INFO - Epoch [1][500/619]	lr: 9.980e-03, eta: 0:24:46, time: 0.746, data_time: 0.012, memory: 11881, loss_rpn_cls: 0.0035, loss_rpn_bbox: 0.0335, loss_cls: 0.0371, acc: 98.4512, loss_bbox: 0.0819, loss: 0.1560
2020-11-22 04:15:17,047 - mmdet - INFO - Epoch [1][600/619]	lr: 1.000e-02, eta: 0:23:29, time: 0.747, data_time: 0.012, memory: 11881, loss_rpn_cls: 0.0037, loss_rpn_bbox: 0.0350, loss_cls: 0.0423, acc: 98.2510, loss_bbox: 0.0920, loss: 0.1730
2020-11-22 04:15:54,892 - mmdet - INFO - Evaluating bbox...
2020-11-22 04:15:57,411 - mmdet - INFO - Epoch [1][619/619]	lr: 1.000e-02, bbox_mAP: 0.8090, bbox_mAP_50: 0.8800, bbox_mAP_75: 0.8690, bbox_mAP_s: 0.5670, bbox_mAP_m: 0.8430, bbox_mAP_l: 0.8890, bbox_mAP_copypaste: 0.809 0.880 0.869 0.567 0.843 0.889
2020-11-22 04:17:14,644 - mmdet - INFO - Epoch [2][100/619]	lr: 1.000e-02, eta: 0:21:29, time: 0.770, data_time: 0.034, memory: 11881, loss_rpn_cls: 0.0026, loss_rpn_bbox: 0.0342, loss_cls: 0.0338, acc: 98.5996, loss_bbox: 0.0843, loss: 0.1549
2020-11-22 04:18:29,382 - mmdet - INFO - Epoch [2][200/619]	lr: 1.000e-02, eta: 0:20:19, time: 0.747, data_time: 0.012, memory: 11881, loss_rpn_cls: 0.0031, loss_rpn_bbox: 0.0336, loss_cls: 0.0311, acc: 98.7236, loss_bbox: 0.0778, loss: 0.1456
2020-11-22 04:19:43,863 - mmdet - INFO - Epoch [2][300/619]	lr: 1.000e-02, eta: 0:19:07, time: 0.745, data_time: 0.012, memory: 11881, loss_rpn_cls: 0.0028, loss_rpn_bbox: 0.0306, loss_cls: 0.0297, acc: 98.7783, loss_bbox: 0.0726, loss: 0.1357
2020-11-22 04:20:58,552 - mmdet - INFO - Epoch [2][400/619]	lr: 1.000e-02, eta: 0:17:54, time: 0.747, data_time: 0.012, memory: 11881, loss_rpn_cls: 0.0036, loss_rpn_bbox: 0.0357, loss_cls: 0.0436, acc: 98.2207, loss_bbox: 0.0857, loss: 0.1686
2020-11-22 04:22:13,397 - mmdet - INFO - Epoch [2][500/619]	lr: 1.000e-02, eta: 0:16:42, time: 0.748, data_time: 0.012, memory: 11907, loss_rpn_cls: 0.0039, loss_rpn_bbox: 0.0349, loss_cls: 0.0384, acc: 98.4004, loss_bbox: 0.0873, loss: 0.1647
2020-11-22 04:23:28,068 - mmdet - INFO - Epoch [2][600/619]	lr: 1.000e-02, eta: 0:15:29, time: 0.747, data_time: 0.012, memory: 11907, loss_rpn_cls: 0.0046, loss_rpn_bbox: 0.0379, loss_cls: 0.0425, acc: 98.2510, loss_bbox: 0.0951, loss: 0.1802
2020-11-22 04:24:06,023 - mmdet - INFO - Evaluating bbox...
2020-11-22 04:24:08,513 - mmdet - INFO - Epoch [2][619/619]	lr: 1.000e-02, bbox_mAP: 0.8090, bbox_mAP_50: 0.8840, bbox_mAP_75: 0.8640, bbox_mAP_s: 0.5650, bbox_mAP_m: 0.8410, bbox_mAP_l: 0.8860, bbox_mAP_copypaste: 0.809 0.884 0.864 0.565 0.841 0.886
2020-11-22 04:24:38,380 - mmdet - INFO - Epoch(train) [2][74]	loss_rpn_cls: 0.0032, loss_rpn_bbox: 0.0332, loss_cls: 0.0397, acc: 98.3042, loss_bbox: 0.0880, loss: 0.1642
2020-11-22 04:25:55,877 - mmdet - INFO - Epoch [3][100/619]	lr: 1.000e-02, eta: 0:13:52, time: 0.770, data_time: 0.034, memory: 11907, loss_rpn_cls: 0.0036, loss_rpn_bbox: 0.0359, loss_cls: 0.0371, acc: 98.4619, loss_bbox: 0.0868, loss: 0.1634
2020-11-22 04:27:10,611 - mmdet - INFO - Epoch [3][200/619]	lr: 1.000e-02, eta: 0:12:40, time: 0.747, data_time: 0.012, memory: 11907, loss_rpn_cls: 0.0027, loss_rpn_bbox: 0.0341, loss_cls: 0.0352, acc: 98.5166, loss_bbox: 0.0855, loss: 0.1575
2020-11-22 04:28:24,997 - mmdet - INFO - Epoch [3][300/619]	lr: 1.000e-02, eta: 0:11:27, time: 0.744, data_time: 0.012, memory: 11907, loss_rpn_cls: 0.0029, loss_rpn_bbox: 0.0323, loss_cls: 0.0348, acc: 98.6279, loss_bbox: 0.0783, loss: 0.1482
2020-11-22 04:29:39,419 - mmdet - INFO - Epoch [3][400/619]	lr: 1.000e-02, eta: 0:10:14, time: 0.744, data_time: 0.012, memory: 11907, loss_rpn_cls: 0.0027, loss_rpn_bbox: 0.0323, loss_cls: 0.0343, acc: 98.6035, loss_bbox: 0.0781, loss: 0.1474
2020-11-22 04:30:53,998 - mmdet - INFO - Epoch [3][500/619]	lr: 1.000e-02, eta: 0:09:01, time: 0.746, data_time: 0.013, memory: 11907, loss_rpn_cls: 0.0023, loss_rpn_bbox: 0.0317, loss_cls: 0.0331, acc: 98.6309, loss_bbox: 0.0789, loss: 0.1459
2020-11-22 04:32:08,454 - mmdet - INFO - Epoch [3][600/619]	lr: 1.000e-02, eta: 0:07:48, time: 0.745, data_time: 0.012, memory: 11907, loss_rpn_cls: 0.0042, loss_rpn_bbox: 0.0356, loss_cls: 0.0437, acc: 98.1855, loss_bbox: 0.0898, loss: 0.1732
2020-11-22 04:32:46,547 - mmdet - INFO - Evaluating bbox...
2020-11-22 04:32:49,009 - mmdet - INFO - Epoch [3][619/619]	lr: 1.000e-02, bbox_mAP: 0.8130, bbox_mAP_50: 0.8840, bbox_mAP_75: 0.8740, bbox_mAP_s: 0.5590, bbox_mAP_m: 0.8440, bbox_mAP_l: 0.8940, bbox_mAP_copypaste: 0.813 0.884 0.874 0.559 0.844 0.894
2020-11-22 04:34:06,206 - mmdet - INFO - Epoch [4][100/619]	lr: 1.000e-02, eta: 0:06:18, time: 0.770, data_time: 0.033, memory: 11907, loss_rpn_cls: 0.0034, loss_rpn_bbox: 0.0340, loss_cls: 0.0411, acc: 98.1582, loss_bbox: 0.0889, loss: 0.1674
2020-11-22 04:35:20,636 - mmdet - INFO - Epoch [4][200/619]	lr: 1.000e-02, eta: 0:05:06, time: 0.744, data_time: 0.012, memory: 11907, loss_rpn_cls: 0.0028, loss_rpn_bbox: 0.0324, loss_cls: 0.0332, acc: 98.6348, loss_bbox: 0.0780, loss: 0.1464
2020-11-22 04:36:35,205 - mmdet - INFO - Epoch [4][300/619]	lr: 1.000e-02, eta: 0:03:53, time: 0.746, data_time: 0.012, memory: 11907, loss_rpn_cls: 0.0032, loss_rpn_bbox: 0.0328, loss_cls: 0.0380, acc: 98.4229, loss_bbox: 0.0807, loss: 0.1547
2020-11-22 04:37:50,056 - mmdet - INFO - Epoch [4][400/619]	lr: 1.000e-02, eta: 0:02:40, time: 0.749, data_time: 0.012, memory: 11907, loss_rpn_cls: 0.0026, loss_rpn_bbox: 0.0328, loss_cls: 0.0336, acc: 98.5762, loss_bbox: 0.0753, loss: 0.1443
2020-11-22 04:39:04,967 - mmdet - INFO - Epoch [4][500/619]	lr: 1.000e-02, eta: 0:01:27, time: 0.749, data_time: 0.012, memory: 11907, loss_rpn_cls: 0.0025, loss_rpn_bbox: 0.0325, loss_cls: 0.0335, acc: 98.6299, loss_bbox: 0.0802, loss: 0.1487
2020-11-22 04:40:19,810 - mmdet - INFO - Epoch [4][600/619]	lr: 1.000e-02, eta: 0:00:13, time: 0.748, data_time: 0.012, memory: 11907, loss_rpn_cls: 0.0026, loss_rpn_bbox: 0.0360, loss_cls: 0.0347, acc: 98.5654, loss_bbox: 0.0856, loss: 0.1590
2020-11-22 04:40:33,927 - mmdet - INFO - Saving checkpoint at 4 epochs
2020-11-22 04:40:59,598 - mmdet - INFO - Evaluating bbox...
2020-11-22 04:41:02,014 - mmdet - INFO - Epoch [4][619/619]	lr: 1.000e-02, bbox_mAP: 0.8080, bbox_mAP_50: 0.8790, bbox_mAP_75: 0.8630, bbox_mAP_s: 0.5660, bbox_mAP_m: 0.8450, bbox_mAP_l: 0.8860, bbox_mAP_copypaste: 0.808 0.879 0.863 0.566 0.845 0.886
2020-11-22 04:41:31,865 - mmdet - INFO - Epoch(train) [4][74]	loss_rpn_cls: 0.0054, loss_rpn_bbox: 0.0343, loss_cls: 0.0417, acc: 98.2752, loss_bbox: 0.0880, loss: 0.1693
