2020-11-21 04:13:40,087 - mmdet - INFO - Environment info:
------------------------------------------------------------
sys.platform: linux
Python: 3.6.4 |Anaconda, Inc.| (default, Jan 16 2018, 18:10:19) [GCC 7.2.0]
CUDA available: True
CUDA_HOME: /usr/local/cuda
NVCC: Cuda compilation tools, release 10.0, V10.0.130
GPU 0: Tesla P100-PCIE-16GB
GCC: gcc (GCC) 5.3.0
PyTorch: 1.3.1+cu100
PyTorch compiling details: PyTorch built with:
  - GCC 7.3
  - Intel(R) Math Kernel Library Version 2019.0.4 Product Build 20190411 for Intel(R) 64 architecture applications
  - Intel(R) MKL-DNN v0.20.5 (Git Hash 0125f28c61c1f822fd48570b4c1066f96fcb9b2e)
  - OpenMP 201511 (a.k.a. OpenMP 4.5)
  - NNPACK is enabled
  - CUDA Runtime 10.0
  - NVCC architecture flags: -gencode;arch=compute_37,code=sm_37;-gencode;arch=compute_50,code=sm_50;-gencode;arch=compute_60,code=sm_60;-gencode;arch=compute_61,code=sm_61;-gencode;arch=compute_70,code=sm_70;-gencode;arch=compute_75,code=sm_75;-gencode;arch=compute_37,code=compute_37
  - CuDNN 7.6.3
  - Magma 2.5.1
  - Build settings: BLAS=MKL, BUILD_NAMEDTENSOR=OFF, BUILD_TYPE=Release, CXX_FLAGS= -Wno-deprecated -fvisibility-inlines-hidden -fopenmp -DUSE_FBGEMM -DUSE_QNNPACK -DUSE_PYTORCH_QNNPACK -O2 -fPIC -Wno-narrowing -Wall -Wextra -Wno-missing-field-initializers -Wno-type-limits -Wno-array-bounds -Wno-unknown-pragmas -Wno-sign-compare -Wno-unused-parameter -Wno-unused-variable -Wno-unused-function -Wno-unused-result -Wno-strict-overflow -Wno-strict-aliasing -Wno-error=deprecated-declarations -Wno-stringop-overflow -Wno-error=pedantic -Wno-error=redundant-decls -Wno-error=old-style-cast -fdiagnostics-color=always -faligned-new -Wno-unused-but-set-variable -Wno-maybe-uninitialized -fno-math-errno -fno-trapping-math -Wno-stringop-overflow, DISABLE_NUMA=1, PERF_WITH_AVX=1, PERF_WITH_AVX2=1, PERF_WITH_AVX512=1, USE_CUDA=True, USE_EXCEPTION_PTR=1, USE_GFLAGS=OFF, USE_GLOG=OFF, USE_MKL=ON, USE_MKLDNN=ON, USE_MPI=OFF, USE_NCCL=ON, USE_NNPACK=ON, USE_OPENMP=ON, USE_STATIC_DISPATCH=OFF, 

TorchVision: 0.4.2+cu100
OpenCV: 4.4.0
MMCV: 1.0.5
MMDetection: 2.3.0+788fa8d
MMDetection Compiler: GCC 7.3
MMDetection CUDA Compiler: 10.0
------------------------------------------------------------

2020-11-21 04:13:40,087 - mmdet - INFO - Distributed training: False
2020-11-21 04:13:40,482 - mmdet - INFO - Config:
model = dict(
    type='FasterRCNN',
    pretrained='torchvision://resnet50',
    backbone=dict(
        type='ResNet',
        depth=50,
        num_stages=4,
        out_indices=(0, 1, 2, 3),
        frozen_stages=1,
        norm_cfg=dict(type='BN', requires_grad=True),
        norm_eval=True,
        style='pytorch'),
    neck=dict(
        type='FPN',
        in_channels=[256, 512, 1024, 2048],
        out_channels=256,
        num_outs=5),
    rpn_head=dict(
        type='RPNHead',
        in_channels=256,
        feat_channels=256,
        anchor_generator=dict(
            type='AnchorGenerator',
            scales=[8],
            ratios=[0.5, 1.0, 2.0],
            strides=[4, 8, 16, 32, 64]),
        bbox_coder=dict(
            type='DeltaXYWHBBoxCoder',
            target_means=[0.0, 0.0, 0.0, 0.0],
            target_stds=[1.0, 1.0, 1.0, 1.0]),
        loss_cls=dict(
            type='CrossEntropyLoss', use_sigmoid=True, loss_weight=1.0),
        loss_bbox=dict(type='L1Loss', loss_weight=1.0)),
    roi_head=dict(
        type='StandardRoIHead',
        bbox_roi_extractor=dict(
            type='SingleRoIExtractor',
            roi_layer=dict(type='RoIAlign', output_size=7, sampling_ratio=0),
            out_channels=256,
            featmap_strides=[4, 8, 16, 32]),
        bbox_head=dict(
            type='Shared2FCBBoxHead',
            in_channels=256,
            fc_out_channels=1024,
            roi_feat_size=7,
            num_classes=2,
            bbox_coder=dict(
                type='DeltaXYWHBBoxCoder',
                target_means=[0.0, 0.0, 0.0, 0.0],
                target_stds=[0.1, 0.1, 0.2, 0.2]),
            reg_class_agnostic=False,
            loss_cls=dict(
                type='CrossEntropyLoss', use_sigmoid=False, loss_weight=1.0),
            loss_bbox=dict(type='L1Loss', loss_weight=1.0))))
train_cfg = dict(
    rpn=dict(
        assigner=dict(
            type='MaxIoUAssigner',
            pos_iou_thr=0.7,
            neg_iou_thr=0.3,
            min_pos_iou=0.3,
            match_low_quality=True,
            ignore_iof_thr=-1),
        sampler=dict(
            type='RandomSampler',
            num=256,
            pos_fraction=0.5,
            neg_pos_ub=-1,
            add_gt_as_proposals=False),
        allowed_border=-1,
        pos_weight=-1,
        debug=False),
    rpn_proposal=dict(
        nms_across_levels=False,
        nms_pre=2000,
        nms_post=1000,
        max_num=1000,
        nms_thr=0.7,
        min_bbox_size=0),
    rcnn=dict(
        assigner=dict(
            type='MaxIoUAssigner',
            pos_iou_thr=0.5,
            neg_iou_thr=0.5,
            min_pos_iou=0.5,
            match_low_quality=False,
            ignore_iof_thr=-1),
        sampler=dict(
            type='RandomSampler',
            num=512,
            pos_fraction=0.25,
            neg_pos_ub=-1,
            add_gt_as_proposals=True),
        pos_weight=-1,
        debug=False))
test_cfg = dict(
    rpn=dict(
        nms_across_levels=False,
        nms_pre=1000,
        nms_post=1000,
        max_num=1000,
        nms_thr=0.7,
        min_bbox_size=0),
    rcnn=dict(
        score_thr=0.05,
        nms=dict(type='nms', iou_threshold=0.5),
        max_per_img=100))
dataset_type = 'CocoDataset'
data_root = 'data/coco/'
img_norm_cfg = dict(
    mean=[123.675, 116.28, 103.53], std=[58.395, 57.12, 57.375], to_rgb=True)
train_pipeline = [
    dict(type='LoadImageFromFile'),
    dict(type='LoadAnnotations', with_bbox=True),
    dict(type='Resize', img_scale=(1550, 1550), keep_ratio=True),
    dict(type='RandomFlip', flip_ratio=0.5),
    dict(
        type='Normalize',
        mean=[123.675, 116.28, 103.53],
        std=[58.395, 57.12, 57.375],
        to_rgb=True),
    dict(type='Pad', size_divisor=32),
    dict(type='DefaultFormatBundle'),
    dict(type='Collect', keys=['img', 'gt_bboxes', 'gt_labels'])
]
test_pipeline = [
    dict(type='LoadImageFromFile'),
    dict(
        type='MultiScaleFlipAug',
        img_scale=(1550, 1550),
        flip=False,
        transforms=[
            dict(type='Resize', keep_ratio=True),
            dict(type='RandomFlip'),
            dict(
                type='Normalize',
                mean=[123.675, 116.28, 103.53],
                std=[58.395, 57.12, 57.375],
                to_rgb=True),
            dict(type='Pad', size_divisor=32),
            dict(type='ImageToTensor', keys=['img']),
            dict(type='Collect', keys=['img'])
        ])
]
data = dict(
    samples_per_gpu=2,
    workers_per_gpu=2,
    train=dict(
        type='CocoDataset',
        ann_file='data/coco/annotations/annotations_trai.json',
        img_prefix='data/coco/img/',
        pipeline=[
            dict(type='LoadImageFromFile'),
            dict(type='LoadAnnotations', with_bbox=True),
            dict(type='Resize', img_scale=(1550, 1550), keep_ratio=True),
            dict(type='RandomFlip', flip_ratio=0.5),
            dict(
                type='Normalize',
                mean=[123.675, 116.28, 103.53],
                std=[58.395, 57.12, 57.375],
                to_rgb=True),
            dict(type='Pad', size_divisor=32),
            dict(type='DefaultFormatBundle'),
            dict(type='Collect', keys=['img', 'gt_bboxes', 'gt_labels'])
        ]),
    val=dict(
        type='CocoDataset',
        ann_file='data/coco/annotations/annotations_test.json',
        img_prefix='data/coco/img/',
        pipeline=[
            dict(type='LoadImageFromFile'),
            dict(
                type='MultiScaleFlipAug',
                img_scale=(1550, 1550),
                flip=False,
                transforms=[
                    dict(type='Resize', keep_ratio=True),
                    dict(type='RandomFlip'),
                    dict(
                        type='Normalize',
                        mean=[123.675, 116.28, 103.53],
                        std=[58.395, 57.12, 57.375],
                        to_rgb=True),
                    dict(type='Pad', size_divisor=32),
                    dict(type='ImageToTensor', keys=['img']),
                    dict(type='Collect', keys=['img'])
                ])
        ]),
    test=dict(
        type='CocoDataset',
        ann_file='data/coco/annotations/annotations_vals.json',
        img_prefix='data/coco/img/',
        pipeline=[
            dict(type='LoadImageFromFile'),
            dict(
                type='MultiScaleFlipAug',
                img_scale=(1550, 1550),
                flip=False,
                transforms=[
                    dict(type='Resize', keep_ratio=True),
                    dict(type='RandomFlip'),
                    dict(
                        type='Normalize',
                        mean=[123.675, 116.28, 103.53],
                        std=[58.395, 57.12, 57.375],
                        to_rgb=True),
                    dict(type='Pad', size_divisor=32),
                    dict(type='ImageToTensor', keys=['img']),
                    dict(type='Collect', keys=['img'])
                ])
        ]))
evaluation = dict(interval=1, metric='bbox')
optimizer = dict(type='SGD', lr=0.01, momentum=0.9, weight_decay=0.0001)
optimizer_config = dict(grad_clip=None)
lr_config = dict(
    policy='step',
    warmup='linear',
    warmup_iters=500,
    warmup_ratio=0.001,
    step=[8, 11])
total_epochs = 4
checkpoint_config = dict(interval=4)
log_config = dict(interval=100, hooks=[dict(type='TextLoggerHook')])
dist_params = dict(backend='nccl')
log_level = 'INFO'
load_from = '/home/admin/.cache/torch/checkpoints/X.pth'
resume_from = None
workflow = [('train', 2), ('val', 1)]
work_dir = '/home/admin/jupyter/SecurityAI_Round5/data/work'
gpu_ids = range(0, 1)

2020-11-21 04:13:40,987 - mmdet - INFO - load model from: torchvision://resnet50
2020-11-21 04:13:48,872 - mmdet - WARNING - The model and loaded state dict do not match exactly

unexpected key in source state_dict: fc.weight, fc.bias

2020-11-21 04:13:59,203 - mmdet - INFO - load checkpoint from /home/admin/.cache/torch/checkpoints/X.pth
2020-11-21 04:14:05,904 - mmdet - INFO - Start running, host: admin@fuxilabor_labor0_S4_Odps_S96_dsw_prepaid_cnsh_838_2020112019152, work_dir: /home/admin/jupyter/SecurityAI_Round5/data/work
2020-11-21 04:14:05,904 - mmdet - INFO - workflow: [('train', 2), ('val', 1)], max: 4 epochs
2020-11-21 04:15:23,489 - mmdet - INFO - Epoch [1][100/638]	lr: 1.988e-03, eta: 0:31:37, time: 0.774, data_time: 0.033, memory: 11883, loss_rpn_cls: 0.0034, loss_rpn_bbox: 0.0316, loss_cls: 0.0350, acc: 98.5527, loss_bbox: 0.0792, loss: 0.1494
2020-11-21 04:16:38,301 - mmdet - INFO - Epoch [1][200/638]	lr: 3.986e-03, eta: 0:29:49, time: 0.748, data_time: 0.012, memory: 11883, loss_rpn_cls: 0.0027, loss_rpn_bbox: 0.0299, loss_cls: 0.0387, acc: 98.3809, loss_bbox: 0.0856, loss: 0.1569
2020-11-21 04:17:53,211 - mmdet - INFO - Epoch [1][300/638]	lr: 5.984e-03, eta: 0:28:24, time: 0.749, data_time: 0.012, memory: 11883, loss_rpn_cls: 0.0028, loss_rpn_bbox: 0.0298, loss_cls: 0.0356, acc: 98.4775, loss_bbox: 0.0765, loss: 0.1447
2020-11-21 04:19:07,866 - mmdet - INFO - Epoch [1][400/638]	lr: 7.982e-03, eta: 0:27:03, time: 0.747, data_time: 0.012, memory: 11883, loss_rpn_cls: 0.0021, loss_rpn_bbox: 0.0296, loss_cls: 0.0319, acc: 98.6875, loss_bbox: 0.0732, loss: 0.1368
2020-11-21 04:20:22,578 - mmdet - INFO - Epoch [1][500/638]	lr: 9.980e-03, eta: 0:25:45, time: 0.747, data_time: 0.012, memory: 11883, loss_rpn_cls: 0.0025, loss_rpn_bbox: 0.0360, loss_cls: 0.0368, acc: 98.4824, loss_bbox: 0.0883, loss: 0.1635
2020-11-21 04:21:37,572 - mmdet - INFO - Epoch [1][600/638]	lr: 1.000e-02, eta: 0:24:28, time: 0.750, data_time: 0.012, memory: 11883, loss_rpn_cls: 0.0035, loss_rpn_bbox: 0.0349, loss_cls: 0.0366, acc: 98.4912, loss_bbox: 0.0823, loss: 0.1573
2020-11-21 04:22:29,057 - mmdet - INFO - Evaluating bbox...
2020-11-21 04:22:30,889 - mmdet - INFO - Epoch [1][638/638]	lr: 1.000e-02, bbox_mAP: 0.8190, bbox_mAP_50: 0.8890, bbox_mAP_75: 0.8780, bbox_mAP_s: 0.5910, bbox_mAP_m: 0.8460, bbox_mAP_l: 0.8780, bbox_mAP_copypaste: 0.819 0.889 0.878 0.591 0.846 0.878
2020-11-21 04:23:48,400 - mmdet - INFO - Epoch [2][100/638]	lr: 1.000e-02, eta: 0:21:39, time: 0.770, data_time: 0.033, memory: 11883, loss_rpn_cls: 0.0034, loss_rpn_bbox: 0.0386, loss_cls: 0.0417, acc: 98.2178, loss_bbox: 0.0915, loss: 0.1751
2020-11-21 04:25:03,093 - mmdet - INFO - Epoch [2][200/638]	lr: 1.000e-02, eta: 0:20:33, time: 0.747, data_time: 0.012, memory: 11883, loss_rpn_cls: 0.0040, loss_rpn_bbox: 0.0375, loss_cls: 0.0373, acc: 98.4014, loss_bbox: 0.0848, loss: 0.1636
2020-11-21 04:26:17,972 - mmdet - INFO - Epoch [2][300/638]	lr: 1.000e-02, eta: 0:19:26, time: 0.749, data_time: 0.012, memory: 11883, loss_rpn_cls: 0.0035, loss_rpn_bbox: 0.0369, loss_cls: 0.0390, acc: 98.3223, loss_bbox: 0.0884, loss: 0.1678
2020-11-21 04:27:32,717 - mmdet - INFO - Epoch [2][400/638]	lr: 1.000e-02, eta: 0:18:18, time: 0.747, data_time: 0.012, memory: 11883, loss_rpn_cls: 0.0033, loss_rpn_bbox: 0.0340, loss_cls: 0.0366, acc: 98.4980, loss_bbox: 0.0834, loss: 0.1572
2020-11-21 04:28:47,709 - mmdet - INFO - Epoch [2][500/638]	lr: 1.000e-02, eta: 0:17:08, time: 0.750, data_time: 0.012, memory: 11883, loss_rpn_cls: 0.0032, loss_rpn_bbox: 0.0367, loss_cls: 0.0436, acc: 98.1924, loss_bbox: 0.0965, loss: 0.1801
2020-11-21 04:30:02,344 - mmdet - INFO - Epoch [2][600/638]	lr: 1.000e-02, eta: 0:15:57, time: 0.746, data_time: 0.012, memory: 11883, loss_rpn_cls: 0.0029, loss_rpn_bbox: 0.0344, loss_cls: 0.0385, acc: 98.3555, loss_bbox: 0.0854, loss: 0.1611
2020-11-21 04:30:54,428 - mmdet - INFO - Evaluating bbox...
2020-11-21 04:30:56,174 - mmdet - INFO - Epoch [2][638/638]	lr: 1.000e-02, bbox_mAP: 0.8220, bbox_mAP_50: 0.8890, bbox_mAP_75: 0.8790, bbox_mAP_s: 0.5920, bbox_mAP_m: 0.8570, bbox_mAP_l: 0.8860, bbox_mAP_copypaste: 0.822 0.889 0.879 0.592 0.857 0.886
2020-11-21 04:31:25,235 - mmdet - INFO - Epoch(train) [2][72]	loss_rpn_cls: 0.0033, loss_rpn_bbox: 0.0371, loss_cls: 0.0398, acc: 98.3738, loss_bbox: 0.0830, loss: 0.1633
2020-11-21 04:32:42,500 - mmdet - INFO - Epoch [3][100/638]	lr: 1.000e-02, eta: 0:13:57, time: 0.771, data_time: 0.033, memory: 11883, loss_rpn_cls: 0.0032, loss_rpn_bbox: 0.0378, loss_cls: 0.0414, acc: 98.1787, loss_bbox: 0.0945, loss: 0.1770
2020-11-21 04:33:57,392 - mmdet - INFO - Epoch [3][200/638]	lr: 1.000e-02, eta: 0:12:48, time: 0.749, data_time: 0.012, memory: 11883, loss_rpn_cls: 0.0040, loss_rpn_bbox: 0.0365, loss_cls: 0.0428, acc: 98.2002, loss_bbox: 0.0929, loss: 0.1762
2020-11-21 04:35:11,926 - mmdet - INFO - Epoch [3][300/638]	lr: 1.000e-02, eta: 0:11:39, time: 0.745, data_time: 0.012, memory: 11883, loss_rpn_cls: 0.0028, loss_rpn_bbox: 0.0340, loss_cls: 0.0373, acc: 98.5518, loss_bbox: 0.0789, loss: 0.1530
2020-11-21 04:36:26,500 - mmdet - INFO - Epoch [3][400/638]	lr: 1.000e-02, eta: 0:10:29, time: 0.746, data_time: 0.012, memory: 11883, loss_rpn_cls: 0.0052, loss_rpn_bbox: 0.0391, loss_cls: 0.0403, acc: 98.3242, loss_bbox: 0.0895, loss: 0.1741
2020-11-21 04:37:41,048 - mmdet - INFO - Epoch [3][500/638]	lr: 1.000e-02, eta: 0:09:18, time: 0.745, data_time: 0.012, memory: 11883, loss_rpn_cls: 0.0098, loss_rpn_bbox: 0.0412, loss_cls: 0.0600, acc: 97.6797, loss_bbox: 0.1099, loss: 0.2210
2020-11-21 04:38:56,204 - mmdet - INFO - Epoch [3][600/638]	lr: 1.000e-02, eta: 0:08:07, time: 0.752, data_time: 0.012, memory: 11909, loss_rpn_cls: 0.0083, loss_rpn_bbox: 0.0425, loss_cls: 0.0507, acc: 97.8926, loss_bbox: 0.1031, loss: 0.2045
2020-11-21 04:39:47,423 - mmdet - INFO - Evaluating bbox...
2020-11-21 04:39:49,471 - mmdet - INFO - Epoch [3][638/638]	lr: 1.000e-02, bbox_mAP: 0.7820, bbox_mAP_50: 0.8720, bbox_mAP_75: 0.8420, bbox_mAP_s: 0.5010, bbox_mAP_m: 0.7960, bbox_mAP_l: 0.8550, bbox_mAP_copypaste: 0.782 0.872 0.842 0.501 0.796 0.855
2020-11-21 04:41:06,507 - mmdet - INFO - Epoch [4][100/638]	lr: 1.000e-02, eta: 0:06:21, time: 0.768, data_time: 0.033, memory: 11909, loss_rpn_cls: 0.0073, loss_rpn_bbox: 0.0412, loss_cls: 0.0486, acc: 97.9502, loss_bbox: 0.0975, loss: 0.1946
2020-11-21 04:42:21,246 - mmdet - INFO - Epoch [4][200/638]	lr: 1.000e-02, eta: 0:05:11, time: 0.747, data_time: 0.012, memory: 11909, loss_rpn_cls: 0.0080, loss_rpn_bbox: 0.0432, loss_cls: 0.0549, acc: 97.7305, loss_bbox: 0.1005, loss: 0.2066
2020-11-21 04:43:35,624 - mmdet - INFO - Epoch [4][300/638]	lr: 1.000e-02, eta: 0:04:01, time: 0.744, data_time: 0.012, memory: 11909, loss_rpn_cls: 0.0156, loss_rpn_bbox: 0.0416, loss_cls: 0.0627, acc: 97.6777, loss_bbox: 0.1055, loss: 0.2255
2020-11-21 04:44:49,928 - mmdet - INFO - Epoch [4][400/638]	lr: 1.000e-02, eta: 0:02:50, time: 0.743, data_time: 0.012, memory: 11909, loss_rpn_cls: 0.0264, loss_rpn_bbox: 0.0495, loss_cls: 0.0951, acc: 96.5986, loss_bbox: 0.1122, loss: 0.2832
2020-11-21 04:46:04,566 - mmdet - INFO - Epoch [4][500/638]	lr: 1.000e-02, eta: 0:01:38, time: 0.746, data_time: 0.013, memory: 11909, loss_rpn_cls: 0.0128, loss_rpn_bbox: 0.0478, loss_cls: 0.0660, acc: 97.4873, loss_bbox: 0.1200, loss: 0.2467
2020-11-21 04:47:18,975 - mmdet - INFO - Epoch [4][600/638]	lr: 1.000e-02, eta: 0:00:27, time: 0.744, data_time: 0.012, memory: 11909, loss_rpn_cls: 0.0100, loss_rpn_bbox: 0.0442, loss_cls: 0.0556, acc: 97.8105, loss_bbox: 0.1019, loss: 0.2117
2020-11-21 04:47:47,161 - mmdet - INFO - Saving checkpoint at 4 epochs
2020-11-21 04:48:12,751 - mmdet - INFO - Evaluating bbox...
2020-11-21 04:48:15,161 - mmdet - INFO - Epoch [4][638/638]	lr: 1.000e-02, bbox_mAP: 0.7400, bbox_mAP_50: 0.8300, bbox_mAP_75: 0.8040, bbox_mAP_s: 0.4380, bbox_mAP_m: 0.7390, bbox_mAP_l: 0.8130, bbox_mAP_copypaste: 0.740 0.830 0.804 0.438 0.739 0.813
2020-11-21 04:48:44,209 - mmdet - INFO - Epoch(train) [4][72]	loss_rpn_cls: 0.0159, loss_rpn_bbox: 0.0515, loss_cls: 0.0706, acc: 97.4243, loss_bbox: 0.1114, loss: 0.2494
