2020-11-23 19:56:12,699 - mmdet - INFO - Environment info:
------------------------------------------------------------
sys.platform: linux
Python: 3.6.4 |Anaconda, Inc.| (default, Jan 16 2018, 18:10:19) [GCC 7.2.0]
CUDA available: True
CUDA_HOME: /usr/local/cuda
NVCC: Cuda compilation tools, release 10.0, V10.0.130
GPU 0: Tesla P100-PCIE-16GB
GCC: gcc (GCC) 5.3.0
PyTorch: 1.3.1+cu100
PyTorch compiling details: PyTorch built with:
  - GCC 7.3
  - Intel(R) Math Kernel Library Version 2019.0.4 Product Build 20190411 for Intel(R) 64 architecture applications
  - Intel(R) MKL-DNN v0.20.5 (Git Hash 0125f28c61c1f822fd48570b4c1066f96fcb9b2e)
  - OpenMP 201511 (a.k.a. OpenMP 4.5)
  - NNPACK is enabled
  - CUDA Runtime 10.0
  - NVCC architecture flags: -gencode;arch=compute_37,code=sm_37;-gencode;arch=compute_50,code=sm_50;-gencode;arch=compute_60,code=sm_60;-gencode;arch=compute_61,code=sm_61;-gencode;arch=compute_70,code=sm_70;-gencode;arch=compute_75,code=sm_75;-gencode;arch=compute_37,code=compute_37
  - CuDNN 7.6.3
  - Magma 2.5.1
  - Build settings: BLAS=MKL, BUILD_NAMEDTENSOR=OFF, BUILD_TYPE=Release, CXX_FLAGS= -Wno-deprecated -fvisibility-inlines-hidden -fopenmp -DUSE_FBGEMM -DUSE_QNNPACK -DUSE_PYTORCH_QNNPACK -O2 -fPIC -Wno-narrowing -Wall -Wextra -Wno-missing-field-initializers -Wno-type-limits -Wno-array-bounds -Wno-unknown-pragmas -Wno-sign-compare -Wno-unused-parameter -Wno-unused-variable -Wno-unused-function -Wno-unused-result -Wno-strict-overflow -Wno-strict-aliasing -Wno-error=deprecated-declarations -Wno-stringop-overflow -Wno-error=pedantic -Wno-error=redundant-decls -Wno-error=old-style-cast -fdiagnostics-color=always -faligned-new -Wno-unused-but-set-variable -Wno-maybe-uninitialized -fno-math-errno -fno-trapping-math -Wno-stringop-overflow, DISABLE_NUMA=1, PERF_WITH_AVX=1, PERF_WITH_AVX2=1, PERF_WITH_AVX512=1, USE_CUDA=True, USE_EXCEPTION_PTR=1, USE_GFLAGS=OFF, USE_GLOG=OFF, USE_MKL=ON, USE_MKLDNN=ON, USE_MPI=OFF, USE_NCCL=ON, USE_NNPACK=ON, USE_OPENMP=ON, USE_STATIC_DISPATCH=OFF, 

TorchVision: 0.4.2+cu100
OpenCV: 4.4.0
MMCV: 1.0.5
MMDetection: 2.3.0+788fa8d
MMDetection Compiler: GCC 7.3
MMDetection CUDA Compiler: 10.0
------------------------------------------------------------

2020-11-23 19:56:12,700 - mmdet - INFO - Distributed training: False
2020-11-23 19:56:13,091 - mmdet - INFO - Config:
model = dict(
    type='FasterRCNN',
    pretrained='torchvision://resnet50',
    backbone=dict(
        type='ResNet',
        depth=50,
        num_stages=4,
        out_indices=(0, 1, 2, 3),
        frozen_stages=1,
        norm_cfg=dict(type='BN', requires_grad=True),
        norm_eval=True,
        style='pytorch'),
    neck=dict(
        type='FPN',
        in_channels=[256, 512, 1024, 2048],
        out_channels=256,
        num_outs=5),
    rpn_head=dict(
        type='RPNHead',
        in_channels=256,
        feat_channels=256,
        anchor_generator=dict(
            type='AnchorGenerator',
            scales=[8],
            ratios=[0.5, 1.0, 2.0],
            strides=[4, 8, 16, 32, 64]),
        bbox_coder=dict(
            type='DeltaXYWHBBoxCoder',
            target_means=[0.0, 0.0, 0.0, 0.0],
            target_stds=[1.0, 1.0, 1.0, 1.0]),
        loss_cls=dict(
            type='CrossEntropyLoss', use_sigmoid=True, loss_weight=1.0),
        loss_bbox=dict(type='L1Loss', loss_weight=1.0)),
    roi_head=dict(
        type='StandardRoIHead',
        bbox_roi_extractor=dict(
            type='SingleRoIExtractor',
            roi_layer=dict(type='RoIAlign', output_size=7, sampling_ratio=0),
            out_channels=256,
            featmap_strides=[4, 8, 16, 32]),
        bbox_head=dict(
            type='Shared2FCBBoxHead',
            in_channels=256,
            fc_out_channels=1024,
            roi_feat_size=7,
            num_classes=2,
            bbox_coder=dict(
                type='DeltaXYWHBBoxCoder',
                target_means=[0.0, 0.0, 0.0, 0.0],
                target_stds=[0.1, 0.1, 0.2, 0.2]),
            reg_class_agnostic=False,
            loss_cls=dict(
                type='CrossEntropyLoss', use_sigmoid=False, loss_weight=1.0),
            loss_bbox=dict(type='L1Loss', loss_weight=1.0))))
train_cfg = dict(
    rpn=dict(
        assigner=dict(
            type='MaxIoUAssigner',
            pos_iou_thr=0.7,
            neg_iou_thr=0.3,
            min_pos_iou=0.3,
            match_low_quality=True,
            ignore_iof_thr=-1),
        sampler=dict(
            type='RandomSampler',
            num=256,
            pos_fraction=0.5,
            neg_pos_ub=-1,
            add_gt_as_proposals=False),
        allowed_border=-1,
        pos_weight=-1,
        debug=False),
    rpn_proposal=dict(
        nms_across_levels=False,
        nms_pre=2000,
        nms_post=1000,
        max_num=1000,
        nms_thr=0.7,
        min_bbox_size=0),
    rcnn=dict(
        assigner=dict(
            type='MaxIoUAssigner',
            pos_iou_thr=0.5,
            neg_iou_thr=0.5,
            min_pos_iou=0.5,
            match_low_quality=False,
            ignore_iof_thr=-1),
        sampler=dict(
            type='RandomSampler',
            num=512,
            pos_fraction=0.25,
            neg_pos_ub=-1,
            add_gt_as_proposals=True),
        pos_weight=-1,
        debug=False))
test_cfg = dict(
    rpn=dict(
        nms_across_levels=False,
        nms_pre=1000,
        nms_post=1000,
        max_num=1000,
        nms_thr=0.7,
        min_bbox_size=0),
    rcnn=dict(
        score_thr=0.05,
        nms=dict(type='nms', iou_threshold=0.5),
        max_per_img=100))
dataset_type = 'CocoDataset'
data_root = 'data/coco/'
img_norm_cfg = dict(
    mean=[123.675, 116.28, 103.53], std=[58.395, 57.12, 57.375], to_rgb=True)
train_pipeline = [
    dict(type='LoadImageFromFile'),
    dict(type='LoadAnnotations', with_bbox=True),
    dict(type='Resize', img_scale=(1550, 1550), keep_ratio=True),
    dict(type='RandomFlip', flip_ratio=0.5),
    dict(
        type='Normalize',
        mean=[123.675, 116.28, 103.53],
        std=[58.395, 57.12, 57.375],
        to_rgb=True),
    dict(type='Pad', size_divisor=32),
    dict(type='DefaultFormatBundle'),
    dict(type='Collect', keys=['img', 'gt_bboxes', 'gt_labels'])
]
test_pipeline = [
    dict(type='LoadImageFromFile'),
    dict(
        type='MultiScaleFlipAug',
        img_scale=(1550, 1550),
        flip=False,
        transforms=[
            dict(type='Resize', keep_ratio=True),
            dict(type='RandomFlip'),
            dict(
                type='Normalize',
                mean=[123.675, 116.28, 103.53],
                std=[58.395, 57.12, 57.375],
                to_rgb=True),
            dict(type='Pad', size_divisor=32),
            dict(type='ImageToTensor', keys=['img']),
            dict(type='Collect', keys=['img'])
        ])
]
data = dict(
    samples_per_gpu=2,
    workers_per_gpu=2,
    train=dict(
        type='CocoDataset',
        ann_file='data/coco/annotations/annotations_trai.json',
        img_prefix='data/coco/img/',
        pipeline=[
            dict(type='LoadImageFromFile'),
            dict(type='LoadAnnotations', with_bbox=True),
            dict(type='Resize', img_scale=(1550, 1550), keep_ratio=True),
            dict(type='RandomFlip', flip_ratio=0.5),
            dict(
                type='Normalize',
                mean=[123.675, 116.28, 103.53],
                std=[58.395, 57.12, 57.375],
                to_rgb=True),
            dict(type='Pad', size_divisor=32),
            dict(type='DefaultFormatBundle'),
            dict(type='Collect', keys=['img', 'gt_bboxes', 'gt_labels'])
        ]),
    val=dict(
        type='CocoDataset',
        ann_file='data/coco/annotations/annotations_test.json',
        img_prefix='data/coco/img/',
        pipeline=[
            dict(type='LoadImageFromFile'),
            dict(
                type='MultiScaleFlipAug',
                img_scale=(1550, 1550),
                flip=False,
                transforms=[
                    dict(type='Resize', keep_ratio=True),
                    dict(type='RandomFlip'),
                    dict(
                        type='Normalize',
                        mean=[123.675, 116.28, 103.53],
                        std=[58.395, 57.12, 57.375],
                        to_rgb=True),
                    dict(type='Pad', size_divisor=32),
                    dict(type='ImageToTensor', keys=['img']),
                    dict(type='Collect', keys=['img'])
                ])
        ]),
    test=dict(
        type='CocoDataset',
        ann_file='data/coco/annotations/annotations_vals.json',
        img_prefix='data/coco/img/',
        pipeline=[
            dict(type='LoadImageFromFile'),
            dict(
                type='MultiScaleFlipAug',
                img_scale=(1550, 1550),
                flip=False,
                transforms=[
                    dict(type='Resize', keep_ratio=True),
                    dict(type='RandomFlip'),
                    dict(
                        type='Normalize',
                        mean=[123.675, 116.28, 103.53],
                        std=[58.395, 57.12, 57.375],
                        to_rgb=True),
                    dict(type='Pad', size_divisor=32),
                    dict(type='ImageToTensor', keys=['img']),
                    dict(type='Collect', keys=['img'])
                ])
        ]))
evaluation = dict(interval=1, metric='bbox')
optimizer = dict(type='SGD', lr=0.01, momentum=0.9, weight_decay=0.0001)
optimizer_config = dict(grad_clip=None)
lr_config = dict(
    policy='step',
    warmup='linear',
    warmup_iters=500,
    warmup_ratio=0.001,
    step=[8, 11])
total_epochs = 4
checkpoint_config = dict(interval=4)
log_config = dict(interval=100, hooks=[dict(type='TextLoggerHook')])
dist_params = dict(backend='nccl')
log_level = 'INFO'
load_from = '/home/admin/.cache/torch/checkpoints/X.pth'
resume_from = None
workflow = [('train', 2), ('val', 1)]
work_dir = '/home/admin/jupyter/SecurityAI_Round5/data/work'
gpu_ids = range(0, 1)

2020-11-23 19:56:13,588 - mmdet - INFO - load model from: torchvision://resnet50
2020-11-23 19:56:21,406 - mmdet - WARNING - The model and loaded state dict do not match exactly

unexpected key in source state_dict: fc.weight, fc.bias

2020-11-23 19:56:31,564 - mmdet - INFO - load checkpoint from /home/admin/.cache/torch/checkpoints/X.pth
2020-11-23 19:56:38,085 - mmdet - INFO - Start running, host: admin@fuxilabor_labor0_S4_Odps_S96_dsw_prepaid_cnsh_838_2020112310060, work_dir: /home/admin/jupyter/SecurityAI_Round5/data/work
2020-11-23 19:56:38,085 - mmdet - INFO - workflow: [('train', 2), ('val', 1)], max: 4 epochs
2020-11-23 19:57:55,464 - mmdet - INFO - Epoch [1][100/633]	lr: 1.988e-03, eta: 0:31:17, time: 0.772, data_time: 0.033, memory: 8263, loss_rpn_cls: 0.0017, loss_rpn_bbox: 0.0239, loss_cls: 0.0236, acc: 99.0225, loss_bbox: 0.0583, loss: 0.1075
2020-11-23 19:59:10,334 - mmdet - INFO - Epoch [1][200/633]	lr: 3.986e-03, eta: 0:29:32, time: 0.749, data_time: 0.012, memory: 9502, loss_rpn_cls: 0.0019, loss_rpn_bbox: 0.0229, loss_cls: 0.0250, acc: 99.0176, loss_bbox: 0.0631, loss: 0.1129
2020-11-23 20:00:25,575 - mmdet - INFO - Epoch [1][300/633]	lr: 5.984e-03, eta: 0:28:11, time: 0.752, data_time: 0.012, memory: 11911, loss_rpn_cls: 0.0031, loss_rpn_bbox: 0.0265, loss_cls: 0.0357, acc: 98.5107, loss_bbox: 0.0704, loss: 0.1357
2020-11-23 20:01:40,211 - mmdet - INFO - Epoch [1][400/633]	lr: 7.982e-03, eta: 0:26:49, time: 0.746, data_time: 0.011, memory: 11911, loss_rpn_cls: 0.0028, loss_rpn_bbox: 0.0280, loss_cls: 0.0311, acc: 98.7422, loss_bbox: 0.0674, loss: 0.1293
2020-11-23 20:02:54,941 - mmdet - INFO - Epoch [1][500/633]	lr: 9.980e-03, eta: 0:25:30, time: 0.747, data_time: 0.012, memory: 11911, loss_rpn_cls: 0.0041, loss_rpn_bbox: 0.0278, loss_cls: 0.0310, acc: 98.6689, loss_bbox: 0.0694, loss: 0.1324
2020-11-23 20:04:09,632 - mmdet - INFO - Epoch [1][600/633]	lr: 1.000e-02, eta: 0:24:13, time: 0.747, data_time: 0.012, memory: 11911, loss_rpn_cls: 0.0020, loss_rpn_bbox: 0.0275, loss_cls: 0.0286, acc: 98.8252, loss_bbox: 0.0687, loss: 0.1268
2020-11-23 20:04:57,105 - mmdet - INFO - Evaluating bbox...
2020-11-23 20:04:58,456 - mmdet - INFO - Epoch [1][633/633]	lr: 1.000e-02, bbox_mAP: 0.8660, bbox_mAP_50: 0.9160, bbox_mAP_75: 0.9160, bbox_mAP_s: 0.6980, bbox_mAP_m: 0.9140, bbox_mAP_l: 0.9160, bbox_mAP_copypaste: 0.866 0.916 0.916 0.698 0.914 0.916
2020-11-23 20:06:15,890 - mmdet - INFO - Epoch [2][100/633]	lr: 1.000e-02, eta: 0:21:37, time: 0.772, data_time: 0.034, memory: 11911, loss_rpn_cls: 0.0020, loss_rpn_bbox: 0.0289, loss_cls: 0.0285, acc: 98.8184, loss_bbox: 0.0695, loss: 0.1289
2020-11-23 20:07:30,723 - mmdet - INFO - Epoch [2][200/633]	lr: 1.000e-02, eta: 0:20:30, time: 0.748, data_time: 0.012, memory: 11911, loss_rpn_cls: 0.0031, loss_rpn_bbox: 0.0297, loss_cls: 0.0330, acc: 98.5850, loss_bbox: 0.0757, loss: 0.1415
2020-11-23 20:08:45,566 - mmdet - INFO - Epoch [2][300/633]	lr: 1.000e-02, eta: 0:19:22, time: 0.748, data_time: 0.012, memory: 11911, loss_rpn_cls: 0.0027, loss_rpn_bbox: 0.0297, loss_cls: 0.0308, acc: 98.7031, loss_bbox: 0.0671, loss: 0.1303
2020-11-23 20:10:00,296 - mmdet - INFO - Epoch [2][400/633]	lr: 1.000e-02, eta: 0:18:12, time: 0.747, data_time: 0.012, memory: 11911, loss_rpn_cls: 0.0025, loss_rpn_bbox: 0.0290, loss_cls: 0.0279, acc: 98.7959, loss_bbox: 0.0700, loss: 0.1294
2020-11-23 20:11:15,271 - mmdet - INFO - Epoch [2][500/633]	lr: 1.000e-02, eta: 0:17:02, time: 0.750, data_time: 0.012, memory: 11911, loss_rpn_cls: 0.0023, loss_rpn_bbox: 0.0330, loss_cls: 0.0285, acc: 98.8408, loss_bbox: 0.0716, loss: 0.1353
2020-11-23 20:12:30,335 - mmdet - INFO - Epoch [2][600/633]	lr: 1.000e-02, eta: 0:15:51, time: 0.751, data_time: 0.012, memory: 11911, loss_rpn_cls: 0.0037, loss_rpn_bbox: 0.0328, loss_cls: 0.0364, acc: 98.3848, loss_bbox: 0.0747, loss: 0.1476
2020-11-23 20:13:17,723 - mmdet - INFO - Evaluating bbox...
2020-11-23 20:13:19,080 - mmdet - INFO - Epoch [2][633/633]	lr: 1.000e-02, bbox_mAP: 0.8650, bbox_mAP_50: 0.9210, bbox_mAP_75: 0.9200, bbox_mAP_s: 0.6830, bbox_mAP_m: 0.8990, bbox_mAP_l: 0.9120, bbox_mAP_copypaste: 0.865 0.921 0.920 0.683 0.899 0.912
2020-11-23 20:13:47,912 - mmdet - INFO - Epoch(train) [2][71]	loss_rpn_cls: 0.0020, loss_rpn_bbox: 0.0278, loss_cls: 0.0283, acc: 98.8639, loss_bbox: 0.0730, loss: 0.1312
2020-11-23 20:15:05,096 - mmdet - INFO - Epoch [3][100/633]	lr: 1.000e-02, eta: 0:13:56, time: 0.770, data_time: 0.033, memory: 11911, loss_rpn_cls: 0.0024, loss_rpn_bbox: 0.0283, loss_cls: 0.0270, acc: 98.8809, loss_bbox: 0.0710, loss: 0.1287
2020-11-23 20:16:20,082 - mmdet - INFO - Epoch [3][200/633]	lr: 1.000e-02, eta: 0:12:47, time: 0.750, data_time: 0.012, memory: 11911, loss_rpn_cls: 0.0026, loss_rpn_bbox: 0.0327, loss_cls: 0.0310, acc: 98.6826, loss_bbox: 0.0767, loss: 0.1430
2020-11-23 20:17:34,987 - mmdet - INFO - Epoch [3][300/633]	lr: 1.000e-02, eta: 0:11:36, time: 0.749, data_time: 0.012, memory: 11911, loss_rpn_cls: 0.0030, loss_rpn_bbox: 0.0300, loss_cls: 0.0309, acc: 98.7402, loss_bbox: 0.0684, loss: 0.1324
2020-11-23 20:18:49,771 - mmdet - INFO - Epoch [3][400/633]	lr: 1.000e-02, eta: 0:10:26, time: 0.748, data_time: 0.012, memory: 11911, loss_rpn_cls: 0.0026, loss_rpn_bbox: 0.0325, loss_cls: 0.0349, acc: 98.4688, loss_bbox: 0.0748, loss: 0.1448
2020-11-23 20:20:04,818 - mmdet - INFO - Epoch [3][500/633]	lr: 1.000e-02, eta: 0:09:15, time: 0.750, data_time: 0.012, memory: 11911, loss_rpn_cls: 0.0027, loss_rpn_bbox: 0.0291, loss_cls: 0.0335, acc: 98.6064, loss_bbox: 0.0757, loss: 0.1410
2020-11-23 20:21:19,592 - mmdet - INFO - Epoch [3][600/633]	lr: 1.000e-02, eta: 0:08:03, time: 0.748, data_time: 0.012, memory: 11911, loss_rpn_cls: 0.0030, loss_rpn_bbox: 0.0296, loss_cls: 0.0309, acc: 98.6758, loss_bbox: 0.0749, loss: 0.1384
2020-11-23 20:22:06,936 - mmdet - INFO - Evaluating bbox...
2020-11-23 20:22:08,284 - mmdet - INFO - Epoch [3][633/633]	lr: 1.000e-02, bbox_mAP: 0.8500, bbox_mAP_50: 0.9050, bbox_mAP_75: 0.8960, bbox_mAP_s: 0.6820, bbox_mAP_m: 0.9060, bbox_mAP_l: 0.9020, bbox_mAP_copypaste: 0.850 0.905 0.896 0.682 0.906 0.902
2020-11-23 20:23:25,491 - mmdet - INFO - Epoch [4][100/633]	lr: 1.000e-02, eta: 0:06:21, time: 0.770, data_time: 0.033, memory: 11911, loss_rpn_cls: 0.0029, loss_rpn_bbox: 0.0302, loss_cls: 0.0333, acc: 98.6104, loss_bbox: 0.0731, loss: 0.1395
2020-11-23 20:24:40,358 - mmdet - INFO - Epoch [4][200/633]	lr: 1.000e-02, eta: 0:05:10, time: 0.749, data_time: 0.012, memory: 11911, loss_rpn_cls: 0.0022, loss_rpn_bbox: 0.0284, loss_cls: 0.0306, acc: 98.6602, loss_bbox: 0.0702, loss: 0.1314
2020-11-23 20:25:55,382 - mmdet - INFO - Epoch [4][300/633]	lr: 1.000e-02, eta: 0:03:59, time: 0.750, data_time: 0.012, memory: 11911, loss_rpn_cls: 0.0023, loss_rpn_bbox: 0.0308, loss_cls: 0.0298, acc: 98.7549, loss_bbox: 0.0728, loss: 0.1357
2020-11-23 20:27:09,963 - mmdet - INFO - Epoch [4][400/633]	lr: 1.000e-02, eta: 0:02:47, time: 0.746, data_time: 0.012, memory: 11911, loss_rpn_cls: 0.0027, loss_rpn_bbox: 0.0319, loss_cls: 0.0339, acc: 98.6016, loss_bbox: 0.0735, loss: 0.1420
2020-11-23 20:28:24,742 - mmdet - INFO - Epoch [4][500/633]	lr: 1.000e-02, eta: 0:01:35, time: 0.748, data_time: 0.012, memory: 11911, loss_rpn_cls: 0.0032, loss_rpn_bbox: 0.0325, loss_cls: 0.0360, acc: 98.4854, loss_bbox: 0.0805, loss: 0.1523
