2020-11-18 23:06:18,536 - mmdet - INFO - Environment info:
------------------------------------------------------------
sys.platform: linux
Python: 3.6.4 |Anaconda, Inc.| (default, Jan 16 2018, 18:10:19) [GCC 7.2.0]
CUDA available: True
CUDA_HOME: /usr/local/cuda
NVCC: Cuda compilation tools, release 10.0, V10.0.130
GPU 0: Tesla P100-PCIE-16GB
GCC: gcc (GCC) 5.3.0
PyTorch: 1.3.1+cu100
PyTorch compiling details: PyTorch built with:
  - GCC 7.3
  - Intel(R) Math Kernel Library Version 2019.0.4 Product Build 20190411 for Intel(R) 64 architecture applications
  - Intel(R) MKL-DNN v0.20.5 (Git Hash 0125f28c61c1f822fd48570b4c1066f96fcb9b2e)
  - OpenMP 201511 (a.k.a. OpenMP 4.5)
  - NNPACK is enabled
  - CUDA Runtime 10.0
  - NVCC architecture flags: -gencode;arch=compute_37,code=sm_37;-gencode;arch=compute_50,code=sm_50;-gencode;arch=compute_60,code=sm_60;-gencode;arch=compute_61,code=sm_61;-gencode;arch=compute_70,code=sm_70;-gencode;arch=compute_75,code=sm_75;-gencode;arch=compute_37,code=compute_37
  - CuDNN 7.6.3
  - Magma 2.5.1
  - Build settings: BLAS=MKL, BUILD_NAMEDTENSOR=OFF, BUILD_TYPE=Release, CXX_FLAGS= -Wno-deprecated -fvisibility-inlines-hidden -fopenmp -DUSE_FBGEMM -DUSE_QNNPACK -DUSE_PYTORCH_QNNPACK -O2 -fPIC -Wno-narrowing -Wall -Wextra -Wno-missing-field-initializers -Wno-type-limits -Wno-array-bounds -Wno-unknown-pragmas -Wno-sign-compare -Wno-unused-parameter -Wno-unused-variable -Wno-unused-function -Wno-unused-result -Wno-strict-overflow -Wno-strict-aliasing -Wno-error=deprecated-declarations -Wno-stringop-overflow -Wno-error=pedantic -Wno-error=redundant-decls -Wno-error=old-style-cast -fdiagnostics-color=always -faligned-new -Wno-unused-but-set-variable -Wno-maybe-uninitialized -fno-math-errno -fno-trapping-math -Wno-stringop-overflow, DISABLE_NUMA=1, PERF_WITH_AVX=1, PERF_WITH_AVX2=1, PERF_WITH_AVX512=1, USE_CUDA=True, USE_EXCEPTION_PTR=1, USE_GFLAGS=OFF, USE_GLOG=OFF, USE_MKL=ON, USE_MKLDNN=ON, USE_MPI=OFF, USE_NCCL=ON, USE_NNPACK=ON, USE_OPENMP=ON, USE_STATIC_DISPATCH=OFF, 

TorchVision: 0.4.2+cu100
OpenCV: 4.4.0
MMCV: 1.0.5
MMDetection: 2.3.0+788fa8d
MMDetection Compiler: GCC 7.3
MMDetection CUDA Compiler: 10.0
------------------------------------------------------------

2020-11-18 23:06:18,536 - mmdet - INFO - Distributed training: False
2020-11-18 23:06:18,925 - mmdet - INFO - Config:
model = dict(
    type='FasterRCNN',
    pretrained='torchvision://resnet50',
    backbone=dict(
        type='ResNet',
        depth=50,
        num_stages=4,
        out_indices=(0, 1, 2, 3),
        frozen_stages=1,
        norm_cfg=dict(type='BN', requires_grad=True),
        norm_eval=True,
        style='pytorch'),
    neck=dict(
        type='FPN',
        in_channels=[256, 512, 1024, 2048],
        out_channels=256,
        num_outs=5),
    rpn_head=dict(
        type='RPNHead',
        in_channels=256,
        feat_channels=256,
        anchor_generator=dict(
            type='AnchorGenerator',
            scales=[8],
            ratios=[0.5, 1.0, 2.0],
            strides=[4, 8, 16, 32, 64]),
        bbox_coder=dict(
            type='DeltaXYWHBBoxCoder',
            target_means=[0.0, 0.0, 0.0, 0.0],
            target_stds=[1.0, 1.0, 1.0, 1.0]),
        loss_cls=dict(
            type='CrossEntropyLoss', use_sigmoid=True, loss_weight=1.0),
        loss_bbox=dict(type='L1Loss', loss_weight=1.0)),
    roi_head=dict(
        type='StandardRoIHead',
        bbox_roi_extractor=dict(
            type='SingleRoIExtractor',
            roi_layer=dict(type='RoIAlign', output_size=7, sampling_ratio=0),
            out_channels=256,
            featmap_strides=[4, 8, 16, 32]),
        bbox_head=dict(
            type='Shared2FCBBoxHead',
            in_channels=256,
            fc_out_channels=1024,
            roi_feat_size=7,
            num_classes=2,
            bbox_coder=dict(
                type='DeltaXYWHBBoxCoder',
                target_means=[0.0, 0.0, 0.0, 0.0],
                target_stds=[0.1, 0.1, 0.2, 0.2]),
            reg_class_agnostic=False,
            loss_cls=dict(
                type='CrossEntropyLoss', use_sigmoid=False, loss_weight=1.0),
            loss_bbox=dict(type='L1Loss', loss_weight=1.0))))
train_cfg = dict(
    rpn=dict(
        assigner=dict(
            type='MaxIoUAssigner',
            pos_iou_thr=0.7,
            neg_iou_thr=0.3,
            min_pos_iou=0.3,
            match_low_quality=True,
            ignore_iof_thr=-1),
        sampler=dict(
            type='RandomSampler',
            num=256,
            pos_fraction=0.5,
            neg_pos_ub=-1,
            add_gt_as_proposals=False),
        allowed_border=-1,
        pos_weight=-1,
        debug=False),
    rpn_proposal=dict(
        nms_across_levels=False,
        nms_pre=2000,
        nms_post=1000,
        max_num=1000,
        nms_thr=0.7,
        min_bbox_size=0),
    rcnn=dict(
        assigner=dict(
            type='MaxIoUAssigner',
            pos_iou_thr=0.5,
            neg_iou_thr=0.5,
            min_pos_iou=0.5,
            match_low_quality=False,
            ignore_iof_thr=-1),
        sampler=dict(
            type='RandomSampler',
            num=512,
            pos_fraction=0.25,
            neg_pos_ub=-1,
            add_gt_as_proposals=True),
        pos_weight=-1,
        debug=False))
test_cfg = dict(
    rpn=dict(
        nms_across_levels=False,
        nms_pre=1000,
        nms_post=1000,
        max_num=1000,
        nms_thr=0.7,
        min_bbox_size=0),
    rcnn=dict(
        score_thr=0.05,
        nms=dict(type='nms', iou_threshold=0.5),
        max_per_img=100))
dataset_type = 'CocoDataset'
data_root = 'data/coco/'
img_norm_cfg = dict(
    mean=[123.675, 116.28, 103.53], std=[58.395, 57.12, 57.375], to_rgb=True)
train_pipeline = [
    dict(type='LoadImageFromFile'),
    dict(type='LoadAnnotations', with_bbox=True),
    dict(type='Resize', img_scale=(1550, 1550), keep_ratio=True),
    dict(type='RandomFlip', flip_ratio=0.5),
    dict(
        type='Normalize',
        mean=[123.675, 116.28, 103.53],
        std=[58.395, 57.12, 57.375],
        to_rgb=True),
    dict(type='Pad', size_divisor=32),
    dict(type='DefaultFormatBundle'),
    dict(type='Collect', keys=['img', 'gt_bboxes', 'gt_labels'])
]
test_pipeline = [
    dict(type='LoadImageFromFile'),
    dict(
        type='MultiScaleFlipAug',
        img_scale=(1550, 1550),
        flip=False,
        transforms=[
            dict(type='Resize', keep_ratio=True),
            dict(type='RandomFlip'),
            dict(
                type='Normalize',
                mean=[123.675, 116.28, 103.53],
                std=[58.395, 57.12, 57.375],
                to_rgb=True),
            dict(type='Pad', size_divisor=32),
            dict(type='ImageToTensor', keys=['img']),
            dict(type='Collect', keys=['img'])
        ])
]
data = dict(
    samples_per_gpu=2,
    workers_per_gpu=2,
    train=dict(
        type='CocoDataset',
        ann_file='data/coco/annotations/annotations_trai.json',
        img_prefix='data/coco/img/',
        pipeline=[
            dict(type='LoadImageFromFile'),
            dict(type='LoadAnnotations', with_bbox=True),
            dict(type='Resize', img_scale=(1550, 1550), keep_ratio=True),
            dict(type='RandomFlip', flip_ratio=0.5),
            dict(
                type='Normalize',
                mean=[123.675, 116.28, 103.53],
                std=[58.395, 57.12, 57.375],
                to_rgb=True),
            dict(type='Pad', size_divisor=32),
            dict(type='DefaultFormatBundle'),
            dict(type='Collect', keys=['img', 'gt_bboxes', 'gt_labels'])
        ]),
    val=dict(
        type='CocoDataset',
        ann_file='data/coco/annotations/annotations_test.json',
        img_prefix='data/coco/img/',
        pipeline=[
            dict(type='LoadImageFromFile'),
            dict(
                type='MultiScaleFlipAug',
                img_scale=(1550, 1550),
                flip=False,
                transforms=[
                    dict(type='Resize', keep_ratio=True),
                    dict(type='RandomFlip'),
                    dict(
                        type='Normalize',
                        mean=[123.675, 116.28, 103.53],
                        std=[58.395, 57.12, 57.375],
                        to_rgb=True),
                    dict(type='Pad', size_divisor=32),
                    dict(type='ImageToTensor', keys=['img']),
                    dict(type='Collect', keys=['img'])
                ])
        ]),
    test=dict(
        type='CocoDataset',
        ann_file='data/coco/annotations/annotations_vals.json',
        img_prefix='data/coco/img/',
        pipeline=[
            dict(type='LoadImageFromFile'),
            dict(
                type='MultiScaleFlipAug',
                img_scale=(1550, 1550),
                flip=False,
                transforms=[
                    dict(type='Resize', keep_ratio=True),
                    dict(type='RandomFlip'),
                    dict(
                        type='Normalize',
                        mean=[123.675, 116.28, 103.53],
                        std=[58.395, 57.12, 57.375],
                        to_rgb=True),
                    dict(type='Pad', size_divisor=32),
                    dict(type='ImageToTensor', keys=['img']),
                    dict(type='Collect', keys=['img'])
                ])
        ]))
evaluation = dict(interval=1, metric='bbox')
optimizer = dict(type='SGD', lr=0.01, momentum=0.9, weight_decay=0.0001)
optimizer_config = dict(grad_clip=None)
lr_config = dict(
    policy='step',
    warmup='linear',
    warmup_iters=500,
    warmup_ratio=0.001,
    step=[8, 11])
total_epochs = 4
checkpoint_config = dict(interval=4)
log_config = dict(interval=100, hooks=[dict(type='TextLoggerHook')])
dist_params = dict(backend='nccl')
log_level = 'INFO'
load_from = '/home/admin/.cache/torch/checkpoints/X.pth'
resume_from = None
workflow = [('train', 2), ('val', 1)]
work_dir = '/home/admin/jupyter/SecurityAI_Round5/data/work'
gpu_ids = range(0, 1)

2020-11-18 23:06:19,431 - mmdet - INFO - load model from: torchvision://resnet50
2020-11-18 23:06:27,304 - mmdet - WARNING - The model and loaded state dict do not match exactly

unexpected key in source state_dict: fc.weight, fc.bias

2020-11-18 23:06:37,573 - mmdet - INFO - load checkpoint from /home/admin/.cache/torch/checkpoints/X.pth
2020-11-18 23:06:44,257 - mmdet - INFO - Start running, host: admin@fuxilabor_labor0_S4_Odps_S96_dsw_prepaid_cnsh_838_2020111813282, work_dir: /home/admin/jupyter/SecurityAI_Round5/data/work
2020-11-18 23:06:44,257 - mmdet - INFO - workflow: [('train', 2), ('val', 1)], max: 4 epochs
2020-11-18 23:08:02,084 - mmdet - INFO - Epoch [1][100/617]	lr: 1.988e-03, eta: 0:30:38, time: 0.776, data_time: 0.034, memory: 9989, loss_rpn_cls: 0.0063, loss_rpn_bbox: 0.0464, loss_cls: 0.0617, acc: 97.5371, loss_bbox: 0.1199, loss: 0.2343
2020-11-18 23:09:16,909 - mmdet - INFO - Epoch [1][200/617]	lr: 3.986e-03, eta: 0:28:48, time: 0.748, data_time: 0.012, memory: 9989, loss_rpn_cls: 0.0047, loss_rpn_bbox: 0.0385, loss_cls: 0.0460, acc: 98.0977, loss_bbox: 0.1015, loss: 0.1906
2020-11-18 23:10:31,757 - mmdet - INFO - Epoch [1][300/617]	lr: 5.984e-03, eta: 0:27:22, time: 0.748, data_time: 0.012, memory: 9989, loss_rpn_cls: 0.0044, loss_rpn_bbox: 0.0382, loss_cls: 0.0478, acc: 98.0537, loss_bbox: 0.0986, loss: 0.1890
2020-11-18 23:11:46,870 - mmdet - INFO - Epoch [1][400/617]	lr: 7.982e-03, eta: 0:26:03, time: 0.751, data_time: 0.012, memory: 9989, loss_rpn_cls: 0.0063, loss_rpn_bbox: 0.0427, loss_cls: 0.0529, acc: 97.8281, loss_bbox: 0.1109, loss: 0.2128
2020-11-18 23:13:02,147 - mmdet - INFO - Epoch [1][500/617]	lr: 9.980e-03, eta: 0:24:46, time: 0.753, data_time: 0.012, memory: 11908, loss_rpn_cls: 0.0054, loss_rpn_bbox: 0.0478, loss_cls: 0.0563, acc: 97.6377, loss_bbox: 0.1144, loss: 0.2239
2020-11-18 23:14:16,839 - mmdet - INFO - Epoch [1][600/617]	lr: 1.000e-02, eta: 0:23:28, time: 0.747, data_time: 0.012, memory: 11908, loss_rpn_cls: 0.0053, loss_rpn_bbox: 0.0462, loss_cls: 0.0547, acc: 97.7324, loss_bbox: 0.1132, loss: 0.2194
2020-11-18 23:14:53,897 - mmdet - INFO - Evaluating bbox...
2020-11-18 23:14:55,721 - mmdet - INFO - Epoch [1][617/617]	lr: 1.000e-02, bbox_mAP: 0.8020, bbox_mAP_50: 0.8830, bbox_mAP_75: 0.8630, bbox_mAP_s: 0.4630, bbox_mAP_m: 0.8120, bbox_mAP_l: 0.8810, bbox_mAP_copypaste: 0.802 0.883 0.863 0.463 0.812 0.881
2020-11-18 23:16:13,029 - mmdet - INFO - Epoch [2][100/617]	lr: 1.000e-02, eta: 0:21:33, time: 0.771, data_time: 0.033, memory: 11908, loss_rpn_cls: 0.0052, loss_rpn_bbox: 0.0478, loss_cls: 0.0581, acc: 97.5713, loss_bbox: 0.1247, loss: 0.2357
2020-11-18 23:17:27,999 - mmdet - INFO - Epoch [2][200/617]	lr: 1.000e-02, eta: 0:20:21, time: 0.750, data_time: 0.012, memory: 11908, loss_rpn_cls: 0.0047, loss_rpn_bbox: 0.0460, loss_cls: 0.0435, acc: 98.2188, loss_bbox: 0.1057, loss: 0.2000
2020-11-18 23:18:42,822 - mmdet - INFO - Epoch [2][300/617]	lr: 1.000e-02, eta: 0:19:08, time: 0.748, data_time: 0.012, memory: 11908, loss_rpn_cls: 0.0057, loss_rpn_bbox: 0.0482, loss_cls: 0.0553, acc: 97.7549, loss_bbox: 0.1097, loss: 0.2189
2020-11-18 23:19:57,543 - mmdet - INFO - Epoch [2][400/617]	lr: 1.000e-02, eta: 0:17:55, time: 0.747, data_time: 0.012, memory: 11908, loss_rpn_cls: 0.0070, loss_rpn_bbox: 0.0497, loss_cls: 0.0572, acc: 97.5420, loss_bbox: 0.1262, loss: 0.2402
2020-11-18 23:21:12,293 - mmdet - INFO - Epoch [2][500/617]	lr: 1.000e-02, eta: 0:16:42, time: 0.747, data_time: 0.012, memory: 11908, loss_rpn_cls: 0.0065, loss_rpn_bbox: 0.0478, loss_cls: 0.0548, acc: 97.7256, loss_bbox: 0.1123, loss: 0.2214
2020-11-18 23:22:27,078 - mmdet - INFO - Epoch [2][600/617]	lr: 1.000e-02, eta: 0:15:28, time: 0.748, data_time: 0.012, memory: 11908, loss_rpn_cls: 0.0063, loss_rpn_bbox: 0.0489, loss_cls: 0.0568, acc: 97.6172, loss_bbox: 0.1223, loss: 0.2343
2020-11-18 23:23:03,863 - mmdet - INFO - Evaluating bbox...
2020-11-18 23:23:05,612 - mmdet - INFO - Epoch [2][617/617]	lr: 1.000e-02, bbox_mAP: 0.7930, bbox_mAP_50: 0.8790, bbox_mAP_75: 0.8570, bbox_mAP_s: 0.4490, bbox_mAP_m: 0.8020, bbox_mAP_l: 0.8730, bbox_mAP_copypaste: 0.793 0.879 0.857 0.449 0.802 0.873
2020-11-18 23:23:36,204 - mmdet - INFO - Epoch(train) [2][76]	loss_rpn_cls: 0.0048, loss_rpn_bbox: 0.0447, loss_cls: 0.0502, acc: 97.9325, loss_bbox: 0.1064, loss: 0.2061
2020-11-18 23:24:53,422 - mmdet - INFO - Epoch [3][100/617]	lr: 1.000e-02, eta: 0:13:53, time: 0.770, data_time: 0.033, memory: 11908, loss_rpn_cls: 0.0052, loss_rpn_bbox: 0.0460, loss_cls: 0.0543, acc: 97.7334, loss_bbox: 0.1137, loss: 0.2192
2020-11-18 23:26:08,278 - mmdet - INFO - Epoch [3][200/617]	lr: 1.000e-02, eta: 0:12:41, time: 0.749, data_time: 0.012, memory: 11908, loss_rpn_cls: 0.0067, loss_rpn_bbox: 0.0494, loss_cls: 0.0554, acc: 97.6670, loss_bbox: 0.1217, loss: 0.2332
2020-11-18 23:27:23,155 - mmdet - INFO - Epoch [3][300/617]	lr: 1.000e-02, eta: 0:11:28, time: 0.749, data_time: 0.012, memory: 11908, loss_rpn_cls: 0.0059, loss_rpn_bbox: 0.0428, loss_cls: 0.0455, acc: 98.1572, loss_bbox: 0.1045, loss: 0.1988
2020-11-18 23:28:38,052 - mmdet - INFO - Epoch [3][400/617]	lr: 1.000e-02, eta: 0:10:15, time: 0.749, data_time: 0.012, memory: 11908, loss_rpn_cls: 0.0042, loss_rpn_bbox: 0.0449, loss_cls: 0.0528, acc: 97.8066, loss_bbox: 0.1148, loss: 0.2166
2020-11-18 23:29:53,117 - mmdet - INFO - Epoch [3][500/617]	lr: 1.000e-02, eta: 0:09:01, time: 0.751, data_time: 0.012, memory: 11908, loss_rpn_cls: 0.0064, loss_rpn_bbox: 0.0490, loss_cls: 0.0589, acc: 97.5781, loss_bbox: 0.1224, loss: 0.2367
2020-11-18 23:31:07,968 - mmdet - INFO - Epoch [3][600/617]	lr: 1.000e-02, eta: 0:07:48, time: 0.748, data_time: 0.012, memory: 11908, loss_rpn_cls: 0.0057, loss_rpn_bbox: 0.0524, loss_cls: 0.0634, acc: 97.3252, loss_bbox: 0.1218, loss: 0.2434
2020-11-18 23:31:45,145 - mmdet - INFO - Evaluating bbox...
2020-11-18 23:31:46,985 - mmdet - INFO - Epoch [3][617/617]	lr: 1.000e-02, bbox_mAP: 0.8060, bbox_mAP_50: 0.8890, bbox_mAP_75: 0.8640, bbox_mAP_s: 0.4510, bbox_mAP_m: 0.8210, bbox_mAP_l: 0.8870, bbox_mAP_copypaste: 0.806 0.889 0.864 0.451 0.821 0.887
2020-11-18 23:33:04,396 - mmdet - INFO - Epoch [4][100/617]	lr: 1.000e-02, eta: 0:06:19, time: 0.772, data_time: 0.033, memory: 11908, loss_rpn_cls: 0.0044, loss_rpn_bbox: 0.0483, loss_cls: 0.0496, acc: 97.9873, loss_bbox: 0.1092, loss: 0.2115
2020-11-18 23:34:19,327 - mmdet - INFO - Epoch [4][200/617]	lr: 1.000e-02, eta: 0:05:06, time: 0.749, data_time: 0.012, memory: 11908, loss_rpn_cls: 0.0038, loss_rpn_bbox: 0.0476, loss_cls: 0.0538, acc: 97.7305, loss_bbox: 0.1170, loss: 0.2222
2020-11-18 23:35:34,568 - mmdet - INFO - Epoch [4][300/617]	lr: 1.000e-02, eta: 0:03:53, time: 0.752, data_time: 0.012, memory: 11908, loss_rpn_cls: 0.0050, loss_rpn_bbox: 0.0469, loss_cls: 0.0549, acc: 97.6680, loss_bbox: 0.1169, loss: 0.2236
2020-11-18 23:36:49,353 - mmdet - INFO - Epoch [4][400/617]	lr: 1.000e-02, eta: 0:02:39, time: 0.748, data_time: 0.012, memory: 11908, loss_rpn_cls: 0.0045, loss_rpn_bbox: 0.0450, loss_cls: 0.0455, acc: 98.1748, loss_bbox: 0.1131, loss: 0.2080
2020-11-18 23:38:04,040 - mmdet - INFO - Epoch [4][500/617]	lr: 1.000e-02, eta: 0:01:26, time: 0.747, data_time: 0.012, memory: 11908, loss_rpn_cls: 0.0073, loss_rpn_bbox: 0.0491, loss_cls: 0.0656, acc: 97.4102, loss_bbox: 0.1214, loss: 0.2434
2020-11-18 23:39:19,024 - mmdet - INFO - Epoch [4][600/617]	lr: 1.000e-02, eta: 0:00:12, time: 0.750, data_time: 0.012, memory: 11908, loss_rpn_cls: 0.0061, loss_rpn_bbox: 0.0467, loss_cls: 0.0570, acc: 97.6436, loss_bbox: 0.1195, loss: 0.2292
2020-11-18 23:39:31,606 - mmdet - INFO - Saving checkpoint at 4 epochs
2020-11-18 23:39:57,747 - mmdet - INFO - Evaluating bbox...
2020-11-18 23:39:59,694 - mmdet - INFO - Epoch [4][617/617]	lr: 1.000e-02, bbox_mAP: 0.7940, bbox_mAP_50: 0.8770, bbox_mAP_75: 0.8520, bbox_mAP_s: 0.4380, bbox_mAP_m: 0.8080, bbox_mAP_l: 0.8700, bbox_mAP_copypaste: 0.794 0.877 0.852 0.438 0.808 0.870
2020-11-18 23:40:30,295 - mmdet - INFO - Epoch(train) [4][76]	loss_rpn_cls: 0.0054, loss_rpn_bbox: 0.0452, loss_cls: 0.0487, acc: 98.0443, loss_bbox: 0.1097, loss: 0.2090
