2020-11-20 10:43:32,635 - mmdet - INFO - Environment info:
------------------------------------------------------------
sys.platform: linux
Python: 3.6.4 |Anaconda, Inc.| (default, Jan 16 2018, 18:10:19) [GCC 7.2.0]
CUDA available: True
CUDA_HOME: /usr/local/cuda
NVCC: Cuda compilation tools, release 10.0, V10.0.130
GPU 0: Tesla P100-PCIE-16GB
GCC: gcc (GCC) 5.3.0
PyTorch: 1.3.1+cu100
PyTorch compiling details: PyTorch built with:
  - GCC 7.3
  - Intel(R) Math Kernel Library Version 2019.0.4 Product Build 20190411 for Intel(R) 64 architecture applications
  - Intel(R) MKL-DNN v0.20.5 (Git Hash 0125f28c61c1f822fd48570b4c1066f96fcb9b2e)
  - OpenMP 201511 (a.k.a. OpenMP 4.5)
  - NNPACK is enabled
  - CUDA Runtime 10.0
  - NVCC architecture flags: -gencode;arch=compute_37,code=sm_37;-gencode;arch=compute_50,code=sm_50;-gencode;arch=compute_60,code=sm_60;-gencode;arch=compute_61,code=sm_61;-gencode;arch=compute_70,code=sm_70;-gencode;arch=compute_75,code=sm_75;-gencode;arch=compute_37,code=compute_37
  - CuDNN 7.6.3
  - Magma 2.5.1
  - Build settings: BLAS=MKL, BUILD_NAMEDTENSOR=OFF, BUILD_TYPE=Release, CXX_FLAGS= -Wno-deprecated -fvisibility-inlines-hidden -fopenmp -DUSE_FBGEMM -DUSE_QNNPACK -DUSE_PYTORCH_QNNPACK -O2 -fPIC -Wno-narrowing -Wall -Wextra -Wno-missing-field-initializers -Wno-type-limits -Wno-array-bounds -Wno-unknown-pragmas -Wno-sign-compare -Wno-unused-parameter -Wno-unused-variable -Wno-unused-function -Wno-unused-result -Wno-strict-overflow -Wno-strict-aliasing -Wno-error=deprecated-declarations -Wno-stringop-overflow -Wno-error=pedantic -Wno-error=redundant-decls -Wno-error=old-style-cast -fdiagnostics-color=always -faligned-new -Wno-unused-but-set-variable -Wno-maybe-uninitialized -fno-math-errno -fno-trapping-math -Wno-stringop-overflow, DISABLE_NUMA=1, PERF_WITH_AVX=1, PERF_WITH_AVX2=1, PERF_WITH_AVX512=1, USE_CUDA=True, USE_EXCEPTION_PTR=1, USE_GFLAGS=OFF, USE_GLOG=OFF, USE_MKL=ON, USE_MKLDNN=ON, USE_MPI=OFF, USE_NCCL=ON, USE_NNPACK=ON, USE_OPENMP=ON, USE_STATIC_DISPATCH=OFF, 

TorchVision: 0.4.2+cu100
OpenCV: 4.4.0
MMCV: 1.0.5
MMDetection: 2.3.0+788fa8d
MMDetection Compiler: GCC 7.3
MMDetection CUDA Compiler: 10.0
------------------------------------------------------------

2020-11-20 10:43:32,635 - mmdet - INFO - Distributed training: False
2020-11-20 10:43:33,025 - mmdet - INFO - Config:
model = dict(
    type='FasterRCNN',
    pretrained='torchvision://resnet50',
    backbone=dict(
        type='ResNet',
        depth=50,
        num_stages=4,
        out_indices=(0, 1, 2, 3),
        frozen_stages=1,
        norm_cfg=dict(type='BN', requires_grad=True),
        norm_eval=True,
        style='pytorch'),
    neck=dict(
        type='FPN',
        in_channels=[256, 512, 1024, 2048],
        out_channels=256,
        num_outs=5),
    rpn_head=dict(
        type='RPNHead',
        in_channels=256,
        feat_channels=256,
        anchor_generator=dict(
            type='AnchorGenerator',
            scales=[8],
            ratios=[0.5, 1.0, 2.0],
            strides=[4, 8, 16, 32, 64]),
        bbox_coder=dict(
            type='DeltaXYWHBBoxCoder',
            target_means=[0.0, 0.0, 0.0, 0.0],
            target_stds=[1.0, 1.0, 1.0, 1.0]),
        loss_cls=dict(
            type='CrossEntropyLoss', use_sigmoid=True, loss_weight=1.0),
        loss_bbox=dict(type='L1Loss', loss_weight=1.0)),
    roi_head=dict(
        type='StandardRoIHead',
        bbox_roi_extractor=dict(
            type='SingleRoIExtractor',
            roi_layer=dict(type='RoIAlign', output_size=7, sampling_ratio=0),
            out_channels=256,
            featmap_strides=[4, 8, 16, 32]),
        bbox_head=dict(
            type='Shared2FCBBoxHead',
            in_channels=256,
            fc_out_channels=1024,
            roi_feat_size=7,
            num_classes=2,
            bbox_coder=dict(
                type='DeltaXYWHBBoxCoder',
                target_means=[0.0, 0.0, 0.0, 0.0],
                target_stds=[0.1, 0.1, 0.2, 0.2]),
            reg_class_agnostic=False,
            loss_cls=dict(
                type='CrossEntropyLoss', use_sigmoid=False, loss_weight=1.0),
            loss_bbox=dict(type='L1Loss', loss_weight=1.0))))
train_cfg = dict(
    rpn=dict(
        assigner=dict(
            type='MaxIoUAssigner',
            pos_iou_thr=0.7,
            neg_iou_thr=0.3,
            min_pos_iou=0.3,
            match_low_quality=True,
            ignore_iof_thr=-1),
        sampler=dict(
            type='RandomSampler',
            num=256,
            pos_fraction=0.5,
            neg_pos_ub=-1,
            add_gt_as_proposals=False),
        allowed_border=-1,
        pos_weight=-1,
        debug=False),
    rpn_proposal=dict(
        nms_across_levels=False,
        nms_pre=2000,
        nms_post=1000,
        max_num=1000,
        nms_thr=0.7,
        min_bbox_size=0),
    rcnn=dict(
        assigner=dict(
            type='MaxIoUAssigner',
            pos_iou_thr=0.5,
            neg_iou_thr=0.5,
            min_pos_iou=0.5,
            match_low_quality=False,
            ignore_iof_thr=-1),
        sampler=dict(
            type='RandomSampler',
            num=512,
            pos_fraction=0.25,
            neg_pos_ub=-1,
            add_gt_as_proposals=True),
        pos_weight=-1,
        debug=False))
test_cfg = dict(
    rpn=dict(
        nms_across_levels=False,
        nms_pre=1000,
        nms_post=1000,
        max_num=1000,
        nms_thr=0.7,
        min_bbox_size=0),
    rcnn=dict(
        score_thr=0.05,
        nms=dict(type='nms', iou_threshold=0.5),
        max_per_img=100))
dataset_type = 'CocoDataset'
data_root = 'data/coco/'
img_norm_cfg = dict(
    mean=[123.675, 116.28, 103.53], std=[58.395, 57.12, 57.375], to_rgb=True)
train_pipeline = [
    dict(type='LoadImageFromFile'),
    dict(type='LoadAnnotations', with_bbox=True),
    dict(type='Resize', img_scale=(1550, 1550), keep_ratio=True),
    dict(type='RandomFlip', flip_ratio=0.5),
    dict(
        type='Normalize',
        mean=[123.675, 116.28, 103.53],
        std=[58.395, 57.12, 57.375],
        to_rgb=True),
    dict(type='Pad', size_divisor=32),
    dict(type='DefaultFormatBundle'),
    dict(type='Collect', keys=['img', 'gt_bboxes', 'gt_labels'])
]
test_pipeline = [
    dict(type='LoadImageFromFile'),
    dict(
        type='MultiScaleFlipAug',
        img_scale=(1550, 1550),
        flip=False,
        transforms=[
            dict(type='Resize', keep_ratio=True),
            dict(type='RandomFlip'),
            dict(
                type='Normalize',
                mean=[123.675, 116.28, 103.53],
                std=[58.395, 57.12, 57.375],
                to_rgb=True),
            dict(type='Pad', size_divisor=32),
            dict(type='ImageToTensor', keys=['img']),
            dict(type='Collect', keys=['img'])
        ])
]
data = dict(
    samples_per_gpu=2,
    workers_per_gpu=2,
    train=dict(
        type='CocoDataset',
        ann_file='data/coco/annotations/annotations_trai.json',
        img_prefix='data/coco/img/',
        pipeline=[
            dict(type='LoadImageFromFile'),
            dict(type='LoadAnnotations', with_bbox=True),
            dict(type='Resize', img_scale=(1550, 1550), keep_ratio=True),
            dict(type='RandomFlip', flip_ratio=0.5),
            dict(
                type='Normalize',
                mean=[123.675, 116.28, 103.53],
                std=[58.395, 57.12, 57.375],
                to_rgb=True),
            dict(type='Pad', size_divisor=32),
            dict(type='DefaultFormatBundle'),
            dict(type='Collect', keys=['img', 'gt_bboxes', 'gt_labels'])
        ]),
    val=dict(
        type='CocoDataset',
        ann_file='data/coco/annotations/annotations_test.json',
        img_prefix='data/coco/img/',
        pipeline=[
            dict(type='LoadImageFromFile'),
            dict(
                type='MultiScaleFlipAug',
                img_scale=(1550, 1550),
                flip=False,
                transforms=[
                    dict(type='Resize', keep_ratio=True),
                    dict(type='RandomFlip'),
                    dict(
                        type='Normalize',
                        mean=[123.675, 116.28, 103.53],
                        std=[58.395, 57.12, 57.375],
                        to_rgb=True),
                    dict(type='Pad', size_divisor=32),
                    dict(type='ImageToTensor', keys=['img']),
                    dict(type='Collect', keys=['img'])
                ])
        ]),
    test=dict(
        type='CocoDataset',
        ann_file='data/coco/annotations/annotations_vals.json',
        img_prefix='data/coco/img/',
        pipeline=[
            dict(type='LoadImageFromFile'),
            dict(
                type='MultiScaleFlipAug',
                img_scale=(1550, 1550),
                flip=False,
                transforms=[
                    dict(type='Resize', keep_ratio=True),
                    dict(type='RandomFlip'),
                    dict(
                        type='Normalize',
                        mean=[123.675, 116.28, 103.53],
                        std=[58.395, 57.12, 57.375],
                        to_rgb=True),
                    dict(type='Pad', size_divisor=32),
                    dict(type='ImageToTensor', keys=['img']),
                    dict(type='Collect', keys=['img'])
                ])
        ]))
evaluation = dict(interval=1, metric='bbox')
optimizer = dict(type='SGD', lr=0.01, momentum=0.9, weight_decay=0.0001)
optimizer_config = dict(grad_clip=None)
lr_config = dict(
    policy='step',
    warmup='linear',
    warmup_iters=500,
    warmup_ratio=0.001,
    step=[8, 11])
total_epochs = 4
checkpoint_config = dict(interval=4)
log_config = dict(interval=100, hooks=[dict(type='TextLoggerHook')])
dist_params = dict(backend='nccl')
log_level = 'INFO'
load_from = '/home/admin/.cache/torch/checkpoints/X.pth'
resume_from = None
workflow = [('train', 2), ('val', 1)]
work_dir = '/home/admin/jupyter/SecurityAI_Round5/data/work'
gpu_ids = range(0, 1)

2020-11-20 10:43:33,522 - mmdet - INFO - load model from: torchvision://resnet50
2020-11-20 10:43:41,413 - mmdet - WARNING - The model and loaded state dict do not match exactly

unexpected key in source state_dict: fc.weight, fc.bias

2020-11-20 10:43:51,450 - mmdet - INFO - load checkpoint from /home/admin/.cache/torch/checkpoints/X.pth
2020-11-20 10:43:58,062 - mmdet - INFO - Start running, host: admin@fuxilabor_labor0_S4_Odps_S96_dsw_prepaid_cnsh_838_2020112000281, work_dir: /home/admin/jupyter/SecurityAI_Round5/data/work
2020-11-20 10:43:58,063 - mmdet - INFO - workflow: [('train', 2), ('val', 1)], max: 4 epochs
2020-11-20 10:45:15,771 - mmdet - INFO - Epoch [1][100/624]	lr: 1.988e-03, eta: 0:30:57, time: 0.775, data_time: 0.033, memory: 10072, loss_rpn_cls: 0.0037, loss_rpn_bbox: 0.0323, loss_cls: 0.0410, acc: 98.3359, loss_bbox: 0.0839, loss: 0.1608
2020-11-20 10:46:30,653 - mmdet - INFO - Epoch [1][200/624]	lr: 3.986e-03, eta: 0:29:09, time: 0.749, data_time: 0.012, memory: 10072, loss_rpn_cls: 0.0027, loss_rpn_bbox: 0.0296, loss_cls: 0.0397, acc: 98.3115, loss_bbox: 0.0795, loss: 0.1515
2020-11-20 10:47:45,608 - mmdet - INFO - Epoch [1][300/624]	lr: 5.984e-03, eta: 0:27:44, time: 0.750, data_time: 0.012, memory: 10072, loss_rpn_cls: 0.0030, loss_rpn_bbox: 0.0306, loss_cls: 0.0371, acc: 98.4482, loss_bbox: 0.0786, loss: 0.1494
2020-11-20 10:49:01,219 - mmdet - INFO - Epoch [1][400/624]	lr: 7.982e-03, eta: 0:26:27, time: 0.756, data_time: 0.012, memory: 11907, loss_rpn_cls: 0.0042, loss_rpn_bbox: 0.0351, loss_cls: 0.0381, acc: 98.4775, loss_bbox: 0.0917, loss: 0.1692
2020-11-20 10:50:16,088 - mmdet - INFO - Epoch [1][500/624]	lr: 9.980e-03, eta: 0:25:08, time: 0.749, data_time: 0.012, memory: 11907, loss_rpn_cls: 0.0025, loss_rpn_bbox: 0.0333, loss_cls: 0.0362, acc: 98.4941, loss_bbox: 0.0833, loss: 0.1553
2020-11-20 10:51:31,036 - mmdet - INFO - Epoch [1][600/624]	lr: 1.000e-02, eta: 0:23:50, time: 0.749, data_time: 0.012, memory: 11907, loss_rpn_cls: 0.0037, loss_rpn_bbox: 0.0385, loss_cls: 0.0396, acc: 98.4160, loss_bbox: 0.0925, loss: 0.1743
2020-11-20 10:52:14,244 - mmdet - INFO - Evaluating bbox...
2020-11-20 10:52:17,206 - mmdet - INFO - Epoch [1][624/624]	lr: 1.000e-02, bbox_mAP: 0.7800, bbox_mAP_50: 0.8490, bbox_mAP_75: 0.8300, bbox_mAP_s: 0.4670, bbox_mAP_m: 0.8380, bbox_mAP_l: 0.8910, bbox_mAP_copypaste: 0.780 0.849 0.830 0.467 0.838 0.891
2020-11-20 10:53:34,583 - mmdet - INFO - Epoch [2][100/624]	lr: 1.000e-02, eta: 0:21:37, time: 0.772, data_time: 0.033, memory: 11907, loss_rpn_cls: 0.0039, loss_rpn_bbox: 0.0369, loss_cls: 0.0443, acc: 98.1191, loss_bbox: 0.0933, loss: 0.1785
2020-11-20 10:54:49,632 - mmdet - INFO - Epoch [2][200/624]	lr: 1.000e-02, eta: 0:20:27, time: 0.750, data_time: 0.012, memory: 11907, loss_rpn_cls: 0.0033, loss_rpn_bbox: 0.0377, loss_cls: 0.0397, acc: 98.3945, loss_bbox: 0.0916, loss: 0.1723
2020-11-20 10:56:04,702 - mmdet - INFO - Epoch [2][300/624]	lr: 1.000e-02, eta: 0:19:17, time: 0.751, data_time: 0.012, memory: 11907, loss_rpn_cls: 0.0025, loss_rpn_bbox: 0.0367, loss_cls: 0.0337, acc: 98.6318, loss_bbox: 0.0852, loss: 0.1581
2020-11-20 10:57:19,566 - mmdet - INFO - Epoch [2][400/624]	lr: 1.000e-02, eta: 0:18:05, time: 0.749, data_time: 0.012, memory: 11907, loss_rpn_cls: 0.0027, loss_rpn_bbox: 0.0349, loss_cls: 0.0393, acc: 98.3379, loss_bbox: 0.0869, loss: 0.1638
2020-11-20 10:58:34,694 - mmdet - INFO - Epoch [2][500/624]	lr: 1.000e-02, eta: 0:16:53, time: 0.751, data_time: 0.012, memory: 11907, loss_rpn_cls: 0.0040, loss_rpn_bbox: 0.0395, loss_cls: 0.0472, acc: 98.0605, loss_bbox: 0.0995, loss: 0.1902
2020-11-20 10:59:49,694 - mmdet - INFO - Epoch [2][600/624]	lr: 1.000e-02, eta: 0:15:40, time: 0.750, data_time: 0.012, memory: 11907, loss_rpn_cls: 0.0030, loss_rpn_bbox: 0.0382, loss_cls: 0.0376, acc: 98.4141, loss_bbox: 0.0881, loss: 0.1669
2020-11-20 11:00:32,547 - mmdet - INFO - Evaluating bbox...
2020-11-20 11:00:35,494 - mmdet - INFO - Epoch [2][624/624]	lr: 1.000e-02, bbox_mAP: 0.7730, bbox_mAP_50: 0.8450, bbox_mAP_75: 0.8300, bbox_mAP_s: 0.4560, bbox_mAP_m: 0.8240, bbox_mAP_l: 0.8850, bbox_mAP_copypaste: 0.773 0.845 0.830 0.456 0.824 0.885
2020-11-20 11:01:07,253 - mmdet - INFO - Epoch(train) [2][78]	loss_rpn_cls: 0.0033, loss_rpn_bbox: 0.0402, loss_cls: 0.0399, acc: 98.3711, loss_bbox: 0.0888, loss: 0.1722
2020-11-20 11:02:24,540 - mmdet - INFO - Epoch [3][100/624]	lr: 1.000e-02, eta: 0:13:56, time: 0.771, data_time: 0.033, memory: 11907, loss_rpn_cls: 0.0039, loss_rpn_bbox: 0.0387, loss_cls: 0.0457, acc: 98.1611, loss_bbox: 0.0958, loss: 0.1841
2020-11-20 11:03:39,676 - mmdet - INFO - Epoch [3][200/624]	lr: 1.000e-02, eta: 0:12:45, time: 0.751, data_time: 0.012, memory: 11907, loss_rpn_cls: 0.0035, loss_rpn_bbox: 0.0364, loss_cls: 0.0412, acc: 98.3564, loss_bbox: 0.0897, loss: 0.1709
2020-11-20 11:04:54,674 - mmdet - INFO - Epoch [3][300/624]	lr: 1.000e-02, eta: 0:11:33, time: 0.750, data_time: 0.012, memory: 11907, loss_rpn_cls: 0.0024, loss_rpn_bbox: 0.0386, loss_cls: 0.0424, acc: 98.1016, loss_bbox: 0.0976, loss: 0.1810
2020-11-20 11:06:09,570 - mmdet - INFO - Epoch [3][400/624]	lr: 1.000e-02, eta: 0:10:21, time: 0.749, data_time: 0.012, memory: 11907, loss_rpn_cls: 0.0028, loss_rpn_bbox: 0.0370, loss_cls: 0.0370, acc: 98.3936, loss_bbox: 0.0932, loss: 0.1700
2020-11-20 11:07:24,493 - mmdet - INFO - Epoch [3][500/624]	lr: 1.000e-02, eta: 0:09:08, time: 0.749, data_time: 0.012, memory: 11907, loss_rpn_cls: 0.0023, loss_rpn_bbox: 0.0368, loss_cls: 0.0383, acc: 98.3818, loss_bbox: 0.0877, loss: 0.1650
2020-11-20 11:08:39,587 - mmdet - INFO - Epoch [3][600/624]	lr: 1.000e-02, eta: 0:07:55, time: 0.751, data_time: 0.012, memory: 11907, loss_rpn_cls: 0.0030, loss_rpn_bbox: 0.0374, loss_cls: 0.0393, acc: 98.3525, loss_bbox: 0.0873, loss: 0.1669
2020-11-20 11:09:22,556 - mmdet - INFO - Evaluating bbox...
2020-11-20 11:09:25,574 - mmdet - INFO - Epoch [3][624/624]	lr: 1.000e-02, bbox_mAP: 0.7750, bbox_mAP_50: 0.8500, bbox_mAP_75: 0.8290, bbox_mAP_s: 0.4600, bbox_mAP_m: 0.8290, bbox_mAP_l: 0.8900, bbox_mAP_copypaste: 0.775 0.850 0.829 0.460 0.829 0.890
2020-11-20 11:10:43,017 - mmdet - INFO - Epoch [4][100/624]	lr: 1.000e-02, eta: 0:06:21, time: 0.772, data_time: 0.033, memory: 11907, loss_rpn_cls: 0.0035, loss_rpn_bbox: 0.0366, loss_cls: 0.0428, acc: 98.2148, loss_bbox: 0.0925, loss: 0.1753
2020-11-20 11:11:58,636 - mmdet - INFO - Epoch [4][200/624]	lr: 1.000e-02, eta: 0:05:09, time: 0.756, data_time: 0.012, memory: 11907, loss_rpn_cls: 0.0044, loss_rpn_bbox: 0.0386, loss_cls: 0.0398, acc: 98.3916, loss_bbox: 0.0882, loss: 0.1710
2020-11-20 11:13:13,332 - mmdet - INFO - Epoch [4][300/624]	lr: 1.000e-02, eta: 0:03:56, time: 0.747, data_time: 0.012, memory: 11907, loss_rpn_cls: 0.0039, loss_rpn_bbox: 0.0391, loss_cls: 0.0397, acc: 98.4102, loss_bbox: 0.0925, loss: 0.1752
2020-11-20 11:14:28,243 - mmdet - INFO - Epoch [4][400/624]	lr: 1.000e-02, eta: 0:02:43, time: 0.749, data_time: 0.012, memory: 11907, loss_rpn_cls: 0.0041, loss_rpn_bbox: 0.0398, loss_cls: 0.0414, acc: 98.2705, loss_bbox: 0.0930, loss: 0.1783
2020-11-20 11:15:43,298 - mmdet - INFO - Epoch [4][500/624]	lr: 1.000e-02, eta: 0:01:30, time: 0.751, data_time: 0.012, memory: 11907, loss_rpn_cls: 0.0028, loss_rpn_bbox: 0.0366, loss_cls: 0.0398, acc: 98.2930, loss_bbox: 0.0854, loss: 0.1646
2020-11-20 11:16:58,482 - mmdet - INFO - Epoch [4][600/624]	lr: 1.000e-02, eta: 0:00:17, time: 0.752, data_time: 0.012, memory: 11907, loss_rpn_cls: 0.0026, loss_rpn_bbox: 0.0362, loss_cls: 0.0380, acc: 98.3955, loss_bbox: 0.0962, loss: 0.1729
2020-11-20 11:17:16,327 - mmdet - INFO - Saving checkpoint at 4 epochs
2020-11-20 11:17:43,084 - mmdet - INFO - Evaluating bbox...
2020-11-20 11:17:46,219 - mmdet - INFO - Epoch [4][624/624]	lr: 1.000e-02, bbox_mAP: 0.7680, bbox_mAP_50: 0.8440, bbox_mAP_75: 0.8240, bbox_mAP_s: 0.4550, bbox_mAP_m: 0.8040, bbox_mAP_l: 0.8750, bbox_mAP_copypaste: 0.768 0.844 0.824 0.455 0.804 0.875
2020-11-20 11:18:17,775 - mmdet - INFO - Epoch(train) [4][78]	loss_rpn_cls: 0.0044, loss_rpn_bbox: 0.0403, loss_cls: 0.0443, acc: 98.2522, loss_bbox: 0.0958, loss: 0.1848
