2020-11-17 19:27:24,302 - mmdet - INFO - Environment info:
------------------------------------------------------------
sys.platform: linux
Python: 3.6.4 |Anaconda, Inc.| (default, Jan 16 2018, 18:10:19) [GCC 7.2.0]
CUDA available: True
CUDA_HOME: /usr/local/cuda
NVCC: Cuda compilation tools, release 10.0, V10.0.130
GPU 0: Tesla P100-PCIE-16GB
GCC: gcc (GCC) 5.3.0
PyTorch: 1.3.1+cu100
PyTorch compiling details: PyTorch built with:
  - GCC 7.3
  - Intel(R) Math Kernel Library Version 2019.0.4 Product Build 20190411 for Intel(R) 64 architecture applications
  - Intel(R) MKL-DNN v0.20.5 (Git Hash 0125f28c61c1f822fd48570b4c1066f96fcb9b2e)
  - OpenMP 201511 (a.k.a. OpenMP 4.5)
  - NNPACK is enabled
  - CUDA Runtime 10.0
  - NVCC architecture flags: -gencode;arch=compute_37,code=sm_37;-gencode;arch=compute_50,code=sm_50;-gencode;arch=compute_60,code=sm_60;-gencode;arch=compute_61,code=sm_61;-gencode;arch=compute_70,code=sm_70;-gencode;arch=compute_75,code=sm_75;-gencode;arch=compute_37,code=compute_37
  - CuDNN 7.6.3
  - Magma 2.5.1
  - Build settings: BLAS=MKL, BUILD_NAMEDTENSOR=OFF, BUILD_TYPE=Release, CXX_FLAGS= -Wno-deprecated -fvisibility-inlines-hidden -fopenmp -DUSE_FBGEMM -DUSE_QNNPACK -DUSE_PYTORCH_QNNPACK -O2 -fPIC -Wno-narrowing -Wall -Wextra -Wno-missing-field-initializers -Wno-type-limits -Wno-array-bounds -Wno-unknown-pragmas -Wno-sign-compare -Wno-unused-parameter -Wno-unused-variable -Wno-unused-function -Wno-unused-result -Wno-strict-overflow -Wno-strict-aliasing -Wno-error=deprecated-declarations -Wno-stringop-overflow -Wno-error=pedantic -Wno-error=redundant-decls -Wno-error=old-style-cast -fdiagnostics-color=always -faligned-new -Wno-unused-but-set-variable -Wno-maybe-uninitialized -fno-math-errno -fno-trapping-math -Wno-stringop-overflow, DISABLE_NUMA=1, PERF_WITH_AVX=1, PERF_WITH_AVX2=1, PERF_WITH_AVX512=1, USE_CUDA=True, USE_EXCEPTION_PTR=1, USE_GFLAGS=OFF, USE_GLOG=OFF, USE_MKL=ON, USE_MKLDNN=ON, USE_MPI=OFF, USE_NCCL=ON, USE_NNPACK=ON, USE_OPENMP=ON, USE_STATIC_DISPATCH=OFF, 

TorchVision: 0.4.2+cu100
OpenCV: 4.4.0
MMCV: 1.0.5
MMDetection: 2.3.0+788fa8d
MMDetection Compiler: GCC 7.3
MMDetection CUDA Compiler: 10.0
------------------------------------------------------------

2020-11-17 19:27:24,303 - mmdet - INFO - Distributed training: False
2020-11-17 19:27:24,722 - mmdet - INFO - Config:
model = dict(
    type='FasterRCNN',
    pretrained='torchvision://resnet50',
    backbone=dict(
        type='ResNet',
        depth=50,
        num_stages=4,
        out_indices=(0, 1, 2, 3),
        frozen_stages=1,
        norm_cfg=dict(type='BN', requires_grad=True),
        norm_eval=True,
        style='pytorch'),
    neck=dict(
        type='FPN',
        in_channels=[256, 512, 1024, 2048],
        out_channels=256,
        num_outs=5),
    rpn_head=dict(
        type='RPNHead',
        in_channels=256,
        feat_channels=256,
        anchor_generator=dict(
            type='AnchorGenerator',
            scales=[8],
            ratios=[0.5, 1.0, 2.0],
            strides=[4, 8, 16, 32, 64]),
        bbox_coder=dict(
            type='DeltaXYWHBBoxCoder',
            target_means=[0.0, 0.0, 0.0, 0.0],
            target_stds=[1.0, 1.0, 1.0, 1.0]),
        loss_cls=dict(
            type='CrossEntropyLoss', use_sigmoid=True, loss_weight=1.0),
        loss_bbox=dict(type='L1Loss', loss_weight=1.0)),
    roi_head=dict(
        type='StandardRoIHead',
        bbox_roi_extractor=dict(
            type='SingleRoIExtractor',
            roi_layer=dict(type='RoIAlign', output_size=7, sampling_ratio=0),
            out_channels=256,
            featmap_strides=[4, 8, 16, 32]),
        bbox_head=dict(
            type='Shared2FCBBoxHead',
            in_channels=256,
            fc_out_channels=1024,
            roi_feat_size=7,
            num_classes=2,
            bbox_coder=dict(
                type='DeltaXYWHBBoxCoder',
                target_means=[0.0, 0.0, 0.0, 0.0],
                target_stds=[0.1, 0.1, 0.2, 0.2]),
            reg_class_agnostic=False,
            loss_cls=dict(
                type='CrossEntropyLoss', use_sigmoid=False, loss_weight=1.0),
            loss_bbox=dict(type='L1Loss', loss_weight=1.0))))
train_cfg = dict(
    rpn=dict(
        assigner=dict(
            type='MaxIoUAssigner',
            pos_iou_thr=0.7,
            neg_iou_thr=0.3,
            min_pos_iou=0.3,
            match_low_quality=True,
            ignore_iof_thr=-1),
        sampler=dict(
            type='RandomSampler',
            num=256,
            pos_fraction=0.5,
            neg_pos_ub=-1,
            add_gt_as_proposals=False),
        allowed_border=-1,
        pos_weight=-1,
        debug=False),
    rpn_proposal=dict(
        nms_across_levels=False,
        nms_pre=2000,
        nms_post=1000,
        max_num=1000,
        nms_thr=0.7,
        min_bbox_size=0),
    rcnn=dict(
        assigner=dict(
            type='MaxIoUAssigner',
            pos_iou_thr=0.5,
            neg_iou_thr=0.5,
            min_pos_iou=0.5,
            match_low_quality=False,
            ignore_iof_thr=-1),
        sampler=dict(
            type='RandomSampler',
            num=512,
            pos_fraction=0.25,
            neg_pos_ub=-1,
            add_gt_as_proposals=True),
        pos_weight=-1,
        debug=False))
test_cfg = dict(
    rpn=dict(
        nms_across_levels=False,
        nms_pre=1000,
        nms_post=1000,
        max_num=1000,
        nms_thr=0.7,
        min_bbox_size=0),
    rcnn=dict(
        score_thr=0.05,
        nms=dict(type='nms', iou_threshold=0.5),
        max_per_img=100))
dataset_type = 'CocoDataset'
data_root = 'data/coco/'
img_norm_cfg = dict(
    mean=[123.675, 116.28, 103.53], std=[58.395, 57.12, 57.375], to_rgb=True)
train_pipeline = [
    dict(type='LoadImageFromFile'),
    dict(type='LoadAnnotations', with_bbox=True),
    dict(type='Resize', img_scale=(1550, 1550), keep_ratio=True),
    dict(type='RandomFlip', flip_ratio=0.5),
    dict(
        type='Normalize',
        mean=[123.675, 116.28, 103.53],
        std=[58.395, 57.12, 57.375],
        to_rgb=True),
    dict(type='Pad', size_divisor=32),
    dict(type='DefaultFormatBundle'),
    dict(type='Collect', keys=['img', 'gt_bboxes', 'gt_labels'])
]
test_pipeline = [
    dict(type='LoadImageFromFile'),
    dict(
        type='MultiScaleFlipAug',
        img_scale=(1550, 1550),
        flip=False,
        transforms=[
            dict(type='Resize', keep_ratio=True),
            dict(type='RandomFlip'),
            dict(
                type='Normalize',
                mean=[123.675, 116.28, 103.53],
                std=[58.395, 57.12, 57.375],
                to_rgb=True),
            dict(type='Pad', size_divisor=32),
            dict(type='ImageToTensor', keys=['img']),
            dict(type='Collect', keys=['img'])
        ])
]
data = dict(
    samples_per_gpu=2,
    workers_per_gpu=2,
    train=dict(
        type='CocoDataset',
        ann_file='data/coco/annotations/annotations_trai.json',
        img_prefix='data/coco/img/',
        pipeline=[
            dict(type='LoadImageFromFile'),
            dict(type='LoadAnnotations', with_bbox=True),
            dict(type='Resize', img_scale=(1550, 1550), keep_ratio=True),
            dict(type='RandomFlip', flip_ratio=0.5),
            dict(
                type='Normalize',
                mean=[123.675, 116.28, 103.53],
                std=[58.395, 57.12, 57.375],
                to_rgb=True),
            dict(type='Pad', size_divisor=32),
            dict(type='DefaultFormatBundle'),
            dict(type='Collect', keys=['img', 'gt_bboxes', 'gt_labels'])
        ]),
    val=dict(
        type='CocoDataset',
        ann_file='data/coco/annotations/annotations_test.json',
        img_prefix='data/coco/img/',
        pipeline=[
            dict(type='LoadImageFromFile'),
            dict(
                type='MultiScaleFlipAug',
                img_scale=(1550, 1550),
                flip=False,
                transforms=[
                    dict(type='Resize', keep_ratio=True),
                    dict(type='RandomFlip'),
                    dict(
                        type='Normalize',
                        mean=[123.675, 116.28, 103.53],
                        std=[58.395, 57.12, 57.375],
                        to_rgb=True),
                    dict(type='Pad', size_divisor=32),
                    dict(type='ImageToTensor', keys=['img']),
                    dict(type='Collect', keys=['img'])
                ])
        ]),
    test=dict(
        type='CocoDataset',
        ann_file='data/coco/annotations/annotations_vals.json',
        img_prefix='data/coco/img/',
        pipeline=[
            dict(type='LoadImageFromFile'),
            dict(
                type='MultiScaleFlipAug',
                img_scale=(1550, 1550),
                flip=False,
                transforms=[
                    dict(type='Resize', keep_ratio=True),
                    dict(type='RandomFlip'),
                    dict(
                        type='Normalize',
                        mean=[123.675, 116.28, 103.53],
                        std=[58.395, 57.12, 57.375],
                        to_rgb=True),
                    dict(type='Pad', size_divisor=32),
                    dict(type='ImageToTensor', keys=['img']),
                    dict(type='Collect', keys=['img'])
                ])
        ]))
evaluation = dict(interval=1, metric='bbox')
optimizer = dict(type='SGD', lr=0.01, momentum=0.9, weight_decay=0.0001)
optimizer_config = dict(grad_clip=None)
lr_config = dict(
    policy='step',
    warmup='linear',
    warmup_iters=500,
    warmup_ratio=0.001,
    step=[8, 11])
total_epochs = 4
checkpoint_config = dict(interval=4)
log_config = dict(interval=100, hooks=[dict(type='TextLoggerHook')])
dist_params = dict(backend='nccl')
log_level = 'INFO'
load_from = '/home/admin/.cache/torch/checkpoints/X.pth'
resume_from = None
workflow = [('train', 2), ('val', 1)]
work_dir = '/home/admin/jupyter/SecurityAI_Round5/data/work'
gpu_ids = range(0, 1)

2020-11-17 19:27:25,245 - mmdet - INFO - load model from: torchvision://resnet50
2020-11-17 19:27:33,337 - mmdet - WARNING - The model and loaded state dict do not match exactly

unexpected key in source state_dict: fc.weight, fc.bias

2020-11-17 19:27:43,781 - mmdet - INFO - load checkpoint from /home/admin/.cache/torch/checkpoints/X.pth
2020-11-17 19:27:50,764 - mmdet - INFO - Start running, host: admin@fuxilabor_labor0_S4_Odps_S96_dsw_prepaid_cnsh_838_2020111707413, work_dir: /home/admin/jupyter/SecurityAI_Round5/data/work
2020-11-17 19:27:50,764 - mmdet - INFO - workflow: [('train', 2), ('val', 1)], max: 4 epochs
2020-11-17 19:29:08,109 - mmdet - INFO - Epoch [1][100/618]	lr: 1.988e-03, eta: 0:30:29, time: 0.771, data_time: 0.035, memory: 8108, loss_rpn_cls: 0.0407, loss_rpn_bbox: 0.0886, loss_cls: 0.1484, acc: 94.3535, loss_bbox: 0.2137, loss: 0.4914
2020-11-17 19:30:22,485 - mmdet - INFO - Epoch [1][200/618]	lr: 3.986e-03, eta: 0:28:41, time: 0.744, data_time: 0.012, memory: 8108, loss_rpn_cls: 0.0354, loss_rpn_bbox: 0.0781, loss_cls: 0.1439, acc: 94.5850, loss_bbox: 0.2124, loss: 0.4698
2020-11-17 19:31:37,179 - mmdet - INFO - Epoch [1][300/618]	lr: 5.984e-03, eta: 0:27:17, time: 0.747, data_time: 0.012, memory: 8829, loss_rpn_cls: 0.0427, loss_rpn_bbox: 0.0839, loss_cls: 0.1689, acc: 93.5830, loss_bbox: 0.2425, loss: 0.5380
2020-11-17 19:32:51,663 - mmdet - INFO - Epoch [1][400/618]	lr: 7.982e-03, eta: 0:25:57, time: 0.745, data_time: 0.012, memory: 9525, loss_rpn_cls: 0.0355, loss_rpn_bbox: 0.0859, loss_cls: 0.1580, acc: 93.8359, loss_bbox: 0.2367, loss: 0.5161
2020-11-17 19:34:05,950 - mmdet - INFO - Epoch [1][500/618]	lr: 9.980e-03, eta: 0:24:38, time: 0.743, data_time: 0.012, memory: 9525, loss_rpn_cls: 0.0497, loss_rpn_bbox: 0.0940, loss_cls: 0.1705, acc: 93.4277, loss_bbox: 0.2386, loss: 0.5528
2020-11-17 19:35:20,932 - mmdet - INFO - Epoch [1][600/618]	lr: 1.000e-02, eta: 0:23:23, time: 0.750, data_time: 0.012, memory: 10073, loss_rpn_cls: 0.0708, loss_rpn_bbox: 0.1056, loss_cls: 0.1750, acc: 93.6143, loss_bbox: 0.2077, loss: 0.5591
2020-11-17 19:36:03,340 - mmdet - INFO - Evaluating bbox...
2020-11-17 19:36:10,031 - mmdet - INFO - Epoch [1][618/618]	lr: 1.000e-02, bbox_mAP: 0.5590, bbox_mAP_50: 0.6480, bbox_mAP_75: 0.5780, bbox_mAP_s: 0.0590, bbox_mAP_m: 0.3410, bbox_mAP_l: 0.6690, bbox_mAP_copypaste: 0.559 0.648 0.578 0.059 0.341 0.669
2020-11-17 19:37:27,274 - mmdet - INFO - Epoch [2][100/618]	lr: 1.000e-02, eta: 0:21:27, time: 0.770, data_time: 0.034, memory: 10073, loss_rpn_cls: 0.0619, loss_rpn_bbox: 0.0996, loss_cls: 0.1804, acc: 93.2402, loss_bbox: 0.2434, loss: 0.5853
2020-11-17 19:38:41,940 - mmdet - INFO - Epoch [2][200/618]	lr: 1.000e-02, eta: 0:20:16, time: 0.747, data_time: 0.012, memory: 10073, loss_rpn_cls: 0.0696, loss_rpn_bbox: 0.0994, loss_cls: 0.1785, acc: 93.4424, loss_bbox: 0.2134, loss: 0.5609
2020-11-17 19:39:56,313 - mmdet - INFO - Epoch [2][300/618]	lr: 1.000e-02, eta: 0:19:04, time: 0.744, data_time: 0.012, memory: 10073, loss_rpn_cls: 0.0560, loss_rpn_bbox: 0.1019, loss_cls: 0.1665, acc: 93.8320, loss_bbox: 0.2143, loss: 0.5387
2020-11-17 19:41:11,019 - mmdet - INFO - Epoch [2][400/618]	lr: 1.000e-02, eta: 0:17:52, time: 0.747, data_time: 0.013, memory: 10073, loss_rpn_cls: 0.0572, loss_rpn_bbox: 0.0952, loss_cls: 0.1632, acc: 93.9717, loss_bbox: 0.2147, loss: 0.5305
2020-11-17 19:42:26,104 - mmdet - INFO - Epoch [2][500/618]	lr: 1.000e-02, eta: 0:16:40, time: 0.751, data_time: 0.013, memory: 10073, loss_rpn_cls: 0.0444, loss_rpn_bbox: 0.0954, loss_cls: 0.1540, acc: 94.1650, loss_bbox: 0.2164, loss: 0.5102
2020-11-17 19:43:40,326 - mmdet - INFO - Epoch [2][600/618]	lr: 1.000e-02, eta: 0:15:26, time: 0.742, data_time: 0.012, memory: 10073, loss_rpn_cls: 0.0386, loss_rpn_bbox: 0.0908, loss_cls: 0.1575, acc: 94.1855, loss_bbox: 0.2181, loss: 0.5050
2020-11-17 19:44:22,783 - mmdet - INFO - Evaluating bbox...
2020-11-17 19:44:29,395 - mmdet - INFO - Epoch [2][618/618]	lr: 1.000e-02, bbox_mAP: 0.5590, bbox_mAP_50: 0.6600, bbox_mAP_75: 0.5860, bbox_mAP_s: 0.0630, bbox_mAP_m: 0.3270, bbox_mAP_l: 0.6710, bbox_mAP_copypaste: 0.559 0.660 0.586 0.063 0.327 0.671
2020-11-17 19:45:04,363 - mmdet - INFO - Epoch(train) [2][87]	loss_rpn_cls: 0.0536, loss_rpn_bbox: 0.0989, loss_cls: 0.1669, acc: 93.7511, loss_bbox: 0.2074, loss: 0.5267
2020-11-17 19:46:21,685 - mmdet - INFO - Epoch [3][100/618]	lr: 1.000e-02, eta: 0:13:50, time: 0.771, data_time: 0.035, memory: 10073, loss_rpn_cls: 0.0434, loss_rpn_bbox: 0.0927, loss_cls: 0.1849, acc: 93.0430, loss_bbox: 0.2579, loss: 0.5788
2020-11-17 19:47:36,121 - mmdet - INFO - Epoch [3][200/618]	lr: 1.000e-02, eta: 0:12:38, time: 0.744, data_time: 0.013, memory: 10073, loss_rpn_cls: 0.0670, loss_rpn_bbox: 0.0977, loss_cls: 0.1615, acc: 93.9844, loss_bbox: 0.2024, loss: 0.5287
2020-11-17 19:48:50,572 - mmdet - INFO - Epoch [3][300/618]	lr: 1.000e-02, eta: 0:11:26, time: 0.744, data_time: 0.013, memory: 10073, loss_rpn_cls: 0.0367, loss_rpn_bbox: 0.0915, loss_cls: 0.1573, acc: 94.0088, loss_bbox: 0.2298, loss: 0.5153
2020-11-17 19:50:05,461 - mmdet - INFO - Epoch [3][400/618]	lr: 1.000e-02, eta: 0:10:13, time: 0.749, data_time: 0.013, memory: 10073, loss_rpn_cls: 0.0421, loss_rpn_bbox: 0.0962, loss_cls: 0.1630, acc: 93.8496, loss_bbox: 0.2270, loss: 0.5283
2020-11-17 19:51:19,799 - mmdet - INFO - Epoch [3][500/618]	lr: 1.000e-02, eta: 0:09:00, time: 0.743, data_time: 0.013, memory: 10073, loss_rpn_cls: 0.0349, loss_rpn_bbox: 0.0912, loss_cls: 0.1497, acc: 94.3496, loss_bbox: 0.2211, loss: 0.4969
2020-11-17 19:52:34,133 - mmdet - INFO - Epoch [3][600/618]	lr: 1.000e-02, eta: 0:07:47, time: 0.743, data_time: 0.013, memory: 10073, loss_rpn_cls: 0.0389, loss_rpn_bbox: 0.0914, loss_cls: 0.1568, acc: 94.0254, loss_bbox: 0.2284, loss: 0.5156
2020-11-17 19:53:16,035 - mmdet - INFO - Evaluating bbox...
2020-11-17 19:53:22,191 - mmdet - INFO - Epoch [3][618/618]	lr: 1.000e-02, bbox_mAP: 0.5790, bbox_mAP_50: 0.6700, bbox_mAP_75: 0.5930, bbox_mAP_s: 0.0690, bbox_mAP_m: 0.3580, bbox_mAP_l: 0.6960, bbox_mAP_copypaste: 0.579 0.670 0.593 0.069 0.358 0.696
2020-11-17 19:54:39,074 - mmdet - INFO - Epoch [4][100/618]	lr: 1.000e-02, eta: 0:06:18, time: 0.767, data_time: 0.035, memory: 10073, loss_rpn_cls: 0.0266, loss_rpn_bbox: 0.0862, loss_cls: 0.1464, acc: 94.3447, loss_bbox: 0.2192, loss: 0.4783
2020-11-17 19:55:53,553 - mmdet - INFO - Epoch [4][200/618]	lr: 1.000e-02, eta: 0:05:05, time: 0.745, data_time: 0.013, memory: 10073, loss_rpn_cls: 0.0347, loss_rpn_bbox: 0.0970, loss_cls: 0.1632, acc: 93.6748, loss_bbox: 0.2512, loss: 0.5460
2020-11-17 19:57:08,179 - mmdet - INFO - Epoch [4][300/618]	lr: 1.000e-02, eta: 0:03:52, time: 0.746, data_time: 0.013, memory: 10073, loss_rpn_cls: 0.0362, loss_rpn_bbox: 0.0965, loss_cls: 0.1764, acc: 93.0391, loss_bbox: 0.2562, loss: 0.5653
2020-11-17 19:58:22,804 - mmdet - INFO - Epoch [4][400/618]	lr: 1.000e-02, eta: 0:02:39, time: 0.746, data_time: 0.013, memory: 10073, loss_rpn_cls: 0.0458, loss_rpn_bbox: 0.0847, loss_cls: 0.1379, acc: 94.7617, loss_bbox: 0.1941, loss: 0.4625
2020-11-17 19:59:37,411 - mmdet - INFO - Epoch [4][500/618]	lr: 1.000e-02, eta: 0:01:26, time: 0.746, data_time: 0.013, memory: 10073, loss_rpn_cls: 0.0429, loss_rpn_bbox: 0.0891, loss_cls: 0.1611, acc: 94.0439, loss_bbox: 0.2215, loss: 0.5147
2020-11-17 20:00:52,188 - mmdet - INFO - Epoch [4][600/618]	lr: 1.000e-02, eta: 0:00:13, time: 0.748, data_time: 0.013, memory: 10073, loss_rpn_cls: 0.0522, loss_rpn_bbox: 0.0915, loss_cls: 0.1660, acc: 93.6699, loss_bbox: 0.2337, loss: 0.5434
2020-11-17 20:01:05,609 - mmdet - INFO - Saving checkpoint at 4 epochs
2020-11-17 20:01:35,861 - mmdet - INFO - Evaluating bbox...
2020-11-17 20:01:42,324 - mmdet - INFO - Epoch [4][618/618]	lr: 1.000e-02, bbox_mAP: 0.5700, bbox_mAP_50: 0.6560, bbox_mAP_75: 0.5860, bbox_mAP_s: 0.0620, bbox_mAP_m: 0.3370, bbox_mAP_l: 0.6840, bbox_mAP_copypaste: 0.570 0.656 0.586 0.062 0.337 0.684
2020-11-17 20:02:17,245 - mmdet - INFO - Epoch(train) [4][87]	loss_rpn_cls: 0.0523, loss_rpn_bbox: 0.1010, loss_cls: 0.1475, acc: 94.5627, loss_bbox: 0.1792, loss: 0.4800
