2020-11-10 15:28:09,356 - mmdet - INFO - Environment info:
------------------------------------------------------------
sys.platform: linux
Python: 3.6.4 |Anaconda, Inc.| (default, Jan 16 2018, 18:10:19) [GCC 7.2.0]
CUDA available: True
CUDA_HOME: /usr/local/cuda
NVCC: Cuda compilation tools, release 10.0, V10.0.130
GPU 0: Tesla P100-PCIE-16GB
GCC: gcc (GCC) 5.3.0
PyTorch: 1.3.1+cu100
PyTorch compiling details: PyTorch built with:
  - GCC 7.3
  - Intel(R) Math Kernel Library Version 2019.0.4 Product Build 20190411 for Intel(R) 64 architecture applications
  - Intel(R) MKL-DNN v0.20.5 (Git Hash 0125f28c61c1f822fd48570b4c1066f96fcb9b2e)
  - OpenMP 201511 (a.k.a. OpenMP 4.5)
  - NNPACK is enabled
  - CUDA Runtime 10.0
  - NVCC architecture flags: -gencode;arch=compute_37,code=sm_37;-gencode;arch=compute_50,code=sm_50;-gencode;arch=compute_60,code=sm_60;-gencode;arch=compute_61,code=sm_61;-gencode;arch=compute_70,code=sm_70;-gencode;arch=compute_75,code=sm_75;-gencode;arch=compute_37,code=compute_37
  - CuDNN 7.6.3
  - Magma 2.5.1
  - Build settings: BLAS=MKL, BUILD_NAMEDTENSOR=OFF, BUILD_TYPE=Release, CXX_FLAGS= -Wno-deprecated -fvisibility-inlines-hidden -fopenmp -DUSE_FBGEMM -DUSE_QNNPACK -DUSE_PYTORCH_QNNPACK -O2 -fPIC -Wno-narrowing -Wall -Wextra -Wno-missing-field-initializers -Wno-type-limits -Wno-array-bounds -Wno-unknown-pragmas -Wno-sign-compare -Wno-unused-parameter -Wno-unused-variable -Wno-unused-function -Wno-unused-result -Wno-strict-overflow -Wno-strict-aliasing -Wno-error=deprecated-declarations -Wno-stringop-overflow -Wno-error=pedantic -Wno-error=redundant-decls -Wno-error=old-style-cast -fdiagnostics-color=always -faligned-new -Wno-unused-but-set-variable -Wno-maybe-uninitialized -fno-math-errno -fno-trapping-math -Wno-stringop-overflow, DISABLE_NUMA=1, PERF_WITH_AVX=1, PERF_WITH_AVX2=1, PERF_WITH_AVX512=1, USE_CUDA=True, USE_EXCEPTION_PTR=1, USE_GFLAGS=OFF, USE_GLOG=OFF, USE_MKL=ON, USE_MKLDNN=ON, USE_MPI=OFF, USE_NCCL=ON, USE_NNPACK=ON, USE_OPENMP=ON, USE_STATIC_DISPATCH=OFF, 

TorchVision: 0.4.2+cu100
OpenCV: 4.4.0
MMCV: 1.0.5
MMDetection: 2.3.0+788fa8d
MMDetection Compiler: GCC 7.3
MMDetection CUDA Compiler: 10.0
------------------------------------------------------------

2020-11-10 15:28:09,356 - mmdet - INFO - Distributed training: False
2020-11-10 15:28:09,757 - mmdet - INFO - Config:
model = dict(
    type='FasterRCNN',
    pretrained='torchvision://resnet50',
    backbone=dict(
        type='ResNet',
        depth=50,
        num_stages=4,
        out_indices=(0, 1, 2, 3),
        frozen_stages=1,
        norm_cfg=dict(type='BN', requires_grad=True),
        norm_eval=True,
        style='pytorch'),
    neck=dict(
        type='FPN',
        in_channels=[256, 512, 1024, 2048],
        out_channels=256,
        num_outs=5),
    rpn_head=dict(
        type='RPNHead',
        in_channels=256,
        feat_channels=256,
        anchor_generator=dict(
            type='AnchorGenerator',
            scales=[8],
            ratios=[0.5, 1.0, 2.0],
            strides=[4, 8, 16, 32, 64]),
        bbox_coder=dict(
            type='DeltaXYWHBBoxCoder',
            target_means=[0.0, 0.0, 0.0, 0.0],
            target_stds=[1.0, 1.0, 1.0, 1.0]),
        loss_cls=dict(
            type='CrossEntropyLoss', use_sigmoid=True, loss_weight=1.0),
        loss_bbox=dict(type='L1Loss', loss_weight=1.0)),
    roi_head=dict(
        type='StandardRoIHead',
        bbox_roi_extractor=dict(
            type='SingleRoIExtractor',
            roi_layer=dict(type='RoIAlign', output_size=7, sampling_ratio=0),
            out_channels=256,
            featmap_strides=[4, 8, 16, 32]),
        bbox_head=dict(
            type='Shared2FCBBoxHead',
            in_channels=256,
            fc_out_channels=1024,
            roi_feat_size=7,
            num_classes=2,
            bbox_coder=dict(
                type='DeltaXYWHBBoxCoder',
                target_means=[0.0, 0.0, 0.0, 0.0],
                target_stds=[0.1, 0.1, 0.2, 0.2]),
            reg_class_agnostic=False,
            loss_cls=dict(
                type='CrossEntropyLoss', use_sigmoid=False, loss_weight=1.0),
            loss_bbox=dict(type='L1Loss', loss_weight=1.0))))
train_cfg = dict(
    rpn=dict(
        assigner=dict(
            type='MaxIoUAssigner',
            pos_iou_thr=0.7,
            neg_iou_thr=0.3,
            min_pos_iou=0.3,
            match_low_quality=True,
            ignore_iof_thr=-1),
        sampler=dict(
            type='RandomSampler',
            num=256,
            pos_fraction=0.5,
            neg_pos_ub=-1,
            add_gt_as_proposals=False),
        allowed_border=-1,
        pos_weight=-1,
        debug=False),
    rpn_proposal=dict(
        nms_across_levels=False,
        nms_pre=2000,
        nms_post=1000,
        max_num=1000,
        nms_thr=0.7,
        min_bbox_size=0),
    rcnn=dict(
        assigner=dict(
            type='MaxIoUAssigner',
            pos_iou_thr=0.5,
            neg_iou_thr=0.5,
            min_pos_iou=0.5,
            match_low_quality=False,
            ignore_iof_thr=-1),
        sampler=dict(
            type='RandomSampler',
            num=512,
            pos_fraction=0.25,
            neg_pos_ub=-1,
            add_gt_as_proposals=True),
        pos_weight=-1,
        debug=False))
test_cfg = dict(
    rpn=dict(
        nms_across_levels=False,
        nms_pre=1000,
        nms_post=1000,
        max_num=1000,
        nms_thr=0.7,
        min_bbox_size=0),
    rcnn=dict(
        score_thr=0.05,
        nms=dict(type='nms', iou_threshold=0.5),
        max_per_img=100))
dataset_type = 'CocoDataset'
data_root = 'data/coco/'
img_norm_cfg = dict(
    mean=[123.675, 116.28, 103.53], std=[58.395, 57.12, 57.375], to_rgb=True)
train_pipeline = [
    dict(type='LoadImageFromFile'),
    dict(type='LoadAnnotations', with_bbox=True),
    dict(type='Resize', img_scale=(2015, 2015), keep_ratio=True),
    dict(type='RandomFlip', flip_ratio=0.5),
    dict(
        type='Normalize',
        mean=[123.675, 116.28, 103.53],
        std=[58.395, 57.12, 57.375],
        to_rgb=True),
    dict(type='Pad', size_divisor=32),
    dict(type='DefaultFormatBundle'),
    dict(type='Collect', keys=['img', 'gt_bboxes', 'gt_labels'])
]
test_pipeline = [
    dict(type='LoadImageFromFile'),
    dict(
        type='MultiScaleFlipAug',
        img_scale=(2015, 2015),
        flip=False,
        transforms=[
            dict(type='Resize', keep_ratio=True),
            dict(type='RandomFlip'),
            dict(
                type='Normalize',
                mean=[123.675, 116.28, 103.53],
                std=[58.395, 57.12, 57.375],
                to_rgb=True),
            dict(type='Pad', size_divisor=32),
            dict(type='ImageToTensor', keys=['img']),
            dict(type='Collect', keys=['img'])
        ])
]
data = dict(
    samples_per_gpu=1,
    workers_per_gpu=1,
    train=dict(
        type='CocoDataset',
        ann_file='data/coco/annotations/annotations_trai.json',
        img_prefix='data/coco/img/',
        pipeline=[
            dict(type='LoadImageFromFile'),
            dict(type='LoadAnnotations', with_bbox=True),
            dict(type='Resize', img_scale=(2015, 2015), keep_ratio=True),
            dict(type='RandomFlip', flip_ratio=0.5),
            dict(
                type='Normalize',
                mean=[123.675, 116.28, 103.53],
                std=[58.395, 57.12, 57.375],
                to_rgb=True),
            dict(type='Pad', size_divisor=32),
            dict(type='DefaultFormatBundle'),
            dict(type='Collect', keys=['img', 'gt_bboxes', 'gt_labels'])
        ]),
    val=dict(
        type='CocoDataset',
        ann_file='data/coco/annotations/annotations_test.json',
        img_prefix='data/coco/img/',
        pipeline=[
            dict(type='LoadImageFromFile'),
            dict(
                type='MultiScaleFlipAug',
                img_scale=(2015, 2015),
                flip=False,
                transforms=[
                    dict(type='Resize', keep_ratio=True),
                    dict(type='RandomFlip'),
                    dict(
                        type='Normalize',
                        mean=[123.675, 116.28, 103.53],
                        std=[58.395, 57.12, 57.375],
                        to_rgb=True),
                    dict(type='Pad', size_divisor=32),
                    dict(type='ImageToTensor', keys=['img']),
                    dict(type='Collect', keys=['img'])
                ])
        ]),
    test=dict(
        type='CocoDataset',
        ann_file='data/coco/annotations/annotations_vals.json',
        img_prefix='data/coco/img/',
        pipeline=[
            dict(type='LoadImageFromFile'),
            dict(
                type='MultiScaleFlipAug',
                img_scale=(2015, 2015),
                flip=False,
                transforms=[
                    dict(type='Resize', keep_ratio=True),
                    dict(type='RandomFlip'),
                    dict(
                        type='Normalize',
                        mean=[123.675, 116.28, 103.53],
                        std=[58.395, 57.12, 57.375],
                        to_rgb=True),
                    dict(type='Pad', size_divisor=32),
                    dict(type='ImageToTensor', keys=['img']),
                    dict(type='Collect', keys=['img'])
                ])
        ]))
evaluation = dict(interval=1, metric='bbox')
optimizer = dict(type='SGD', lr=0.02, momentum=0.9, weight_decay=0.0001)
optimizer_config = dict(grad_clip=None)
lr_config = dict(
    policy='step',
    warmup='linear',
    warmup_iters=500,
    warmup_ratio=0.001,
    step=[8, 11])
total_epochs = 3
checkpoint_config = dict(interval=3)
log_config = dict(interval=10, hooks=[dict(type='TextLoggerHook')])
dist_params = dict(backend='nccl')
log_level = 'INFO'
load_from = None
resume_from = None
workflow = [('train', 2), ('val', 1)]
work_dir = '/home/admin/jupyter/SecurityAI_Round5/data/work'
gpu_ids = range(0, 1)

2020-11-10 15:28:10,270 - mmdet - INFO - load model from: torchvision://resnet50
2020-11-10 15:28:18,343 - mmdet - WARNING - The model and loaded state dict do not match exactly

unexpected key in source state_dict: fc.weight, fc.bias

2020-11-10 15:28:29,773 - mmdet - INFO - Start running, host: admin@fuxilabor_labor0_S4_Odps_S96_dsw_prepaid_cnsh_838_2020111006405, work_dir: /home/admin/jupyter/SecurityAI_Round5/data/work
2020-11-10 15:28:29,773 - mmdet - INFO - workflow: [('train', 2), ('val', 1)], max: 3 epochs
2020-11-10 15:28:38,553 - mmdet - INFO - Epoch [1][10/8883]	lr: 3.796e-04, eta: 6:22:39, time: 0.862, data_time: 0.242, memory: 6708, loss_rpn_cls: 0.6927, loss_rpn_bbox: 0.3376, loss_cls: 0.6522, acc: 80.1367, loss_bbox: 0.0128, loss: 1.6953
2020-11-10 15:28:44,656 - mmdet - INFO - Epoch [1][20/8883]	lr: 7.792e-04, eta: 5:26:41, time: 0.610, data_time: 0.024, memory: 6708, loss_rpn_cls: 0.6714, loss_rpn_bbox: 0.1664, loss_cls: 0.2040, acc: 97.5586, loss_bbox: 0.0276, loss: 1.0695
2020-11-10 15:28:50,715 - mmdet - INFO - Epoch [1][30/8883]	lr: 1.179e-03, eta: 5:07:18, time: 0.606, data_time: 0.024, memory: 6708, loss_rpn_cls: 0.6111, loss_rpn_bbox: 0.0543, loss_cls: 0.1832, acc: 98.3594, loss_bbox: 0.0138, loss: 0.8624
2020-11-10 15:28:56,796 - mmdet - INFO - Epoch [1][40/8883]	lr: 1.578e-03, eta: 4:57:48, time: 0.608, data_time: 0.024, memory: 6708, loss_rpn_cls: 0.4445, loss_rpn_bbox: 0.1819, loss_cls: 0.1986, acc: 97.3633, loss_bbox: 0.0275, loss: 0.8526
2020-11-10 15:29:02,921 - mmdet - INFO - Epoch [1][50/8883]	lr: 1.978e-03, eta: 4:52:27, time: 0.612, data_time: 0.024, memory: 6708, loss_rpn_cls: 0.4145, loss_rpn_bbox: 0.2095, loss_cls: 0.1906, acc: 96.4648, loss_bbox: 0.0315, loss: 0.8461
2020-11-10 15:29:09,076 - mmdet - INFO - Epoch [1][60/8883]	lr: 2.378e-03, eta: 4:49:05, time: 0.616, data_time: 0.024, memory: 6708, loss_rpn_cls: 0.4202, loss_rpn_bbox: 0.2286, loss_cls: 0.1756, acc: 95.1758, loss_bbox: 0.0774, loss: 0.9018
2020-11-10 15:29:15,248 - mmdet - INFO - Epoch [1][70/8883]	lr: 2.777e-03, eta: 4:46:45, time: 0.617, data_time: 0.024, memory: 10402, loss_rpn_cls: 0.2158, loss_rpn_bbox: 0.0760, loss_cls: 0.1667, acc: 95.1953, loss_bbox: 0.0776, loss: 0.5362
2020-11-10 15:29:21,398 - mmdet - INFO - Epoch [1][80/8883]	lr: 3.177e-03, eta: 4:44:51, time: 0.615, data_time: 0.024, memory: 10402, loss_rpn_cls: 0.4553, loss_rpn_bbox: 0.2286, loss_cls: 0.1348, acc: 96.0742, loss_bbox: 0.0623, loss: 0.8810
2020-11-10 15:29:27,569 - mmdet - INFO - Epoch [1][90/8883]	lr: 3.576e-03, eta: 4:43:27, time: 0.617, data_time: 0.024, memory: 10402, loss_rpn_cls: 0.4942, loss_rpn_bbox: 0.2268, loss_cls: 0.1967, acc: 95.0781, loss_bbox: 0.0710, loss: 0.9887
2020-11-10 15:29:33,741 - mmdet - INFO - Epoch [1][100/8883]	lr: 3.976e-03, eta: 4:42:19, time: 0.617, data_time: 0.024, memory: 10402, loss_rpn_cls: 0.4301, loss_rpn_bbox: 0.2576, loss_cls: 0.1681, acc: 97.3242, loss_bbox: 0.1282, loss: 0.9840
2020-11-10 15:29:39,865 - mmdet - INFO - Epoch [1][110/8883]	lr: 4.376e-03, eta: 4:41:11, time: 0.612, data_time: 0.024, memory: 10402, loss_rpn_cls: 0.4087, loss_rpn_bbox: 0.2588, loss_cls: 0.1280, acc: 96.9727, loss_bbox: 0.0919, loss: 0.8875
2020-11-10 15:29:45,960 - mmdet - INFO - Epoch [1][120/8883]	lr: 4.775e-03, eta: 4:40:07, time: 0.609, data_time: 0.024, memory: 10402, loss_rpn_cls: 0.3190, loss_rpn_bbox: 0.1875, loss_cls: 0.0693, acc: 98.7305, loss_bbox: 0.0239, loss: 0.5998
2020-11-10 15:29:52,243 - mmdet - INFO - Epoch [1][130/8883]	lr: 5.175e-03, eta: 4:39:50, time: 0.628, data_time: 0.024, memory: 10402, loss_rpn_cls: 0.3997, loss_rpn_bbox: 0.2627, loss_cls: 0.1804, acc: 95.3711, loss_bbox: 0.1379, loss: 0.9806
2020-11-10 15:29:58,389 - mmdet - INFO - Epoch [1][140/8883]	lr: 5.574e-03, eta: 4:39:08, time: 0.615, data_time: 0.024, memory: 10402, loss_rpn_cls: 0.2704, loss_rpn_bbox: 0.2163, loss_cls: 0.1188, acc: 96.6016, loss_bbox: 0.0578, loss: 0.6632
2020-11-10 15:30:04,449 - mmdet - INFO - Epoch [1][150/8883]	lr: 5.974e-03, eta: 4:38:16, time: 0.606, data_time: 0.024, memory: 10402, loss_rpn_cls: 0.1963, loss_rpn_bbox: 0.1743, loss_cls: 0.1014, acc: 97.7539, loss_bbox: 0.0395, loss: 0.5116
2020-11-10 15:30:10,601 - mmdet - INFO - Epoch [1][160/8883]	lr: 6.374e-03, eta: 4:37:45, time: 0.615, data_time: 0.024, memory: 10402, loss_rpn_cls: 0.2952, loss_rpn_bbox: 0.1952, loss_cls: 0.1384, acc: 96.9531, loss_bbox: 0.0744, loss: 0.7031
2020-11-10 15:30:16,744 - mmdet - INFO - Epoch [1][170/8883]	lr: 6.773e-03, eta: 4:37:16, time: 0.614, data_time: 0.024, memory: 10402, loss_rpn_cls: 0.3433, loss_rpn_bbox: 0.2556, loss_cls: 0.1586, acc: 96.1523, loss_bbox: 0.0704, loss: 0.8279
2020-11-10 15:30:22,900 - mmdet - INFO - Epoch [1][180/8883]	lr: 7.173e-03, eta: 4:36:51, time: 0.616, data_time: 0.024, memory: 10402, loss_rpn_cls: 0.4380, loss_rpn_bbox: 0.1598, loss_cls: 0.1699, acc: 97.4609, loss_bbox: 0.0428, loss: 0.8105
2020-11-10 15:30:29,130 - mmdet - INFO - Epoch [1][190/8883]	lr: 7.572e-03, eta: 4:36:38, time: 0.623, data_time: 0.024, memory: 10402, loss_rpn_cls: 0.4335, loss_rpn_bbox: 0.2638, loss_cls: 0.2141, acc: 95.3906, loss_bbox: 0.0467, loss: 0.9581
2020-11-10 15:30:35,331 - mmdet - INFO - Epoch [1][200/8883]	lr: 7.972e-03, eta: 4:36:22, time: 0.620, data_time: 0.024, memory: 10402, loss_rpn_cls: 0.4596, loss_rpn_bbox: 0.2965, loss_cls: 0.1275, acc: 96.4453, loss_bbox: 0.0284, loss: 0.9120
2020-11-10 15:30:41,451 - mmdet - INFO - Epoch [1][210/8883]	lr: 8.372e-03, eta: 4:35:57, time: 0.612, data_time: 0.024, memory: 10402, loss_rpn_cls: 0.3407, loss_rpn_bbox: 0.2112, loss_cls: 0.1068, acc: 98.1836, loss_bbox: 0.0561, loss: 0.7148
2020-11-10 15:30:47,658 - mmdet - INFO - Epoch [1][220/8883]	lr: 8.771e-03, eta: 4:35:44, time: 0.621, data_time: 0.024, memory: 10402, loss_rpn_cls: 0.3788, loss_rpn_bbox: 0.1946, loss_cls: 0.1820, acc: 95.1758, loss_bbox: 0.0907, loss: 0.8462
