2020-11-21 09:48:34,412 - mmdet - INFO - Environment info:
------------------------------------------------------------
sys.platform: linux
Python: 3.6.4 |Anaconda, Inc.| (default, Jan 16 2018, 18:10:19) [GCC 7.2.0]
CUDA available: True
CUDA_HOME: /usr/local/cuda
NVCC: Cuda compilation tools, release 10.0, V10.0.130
GPU 0: Tesla P100-PCIE-16GB
GCC: gcc (GCC) 5.3.0
PyTorch: 1.3.1+cu100
PyTorch compiling details: PyTorch built with:
  - GCC 7.3
  - Intel(R) Math Kernel Library Version 2019.0.4 Product Build 20190411 for Intel(R) 64 architecture applications
  - Intel(R) MKL-DNN v0.20.5 (Git Hash 0125f28c61c1f822fd48570b4c1066f96fcb9b2e)
  - OpenMP 201511 (a.k.a. OpenMP 4.5)
  - NNPACK is enabled
  - CUDA Runtime 10.0
  - NVCC architecture flags: -gencode;arch=compute_37,code=sm_37;-gencode;arch=compute_50,code=sm_50;-gencode;arch=compute_60,code=sm_60;-gencode;arch=compute_61,code=sm_61;-gencode;arch=compute_70,code=sm_70;-gencode;arch=compute_75,code=sm_75;-gencode;arch=compute_37,code=compute_37
  - CuDNN 7.6.3
  - Magma 2.5.1
  - Build settings: BLAS=MKL, BUILD_NAMEDTENSOR=OFF, BUILD_TYPE=Release, CXX_FLAGS= -Wno-deprecated -fvisibility-inlines-hidden -fopenmp -DUSE_FBGEMM -DUSE_QNNPACK -DUSE_PYTORCH_QNNPACK -O2 -fPIC -Wno-narrowing -Wall -Wextra -Wno-missing-field-initializers -Wno-type-limits -Wno-array-bounds -Wno-unknown-pragmas -Wno-sign-compare -Wno-unused-parameter -Wno-unused-variable -Wno-unused-function -Wno-unused-result -Wno-strict-overflow -Wno-strict-aliasing -Wno-error=deprecated-declarations -Wno-stringop-overflow -Wno-error=pedantic -Wno-error=redundant-decls -Wno-error=old-style-cast -fdiagnostics-color=always -faligned-new -Wno-unused-but-set-variable -Wno-maybe-uninitialized -fno-math-errno -fno-trapping-math -Wno-stringop-overflow, DISABLE_NUMA=1, PERF_WITH_AVX=1, PERF_WITH_AVX2=1, PERF_WITH_AVX512=1, USE_CUDA=True, USE_EXCEPTION_PTR=1, USE_GFLAGS=OFF, USE_GLOG=OFF, USE_MKL=ON, USE_MKLDNN=ON, USE_MPI=OFF, USE_NCCL=ON, USE_NNPACK=ON, USE_OPENMP=ON, USE_STATIC_DISPATCH=OFF, 

TorchVision: 0.4.2+cu100
OpenCV: 4.4.0
MMCV: 1.0.5
MMDetection: 2.3.0+788fa8d
MMDetection Compiler: GCC 7.3
MMDetection CUDA Compiler: 10.0
------------------------------------------------------------

2020-11-21 09:48:34,412 - mmdet - INFO - Distributed training: False
2020-11-21 09:48:34,798 - mmdet - INFO - Config:
model = dict(
    type='FasterRCNN',
    pretrained='torchvision://resnet50',
    backbone=dict(
        type='ResNet',
        depth=50,
        num_stages=4,
        out_indices=(0, 1, 2, 3),
        frozen_stages=1,
        norm_cfg=dict(type='BN', requires_grad=True),
        norm_eval=True,
        style='pytorch'),
    neck=dict(
        type='FPN',
        in_channels=[256, 512, 1024, 2048],
        out_channels=256,
        num_outs=5),
    rpn_head=dict(
        type='RPNHead',
        in_channels=256,
        feat_channels=256,
        anchor_generator=dict(
            type='AnchorGenerator',
            scales=[8],
            ratios=[0.5, 1.0, 2.0],
            strides=[4, 8, 16, 32, 64]),
        bbox_coder=dict(
            type='DeltaXYWHBBoxCoder',
            target_means=[0.0, 0.0, 0.0, 0.0],
            target_stds=[1.0, 1.0, 1.0, 1.0]),
        loss_cls=dict(
            type='CrossEntropyLoss', use_sigmoid=True, loss_weight=1.0),
        loss_bbox=dict(type='L1Loss', loss_weight=1.0)),
    roi_head=dict(
        type='StandardRoIHead',
        bbox_roi_extractor=dict(
            type='SingleRoIExtractor',
            roi_layer=dict(type='RoIAlign', output_size=7, sampling_ratio=0),
            out_channels=256,
            featmap_strides=[4, 8, 16, 32]),
        bbox_head=dict(
            type='Shared2FCBBoxHead',
            in_channels=256,
            fc_out_channels=1024,
            roi_feat_size=7,
            num_classes=2,
            bbox_coder=dict(
                type='DeltaXYWHBBoxCoder',
                target_means=[0.0, 0.0, 0.0, 0.0],
                target_stds=[0.1, 0.1, 0.2, 0.2]),
            reg_class_agnostic=False,
            loss_cls=dict(
                type='CrossEntropyLoss', use_sigmoid=False, loss_weight=1.0),
            loss_bbox=dict(type='L1Loss', loss_weight=1.0))))
train_cfg = dict(
    rpn=dict(
        assigner=dict(
            type='MaxIoUAssigner',
            pos_iou_thr=0.7,
            neg_iou_thr=0.3,
            min_pos_iou=0.3,
            match_low_quality=True,
            ignore_iof_thr=-1),
        sampler=dict(
            type='RandomSampler',
            num=256,
            pos_fraction=0.5,
            neg_pos_ub=-1,
            add_gt_as_proposals=False),
        allowed_border=-1,
        pos_weight=-1,
        debug=False),
    rpn_proposal=dict(
        nms_across_levels=False,
        nms_pre=2000,
        nms_post=1000,
        max_num=1000,
        nms_thr=0.7,
        min_bbox_size=0),
    rcnn=dict(
        assigner=dict(
            type='MaxIoUAssigner',
            pos_iou_thr=0.5,
            neg_iou_thr=0.5,
            min_pos_iou=0.5,
            match_low_quality=False,
            ignore_iof_thr=-1),
        sampler=dict(
            type='RandomSampler',
            num=512,
            pos_fraction=0.25,
            neg_pos_ub=-1,
            add_gt_as_proposals=True),
        pos_weight=-1,
        debug=False))
test_cfg = dict(
    rpn=dict(
        nms_across_levels=False,
        nms_pre=1000,
        nms_post=1000,
        max_num=1000,
        nms_thr=0.7,
        min_bbox_size=0),
    rcnn=dict(
        score_thr=0.05,
        nms=dict(type='nms', iou_threshold=0.5),
        max_per_img=100))
dataset_type = 'CocoDataset'
data_root = 'data/coco/'
img_norm_cfg = dict(
    mean=[123.675, 116.28, 103.53], std=[58.395, 57.12, 57.375], to_rgb=True)
train_pipeline = [
    dict(type='LoadImageFromFile'),
    dict(type='LoadAnnotations', with_bbox=True),
    dict(type='Resize', img_scale=(1550, 1550), keep_ratio=True),
    dict(type='RandomFlip', flip_ratio=0.5),
    dict(
        type='Normalize',
        mean=[123.675, 116.28, 103.53],
        std=[58.395, 57.12, 57.375],
        to_rgb=True),
    dict(type='Pad', size_divisor=32),
    dict(type='DefaultFormatBundle'),
    dict(type='Collect', keys=['img', 'gt_bboxes', 'gt_labels'])
]
test_pipeline = [
    dict(type='LoadImageFromFile'),
    dict(
        type='MultiScaleFlipAug',
        img_scale=(1550, 1550),
        flip=False,
        transforms=[
            dict(type='Resize', keep_ratio=True),
            dict(type='RandomFlip'),
            dict(
                type='Normalize',
                mean=[123.675, 116.28, 103.53],
                std=[58.395, 57.12, 57.375],
                to_rgb=True),
            dict(type='Pad', size_divisor=32),
            dict(type='ImageToTensor', keys=['img']),
            dict(type='Collect', keys=['img'])
        ])
]
data = dict(
    samples_per_gpu=2,
    workers_per_gpu=2,
    train=dict(
        type='CocoDataset',
        ann_file='data/coco/annotations/annotations_trai.json',
        img_prefix='data/coco/img/',
        pipeline=[
            dict(type='LoadImageFromFile'),
            dict(type='LoadAnnotations', with_bbox=True),
            dict(type='Resize', img_scale=(1550, 1550), keep_ratio=True),
            dict(type='RandomFlip', flip_ratio=0.5),
            dict(
                type='Normalize',
                mean=[123.675, 116.28, 103.53],
                std=[58.395, 57.12, 57.375],
                to_rgb=True),
            dict(type='Pad', size_divisor=32),
            dict(type='DefaultFormatBundle'),
            dict(type='Collect', keys=['img', 'gt_bboxes', 'gt_labels'])
        ]),
    val=dict(
        type='CocoDataset',
        ann_file='data/coco/annotations/annotations_test.json',
        img_prefix='data/coco/img/',
        pipeline=[
            dict(type='LoadImageFromFile'),
            dict(
                type='MultiScaleFlipAug',
                img_scale=(1550, 1550),
                flip=False,
                transforms=[
                    dict(type='Resize', keep_ratio=True),
                    dict(type='RandomFlip'),
                    dict(
                        type='Normalize',
                        mean=[123.675, 116.28, 103.53],
                        std=[58.395, 57.12, 57.375],
                        to_rgb=True),
                    dict(type='Pad', size_divisor=32),
                    dict(type='ImageToTensor', keys=['img']),
                    dict(type='Collect', keys=['img'])
                ])
        ]),
    test=dict(
        type='CocoDataset',
        ann_file='data/coco/annotations/annotations_vals.json',
        img_prefix='data/coco/img/',
        pipeline=[
            dict(type='LoadImageFromFile'),
            dict(
                type='MultiScaleFlipAug',
                img_scale=(1550, 1550),
                flip=False,
                transforms=[
                    dict(type='Resize', keep_ratio=True),
                    dict(type='RandomFlip'),
                    dict(
                        type='Normalize',
                        mean=[123.675, 116.28, 103.53],
                        std=[58.395, 57.12, 57.375],
                        to_rgb=True),
                    dict(type='Pad', size_divisor=32),
                    dict(type='ImageToTensor', keys=['img']),
                    dict(type='Collect', keys=['img'])
                ])
        ]))
evaluation = dict(interval=1, metric='bbox')
optimizer = dict(type='SGD', lr=0.01, momentum=0.9, weight_decay=0.0001)
optimizer_config = dict(grad_clip=None)
lr_config = dict(
    policy='step',
    warmup='linear',
    warmup_iters=500,
    warmup_ratio=0.001,
    step=[8, 11])
total_epochs = 4
checkpoint_config = dict(interval=4)
log_config = dict(interval=100, hooks=[dict(type='TextLoggerHook')])
dist_params = dict(backend='nccl')
log_level = 'INFO'
load_from = '/home/admin/.cache/torch/checkpoints/X.pth'
resume_from = None
workflow = [('train', 2), ('val', 1)]
work_dir = '/home/admin/jupyter/SecurityAI_Round5/data/work'
gpu_ids = range(0, 1)

2020-11-21 09:48:35,291 - mmdet - INFO - load model from: torchvision://resnet50
2020-11-21 09:48:43,218 - mmdet - WARNING - The model and loaded state dict do not match exactly

unexpected key in source state_dict: fc.weight, fc.bias

2020-11-21 09:48:53,730 - mmdet - INFO - load checkpoint from /home/admin/.cache/torch/checkpoints/X.pth
2020-11-21 09:49:00,418 - mmdet - INFO - Start running, host: admin@fuxilabor_labor0_S4_Odps_S96_dsw_prepaid_cnsh_838_2020112019152, work_dir: /home/admin/jupyter/SecurityAI_Round5/data/work
2020-11-21 09:49:00,419 - mmdet - INFO - workflow: [('train', 2), ('val', 1)], max: 4 epochs
2020-11-21 09:50:18,444 - mmdet - INFO - Epoch [1][100/615]	lr: 1.988e-03, eta: 0:30:36, time: 0.778, data_time: 0.034, memory: 9968, loss_rpn_cls: 0.0028, loss_rpn_bbox: 0.0299, loss_cls: 0.0341, acc: 98.5625, loss_bbox: 0.0772, loss: 0.1441
2020-11-21 09:51:33,272 - mmdet - INFO - Epoch [1][200/615]	lr: 3.986e-03, eta: 0:28:45, time: 0.748, data_time: 0.012, memory: 10078, loss_rpn_cls: 0.0026, loss_rpn_bbox: 0.0265, loss_cls: 0.0296, acc: 98.7314, loss_bbox: 0.0686, loss: 0.1273
2020-11-21 09:52:48,290 - mmdet - INFO - Epoch [1][300/615]	lr: 5.984e-03, eta: 0:27:19, time: 0.750, data_time: 0.012, memory: 10078, loss_rpn_cls: 0.0026, loss_rpn_bbox: 0.0260, loss_cls: 0.0273, acc: 98.8174, loss_bbox: 0.0684, loss: 0.1243
2020-11-21 09:54:03,059 - mmdet - INFO - Epoch [1][400/615]	lr: 7.982e-03, eta: 0:25:57, time: 0.748, data_time: 0.012, memory: 10078, loss_rpn_cls: 0.0027, loss_rpn_bbox: 0.0281, loss_cls: 0.0363, acc: 98.4512, loss_bbox: 0.0753, loss: 0.1425
2020-11-21 09:55:17,910 - mmdet - INFO - Epoch [1][500/615]	lr: 9.980e-03, eta: 0:24:38, time: 0.748, data_time: 0.012, memory: 10078, loss_rpn_cls: 0.0021, loss_rpn_bbox: 0.0288, loss_cls: 0.0327, acc: 98.6318, loss_bbox: 0.0724, loss: 0.1360
2020-11-21 09:56:32,775 - mmdet - INFO - Epoch [1][600/615]	lr: 1.000e-02, eta: 0:23:21, time: 0.749, data_time: 0.012, memory: 10078, loss_rpn_cls: 0.0026, loss_rpn_bbox: 0.0304, loss_cls: 0.0318, acc: 98.7148, loss_bbox: 0.0747, loss: 0.1394
2020-11-21 09:57:08,980 - mmdet - INFO - Evaluating bbox...
2020-11-21 09:57:12,514 - mmdet - INFO - Epoch [1][615/615]	lr: 1.000e-02, bbox_mAP: 0.7870, bbox_mAP_50: 0.8500, bbox_mAP_75: 0.8350, bbox_mAP_s: 0.4960, bbox_mAP_m: 0.8440, bbox_mAP_l: 0.8870, bbox_mAP_copypaste: 0.787 0.850 0.835 0.496 0.844 0.887
2020-11-21 09:58:29,744 - mmdet - INFO - Epoch [2][100/615]	lr: 1.000e-02, eta: 0:21:31, time: 0.770, data_time: 0.034, memory: 10078, loss_rpn_cls: 0.0023, loss_rpn_bbox: 0.0311, loss_cls: 0.0314, acc: 98.6621, loss_bbox: 0.0775, loss: 0.1423
2020-11-21 09:59:44,345 - mmdet - INFO - Epoch [2][200/615]	lr: 1.000e-02, eta: 0:20:18, time: 0.746, data_time: 0.012, memory: 10078, loss_rpn_cls: 0.0032, loss_rpn_bbox: 0.0334, loss_cls: 0.0379, acc: 98.3789, loss_bbox: 0.0819, loss: 0.1565
2020-11-21 10:00:59,318 - mmdet - INFO - Epoch [2][300/615]	lr: 1.000e-02, eta: 0:19:06, time: 0.750, data_time: 0.012, memory: 10078, loss_rpn_cls: 0.0025, loss_rpn_bbox: 0.0328, loss_cls: 0.0355, acc: 98.4961, loss_bbox: 0.0818, loss: 0.1526
2020-11-21 10:02:14,230 - mmdet - INFO - Epoch [2][400/615]	lr: 1.000e-02, eta: 0:17:52, time: 0.749, data_time: 0.012, memory: 10078, loss_rpn_cls: 0.0036, loss_rpn_bbox: 0.0353, loss_cls: 0.0375, acc: 98.4385, loss_bbox: 0.0834, loss: 0.1597
2020-11-21 10:03:28,764 - mmdet - INFO - Epoch [2][500/615]	lr: 1.000e-02, eta: 0:16:39, time: 0.745, data_time: 0.012, memory: 10078, loss_rpn_cls: 0.0029, loss_rpn_bbox: 0.0329, loss_cls: 0.0303, acc: 98.7129, loss_bbox: 0.0731, loss: 0.1391
2020-11-21 10:04:43,285 - mmdet - INFO - Epoch [2][600/615]	lr: 1.000e-02, eta: 0:15:25, time: 0.745, data_time: 0.012, memory: 10078, loss_rpn_cls: 0.0031, loss_rpn_bbox: 0.0323, loss_cls: 0.0321, acc: 98.6455, loss_bbox: 0.0772, loss: 0.1447
2020-11-21 10:05:19,645 - mmdet - INFO - Evaluating bbox...
2020-11-21 10:05:23,286 - mmdet - INFO - Epoch [2][615/615]	lr: 1.000e-02, bbox_mAP: 0.7920, bbox_mAP_50: 0.8590, bbox_mAP_75: 0.8440, bbox_mAP_s: 0.4730, bbox_mAP_m: 0.8430, bbox_mAP_l: 0.9000, bbox_mAP_copypaste: 0.792 0.859 0.844 0.473 0.843 0.900
2020-11-21 10:05:55,273 - mmdet - INFO - Epoch(train) [2][78]	loss_rpn_cls: 0.0040, loss_rpn_bbox: 0.0376, loss_cls: 0.0406, acc: 98.2622, loss_bbox: 0.0885, loss: 0.1706
2020-11-21 10:07:12,462 - mmdet - INFO - Epoch [3][100/615]	lr: 1.000e-02, eta: 0:13:52, time: 0.770, data_time: 0.034, memory: 10078, loss_rpn_cls: 0.0037, loss_rpn_bbox: 0.0322, loss_cls: 0.0323, acc: 98.6689, loss_bbox: 0.0779, loss: 0.1462
2020-11-21 10:08:27,242 - mmdet - INFO - Epoch [3][200/615]	lr: 1.000e-02, eta: 0:12:39, time: 0.748, data_time: 0.012, memory: 10078, loss_rpn_cls: 0.0025, loss_rpn_bbox: 0.0303, loss_cls: 0.0324, acc: 98.6309, loss_bbox: 0.0748, loss: 0.1400
2020-11-21 10:09:41,962 - mmdet - INFO - Epoch [3][300/615]	lr: 1.000e-02, eta: 0:11:26, time: 0.747, data_time: 0.012, memory: 10078, loss_rpn_cls: 0.0031, loss_rpn_bbox: 0.0342, loss_cls: 0.0362, acc: 98.4980, loss_bbox: 0.0851, loss: 0.1585
2020-11-21 10:10:56,730 - mmdet - INFO - Epoch [3][400/615]	lr: 1.000e-02, eta: 0:10:13, time: 0.748, data_time: 0.012, memory: 10078, loss_rpn_cls: 0.0034, loss_rpn_bbox: 0.0334, loss_cls: 0.0411, acc: 98.2344, loss_bbox: 0.0882, loss: 0.1661
2020-11-21 10:12:11,502 - mmdet - INFO - Epoch [3][500/615]	lr: 1.000e-02, eta: 0:08:59, time: 0.748, data_time: 0.012, memory: 10078, loss_rpn_cls: 0.0031, loss_rpn_bbox: 0.0339, loss_cls: 0.0363, acc: 98.4609, loss_bbox: 0.0797, loss: 0.1530
2020-11-21 10:13:26,073 - mmdet - INFO - Epoch [3][600/615]	lr: 1.000e-02, eta: 0:07:45, time: 0.746, data_time: 0.012, memory: 10078, loss_rpn_cls: 0.0021, loss_rpn_bbox: 0.0316, loss_cls: 0.0329, acc: 98.6279, loss_bbox: 0.0812, loss: 0.1477
2020-11-21 10:14:02,401 - mmdet - INFO - Evaluating bbox...
2020-11-21 10:14:06,007 - mmdet - INFO - Epoch [3][615/615]	lr: 1.000e-02, bbox_mAP: 0.7850, bbox_mAP_50: 0.8500, bbox_mAP_75: 0.8350, bbox_mAP_s: 0.4740, bbox_mAP_m: 0.8260, bbox_mAP_l: 0.8930, bbox_mAP_copypaste: 0.785 0.850 0.835 0.474 0.826 0.893
2020-11-21 10:15:23,000 - mmdet - INFO - Epoch [4][100/615]	lr: 1.000e-02, eta: 0:06:18, time: 0.768, data_time: 0.033, memory: 10078, loss_rpn_cls: 0.0027, loss_rpn_bbox: 0.0355, loss_cls: 0.0403, acc: 98.3848, loss_bbox: 0.0852, loss: 0.1637
2020-11-21 10:16:38,053 - mmdet - INFO - Epoch [4][200/615]	lr: 1.000e-02, eta: 0:05:05, time: 0.751, data_time: 0.012, memory: 10078, loss_rpn_cls: 0.0026, loss_rpn_bbox: 0.0341, loss_cls: 0.0350, acc: 98.5537, loss_bbox: 0.0835, loss: 0.1552
2020-11-21 10:17:52,815 - mmdet - INFO - Epoch [4][300/615]	lr: 1.000e-02, eta: 0:03:52, time: 0.748, data_time: 0.012, memory: 10078, loss_rpn_cls: 0.0027, loss_rpn_bbox: 0.0334, loss_cls: 0.0393, acc: 98.3447, loss_bbox: 0.0889, loss: 0.1643
2020-11-21 10:19:07,291 - mmdet - INFO - Epoch [4][400/615]	lr: 1.000e-02, eta: 0:02:38, time: 0.745, data_time: 0.012, memory: 10078, loss_rpn_cls: 0.0035, loss_rpn_bbox: 0.0327, loss_cls: 0.0414, acc: 98.2764, loss_bbox: 0.0840, loss: 0.1616
2020-11-21 10:20:22,064 - mmdet - INFO - Epoch [4][500/615]	lr: 1.000e-02, eta: 0:01:24, time: 0.748, data_time: 0.012, memory: 10078, loss_rpn_cls: 0.0031, loss_rpn_bbox: 0.0334, loss_cls: 0.0396, acc: 98.4121, loss_bbox: 0.0843, loss: 0.1603
2020-11-21 10:21:37,101 - mmdet - INFO - Epoch [4][600/615]	lr: 1.000e-02, eta: 0:00:11, time: 0.750, data_time: 0.012, memory: 10078, loss_rpn_cls: 0.0030, loss_rpn_bbox: 0.0340, loss_cls: 0.0352, acc: 98.5234, loss_bbox: 0.0833, loss: 0.1554
2020-11-21 10:21:48,193 - mmdet - INFO - Saving checkpoint at 4 epochs
2020-11-21 10:22:15,305 - mmdet - INFO - Evaluating bbox...
2020-11-21 10:22:18,932 - mmdet - INFO - Epoch [4][615/615]	lr: 1.000e-02, bbox_mAP: 0.7880, bbox_mAP_50: 0.8530, bbox_mAP_75: 0.8380, bbox_mAP_s: 0.4830, bbox_mAP_m: 0.8340, bbox_mAP_l: 0.8870, bbox_mAP_copypaste: 0.788 0.853 0.838 0.483 0.834 0.887
2020-11-21 10:22:50,379 - mmdet - INFO - Epoch(train) [4][78]	loss_rpn_cls: 0.0046, loss_rpn_bbox: 0.0353, loss_cls: 0.0431, acc: 98.1921, loss_bbox: 0.0895, loss: 0.1725
