2020-11-20 00:03:00,962 - mmdet - INFO - Environment info:
------------------------------------------------------------
sys.platform: linux
Python: 3.6.4 |Anaconda, Inc.| (default, Jan 16 2018, 18:10:19) [GCC 7.2.0]
CUDA available: True
CUDA_HOME: /usr/local/cuda
NVCC: Cuda compilation tools, release 10.0, V10.0.130
GPU 0: Tesla P100-PCIE-16GB
GCC: gcc (GCC) 5.3.0
PyTorch: 1.3.1+cu100
PyTorch compiling details: PyTorch built with:
  - GCC 7.3
  - Intel(R) Math Kernel Library Version 2019.0.4 Product Build 20190411 for Intel(R) 64 architecture applications
  - Intel(R) MKL-DNN v0.20.5 (Git Hash 0125f28c61c1f822fd48570b4c1066f96fcb9b2e)
  - OpenMP 201511 (a.k.a. OpenMP 4.5)
  - NNPACK is enabled
  - CUDA Runtime 10.0
  - NVCC architecture flags: -gencode;arch=compute_37,code=sm_37;-gencode;arch=compute_50,code=sm_50;-gencode;arch=compute_60,code=sm_60;-gencode;arch=compute_61,code=sm_61;-gencode;arch=compute_70,code=sm_70;-gencode;arch=compute_75,code=sm_75;-gencode;arch=compute_37,code=compute_37
  - CuDNN 7.6.3
  - Magma 2.5.1
  - Build settings: BLAS=MKL, BUILD_NAMEDTENSOR=OFF, BUILD_TYPE=Release, CXX_FLAGS= -Wno-deprecated -fvisibility-inlines-hidden -fopenmp -DUSE_FBGEMM -DUSE_QNNPACK -DUSE_PYTORCH_QNNPACK -O2 -fPIC -Wno-narrowing -Wall -Wextra -Wno-missing-field-initializers -Wno-type-limits -Wno-array-bounds -Wno-unknown-pragmas -Wno-sign-compare -Wno-unused-parameter -Wno-unused-variable -Wno-unused-function -Wno-unused-result -Wno-strict-overflow -Wno-strict-aliasing -Wno-error=deprecated-declarations -Wno-stringop-overflow -Wno-error=pedantic -Wno-error=redundant-decls -Wno-error=old-style-cast -fdiagnostics-color=always -faligned-new -Wno-unused-but-set-variable -Wno-maybe-uninitialized -fno-math-errno -fno-trapping-math -Wno-stringop-overflow, DISABLE_NUMA=1, PERF_WITH_AVX=1, PERF_WITH_AVX2=1, PERF_WITH_AVX512=1, USE_CUDA=True, USE_EXCEPTION_PTR=1, USE_GFLAGS=OFF, USE_GLOG=OFF, USE_MKL=ON, USE_MKLDNN=ON, USE_MPI=OFF, USE_NCCL=ON, USE_NNPACK=ON, USE_OPENMP=ON, USE_STATIC_DISPATCH=OFF, 

TorchVision: 0.4.2+cu100
OpenCV: 4.4.0
MMCV: 1.0.5
MMDetection: 2.3.0+788fa8d
MMDetection Compiler: GCC 7.3
MMDetection CUDA Compiler: 10.0
------------------------------------------------------------

2020-11-20 00:03:00,963 - mmdet - INFO - Distributed training: False
2020-11-20 00:03:01,354 - mmdet - INFO - Config:
model = dict(
    type='FasterRCNN',
    pretrained='torchvision://resnet50',
    backbone=dict(
        type='ResNet',
        depth=50,
        num_stages=4,
        out_indices=(0, 1, 2, 3),
        frozen_stages=1,
        norm_cfg=dict(type='BN', requires_grad=True),
        norm_eval=True,
        style='pytorch'),
    neck=dict(
        type='FPN',
        in_channels=[256, 512, 1024, 2048],
        out_channels=256,
        num_outs=5),
    rpn_head=dict(
        type='RPNHead',
        in_channels=256,
        feat_channels=256,
        anchor_generator=dict(
            type='AnchorGenerator',
            scales=[8],
            ratios=[0.5, 1.0, 2.0],
            strides=[4, 8, 16, 32, 64]),
        bbox_coder=dict(
            type='DeltaXYWHBBoxCoder',
            target_means=[0.0, 0.0, 0.0, 0.0],
            target_stds=[1.0, 1.0, 1.0, 1.0]),
        loss_cls=dict(
            type='CrossEntropyLoss', use_sigmoid=True, loss_weight=1.0),
        loss_bbox=dict(type='L1Loss', loss_weight=1.0)),
    roi_head=dict(
        type='StandardRoIHead',
        bbox_roi_extractor=dict(
            type='SingleRoIExtractor',
            roi_layer=dict(type='RoIAlign', output_size=7, sampling_ratio=0),
            out_channels=256,
            featmap_strides=[4, 8, 16, 32]),
        bbox_head=dict(
            type='Shared2FCBBoxHead',
            in_channels=256,
            fc_out_channels=1024,
            roi_feat_size=7,
            num_classes=2,
            bbox_coder=dict(
                type='DeltaXYWHBBoxCoder',
                target_means=[0.0, 0.0, 0.0, 0.0],
                target_stds=[0.1, 0.1, 0.2, 0.2]),
            reg_class_agnostic=False,
            loss_cls=dict(
                type='CrossEntropyLoss', use_sigmoid=False, loss_weight=1.0),
            loss_bbox=dict(type='L1Loss', loss_weight=1.0))))
train_cfg = dict(
    rpn=dict(
        assigner=dict(
            type='MaxIoUAssigner',
            pos_iou_thr=0.7,
            neg_iou_thr=0.3,
            min_pos_iou=0.3,
            match_low_quality=True,
            ignore_iof_thr=-1),
        sampler=dict(
            type='RandomSampler',
            num=256,
            pos_fraction=0.5,
            neg_pos_ub=-1,
            add_gt_as_proposals=False),
        allowed_border=-1,
        pos_weight=-1,
        debug=False),
    rpn_proposal=dict(
        nms_across_levels=False,
        nms_pre=2000,
        nms_post=1000,
        max_num=1000,
        nms_thr=0.7,
        min_bbox_size=0),
    rcnn=dict(
        assigner=dict(
            type='MaxIoUAssigner',
            pos_iou_thr=0.5,
            neg_iou_thr=0.5,
            min_pos_iou=0.5,
            match_low_quality=False,
            ignore_iof_thr=-1),
        sampler=dict(
            type='RandomSampler',
            num=512,
            pos_fraction=0.25,
            neg_pos_ub=-1,
            add_gt_as_proposals=True),
        pos_weight=-1,
        debug=False))
test_cfg = dict(
    rpn=dict(
        nms_across_levels=False,
        nms_pre=1000,
        nms_post=1000,
        max_num=1000,
        nms_thr=0.7,
        min_bbox_size=0),
    rcnn=dict(
        score_thr=0.05,
        nms=dict(type='nms', iou_threshold=0.5),
        max_per_img=100))
dataset_type = 'CocoDataset'
data_root = 'data/coco/'
img_norm_cfg = dict(
    mean=[123.675, 116.28, 103.53], std=[58.395, 57.12, 57.375], to_rgb=True)
train_pipeline = [
    dict(type='LoadImageFromFile'),
    dict(type='LoadAnnotations', with_bbox=True),
    dict(type='Resize', img_scale=(1550, 1550), keep_ratio=True),
    dict(type='RandomFlip', flip_ratio=0.5),
    dict(
        type='Normalize',
        mean=[123.675, 116.28, 103.53],
        std=[58.395, 57.12, 57.375],
        to_rgb=True),
    dict(type='Pad', size_divisor=32),
    dict(type='DefaultFormatBundle'),
    dict(type='Collect', keys=['img', 'gt_bboxes', 'gt_labels'])
]
test_pipeline = [
    dict(type='LoadImageFromFile'),
    dict(
        type='MultiScaleFlipAug',
        img_scale=(1550, 1550),
        flip=False,
        transforms=[
            dict(type='Resize', keep_ratio=True),
            dict(type='RandomFlip'),
            dict(
                type='Normalize',
                mean=[123.675, 116.28, 103.53],
                std=[58.395, 57.12, 57.375],
                to_rgb=True),
            dict(type='Pad', size_divisor=32),
            dict(type='ImageToTensor', keys=['img']),
            dict(type='Collect', keys=['img'])
        ])
]
data = dict(
    samples_per_gpu=2,
    workers_per_gpu=2,
    train=dict(
        type='CocoDataset',
        ann_file='data/coco/annotations/annotations_trai.json',
        img_prefix='data/coco/img/',
        pipeline=[
            dict(type='LoadImageFromFile'),
            dict(type='LoadAnnotations', with_bbox=True),
            dict(type='Resize', img_scale=(1550, 1550), keep_ratio=True),
            dict(type='RandomFlip', flip_ratio=0.5),
            dict(
                type='Normalize',
                mean=[123.675, 116.28, 103.53],
                std=[58.395, 57.12, 57.375],
                to_rgb=True),
            dict(type='Pad', size_divisor=32),
            dict(type='DefaultFormatBundle'),
            dict(type='Collect', keys=['img', 'gt_bboxes', 'gt_labels'])
        ]),
    val=dict(
        type='CocoDataset',
        ann_file='data/coco/annotations/annotations_test.json',
        img_prefix='data/coco/img/',
        pipeline=[
            dict(type='LoadImageFromFile'),
            dict(
                type='MultiScaleFlipAug',
                img_scale=(1550, 1550),
                flip=False,
                transforms=[
                    dict(type='Resize', keep_ratio=True),
                    dict(type='RandomFlip'),
                    dict(
                        type='Normalize',
                        mean=[123.675, 116.28, 103.53],
                        std=[58.395, 57.12, 57.375],
                        to_rgb=True),
                    dict(type='Pad', size_divisor=32),
                    dict(type='ImageToTensor', keys=['img']),
                    dict(type='Collect', keys=['img'])
                ])
        ]),
    test=dict(
        type='CocoDataset',
        ann_file='data/coco/annotations/annotations_vals.json',
        img_prefix='data/coco/img/',
        pipeline=[
            dict(type='LoadImageFromFile'),
            dict(
                type='MultiScaleFlipAug',
                img_scale=(1550, 1550),
                flip=False,
                transforms=[
                    dict(type='Resize', keep_ratio=True),
                    dict(type='RandomFlip'),
                    dict(
                        type='Normalize',
                        mean=[123.675, 116.28, 103.53],
                        std=[58.395, 57.12, 57.375],
                        to_rgb=True),
                    dict(type='Pad', size_divisor=32),
                    dict(type='ImageToTensor', keys=['img']),
                    dict(type='Collect', keys=['img'])
                ])
        ]))
evaluation = dict(interval=1, metric='bbox')
optimizer = dict(type='SGD', lr=0.01, momentum=0.9, weight_decay=0.0001)
optimizer_config = dict(grad_clip=None)
lr_config = dict(
    policy='step',
    warmup='linear',
    warmup_iters=500,
    warmup_ratio=0.001,
    step=[8, 11])
total_epochs = 4
checkpoint_config = dict(interval=4)
log_config = dict(interval=100, hooks=[dict(type='TextLoggerHook')])
dist_params = dict(backend='nccl')
log_level = 'INFO'
load_from = '/home/admin/.cache/torch/checkpoints/X.pth'
resume_from = None
workflow = [('train', 2), ('val', 1)]
work_dir = '/home/admin/jupyter/SecurityAI_Round5/data/work'
gpu_ids = range(0, 1)

2020-11-20 00:03:01,855 - mmdet - INFO - load model from: torchvision://resnet50
2020-11-20 00:03:09,613 - mmdet - WARNING - The model and loaded state dict do not match exactly

unexpected key in source state_dict: fc.weight, fc.bias

2020-11-20 00:03:19,816 - mmdet - INFO - load checkpoint from /home/admin/.cache/torch/checkpoints/X.pth
2020-11-20 00:03:26,261 - mmdet - INFO - Start running, host: admin@fuxilabor_labor0_S4_Odps_S96_dsw_prepaid_cnsh_838_2020111911384, work_dir: /home/admin/jupyter/SecurityAI_Round5/data/work
2020-11-20 00:03:26,261 - mmdet - INFO - workflow: [('train', 2), ('val', 1)], max: 4 epochs
2020-11-20 00:04:44,076 - mmdet - INFO - Epoch [1][100/623]	lr: 1.988e-03, eta: 0:30:56, time: 0.776, data_time: 0.034, memory: 11885, loss_rpn_cls: 0.0049, loss_rpn_bbox: 0.0378, loss_cls: 0.0404, acc: 98.3096, loss_bbox: 0.0881, loss: 0.1712
2020-11-20 00:05:58,882 - mmdet - INFO - Epoch [1][200/623]	lr: 3.986e-03, eta: 0:29:06, time: 0.748, data_time: 0.012, memory: 11885, loss_rpn_cls: 0.0035, loss_rpn_bbox: 0.0319, loss_cls: 0.0360, acc: 98.4980, loss_bbox: 0.0801, loss: 0.1515
2020-11-20 00:07:13,734 - mmdet - INFO - Epoch [1][300/623]	lr: 5.984e-03, eta: 0:27:40, time: 0.749, data_time: 0.012, memory: 11885, loss_rpn_cls: 0.0031, loss_rpn_bbox: 0.0330, loss_cls: 0.0335, acc: 98.5430, loss_bbox: 0.0787, loss: 0.1482
2020-11-20 00:08:28,518 - mmdet - INFO - Epoch [1][400/623]	lr: 7.982e-03, eta: 0:26:19, time: 0.748, data_time: 0.012, memory: 11885, loss_rpn_cls: 0.0034, loss_rpn_bbox: 0.0370, loss_cls: 0.0342, acc: 98.4834, loss_bbox: 0.0786, loss: 0.1531
2020-11-20 00:09:43,309 - mmdet - INFO - Epoch [1][500/623]	lr: 9.980e-03, eta: 0:25:01, time: 0.748, data_time: 0.012, memory: 11885, loss_rpn_cls: 0.0040, loss_rpn_bbox: 0.0403, loss_cls: 0.0393, acc: 98.3672, loss_bbox: 0.0928, loss: 0.1764
2020-11-20 00:10:58,140 - mmdet - INFO - Epoch [1][600/623]	lr: 1.000e-02, eta: 0:23:44, time: 0.748, data_time: 0.012, memory: 11885, loss_rpn_cls: 0.0046, loss_rpn_bbox: 0.0418, loss_cls: 0.0451, acc: 98.1660, loss_bbox: 0.0985, loss: 0.1900
2020-11-20 00:11:38,037 - mmdet - INFO - Evaluating bbox...
2020-11-20 00:11:40,016 - mmdet - INFO - Epoch [1][623/623]	lr: 1.000e-02, bbox_mAP: 0.7950, bbox_mAP_50: 0.8800, bbox_mAP_75: 0.8640, bbox_mAP_s: 0.5370, bbox_mAP_m: 0.8500, bbox_mAP_l: 0.8690, bbox_mAP_copypaste: 0.795 0.880 0.864 0.537 0.850 0.869
2020-11-20 00:12:57,247 - mmdet - INFO - Epoch [2][100/623]	lr: 1.000e-02, eta: 0:21:33, time: 0.770, data_time: 0.033, memory: 11885, loss_rpn_cls: 0.0040, loss_rpn_bbox: 0.0368, loss_cls: 0.0337, acc: 98.6240, loss_bbox: 0.0849, loss: 0.1594
2020-11-20 00:14:11,948 - mmdet - INFO - Epoch [2][200/623]	lr: 1.000e-02, eta: 0:20:23, time: 0.747, data_time: 0.012, memory: 11885, loss_rpn_cls: 0.0040, loss_rpn_bbox: 0.0392, loss_cls: 0.0375, acc: 98.4658, loss_bbox: 0.0923, loss: 0.1731
2020-11-20 00:15:26,832 - mmdet - INFO - Epoch [2][300/623]	lr: 1.000e-02, eta: 0:19:13, time: 0.749, data_time: 0.012, memory: 11885, loss_rpn_cls: 0.0038, loss_rpn_bbox: 0.0412, loss_cls: 0.0390, acc: 98.3916, loss_bbox: 0.0845, loss: 0.1685
2020-11-20 00:16:41,450 - mmdet - INFO - Epoch [2][400/623]	lr: 1.000e-02, eta: 0:18:01, time: 0.746, data_time: 0.012, memory: 11885, loss_rpn_cls: 0.0048, loss_rpn_bbox: 0.0399, loss_cls: 0.0427, acc: 98.2012, loss_bbox: 0.0936, loss: 0.1810
2020-11-20 00:17:56,186 - mmdet - INFO - Epoch [2][500/623]	lr: 1.000e-02, eta: 0:16:48, time: 0.747, data_time: 0.012, memory: 11910, loss_rpn_cls: 0.0061, loss_rpn_bbox: 0.0437, loss_cls: 0.0467, acc: 97.9980, loss_bbox: 0.1000, loss: 0.1964
2020-11-20 00:19:10,737 - mmdet - INFO - Epoch [2][600/623]	lr: 1.000e-02, eta: 0:15:36, time: 0.746, data_time: 0.012, memory: 11910, loss_rpn_cls: 0.0042, loss_rpn_bbox: 0.0415, loss_cls: 0.0420, acc: 98.2168, loss_bbox: 0.0900, loss: 0.1776
2020-11-20 00:19:50,513 - mmdet - INFO - Evaluating bbox...
2020-11-20 00:19:52,601 - mmdet - INFO - Epoch [2][623/623]	lr: 1.000e-02, bbox_mAP: 0.8000, bbox_mAP_50: 0.8790, bbox_mAP_75: 0.8640, bbox_mAP_s: 0.5220, bbox_mAP_m: 0.8470, bbox_mAP_l: 0.8810, bbox_mAP_copypaste: 0.800 0.879 0.864 0.522 0.847 0.881
2020-11-20 00:20:21,222 - mmdet - INFO - Epoch(train) [2][71]	loss_rpn_cls: 0.0050, loss_rpn_bbox: 0.0448, loss_cls: 0.0417, acc: 98.2257, loss_bbox: 0.0981, loss: 0.1895
2020-11-20 00:21:38,249 - mmdet - INFO - Epoch [3][100/623]	lr: 1.000e-02, eta: 0:13:53, time: 0.768, data_time: 0.033, memory: 11910, loss_rpn_cls: 0.0044, loss_rpn_bbox: 0.0447, loss_cls: 0.0395, acc: 98.3994, loss_bbox: 0.0967, loss: 0.1853
2020-11-20 00:22:52,866 - mmdet - INFO - Epoch [3][200/623]	lr: 1.000e-02, eta: 0:12:42, time: 0.746, data_time: 0.012, memory: 11910, loss_rpn_cls: 0.0040, loss_rpn_bbox: 0.0373, loss_cls: 0.0417, acc: 98.2305, loss_bbox: 0.0909, loss: 0.1738
2020-11-20 00:24:07,328 - mmdet - INFO - Epoch [3][300/623]	lr: 1.000e-02, eta: 0:11:30, time: 0.745, data_time: 0.012, memory: 11910, loss_rpn_cls: 0.0044, loss_rpn_bbox: 0.0378, loss_cls: 0.0372, acc: 98.4453, loss_bbox: 0.0837, loss: 0.1630
2020-11-20 00:25:21,887 - mmdet - INFO - Epoch [3][400/623]	lr: 1.000e-02, eta: 0:10:18, time: 0.746, data_time: 0.013, memory: 11910, loss_rpn_cls: 0.0060, loss_rpn_bbox: 0.0388, loss_cls: 0.0390, acc: 98.4453, loss_bbox: 0.0920, loss: 0.1758
2020-11-20 00:26:36,816 - mmdet - INFO - Epoch [3][500/623]	lr: 1.000e-02, eta: 0:09:05, time: 0.749, data_time: 0.013, memory: 11910, loss_rpn_cls: 0.0036, loss_rpn_bbox: 0.0415, loss_cls: 0.0400, acc: 98.3262, loss_bbox: 0.0979, loss: 0.1830
2020-11-20 00:27:52,062 - mmdet - INFO - Epoch [3][600/623]	lr: 1.000e-02, eta: 0:07:53, time: 0.752, data_time: 0.012, memory: 11910, loss_rpn_cls: 0.0043, loss_rpn_bbox: 0.0441, loss_cls: 0.0475, acc: 97.8994, loss_bbox: 0.1063, loss: 0.2022
2020-11-20 00:28:32,018 - mmdet - INFO - Evaluating bbox...
2020-11-20 00:28:33,968 - mmdet - INFO - Epoch [3][623/623]	lr: 1.000e-02, bbox_mAP: 0.8010, bbox_mAP_50: 0.8750, bbox_mAP_75: 0.8640, bbox_mAP_s: 0.5280, bbox_mAP_m: 0.8390, bbox_mAP_l: 0.8850, bbox_mAP_copypaste: 0.801 0.875 0.864 0.528 0.839 0.885
2020-11-20 00:29:51,108 - mmdet - INFO - Epoch [4][100/623]	lr: 1.000e-02, eta: 0:06:19, time: 0.769, data_time: 0.033, memory: 11910, loss_rpn_cls: 0.0032, loss_rpn_bbox: 0.0360, loss_cls: 0.0307, acc: 98.7412, loss_bbox: 0.0825, loss: 0.1524
2020-11-20 00:31:05,724 - mmdet - INFO - Epoch [4][200/623]	lr: 1.000e-02, eta: 0:05:07, time: 0.746, data_time: 0.012, memory: 11910, loss_rpn_cls: 0.0036, loss_rpn_bbox: 0.0411, loss_cls: 0.0392, acc: 98.3301, loss_bbox: 0.0963, loss: 0.1802
2020-11-20 00:32:20,655 - mmdet - INFO - Epoch [4][300/623]	lr: 1.000e-02, eta: 0:03:55, time: 0.749, data_time: 0.012, memory: 11910, loss_rpn_cls: 0.0043, loss_rpn_bbox: 0.0412, loss_cls: 0.0461, acc: 97.9609, loss_bbox: 0.0969, loss: 0.1885
2020-11-20 00:33:35,497 - mmdet - INFO - Epoch [4][400/623]	lr: 1.000e-02, eta: 0:02:42, time: 0.748, data_time: 0.012, memory: 11910, loss_rpn_cls: 0.0040, loss_rpn_bbox: 0.0446, loss_cls: 0.0388, acc: 98.3926, loss_bbox: 0.0944, loss: 0.1818
2020-11-20 00:34:50,143 - mmdet - INFO - Epoch [4][500/623]	lr: 1.000e-02, eta: 0:01:29, time: 0.746, data_time: 0.012, memory: 11910, loss_rpn_cls: 0.0033, loss_rpn_bbox: 0.0378, loss_cls: 0.0401, acc: 98.2949, loss_bbox: 0.0920, loss: 0.1733
2020-11-20 00:36:04,984 - mmdet - INFO - Epoch [4][600/623]	lr: 1.000e-02, eta: 0:00:16, time: 0.748, data_time: 0.012, memory: 11910, loss_rpn_cls: 0.0035, loss_rpn_bbox: 0.0360, loss_cls: 0.0363, acc: 98.5742, loss_bbox: 0.0891, loss: 0.1649
2020-11-20 00:36:22,314 - mmdet - INFO - Saving checkpoint at 4 epochs
2020-11-20 00:36:49,579 - mmdet - INFO - Evaluating bbox...
2020-11-20 00:36:51,537 - mmdet - INFO - Epoch [4][623/623]	lr: 1.000e-02, bbox_mAP: 0.8150, bbox_mAP_50: 0.8840, bbox_mAP_75: 0.8780, bbox_mAP_s: 0.5380, bbox_mAP_m: 0.8550, bbox_mAP_l: 0.8890, bbox_mAP_copypaste: 0.815 0.884 0.878 0.538 0.855 0.889
2020-11-20 00:37:20,266 - mmdet - INFO - Epoch(train) [4][71]	loss_rpn_cls: 0.0038, loss_rpn_bbox: 0.0400, loss_cls: 0.0447, acc: 98.1046, loss_bbox: 0.0939, loss: 0.1824
