2020-11-19 19:50:19,610 - mmdet - INFO - Environment info:
------------------------------------------------------------
sys.platform: linux
Python: 3.6.4 |Anaconda, Inc.| (default, Jan 16 2018, 18:10:19) [GCC 7.2.0]
CUDA available: True
CUDA_HOME: /usr/local/cuda
NVCC: Cuda compilation tools, release 10.0, V10.0.130
GPU 0: Tesla P100-PCIE-16GB
GCC: gcc (GCC) 5.3.0
PyTorch: 1.3.1+cu100
PyTorch compiling details: PyTorch built with:
  - GCC 7.3
  - Intel(R) Math Kernel Library Version 2019.0.4 Product Build 20190411 for Intel(R) 64 architecture applications
  - Intel(R) MKL-DNN v0.20.5 (Git Hash 0125f28c61c1f822fd48570b4c1066f96fcb9b2e)
  - OpenMP 201511 (a.k.a. OpenMP 4.5)
  - NNPACK is enabled
  - CUDA Runtime 10.0
  - NVCC architecture flags: -gencode;arch=compute_37,code=sm_37;-gencode;arch=compute_50,code=sm_50;-gencode;arch=compute_60,code=sm_60;-gencode;arch=compute_61,code=sm_61;-gencode;arch=compute_70,code=sm_70;-gencode;arch=compute_75,code=sm_75;-gencode;arch=compute_37,code=compute_37
  - CuDNN 7.6.3
  - Magma 2.5.1
  - Build settings: BLAS=MKL, BUILD_NAMEDTENSOR=OFF, BUILD_TYPE=Release, CXX_FLAGS= -Wno-deprecated -fvisibility-inlines-hidden -fopenmp -DUSE_FBGEMM -DUSE_QNNPACK -DUSE_PYTORCH_QNNPACK -O2 -fPIC -Wno-narrowing -Wall -Wextra -Wno-missing-field-initializers -Wno-type-limits -Wno-array-bounds -Wno-unknown-pragmas -Wno-sign-compare -Wno-unused-parameter -Wno-unused-variable -Wno-unused-function -Wno-unused-result -Wno-strict-overflow -Wno-strict-aliasing -Wno-error=deprecated-declarations -Wno-stringop-overflow -Wno-error=pedantic -Wno-error=redundant-decls -Wno-error=old-style-cast -fdiagnostics-color=always -faligned-new -Wno-unused-but-set-variable -Wno-maybe-uninitialized -fno-math-errno -fno-trapping-math -Wno-stringop-overflow, DISABLE_NUMA=1, PERF_WITH_AVX=1, PERF_WITH_AVX2=1, PERF_WITH_AVX512=1, USE_CUDA=True, USE_EXCEPTION_PTR=1, USE_GFLAGS=OFF, USE_GLOG=OFF, USE_MKL=ON, USE_MKLDNN=ON, USE_MPI=OFF, USE_NCCL=ON, USE_NNPACK=ON, USE_OPENMP=ON, USE_STATIC_DISPATCH=OFF, 

TorchVision: 0.4.2+cu100
OpenCV: 4.4.0
MMCV: 1.0.5
MMDetection: 2.3.0+788fa8d
MMDetection Compiler: GCC 7.3
MMDetection CUDA Compiler: 10.0
------------------------------------------------------------

2020-11-19 19:50:19,610 - mmdet - INFO - Distributed training: False
2020-11-19 19:50:20,006 - mmdet - INFO - Config:
model = dict(
    type='FasterRCNN',
    pretrained='torchvision://resnet50',
    backbone=dict(
        type='ResNet',
        depth=50,
        num_stages=4,
        out_indices=(0, 1, 2, 3),
        frozen_stages=1,
        norm_cfg=dict(type='BN', requires_grad=True),
        norm_eval=True,
        style='pytorch'),
    neck=dict(
        type='FPN',
        in_channels=[256, 512, 1024, 2048],
        out_channels=256,
        num_outs=5),
    rpn_head=dict(
        type='RPNHead',
        in_channels=256,
        feat_channels=256,
        anchor_generator=dict(
            type='AnchorGenerator',
            scales=[8],
            ratios=[0.5, 1.0, 2.0],
            strides=[4, 8, 16, 32, 64]),
        bbox_coder=dict(
            type='DeltaXYWHBBoxCoder',
            target_means=[0.0, 0.0, 0.0, 0.0],
            target_stds=[1.0, 1.0, 1.0, 1.0]),
        loss_cls=dict(
            type='CrossEntropyLoss', use_sigmoid=True, loss_weight=1.0),
        loss_bbox=dict(type='L1Loss', loss_weight=1.0)),
    roi_head=dict(
        type='StandardRoIHead',
        bbox_roi_extractor=dict(
            type='SingleRoIExtractor',
            roi_layer=dict(type='RoIAlign', output_size=7, sampling_ratio=0),
            out_channels=256,
            featmap_strides=[4, 8, 16, 32]),
        bbox_head=dict(
            type='Shared2FCBBoxHead',
            in_channels=256,
            fc_out_channels=1024,
            roi_feat_size=7,
            num_classes=2,
            bbox_coder=dict(
                type='DeltaXYWHBBoxCoder',
                target_means=[0.0, 0.0, 0.0, 0.0],
                target_stds=[0.1, 0.1, 0.2, 0.2]),
            reg_class_agnostic=False,
            loss_cls=dict(
                type='CrossEntropyLoss', use_sigmoid=False, loss_weight=1.0),
            loss_bbox=dict(type='L1Loss', loss_weight=1.0))))
train_cfg = dict(
    rpn=dict(
        assigner=dict(
            type='MaxIoUAssigner',
            pos_iou_thr=0.7,
            neg_iou_thr=0.3,
            min_pos_iou=0.3,
            match_low_quality=True,
            ignore_iof_thr=-1),
        sampler=dict(
            type='RandomSampler',
            num=256,
            pos_fraction=0.5,
            neg_pos_ub=-1,
            add_gt_as_proposals=False),
        allowed_border=-1,
        pos_weight=-1,
        debug=False),
    rpn_proposal=dict(
        nms_across_levels=False,
        nms_pre=2000,
        nms_post=1000,
        max_num=1000,
        nms_thr=0.7,
        min_bbox_size=0),
    rcnn=dict(
        assigner=dict(
            type='MaxIoUAssigner',
            pos_iou_thr=0.5,
            neg_iou_thr=0.5,
            min_pos_iou=0.5,
            match_low_quality=False,
            ignore_iof_thr=-1),
        sampler=dict(
            type='RandomSampler',
            num=512,
            pos_fraction=0.25,
            neg_pos_ub=-1,
            add_gt_as_proposals=True),
        pos_weight=-1,
        debug=False))
test_cfg = dict(
    rpn=dict(
        nms_across_levels=False,
        nms_pre=1000,
        nms_post=1000,
        max_num=1000,
        nms_thr=0.7,
        min_bbox_size=0),
    rcnn=dict(
        score_thr=0.05,
        nms=dict(type='nms', iou_threshold=0.5),
        max_per_img=100))
dataset_type = 'CocoDataset'
data_root = 'data/coco/'
img_norm_cfg = dict(
    mean=[123.675, 116.28, 103.53], std=[58.395, 57.12, 57.375], to_rgb=True)
train_pipeline = [
    dict(type='LoadImageFromFile'),
    dict(type='LoadAnnotations', with_bbox=True),
    dict(type='Resize', img_scale=(1550, 1550), keep_ratio=True),
    dict(type='RandomFlip', flip_ratio=0.5),
    dict(
        type='Normalize',
        mean=[123.675, 116.28, 103.53],
        std=[58.395, 57.12, 57.375],
        to_rgb=True),
    dict(type='Pad', size_divisor=32),
    dict(type='DefaultFormatBundle'),
    dict(type='Collect', keys=['img', 'gt_bboxes', 'gt_labels'])
]
test_pipeline = [
    dict(type='LoadImageFromFile'),
    dict(
        type='MultiScaleFlipAug',
        img_scale=(1550, 1550),
        flip=False,
        transforms=[
            dict(type='Resize', keep_ratio=True),
            dict(type='RandomFlip'),
            dict(
                type='Normalize',
                mean=[123.675, 116.28, 103.53],
                std=[58.395, 57.12, 57.375],
                to_rgb=True),
            dict(type='Pad', size_divisor=32),
            dict(type='ImageToTensor', keys=['img']),
            dict(type='Collect', keys=['img'])
        ])
]
data = dict(
    samples_per_gpu=2,
    workers_per_gpu=2,
    train=dict(
        type='CocoDataset',
        ann_file='data/coco/annotations/annotations_trai.json',
        img_prefix='data/coco/img/',
        pipeline=[
            dict(type='LoadImageFromFile'),
            dict(type='LoadAnnotations', with_bbox=True),
            dict(type='Resize', img_scale=(1550, 1550), keep_ratio=True),
            dict(type='RandomFlip', flip_ratio=0.5),
            dict(
                type='Normalize',
                mean=[123.675, 116.28, 103.53],
                std=[58.395, 57.12, 57.375],
                to_rgb=True),
            dict(type='Pad', size_divisor=32),
            dict(type='DefaultFormatBundle'),
            dict(type='Collect', keys=['img', 'gt_bboxes', 'gt_labels'])
        ]),
    val=dict(
        type='CocoDataset',
        ann_file='data/coco/annotations/annotations_test.json',
        img_prefix='data/coco/img/',
        pipeline=[
            dict(type='LoadImageFromFile'),
            dict(
                type='MultiScaleFlipAug',
                img_scale=(1550, 1550),
                flip=False,
                transforms=[
                    dict(type='Resize', keep_ratio=True),
                    dict(type='RandomFlip'),
                    dict(
                        type='Normalize',
                        mean=[123.675, 116.28, 103.53],
                        std=[58.395, 57.12, 57.375],
                        to_rgb=True),
                    dict(type='Pad', size_divisor=32),
                    dict(type='ImageToTensor', keys=['img']),
                    dict(type='Collect', keys=['img'])
                ])
        ]),
    test=dict(
        type='CocoDataset',
        ann_file='data/coco/annotations/annotations_vals.json',
        img_prefix='data/coco/img/',
        pipeline=[
            dict(type='LoadImageFromFile'),
            dict(
                type='MultiScaleFlipAug',
                img_scale=(1550, 1550),
                flip=False,
                transforms=[
                    dict(type='Resize', keep_ratio=True),
                    dict(type='RandomFlip'),
                    dict(
                        type='Normalize',
                        mean=[123.675, 116.28, 103.53],
                        std=[58.395, 57.12, 57.375],
                        to_rgb=True),
                    dict(type='Pad', size_divisor=32),
                    dict(type='ImageToTensor', keys=['img']),
                    dict(type='Collect', keys=['img'])
                ])
        ]))
evaluation = dict(interval=1, metric='bbox')
optimizer = dict(type='SGD', lr=0.01, momentum=0.9, weight_decay=0.0001)
optimizer_config = dict(grad_clip=None)
lr_config = dict(
    policy='step',
    warmup='linear',
    warmup_iters=500,
    warmup_ratio=0.001,
    step=[8, 11])
total_epochs = 4
checkpoint_config = dict(interval=4)
log_config = dict(interval=100, hooks=[dict(type='TextLoggerHook')])
dist_params = dict(backend='nccl')
log_level = 'INFO'
load_from = '/home/admin/.cache/torch/checkpoints/X.pth'
resume_from = None
workflow = [('train', 2), ('val', 1)]
work_dir = '/home/admin/jupyter/SecurityAI_Round5/data/work'
gpu_ids = range(0, 1)

2020-11-19 19:50:20,503 - mmdet - INFO - load model from: torchvision://resnet50
2020-11-19 19:50:28,534 - mmdet - WARNING - The model and loaded state dict do not match exactly

unexpected key in source state_dict: fc.weight, fc.bias

2020-11-19 19:50:39,083 - mmdet - INFO - load checkpoint from /home/admin/.cache/torch/checkpoints/X.pth
2020-11-19 19:50:45,781 - mmdet - INFO - Start running, host: admin@fuxilabor_labor0_S4_Odps_S96_dsw_prepaid_cnsh_838_2020111911384, work_dir: /home/admin/jupyter/SecurityAI_Round5/data/work
2020-11-19 19:50:45,781 - mmdet - INFO - workflow: [('train', 2), ('val', 1)], max: 4 epochs
2020-11-19 19:52:03,345 - mmdet - INFO - Epoch [1][100/627]	lr: 1.988e-03, eta: 0:31:03, time: 0.774, data_time: 0.033, memory: 10052, loss_rpn_cls: 0.0028, loss_rpn_bbox: 0.0355, loss_cls: 0.0364, acc: 98.4092, loss_bbox: 0.0870, loss: 0.1617
2020-11-19 19:53:18,381 - mmdet - INFO - Epoch [1][200/627]	lr: 3.986e-03, eta: 0:29:18, time: 0.750, data_time: 0.012, memory: 10052, loss_rpn_cls: 0.0036, loss_rpn_bbox: 0.0359, loss_cls: 0.0429, acc: 98.2217, loss_bbox: 0.0950, loss: 0.1775
2020-11-19 19:54:33,231 - mmdet - INFO - Epoch [1][300/627]	lr: 5.984e-03, eta: 0:27:52, time: 0.748, data_time: 0.012, memory: 10052, loss_rpn_cls: 0.0025, loss_rpn_bbox: 0.0318, loss_cls: 0.0383, acc: 98.3828, loss_bbox: 0.0852, loss: 0.1578
2020-11-19 19:55:47,895 - mmdet - INFO - Epoch [1][400/627]	lr: 7.982e-03, eta: 0:26:31, time: 0.747, data_time: 0.012, memory: 10052, loss_rpn_cls: 0.0024, loss_rpn_bbox: 0.0327, loss_cls: 0.0331, acc: 98.6240, loss_bbox: 0.0810, loss: 0.1493
2020-11-19 19:57:02,722 - mmdet - INFO - Epoch [1][500/627]	lr: 9.980e-03, eta: 0:25:13, time: 0.748, data_time: 0.012, memory: 10052, loss_rpn_cls: 0.0029, loss_rpn_bbox: 0.0351, loss_cls: 0.0403, acc: 98.1934, loss_bbox: 0.0882, loss: 0.1664
2020-11-19 19:58:17,598 - mmdet - INFO - Epoch [1][600/627]	lr: 1.000e-02, eta: 0:23:56, time: 0.749, data_time: 0.012, memory: 11887, loss_rpn_cls: 0.0044, loss_rpn_bbox: 0.0408, loss_cls: 0.0459, acc: 98.1387, loss_bbox: 0.0957, loss: 0.1868
2020-11-19 19:59:02,237 - mmdet - INFO - Evaluating bbox...
2020-11-19 19:59:03,809 - mmdet - INFO - Epoch [1][627/627]	lr: 1.000e-02, bbox_mAP: 0.8500, bbox_mAP_50: 0.9130, bbox_mAP_75: 0.9040, bbox_mAP_s: 0.5770, bbox_mAP_m: 0.8670, bbox_mAP_l: 0.9110, bbox_mAP_copypaste: 0.850 0.913 0.904 0.577 0.867 0.911
2020-11-19 20:00:20,952 - mmdet - INFO - Epoch [2][100/627]	lr: 1.000e-02, eta: 0:21:34, time: 0.769, data_time: 0.033, memory: 11887, loss_rpn_cls: 0.0040, loss_rpn_bbox: 0.0357, loss_cls: 0.0368, acc: 98.5156, loss_bbox: 0.0837, loss: 0.1603
2020-11-19 20:01:36,039 - mmdet - INFO - Epoch [2][200/627]	lr: 1.000e-02, eta: 0:20:27, time: 0.751, data_time: 0.012, memory: 11887, loss_rpn_cls: 0.0034, loss_rpn_bbox: 0.0398, loss_cls: 0.0449, acc: 98.1475, loss_bbox: 0.1027, loss: 0.1908
2020-11-19 20:02:50,836 - mmdet - INFO - Epoch [2][300/627]	lr: 1.000e-02, eta: 0:19:17, time: 0.748, data_time: 0.012, memory: 11887, loss_rpn_cls: 0.0044, loss_rpn_bbox: 0.0437, loss_cls: 0.0483, acc: 97.9561, loss_bbox: 0.1000, loss: 0.1964
2020-11-19 20:04:05,376 - mmdet - INFO - Epoch [2][400/627]	lr: 1.000e-02, eta: 0:18:05, time: 0.745, data_time: 0.012, memory: 11887, loss_rpn_cls: 0.0029, loss_rpn_bbox: 0.0383, loss_cls: 0.0395, acc: 98.3477, loss_bbox: 0.0925, loss: 0.1732
2020-11-19 20:05:20,210 - mmdet - INFO - Epoch [2][500/627]	lr: 1.000e-02, eta: 0:16:54, time: 0.748, data_time: 0.012, memory: 11887, loss_rpn_cls: 0.0037, loss_rpn_bbox: 0.0404, loss_cls: 0.0400, acc: 98.3066, loss_bbox: 0.0909, loss: 0.1749
2020-11-19 20:06:34,882 - mmdet - INFO - Epoch [2][600/627]	lr: 1.000e-02, eta: 0:15:42, time: 0.747, data_time: 0.012, memory: 11887, loss_rpn_cls: 0.0031, loss_rpn_bbox: 0.0378, loss_cls: 0.0372, acc: 98.4365, loss_bbox: 0.0897, loss: 0.1677
2020-11-19 20:07:19,652 - mmdet - INFO - Evaluating bbox...
2020-11-19 20:07:21,224 - mmdet - INFO - Epoch [2][627/627]	lr: 1.000e-02, bbox_mAP: 0.8310, bbox_mAP_50: 0.8980, bbox_mAP_75: 0.8880, bbox_mAP_s: 0.5650, bbox_mAP_m: 0.8670, bbox_mAP_l: 0.8970, bbox_mAP_copypaste: 0.831 0.898 0.888 0.565 0.867 0.897
2020-11-19 20:07:52,033 - mmdet - INFO - Epoch(train) [2][77]	loss_rpn_cls: 0.0028, loss_rpn_bbox: 0.0367, loss_cls: 0.0389, acc: 98.3069, loss_bbox: 0.0901, loss: 0.1685
2020-11-19 20:09:09,120 - mmdet - INFO - Epoch [3][100/627]	lr: 1.000e-02, eta: 0:13:54, time: 0.769, data_time: 0.033, memory: 11887, loss_rpn_cls: 0.0024, loss_rpn_bbox: 0.0389, loss_cls: 0.0387, acc: 98.3271, loss_bbox: 0.0950, loss: 0.1750
2020-11-19 20:10:23,999 - mmdet - INFO - Epoch [3][200/627]	lr: 1.000e-02, eta: 0:12:44, time: 0.749, data_time: 0.012, memory: 11887, loss_rpn_cls: 0.0034, loss_rpn_bbox: 0.0389, loss_cls: 0.0425, acc: 98.2705, loss_bbox: 0.0958, loss: 0.1807
2020-11-19 20:11:38,686 - mmdet - INFO - Epoch [3][300/627]	lr: 1.000e-02, eta: 0:11:33, time: 0.747, data_time: 0.012, memory: 11887, loss_rpn_cls: 0.0036, loss_rpn_bbox: 0.0409, loss_cls: 0.0451, acc: 98.1182, loss_bbox: 0.1026, loss: 0.1922
2020-11-19 20:12:53,535 - mmdet - INFO - Epoch [3][400/627]	lr: 1.000e-02, eta: 0:10:21, time: 0.748, data_time: 0.012, memory: 11913, loss_rpn_cls: 0.0040, loss_rpn_bbox: 0.0392, loss_cls: 0.0381, acc: 98.4199, loss_bbox: 0.0980, loss: 0.1793
2020-11-19 20:14:08,364 - mmdet - INFO - Epoch [3][500/627]	lr: 1.000e-02, eta: 0:09:09, time: 0.748, data_time: 0.012, memory: 11913, loss_rpn_cls: 0.0052, loss_rpn_bbox: 0.0404, loss_cls: 0.0436, acc: 98.1855, loss_bbox: 0.0929, loss: 0.1821
2020-11-19 20:15:23,228 - mmdet - INFO - Epoch [3][600/627]	lr: 1.000e-02, eta: 0:07:57, time: 0.749, data_time: 0.012, memory: 11913, loss_rpn_cls: 0.0047, loss_rpn_bbox: 0.0424, loss_cls: 0.0482, acc: 97.9619, loss_bbox: 0.0999, loss: 0.1952
2020-11-19 20:16:07,835 - mmdet - INFO - Evaluating bbox...
2020-11-19 20:16:09,450 - mmdet - INFO - Epoch [3][627/627]	lr: 1.000e-02, bbox_mAP: 0.8290, bbox_mAP_50: 0.9030, bbox_mAP_75: 0.8870, bbox_mAP_s: 0.5690, bbox_mAP_m: 0.8420, bbox_mAP_l: 0.8910, bbox_mAP_copypaste: 0.829 0.903 0.887 0.569 0.842 0.891
2020-11-19 20:17:26,683 - mmdet - INFO - Epoch [4][100/627]	lr: 1.000e-02, eta: 0:06:20, time: 0.770, data_time: 0.033, memory: 11913, loss_rpn_cls: 0.0040, loss_rpn_bbox: 0.0400, loss_cls: 0.0430, acc: 98.2266, loss_bbox: 0.0993, loss: 0.1862
2020-11-19 20:18:41,525 - mmdet - INFO - Epoch [4][200/627]	lr: 1.000e-02, eta: 0:05:08, time: 0.748, data_time: 0.012, memory: 11913, loss_rpn_cls: 0.0039, loss_rpn_bbox: 0.0407, loss_cls: 0.0443, acc: 98.0898, loss_bbox: 0.0973, loss: 0.1863
2020-11-19 20:19:56,398 - mmdet - INFO - Epoch [4][300/627]	lr: 1.000e-02, eta: 0:03:56, time: 0.749, data_time: 0.012, memory: 11913, loss_rpn_cls: 0.0033, loss_rpn_bbox: 0.0406, loss_cls: 0.0381, acc: 98.4238, loss_bbox: 0.0942, loss: 0.1762
2020-11-19 20:21:11,323 - mmdet - INFO - Epoch [4][400/627]	lr: 1.000e-02, eta: 0:02:44, time: 0.749, data_time: 0.012, memory: 11913, loss_rpn_cls: 0.0032, loss_rpn_bbox: 0.0425, loss_cls: 0.0444, acc: 98.1709, loss_bbox: 0.1033, loss: 0.1935
2020-11-19 20:22:26,113 - mmdet - INFO - Epoch [4][500/627]	lr: 1.000e-02, eta: 0:01:32, time: 0.748, data_time: 0.012, memory: 11913, loss_rpn_cls: 0.0032, loss_rpn_bbox: 0.0406, loss_cls: 0.0454, acc: 98.0488, loss_bbox: 0.0965, loss: 0.1856
2020-11-19 20:23:41,258 - mmdet - INFO - Epoch [4][600/627]	lr: 1.000e-02, eta: 0:00:19, time: 0.751, data_time: 0.012, memory: 11913, loss_rpn_cls: 0.0037, loss_rpn_bbox: 0.0398, loss_cls: 0.0422, acc: 98.2432, loss_bbox: 0.0971, loss: 0.1827
2020-11-19 20:24:01,201 - mmdet - INFO - Saving checkpoint at 4 epochs
2020-11-19 20:28:05,059 - mmdet - INFO - Evaluating bbox...
2020-11-19 20:28:06,685 - mmdet - INFO - Epoch [4][627/627]	lr: 1.000e-02, bbox_mAP: 0.8300, bbox_mAP_50: 0.9020, bbox_mAP_75: 0.8880, bbox_mAP_s: 0.5580, bbox_mAP_m: 0.8520, bbox_mAP_l: 0.8970, bbox_mAP_copypaste: 0.830 0.902 0.888 0.558 0.852 0.897
2020-11-19 20:28:37,386 - mmdet - INFO - Epoch(train) [4][77]	loss_rpn_cls: 0.0037, loss_rpn_bbox: 0.0398, loss_cls: 0.0431, acc: 98.1927, loss_bbox: 0.0902, loss: 0.1767
