2020-11-18 02:54:04,097 - mmdet - INFO - Environment info:
------------------------------------------------------------
sys.platform: linux
Python: 3.6.4 |Anaconda, Inc.| (default, Jan 16 2018, 18:10:19) [GCC 7.2.0]
CUDA available: True
CUDA_HOME: /usr/local/cuda
NVCC: Cuda compilation tools, release 10.0, V10.0.130
GPU 0: Tesla P100-PCIE-16GB
GCC: gcc (GCC) 5.3.0
PyTorch: 1.3.1+cu100
PyTorch compiling details: PyTorch built with:
  - GCC 7.3
  - Intel(R) Math Kernel Library Version 2019.0.4 Product Build 20190411 for Intel(R) 64 architecture applications
  - Intel(R) MKL-DNN v0.20.5 (Git Hash 0125f28c61c1f822fd48570b4c1066f96fcb9b2e)
  - OpenMP 201511 (a.k.a. OpenMP 4.5)
  - NNPACK is enabled
  - CUDA Runtime 10.0
  - NVCC architecture flags: -gencode;arch=compute_37,code=sm_37;-gencode;arch=compute_50,code=sm_50;-gencode;arch=compute_60,code=sm_60;-gencode;arch=compute_61,code=sm_61;-gencode;arch=compute_70,code=sm_70;-gencode;arch=compute_75,code=sm_75;-gencode;arch=compute_37,code=compute_37
  - CuDNN 7.6.3
  - Magma 2.5.1
  - Build settings: BLAS=MKL, BUILD_NAMEDTENSOR=OFF, BUILD_TYPE=Release, CXX_FLAGS= -Wno-deprecated -fvisibility-inlines-hidden -fopenmp -DUSE_FBGEMM -DUSE_QNNPACK -DUSE_PYTORCH_QNNPACK -O2 -fPIC -Wno-narrowing -Wall -Wextra -Wno-missing-field-initializers -Wno-type-limits -Wno-array-bounds -Wno-unknown-pragmas -Wno-sign-compare -Wno-unused-parameter -Wno-unused-variable -Wno-unused-function -Wno-unused-result -Wno-strict-overflow -Wno-strict-aliasing -Wno-error=deprecated-declarations -Wno-stringop-overflow -Wno-error=pedantic -Wno-error=redundant-decls -Wno-error=old-style-cast -fdiagnostics-color=always -faligned-new -Wno-unused-but-set-variable -Wno-maybe-uninitialized -fno-math-errno -fno-trapping-math -Wno-stringop-overflow, DISABLE_NUMA=1, PERF_WITH_AVX=1, PERF_WITH_AVX2=1, PERF_WITH_AVX512=1, USE_CUDA=True, USE_EXCEPTION_PTR=1, USE_GFLAGS=OFF, USE_GLOG=OFF, USE_MKL=ON, USE_MKLDNN=ON, USE_MPI=OFF, USE_NCCL=ON, USE_NNPACK=ON, USE_OPENMP=ON, USE_STATIC_DISPATCH=OFF, 

TorchVision: 0.4.2+cu100
OpenCV: 4.4.0
MMCV: 1.0.5
MMDetection: 2.3.0+788fa8d
MMDetection Compiler: GCC 7.3
MMDetection CUDA Compiler: 10.0
------------------------------------------------------------

2020-11-18 02:54:04,097 - mmdet - INFO - Distributed training: False
2020-11-18 02:54:04,492 - mmdet - INFO - Config:
model = dict(
    type='FasterRCNN',
    pretrained='torchvision://resnet50',
    backbone=dict(
        type='ResNet',
        depth=50,
        num_stages=4,
        out_indices=(0, 1, 2, 3),
        frozen_stages=1,
        norm_cfg=dict(type='BN', requires_grad=True),
        norm_eval=True,
        style='pytorch'),
    neck=dict(
        type='FPN',
        in_channels=[256, 512, 1024, 2048],
        out_channels=256,
        num_outs=5),
    rpn_head=dict(
        type='RPNHead',
        in_channels=256,
        feat_channels=256,
        anchor_generator=dict(
            type='AnchorGenerator',
            scales=[8],
            ratios=[0.5, 1.0, 2.0],
            strides=[4, 8, 16, 32, 64]),
        bbox_coder=dict(
            type='DeltaXYWHBBoxCoder',
            target_means=[0.0, 0.0, 0.0, 0.0],
            target_stds=[1.0, 1.0, 1.0, 1.0]),
        loss_cls=dict(
            type='CrossEntropyLoss', use_sigmoid=True, loss_weight=1.0),
        loss_bbox=dict(type='L1Loss', loss_weight=1.0)),
    roi_head=dict(
        type='StandardRoIHead',
        bbox_roi_extractor=dict(
            type='SingleRoIExtractor',
            roi_layer=dict(type='RoIAlign', output_size=7, sampling_ratio=0),
            out_channels=256,
            featmap_strides=[4, 8, 16, 32]),
        bbox_head=dict(
            type='Shared2FCBBoxHead',
            in_channels=256,
            fc_out_channels=1024,
            roi_feat_size=7,
            num_classes=2,
            bbox_coder=dict(
                type='DeltaXYWHBBoxCoder',
                target_means=[0.0, 0.0, 0.0, 0.0],
                target_stds=[0.1, 0.1, 0.2, 0.2]),
            reg_class_agnostic=False,
            loss_cls=dict(
                type='CrossEntropyLoss', use_sigmoid=False, loss_weight=1.0),
            loss_bbox=dict(type='L1Loss', loss_weight=1.0))))
train_cfg = dict(
    rpn=dict(
        assigner=dict(
            type='MaxIoUAssigner',
            pos_iou_thr=0.7,
            neg_iou_thr=0.3,
            min_pos_iou=0.3,
            match_low_quality=True,
            ignore_iof_thr=-1),
        sampler=dict(
            type='RandomSampler',
            num=256,
            pos_fraction=0.5,
            neg_pos_ub=-1,
            add_gt_as_proposals=False),
        allowed_border=-1,
        pos_weight=-1,
        debug=False),
    rpn_proposal=dict(
        nms_across_levels=False,
        nms_pre=2000,
        nms_post=1000,
        max_num=1000,
        nms_thr=0.7,
        min_bbox_size=0),
    rcnn=dict(
        assigner=dict(
            type='MaxIoUAssigner',
            pos_iou_thr=0.5,
            neg_iou_thr=0.5,
            min_pos_iou=0.5,
            match_low_quality=False,
            ignore_iof_thr=-1),
        sampler=dict(
            type='RandomSampler',
            num=512,
            pos_fraction=0.25,
            neg_pos_ub=-1,
            add_gt_as_proposals=True),
        pos_weight=-1,
        debug=False))
test_cfg = dict(
    rpn=dict(
        nms_across_levels=False,
        nms_pre=1000,
        nms_post=1000,
        max_num=1000,
        nms_thr=0.7,
        min_bbox_size=0),
    rcnn=dict(
        score_thr=0.05,
        nms=dict(type='nms', iou_threshold=0.5),
        max_per_img=100))
dataset_type = 'CocoDataset'
data_root = 'data/coco/'
img_norm_cfg = dict(
    mean=[123.675, 116.28, 103.53], std=[58.395, 57.12, 57.375], to_rgb=True)
train_pipeline = [
    dict(type='LoadImageFromFile'),
    dict(type='LoadAnnotations', with_bbox=True),
    dict(type='Resize', img_scale=(1550, 1550), keep_ratio=True),
    dict(type='RandomFlip', flip_ratio=0.5),
    dict(
        type='Normalize',
        mean=[123.675, 116.28, 103.53],
        std=[58.395, 57.12, 57.375],
        to_rgb=True),
    dict(type='Pad', size_divisor=32),
    dict(type='DefaultFormatBundle'),
    dict(type='Collect', keys=['img', 'gt_bboxes', 'gt_labels'])
]
test_pipeline = [
    dict(type='LoadImageFromFile'),
    dict(
        type='MultiScaleFlipAug',
        img_scale=(1550, 1550),
        flip=False,
        transforms=[
            dict(type='Resize', keep_ratio=True),
            dict(type='RandomFlip'),
            dict(
                type='Normalize',
                mean=[123.675, 116.28, 103.53],
                std=[58.395, 57.12, 57.375],
                to_rgb=True),
            dict(type='Pad', size_divisor=32),
            dict(type='ImageToTensor', keys=['img']),
            dict(type='Collect', keys=['img'])
        ])
]
data = dict(
    samples_per_gpu=2,
    workers_per_gpu=2,
    train=dict(
        type='CocoDataset',
        ann_file='data/coco/annotations/annotations_trai.json',
        img_prefix='data/coco/img/',
        pipeline=[
            dict(type='LoadImageFromFile'),
            dict(type='LoadAnnotations', with_bbox=True),
            dict(type='Resize', img_scale=(1550, 1550), keep_ratio=True),
            dict(type='RandomFlip', flip_ratio=0.5),
            dict(
                type='Normalize',
                mean=[123.675, 116.28, 103.53],
                std=[58.395, 57.12, 57.375],
                to_rgb=True),
            dict(type='Pad', size_divisor=32),
            dict(type='DefaultFormatBundle'),
            dict(type='Collect', keys=['img', 'gt_bboxes', 'gt_labels'])
        ]),
    val=dict(
        type='CocoDataset',
        ann_file='data/coco/annotations/annotations_test.json',
        img_prefix='data/coco/img/',
        pipeline=[
            dict(type='LoadImageFromFile'),
            dict(
                type='MultiScaleFlipAug',
                img_scale=(1550, 1550),
                flip=False,
                transforms=[
                    dict(type='Resize', keep_ratio=True),
                    dict(type='RandomFlip'),
                    dict(
                        type='Normalize',
                        mean=[123.675, 116.28, 103.53],
                        std=[58.395, 57.12, 57.375],
                        to_rgb=True),
                    dict(type='Pad', size_divisor=32),
                    dict(type='ImageToTensor', keys=['img']),
                    dict(type='Collect', keys=['img'])
                ])
        ]),
    test=dict(
        type='CocoDataset',
        ann_file='data/coco/annotations/annotations_vals.json',
        img_prefix='data/coco/img/',
        pipeline=[
            dict(type='LoadImageFromFile'),
            dict(
                type='MultiScaleFlipAug',
                img_scale=(1550, 1550),
                flip=False,
                transforms=[
                    dict(type='Resize', keep_ratio=True),
                    dict(type='RandomFlip'),
                    dict(
                        type='Normalize',
                        mean=[123.675, 116.28, 103.53],
                        std=[58.395, 57.12, 57.375],
                        to_rgb=True),
                    dict(type='Pad', size_divisor=32),
                    dict(type='ImageToTensor', keys=['img']),
                    dict(type='Collect', keys=['img'])
                ])
        ]))
evaluation = dict(interval=1, metric='bbox')
optimizer = dict(type='SGD', lr=0.01, momentum=0.9, weight_decay=0.0001)
optimizer_config = dict(grad_clip=None)
lr_config = dict(
    policy='step',
    warmup='linear',
    warmup_iters=500,
    warmup_ratio=0.001,
    step=[8, 11])
total_epochs = 4
checkpoint_config = dict(interval=4)
log_config = dict(interval=100, hooks=[dict(type='TextLoggerHook')])
dist_params = dict(backend='nccl')
log_level = 'INFO'
load_from = '/home/admin/.cache/torch/checkpoints/X.pth'
resume_from = None
workflow = [('train', 2), ('val', 1)]
work_dir = '/home/admin/jupyter/SecurityAI_Round5/data/work'
gpu_ids = range(0, 1)

2020-11-18 02:54:04,995 - mmdet - INFO - load model from: torchvision://resnet50
2020-11-18 02:54:13,456 - mmdet - WARNING - The model and loaded state dict do not match exactly

unexpected key in source state_dict: fc.weight, fc.bias

2020-11-18 02:54:23,861 - mmdet - INFO - load checkpoint from /home/admin/.cache/torch/checkpoints/X.pth
2020-11-18 02:54:31,049 - mmdet - INFO - Start running, host: admin@fuxilabor_labor0_S4_Odps_S96_dsw_prepaid_cnsh_838_2020111715115, work_dir: /home/admin/jupyter/SecurityAI_Round5/data/work
2020-11-18 02:54:31,049 - mmdet - INFO - workflow: [('train', 2), ('val', 1)], max: 4 epochs
2020-11-18 02:55:48,193 - mmdet - INFO - Epoch [1][100/618]	lr: 1.988e-03, eta: 0:30:25, time: 0.770, data_time: 0.034, memory: 11910, loss_rpn_cls: 0.0126, loss_rpn_bbox: 0.0581, loss_cls: 0.0828, acc: 96.6709, loss_bbox: 0.1586, loss: 0.3120
2020-11-18 02:57:02,576 - mmdet - INFO - Epoch [1][200/618]	lr: 3.986e-03, eta: 0:28:39, time: 0.744, data_time: 0.012, memory: 11910, loss_rpn_cls: 0.0109, loss_rpn_bbox: 0.0546, loss_cls: 0.0819, acc: 96.6934, loss_bbox: 0.1625, loss: 0.3100
2020-11-18 02:58:16,825 - mmdet - INFO - Epoch [1][300/618]	lr: 5.984e-03, eta: 0:27:13, time: 0.742, data_time: 0.012, memory: 11910, loss_rpn_cls: 0.0079, loss_rpn_bbox: 0.0534, loss_cls: 0.0772, acc: 96.8926, loss_bbox: 0.1506, loss: 0.2891
2020-11-18 02:59:31,063 - mmdet - INFO - Epoch [1][400/618]	lr: 7.982e-03, eta: 0:25:53, time: 0.742, data_time: 0.012, memory: 11910, loss_rpn_cls: 0.0202, loss_rpn_bbox: 0.0636, loss_cls: 0.0916, acc: 96.3154, loss_bbox: 0.1652, loss: 0.3406
2020-11-18 03:00:45,501 - mmdet - INFO - Epoch [1][500/618]	lr: 9.980e-03, eta: 0:24:36, time: 0.744, data_time: 0.012, memory: 11910, loss_rpn_cls: 0.0102, loss_rpn_bbox: 0.0674, loss_cls: 0.0939, acc: 96.1035, loss_bbox: 0.1862, loss: 0.3576
2020-11-18 03:02:00,550 - mmdet - INFO - Epoch [1][600/618]	lr: 1.000e-02, eta: 0:23:21, time: 0.750, data_time: 0.012, memory: 11910, loss_rpn_cls: 0.0160, loss_rpn_bbox: 0.0680, loss_cls: 0.1017, acc: 95.8037, loss_bbox: 0.1764, loss: 0.3621
2020-11-18 03:02:39,363 - mmdet - INFO - Evaluating bbox...
2020-11-18 03:02:43,979 - mmdet - INFO - Epoch [1][618/618]	lr: 1.000e-02, bbox_mAP: 0.6700, bbox_mAP_50: 0.7740, bbox_mAP_75: 0.7110, bbox_mAP_s: 0.2210, bbox_mAP_m: 0.5920, bbox_mAP_l: 0.8160, bbox_mAP_copypaste: 0.670 0.774 0.711 0.221 0.592 0.816
2020-11-18 03:04:00,931 - mmdet - INFO - Epoch [2][100/618]	lr: 1.000e-02, eta: 0:21:25, time: 0.768, data_time: 0.034, memory: 11910, loss_rpn_cls: 0.0174, loss_rpn_bbox: 0.0611, loss_cls: 0.0863, acc: 96.6426, loss_bbox: 0.1629, loss: 0.3277
2020-11-18 03:05:15,308 - mmdet - INFO - Epoch [2][200/618]	lr: 1.000e-02, eta: 0:20:14, time: 0.744, data_time: 0.012, memory: 11910, loss_rpn_cls: 0.0143, loss_rpn_bbox: 0.0697, loss_cls: 0.0982, acc: 96.0537, loss_bbox: 0.1828, loss: 0.3649
2020-11-18 03:06:29,734 - mmdet - INFO - Epoch [2][300/618]	lr: 1.000e-02, eta: 0:19:02, time: 0.744, data_time: 0.012, memory: 11910, loss_rpn_cls: 0.0111, loss_rpn_bbox: 0.0662, loss_cls: 0.0914, acc: 96.2988, loss_bbox: 0.1828, loss: 0.3515
2020-11-18 03:07:44,017 - mmdet - INFO - Epoch [2][400/618]	lr: 1.000e-02, eta: 0:17:49, time: 0.743, data_time: 0.012, memory: 11910, loss_rpn_cls: 0.0099, loss_rpn_bbox: 0.0630, loss_cls: 0.0871, acc: 96.4590, loss_bbox: 0.1679, loss: 0.3279
2020-11-18 03:08:58,610 - mmdet - INFO - Epoch [2][500/618]	lr: 1.000e-02, eta: 0:16:37, time: 0.746, data_time: 0.012, memory: 11910, loss_rpn_cls: 0.0175, loss_rpn_bbox: 0.0736, loss_cls: 0.1133, acc: 95.4707, loss_bbox: 0.2012, loss: 0.4056
2020-11-18 03:10:12,890 - mmdet - INFO - Epoch [2][600/618]	lr: 1.000e-02, eta: 0:15:24, time: 0.743, data_time: 0.012, memory: 11910, loss_rpn_cls: 0.0142, loss_rpn_bbox: 0.0632, loss_cls: 0.0890, acc: 96.5010, loss_bbox: 0.1623, loss: 0.3287
2020-11-18 03:10:51,753 - mmdet - INFO - Evaluating bbox...
2020-11-18 03:10:55,836 - mmdet - INFO - Epoch [2][618/618]	lr: 1.000e-02, bbox_mAP: 0.6860, bbox_mAP_50: 0.7900, bbox_mAP_75: 0.7350, bbox_mAP_s: 0.2240, bbox_mAP_m: 0.5990, bbox_mAP_l: 0.8260, bbox_mAP_copypaste: 0.686 0.790 0.735 0.224 0.599 0.826
2020-11-18 03:11:27,651 - mmdet - INFO - Epoch(train) [2][79]	loss_rpn_cls: 0.0171, loss_rpn_bbox: 0.0694, loss_cls: 0.0987, acc: 96.1172, loss_bbox: 0.1725, loss: 0.3577
2020-11-18 03:12:44,430 - mmdet - INFO - Epoch [3][100/618]	lr: 1.000e-02, eta: 0:13:48, time: 0.766, data_time: 0.034, memory: 11910, loss_rpn_cls: 0.0122, loss_rpn_bbox: 0.0633, loss_cls: 0.0897, acc: 96.5010, loss_bbox: 0.1682, loss: 0.3333
2020-11-18 03:13:59,081 - mmdet - INFO - Epoch [3][200/618]	lr: 1.000e-02, eta: 0:12:36, time: 0.747, data_time: 0.012, memory: 11910, loss_rpn_cls: 0.0114, loss_rpn_bbox: 0.0624, loss_cls: 0.0859, acc: 96.4717, loss_bbox: 0.1704, loss: 0.3301
2020-11-18 03:15:13,648 - mmdet - INFO - Epoch [3][300/618]	lr: 1.000e-02, eta: 0:11:24, time: 0.746, data_time: 0.012, memory: 11910, loss_rpn_cls: 0.0157, loss_rpn_bbox: 0.0648, loss_cls: 0.0914, acc: 96.3398, loss_bbox: 0.1687, loss: 0.3406
2020-11-18 03:16:27,941 - mmdet - INFO - Epoch [3][400/618]	lr: 1.000e-02, eta: 0:10:12, time: 0.743, data_time: 0.012, memory: 11910, loss_rpn_cls: 0.0181, loss_rpn_bbox: 0.0711, loss_cls: 0.0963, acc: 96.1855, loss_bbox: 0.1853, loss: 0.3708
2020-11-18 03:17:42,495 - mmdet - INFO - Epoch [3][500/618]	lr: 1.000e-02, eta: 0:08:59, time: 0.746, data_time: 0.012, memory: 11910, loss_rpn_cls: 0.0244, loss_rpn_bbox: 0.0729, loss_cls: 0.1088, acc: 95.5547, loss_bbox: 0.1912, loss: 0.3974
2020-11-18 03:18:56,783 - mmdet - INFO - Epoch [3][600/618]	lr: 1.000e-02, eta: 0:07:46, time: 0.743, data_time: 0.012, memory: 11910, loss_rpn_cls: 0.0102, loss_rpn_bbox: 0.0646, loss_cls: 0.0864, acc: 96.5156, loss_bbox: 0.1677, loss: 0.3290
2020-11-18 03:19:35,923 - mmdet - INFO - Evaluating bbox...
2020-11-18 03:19:40,230 - mmdet - INFO - Epoch [3][618/618]	lr: 1.000e-02, bbox_mAP: 0.6760, bbox_mAP_50: 0.7850, bbox_mAP_75: 0.7190, bbox_mAP_s: 0.2100, bbox_mAP_m: 0.5880, bbox_mAP_l: 0.8170, bbox_mAP_copypaste: 0.676 0.785 0.719 0.210 0.588 0.817
2020-11-18 03:20:56,912 - mmdet - INFO - Epoch [4][100/618]	lr: 1.000e-02, eta: 0:06:17, time: 0.765, data_time: 0.033, memory: 11910, loss_rpn_cls: 0.0094, loss_rpn_bbox: 0.0664, loss_cls: 0.0934, acc: 96.1729, loss_bbox: 0.1781, loss: 0.3472
2020-11-18 03:22:11,371 - mmdet - INFO - Epoch [4][200/618]	lr: 1.000e-02, eta: 0:05:04, time: 0.745, data_time: 0.012, memory: 11910, loss_rpn_cls: 0.0128, loss_rpn_bbox: 0.0640, loss_cls: 0.0830, acc: 96.6973, loss_bbox: 0.1629, loss: 0.3228
2020-11-18 03:23:25,780 - mmdet - INFO - Epoch [4][300/618]	lr: 1.000e-02, eta: 0:03:52, time: 0.744, data_time: 0.012, memory: 11910, loss_rpn_cls: 0.0148, loss_rpn_bbox: 0.0642, loss_cls: 0.0926, acc: 96.3525, loss_bbox: 0.1823, loss: 0.3539
2020-11-18 03:24:40,484 - mmdet - INFO - Epoch [4][400/618]	lr: 1.000e-02, eta: 0:02:39, time: 0.747, data_time: 0.012, memory: 11910, loss_rpn_cls: 0.0089, loss_rpn_bbox: 0.0614, loss_cls: 0.0840, acc: 96.5693, loss_bbox: 0.1644, loss: 0.3187
2020-11-18 03:25:55,090 - mmdet - INFO - Epoch [4][500/618]	lr: 1.000e-02, eta: 0:01:26, time: 0.746, data_time: 0.012, memory: 11910, loss_rpn_cls: 0.0142, loss_rpn_bbox: 0.0656, loss_cls: 0.0900, acc: 96.3779, loss_bbox: 0.1666, loss: 0.3365
2020-11-18 03:27:09,416 - mmdet - INFO - Epoch [4][600/618]	lr: 1.000e-02, eta: 0:00:13, time: 0.743, data_time: 0.012, memory: 11910, loss_rpn_cls: 0.0142, loss_rpn_bbox: 0.0669, loss_cls: 0.0943, acc: 96.2646, loss_bbox: 0.1780, loss: 0.3534
2020-11-18 03:27:22,657 - mmdet - INFO - Saving checkpoint at 4 epochs
2020-11-18 03:27:49,926 - mmdet - INFO - Evaluating bbox...
2020-11-18 03:27:54,206 - mmdet - INFO - Epoch [4][618/618]	lr: 1.000e-02, bbox_mAP: 0.6620, bbox_mAP_50: 0.7700, bbox_mAP_75: 0.7070, bbox_mAP_s: 0.2100, bbox_mAP_m: 0.5660, bbox_mAP_l: 0.8030, bbox_mAP_copypaste: 0.662 0.770 0.707 0.210 0.566 0.803
2020-11-18 03:28:25,932 - mmdet - INFO - Epoch(train) [4][79]	loss_rpn_cls: 0.0210, loss_rpn_bbox: 0.0748, loss_cls: 0.1188, acc: 95.2940, loss_bbox: 0.1830, loss: 0.3975
