2020-11-24 21:18:30,124 - mmdet - INFO - Environment info:
------------------------------------------------------------
sys.platform: linux
Python: 3.6.4 |Anaconda, Inc.| (default, Jan 16 2018, 18:10:19) [GCC 7.2.0]
CUDA available: True
CUDA_HOME: /usr/local/cuda
NVCC: Cuda compilation tools, release 10.0, V10.0.130
GPU 0: Tesla P100-PCIE-16GB
GCC: gcc (GCC) 5.3.0
PyTorch: 1.3.1+cu100
PyTorch compiling details: PyTorch built with:
  - GCC 7.3
  - Intel(R) Math Kernel Library Version 2019.0.4 Product Build 20190411 for Intel(R) 64 architecture applications
  - Intel(R) MKL-DNN v0.20.5 (Git Hash 0125f28c61c1f822fd48570b4c1066f96fcb9b2e)
  - OpenMP 201511 (a.k.a. OpenMP 4.5)
  - NNPACK is enabled
  - CUDA Runtime 10.0
  - NVCC architecture flags: -gencode;arch=compute_37,code=sm_37;-gencode;arch=compute_50,code=sm_50;-gencode;arch=compute_60,code=sm_60;-gencode;arch=compute_61,code=sm_61;-gencode;arch=compute_70,code=sm_70;-gencode;arch=compute_75,code=sm_75;-gencode;arch=compute_37,code=compute_37
  - CuDNN 7.6.3
  - Magma 2.5.1
  - Build settings: BLAS=MKL, BUILD_NAMEDTENSOR=OFF, BUILD_TYPE=Release, CXX_FLAGS= -Wno-deprecated -fvisibility-inlines-hidden -fopenmp -DUSE_FBGEMM -DUSE_QNNPACK -DUSE_PYTORCH_QNNPACK -O2 -fPIC -Wno-narrowing -Wall -Wextra -Wno-missing-field-initializers -Wno-type-limits -Wno-array-bounds -Wno-unknown-pragmas -Wno-sign-compare -Wno-unused-parameter -Wno-unused-variable -Wno-unused-function -Wno-unused-result -Wno-strict-overflow -Wno-strict-aliasing -Wno-error=deprecated-declarations -Wno-stringop-overflow -Wno-error=pedantic -Wno-error=redundant-decls -Wno-error=old-style-cast -fdiagnostics-color=always -faligned-new -Wno-unused-but-set-variable -Wno-maybe-uninitialized -fno-math-errno -fno-trapping-math -Wno-stringop-overflow, DISABLE_NUMA=1, PERF_WITH_AVX=1, PERF_WITH_AVX2=1, PERF_WITH_AVX512=1, USE_CUDA=True, USE_EXCEPTION_PTR=1, USE_GFLAGS=OFF, USE_GLOG=OFF, USE_MKL=ON, USE_MKLDNN=ON, USE_MPI=OFF, USE_NCCL=ON, USE_NNPACK=ON, USE_OPENMP=ON, USE_STATIC_DISPATCH=OFF, 

TorchVision: 0.4.2+cu100
OpenCV: 4.4.0
MMCV: 1.0.5
MMDetection: 2.3.0+788fa8d
MMDetection Compiler: GCC 7.3
MMDetection CUDA Compiler: 10.0
------------------------------------------------------------

2020-11-24 21:18:30,124 - mmdet - INFO - Distributed training: False
2020-11-24 21:18:30,520 - mmdet - INFO - Config:
model = dict(
    type='FasterRCNN',
    pretrained='torchvision://resnet50',
    backbone=dict(
        type='ResNet',
        depth=50,
        num_stages=4,
        out_indices=(0, 1, 2, 3),
        frozen_stages=1,
        norm_cfg=dict(type='BN', requires_grad=True),
        norm_eval=True,
        style='pytorch'),
    neck=dict(
        type='FPN',
        in_channels=[256, 512, 1024, 2048],
        out_channels=256,
        num_outs=5),
    rpn_head=dict(
        type='RPNHead',
        in_channels=256,
        feat_channels=256,
        anchor_generator=dict(
            type='AnchorGenerator',
            scales=[8],
            ratios=[0.5, 1.0, 2.0],
            strides=[4, 8, 16, 32, 64]),
        bbox_coder=dict(
            type='DeltaXYWHBBoxCoder',
            target_means=[0.0, 0.0, 0.0, 0.0],
            target_stds=[1.0, 1.0, 1.0, 1.0]),
        loss_cls=dict(
            type='CrossEntropyLoss', use_sigmoid=True, loss_weight=1.0),
        loss_bbox=dict(type='L1Loss', loss_weight=1.0)),
    roi_head=dict(
        type='StandardRoIHead',
        bbox_roi_extractor=dict(
            type='SingleRoIExtractor',
            roi_layer=dict(type='RoIAlign', output_size=7, sampling_ratio=0),
            out_channels=256,
            featmap_strides=[4, 8, 16, 32]),
        bbox_head=dict(
            type='Shared2FCBBoxHead',
            in_channels=256,
            fc_out_channels=1024,
            roi_feat_size=7,
            num_classes=2,
            bbox_coder=dict(
                type='DeltaXYWHBBoxCoder',
                target_means=[0.0, 0.0, 0.0, 0.0],
                target_stds=[0.1, 0.1, 0.2, 0.2]),
            reg_class_agnostic=False,
            loss_cls=dict(
                type='CrossEntropyLoss', use_sigmoid=False, loss_weight=1.0),
            loss_bbox=dict(type='L1Loss', loss_weight=1.0))))
train_cfg = dict(
    rpn=dict(
        assigner=dict(
            type='MaxIoUAssigner',
            pos_iou_thr=0.7,
            neg_iou_thr=0.3,
            min_pos_iou=0.3,
            match_low_quality=True,
            ignore_iof_thr=-1),
        sampler=dict(
            type='RandomSampler',
            num=256,
            pos_fraction=0.5,
            neg_pos_ub=-1,
            add_gt_as_proposals=False),
        allowed_border=-1,
        pos_weight=-1,
        debug=False),
    rpn_proposal=dict(
        nms_across_levels=False,
        nms_pre=2000,
        nms_post=1000,
        max_num=1000,
        nms_thr=0.7,
        min_bbox_size=0),
    rcnn=dict(
        assigner=dict(
            type='MaxIoUAssigner',
            pos_iou_thr=0.5,
            neg_iou_thr=0.5,
            min_pos_iou=0.5,
            match_low_quality=False,
            ignore_iof_thr=-1),
        sampler=dict(
            type='RandomSampler',
            num=512,
            pos_fraction=0.25,
            neg_pos_ub=-1,
            add_gt_as_proposals=True),
        pos_weight=-1,
        debug=False))
test_cfg = dict(
    rpn=dict(
        nms_across_levels=False,
        nms_pre=1000,
        nms_post=1000,
        max_num=1000,
        nms_thr=0.7,
        min_bbox_size=0),
    rcnn=dict(
        score_thr=0.05,
        nms=dict(type='nms', iou_threshold=0.5),
        max_per_img=100))
dataset_type = 'CocoDataset'
data_root = 'data/coco/'
img_norm_cfg = dict(
    mean=[123.675, 116.28, 103.53], std=[58.395, 57.12, 57.375], to_rgb=True)
train_pipeline = [
    dict(type='LoadImageFromFile'),
    dict(type='LoadAnnotations', with_bbox=True),
    dict(type='Resize', img_scale=(1550, 1550), keep_ratio=True),
    dict(type='RandomFlip', flip_ratio=0.5),
    dict(
        type='Normalize',
        mean=[123.675, 116.28, 103.53],
        std=[58.395, 57.12, 57.375],
        to_rgb=True),
    dict(type='Pad', size_divisor=32),
    dict(type='DefaultFormatBundle'),
    dict(type='Collect', keys=['img', 'gt_bboxes', 'gt_labels'])
]
test_pipeline = [
    dict(type='LoadImageFromFile'),
    dict(
        type='MultiScaleFlipAug',
        img_scale=(1550, 1550),
        flip=False,
        transforms=[
            dict(type='Resize', keep_ratio=True),
            dict(type='RandomFlip'),
            dict(
                type='Normalize',
                mean=[123.675, 116.28, 103.53],
                std=[58.395, 57.12, 57.375],
                to_rgb=True),
            dict(type='Pad', size_divisor=32),
            dict(type='ImageToTensor', keys=['img']),
            dict(type='Collect', keys=['img'])
        ])
]
data = dict(
    samples_per_gpu=2,
    workers_per_gpu=2,
    train=dict(
        type='CocoDataset',
        ann_file='data/coco/annotations/annotations_trai.json',
        img_prefix='data/coco/img/',
        pipeline=[
            dict(type='LoadImageFromFile'),
            dict(type='LoadAnnotations', with_bbox=True),
            dict(type='Resize', img_scale=(1550, 1550), keep_ratio=True),
            dict(type='RandomFlip', flip_ratio=0.5),
            dict(
                type='Normalize',
                mean=[123.675, 116.28, 103.53],
                std=[58.395, 57.12, 57.375],
                to_rgb=True),
            dict(type='Pad', size_divisor=32),
            dict(type='DefaultFormatBundle'),
            dict(type='Collect', keys=['img', 'gt_bboxes', 'gt_labels'])
        ]),
    val=dict(
        type='CocoDataset',
        ann_file='data/coco/annotations/annotations_test.json',
        img_prefix='data/coco/img/',
        pipeline=[
            dict(type='LoadImageFromFile'),
            dict(
                type='MultiScaleFlipAug',
                img_scale=(1550, 1550),
                flip=False,
                transforms=[
                    dict(type='Resize', keep_ratio=True),
                    dict(type='RandomFlip'),
                    dict(
                        type='Normalize',
                        mean=[123.675, 116.28, 103.53],
                        std=[58.395, 57.12, 57.375],
                        to_rgb=True),
                    dict(type='Pad', size_divisor=32),
                    dict(type='ImageToTensor', keys=['img']),
                    dict(type='Collect', keys=['img'])
                ])
        ]),
    test=dict(
        type='CocoDataset',
        ann_file='data/coco/annotations/annotations_vals.json',
        img_prefix='data/coco/img/',
        pipeline=[
            dict(type='LoadImageFromFile'),
            dict(
                type='MultiScaleFlipAug',
                img_scale=(1550, 1550),
                flip=False,
                transforms=[
                    dict(type='Resize', keep_ratio=True),
                    dict(type='RandomFlip'),
                    dict(
                        type='Normalize',
                        mean=[123.675, 116.28, 103.53],
                        std=[58.395, 57.12, 57.375],
                        to_rgb=True),
                    dict(type='Pad', size_divisor=32),
                    dict(type='ImageToTensor', keys=['img']),
                    dict(type='Collect', keys=['img'])
                ])
        ]))
evaluation = dict(interval=1, metric='bbox')
optimizer = dict(type='SGD', lr=0.01, momentum=0.9, weight_decay=0.0001)
optimizer_config = dict(grad_clip=None)
lr_config = dict(
    policy='step',
    warmup='linear',
    warmup_iters=500,
    warmup_ratio=0.001,
    step=[8, 11])
total_epochs = 4
checkpoint_config = dict(interval=4)
log_config = dict(interval=100, hooks=[dict(type='TextLoggerHook')])
dist_params = dict(backend='nccl')
log_level = 'INFO'
load_from = '/home/admin/.cache/torch/checkpoints/X.pth'
resume_from = None
workflow = [('train', 2), ('val', 1)]
work_dir = '/home/admin/jupyter/SecurityAI_Round5/data/work'
gpu_ids = range(0, 1)

2020-11-24 21:18:31,026 - mmdet - INFO - load model from: torchvision://resnet50
2020-11-24 21:18:39,311 - mmdet - WARNING - The model and loaded state dict do not match exactly

unexpected key in source state_dict: fc.weight, fc.bias

2020-11-24 21:18:49,715 - mmdet - INFO - load checkpoint from /home/admin/.cache/torch/checkpoints/X.pth
2020-11-24 21:18:56,453 - mmdet - INFO - Start running, host: admin@fuxilabor_labor0_S4_Odps_S95_dsw_prepaid_cnsh_838_2020112410550, work_dir: /home/admin/jupyter/SecurityAI_Round5/data/work
2020-11-24 21:18:56,453 - mmdet - INFO - workflow: [('train', 2), ('val', 1)], max: 4 epochs
2020-11-24 21:20:14,211 - mmdet - INFO - Epoch [1][100/605]	lr: 1.988e-03, eta: 0:29:59, time: 0.776, data_time: 0.034, memory: 9256, loss_rpn_cls: 0.0025, loss_rpn_bbox: 0.0237, loss_cls: 0.0321, acc: 98.6240, loss_bbox: 0.0701, loss: 0.1285
2020-11-24 21:21:29,074 - mmdet - INFO - Epoch [1][200/605]	lr: 3.986e-03, eta: 0:28:11, time: 0.749, data_time: 0.012, memory: 9779, loss_rpn_cls: 0.0028, loss_rpn_bbox: 0.0239, loss_cls: 0.0314, acc: 98.6602, loss_bbox: 0.0655, loss: 0.1236
2020-11-24 21:22:44,322 - mmdet - INFO - Epoch [1][300/605]	lr: 5.984e-03, eta: 0:26:48, time: 0.752, data_time: 0.012, memory: 9823, loss_rpn_cls: 0.0024, loss_rpn_bbox: 0.0209, loss_cls: 0.0254, acc: 98.9541, loss_bbox: 0.0582, loss: 0.1069
2020-11-24 21:23:59,229 - mmdet - INFO - Epoch [1][400/605]	lr: 7.982e-03, eta: 0:25:28, time: 0.749, data_time: 0.012, memory: 10052, loss_rpn_cls: 0.0014, loss_rpn_bbox: 0.0243, loss_cls: 0.0232, acc: 98.9824, loss_bbox: 0.0602, loss: 0.1092
2020-11-24 21:25:14,177 - mmdet - INFO - Epoch [1][500/605]	lr: 9.980e-03, eta: 0:24:09, time: 0.749, data_time: 0.012, memory: 10052, loss_rpn_cls: 0.0017, loss_rpn_bbox: 0.0249, loss_cls: 0.0234, acc: 99.0537, loss_bbox: 0.0611, loss: 0.1112
2020-11-24 21:26:29,252 - mmdet - INFO - Epoch [1][600/605]	lr: 1.000e-02, eta: 0:22:52, time: 0.751, data_time: 0.012, memory: 11888, loss_rpn_cls: 0.0022, loss_rpn_bbox: 0.0303, loss_cls: 0.0300, acc: 98.6426, loss_bbox: 0.0676, loss: 0.1301
2020-11-24 21:27:04,190 - mmdet - INFO - Evaluating bbox...
2020-11-24 21:27:06,653 - mmdet - INFO - Epoch [1][605/605]	lr: 1.000e-02, bbox_mAP: 0.8570, bbox_mAP_50: 0.9060, bbox_mAP_75: 0.9010, bbox_mAP_s: 0.5970, bbox_mAP_m: 0.9000, bbox_mAP_l: 0.9190, bbox_mAP_copypaste: 0.857 0.906 0.901 0.597 0.900 0.919
2020-11-24 21:28:23,909 - mmdet - INFO - Epoch [2][100/605]	lr: 1.000e-02, eta: 0:21:28, time: 0.771, data_time: 0.033, memory: 11888, loss_rpn_cls: 0.0031, loss_rpn_bbox: 0.0285, loss_cls: 0.0279, acc: 98.8408, loss_bbox: 0.0682, loss: 0.1278
2020-11-24 21:29:38,593 - mmdet - INFO - Epoch [2][200/605]	lr: 1.000e-02, eta: 0:20:12, time: 0.747, data_time: 0.012, memory: 11888, loss_rpn_cls: 0.0024, loss_rpn_bbox: 0.0269, loss_cls: 0.0305, acc: 98.6934, loss_bbox: 0.0685, loss: 0.1283
2020-11-24 21:30:53,433 - mmdet - INFO - Epoch [2][300/605]	lr: 1.000e-02, eta: 0:18:56, time: 0.748, data_time: 0.012, memory: 11913, loss_rpn_cls: 0.0024, loss_rpn_bbox: 0.0270, loss_cls: 0.0269, acc: 98.9082, loss_bbox: 0.0651, loss: 0.1215
2020-11-24 21:32:08,211 - mmdet - INFO - Epoch [2][400/605]	lr: 1.000e-02, eta: 0:17:41, time: 0.748, data_time: 0.012, memory: 11913, loss_rpn_cls: 0.0023, loss_rpn_bbox: 0.0282, loss_cls: 0.0298, acc: 98.7295, loss_bbox: 0.0670, loss: 0.1274
2020-11-24 21:33:23,232 - mmdet - INFO - Epoch [2][500/605]	lr: 1.000e-02, eta: 0:16:26, time: 0.750, data_time: 0.012, memory: 11913, loss_rpn_cls: 0.0019, loss_rpn_bbox: 0.0296, loss_cls: 0.0284, acc: 98.8564, loss_bbox: 0.0653, loss: 0.1252
2020-11-24 21:34:38,158 - mmdet - INFO - Epoch [2][600/605]	lr: 1.000e-02, eta: 0:15:11, time: 0.749, data_time: 0.012, memory: 11913, loss_rpn_cls: 0.0016, loss_rpn_bbox: 0.0312, loss_cls: 0.0255, acc: 98.9756, loss_bbox: 0.0676, loss: 0.1260
2020-11-24 21:35:13,246 - mmdet - INFO - Evaluating bbox...
2020-11-24 21:35:15,589 - mmdet - INFO - Epoch [2][605/605]	lr: 1.000e-02, bbox_mAP: 0.8740, bbox_mAP_50: 0.9200, bbox_mAP_75: 0.9100, bbox_mAP_s: 0.6000, bbox_mAP_m: 0.9170, bbox_mAP_l: 0.9410, bbox_mAP_copypaste: 0.874 0.920 0.910 0.600 0.917 0.941
2020-11-24 21:35:54,194 - mmdet - INFO - Epoch(train) [2][98]	loss_rpn_cls: 0.0020, loss_rpn_bbox: 0.0290, loss_cls: 0.0275, acc: 98.8421, loss_bbox: 0.0649, loss: 0.1234
2020-11-24 21:37:11,681 - mmdet - INFO - Epoch [3][100/605]	lr: 1.000e-02, eta: 0:13:51, time: 0.773, data_time: 0.033, memory: 11913, loss_rpn_cls: 0.0023, loss_rpn_bbox: 0.0290, loss_cls: 0.0265, acc: 98.8857, loss_bbox: 0.0679, loss: 0.1258
2020-11-24 21:38:26,643 - mmdet - INFO - Epoch [3][200/605]	lr: 1.000e-02, eta: 0:12:36, time: 0.750, data_time: 0.012, memory: 11913, loss_rpn_cls: 0.0024, loss_rpn_bbox: 0.0247, loss_cls: 0.0284, acc: 98.8105, loss_bbox: 0.0651, loss: 0.1206
2020-11-24 21:39:41,432 - mmdet - INFO - Epoch [3][300/605]	lr: 1.000e-02, eta: 0:11:21, time: 0.748, data_time: 0.012, memory: 11913, loss_rpn_cls: 0.0018, loss_rpn_bbox: 0.0287, loss_cls: 0.0314, acc: 98.7139, loss_bbox: 0.0728, loss: 0.1348
2020-11-24 21:40:56,135 - mmdet - INFO - Epoch [3][400/605]	lr: 1.000e-02, eta: 0:10:06, time: 0.747, data_time: 0.012, memory: 11913, loss_rpn_cls: 0.0020, loss_rpn_bbox: 0.0287, loss_cls: 0.0270, acc: 98.8447, loss_bbox: 0.0673, loss: 0.1250
2020-11-24 21:42:10,974 - mmdet - INFO - Epoch [3][500/605]	lr: 1.000e-02, eta: 0:08:51, time: 0.748, data_time: 0.012, memory: 11913, loss_rpn_cls: 0.0022, loss_rpn_bbox: 0.0281, loss_cls: 0.0290, acc: 98.7627, loss_bbox: 0.0650, loss: 0.1243
2020-11-24 21:43:25,668 - mmdet - INFO - Epoch [3][600/605]	lr: 1.000e-02, eta: 0:07:36, time: 0.747, data_time: 0.012, memory: 11913, loss_rpn_cls: 0.0020, loss_rpn_bbox: 0.0301, loss_cls: 0.0294, acc: 98.7881, loss_bbox: 0.0722, loss: 0.1336
2020-11-24 21:44:00,890 - mmdet - INFO - Evaluating bbox...
2020-11-24 21:44:03,309 - mmdet - INFO - Epoch [3][605/605]	lr: 1.000e-02, bbox_mAP: 0.8600, bbox_mAP_50: 0.9050, bbox_mAP_75: 0.9000, bbox_mAP_s: 0.5900, bbox_mAP_m: 0.9150, bbox_mAP_l: 0.9250, bbox_mAP_copypaste: 0.860 0.905 0.900 0.590 0.915 0.925
2020-11-24 21:45:20,391 - mmdet - INFO - Epoch [4][100/605]	lr: 1.000e-02, eta: 0:06:17, time: 0.769, data_time: 0.033, memory: 11913, loss_rpn_cls: 0.0023, loss_rpn_bbox: 0.0281, loss_cls: 0.0284, acc: 98.8125, loss_bbox: 0.0726, loss: 0.1313
2020-11-24 21:46:35,394 - mmdet - INFO - Epoch [4][200/605]	lr: 1.000e-02, eta: 0:05:02, time: 0.750, data_time: 0.012, memory: 11913, loss_rpn_cls: 0.0021, loss_rpn_bbox: 0.0281, loss_cls: 0.0272, acc: 98.8721, loss_bbox: 0.0707, loss: 0.1282
2020-11-24 21:47:50,281 - mmdet - INFO - Epoch [4][300/605]	lr: 1.000e-02, eta: 0:03:48, time: 0.749, data_time: 0.012, memory: 11913, loss_rpn_cls: 0.0018, loss_rpn_bbox: 0.0279, loss_cls: 0.0252, acc: 98.9355, loss_bbox: 0.0632, loss: 0.1180
2020-11-24 21:49:05,234 - mmdet - INFO - Epoch [4][400/605]	lr: 1.000e-02, eta: 0:02:33, time: 0.750, data_time: 0.012, memory: 11913, loss_rpn_cls: 0.0030, loss_rpn_bbox: 0.0283, loss_cls: 0.0347, acc: 98.5010, loss_bbox: 0.0767, loss: 0.1428
2020-11-24 21:50:20,091 - mmdet - INFO - Epoch [4][500/605]	lr: 1.000e-02, eta: 0:01:18, time: 0.749, data_time: 0.012, memory: 11913, loss_rpn_cls: 0.0028, loss_rpn_bbox: 0.0290, loss_cls: 0.0358, acc: 98.5527, loss_bbox: 0.0698, loss: 0.1374
2020-11-24 21:51:34,964 - mmdet - INFO - Epoch [4][600/605]	lr: 1.000e-02, eta: 0:00:03, time: 0.749, data_time: 0.012, memory: 11913, loss_rpn_cls: 0.0021, loss_rpn_bbox: 0.0297, loss_cls: 0.0270, acc: 98.8867, loss_bbox: 0.0627, loss: 0.1214
2020-11-24 21:51:38,609 - mmdet - INFO - Saving checkpoint at 4 epochs
2020-11-24 21:52:11,711 - mmdet - INFO - Evaluating bbox...
2020-11-24 21:52:14,080 - mmdet - INFO - Epoch [4][605/605]	lr: 1.000e-02, bbox_mAP: 0.8660, bbox_mAP_50: 0.9100, bbox_mAP_75: 0.9100, bbox_mAP_s: 0.5860, bbox_mAP_m: 0.9120, bbox_mAP_l: 0.9390, bbox_mAP_copypaste: 0.866 0.910 0.910 0.586 0.912 0.939
2020-11-24 21:52:52,563 - mmdet - INFO - Epoch(train) [4][98]	loss_rpn_cls: 0.0025, loss_rpn_bbox: 0.0291, loss_cls: 0.0298, acc: 98.7325, loss_bbox: 0.0681, loss: 0.1294
