2020-11-23 13:01:14,536 - mmdet - INFO - Environment info:
------------------------------------------------------------
sys.platform: linux
Python: 3.6.4 |Anaconda, Inc.| (default, Jan 16 2018, 18:10:19) [GCC 7.2.0]
CUDA available: True
CUDA_HOME: /usr/local/cuda
NVCC: Cuda compilation tools, release 10.0, V10.0.130
GPU 0: Tesla P100-PCIE-16GB
GCC: gcc (GCC) 5.3.0
PyTorch: 1.3.1+cu100
PyTorch compiling details: PyTorch built with:
  - GCC 7.3
  - Intel(R) Math Kernel Library Version 2019.0.4 Product Build 20190411 for Intel(R) 64 architecture applications
  - Intel(R) MKL-DNN v0.20.5 (Git Hash 0125f28c61c1f822fd48570b4c1066f96fcb9b2e)
  - OpenMP 201511 (a.k.a. OpenMP 4.5)
  - NNPACK is enabled
  - CUDA Runtime 10.0
  - NVCC architecture flags: -gencode;arch=compute_37,code=sm_37;-gencode;arch=compute_50,code=sm_50;-gencode;arch=compute_60,code=sm_60;-gencode;arch=compute_61,code=sm_61;-gencode;arch=compute_70,code=sm_70;-gencode;arch=compute_75,code=sm_75;-gencode;arch=compute_37,code=compute_37
  - CuDNN 7.6.3
  - Magma 2.5.1
  - Build settings: BLAS=MKL, BUILD_NAMEDTENSOR=OFF, BUILD_TYPE=Release, CXX_FLAGS= -Wno-deprecated -fvisibility-inlines-hidden -fopenmp -DUSE_FBGEMM -DUSE_QNNPACK -DUSE_PYTORCH_QNNPACK -O2 -fPIC -Wno-narrowing -Wall -Wextra -Wno-missing-field-initializers -Wno-type-limits -Wno-array-bounds -Wno-unknown-pragmas -Wno-sign-compare -Wno-unused-parameter -Wno-unused-variable -Wno-unused-function -Wno-unused-result -Wno-strict-overflow -Wno-strict-aliasing -Wno-error=deprecated-declarations -Wno-stringop-overflow -Wno-error=pedantic -Wno-error=redundant-decls -Wno-error=old-style-cast -fdiagnostics-color=always -faligned-new -Wno-unused-but-set-variable -Wno-maybe-uninitialized -fno-math-errno -fno-trapping-math -Wno-stringop-overflow, DISABLE_NUMA=1, PERF_WITH_AVX=1, PERF_WITH_AVX2=1, PERF_WITH_AVX512=1, USE_CUDA=True, USE_EXCEPTION_PTR=1, USE_GFLAGS=OFF, USE_GLOG=OFF, USE_MKL=ON, USE_MKLDNN=ON, USE_MPI=OFF, USE_NCCL=ON, USE_NNPACK=ON, USE_OPENMP=ON, USE_STATIC_DISPATCH=OFF, 

TorchVision: 0.4.2+cu100
OpenCV: 4.4.0
MMCV: 1.0.5
MMDetection: 2.3.0+788fa8d
MMDetection Compiler: GCC 7.3
MMDetection CUDA Compiler: 10.0
------------------------------------------------------------

2020-11-23 13:01:14,536 - mmdet - INFO - Distributed training: False
2020-11-23 13:01:14,934 - mmdet - INFO - Config:
model = dict(
    type='FasterRCNN',
    pretrained='torchvision://resnet50',
    backbone=dict(
        type='ResNet',
        depth=50,
        num_stages=4,
        out_indices=(0, 1, 2, 3),
        frozen_stages=1,
        norm_cfg=dict(type='BN', requires_grad=True),
        norm_eval=True,
        style='pytorch'),
    neck=dict(
        type='FPN',
        in_channels=[256, 512, 1024, 2048],
        out_channels=256,
        num_outs=5),
    rpn_head=dict(
        type='RPNHead',
        in_channels=256,
        feat_channels=256,
        anchor_generator=dict(
            type='AnchorGenerator',
            scales=[8],
            ratios=[0.5, 1.0, 2.0],
            strides=[4, 8, 16, 32, 64]),
        bbox_coder=dict(
            type='DeltaXYWHBBoxCoder',
            target_means=[0.0, 0.0, 0.0, 0.0],
            target_stds=[1.0, 1.0, 1.0, 1.0]),
        loss_cls=dict(
            type='CrossEntropyLoss', use_sigmoid=True, loss_weight=1.0),
        loss_bbox=dict(type='L1Loss', loss_weight=1.0)),
    roi_head=dict(
        type='StandardRoIHead',
        bbox_roi_extractor=dict(
            type='SingleRoIExtractor',
            roi_layer=dict(type='RoIAlign', output_size=7, sampling_ratio=0),
            out_channels=256,
            featmap_strides=[4, 8, 16, 32]),
        bbox_head=dict(
            type='Shared2FCBBoxHead',
            in_channels=256,
            fc_out_channels=1024,
            roi_feat_size=7,
            num_classes=2,
            bbox_coder=dict(
                type='DeltaXYWHBBoxCoder',
                target_means=[0.0, 0.0, 0.0, 0.0],
                target_stds=[0.1, 0.1, 0.2, 0.2]),
            reg_class_agnostic=False,
            loss_cls=dict(
                type='CrossEntropyLoss', use_sigmoid=False, loss_weight=1.0),
            loss_bbox=dict(type='L1Loss', loss_weight=1.0))))
train_cfg = dict(
    rpn=dict(
        assigner=dict(
            type='MaxIoUAssigner',
            pos_iou_thr=0.7,
            neg_iou_thr=0.3,
            min_pos_iou=0.3,
            match_low_quality=True,
            ignore_iof_thr=-1),
        sampler=dict(
            type='RandomSampler',
            num=256,
            pos_fraction=0.5,
            neg_pos_ub=-1,
            add_gt_as_proposals=False),
        allowed_border=-1,
        pos_weight=-1,
        debug=False),
    rpn_proposal=dict(
        nms_across_levels=False,
        nms_pre=2000,
        nms_post=1000,
        max_num=1000,
        nms_thr=0.7,
        min_bbox_size=0),
    rcnn=dict(
        assigner=dict(
            type='MaxIoUAssigner',
            pos_iou_thr=0.5,
            neg_iou_thr=0.5,
            min_pos_iou=0.5,
            match_low_quality=False,
            ignore_iof_thr=-1),
        sampler=dict(
            type='RandomSampler',
            num=512,
            pos_fraction=0.25,
            neg_pos_ub=-1,
            add_gt_as_proposals=True),
        pos_weight=-1,
        debug=False))
test_cfg = dict(
    rpn=dict(
        nms_across_levels=False,
        nms_pre=1000,
        nms_post=1000,
        max_num=1000,
        nms_thr=0.7,
        min_bbox_size=0),
    rcnn=dict(
        score_thr=0.05,
        nms=dict(type='nms', iou_threshold=0.5),
        max_per_img=100))
dataset_type = 'CocoDataset'
data_root = 'data/coco/'
img_norm_cfg = dict(
    mean=[123.675, 116.28, 103.53], std=[58.395, 57.12, 57.375], to_rgb=True)
train_pipeline = [
    dict(type='LoadImageFromFile'),
    dict(type='LoadAnnotations', with_bbox=True),
    dict(type='Resize', img_scale=(1550, 1550), keep_ratio=True),
    dict(type='RandomFlip', flip_ratio=0.5),
    dict(
        type='Normalize',
        mean=[123.675, 116.28, 103.53],
        std=[58.395, 57.12, 57.375],
        to_rgb=True),
    dict(type='Pad', size_divisor=32),
    dict(type='DefaultFormatBundle'),
    dict(type='Collect', keys=['img', 'gt_bboxes', 'gt_labels'])
]
test_pipeline = [
    dict(type='LoadImageFromFile'),
    dict(
        type='MultiScaleFlipAug',
        img_scale=(1550, 1550),
        flip=False,
        transforms=[
            dict(type='Resize', keep_ratio=True),
            dict(type='RandomFlip'),
            dict(
                type='Normalize',
                mean=[123.675, 116.28, 103.53],
                std=[58.395, 57.12, 57.375],
                to_rgb=True),
            dict(type='Pad', size_divisor=32),
            dict(type='ImageToTensor', keys=['img']),
            dict(type='Collect', keys=['img'])
        ])
]
data = dict(
    samples_per_gpu=2,
    workers_per_gpu=2,
    train=dict(
        type='CocoDataset',
        ann_file='data/coco/annotations/annotations_trai.json',
        img_prefix='data/coco/img/',
        pipeline=[
            dict(type='LoadImageFromFile'),
            dict(type='LoadAnnotations', with_bbox=True),
            dict(type='Resize', img_scale=(1550, 1550), keep_ratio=True),
            dict(type='RandomFlip', flip_ratio=0.5),
            dict(
                type='Normalize',
                mean=[123.675, 116.28, 103.53],
                std=[58.395, 57.12, 57.375],
                to_rgb=True),
            dict(type='Pad', size_divisor=32),
            dict(type='DefaultFormatBundle'),
            dict(type='Collect', keys=['img', 'gt_bboxes', 'gt_labels'])
        ]),
    val=dict(
        type='CocoDataset',
        ann_file='data/coco/annotations/annotations_test.json',
        img_prefix='data/coco/img/',
        pipeline=[
            dict(type='LoadImageFromFile'),
            dict(
                type='MultiScaleFlipAug',
                img_scale=(1550, 1550),
                flip=False,
                transforms=[
                    dict(type='Resize', keep_ratio=True),
                    dict(type='RandomFlip'),
                    dict(
                        type='Normalize',
                        mean=[123.675, 116.28, 103.53],
                        std=[58.395, 57.12, 57.375],
                        to_rgb=True),
                    dict(type='Pad', size_divisor=32),
                    dict(type='ImageToTensor', keys=['img']),
                    dict(type='Collect', keys=['img'])
                ])
        ]),
    test=dict(
        type='CocoDataset',
        ann_file='data/coco/annotations/annotations_vals.json',
        img_prefix='data/coco/img/',
        pipeline=[
            dict(type='LoadImageFromFile'),
            dict(
                type='MultiScaleFlipAug',
                img_scale=(1550, 1550),
                flip=False,
                transforms=[
                    dict(type='Resize', keep_ratio=True),
                    dict(type='RandomFlip'),
                    dict(
                        type='Normalize',
                        mean=[123.675, 116.28, 103.53],
                        std=[58.395, 57.12, 57.375],
                        to_rgb=True),
                    dict(type='Pad', size_divisor=32),
                    dict(type='ImageToTensor', keys=['img']),
                    dict(type='Collect', keys=['img'])
                ])
        ]))
evaluation = dict(interval=1, metric='bbox')
optimizer = dict(type='SGD', lr=0.01, momentum=0.9, weight_decay=0.0001)
optimizer_config = dict(grad_clip=None)
lr_config = dict(
    policy='step',
    warmup='linear',
    warmup_iters=500,
    warmup_ratio=0.001,
    step=[8, 11])
total_epochs = 4
checkpoint_config = dict(interval=4)
log_config = dict(interval=100, hooks=[dict(type='TextLoggerHook')])
dist_params = dict(backend='nccl')
log_level = 'INFO'
load_from = '/home/admin/.cache/torch/checkpoints/X.pth'
resume_from = None
workflow = [('train', 2), ('val', 1)]
work_dir = '/home/admin/jupyter/SecurityAI_Round5/data/work'
gpu_ids = range(0, 1)

2020-11-23 13:01:15,432 - mmdet - INFO - load model from: torchvision://resnet50
2020-11-23 13:01:23,472 - mmdet - WARNING - The model and loaded state dict do not match exactly

unexpected key in source state_dict: fc.weight, fc.bias

2020-11-23 13:01:33,735 - mmdet - INFO - load checkpoint from /home/admin/.cache/torch/checkpoints/X.pth
2020-11-23 13:01:40,424 - mmdet - INFO - Start running, host: admin@fuxilabor_labor0_S4_Odps_S96_dsw_prepaid_cnsh_838_2020112301033, work_dir: /home/admin/jupyter/SecurityAI_Round5/data/work
2020-11-23 13:01:40,425 - mmdet - INFO - workflow: [('train', 2), ('val', 1)], max: 4 epochs
2020-11-23 13:02:57,822 - mmdet - INFO - Epoch [1][100/633]	lr: 1.988e-03, eta: 0:31:17, time: 0.772, data_time: 0.034, memory: 8680, loss_rpn_cls: 0.0028, loss_rpn_bbox: 0.0274, loss_cls: 0.0276, acc: 98.8779, loss_bbox: 0.0690, loss: 0.1268
2020-11-23 13:04:12,526 - mmdet - INFO - Epoch [1][200/633]	lr: 3.986e-03, eta: 0:29:31, time: 0.747, data_time: 0.012, memory: 9497, loss_rpn_cls: 0.0029, loss_rpn_bbox: 0.0229, loss_cls: 0.0314, acc: 98.6895, loss_bbox: 0.0618, loss: 0.1190
2020-11-23 13:05:27,315 - mmdet - INFO - Epoch [1][300/633]	lr: 5.984e-03, eta: 0:28:06, time: 0.748, data_time: 0.012, memory: 9497, loss_rpn_cls: 0.0019, loss_rpn_bbox: 0.0235, loss_cls: 0.0231, acc: 99.0996, loss_bbox: 0.0573, loss: 0.1057
2020-11-23 13:06:42,258 - mmdet - INFO - Epoch [1][400/633]	lr: 7.982e-03, eta: 0:26:47, time: 0.749, data_time: 0.012, memory: 10071, loss_rpn_cls: 0.0023, loss_rpn_bbox: 0.0261, loss_cls: 0.0290, acc: 98.7832, loss_bbox: 0.0636, loss: 0.1209
2020-11-23 13:07:57,475 - mmdet - INFO - Epoch [1][500/633]	lr: 9.980e-03, eta: 0:25:31, time: 0.752, data_time: 0.012, memory: 11881, loss_rpn_cls: 0.0028, loss_rpn_bbox: 0.0321, loss_cls: 0.0330, acc: 98.5469, loss_bbox: 0.0739, loss: 0.1418
2020-11-23 13:09:12,146 - mmdet - INFO - Epoch [1][600/633]	lr: 1.000e-02, eta: 0:24:13, time: 0.747, data_time: 0.012, memory: 11881, loss_rpn_cls: 0.0027, loss_rpn_bbox: 0.0313, loss_cls: 0.0336, acc: 98.5615, loss_bbox: 0.0711, loss: 0.1387
2020-11-23 13:09:58,386 - mmdet - INFO - Evaluating bbox...
2020-11-23 13:09:59,571 - mmdet - INFO - Epoch [1][633/633]	lr: 1.000e-02, bbox_mAP: 0.8800, bbox_mAP_50: 0.9350, bbox_mAP_75: 0.9190, bbox_mAP_s: 0.6940, bbox_mAP_m: 0.9160, bbox_mAP_l: 0.9300, bbox_mAP_copypaste: 0.880 0.935 0.919 0.694 0.916 0.930
2020-11-23 13:11:16,512 - mmdet - INFO - Epoch [2][100/633]	lr: 1.000e-02, eta: 0:21:36, time: 0.767, data_time: 0.033, memory: 11881, loss_rpn_cls: 0.0024, loss_rpn_bbox: 0.0282, loss_cls: 0.0288, acc: 98.8047, loss_bbox: 0.0691, loss: 0.1286
2020-11-23 13:12:31,465 - mmdet - INFO - Epoch [2][200/633]	lr: 1.000e-02, eta: 0:20:30, time: 0.750, data_time: 0.012, memory: 11881, loss_rpn_cls: 0.0031, loss_rpn_bbox: 0.0310, loss_cls: 0.0373, acc: 98.3203, loss_bbox: 0.0783, loss: 0.1497
2020-11-23 13:13:46,389 - mmdet - INFO - Epoch [2][300/633]	lr: 1.000e-02, eta: 0:19:22, time: 0.749, data_time: 0.012, memory: 11881, loss_rpn_cls: 0.0037, loss_rpn_bbox: 0.0340, loss_cls: 0.0376, acc: 98.4482, loss_bbox: 0.0785, loss: 0.1538
2020-11-23 13:15:01,171 - mmdet - INFO - Epoch [2][400/633]	lr: 1.000e-02, eta: 0:18:12, time: 0.748, data_time: 0.012, memory: 11881, loss_rpn_cls: 0.0030, loss_rpn_bbox: 0.0304, loss_cls: 0.0350, acc: 98.6318, loss_bbox: 0.0699, loss: 0.1384
2020-11-23 13:16:15,987 - mmdet - INFO - Epoch [2][500/633]	lr: 1.000e-02, eta: 0:17:02, time: 0.748, data_time: 0.012, memory: 11881, loss_rpn_cls: 0.0024, loss_rpn_bbox: 0.0307, loss_cls: 0.0295, acc: 98.7031, loss_bbox: 0.0707, loss: 0.1333
2020-11-23 13:17:31,402 - mmdet - INFO - Epoch [2][600/633]	lr: 1.000e-02, eta: 0:15:51, time: 0.754, data_time: 0.012, memory: 11881, loss_rpn_cls: 0.0034, loss_rpn_bbox: 0.0292, loss_cls: 0.0275, acc: 98.8623, loss_bbox: 0.0647, loss: 0.1248
2020-11-23 13:18:17,908 - mmdet - INFO - Evaluating bbox...
2020-11-23 13:18:19,121 - mmdet - INFO - Epoch [2][633/633]	lr: 1.000e-02, bbox_mAP: 0.8800, bbox_mAP_50: 0.9340, bbox_mAP_75: 0.9290, bbox_mAP_s: 0.6900, bbox_mAP_m: 0.9020, bbox_mAP_l: 0.9270, bbox_mAP_copypaste: 0.880 0.934 0.929 0.690 0.902 0.927
2020-11-23 13:18:46,177 - mmdet - INFO - Epoch(train) [2][67]	loss_rpn_cls: 0.0022, loss_rpn_bbox: 0.0298, loss_cls: 0.0298, acc: 98.8456, loss_bbox: 0.0719, loss: 0.1337
2020-11-23 13:20:03,487 - mmdet - INFO - Epoch [3][100/633]	lr: 1.000e-02, eta: 0:13:56, time: 0.771, data_time: 0.034, memory: 11881, loss_rpn_cls: 0.0035, loss_rpn_bbox: 0.0346, loss_cls: 0.0355, acc: 98.5127, loss_bbox: 0.0823, loss: 0.1559
2020-11-23 13:21:18,273 - mmdet - INFO - Epoch [3][200/633]	lr: 1.000e-02, eta: 0:12:47, time: 0.748, data_time: 0.012, memory: 11881, loss_rpn_cls: 0.0022, loss_rpn_bbox: 0.0300, loss_cls: 0.0261, acc: 98.8633, loss_bbox: 0.0651, loss: 0.1233
2020-11-23 13:22:33,180 - mmdet - INFO - Epoch [3][300/633]	lr: 1.000e-02, eta: 0:11:37, time: 0.749, data_time: 0.012, memory: 11881, loss_rpn_cls: 0.0022, loss_rpn_bbox: 0.0282, loss_cls: 0.0294, acc: 98.7373, loss_bbox: 0.0702, loss: 0.1299
2020-11-23 13:23:47,922 - mmdet - INFO - Epoch [3][400/633]	lr: 1.000e-02, eta: 0:10:26, time: 0.747, data_time: 0.012, memory: 11881, loss_rpn_cls: 0.0041, loss_rpn_bbox: 0.0340, loss_cls: 0.0299, acc: 98.7695, loss_bbox: 0.0708, loss: 0.1388
2020-11-23 13:25:02,970 - mmdet - INFO - Epoch [3][500/633]	lr: 1.000e-02, eta: 0:09:15, time: 0.750, data_time: 0.012, memory: 11881, loss_rpn_cls: 0.0026, loss_rpn_bbox: 0.0324, loss_cls: 0.0356, acc: 98.4424, loss_bbox: 0.0742, loss: 0.1449
2020-11-23 13:26:17,632 - mmdet - INFO - Epoch [3][600/633]	lr: 1.000e-02, eta: 0:08:03, time: 0.747, data_time: 0.012, memory: 11881, loss_rpn_cls: 0.0026, loss_rpn_bbox: 0.0277, loss_cls: 0.0294, acc: 98.7627, loss_bbox: 0.0692, loss: 0.1289
2020-11-23 13:27:03,752 - mmdet - INFO - Evaluating bbox...
2020-11-23 13:27:04,949 - mmdet - INFO - Epoch [3][633/633]	lr: 1.000e-02, bbox_mAP: 0.8780, bbox_mAP_50: 0.9290, bbox_mAP_75: 0.9250, bbox_mAP_s: 0.6850, bbox_mAP_m: 0.8990, bbox_mAP_l: 0.9290, bbox_mAP_copypaste: 0.878 0.929 0.925 0.685 0.899 0.929
2020-11-23 13:28:21,952 - mmdet - INFO - Epoch [4][100/633]	lr: 1.000e-02, eta: 0:06:21, time: 0.768, data_time: 0.033, memory: 11881, loss_rpn_cls: 0.0022, loss_rpn_bbox: 0.0305, loss_cls: 0.0243, acc: 99.0039, loss_bbox: 0.0687, loss: 0.1257
2020-11-23 13:29:37,249 - mmdet - INFO - Epoch [4][200/633]	lr: 1.000e-02, eta: 0:05:10, time: 0.753, data_time: 0.012, memory: 11881, loss_rpn_cls: 0.0028, loss_rpn_bbox: 0.0305, loss_cls: 0.0322, acc: 98.6504, loss_bbox: 0.0748, loss: 0.1404
2020-11-23 13:30:52,069 - mmdet - INFO - Epoch [4][300/633]	lr: 1.000e-02, eta: 0:03:59, time: 0.748, data_time: 0.012, memory: 11881, loss_rpn_cls: 0.0025, loss_rpn_bbox: 0.0284, loss_cls: 0.0320, acc: 98.6328, loss_bbox: 0.0726, loss: 0.1355
2020-11-23 13:32:07,094 - mmdet - INFO - Epoch [4][400/633]	lr: 1.000e-02, eta: 0:02:47, time: 0.750, data_time: 0.012, memory: 11881, loss_rpn_cls: 0.0027, loss_rpn_bbox: 0.0305, loss_cls: 0.0314, acc: 98.6377, loss_bbox: 0.0729, loss: 0.1376
2020-11-23 13:33:22,294 - mmdet - INFO - Epoch [4][500/633]	lr: 1.000e-02, eta: 0:01:35, time: 0.752, data_time: 0.012, memory: 11881, loss_rpn_cls: 0.0033, loss_rpn_bbox: 0.0315, loss_cls: 0.0335, acc: 98.5684, loss_bbox: 0.0734, loss: 0.1415
2020-11-23 13:34:37,257 - mmdet - INFO - Epoch [4][600/633]	lr: 1.000e-02, eta: 0:00:23, time: 0.750, data_time: 0.012, memory: 11881, loss_rpn_cls: 0.0027, loss_rpn_bbox: 0.0335, loss_cls: 0.0374, acc: 98.3691, loss_bbox: 0.0775, loss: 0.1510
2020-11-23 13:35:01,903 - mmdet - INFO - Saving checkpoint at 4 epochs
2020-11-23 13:35:25,245 - mmdet - INFO - Evaluating bbox...
2020-11-23 13:35:26,446 - mmdet - INFO - Epoch [4][633/633]	lr: 1.000e-02, bbox_mAP: 0.8770, bbox_mAP_50: 0.9290, bbox_mAP_75: 0.9200, bbox_mAP_s: 0.6800, bbox_mAP_m: 0.9000, bbox_mAP_l: 0.9250, bbox_mAP_copypaste: 0.877 0.929 0.920 0.680 0.900 0.925
2020-11-23 13:35:53,488 - mmdet - INFO - Epoch(train) [4][67]	loss_rpn_cls: 0.0023, loss_rpn_bbox: 0.0312, loss_cls: 0.0314, acc: 98.6999, loss_bbox: 0.0720, loss: 0.1369
