2020-11-19 12:42:41,810 - mmdet - INFO - Environment info:
------------------------------------------------------------
sys.platform: linux
Python: 3.6.4 |Anaconda, Inc.| (default, Jan 16 2018, 18:10:19) [GCC 7.2.0]
CUDA available: True
CUDA_HOME: /usr/local/cuda
NVCC: Cuda compilation tools, release 10.0, V10.0.130
GPU 0: Tesla P100-PCIE-16GB
GCC: gcc (GCC) 5.3.0
PyTorch: 1.3.1+cu100
PyTorch compiling details: PyTorch built with:
  - GCC 7.3
  - Intel(R) Math Kernel Library Version 2019.0.4 Product Build 20190411 for Intel(R) 64 architecture applications
  - Intel(R) MKL-DNN v0.20.5 (Git Hash 0125f28c61c1f822fd48570b4c1066f96fcb9b2e)
  - OpenMP 201511 (a.k.a. OpenMP 4.5)
  - NNPACK is enabled
  - CUDA Runtime 10.0
  - NVCC architecture flags: -gencode;arch=compute_37,code=sm_37;-gencode;arch=compute_50,code=sm_50;-gencode;arch=compute_60,code=sm_60;-gencode;arch=compute_61,code=sm_61;-gencode;arch=compute_70,code=sm_70;-gencode;arch=compute_75,code=sm_75;-gencode;arch=compute_37,code=compute_37
  - CuDNN 7.6.3
  - Magma 2.5.1
  - Build settings: BLAS=MKL, BUILD_NAMEDTENSOR=OFF, BUILD_TYPE=Release, CXX_FLAGS= -Wno-deprecated -fvisibility-inlines-hidden -fopenmp -DUSE_FBGEMM -DUSE_QNNPACK -DUSE_PYTORCH_QNNPACK -O2 -fPIC -Wno-narrowing -Wall -Wextra -Wno-missing-field-initializers -Wno-type-limits -Wno-array-bounds -Wno-unknown-pragmas -Wno-sign-compare -Wno-unused-parameter -Wno-unused-variable -Wno-unused-function -Wno-unused-result -Wno-strict-overflow -Wno-strict-aliasing -Wno-error=deprecated-declarations -Wno-stringop-overflow -Wno-error=pedantic -Wno-error=redundant-decls -Wno-error=old-style-cast -fdiagnostics-color=always -faligned-new -Wno-unused-but-set-variable -Wno-maybe-uninitialized -fno-math-errno -fno-trapping-math -Wno-stringop-overflow, DISABLE_NUMA=1, PERF_WITH_AVX=1, PERF_WITH_AVX2=1, PERF_WITH_AVX512=1, USE_CUDA=True, USE_EXCEPTION_PTR=1, USE_GFLAGS=OFF, USE_GLOG=OFF, USE_MKL=ON, USE_MKLDNN=ON, USE_MPI=OFF, USE_NCCL=ON, USE_NNPACK=ON, USE_OPENMP=ON, USE_STATIC_DISPATCH=OFF, 

TorchVision: 0.4.2+cu100
OpenCV: 4.4.0
MMCV: 1.0.5
MMDetection: 2.3.0+788fa8d
MMDetection Compiler: GCC 7.3
MMDetection CUDA Compiler: 10.0
------------------------------------------------------------

2020-11-19 12:42:41,811 - mmdet - INFO - Distributed training: False
2020-11-19 12:42:42,222 - mmdet - INFO - Config:
model = dict(
    type='FasterRCNN',
    pretrained='torchvision://resnet50',
    backbone=dict(
        type='ResNet',
        depth=50,
        num_stages=4,
        out_indices=(0, 1, 2, 3),
        frozen_stages=1,
        norm_cfg=dict(type='BN', requires_grad=True),
        norm_eval=True,
        style='pytorch'),
    neck=dict(
        type='FPN',
        in_channels=[256, 512, 1024, 2048],
        out_channels=256,
        num_outs=5),
    rpn_head=dict(
        type='RPNHead',
        in_channels=256,
        feat_channels=256,
        anchor_generator=dict(
            type='AnchorGenerator',
            scales=[8],
            ratios=[0.5, 1.0, 2.0],
            strides=[4, 8, 16, 32, 64]),
        bbox_coder=dict(
            type='DeltaXYWHBBoxCoder',
            target_means=[0.0, 0.0, 0.0, 0.0],
            target_stds=[1.0, 1.0, 1.0, 1.0]),
        loss_cls=dict(
            type='CrossEntropyLoss', use_sigmoid=True, loss_weight=1.0),
        loss_bbox=dict(type='L1Loss', loss_weight=1.0)),
    roi_head=dict(
        type='StandardRoIHead',
        bbox_roi_extractor=dict(
            type='SingleRoIExtractor',
            roi_layer=dict(type='RoIAlign', output_size=7, sampling_ratio=0),
            out_channels=256,
            featmap_strides=[4, 8, 16, 32]),
        bbox_head=dict(
            type='Shared2FCBBoxHead',
            in_channels=256,
            fc_out_channels=1024,
            roi_feat_size=7,
            num_classes=2,
            bbox_coder=dict(
                type='DeltaXYWHBBoxCoder',
                target_means=[0.0, 0.0, 0.0, 0.0],
                target_stds=[0.1, 0.1, 0.2, 0.2]),
            reg_class_agnostic=False,
            loss_cls=dict(
                type='CrossEntropyLoss', use_sigmoid=False, loss_weight=1.0),
            loss_bbox=dict(type='L1Loss', loss_weight=1.0))))
train_cfg = dict(
    rpn=dict(
        assigner=dict(
            type='MaxIoUAssigner',
            pos_iou_thr=0.7,
            neg_iou_thr=0.3,
            min_pos_iou=0.3,
            match_low_quality=True,
            ignore_iof_thr=-1),
        sampler=dict(
            type='RandomSampler',
            num=256,
            pos_fraction=0.5,
            neg_pos_ub=-1,
            add_gt_as_proposals=False),
        allowed_border=-1,
        pos_weight=-1,
        debug=False),
    rpn_proposal=dict(
        nms_across_levels=False,
        nms_pre=2000,
        nms_post=1000,
        max_num=1000,
        nms_thr=0.7,
        min_bbox_size=0),
    rcnn=dict(
        assigner=dict(
            type='MaxIoUAssigner',
            pos_iou_thr=0.5,
            neg_iou_thr=0.5,
            min_pos_iou=0.5,
            match_low_quality=False,
            ignore_iof_thr=-1),
        sampler=dict(
            type='RandomSampler',
            num=512,
            pos_fraction=0.25,
            neg_pos_ub=-1,
            add_gt_as_proposals=True),
        pos_weight=-1,
        debug=False))
test_cfg = dict(
    rpn=dict(
        nms_across_levels=False,
        nms_pre=1000,
        nms_post=1000,
        max_num=1000,
        nms_thr=0.7,
        min_bbox_size=0),
    rcnn=dict(
        score_thr=0.05,
        nms=dict(type='nms', iou_threshold=0.5),
        max_per_img=100))
dataset_type = 'CocoDataset'
data_root = 'data/coco/'
img_norm_cfg = dict(
    mean=[123.675, 116.28, 103.53], std=[58.395, 57.12, 57.375], to_rgb=True)
train_pipeline = [
    dict(type='LoadImageFromFile'),
    dict(type='LoadAnnotations', with_bbox=True),
    dict(type='Resize', img_scale=(1550, 1550), keep_ratio=True),
    dict(type='RandomFlip', flip_ratio=0.5),
    dict(
        type='Normalize',
        mean=[123.675, 116.28, 103.53],
        std=[58.395, 57.12, 57.375],
        to_rgb=True),
    dict(type='Pad', size_divisor=32),
    dict(type='DefaultFormatBundle'),
    dict(type='Collect', keys=['img', 'gt_bboxes', 'gt_labels'])
]
test_pipeline = [
    dict(type='LoadImageFromFile'),
    dict(
        type='MultiScaleFlipAug',
        img_scale=(1550, 1550),
        flip=False,
        transforms=[
            dict(type='Resize', keep_ratio=True),
            dict(type='RandomFlip'),
            dict(
                type='Normalize',
                mean=[123.675, 116.28, 103.53],
                std=[58.395, 57.12, 57.375],
                to_rgb=True),
            dict(type='Pad', size_divisor=32),
            dict(type='ImageToTensor', keys=['img']),
            dict(type='Collect', keys=['img'])
        ])
]
data = dict(
    samples_per_gpu=2,
    workers_per_gpu=2,
    train=dict(
        type='CocoDataset',
        ann_file='data/coco/annotations/annotations_trai.json',
        img_prefix='data/coco/img/',
        pipeline=[
            dict(type='LoadImageFromFile'),
            dict(type='LoadAnnotations', with_bbox=True),
            dict(type='Resize', img_scale=(1550, 1550), keep_ratio=True),
            dict(type='RandomFlip', flip_ratio=0.5),
            dict(
                type='Normalize',
                mean=[123.675, 116.28, 103.53],
                std=[58.395, 57.12, 57.375],
                to_rgb=True),
            dict(type='Pad', size_divisor=32),
            dict(type='DefaultFormatBundle'),
            dict(type='Collect', keys=['img', 'gt_bboxes', 'gt_labels'])
        ]),
    val=dict(
        type='CocoDataset',
        ann_file='data/coco/annotations/annotations_test.json',
        img_prefix='data/coco/img/',
        pipeline=[
            dict(type='LoadImageFromFile'),
            dict(
                type='MultiScaleFlipAug',
                img_scale=(1550, 1550),
                flip=False,
                transforms=[
                    dict(type='Resize', keep_ratio=True),
                    dict(type='RandomFlip'),
                    dict(
                        type='Normalize',
                        mean=[123.675, 116.28, 103.53],
                        std=[58.395, 57.12, 57.375],
                        to_rgb=True),
                    dict(type='Pad', size_divisor=32),
                    dict(type='ImageToTensor', keys=['img']),
                    dict(type='Collect', keys=['img'])
                ])
        ]),
    test=dict(
        type='CocoDataset',
        ann_file='data/coco/annotations/annotations_vals.json',
        img_prefix='data/coco/img/',
        pipeline=[
            dict(type='LoadImageFromFile'),
            dict(
                type='MultiScaleFlipAug',
                img_scale=(1550, 1550),
                flip=False,
                transforms=[
                    dict(type='Resize', keep_ratio=True),
                    dict(type='RandomFlip'),
                    dict(
                        type='Normalize',
                        mean=[123.675, 116.28, 103.53],
                        std=[58.395, 57.12, 57.375],
                        to_rgb=True),
                    dict(type='Pad', size_divisor=32),
                    dict(type='ImageToTensor', keys=['img']),
                    dict(type='Collect', keys=['img'])
                ])
        ]))
evaluation = dict(interval=1, metric='bbox')
optimizer = dict(type='SGD', lr=0.01, momentum=0.9, weight_decay=0.0001)
optimizer_config = dict(grad_clip=None)
lr_config = dict(
    policy='step',
    warmup='linear',
    warmup_iters=500,
    warmup_ratio=0.001,
    step=[8, 11])
total_epochs = 4
checkpoint_config = dict(interval=4)
log_config = dict(interval=100, hooks=[dict(type='TextLoggerHook')])
dist_params = dict(backend='nccl')
log_level = 'INFO'
load_from = '/home/admin/.cache/torch/checkpoints/X.pth'
resume_from = None
workflow = [('train', 2), ('val', 1)]
work_dir = '/home/admin/jupyter/SecurityAI_Round5/data/work'
gpu_ids = range(0, 1)

2020-11-19 12:42:42,725 - mmdet - INFO - load model from: torchvision://resnet50
2020-11-19 12:42:50,661 - mmdet - WARNING - The model and loaded state dict do not match exactly

unexpected key in source state_dict: fc.weight, fc.bias

2020-11-19 12:43:01,372 - mmdet - INFO - load checkpoint from /home/admin/.cache/torch/checkpoints/X.pth
2020-11-19 12:43:08,130 - mmdet - INFO - Start running, host: admin@fuxilabor_labor0_S4_Odps_S96_dsw_prepaid_cnsh_838_2020111823124, work_dir: /home/admin/jupyter/SecurityAI_Round5/data/work
2020-11-19 12:43:08,130 - mmdet - INFO - workflow: [('train', 2), ('val', 1)], max: 4 epochs
2020-11-19 12:44:26,190 - mmdet - INFO - Epoch [1][100/634]	lr: 1.988e-03, eta: 0:31:36, time: 0.779, data_time: 0.034, memory: 9782, loss_rpn_cls: 0.0048, loss_rpn_bbox: 0.0346, loss_cls: 0.0371, acc: 98.5010, loss_bbox: 0.0849, loss: 0.1615
2020-11-19 12:45:41,738 - mmdet - INFO - Epoch [1][200/634]	lr: 3.986e-03, eta: 0:29:51, time: 0.755, data_time: 0.012, memory: 9998, loss_rpn_cls: 0.0042, loss_rpn_bbox: 0.0372, loss_cls: 0.0422, acc: 98.1973, loss_bbox: 0.0927, loss: 0.1763
2020-11-19 12:46:57,169 - mmdet - INFO - Epoch [1][300/634]	lr: 5.984e-03, eta: 0:28:25, time: 0.754, data_time: 0.012, memory: 9998, loss_rpn_cls: 0.0024, loss_rpn_bbox: 0.0317, loss_cls: 0.0327, acc: 98.6924, loss_bbox: 0.0810, loss: 0.1479
2020-11-19 12:48:12,299 - mmdet - INFO - Epoch [1][400/634]	lr: 7.982e-03, eta: 0:27:03, time: 0.751, data_time: 0.012, memory: 9998, loss_rpn_cls: 0.0036, loss_rpn_bbox: 0.0381, loss_cls: 0.0451, acc: 98.1006, loss_bbox: 0.0953, loss: 0.1821
2020-11-19 12:49:27,558 - mmdet - INFO - Epoch [1][500/634]	lr: 9.980e-03, eta: 0:25:44, time: 0.753, data_time: 0.012, memory: 9998, loss_rpn_cls: 0.0045, loss_rpn_bbox: 0.0387, loss_cls: 0.0404, acc: 98.3213, loss_bbox: 0.0905, loss: 0.1741
2020-11-19 12:50:42,933 - mmdet - INFO - Epoch [1][600/634]	lr: 1.000e-02, eta: 0:24:26, time: 0.754, data_time: 0.012, memory: 11891, loss_rpn_cls: 0.0043, loss_rpn_bbox: 0.0424, loss_cls: 0.0511, acc: 97.8545, loss_bbox: 0.0991, loss: 0.1969
2020-11-19 12:51:29,691 - mmdet - INFO - Evaluating bbox...
2020-11-19 12:51:31,995 - mmdet - INFO - Epoch [1][634/634]	lr: 1.000e-02, bbox_mAP: 0.8260, bbox_mAP_50: 0.9060, bbox_mAP_75: 0.8820, bbox_mAP_s: 0.5460, bbox_mAP_m: 0.8360, bbox_mAP_l: 0.8910, bbox_mAP_copypaste: 0.826 0.906 0.882 0.546 0.836 0.891
2020-11-19 12:52:49,676 - mmdet - INFO - Epoch [2][100/634]	lr: 1.000e-02, eta: 0:21:46, time: 0.775, data_time: 0.034, memory: 11891, loss_rpn_cls: 0.0042, loss_rpn_bbox: 0.0419, loss_cls: 0.0463, acc: 98.1133, loss_bbox: 0.1036, loss: 0.1960
2020-11-19 12:54:05,114 - mmdet - INFO - Epoch [2][200/634]	lr: 1.000e-02, eta: 0:20:39, time: 0.754, data_time: 0.013, memory: 11891, loss_rpn_cls: 0.0041, loss_rpn_bbox: 0.0402, loss_cls: 0.0354, acc: 98.4727, loss_bbox: 0.0883, loss: 0.1681
2020-11-19 12:55:20,033 - mmdet - INFO - Epoch [2][300/634]	lr: 1.000e-02, eta: 0:19:30, time: 0.749, data_time: 0.012, memory: 11891, loss_rpn_cls: 0.0041, loss_rpn_bbox: 0.0399, loss_cls: 0.0459, acc: 98.1006, loss_bbox: 0.0987, loss: 0.1887
2020-11-19 12:56:34,770 - mmdet - INFO - Epoch [2][400/634]	lr: 1.000e-02, eta: 0:18:19, time: 0.747, data_time: 0.012, memory: 11891, loss_rpn_cls: 0.0043, loss_rpn_bbox: 0.0395, loss_cls: 0.0446, acc: 98.2080, loss_bbox: 0.0937, loss: 0.1821
2020-11-19 12:57:50,141 - mmdet - INFO - Epoch [2][500/634]	lr: 1.000e-02, eta: 0:17:09, time: 0.754, data_time: 0.013, memory: 11891, loss_rpn_cls: 0.0051, loss_rpn_bbox: 0.0433, loss_cls: 0.0429, acc: 98.2471, loss_bbox: 0.0998, loss: 0.1912
2020-11-19 12:59:05,714 - mmdet - INFO - Epoch [2][600/634]	lr: 1.000e-02, eta: 0:15:58, time: 0.756, data_time: 0.013, memory: 11891, loss_rpn_cls: 0.0043, loss_rpn_bbox: 0.0433, loss_cls: 0.0440, acc: 98.1445, loss_bbox: 0.0994, loss: 0.1910
2020-11-19 12:59:51,965 - mmdet - INFO - Evaluating bbox...
2020-11-19 12:59:54,159 - mmdet - INFO - Epoch [2][634/634]	lr: 1.000e-02, bbox_mAP: 0.8160, bbox_mAP_50: 0.8960, bbox_mAP_75: 0.8770, bbox_mAP_s: 0.5360, bbox_mAP_m: 0.8190, bbox_mAP_l: 0.8890, bbox_mAP_copypaste: 0.816 0.896 0.877 0.536 0.819 0.889
2020-11-19 13:00:20,882 - mmdet - INFO - Epoch(train) [2][64]	loss_rpn_cls: 0.0045, loss_rpn_bbox: 0.0444, loss_cls: 0.0516, acc: 97.8226, loss_bbox: 0.1067, loss: 0.2072
2020-11-19 13:01:38,570 - mmdet - INFO - Epoch [3][100/634]	lr: 1.000e-02, eta: 0:14:01, time: 0.775, data_time: 0.034, memory: 11891, loss_rpn_cls: 0.0048, loss_rpn_bbox: 0.0406, loss_cls: 0.0450, acc: 98.1504, loss_bbox: 0.1002, loss: 0.1907
2020-11-19 13:02:53,997 - mmdet - INFO - Epoch [3][200/634]	lr: 1.000e-02, eta: 0:12:51, time: 0.754, data_time: 0.013, memory: 11891, loss_rpn_cls: 0.0067, loss_rpn_bbox: 0.0431, loss_cls: 0.0456, acc: 98.1816, loss_bbox: 0.1050, loss: 0.2005
2020-11-19 13:04:09,147 - mmdet - INFO - Epoch [3][300/634]	lr: 1.000e-02, eta: 0:11:41, time: 0.751, data_time: 0.013, memory: 11891, loss_rpn_cls: 0.0435, loss_rpn_bbox: 0.0492, loss_cls: 0.0689, acc: 97.7988, loss_bbox: 0.1033, loss: 0.2649
2020-11-19 13:05:24,612 - mmdet - INFO - Epoch [3][400/634]	lr: 1.000e-02, eta: 0:10:30, time: 0.755, data_time: 0.013, memory: 11891, loss_rpn_cls: 0.1745, loss_rpn_bbox: 0.1270, loss_cls: 0.1767, acc: 94.3379, loss_bbox: 0.1451, loss: 0.6234
2020-11-19 13:06:39,594 - mmdet - INFO - Epoch [3][500/634]	lr: 1.000e-02, eta: 0:09:18, time: 0.750, data_time: 0.013, memory: 11891, loss_rpn_cls: 0.0768, loss_rpn_bbox: 0.0831, loss_cls: 0.1424, acc: 94.7490, loss_bbox: 0.1565, loss: 0.4588
2020-11-19 13:07:54,489 - mmdet - INFO - Epoch [3][600/634]	lr: 1.000e-02, eta: 0:08:06, time: 0.749, data_time: 0.013, memory: 11891, loss_rpn_cls: 0.0490, loss_rpn_bbox: 0.0690, loss_cls: 0.1184, acc: 95.6582, loss_bbox: 0.1450, loss: 0.3814
2020-11-19 13:08:40,934 - mmdet - INFO - Evaluating bbox...
2020-11-19 13:08:44,878 - mmdet - INFO - Epoch [3][634/634]	lr: 1.000e-02, bbox_mAP: 0.7150, bbox_mAP_50: 0.8200, bbox_mAP_75: 0.7660, bbox_mAP_s: 0.3010, bbox_mAP_m: 0.6230, bbox_mAP_l: 0.7980, bbox_mAP_copypaste: 0.715 0.820 0.766 0.301 0.623 0.798
2020-11-19 13:10:02,159 - mmdet - INFO - Epoch [4][100/634]	lr: 1.000e-02, eta: 0:06:23, time: 0.771, data_time: 0.034, memory: 11891, loss_rpn_cls: 0.0260, loss_rpn_bbox: 0.0608, loss_cls: 0.0826, acc: 96.8535, loss_bbox: 0.1303, loss: 0.2997
2020-11-19 13:11:17,044 - mmdet - INFO - Epoch [4][200/634]	lr: 1.000e-02, eta: 0:05:12, time: 0.749, data_time: 0.013, memory: 11891, loss_rpn_cls: 0.0192, loss_rpn_bbox: 0.0587, loss_cls: 0.0825, acc: 96.8311, loss_bbox: 0.1350, loss: 0.2954
2020-11-19 13:12:31,927 - mmdet - INFO - Epoch [4][300/634]	lr: 1.000e-02, eta: 0:04:00, time: 0.749, data_time: 0.013, memory: 11891, loss_rpn_cls: 0.0192, loss_rpn_bbox: 0.0589, loss_cls: 0.0854, acc: 96.7676, loss_bbox: 0.1339, loss: 0.2975
2020-11-19 13:13:46,557 - mmdet - INFO - Epoch [4][400/634]	lr: 1.000e-02, eta: 0:02:49, time: 0.746, data_time: 0.013, memory: 11891, loss_rpn_cls: 0.0327, loss_rpn_bbox: 0.0595, loss_cls: 0.0925, acc: 96.5605, loss_bbox: 0.1305, loss: 0.3152
2020-11-19 13:15:01,133 - mmdet - INFO - Epoch [4][500/634]	lr: 1.000e-02, eta: 0:01:36, time: 0.746, data_time: 0.012, memory: 11891, loss_rpn_cls: 0.0315, loss_rpn_bbox: 0.0626, loss_cls: 0.0899, acc: 96.6650, loss_bbox: 0.1329, loss: 0.3169
2020-11-19 13:16:15,945 - mmdet - INFO - Epoch [4][600/634]	lr: 1.000e-02, eta: 0:00:24, time: 0.748, data_time: 0.013, memory: 11891, loss_rpn_cls: 0.0284, loss_rpn_bbox: 0.0651, loss_cls: 0.1090, acc: 95.9229, loss_bbox: 0.1501, loss: 0.3525
2020-11-19 13:16:41,289 - mmdet - INFO - Saving checkpoint at 4 epochs
2020-11-19 13:17:04,215 - mmdet - INFO - Evaluating bbox...
2020-11-19 13:17:08,254 - mmdet - INFO - Epoch [4][634/634]	lr: 1.000e-02, bbox_mAP: 0.7340, bbox_mAP_50: 0.8370, bbox_mAP_75: 0.7970, bbox_mAP_s: 0.3160, bbox_mAP_m: 0.6540, bbox_mAP_l: 0.8280, bbox_mAP_copypaste: 0.734 0.837 0.797 0.316 0.654 0.828
2020-11-19 13:17:34,550 - mmdet - INFO - Epoch(train) [4][64]	loss_rpn_cls: 0.0288, loss_rpn_bbox: 0.0640, loss_cls: 0.1014, acc: 96.2982, loss_bbox: 0.1431, loss: 0.3374
