2020-11-24 03:24:12,306 - mmdet - INFO - Environment info:
------------------------------------------------------------
sys.platform: linux
Python: 3.6.4 |Anaconda, Inc.| (default, Jan 16 2018, 18:10:19) [GCC 7.2.0]
CUDA available: True
CUDA_HOME: /usr/local/cuda
NVCC: Cuda compilation tools, release 10.0, V10.0.130
GPU 0: Tesla P100-PCIE-16GB
GCC: gcc (GCC) 5.3.0
PyTorch: 1.3.1+cu100
PyTorch compiling details: PyTorch built with:
  - GCC 7.3
  - Intel(R) Math Kernel Library Version 2019.0.4 Product Build 20190411 for Intel(R) 64 architecture applications
  - Intel(R) MKL-DNN v0.20.5 (Git Hash 0125f28c61c1f822fd48570b4c1066f96fcb9b2e)
  - OpenMP 201511 (a.k.a. OpenMP 4.5)
  - NNPACK is enabled
  - CUDA Runtime 10.0
  - NVCC architecture flags: -gencode;arch=compute_37,code=sm_37;-gencode;arch=compute_50,code=sm_50;-gencode;arch=compute_60,code=sm_60;-gencode;arch=compute_61,code=sm_61;-gencode;arch=compute_70,code=sm_70;-gencode;arch=compute_75,code=sm_75;-gencode;arch=compute_37,code=compute_37
  - CuDNN 7.6.3
  - Magma 2.5.1
  - Build settings: BLAS=MKL, BUILD_NAMEDTENSOR=OFF, BUILD_TYPE=Release, CXX_FLAGS= -Wno-deprecated -fvisibility-inlines-hidden -fopenmp -DUSE_FBGEMM -DUSE_QNNPACK -DUSE_PYTORCH_QNNPACK -O2 -fPIC -Wno-narrowing -Wall -Wextra -Wno-missing-field-initializers -Wno-type-limits -Wno-array-bounds -Wno-unknown-pragmas -Wno-sign-compare -Wno-unused-parameter -Wno-unused-variable -Wno-unused-function -Wno-unused-result -Wno-strict-overflow -Wno-strict-aliasing -Wno-error=deprecated-declarations -Wno-stringop-overflow -Wno-error=pedantic -Wno-error=redundant-decls -Wno-error=old-style-cast -fdiagnostics-color=always -faligned-new -Wno-unused-but-set-variable -Wno-maybe-uninitialized -fno-math-errno -fno-trapping-math -Wno-stringop-overflow, DISABLE_NUMA=1, PERF_WITH_AVX=1, PERF_WITH_AVX2=1, PERF_WITH_AVX512=1, USE_CUDA=True, USE_EXCEPTION_PTR=1, USE_GFLAGS=OFF, USE_GLOG=OFF, USE_MKL=ON, USE_MKLDNN=ON, USE_MPI=OFF, USE_NCCL=ON, USE_NNPACK=ON, USE_OPENMP=ON, USE_STATIC_DISPATCH=OFF, 

TorchVision: 0.4.2+cu100
OpenCV: 4.4.0
MMCV: 1.0.5
MMDetection: 2.3.0+788fa8d
MMDetection Compiler: GCC 7.3
MMDetection CUDA Compiler: 10.0
------------------------------------------------------------

2020-11-24 03:24:12,306 - mmdet - INFO - Distributed training: False
2020-11-24 03:24:12,694 - mmdet - INFO - Config:
model = dict(
    type='FasterRCNN',
    pretrained='torchvision://resnet50',
    backbone=dict(
        type='ResNet',
        depth=50,
        num_stages=4,
        out_indices=(0, 1, 2, 3),
        frozen_stages=1,
        norm_cfg=dict(type='BN', requires_grad=True),
        norm_eval=True,
        style='pytorch'),
    neck=dict(
        type='FPN',
        in_channels=[256, 512, 1024, 2048],
        out_channels=256,
        num_outs=5),
    rpn_head=dict(
        type='RPNHead',
        in_channels=256,
        feat_channels=256,
        anchor_generator=dict(
            type='AnchorGenerator',
            scales=[8],
            ratios=[0.5, 1.0, 2.0],
            strides=[4, 8, 16, 32, 64]),
        bbox_coder=dict(
            type='DeltaXYWHBBoxCoder',
            target_means=[0.0, 0.0, 0.0, 0.0],
            target_stds=[1.0, 1.0, 1.0, 1.0]),
        loss_cls=dict(
            type='CrossEntropyLoss', use_sigmoid=True, loss_weight=1.0),
        loss_bbox=dict(type='L1Loss', loss_weight=1.0)),
    roi_head=dict(
        type='StandardRoIHead',
        bbox_roi_extractor=dict(
            type='SingleRoIExtractor',
            roi_layer=dict(type='RoIAlign', output_size=7, sampling_ratio=0),
            out_channels=256,
            featmap_strides=[4, 8, 16, 32]),
        bbox_head=dict(
            type='Shared2FCBBoxHead',
            in_channels=256,
            fc_out_channels=1024,
            roi_feat_size=7,
            num_classes=2,
            bbox_coder=dict(
                type='DeltaXYWHBBoxCoder',
                target_means=[0.0, 0.0, 0.0, 0.0],
                target_stds=[0.1, 0.1, 0.2, 0.2]),
            reg_class_agnostic=False,
            loss_cls=dict(
                type='CrossEntropyLoss', use_sigmoid=False, loss_weight=1.0),
            loss_bbox=dict(type='L1Loss', loss_weight=1.0))))
train_cfg = dict(
    rpn=dict(
        assigner=dict(
            type='MaxIoUAssigner',
            pos_iou_thr=0.7,
            neg_iou_thr=0.3,
            min_pos_iou=0.3,
            match_low_quality=True,
            ignore_iof_thr=-1),
        sampler=dict(
            type='RandomSampler',
            num=256,
            pos_fraction=0.5,
            neg_pos_ub=-1,
            add_gt_as_proposals=False),
        allowed_border=-1,
        pos_weight=-1,
        debug=False),
    rpn_proposal=dict(
        nms_across_levels=False,
        nms_pre=2000,
        nms_post=1000,
        max_num=1000,
        nms_thr=0.7,
        min_bbox_size=0),
    rcnn=dict(
        assigner=dict(
            type='MaxIoUAssigner',
            pos_iou_thr=0.5,
            neg_iou_thr=0.5,
            min_pos_iou=0.5,
            match_low_quality=False,
            ignore_iof_thr=-1),
        sampler=dict(
            type='RandomSampler',
            num=512,
            pos_fraction=0.25,
            neg_pos_ub=-1,
            add_gt_as_proposals=True),
        pos_weight=-1,
        debug=False))
test_cfg = dict(
    rpn=dict(
        nms_across_levels=False,
        nms_pre=1000,
        nms_post=1000,
        max_num=1000,
        nms_thr=0.7,
        min_bbox_size=0),
    rcnn=dict(
        score_thr=0.05,
        nms=dict(type='nms', iou_threshold=0.5),
        max_per_img=100))
dataset_type = 'CocoDataset'
data_root = 'data/coco/'
img_norm_cfg = dict(
    mean=[123.675, 116.28, 103.53], std=[58.395, 57.12, 57.375], to_rgb=True)
train_pipeline = [
    dict(type='LoadImageFromFile'),
    dict(type='LoadAnnotations', with_bbox=True),
    dict(type='Resize', img_scale=(1550, 1550), keep_ratio=True),
    dict(type='RandomFlip', flip_ratio=0.5),
    dict(
        type='Normalize',
        mean=[123.675, 116.28, 103.53],
        std=[58.395, 57.12, 57.375],
        to_rgb=True),
    dict(type='Pad', size_divisor=32),
    dict(type='DefaultFormatBundle'),
    dict(type='Collect', keys=['img', 'gt_bboxes', 'gt_labels'])
]
test_pipeline = [
    dict(type='LoadImageFromFile'),
    dict(
        type='MultiScaleFlipAug',
        img_scale=(1550, 1550),
        flip=False,
        transforms=[
            dict(type='Resize', keep_ratio=True),
            dict(type='RandomFlip'),
            dict(
                type='Normalize',
                mean=[123.675, 116.28, 103.53],
                std=[58.395, 57.12, 57.375],
                to_rgb=True),
            dict(type='Pad', size_divisor=32),
            dict(type='ImageToTensor', keys=['img']),
            dict(type='Collect', keys=['img'])
        ])
]
data = dict(
    samples_per_gpu=2,
    workers_per_gpu=2,
    train=dict(
        type='CocoDataset',
        ann_file='data/coco/annotations/annotations_trai.json',
        img_prefix='data/coco/img/',
        pipeline=[
            dict(type='LoadImageFromFile'),
            dict(type='LoadAnnotations', with_bbox=True),
            dict(type='Resize', img_scale=(1550, 1550), keep_ratio=True),
            dict(type='RandomFlip', flip_ratio=0.5),
            dict(
                type='Normalize',
                mean=[123.675, 116.28, 103.53],
                std=[58.395, 57.12, 57.375],
                to_rgb=True),
            dict(type='Pad', size_divisor=32),
            dict(type='DefaultFormatBundle'),
            dict(type='Collect', keys=['img', 'gt_bboxes', 'gt_labels'])
        ]),
    val=dict(
        type='CocoDataset',
        ann_file='data/coco/annotations/annotations_test.json',
        img_prefix='data/coco/img/',
        pipeline=[
            dict(type='LoadImageFromFile'),
            dict(
                type='MultiScaleFlipAug',
                img_scale=(1550, 1550),
                flip=False,
                transforms=[
                    dict(type='Resize', keep_ratio=True),
                    dict(type='RandomFlip'),
                    dict(
                        type='Normalize',
                        mean=[123.675, 116.28, 103.53],
                        std=[58.395, 57.12, 57.375],
                        to_rgb=True),
                    dict(type='Pad', size_divisor=32),
                    dict(type='ImageToTensor', keys=['img']),
                    dict(type='Collect', keys=['img'])
                ])
        ]),
    test=dict(
        type='CocoDataset',
        ann_file='data/coco/annotations/annotations_vals.json',
        img_prefix='data/coco/img/',
        pipeline=[
            dict(type='LoadImageFromFile'),
            dict(
                type='MultiScaleFlipAug',
                img_scale=(1550, 1550),
                flip=False,
                transforms=[
                    dict(type='Resize', keep_ratio=True),
                    dict(type='RandomFlip'),
                    dict(
                        type='Normalize',
                        mean=[123.675, 116.28, 103.53],
                        std=[58.395, 57.12, 57.375],
                        to_rgb=True),
                    dict(type='Pad', size_divisor=32),
                    dict(type='ImageToTensor', keys=['img']),
                    dict(type='Collect', keys=['img'])
                ])
        ]))
evaluation = dict(interval=1, metric='bbox')
optimizer = dict(type='SGD', lr=0.01, momentum=0.9, weight_decay=0.0001)
optimizer_config = dict(grad_clip=None)
lr_config = dict(
    policy='step',
    warmup='linear',
    warmup_iters=500,
    warmup_ratio=0.001,
    step=[8, 11])
total_epochs = 4
checkpoint_config = dict(interval=4)
log_config = dict(interval=100, hooks=[dict(type='TextLoggerHook')])
dist_params = dict(backend='nccl')
log_level = 'INFO'
load_from = '/home/admin/.cache/torch/checkpoints/X.pth'
resume_from = None
workflow = [('train', 2), ('val', 1)]
work_dir = '/home/admin/jupyter/SecurityAI_Round5/data/work'
gpu_ids = range(0, 1)

2020-11-24 03:24:13,201 - mmdet - INFO - load model from: torchvision://resnet50
2020-11-24 03:24:20,987 - mmdet - WARNING - The model and loaded state dict do not match exactly

unexpected key in source state_dict: fc.weight, fc.bias

2020-11-24 03:24:31,303 - mmdet - INFO - load checkpoint from /home/admin/.cache/torch/checkpoints/X.pth
2020-11-24 03:24:37,962 - mmdet - INFO - Start running, host: admin@fuxilabor_labor0_S4_Odps_S96_dsw_prepaid_cnsh_838_2020112313382, work_dir: /home/admin/jupyter/SecurityAI_Round5/data/work
2020-11-24 03:24:37,962 - mmdet - INFO - workflow: [('train', 2), ('val', 1)], max: 4 epochs
2020-11-24 03:25:55,565 - mmdet - INFO - Epoch [1][100/621]	lr: 1.988e-03, eta: 0:30:45, time: 0.774, data_time: 0.034, memory: 10071, loss_rpn_cls: 0.0021, loss_rpn_bbox: 0.0256, loss_cls: 0.0340, acc: 98.5312, loss_bbox: 0.0726, loss: 0.1344
2020-11-24 03:27:10,645 - mmdet - INFO - Epoch [1][200/621]	lr: 3.986e-03, eta: 0:29:01, time: 0.751, data_time: 0.012, memory: 10071, loss_rpn_cls: 0.0017, loss_rpn_bbox: 0.0230, loss_cls: 0.0252, acc: 98.9150, loss_bbox: 0.0636, loss: 0.1134
2020-11-24 03:28:25,104 - mmdet - INFO - Epoch [1][300/621]	lr: 5.984e-03, eta: 0:27:32, time: 0.745, data_time: 0.012, memory: 10071, loss_rpn_cls: 0.0020, loss_rpn_bbox: 0.0246, loss_cls: 0.0241, acc: 98.9609, loss_bbox: 0.0583, loss: 0.1090
2020-11-24 03:29:40,228 - mmdet - INFO - Epoch [1][400/621]	lr: 7.982e-03, eta: 0:26:13, time: 0.751, data_time: 0.012, memory: 10071, loss_rpn_cls: 0.0025, loss_rpn_bbox: 0.0267, loss_cls: 0.0349, acc: 98.4668, loss_bbox: 0.0694, loss: 0.1335
2020-11-24 03:30:55,281 - mmdet - INFO - Epoch [1][500/621]	lr: 9.980e-03, eta: 0:24:56, time: 0.751, data_time: 0.012, memory: 11907, loss_rpn_cls: 0.0028, loss_rpn_bbox: 0.0298, loss_cls: 0.0349, acc: 98.4844, loss_bbox: 0.0737, loss: 0.1412
2020-11-24 03:32:09,985 - mmdet - INFO - Epoch [1][600/621]	lr: 1.000e-02, eta: 0:23:38, time: 0.747, data_time: 0.012, memory: 11907, loss_rpn_cls: 0.0018, loss_rpn_bbox: 0.0288, loss_cls: 0.0296, acc: 98.7666, loss_bbox: 0.0724, loss: 0.1326
2020-11-24 03:32:51,706 - mmdet - INFO - Evaluating bbox...
2020-11-24 03:32:53,281 - mmdet - INFO - Epoch [1][621/621]	lr: 1.000e-02, bbox_mAP: 0.8380, bbox_mAP_50: 0.8900, bbox_mAP_75: 0.8890, bbox_mAP_s: 0.6850, bbox_mAP_m: 0.9030, bbox_mAP_l: 0.8780, bbox_mAP_copypaste: 0.838 0.890 0.889 0.685 0.903 0.878
2020-11-24 03:34:10,847 - mmdet - INFO - Epoch [2][100/621]	lr: 1.000e-02, eta: 0:21:33, time: 0.773, data_time: 0.033, memory: 11907, loss_rpn_cls: 0.0035, loss_rpn_bbox: 0.0335, loss_cls: 0.0387, acc: 98.3662, loss_bbox: 0.0816, loss: 0.1573
2020-11-24 03:35:25,597 - mmdet - INFO - Epoch [2][200/621]	lr: 1.000e-02, eta: 0:20:23, time: 0.747, data_time: 0.012, memory: 11907, loss_rpn_cls: 0.0027, loss_rpn_bbox: 0.0315, loss_cls: 0.0371, acc: 98.4521, loss_bbox: 0.0787, loss: 0.1501
2020-11-24 03:36:40,397 - mmdet - INFO - Epoch [2][300/621]	lr: 1.000e-02, eta: 0:19:11, time: 0.748, data_time: 0.012, memory: 11907, loss_rpn_cls: 0.0026, loss_rpn_bbox: 0.0307, loss_cls: 0.0345, acc: 98.6035, loss_bbox: 0.0759, loss: 0.1437
2020-11-24 03:37:55,199 - mmdet - INFO - Epoch [2][400/621]	lr: 1.000e-02, eta: 0:17:59, time: 0.748, data_time: 0.012, memory: 11907, loss_rpn_cls: 0.0025, loss_rpn_bbox: 0.0303, loss_cls: 0.0253, acc: 98.9639, loss_bbox: 0.0736, loss: 0.1317
2020-11-24 03:39:10,481 - mmdet - INFO - Epoch [2][500/621]	lr: 1.000e-02, eta: 0:16:47, time: 0.753, data_time: 0.012, memory: 11907, loss_rpn_cls: 0.0030, loss_rpn_bbox: 0.0314, loss_cls: 0.0337, acc: 98.6387, loss_bbox: 0.0709, loss: 0.1390
2020-11-24 03:40:25,273 - mmdet - INFO - Epoch [2][600/621]	lr: 1.000e-02, eta: 0:15:34, time: 0.748, data_time: 0.012, memory: 11907, loss_rpn_cls: 0.0026, loss_rpn_bbox: 0.0307, loss_cls: 0.0370, acc: 98.3018, loss_bbox: 0.0752, loss: 0.1455
2020-11-24 03:41:07,562 - mmdet - INFO - Evaluating bbox...
2020-11-24 03:41:09,203 - mmdet - INFO - Epoch [2][621/621]	lr: 1.000e-02, bbox_mAP: 0.8360, bbox_mAP_50: 0.8900, bbox_mAP_75: 0.8850, bbox_mAP_s: 0.6760, bbox_mAP_m: 0.8910, bbox_mAP_l: 0.8880, bbox_mAP_copypaste: 0.836 0.890 0.885 0.676 0.891 0.888
2020-11-24 03:41:41,271 - mmdet - INFO - Epoch(train) [2][81]	loss_rpn_cls: 0.0019, loss_rpn_bbox: 0.0277, loss_cls: 0.0334, acc: 98.5737, loss_bbox: 0.0725, loss: 0.1354
2020-11-24 03:42:58,195 - mmdet - INFO - Epoch [3][100/621]	lr: 1.000e-02, eta: 0:13:54, time: 0.767, data_time: 0.033, memory: 11907, loss_rpn_cls: 0.0018, loss_rpn_bbox: 0.0277, loss_cls: 0.0304, acc: 98.6924, loss_bbox: 0.0714, loss: 0.1312
2020-11-24 03:44:13,309 - mmdet - INFO - Epoch [3][200/621]	lr: 1.000e-02, eta: 0:12:42, time: 0.751, data_time: 0.012, memory: 11907, loss_rpn_cls: 0.0028, loss_rpn_bbox: 0.0334, loss_cls: 0.0417, acc: 98.1934, loss_bbox: 0.0854, loss: 0.1633
2020-11-24 03:45:27,828 - mmdet - INFO - Epoch [3][300/621]	lr: 1.000e-02, eta: 0:11:30, time: 0.745, data_time: 0.012, memory: 11907, loss_rpn_cls: 0.0028, loss_rpn_bbox: 0.0290, loss_cls: 0.0304, acc: 98.7051, loss_bbox: 0.0723, loss: 0.1344
2020-11-24 03:46:42,272 - mmdet - INFO - Epoch [3][400/621]	lr: 1.000e-02, eta: 0:10:17, time: 0.744, data_time: 0.012, memory: 11907, loss_rpn_cls: 0.0029, loss_rpn_bbox: 0.0307, loss_cls: 0.0307, acc: 98.7646, loss_bbox: 0.0734, loss: 0.1377
2020-11-24 03:47:57,021 - mmdet - INFO - Epoch [3][500/621]	lr: 1.000e-02, eta: 0:09:04, time: 0.747, data_time: 0.012, memory: 11907, loss_rpn_cls: 0.0028, loss_rpn_bbox: 0.0297, loss_cls: 0.0300, acc: 98.7471, loss_bbox: 0.0764, loss: 0.1389
2020-11-24 03:49:11,908 - mmdet - INFO - Epoch [3][600/621]	lr: 1.000e-02, eta: 0:07:51, time: 0.749, data_time: 0.012, memory: 11907, loss_rpn_cls: 0.0032, loss_rpn_bbox: 0.0317, loss_cls: 0.0324, acc: 98.7119, loss_bbox: 0.0734, loss: 0.1407
2020-11-24 03:49:54,040 - mmdet - INFO - Evaluating bbox...
2020-11-24 03:49:55,579 - mmdet - INFO - Epoch [3][621/621]	lr: 1.000e-02, bbox_mAP: 0.8250, bbox_mAP_50: 0.8840, bbox_mAP_75: 0.8790, bbox_mAP_s: 0.6620, bbox_mAP_m: 0.8760, bbox_mAP_l: 0.8790, bbox_mAP_copypaste: 0.825 0.884 0.879 0.662 0.876 0.879
2020-11-24 03:51:12,578 - mmdet - INFO - Epoch [4][100/621]	lr: 1.000e-02, eta: 0:06:19, time: 0.768, data_time: 0.034, memory: 11907, loss_rpn_cls: 0.0019, loss_rpn_bbox: 0.0296, loss_cls: 0.0322, acc: 98.6367, loss_bbox: 0.0744, loss: 0.1381
2020-11-24 03:52:27,260 - mmdet - INFO - Epoch [4][200/621]	lr: 1.000e-02, eta: 0:05:07, time: 0.747, data_time: 0.012, memory: 11907, loss_rpn_cls: 0.0036, loss_rpn_bbox: 0.0294, loss_cls: 0.0328, acc: 98.5957, loss_bbox: 0.0714, loss: 0.1372
2020-11-24 03:53:42,075 - mmdet - INFO - Epoch [4][300/621]	lr: 1.000e-02, eta: 0:03:54, time: 0.748, data_time: 0.012, memory: 11907, loss_rpn_cls: 0.0029, loss_rpn_bbox: 0.0324, loss_cls: 0.0306, acc: 98.7236, loss_bbox: 0.0766, loss: 0.1424
2020-11-24 03:54:57,091 - mmdet - INFO - Epoch [4][400/621]	lr: 1.000e-02, eta: 0:02:41, time: 0.750, data_time: 0.014, memory: 11907, loss_rpn_cls: 0.0023, loss_rpn_bbox: 0.0322, loss_cls: 0.0345, acc: 98.5361, loss_bbox: 0.0706, loss: 0.1395
2020-11-24 03:56:11,704 - mmdet - INFO - Epoch [4][500/621]	lr: 1.000e-02, eta: 0:01:28, time: 0.746, data_time: 0.012, memory: 11907, loss_rpn_cls: 0.0022, loss_rpn_bbox: 0.0313, loss_cls: 0.0323, acc: 98.6328, loss_bbox: 0.0798, loss: 0.1456
2020-11-24 03:57:26,501 - mmdet - INFO - Epoch [4][600/621]	lr: 1.000e-02, eta: 0:00:15, time: 0.748, data_time: 0.012, memory: 11907, loss_rpn_cls: 0.0020, loss_rpn_bbox: 0.0293, loss_cls: 0.0276, acc: 98.8975, loss_bbox: 0.0717, loss: 0.1307
2020-11-24 03:57:42,075 - mmdet - INFO - Saving checkpoint at 4 epochs
2020-11-24 03:58:10,131 - mmdet - INFO - Evaluating bbox...
2020-11-24 03:58:11,675 - mmdet - INFO - Epoch [4][621/621]	lr: 1.000e-02, bbox_mAP: 0.8330, bbox_mAP_50: 0.8850, bbox_mAP_75: 0.8800, bbox_mAP_s: 0.6760, bbox_mAP_m: 0.9000, bbox_mAP_l: 0.8820, bbox_mAP_copypaste: 0.833 0.885 0.880 0.676 0.900 0.882
2020-11-24 03:58:43,713 - mmdet - INFO - Epoch(train) [4][81]	loss_rpn_cls: 0.0026, loss_rpn_bbox: 0.0304, loss_cls: 0.0338, acc: 98.6159, loss_bbox: 0.0731, loss: 0.1399
