2020-11-09 09:32:46,362 - mmdet - INFO - Environment info:
------------------------------------------------------------
sys.platform: linux
Python: 3.6.4 |Anaconda, Inc.| (default, Jan 16 2018, 18:10:19) [GCC 7.2.0]
CUDA available: True
CUDA_HOME: /usr/local/cuda
NVCC: Cuda compilation tools, release 10.0, V10.0.130
GPU 0: Tesla P100-PCIE-16GB
GCC: gcc (GCC) 5.3.0
PyTorch: 1.3.1+cu100
PyTorch compiling details: PyTorch built with:
  - GCC 7.3
  - Intel(R) Math Kernel Library Version 2019.0.4 Product Build 20190411 for Intel(R) 64 architecture applications
  - Intel(R) MKL-DNN v0.20.5 (Git Hash 0125f28c61c1f822fd48570b4c1066f96fcb9b2e)
  - OpenMP 201511 (a.k.a. OpenMP 4.5)
  - NNPACK is enabled
  - CUDA Runtime 10.0
  - NVCC architecture flags: -gencode;arch=compute_37,code=sm_37;-gencode;arch=compute_50,code=sm_50;-gencode;arch=compute_60,code=sm_60;-gencode;arch=compute_61,code=sm_61;-gencode;arch=compute_70,code=sm_70;-gencode;arch=compute_75,code=sm_75;-gencode;arch=compute_37,code=compute_37
  - CuDNN 7.6.3
  - Magma 2.5.1
  - Build settings: BLAS=MKL, BUILD_NAMEDTENSOR=OFF, BUILD_TYPE=Release, CXX_FLAGS= -Wno-deprecated -fvisibility-inlines-hidden -fopenmp -DUSE_FBGEMM -DUSE_QNNPACK -DUSE_PYTORCH_QNNPACK -O2 -fPIC -Wno-narrowing -Wall -Wextra -Wno-missing-field-initializers -Wno-type-limits -Wno-array-bounds -Wno-unknown-pragmas -Wno-sign-compare -Wno-unused-parameter -Wno-unused-variable -Wno-unused-function -Wno-unused-result -Wno-strict-overflow -Wno-strict-aliasing -Wno-error=deprecated-declarations -Wno-stringop-overflow -Wno-error=pedantic -Wno-error=redundant-decls -Wno-error=old-style-cast -fdiagnostics-color=always -faligned-new -Wno-unused-but-set-variable -Wno-maybe-uninitialized -fno-math-errno -fno-trapping-math -Wno-stringop-overflow, DISABLE_NUMA=1, PERF_WITH_AVX=1, PERF_WITH_AVX2=1, PERF_WITH_AVX512=1, USE_CUDA=True, USE_EXCEPTION_PTR=1, USE_GFLAGS=OFF, USE_GLOG=OFF, USE_MKL=ON, USE_MKLDNN=ON, USE_MPI=OFF, USE_NCCL=ON, USE_NNPACK=ON, USE_OPENMP=ON, USE_STATIC_DISPATCH=OFF, 

TorchVision: 0.4.2+cu100
OpenCV: 4.4.0
MMCV: 1.0.5
MMDetection: 2.3.0+788fa8d
MMDetection Compiler: GCC 7.3
MMDetection CUDA Compiler: 10.0
------------------------------------------------------------

2020-11-09 09:32:46,363 - mmdet - INFO - Distributed training: False
2020-11-09 09:32:46,760 - mmdet - INFO - Config:
model = dict(
    type='FasterRCNN',
    pretrained='torchvision://resnet50',
    backbone=dict(
        type='ResNet',
        depth=50,
        num_stages=4,
        out_indices=(0, 1, 2, 3),
        frozen_stages=1,
        norm_cfg=dict(type='BN', requires_grad=True),
        norm_eval=True,
        style='pytorch'),
    neck=dict(
        type='FPN',
        in_channels=[256, 512, 1024, 2048],
        out_channels=256,
        num_outs=5),
    rpn_head=dict(
        type='RPNHead',
        in_channels=256,
        feat_channels=256,
        anchor_generator=dict(
            type='AnchorGenerator',
            scales=[8],
            ratios=[0.5, 1.0, 2.0],
            strides=[4, 8, 16, 32, 64]),
        bbox_coder=dict(
            type='DeltaXYWHBBoxCoder',
            target_means=[0.0, 0.0, 0.0, 0.0],
            target_stds=[1.0, 1.0, 1.0, 1.0]),
        loss_cls=dict(
            type='CrossEntropyLoss', use_sigmoid=True, loss_weight=1.0),
        loss_bbox=dict(type='L1Loss', loss_weight=1.0)),
    roi_head=dict(
        type='StandardRoIHead',
        bbox_roi_extractor=dict(
            type='SingleRoIExtractor',
            roi_layer=dict(type='RoIAlign', output_size=7, sampling_ratio=0),
            out_channels=256,
            featmap_strides=[4, 8, 16, 32]),
        bbox_head=dict(
            type='Shared2FCBBoxHead',
            in_channels=256,
            fc_out_channels=1024,
            roi_feat_size=7,
            num_classes=2,
            bbox_coder=dict(
                type='DeltaXYWHBBoxCoder',
                target_means=[0.0, 0.0, 0.0, 0.0],
                target_stds=[0.1, 0.1, 0.2, 0.2]),
            reg_class_agnostic=False,
            loss_cls=dict(
                type='CrossEntropyLoss', use_sigmoid=False, loss_weight=1.0),
            loss_bbox=dict(type='L1Loss', loss_weight=1.0))))
train_cfg = dict(
    rpn=dict(
        assigner=dict(
            type='MaxIoUAssigner',
            pos_iou_thr=0.7,
            neg_iou_thr=0.3,
            min_pos_iou=0.3,
            match_low_quality=True,
            ignore_iof_thr=-1),
        sampler=dict(
            type='RandomSampler',
            num=256,
            pos_fraction=0.5,
            neg_pos_ub=-1,
            add_gt_as_proposals=False),
        allowed_border=-1,
        pos_weight=-1,
        debug=False),
    rpn_proposal=dict(
        nms_across_levels=False,
        nms_pre=2000,
        nms_post=1000,
        max_num=1000,
        nms_thr=0.7,
        min_bbox_size=0),
    rcnn=dict(
        assigner=dict(
            type='MaxIoUAssigner',
            pos_iou_thr=0.5,
            neg_iou_thr=0.5,
            min_pos_iou=0.5,
            match_low_quality=False,
            ignore_iof_thr=-1),
        sampler=dict(
            type='RandomSampler',
            num=512,
            pos_fraction=0.25,
            neg_pos_ub=-1,
            add_gt_as_proposals=True),
        pos_weight=-1,
        debug=False))
test_cfg = dict(
    rpn=dict(
        nms_across_levels=False,
        nms_pre=1000,
        nms_post=1000,
        max_num=1000,
        nms_thr=0.7,
        min_bbox_size=0),
    rcnn=dict(
        score_thr=0.05,
        nms=dict(type='nms', iou_threshold=0.5),
        max_per_img=100))
dataset_type = 'CocoDataset'
data_root = 'data/coco/'
img_norm_cfg = dict(
    mean=[123.675, 116.28, 103.53], std=[58.395, 57.12, 57.375], to_rgb=True)
train_pipeline = [
    dict(type='LoadImageFromFile'),
    dict(type='LoadAnnotations', with_bbox=True),
    dict(type='Resize', img_scale=(775, 775), keep_ratio=True),
    dict(type='RandomFlip', flip_ratio=0.5),
    dict(
        type='Normalize',
        mean=[123.675, 116.28, 103.53],
        std=[58.395, 57.12, 57.375],
        to_rgb=True),
    dict(type='Pad', size_divisor=32),
    dict(type='DefaultFormatBundle'),
    dict(type='Collect', keys=['img', 'gt_bboxes', 'gt_labels'])
]
test_pipeline = [
    dict(type='LoadImageFromFile'),
    dict(
        type='MultiScaleFlipAug',
        img_scale=(775, 775),
        flip=False,
        transforms=[
            dict(type='Resize', keep_ratio=True),
            dict(type='RandomFlip'),
            dict(
                type='Normalize',
                mean=[123.675, 116.28, 103.53],
                std=[58.395, 57.12, 57.375],
                to_rgb=True),
            dict(type='Pad', size_divisor=32),
            dict(type='ImageToTensor', keys=['img']),
            dict(type='Collect', keys=['img'])
        ])
]
data = dict(
    samples_per_gpu=12,
    workers_per_gpu=12,
    train=dict(
        type='CocoDataset',
        ann_file='data/coco/annotations/annotations_trai.json',
        img_prefix='data/coco/img/',
        pipeline=[
            dict(type='LoadImageFromFile'),
            dict(type='LoadAnnotations', with_bbox=True),
            dict(type='Resize', img_scale=(775, 775), keep_ratio=True),
            dict(type='RandomFlip', flip_ratio=0.5),
            dict(
                type='Normalize',
                mean=[123.675, 116.28, 103.53],
                std=[58.395, 57.12, 57.375],
                to_rgb=True),
            dict(type='Pad', size_divisor=32),
            dict(type='DefaultFormatBundle'),
            dict(type='Collect', keys=['img', 'gt_bboxes', 'gt_labels'])
        ]),
    val=dict(
        type='CocoDataset',
        ann_file='data/coco/annotations/annotations_test.json',
        img_prefix='data/coco/img/',
        pipeline=[
            dict(type='LoadImageFromFile'),
            dict(
                type='MultiScaleFlipAug',
                img_scale=(775, 775),
                flip=False,
                transforms=[
                    dict(type='Resize', keep_ratio=True),
                    dict(type='RandomFlip'),
                    dict(
                        type='Normalize',
                        mean=[123.675, 116.28, 103.53],
                        std=[58.395, 57.12, 57.375],
                        to_rgb=True),
                    dict(type='Pad', size_divisor=32),
                    dict(type='ImageToTensor', keys=['img']),
                    dict(type='Collect', keys=['img'])
                ])
        ]),
    test=dict(
        type='CocoDataset',
        ann_file='data/coco/annotations/annotations_vals.json',
        img_prefix='data/coco/img/',
        pipeline=[
            dict(type='LoadImageFromFile'),
            dict(
                type='MultiScaleFlipAug',
                img_scale=(775, 775),
                flip=False,
                transforms=[
                    dict(type='Resize', keep_ratio=True),
                    dict(type='RandomFlip'),
                    dict(
                        type='Normalize',
                        mean=[123.675, 116.28, 103.53],
                        std=[58.395, 57.12, 57.375],
                        to_rgb=True),
                    dict(type='Pad', size_divisor=32),
                    dict(type='ImageToTensor', keys=['img']),
                    dict(type='Collect', keys=['img'])
                ])
        ]))
evaluation = dict(interval=1, metric='bbox')
optimizer = dict(type='SGD', lr=0.02, momentum=0.9, weight_decay=0.0001)
optimizer_config = dict(grad_clip=None)
lr_config = dict(
    policy='step',
    warmup='linear',
    warmup_iters=500,
    warmup_ratio=0.001,
    step=[8, 11])
total_epochs = 40
checkpoint_config = dict(interval=20)
log_config = dict(interval=20, hooks=[dict(type='TextLoggerHook')])
dist_params = dict(backend='nccl')
log_level = 'INFO'
load_from = '/home/admin/.cache/torch/checkpoints/X.pth'
resume_from = None
workflow = [('train', 2), ('val', 1)]
work_dir = '/home/admin/jupyter/SecurityAI_Round5/data/work'
gpu_ids = range(0, 1)

2020-11-09 09:32:47,309 - mmdet - INFO - load model from: torchvision://resnet50
2020-11-09 09:32:55,217 - mmdet - WARNING - The model and loaded state dict do not match exactly

unexpected key in source state_dict: fc.weight, fc.bias

2020-11-09 09:33:05,802 - mmdet - INFO - load checkpoint from /home/admin/.cache/torch/checkpoints/X.pth
2020-11-09 09:33:12,536 - mmdet - INFO - Start running, host: admin@fuxilabor_labor0_S4_Odps_S96_dsw_prepaid_cnsh_838_2020110900592, work_dir: /home/admin/jupyter/SecurityAI_Round5/data/work
2020-11-09 09:33:12,536 - mmdet - INFO - workflow: [('train', 2), ('val', 1)], max: 40 epochs
2020-11-09 09:33:43,625 - mmdet - INFO - Epoch [1][20/417]	lr: 7.792e-04, eta: 7:07:54, time: 1.541, data_time: 0.172, memory: 12931, loss_rpn_cls: 0.0031, loss_rpn_bbox: 0.0143, loss_cls: 0.0293, acc: 98.8192, loss_bbox: 0.0587, loss: 0.1053
2020-11-09 09:34:11,130 - mmdet - INFO - Epoch [1][40/417]	lr: 1.578e-03, eta: 6:44:23, time: 1.375, data_time: 0.038, memory: 12931, loss_rpn_cls: 0.0043, loss_rpn_bbox: 0.0159, loss_cls: 0.0329, acc: 98.6816, loss_bbox: 0.0667, loss: 0.1197
2020-11-09 09:34:38,551 - mmdet - INFO - Epoch [1][60/417]	lr: 2.378e-03, eta: 6:35:52, time: 1.371, data_time: 0.031, memory: 12931, loss_rpn_cls: 0.0019, loss_rpn_bbox: 0.0157, loss_cls: 0.0278, acc: 98.9062, loss_bbox: 0.0650, loss: 0.1104
2020-11-09 09:35:06,252 - mmdet - INFO - Epoch [1][80/417]	lr: 3.177e-03, eta: 6:32:20, time: 1.385, data_time: 0.037, memory: 12931, loss_rpn_cls: 0.0016, loss_rpn_bbox: 0.0148, loss_cls: 0.0254, acc: 98.9648, loss_bbox: 0.0576, loss: 0.0994
2020-11-09 09:35:33,738 - mmdet - INFO - Epoch [1][100/417]	lr: 3.976e-03, eta: 6:29:26, time: 1.374, data_time: 0.038, memory: 12931, loss_rpn_cls: 0.0031, loss_rpn_bbox: 0.0176, loss_cls: 0.0274, acc: 98.8973, loss_bbox: 0.0645, loss: 0.1126
2020-11-09 09:36:01,364 - mmdet - INFO - Epoch [1][120/417]	lr: 4.775e-03, eta: 6:27:41, time: 1.381, data_time: 0.032, memory: 12931, loss_rpn_cls: 0.0030, loss_rpn_bbox: 0.0175, loss_cls: 0.0317, acc: 98.6759, loss_bbox: 0.0668, loss: 0.1191
2020-11-09 09:36:29,054 - mmdet - INFO - Epoch [1][140/417]	lr: 5.574e-03, eta: 6:26:25, time: 1.385, data_time: 0.037, memory: 12931, loss_rpn_cls: 0.0023, loss_rpn_bbox: 0.0164, loss_cls: 0.0289, acc: 98.8078, loss_bbox: 0.0631, loss: 0.1106
2020-11-09 09:36:56,526 - mmdet - INFO - Epoch [1][160/417]	lr: 6.374e-03, eta: 6:24:59, time: 1.374, data_time: 0.038, memory: 12931, loss_rpn_cls: 0.0028, loss_rpn_bbox: 0.0184, loss_cls: 0.0320, acc: 98.6442, loss_bbox: 0.0675, loss: 0.1208
2020-11-09 09:37:24,013 - mmdet - INFO - Epoch [1][180/417]	lr: 7.173e-03, eta: 6:23:47, time: 1.374, data_time: 0.031, memory: 12931, loss_rpn_cls: 0.0024, loss_rpn_bbox: 0.0187, loss_cls: 0.0274, acc: 98.8550, loss_bbox: 0.0658, loss: 0.1144
2020-11-09 09:37:51,580 - mmdet - INFO - Epoch [1][200/417]	lr: 7.972e-03, eta: 6:22:50, time: 1.378, data_time: 0.037, memory: 12931, loss_rpn_cls: 0.0016, loss_rpn_bbox: 0.0146, loss_cls: 0.0248, acc: 99.0063, loss_bbox: 0.0564, loss: 0.0975
2020-11-09 09:38:19,081 - mmdet - INFO - Epoch [1][220/417]	lr: 8.771e-03, eta: 6:21:54, time: 1.375, data_time: 0.039, memory: 12931, loss_rpn_cls: 0.0021, loss_rpn_bbox: 0.0169, loss_cls: 0.0295, acc: 98.7752, loss_bbox: 0.0658, loss: 0.1143
2020-11-09 09:38:46,617 - mmdet - INFO - Epoch [1][240/417]	lr: 9.570e-03, eta: 6:21:06, time: 1.377, data_time: 0.032, memory: 12931, loss_rpn_cls: 0.0059, loss_rpn_bbox: 0.0190, loss_cls: 0.0345, acc: 98.5758, loss_bbox: 0.0765, loss: 0.1359
2020-11-09 09:39:14,172 - mmdet - INFO - Epoch [1][260/417]	lr: 1.037e-02, eta: 6:20:21, time: 1.378, data_time: 0.037, memory: 12931, loss_rpn_cls: 0.0028, loss_rpn_bbox: 0.0174, loss_cls: 0.0321, acc: 98.6540, loss_bbox: 0.0724, loss: 0.1248
2020-11-09 09:39:41,781 - mmdet - INFO - Epoch [1][280/417]	lr: 1.117e-02, eta: 6:19:42, time: 1.380, data_time: 0.037, memory: 12931, loss_rpn_cls: 0.0034, loss_rpn_bbox: 0.0208, loss_cls: 0.0315, acc: 98.7093, loss_bbox: 0.0744, loss: 0.1301
2020-11-09 09:40:09,208 - mmdet - INFO - Epoch [1][300/417]	lr: 1.197e-02, eta: 6:18:55, time: 1.371, data_time: 0.031, memory: 12931, loss_rpn_cls: 0.0031, loss_rpn_bbox: 0.0198, loss_cls: 0.0292, acc: 98.8249, loss_bbox: 0.0742, loss: 0.1263
2020-11-09 09:40:36,640 - mmdet - INFO - Epoch [1][320/417]	lr: 1.277e-02, eta: 6:18:10, time: 1.372, data_time: 0.037, memory: 12931, loss_rpn_cls: 0.0033, loss_rpn_bbox: 0.0203, loss_cls: 0.0350, acc: 98.5270, loss_bbox: 0.0766, loss: 0.1353
2020-11-09 09:41:04,155 - mmdet - INFO - Epoch [1][340/417]	lr: 1.357e-02, eta: 6:17:32, time: 1.376, data_time: 0.038, memory: 12931, loss_rpn_cls: 0.0033, loss_rpn_bbox: 0.0225, loss_cls: 0.0359, acc: 98.5246, loss_bbox: 0.0794, loss: 0.1411
2020-11-09 09:41:31,599 - mmdet - INFO - Epoch [1][360/417]	lr: 1.437e-02, eta: 6:16:51, time: 1.372, data_time: 0.031, memory: 12931, loss_rpn_cls: 0.0026, loss_rpn_bbox: 0.0210, loss_cls: 0.0347, acc: 98.5319, loss_bbox: 0.0781, loss: 0.1364
2020-11-09 09:41:58,985 - mmdet - INFO - Epoch [1][380/417]	lr: 1.516e-02, eta: 6:16:10, time: 1.369, data_time: 0.037, memory: 12931, loss_rpn_cls: 0.0032, loss_rpn_bbox: 0.0245, loss_cls: 0.0382, acc: 98.3708, loss_bbox: 0.0888, loss: 0.1546
2020-11-09 09:42:26,487 - mmdet - INFO - Epoch [1][400/417]	lr: 1.596e-02, eta: 6:15:34, time: 1.375, data_time: 0.038, memory: 12931, loss_rpn_cls: 0.0032, loss_rpn_bbox: 0.0230, loss_cls: 0.0388, acc: 98.3634, loss_bbox: 0.0902, loss: 0.1552
2020-11-09 09:43:30,567 - mmdet - INFO - Evaluating bbox...
2020-11-09 09:43:35,610 - mmdet - INFO - Epoch [1][417/417]	lr: 1.664e-02, bbox_mAP: 0.7090, bbox_mAP_50: 0.7600, bbox_mAP_75: 0.7400, bbox_mAP_s: 0.3360, bbox_mAP_m: 0.4390, bbox_mAP_l: 0.8870, bbox_mAP_copypaste: 0.709 0.760 0.740 0.336 0.439 0.887
2020-11-09 09:44:06,077 - mmdet - INFO - Epoch [2][20/417]	lr: 1.744e-02, eta: 6:01:41, time: 1.509, data_time: 0.170, memory: 12931, loss_rpn_cls: 0.0028, loss_rpn_bbox: 0.0228, loss_cls: 0.0371, acc: 98.4644, loss_bbox: 0.0901, loss: 0.1528
2020-11-09 09:44:33,425 - mmdet - INFO - Epoch [2][40/417]	lr: 1.824e-02, eta: 6:01:37, time: 1.367, data_time: 0.037, memory: 12931, loss_rpn_cls: 0.0025, loss_rpn_bbox: 0.0205, loss_cls: 0.0363, acc: 98.4733, loss_bbox: 0.0834, loss: 0.1426
2020-11-09 09:45:00,807 - mmdet - INFO - Epoch [2][60/417]	lr: 1.904e-02, eta: 6:01:31, time: 1.369, data_time: 0.031, memory: 12931, loss_rpn_cls: 0.0025, loss_rpn_bbox: 0.0242, loss_cls: 0.0353, acc: 98.4961, loss_bbox: 0.0847, loss: 0.1468
2020-11-09 09:45:28,581 - mmdet - INFO - Epoch [2][80/417]	lr: 1.984e-02, eta: 6:01:37, time: 1.389, data_time: 0.037, memory: 12931, loss_rpn_cls: 0.0035, loss_rpn_bbox: 0.0234, loss_cls: 0.0400, acc: 98.2959, loss_bbox: 0.0913, loss: 0.1581
2020-11-09 09:45:56,051 - mmdet - INFO - Epoch [2][100/417]	lr: 2.000e-02, eta: 6:01:31, time: 1.373, data_time: 0.038, memory: 12931, loss_rpn_cls: 0.0038, loss_rpn_bbox: 0.0264, loss_cls: 0.0445, acc: 98.1071, loss_bbox: 0.1047, loss: 0.1793
2020-11-09 09:46:23,424 - mmdet - INFO - Epoch [2][120/417]	lr: 2.000e-02, eta: 6:01:20, time: 1.369, data_time: 0.031, memory: 12931, loss_rpn_cls: 0.0045, loss_rpn_bbox: 0.0279, loss_cls: 0.0468, acc: 97.9972, loss_bbox: 0.1003, loss: 0.1794
2020-11-09 09:46:51,003 - mmdet - INFO - Epoch [2][140/417]	lr: 2.000e-02, eta: 6:01:14, time: 1.379, data_time: 0.037, memory: 12931, loss_rpn_cls: 0.0037, loss_rpn_bbox: 0.0259, loss_cls: 0.0385, acc: 98.4049, loss_bbox: 0.0946, loss: 0.1627
2020-11-09 09:47:18,542 - mmdet - INFO - Epoch [2][160/417]	lr: 2.000e-02, eta: 6:01:05, time: 1.377, data_time: 0.037, memory: 12931, loss_rpn_cls: 0.0041, loss_rpn_bbox: 0.0290, loss_cls: 0.0449, acc: 98.1575, loss_bbox: 0.1071, loss: 0.1851
2020-11-09 09:47:45,923 - mmdet - INFO - Epoch [2][180/417]	lr: 2.000e-02, eta: 6:00:51, time: 1.369, data_time: 0.031, memory: 12931, loss_rpn_cls: 0.0042, loss_rpn_bbox: 0.0267, loss_cls: 0.0427, acc: 98.1999, loss_bbox: 0.1009, loss: 0.1745
2020-11-09 09:48:13,457 - mmdet - INFO - Epoch [2][200/417]	lr: 2.000e-02, eta: 6:00:40, time: 1.377, data_time: 0.038, memory: 12931, loss_rpn_cls: 0.0037, loss_rpn_bbox: 0.0257, loss_cls: 0.0425, acc: 98.1567, loss_bbox: 0.0986, loss: 0.1705
2020-11-09 09:48:40,797 - mmdet - INFO - Epoch [2][220/417]	lr: 2.000e-02, eta: 6:00:23, time: 1.367, data_time: 0.037, memory: 12931, loss_rpn_cls: 0.0033, loss_rpn_bbox: 0.0244, loss_cls: 0.0377, acc: 98.4578, loss_bbox: 0.0916, loss: 0.1570
2020-11-09 09:49:08,226 - mmdet - INFO - Epoch [2][240/417]	lr: 2.000e-02, eta: 6:00:08, time: 1.371, data_time: 0.031, memory: 12931, loss_rpn_cls: 0.0043, loss_rpn_bbox: 0.0248, loss_cls: 0.0456, acc: 98.0697, loss_bbox: 0.1023, loss: 0.1770
2020-11-09 09:49:35,976 - mmdet - INFO - Epoch [2][260/417]	lr: 2.000e-02, eta: 5:59:59, time: 1.388, data_time: 0.038, memory: 12931, loss_rpn_cls: 0.0056, loss_rpn_bbox: 0.0294, loss_cls: 0.0465, acc: 98.0282, loss_bbox: 0.1070, loss: 0.1885
2020-11-09 09:50:03,136 - mmdet - INFO - Epoch [2][280/417]	lr: 2.000e-02, eta: 5:59:36, time: 1.358, data_time: 0.037, memory: 12931, loss_rpn_cls: 0.0044, loss_rpn_bbox: 0.0287, loss_cls: 0.0435, acc: 98.1795, loss_bbox: 0.1003, loss: 0.1769
2020-11-09 09:50:30,382 - mmdet - INFO - Epoch [2][300/417]	lr: 2.000e-02, eta: 5:59:14, time: 1.362, data_time: 0.031, memory: 12931, loss_rpn_cls: 0.0043, loss_rpn_bbox: 0.0245, loss_cls: 0.0411, acc: 98.2788, loss_bbox: 0.0987, loss: 0.1687
2020-11-09 09:50:57,892 - mmdet - INFO - Epoch [2][320/417]	lr: 2.000e-02, eta: 5:58:58, time: 1.375, data_time: 0.038, memory: 12931, loss_rpn_cls: 0.0053, loss_rpn_bbox: 0.0271, loss_cls: 0.0430, acc: 98.1486, loss_bbox: 0.0974, loss: 0.1727
2020-11-09 09:51:25,874 - mmdet - INFO - Epoch [2][340/417]	lr: 2.000e-02, eta: 5:58:51, time: 1.399, data_time: 0.037, memory: 12931, loss_rpn_cls: 0.0050, loss_rpn_bbox: 0.0251, loss_cls: 0.0401, acc: 98.3138, loss_bbox: 0.0979, loss: 0.1681
2020-11-09 09:51:53,307 - mmdet - INFO - Epoch [2][360/417]	lr: 2.000e-02, eta: 5:58:32, time: 1.372, data_time: 0.031, memory: 12931, loss_rpn_cls: 0.0039, loss_rpn_bbox: 0.0227, loss_cls: 0.0361, acc: 98.4611, loss_bbox: 0.0880, loss: 0.1507
2020-11-09 09:52:20,760 - mmdet - INFO - Epoch [2][380/417]	lr: 2.000e-02, eta: 5:58:13, time: 1.373, data_time: 0.038, memory: 12931, loss_rpn_cls: 0.0045, loss_rpn_bbox: 0.0263, loss_cls: 0.0408, acc: 98.2601, loss_bbox: 0.0986, loss: 0.1703
2020-11-09 09:52:48,025 - mmdet - INFO - Epoch [2][400/417]	lr: 2.000e-02, eta: 5:57:50, time: 1.363, data_time: 0.038, memory: 12931, loss_rpn_cls: 0.0032, loss_rpn_bbox: 0.0230, loss_cls: 0.0377, acc: 98.4310, loss_bbox: 0.0909, loss: 0.1548
2020-11-09 09:53:51,866 - mmdet - INFO - Evaluating bbox...
2020-11-09 09:53:57,370 - mmdet - INFO - Epoch [2][417/417]	lr: 2.000e-02, bbox_mAP: 0.6990, bbox_mAP_50: 0.7640, bbox_mAP_75: 0.7380, bbox_mAP_s: 0.3130, bbox_mAP_m: 0.4210, bbox_mAP_l: 0.8690, bbox_mAP_copypaste: 0.699 0.764 0.738 0.313 0.421 0.869
2020-11-09 09:54:39,104 - mmdet - INFO - Epoch(train) [2][53]	loss_rpn_cls: 0.0052, loss_rpn_bbox: 0.0262, loss_cls: 0.0475, acc: 98.0073, loss_bbox: 0.1057, loss: 0.1845
2020-11-09 09:55:09,941 - mmdet - INFO - Epoch [3][20/417]	lr: 2.000e-02, eta: 5:50:58, time: 1.528, data_time: 0.179, memory: 12931, loss_rpn_cls: 0.0040, loss_rpn_bbox: 0.0244, loss_cls: 0.0437, acc: 98.1339, loss_bbox: 0.1001, loss: 0.1723
2020-11-09 09:55:37,451 - mmdet - INFO - Epoch [3][40/417]	lr: 2.000e-02, eta: 5:50:48, time: 1.375, data_time: 0.034, memory: 12931, loss_rpn_cls: 0.0031, loss_rpn_bbox: 0.0222, loss_cls: 0.0366, acc: 98.5107, loss_bbox: 0.0905, loss: 0.1524
2020-11-09 09:56:05,067 - mmdet - INFO - Epoch [3][60/417]	lr: 2.000e-02, eta: 5:50:39, time: 1.381, data_time: 0.035, memory: 12931, loss_rpn_cls: 0.0037, loss_rpn_bbox: 0.0268, loss_cls: 0.0448, acc: 98.1095, loss_bbox: 0.1031, loss: 0.1784
2020-11-09 09:56:32,522 - mmdet - INFO - Epoch [3][80/417]	lr: 2.000e-02, eta: 5:50:26, time: 1.373, data_time: 0.038, memory: 12931, loss_rpn_cls: 0.0037, loss_rpn_bbox: 0.0236, loss_cls: 0.0433, acc: 98.1779, loss_bbox: 0.0946, loss: 0.1652
2020-11-09 09:56:59,884 - mmdet - INFO - Epoch [3][100/417]	lr: 2.000e-02, eta: 5:50:11, time: 1.368, data_time: 0.034, memory: 12931, loss_rpn_cls: 0.0055, loss_rpn_bbox: 0.0273, loss_cls: 0.0474, acc: 97.9956, loss_bbox: 0.1065, loss: 0.1867
2020-11-09 09:57:27,152 - mmdet - INFO - Epoch [3][120/417]	lr: 2.000e-02, eta: 5:49:53, time: 1.363, data_time: 0.036, memory: 12931, loss_rpn_cls: 0.0035, loss_rpn_bbox: 0.0261, loss_cls: 0.0400, acc: 98.3740, loss_bbox: 0.0977, loss: 0.1673
2020-11-09 09:57:54,710 - mmdet - INFO - Epoch [3][140/417]	lr: 2.000e-02, eta: 5:49:41, time: 1.378, data_time: 0.038, memory: 12931, loss_rpn_cls: 0.0031, loss_rpn_bbox: 0.0214, loss_cls: 0.0378, acc: 98.4049, loss_bbox: 0.0839, loss: 0.1462
2020-11-09 09:58:22,276 - mmdet - INFO - Epoch [3][160/417]	lr: 2.000e-02, eta: 5:49:27, time: 1.378, data_time: 0.034, memory: 12931, loss_rpn_cls: 0.0041, loss_rpn_bbox: 0.0258, loss_cls: 0.0430, acc: 98.1828, loss_bbox: 0.0991, loss: 0.1720
2020-11-09 09:58:49,964 - mmdet - INFO - Epoch [3][180/417]	lr: 2.000e-02, eta: 5:49:15, time: 1.384, data_time: 0.036, memory: 12931, loss_rpn_cls: 0.0049, loss_rpn_bbox: 0.0266, loss_cls: 0.0455, acc: 98.0867, loss_bbox: 0.1073, loss: 0.1843
2020-11-09 09:59:17,371 - mmdet - INFO - Epoch [3][200/417]	lr: 2.000e-02, eta: 5:48:58, time: 1.370, data_time: 0.037, memory: 12931, loss_rpn_cls: 0.0041, loss_rpn_bbox: 0.0259, loss_cls: 0.0425, acc: 98.1950, loss_bbox: 0.1040, loss: 0.1765
2020-11-09 09:59:44,462 - mmdet - INFO - Epoch [3][220/417]	lr: 2.000e-02, eta: 5:48:36, time: 1.355, data_time: 0.034, memory: 12931, loss_rpn_cls: 0.0036, loss_rpn_bbox: 0.0236, loss_cls: 0.0403, acc: 98.3162, loss_bbox: 0.0971, loss: 0.1646
2020-11-09 10:00:12,118 - mmdet - INFO - Epoch [3][240/417]	lr: 2.000e-02, eta: 5:48:23, time: 1.383, data_time: 0.036, memory: 12931, loss_rpn_cls: 0.0051, loss_rpn_bbox: 0.0292, loss_cls: 0.0466, acc: 98.0265, loss_bbox: 0.1110, loss: 0.1919
2020-11-09 10:00:39,813 - mmdet - INFO - Epoch [3][260/417]	lr: 2.000e-02, eta: 5:48:09, time: 1.385, data_time: 0.038, memory: 12931, loss_rpn_cls: 0.0037, loss_rpn_bbox: 0.0258, loss_cls: 0.0416, acc: 98.2861, loss_bbox: 0.1020, loss: 0.1731
2020-11-09 10:01:07,468 - mmdet - INFO - Epoch [3][280/417]	lr: 2.000e-02, eta: 5:47:54, time: 1.383, data_time: 0.034, memory: 12931, loss_rpn_cls: 0.0028, loss_rpn_bbox: 0.0243, loss_cls: 0.0397, acc: 98.2821, loss_bbox: 0.0912, loss: 0.1579
2020-11-09 10:01:35,037 - mmdet - INFO - Epoch [3][300/417]	lr: 2.000e-02, eta: 5:47:37, time: 1.378, data_time: 0.036, memory: 12931, loss_rpn_cls: 0.0033, loss_rpn_bbox: 0.0251, loss_cls: 0.0390, acc: 98.3700, loss_bbox: 0.0947, loss: 0.1621
2020-11-09 10:02:02,426 - mmdet - INFO - Epoch [3][320/417]	lr: 2.000e-02, eta: 5:47:18, time: 1.369, data_time: 0.038, memory: 12931, loss_rpn_cls: 0.0033, loss_rpn_bbox: 0.0241, loss_cls: 0.0438, acc: 98.1169, loss_bbox: 0.0998, loss: 0.1710
2020-11-09 10:02:29,822 - mmdet - INFO - Epoch [3][340/417]	lr: 2.000e-02, eta: 5:46:58, time: 1.370, data_time: 0.034, memory: 12931, loss_rpn_cls: 0.0048, loss_rpn_bbox: 0.0278, loss_cls: 0.0417, acc: 98.2479, loss_bbox: 0.1003, loss: 0.1747
2020-11-09 10:02:57,374 - mmdet - INFO - Epoch [3][360/417]	lr: 2.000e-02, eta: 5:46:40, time: 1.378, data_time: 0.037, memory: 12931, loss_rpn_cls: 0.0044, loss_rpn_bbox: 0.0261, loss_cls: 0.0420, acc: 98.2121, loss_bbox: 0.0992, loss: 0.1717
2020-11-09 10:03:24,990 - mmdet - INFO - Epoch [3][380/417]	lr: 2.000e-02, eta: 5:46:23, time: 1.381, data_time: 0.038, memory: 12931, loss_rpn_cls: 0.0040, loss_rpn_bbox: 0.0265, loss_cls: 0.0459, acc: 98.0436, loss_bbox: 0.1004, loss: 0.1767
2020-11-09 10:03:52,395 - mmdet - INFO - Epoch [3][400/417]	lr: 2.000e-02, eta: 5:46:03, time: 1.370, data_time: 0.032, memory: 12931, loss_rpn_cls: 0.0038, loss_rpn_bbox: 0.0260, loss_cls: 0.0442, acc: 98.1429, loss_bbox: 0.0958, loss: 0.1698
2020-11-09 10:04:56,794 - mmdet - INFO - Evaluating bbox...
2020-11-09 10:05:02,020 - mmdet - INFO - Epoch [3][417/417]	lr: 2.000e-02, bbox_mAP: 0.6880, bbox_mAP_50: 0.7490, bbox_mAP_75: 0.7230, bbox_mAP_s: 0.3100, bbox_mAP_m: 0.4170, bbox_mAP_l: 0.8660, bbox_mAP_copypaste: 0.688 0.749 0.723 0.310 0.417 0.866
2020-11-09 10:05:33,421 - mmdet - INFO - Epoch [4][20/417]	lr: 2.000e-02, eta: 5:41:27, time: 1.556, data_time: 0.171, memory: 12931, loss_rpn_cls: 0.0033, loss_rpn_bbox: 0.0235, loss_cls: 0.0374, acc: 98.3984, loss_bbox: 0.0917, loss: 0.1559
2020-11-09 10:06:00,890 - mmdet - INFO - Epoch [4][40/417]	lr: 2.000e-02, eta: 5:41:11, time: 1.374, data_time: 0.034, memory: 12931, loss_rpn_cls: 0.0040, loss_rpn_bbox: 0.0251, loss_cls: 0.0436, acc: 98.1991, loss_bbox: 0.0984, loss: 0.1710
2020-11-09 10:06:28,412 - mmdet - INFO - Epoch [4][60/417]	lr: 2.000e-02, eta: 5:40:55, time: 1.376, data_time: 0.035, memory: 12931, loss_rpn_cls: 0.0037, loss_rpn_bbox: 0.0236, loss_cls: 0.0371, acc: 98.4806, loss_bbox: 0.0940, loss: 0.1584
2020-11-09 10:06:55,749 - mmdet - INFO - Epoch [4][80/417]	lr: 2.000e-02, eta: 5:40:37, time: 1.367, data_time: 0.037, memory: 12931, loss_rpn_cls: 0.0033, loss_rpn_bbox: 0.0239, loss_cls: 0.0397, acc: 98.3065, loss_bbox: 0.0925, loss: 0.1594
2020-11-09 10:07:23,280 - mmdet - INFO - Epoch [4][100/417]	lr: 2.000e-02, eta: 5:40:21, time: 1.377, data_time: 0.034, memory: 12931, loss_rpn_cls: 0.0040, loss_rpn_bbox: 0.0250, loss_cls: 0.0468, acc: 98.0387, loss_bbox: 0.1001, loss: 0.1758
2020-11-09 10:07:50,723 - mmdet - INFO - Epoch [4][120/417]	lr: 2.000e-02, eta: 5:40:03, time: 1.372, data_time: 0.036, memory: 12931, loss_rpn_cls: 0.0036, loss_rpn_bbox: 0.0252, loss_cls: 0.0402, acc: 98.3146, loss_bbox: 0.0981, loss: 0.1671
2020-11-09 10:08:17,961 - mmdet - INFO - Epoch [4][140/417]	lr: 2.000e-02, eta: 5:39:43, time: 1.362, data_time: 0.038, memory: 12931, loss_rpn_cls: 0.0032, loss_rpn_bbox: 0.0256, loss_cls: 0.0410, acc: 98.2715, loss_bbox: 0.0939, loss: 0.1637
2020-11-09 10:08:45,481 - mmdet - INFO - Epoch [4][160/417]	lr: 2.000e-02, eta: 5:39:25, time: 1.376, data_time: 0.034, memory: 12931, loss_rpn_cls: 0.0028, loss_rpn_bbox: 0.0238, loss_cls: 0.0373, acc: 98.3992, loss_bbox: 0.0885, loss: 0.1524
2020-11-09 10:09:13,018 - mmdet - INFO - Epoch [4][180/417]	lr: 2.000e-02, eta: 5:39:08, time: 1.377, data_time: 0.036, memory: 12931, loss_rpn_cls: 0.0033, loss_rpn_bbox: 0.0251, loss_cls: 0.0370, acc: 98.4668, loss_bbox: 0.0966, loss: 0.1621
2020-11-09 10:09:40,226 - mmdet - INFO - Epoch [4][200/417]	lr: 2.000e-02, eta: 5:38:47, time: 1.360, data_time: 0.039, memory: 12931, loss_rpn_cls: 0.0040, loss_rpn_bbox: 0.0261, loss_cls: 0.0425, acc: 98.1714, loss_bbox: 0.0988, loss: 0.1713
2020-11-09 10:10:07,570 - mmdet - INFO - Epoch [4][220/417]	lr: 2.000e-02, eta: 5:38:27, time: 1.367, data_time: 0.034, memory: 12931, loss_rpn_cls: 0.0039, loss_rpn_bbox: 0.0257, loss_cls: 0.0420, acc: 98.2349, loss_bbox: 0.0942, loss: 0.1658
2020-11-09 10:10:35,164 - mmdet - INFO - Epoch [4][240/417]	lr: 2.000e-02, eta: 5:38:09, time: 1.380, data_time: 0.036, memory: 12931, loss_rpn_cls: 0.0039, loss_rpn_bbox: 0.0264, loss_cls: 0.0474, acc: 97.9834, loss_bbox: 0.1061, loss: 0.1838
2020-11-09 10:11:02,554 - mmdet - INFO - Epoch [4][260/417]	lr: 2.000e-02, eta: 5:37:49, time: 1.370, data_time: 0.037, memory: 12931, loss_rpn_cls: 0.0034, loss_rpn_bbox: 0.0273, loss_cls: 0.0401, acc: 98.4001, loss_bbox: 0.0971, loss: 0.1680
2020-11-09 10:11:29,959 - mmdet - INFO - Epoch [4][280/417]	lr: 2.000e-02, eta: 5:37:29, time: 1.370, data_time: 0.034, memory: 12931, loss_rpn_cls: 0.0033, loss_rpn_bbox: 0.0250, loss_cls: 0.0347, acc: 98.6068, loss_bbox: 0.0885, loss: 0.1515
2020-11-09 10:11:57,302 - mmdet - INFO - Epoch [4][300/417]	lr: 2.000e-02, eta: 5:37:08, time: 1.367, data_time: 0.035, memory: 12931, loss_rpn_cls: 0.0033, loss_rpn_bbox: 0.0251, loss_cls: 0.0390, acc: 98.3748, loss_bbox: 0.0926, loss: 0.1599
2020-11-09 10:12:24,825 - mmdet - INFO - Epoch [4][320/417]	lr: 2.000e-02, eta: 5:36:49, time: 1.376, data_time: 0.037, memory: 12931, loss_rpn_cls: 0.0036, loss_rpn_bbox: 0.0253, loss_cls: 0.0393, acc: 98.3439, loss_bbox: 0.1034, loss: 0.1716
2020-11-09 10:12:52,307 - mmdet - INFO - Epoch [4][340/417]	lr: 2.000e-02, eta: 5:36:29, time: 1.374, data_time: 0.034, memory: 12931, loss_rpn_cls: 0.0045, loss_rpn_bbox: 0.0286, loss_cls: 0.0509, acc: 97.8027, loss_bbox: 0.1091, loss: 0.1931
2020-11-09 10:13:19,832 - mmdet - INFO - Epoch [4][360/417]	lr: 2.000e-02, eta: 5:36:09, time: 1.376, data_time: 0.035, memory: 12931, loss_rpn_cls: 0.0030, loss_rpn_bbox: 0.0229, loss_cls: 0.0396, acc: 98.3358, loss_bbox: 0.0967, loss: 0.1623
2020-11-09 10:13:47,325 - mmdet - INFO - Epoch [4][380/417]	lr: 2.000e-02, eta: 5:35:49, time: 1.375, data_time: 0.038, memory: 12931, loss_rpn_cls: 0.0036, loss_rpn_bbox: 0.0248, loss_cls: 0.0428, acc: 98.1771, loss_bbox: 0.0996, loss: 0.1707
2020-11-09 10:14:14,894 - mmdet - INFO - Epoch [4][400/417]	lr: 2.000e-02, eta: 5:35:30, time: 1.378, data_time: 0.034, memory: 12931, loss_rpn_cls: 0.0033, loss_rpn_bbox: 0.0236, loss_cls: 0.0431, acc: 98.2007, loss_bbox: 0.1009, loss: 0.1709
2020-11-09 10:15:18,932 - mmdet - INFO - Evaluating bbox...
2020-11-09 10:15:24,625 - mmdet - INFO - Epoch [4][417/417]	lr: 2.000e-02, bbox_mAP: 0.6840, bbox_mAP_50: 0.7490, bbox_mAP_75: 0.7230, bbox_mAP_s: 0.3040, bbox_mAP_m: 0.4160, bbox_mAP_l: 0.8650, bbox_mAP_copypaste: 0.684 0.749 0.723 0.304 0.416 0.865
2020-11-09 10:16:06,877 - mmdet - INFO - Epoch(train) [4][53]	loss_rpn_cls: 0.0047, loss_rpn_bbox: 0.0274, loss_cls: 0.0535, acc: 97.7751, loss_bbox: 0.1128, loss: 0.1984
2020-11-09 10:16:37,725 - mmdet - INFO - Epoch [5][20/417]	lr: 2.000e-02, eta: 5:31:52, time: 1.529, data_time: 0.172, memory: 12931, loss_rpn_cls: 0.0032, loss_rpn_bbox: 0.0249, loss_cls: 0.0382, acc: 98.3936, loss_bbox: 0.0956, loss: 0.1618
2020-11-09 10:17:05,252 - mmdet - INFO - Epoch [5][40/417]	lr: 2.000e-02, eta: 5:31:33, time: 1.376, data_time: 0.034, memory: 12931, loss_rpn_cls: 0.0033, loss_rpn_bbox: 0.0256, loss_cls: 0.0412, acc: 98.2642, loss_bbox: 0.0983, loss: 0.1684
2020-11-09 10:17:32,772 - mmdet - INFO - Epoch [5][60/417]	lr: 2.000e-02, eta: 5:31:15, time: 1.376, data_time: 0.035, memory: 12931, loss_rpn_cls: 0.0033, loss_rpn_bbox: 0.0239, loss_cls: 0.0363, acc: 98.4521, loss_bbox: 0.0902, loss: 0.1537
2020-11-09 10:18:00,179 - mmdet - INFO - Epoch [5][80/417]	lr: 2.000e-02, eta: 5:30:55, time: 1.370, data_time: 0.038, memory: 12931, loss_rpn_cls: 0.0040, loss_rpn_bbox: 0.0255, loss_cls: 0.0416, acc: 98.2194, loss_bbox: 0.1005, loss: 0.1716
2020-11-09 10:18:27,766 - mmdet - INFO - Epoch [5][100/417]	lr: 2.000e-02, eta: 5:30:37, time: 1.379, data_time: 0.034, memory: 12931, loss_rpn_cls: 0.0037, loss_rpn_bbox: 0.0256, loss_cls: 0.0379, acc: 98.4074, loss_bbox: 0.0933, loss: 0.1604
2020-11-09 10:18:55,330 - mmdet - INFO - Epoch [5][120/417]	lr: 2.000e-02, eta: 5:30:19, time: 1.378, data_time: 0.036, memory: 12931, loss_rpn_cls: 0.0044, loss_rpn_bbox: 0.0270, loss_cls: 0.0423, acc: 98.2153, loss_bbox: 0.1061, loss: 0.1798
2020-11-09 10:19:22,602 - mmdet - INFO - Epoch [5][140/417]	lr: 2.000e-02, eta: 5:29:57, time: 1.364, data_time: 0.038, memory: 12931, loss_rpn_cls: 0.0031, loss_rpn_bbox: 0.0226, loss_cls: 0.0340, acc: 98.5693, loss_bbox: 0.0873, loss: 0.1469
2020-11-09 10:19:50,089 - mmdet - INFO - Epoch [5][160/417]	lr: 2.000e-02, eta: 5:29:38, time: 1.374, data_time: 0.034, memory: 12931, loss_rpn_cls: 0.0038, loss_rpn_bbox: 0.0252, loss_cls: 0.0430, acc: 98.1185, loss_bbox: 0.1010, loss: 0.1729
2020-11-09 10:20:17,529 - mmdet - INFO - Epoch [5][180/417]	lr: 2.000e-02, eta: 5:29:18, time: 1.372, data_time: 0.035, memory: 12931, loss_rpn_cls: 0.0030, loss_rpn_bbox: 0.0254, loss_cls: 0.0402, acc: 98.2975, loss_bbox: 0.0962, loss: 0.1648
2020-11-09 10:20:44,796 - mmdet - INFO - Epoch [5][200/417]	lr: 2.000e-02, eta: 5:28:56, time: 1.363, data_time: 0.037, memory: 12931, loss_rpn_cls: 0.0030, loss_rpn_bbox: 0.0215, loss_cls: 0.0382, acc: 98.3805, loss_bbox: 0.0899, loss: 0.1526
2020-11-09 10:21:12,241 - mmdet - INFO - Epoch [5][220/417]	lr: 2.000e-02, eta: 5:28:35, time: 1.372, data_time: 0.034, memory: 12931, loss_rpn_cls: 0.0030, loss_rpn_bbox: 0.0245, loss_cls: 0.0412, acc: 98.2365, loss_bbox: 0.0998, loss: 0.1684
2020-11-09 10:21:39,871 - mmdet - INFO - Epoch [5][240/417]	lr: 2.000e-02, eta: 5:28:16, time: 1.381, data_time: 0.035, memory: 12931, loss_rpn_cls: 0.0025, loss_rpn_bbox: 0.0218, loss_cls: 0.0349, acc: 98.5197, loss_bbox: 0.0854, loss: 0.1447
2020-11-09 10:22:07,396 - mmdet - INFO - Epoch [5][260/417]	lr: 2.000e-02, eta: 5:27:56, time: 1.376, data_time: 0.038, memory: 12931, loss_rpn_cls: 0.0032, loss_rpn_bbox: 0.0256, loss_cls: 0.0386, acc: 98.3643, loss_bbox: 0.0939, loss: 0.1613
2020-11-09 10:22:34,956 - mmdet - INFO - Epoch [5][280/417]	lr: 2.000e-02, eta: 5:27:36, time: 1.378, data_time: 0.034, memory: 12931, loss_rpn_cls: 0.0027, loss_rpn_bbox: 0.0227, loss_cls: 0.0393, acc: 98.3423, loss_bbox: 0.0962, loss: 0.1610
2020-11-09 10:23:02,539 - mmdet - INFO - Epoch [5][300/417]	lr: 2.000e-02, eta: 5:27:16, time: 1.379, data_time: 0.035, memory: 12931, loss_rpn_cls: 0.0035, loss_rpn_bbox: 0.0214, loss_cls: 0.0389, acc: 98.3488, loss_bbox: 0.0910, loss: 0.1548
2020-11-09 10:23:30,241 - mmdet - INFO - Epoch [5][320/417]	lr: 2.000e-02, eta: 5:26:57, time: 1.385, data_time: 0.038, memory: 12931, loss_rpn_cls: 0.0030, loss_rpn_bbox: 0.0259, loss_cls: 0.0391, acc: 98.3341, loss_bbox: 0.0971, loss: 0.1651
2020-11-09 10:23:57,820 - mmdet - INFO - Epoch [5][340/417]	lr: 2.000e-02, eta: 5:26:37, time: 1.379, data_time: 0.034, memory: 12931, loss_rpn_cls: 0.0040, loss_rpn_bbox: 0.0251, loss_cls: 0.0410, acc: 98.2064, loss_bbox: 0.0941, loss: 0.1642
2020-11-09 10:24:25,108 - mmdet - INFO - Epoch [5][360/417]	lr: 2.000e-02, eta: 5:26:14, time: 1.364, data_time: 0.035, memory: 12931, loss_rpn_cls: 0.0035, loss_rpn_bbox: 0.0236, loss_cls: 0.0386, acc: 98.3293, loss_bbox: 0.0896, loss: 0.1553
2020-11-09 10:24:52,387 - mmdet - INFO - Epoch [5][380/417]	lr: 2.000e-02, eta: 5:25:51, time: 1.364, data_time: 0.038, memory: 12931, loss_rpn_cls: 0.0044, loss_rpn_bbox: 0.0259, loss_cls: 0.0404, acc: 98.2682, loss_bbox: 0.0948, loss: 0.1655
2020-11-09 10:25:19,582 - mmdet - INFO - Epoch [5][400/417]	lr: 2.000e-02, eta: 5:25:28, time: 1.360, data_time: 0.034, memory: 12931, loss_rpn_cls: 0.0057, loss_rpn_bbox: 0.0274, loss_cls: 0.0391, acc: 98.4009, loss_bbox: 0.0938, loss: 0.1660
2020-11-09 10:26:23,586 - mmdet - INFO - Evaluating bbox...
2020-11-09 10:26:29,067 - mmdet - INFO - Epoch [5][417/417]	lr: 2.000e-02, bbox_mAP: 0.6890, bbox_mAP_50: 0.7580, bbox_mAP_75: 0.7270, bbox_mAP_s: 0.2950, bbox_mAP_m: 0.4100, bbox_mAP_l: 0.8670, bbox_mAP_copypaste: 0.689 0.758 0.727 0.295 0.410 0.867
2020-11-09 10:26:59,693 - mmdet - INFO - Epoch [6][20/417]	lr: 2.000e-02, eta: 5:22:26, time: 1.517, data_time: 0.176, memory: 12931, loss_rpn_cls: 0.0036, loss_rpn_bbox: 0.0238, loss_cls: 0.0383, acc: 98.3716, loss_bbox: 0.0936, loss: 0.1594
2020-11-09 10:27:27,025 - mmdet - INFO - Epoch [6][40/417]	lr: 2.000e-02, eta: 5:22:05, time: 1.367, data_time: 0.034, memory: 12931, loss_rpn_cls: 0.0038, loss_rpn_bbox: 0.0258, loss_cls: 0.0417, acc: 98.2096, loss_bbox: 0.1037, loss: 0.1750
2020-11-09 10:27:54,430 - mmdet - INFO - Epoch [6][60/417]	lr: 2.000e-02, eta: 5:21:44, time: 1.370, data_time: 0.036, memory: 12931, loss_rpn_cls: 0.0039, loss_rpn_bbox: 0.0268, loss_cls: 0.0445, acc: 98.0916, loss_bbox: 0.1009, loss: 0.1761
2020-11-09 10:28:21,868 - mmdet - INFO - Epoch [6][80/417]	lr: 2.000e-02, eta: 5:21:24, time: 1.372, data_time: 0.036, memory: 12931, loss_rpn_cls: 0.0034, loss_rpn_bbox: 0.0244, loss_cls: 0.0408, acc: 98.2251, loss_bbox: 0.0946, loss: 0.1632
2020-11-09 10:28:49,383 - mmdet - INFO - Epoch [6][100/417]	lr: 2.000e-02, eta: 5:21:03, time: 1.376, data_time: 0.036, memory: 12931, loss_rpn_cls: 0.0031, loss_rpn_bbox: 0.0253, loss_cls: 0.0396, acc: 98.2650, loss_bbox: 0.0953, loss: 0.1635
2020-11-09 10:29:17,388 - mmdet - INFO - Epoch [6][120/417]	lr: 2.000e-02, eta: 5:20:46, time: 1.400, data_time: 0.040, memory: 12931, loss_rpn_cls: 0.0023, loss_rpn_bbox: 0.0230, loss_cls: 0.0354, acc: 98.4554, loss_bbox: 0.0917, loss: 0.1524
2020-11-09 10:29:44,968 - mmdet - INFO - Epoch [6][140/417]	lr: 2.000e-02, eta: 5:20:26, time: 1.379, data_time: 0.031, memory: 12931, loss_rpn_cls: 0.0038, loss_rpn_bbox: 0.0247, loss_cls: 0.0381, acc: 98.3472, loss_bbox: 0.0899, loss: 0.1565
2020-11-09 10:30:12,581 - mmdet - INFO - Epoch [6][160/417]	lr: 2.000e-02, eta: 5:20:06, time: 1.381, data_time: 0.038, memory: 12931, loss_rpn_cls: 0.0035, loss_rpn_bbox: 0.0248, loss_cls: 0.0390, acc: 98.3032, loss_bbox: 0.0915, loss: 0.1587
2020-11-09 10:30:39,953 - mmdet - INFO - Epoch [6][180/417]	lr: 2.000e-02, eta: 5:19:44, time: 1.369, data_time: 0.037, memory: 12931, loss_rpn_cls: 0.0039, loss_rpn_bbox: 0.0253, loss_cls: 0.0409, acc: 98.2674, loss_bbox: 0.1002, loss: 0.1702
2020-11-09 10:31:07,868 - mmdet - INFO - Epoch [6][200/417]	lr: 2.000e-02, eta: 5:19:26, time: 1.396, data_time: 0.032, memory: 12931, loss_rpn_cls: 0.0038, loss_rpn_bbox: 0.0228, loss_cls: 0.0394, acc: 98.3805, loss_bbox: 0.0967, loss: 0.1626
2020-11-09 10:31:35,356 - mmdet - INFO - Epoch [6][220/417]	lr: 2.000e-02, eta: 5:19:04, time: 1.374, data_time: 0.038, memory: 12931, loss_rpn_cls: 0.0034, loss_rpn_bbox: 0.0247, loss_cls: 0.0401, acc: 98.3390, loss_bbox: 0.0965, loss: 0.1648
2020-11-09 10:32:02,548 - mmdet - INFO - Epoch [6][240/417]	lr: 2.000e-02, eta: 5:18:41, time: 1.360, data_time: 0.037, memory: 12931, loss_rpn_cls: 0.0031, loss_rpn_bbox: 0.0241, loss_cls: 0.0418, acc: 98.2039, loss_bbox: 0.0950, loss: 0.1641
2020-11-09 10:32:30,090 - mmdet - INFO - Epoch [6][260/417]	lr: 2.000e-02, eta: 5:18:20, time: 1.377, data_time: 0.031, memory: 12931, loss_rpn_cls: 0.0032, loss_rpn_bbox: 0.0236, loss_cls: 0.0411, acc: 98.2349, loss_bbox: 0.0941, loss: 0.1620
2020-11-09 10:32:57,554 - mmdet - INFO - Epoch [6][280/417]	lr: 2.000e-02, eta: 5:17:58, time: 1.373, data_time: 0.037, memory: 12931, loss_rpn_cls: 0.0033, loss_rpn_bbox: 0.0231, loss_cls: 0.0368, acc: 98.4611, loss_bbox: 0.0897, loss: 0.1529
2020-11-09 10:33:24,907 - mmdet - INFO - Epoch [6][300/417]	lr: 2.000e-02, eta: 5:17:36, time: 1.368, data_time: 0.037, memory: 12931, loss_rpn_cls: 0.0036, loss_rpn_bbox: 0.0270, loss_cls: 0.0408, acc: 98.2699, loss_bbox: 0.0962, loss: 0.1676
2020-11-09 10:33:52,487 - mmdet - INFO - Epoch [6][320/417]	lr: 2.000e-02, eta: 5:17:15, time: 1.379, data_time: 0.031, memory: 12931, loss_rpn_cls: 0.0027, loss_rpn_bbox: 0.0238, loss_cls: 0.0377, acc: 98.3765, loss_bbox: 0.0931, loss: 0.1573
2020-11-09 10:34:20,097 - mmdet - INFO - Epoch [6][340/417]	lr: 2.000e-02, eta: 5:16:53, time: 1.380, data_time: 0.038, memory: 12931, loss_rpn_cls: 0.0024, loss_rpn_bbox: 0.0221, loss_cls: 0.0361, acc: 98.4375, loss_bbox: 0.0888, loss: 0.1494
2020-11-09 10:34:47,851 - mmdet - INFO - Epoch [6][360/417]	lr: 2.000e-02, eta: 5:16:33, time: 1.388, data_time: 0.037, memory: 12931, loss_rpn_cls: 0.0025, loss_rpn_bbox: 0.0233, loss_cls: 0.0348, acc: 98.4855, loss_bbox: 0.0911, loss: 0.1516
2020-11-09 10:35:15,421 - mmdet - INFO - Epoch [6][380/417]	lr: 2.000e-02, eta: 5:16:11, time: 1.379, data_time: 0.031, memory: 12931, loss_rpn_cls: 0.0026, loss_rpn_bbox: 0.0233, loss_cls: 0.0358, acc: 98.4399, loss_bbox: 0.0916, loss: 0.1533
2020-11-09 10:35:43,156 - mmdet - INFO - Epoch [6][400/417]	lr: 2.000e-02, eta: 5:15:51, time: 1.387, data_time: 0.038, memory: 12931, loss_rpn_cls: 0.0024, loss_rpn_bbox: 0.0219, loss_cls: 0.0327, acc: 98.6271, loss_bbox: 0.0858, loss: 0.1428
2020-11-09 10:36:46,920 - mmdet - INFO - Evaluating bbox...
2020-11-09 10:36:52,545 - mmdet - INFO - Epoch [6][417/417]	lr: 2.000e-02, bbox_mAP: 0.6860, bbox_mAP_50: 0.7530, bbox_mAP_75: 0.7230, bbox_mAP_s: 0.2970, bbox_mAP_m: 0.4100, bbox_mAP_l: 0.8620, bbox_mAP_copypaste: 0.686 0.753 0.723 0.297 0.410 0.862
2020-11-09 10:37:34,458 - mmdet - INFO - Epoch(train) [6][53]	loss_rpn_cls: 0.0063, loss_rpn_bbox: 0.0286, loss_cls: 0.0550, acc: 97.7164, loss_bbox: 0.1124, loss: 0.2023
2020-11-09 10:38:05,218 - mmdet - INFO - Epoch [7][20/417]	lr: 2.000e-02, eta: 5:13:15, time: 1.524, data_time: 0.177, memory: 12931, loss_rpn_cls: 0.0037, loss_rpn_bbox: 0.0254, loss_cls: 0.0454, acc: 98.0103, loss_bbox: 0.1028, loss: 0.1773
2020-11-09 10:38:32,596 - mmdet - INFO - Epoch [7][40/417]	lr: 2.000e-02, eta: 5:12:53, time: 1.369, data_time: 0.034, memory: 12931, loss_rpn_cls: 0.0030, loss_rpn_bbox: 0.0227, loss_cls: 0.0360, acc: 98.4627, loss_bbox: 0.0863, loss: 0.1480
2020-11-09 10:38:59,873 - mmdet - INFO - Epoch [7][60/417]	lr: 2.000e-02, eta: 5:12:31, time: 1.364, data_time: 0.036, memory: 12931, loss_rpn_cls: 0.0023, loss_rpn_bbox: 0.0213, loss_cls: 0.0339, acc: 98.5799, loss_bbox: 0.0894, loss: 0.1469
2020-11-09 10:39:27,215 - mmdet - INFO - Epoch [7][80/417]	lr: 2.000e-02, eta: 5:12:08, time: 1.367, data_time: 0.037, memory: 12931, loss_rpn_cls: 0.0025, loss_rpn_bbox: 0.0240, loss_cls: 0.0375, acc: 98.4074, loss_bbox: 0.0943, loss: 0.1582
2020-11-09 10:39:54,693 - mmdet - INFO - Epoch [7][100/417]	lr: 2.000e-02, eta: 5:11:47, time: 1.374, data_time: 0.035, memory: 12931, loss_rpn_cls: 0.0036, loss_rpn_bbox: 0.0246, loss_cls: 0.0375, acc: 98.4074, loss_bbox: 0.0952, loss: 0.1608
2020-11-09 10:40:22,331 - mmdet - INFO - Epoch [7][120/417]	lr: 2.000e-02, eta: 5:11:26, time: 1.382, data_time: 0.036, memory: 12931, loss_rpn_cls: 0.0029, loss_rpn_bbox: 0.0240, loss_cls: 0.0383, acc: 98.3651, loss_bbox: 0.0900, loss: 0.1552
2020-11-09 10:40:49,756 - mmdet - INFO - Epoch [7][140/417]	lr: 2.000e-02, eta: 5:11:04, time: 1.371, data_time: 0.038, memory: 12931, loss_rpn_cls: 0.0030, loss_rpn_bbox: 0.0268, loss_cls: 0.0397, acc: 98.3008, loss_bbox: 0.0945, loss: 0.1641
2020-11-09 10:41:17,530 - mmdet - INFO - Epoch [7][160/417]	lr: 2.000e-02, eta: 5:10:43, time: 1.389, data_time: 0.035, memory: 12931, loss_rpn_cls: 0.0036, loss_rpn_bbox: 0.0261, loss_cls: 0.0407, acc: 98.2812, loss_bbox: 0.0984, loss: 0.1688
2020-11-09 10:41:44,821 - mmdet - INFO - Epoch [7][180/417]	lr: 2.000e-02, eta: 5:10:20, time: 1.365, data_time: 0.036, memory: 12931, loss_rpn_cls: 0.0026, loss_rpn_bbox: 0.0216, loss_cls: 0.0364, acc: 98.4489, loss_bbox: 0.0904, loss: 0.1511
2020-11-09 10:42:12,191 - mmdet - INFO - Epoch [7][200/417]	lr: 2.000e-02, eta: 5:09:58, time: 1.368, data_time: 0.037, memory: 12931, loss_rpn_cls: 0.0033, loss_rpn_bbox: 0.0245, loss_cls: 0.0354, acc: 98.5124, loss_bbox: 0.0881, loss: 0.1514
2020-11-09 10:42:39,631 - mmdet - INFO - Epoch [7][220/417]	lr: 2.000e-02, eta: 5:09:35, time: 1.372, data_time: 0.035, memory: 12931, loss_rpn_cls: 0.0041, loss_rpn_bbox: 0.0275, loss_cls: 0.0413, acc: 98.2625, loss_bbox: 0.0988, loss: 0.1716
2020-11-09 10:43:07,215 - mmdet - INFO - Epoch [7][240/417]	lr: 2.000e-02, eta: 5:09:14, time: 1.379, data_time: 0.036, memory: 12931, loss_rpn_cls: 0.0027, loss_rpn_bbox: 0.0210, loss_cls: 0.0304, acc: 98.7362, loss_bbox: 0.0792, loss: 0.1333
2020-11-09 10:43:34,753 - mmdet - INFO - Epoch [7][260/417]	lr: 2.000e-02, eta: 5:08:51, time: 1.377, data_time: 0.037, memory: 12931, loss_rpn_cls: 0.0037, loss_rpn_bbox: 0.0270, loss_cls: 0.0427, acc: 98.1787, loss_bbox: 0.1011, loss: 0.1745
2020-11-09 10:44:02,258 - mmdet - INFO - Epoch [7][280/417]	lr: 2.000e-02, eta: 5:08:29, time: 1.375, data_time: 0.035, memory: 12931, loss_rpn_cls: 0.0043, loss_rpn_bbox: 0.0244, loss_cls: 0.0359, acc: 98.4961, loss_bbox: 0.0912, loss: 0.1559
2020-11-09 10:44:29,885 - mmdet - INFO - Epoch [7][300/417]	lr: 2.000e-02, eta: 5:08:08, time: 1.381, data_time: 0.036, memory: 12931, loss_rpn_cls: 0.0041, loss_rpn_bbox: 0.0236, loss_cls: 0.0422, acc: 98.2414, loss_bbox: 0.0953, loss: 0.1653
2020-11-09 10:44:57,342 - mmdet - INFO - Epoch [7][320/417]	lr: 2.000e-02, eta: 5:07:45, time: 1.373, data_time: 0.041, memory: 12931, loss_rpn_cls: 0.0031, loss_rpn_bbox: 0.0219, loss_cls: 0.0349, acc: 98.5303, loss_bbox: 0.0872, loss: 0.1471
2020-11-09 10:45:24,779 - mmdet - INFO - Epoch [7][340/417]	lr: 2.000e-02, eta: 5:07:22, time: 1.372, data_time: 0.035, memory: 12931, loss_rpn_cls: 0.0031, loss_rpn_bbox: 0.0237, loss_cls: 0.0380, acc: 98.3577, loss_bbox: 0.0921, loss: 0.1570
2020-11-09 10:45:52,272 - mmdet - INFO - Epoch [7][360/417]	lr: 2.000e-02, eta: 5:06:59, time: 1.375, data_time: 0.036, memory: 12931, loss_rpn_cls: 0.0034, loss_rpn_bbox: 0.0238, loss_cls: 0.0356, acc: 98.4880, loss_bbox: 0.0945, loss: 0.1573
2020-11-09 10:46:19,594 - mmdet - INFO - Epoch [7][380/417]	lr: 2.000e-02, eta: 5:06:36, time: 1.366, data_time: 0.038, memory: 12931, loss_rpn_cls: 0.0030, loss_rpn_bbox: 0.0212, loss_cls: 0.0404, acc: 98.2780, loss_bbox: 0.0932, loss: 0.1579
2020-11-09 10:46:46,907 - mmdet - INFO - Epoch [7][400/417]	lr: 2.000e-02, eta: 5:06:12, time: 1.366, data_time: 0.035, memory: 12931, loss_rpn_cls: 0.0032, loss_rpn_bbox: 0.0236, loss_cls: 0.0377, acc: 98.4237, loss_bbox: 0.0902, loss: 0.1547
2020-11-09 10:47:51,089 - mmdet - INFO - Evaluating bbox...
2020-11-09 10:47:56,792 - mmdet - INFO - Epoch [7][417/417]	lr: 2.000e-02, bbox_mAP: 0.6830, bbox_mAP_50: 0.7530, bbox_mAP_75: 0.7210, bbox_mAP_s: 0.2940, bbox_mAP_m: 0.4050, bbox_mAP_l: 0.8600, bbox_mAP_copypaste: 0.683 0.753 0.721 0.294 0.405 0.860
