2020-11-09 13:35:05,920 - mmdet - INFO - Environment info:
------------------------------------------------------------
sys.platform: linux
Python: 3.6.4 |Anaconda, Inc.| (default, Jan 16 2018, 18:10:19) [GCC 7.2.0]
CUDA available: True
CUDA_HOME: /usr/local/cuda
NVCC: Cuda compilation tools, release 10.0, V10.0.130
GPU 0: Tesla P100-PCIE-16GB
GCC: gcc (GCC) 5.3.0
PyTorch: 1.3.1+cu100
PyTorch compiling details: PyTorch built with:
  - GCC 7.3
  - Intel(R) Math Kernel Library Version 2019.0.4 Product Build 20190411 for Intel(R) 64 architecture applications
  - Intel(R) MKL-DNN v0.20.5 (Git Hash 0125f28c61c1f822fd48570b4c1066f96fcb9b2e)
  - OpenMP 201511 (a.k.a. OpenMP 4.5)
  - NNPACK is enabled
  - CUDA Runtime 10.0
  - NVCC architecture flags: -gencode;arch=compute_37,code=sm_37;-gencode;arch=compute_50,code=sm_50;-gencode;arch=compute_60,code=sm_60;-gencode;arch=compute_61,code=sm_61;-gencode;arch=compute_70,code=sm_70;-gencode;arch=compute_75,code=sm_75;-gencode;arch=compute_37,code=compute_37
  - CuDNN 7.6.3
  - Magma 2.5.1
  - Build settings: BLAS=MKL, BUILD_NAMEDTENSOR=OFF, BUILD_TYPE=Release, CXX_FLAGS= -Wno-deprecated -fvisibility-inlines-hidden -fopenmp -DUSE_FBGEMM -DUSE_QNNPACK -DUSE_PYTORCH_QNNPACK -O2 -fPIC -Wno-narrowing -Wall -Wextra -Wno-missing-field-initializers -Wno-type-limits -Wno-array-bounds -Wno-unknown-pragmas -Wno-sign-compare -Wno-unused-parameter -Wno-unused-variable -Wno-unused-function -Wno-unused-result -Wno-strict-overflow -Wno-strict-aliasing -Wno-error=deprecated-declarations -Wno-stringop-overflow -Wno-error=pedantic -Wno-error=redundant-decls -Wno-error=old-style-cast -fdiagnostics-color=always -faligned-new -Wno-unused-but-set-variable -Wno-maybe-uninitialized -fno-math-errno -fno-trapping-math -Wno-stringop-overflow, DISABLE_NUMA=1, PERF_WITH_AVX=1, PERF_WITH_AVX2=1, PERF_WITH_AVX512=1, USE_CUDA=True, USE_EXCEPTION_PTR=1, USE_GFLAGS=OFF, USE_GLOG=OFF, USE_MKL=ON, USE_MKLDNN=ON, USE_MPI=OFF, USE_NCCL=ON, USE_NNPACK=ON, USE_OPENMP=ON, USE_STATIC_DISPATCH=OFF, 

TorchVision: 0.4.2+cu100
OpenCV: 4.4.0
MMCV: 1.0.5
MMDetection: 2.3.0+788fa8d
MMDetection Compiler: GCC 7.3
MMDetection CUDA Compiler: 10.0
------------------------------------------------------------

2020-11-09 13:35:05,920 - mmdet - INFO - Distributed training: False
2020-11-09 13:35:06,322 - mmdet - INFO - Config:
model = dict(
    type='FasterRCNN',
    pretrained='torchvision://resnet50',
    backbone=dict(
        type='ResNet',
        depth=50,
        num_stages=4,
        out_indices=(0, 1, 2, 3),
        frozen_stages=1,
        norm_cfg=dict(type='BN', requires_grad=True),
        norm_eval=True,
        style='pytorch'),
    neck=dict(
        type='FPN',
        in_channels=[256, 512, 1024, 2048],
        out_channels=256,
        num_outs=5),
    rpn_head=dict(
        type='RPNHead',
        in_channels=256,
        feat_channels=256,
        anchor_generator=dict(
            type='AnchorGenerator',
            scales=[8],
            ratios=[0.5, 1.0, 2.0],
            strides=[4, 8, 16, 32, 64]),
        bbox_coder=dict(
            type='DeltaXYWHBBoxCoder',
            target_means=[0.0, 0.0, 0.0, 0.0],
            target_stds=[1.0, 1.0, 1.0, 1.0]),
        loss_cls=dict(
            type='CrossEntropyLoss', use_sigmoid=True, loss_weight=1.0),
        loss_bbox=dict(type='L1Loss', loss_weight=1.0)),
    roi_head=dict(
        type='StandardRoIHead',
        bbox_roi_extractor=dict(
            type='SingleRoIExtractor',
            roi_layer=dict(type='RoIAlign', output_size=7, sampling_ratio=0),
            out_channels=256,
            featmap_strides=[4, 8, 16, 32]),
        bbox_head=dict(
            type='Shared2FCBBoxHead',
            in_channels=256,
            fc_out_channels=1024,
            roi_feat_size=7,
            num_classes=2,
            bbox_coder=dict(
                type='DeltaXYWHBBoxCoder',
                target_means=[0.0, 0.0, 0.0, 0.0],
                target_stds=[0.1, 0.1, 0.2, 0.2]),
            reg_class_agnostic=False,
            loss_cls=dict(
                type='CrossEntropyLoss', use_sigmoid=False, loss_weight=1.0),
            loss_bbox=dict(type='L1Loss', loss_weight=1.0))))
train_cfg = dict(
    rpn=dict(
        assigner=dict(
            type='MaxIoUAssigner',
            pos_iou_thr=0.7,
            neg_iou_thr=0.3,
            min_pos_iou=0.3,
            match_low_quality=True,
            ignore_iof_thr=-1),
        sampler=dict(
            type='RandomSampler',
            num=256,
            pos_fraction=0.5,
            neg_pos_ub=-1,
            add_gt_as_proposals=False),
        allowed_border=-1,
        pos_weight=-1,
        debug=False),
    rpn_proposal=dict(
        nms_across_levels=False,
        nms_pre=2000,
        nms_post=1000,
        max_num=1000,
        nms_thr=0.7,
        min_bbox_size=0),
    rcnn=dict(
        assigner=dict(
            type='MaxIoUAssigner',
            pos_iou_thr=0.5,
            neg_iou_thr=0.5,
            min_pos_iou=0.5,
            match_low_quality=False,
            ignore_iof_thr=-1),
        sampler=dict(
            type='RandomSampler',
            num=512,
            pos_fraction=0.25,
            neg_pos_ub=-1,
            add_gt_as_proposals=True),
        pos_weight=-1,
        debug=False))
test_cfg = dict(
    rpn=dict(
        nms_across_levels=False,
        nms_pre=1000,
        nms_post=1000,
        max_num=1000,
        nms_thr=0.7,
        min_bbox_size=0),
    rcnn=dict(
        score_thr=0.05,
        nms=dict(type='nms', iou_threshold=0.5),
        max_per_img=100))
dataset_type = 'CocoDataset'
data_root = 'data/coco/'
img_norm_cfg = dict(
    mean=[123.675, 116.28, 103.53], std=[58.395, 57.12, 57.375], to_rgb=True)
train_pipeline = [
    dict(type='LoadImageFromFile'),
    dict(type='LoadAnnotations', with_bbox=True),
    dict(type='Resize', img_scale=(310, 310), keep_ratio=True),
    dict(type='RandomFlip', flip_ratio=0.5),
    dict(
        type='Normalize',
        mean=[123.675, 116.28, 103.53],
        std=[58.395, 57.12, 57.375],
        to_rgb=True),
    dict(type='Pad', size_divisor=32),
    dict(type='DefaultFormatBundle'),
    dict(type='Collect', keys=['img', 'gt_bboxes', 'gt_labels'])
]
test_pipeline = [
    dict(type='LoadImageFromFile'),
    dict(
        type='MultiScaleFlipAug',
        img_scale=(310, 310),
        flip=False,
        transforms=[
            dict(type='Resize', keep_ratio=True),
            dict(type='RandomFlip'),
            dict(
                type='Normalize',
                mean=[123.675, 116.28, 103.53],
                std=[58.395, 57.12, 57.375],
                to_rgb=True),
            dict(type='Pad', size_divisor=32),
            dict(type='ImageToTensor', keys=['img']),
            dict(type='Collect', keys=['img'])
        ])
]
data = dict(
    samples_per_gpu=32,
    workers_per_gpu=32,
    train=dict(
        type='CocoDataset',
        ann_file='data/coco/annotations/annotations_trai.json',
        img_prefix='data/coco/img/',
        pipeline=[
            dict(type='LoadImageFromFile'),
            dict(type='LoadAnnotations', with_bbox=True),
            dict(type='Resize', img_scale=(310, 310), keep_ratio=True),
            dict(type='RandomFlip', flip_ratio=0.5),
            dict(
                type='Normalize',
                mean=[123.675, 116.28, 103.53],
                std=[58.395, 57.12, 57.375],
                to_rgb=True),
            dict(type='Pad', size_divisor=32),
            dict(type='DefaultFormatBundle'),
            dict(type='Collect', keys=['img', 'gt_bboxes', 'gt_labels'])
        ]),
    val=dict(
        type='CocoDataset',
        ann_file='data/coco/annotations/annotations_test.json',
        img_prefix='data/coco/img/',
        pipeline=[
            dict(type='LoadImageFromFile'),
            dict(
                type='MultiScaleFlipAug',
                img_scale=(310, 310),
                flip=False,
                transforms=[
                    dict(type='Resize', keep_ratio=True),
                    dict(type='RandomFlip'),
                    dict(
                        type='Normalize',
                        mean=[123.675, 116.28, 103.53],
                        std=[58.395, 57.12, 57.375],
                        to_rgb=True),
                    dict(type='Pad', size_divisor=32),
                    dict(type='ImageToTensor', keys=['img']),
                    dict(type='Collect', keys=['img'])
                ])
        ]),
    test=dict(
        type='CocoDataset',
        ann_file='data/coco/annotations/annotations_vals.json',
        img_prefix='data/coco/img/',
        pipeline=[
            dict(type='LoadImageFromFile'),
            dict(
                type='MultiScaleFlipAug',
                img_scale=(310, 310),
                flip=False,
                transforms=[
                    dict(type='Resize', keep_ratio=True),
                    dict(type='RandomFlip'),
                    dict(
                        type='Normalize',
                        mean=[123.675, 116.28, 103.53],
                        std=[58.395, 57.12, 57.375],
                        to_rgb=True),
                    dict(type='Pad', size_divisor=32),
                    dict(type='ImageToTensor', keys=['img']),
                    dict(type='Collect', keys=['img'])
                ])
        ]))
evaluation = dict(interval=1, metric='bbox')
optimizer = dict(type='SGD', lr=0.02, momentum=0.9, weight_decay=0.0001)
optimizer_config = dict(grad_clip=None)
lr_config = dict(
    policy='step',
    warmup='linear',
    warmup_iters=500,
    warmup_ratio=0.001,
    step=[8, 11])
total_epochs = 50
checkpoint_config = dict(interval=25)
log_config = dict(interval=2, hooks=[dict(type='TextLoggerHook')])
dist_params = dict(backend='nccl')
log_level = 'INFO'
load_from = None
resume_from = None
workflow = [('train', 2), ('val', 1)]
work_dir = '/home/admin/jupyter/SecurityAI_Round5/data/work'
gpu_ids = range(0, 1)

2020-11-09 13:35:06,823 - mmdet - INFO - load model from: torchvision://resnet50
2020-11-09 13:35:14,836 - mmdet - WARNING - The model and loaded state dict do not match exactly

unexpected key in source state_dict: fc.weight, fc.bias

2020-11-09 13:35:26,238 - mmdet - INFO - Start running, host: admin@fuxilabor_labor0_S4_Odps_S96_dsw_prepaid_cnsh_838_2020110903475, work_dir: /home/admin/jupyter/SecurityAI_Round5/data/work
2020-11-09 13:35:26,238 - mmdet - INFO - workflow: [('train', 2), ('val', 1)], max: 50 epochs
2020-11-09 13:35:34,246 - mmdet - INFO - Epoch [1][2/348]	lr: 5.996e-05, eta: 19:03:29, time: 3.944, data_time: 2.450, memory: 5981, loss_rpn_cls: 0.6864, loss_rpn_bbox: 0.1513, loss_cls: 1.0091, acc: 64.3463, loss_bbox: 0.0295, loss: 1.8763
2020-11-09 13:35:36,983 - mmdet - INFO - Epoch [1][4/348]	lr: 1.399e-04, eta: 12:50:08, time: 1.369, data_time: 0.069, memory: 5981, loss_rpn_cls: 0.6857, loss_rpn_bbox: 0.1700, loss_cls: 0.9351, acc: 83.3588, loss_bbox: 0.0312, loss: 1.8220
2020-11-09 13:35:39,719 - mmdet - INFO - Epoch [1][6/348]	lr: 2.198e-04, eta: 10:45:30, time: 1.367, data_time: 0.065, memory: 5981, loss_rpn_cls: 0.6840, loss_rpn_bbox: 0.1557, loss_cls: 0.7090, acc: 95.8130, loss_bbox: 0.0332, loss: 1.5818
2020-11-09 13:35:42,530 - mmdet - INFO - Epoch [1][8/348]	lr: 2.997e-04, eta: 9:45:56, time: 1.406, data_time: 0.092, memory: 5981, loss_rpn_cls: 0.6810, loss_rpn_bbox: 0.1525, loss_cls: 0.4253, acc: 96.9788, loss_bbox: 0.0377, loss: 1.2965
2020-11-09 13:35:45,259 - mmdet - INFO - Epoch [1][10/348]	lr: 3.796e-04, eta: 9:07:48, time: 1.365, data_time: 0.077, memory: 5981, loss_rpn_cls: 0.6759, loss_rpn_bbox: 0.1494, loss_cls: 0.2797, acc: 96.5851, loss_bbox: 0.0368, loss: 1.1418
2020-11-09 13:35:48,194 - mmdet - INFO - Epoch [1][12/348]	lr: 4.596e-04, eta: 8:47:20, time: 1.468, data_time: 0.184, memory: 5981, loss_rpn_cls: 0.6640, loss_rpn_bbox: 0.1160, loss_cls: 0.2229, acc: 96.8231, loss_bbox: 0.0531, loss: 1.0560
2020-11-09 13:35:51,007 - mmdet - INFO - Epoch [1][14/348]	lr: 5.395e-04, eta: 8:30:09, time: 1.406, data_time: 0.065, memory: 5981, loss_rpn_cls: 0.6493, loss_rpn_bbox: 0.1449, loss_cls: 0.2532, acc: 96.8536, loss_bbox: 0.0597, loss: 1.1071
2020-11-09 13:35:53,871 - mmdet - INFO - Epoch [1][16/348]	lr: 6.194e-04, eta: 8:18:12, time: 1.432, data_time: 0.078, memory: 5981, loss_rpn_cls: 0.6277, loss_rpn_bbox: 0.1629, loss_cls: 0.4141, acc: 95.7916, loss_bbox: 0.0728, loss: 1.2775
2020-11-09 13:35:56,870 - mmdet - INFO - Epoch [1][18/348]	lr: 6.993e-04, eta: 8:11:04, time: 1.499, data_time: 0.066, memory: 5981, loss_rpn_cls: 0.5996, loss_rpn_bbox: 0.1109, loss_cls: 0.3840, acc: 96.1060, loss_bbox: 0.0975, loss: 1.1921
2020-11-09 13:35:59,742 - mmdet - INFO - Epoch [1][20/348]	lr: 7.792e-04, eta: 8:03:30, time: 1.436, data_time: 0.065, memory: 5981, loss_rpn_cls: 0.5834, loss_rpn_bbox: 0.1341, loss_cls: 0.4189, acc: 95.6329, loss_bbox: 0.0982, loss: 1.2345
2020-11-09 13:36:02,740 - mmdet - INFO - Epoch [1][22/348]	lr: 8.592e-04, eta: 7:58:57, time: 1.499, data_time: 0.072, memory: 5986, loss_rpn_cls: 0.5844, loss_rpn_bbox: 0.1641, loss_cls: 0.3776, acc: 95.4895, loss_bbox: 0.0930, loss: 1.2191
2020-11-09 13:36:05,687 - mmdet - INFO - Epoch [1][24/348]	lr: 9.391e-04, eta: 7:54:33, time: 1.473, data_time: 0.078, memory: 5988, loss_rpn_cls: 0.5694, loss_rpn_bbox: 0.1481, loss_cls: 0.2616, acc: 96.0022, loss_bbox: 0.1049, loss: 1.0840
2020-11-09 13:36:08,643 - mmdet - INFO - Epoch [1][26/348]	lr: 1.019e-03, eta: 7:50:55, time: 1.478, data_time: 0.064, memory: 5999, loss_rpn_cls: 0.5516, loss_rpn_bbox: 0.1130, loss_cls: 0.2378, acc: 95.7764, loss_bbox: 0.1162, loss: 1.0187
2020-11-09 13:36:11,748 - mmdet - INFO - Epoch [1][28/348]	lr: 1.099e-03, eta: 7:49:21, time: 1.553, data_time: 0.064, memory: 5999, loss_rpn_cls: 0.5419, loss_rpn_bbox: 0.1182, loss_cls: 0.2224, acc: 95.5597, loss_bbox: 0.1166, loss: 0.9991
2020-11-09 13:36:14,732 - mmdet - INFO - Epoch [1][30/348]	lr: 1.179e-03, eta: 7:46:48, time: 1.492, data_time: 0.079, memory: 5999, loss_rpn_cls: 0.5212, loss_rpn_bbox: 0.1400, loss_cls: 0.2303, acc: 95.2942, loss_bbox: 0.1081, loss: 0.9997
2020-11-09 13:36:17,643 - mmdet - INFO - Epoch [1][32/348]	lr: 1.259e-03, eta: 7:43:54, time: 1.455, data_time: 0.064, memory: 5999, loss_rpn_cls: 0.4800, loss_rpn_bbox: 0.1095, loss_cls: 0.2019, acc: 95.5475, loss_bbox: 0.1122, loss: 0.9037
2020-11-09 13:36:20,996 - mmdet - INFO - Epoch [1][34/348]	lr: 1.339e-03, eta: 7:45:06, time: 1.677, data_time: 0.279, memory: 5999, loss_rpn_cls: 0.4436, loss_rpn_bbox: 0.1258, loss_cls: 0.1983, acc: 95.5292, loss_bbox: 0.1082, loss: 0.8758
2020-11-09 13:36:23,970 - mmdet - INFO - Epoch [1][36/348]	lr: 1.419e-03, eta: 7:43:07, time: 1.487, data_time: 0.064, memory: 5999, loss_rpn_cls: 0.4064, loss_rpn_bbox: 0.1325, loss_cls: 0.1926, acc: 95.8954, loss_bbox: 0.0930, loss: 0.8244
2020-11-09 13:36:26,972 - mmdet - INFO - Epoch [1][38/348]	lr: 1.499e-03, eta: 7:41:34, time: 1.501, data_time: 0.064, memory: 5999, loss_rpn_cls: 0.3834, loss_rpn_bbox: 0.1432, loss_cls: 0.1794, acc: 96.1975, loss_bbox: 0.0868, loss: 0.7929
2020-11-09 13:36:30,046 - mmdet - INFO - Epoch [1][40/348]	lr: 1.578e-03, eta: 7:40:40, time: 1.537, data_time: 0.093, memory: 6001, loss_rpn_cls: 0.3400, loss_rpn_bbox: 0.1094, loss_cls: 0.1964, acc: 95.7336, loss_bbox: 0.0960, loss: 0.7418
2020-11-09 13:36:33,101 - mmdet - INFO - Epoch [1][42/348]	lr: 1.658e-03, eta: 7:39:43, time: 1.528, data_time: 0.079, memory: 6028, loss_rpn_cls: 0.3231, loss_rpn_bbox: 0.1034, loss_cls: 0.2038, acc: 95.2850, loss_bbox: 0.1339, loss: 0.7642
2020-11-09 13:36:36,277 - mmdet - INFO - Epoch [1][44/348]	lr: 1.738e-03, eta: 7:39:39, time: 1.588, data_time: 0.191, memory: 6044, loss_rpn_cls: 0.3444, loss_rpn_bbox: 0.1146, loss_cls: 0.2043, acc: 95.2393, loss_bbox: 0.1192, loss: 0.7825
2020-11-09 13:36:39,272 - mmdet - INFO - Epoch [1][46/348]	lr: 1.818e-03, eta: 7:38:27, time: 1.497, data_time: 0.067, memory: 6050, loss_rpn_cls: 0.3044, loss_rpn_bbox: 0.1110, loss_cls: 0.2153, acc: 94.6472, loss_bbox: 0.1361, loss: 0.7669
2020-11-09 13:36:42,334 - mmdet - INFO - Epoch [1][48/348]	lr: 1.898e-03, eta: 7:37:45, time: 1.531, data_time: 0.079, memory: 6052, loss_rpn_cls: 0.2611, loss_rpn_bbox: 0.0923, loss_cls: 0.1965, acc: 94.8914, loss_bbox: 0.1436, loss: 0.6935
2020-11-09 13:36:45,355 - mmdet - INFO - Epoch [1][50/348]	lr: 1.978e-03, eta: 7:36:51, time: 1.511, data_time: 0.064, memory: 6052, loss_rpn_cls: 0.2892, loss_rpn_bbox: 0.1052, loss_cls: 0.2166, acc: 94.1376, loss_bbox: 0.1514, loss: 0.7625
2020-11-09 13:36:48,289 - mmdet - INFO - Epoch [1][52/348]	lr: 2.058e-03, eta: 7:35:33, time: 1.467, data_time: 0.064, memory: 6055, loss_rpn_cls: 0.2479, loss_rpn_bbox: 0.0964, loss_cls: 0.1794, acc: 95.0836, loss_bbox: 0.1476, loss: 0.6712
2020-11-09 13:36:51,176 - mmdet - INFO - Epoch [1][54/348]	lr: 2.138e-03, eta: 7:34:05, time: 1.444, data_time: 0.066, memory: 6056, loss_rpn_cls: 0.2574, loss_rpn_bbox: 0.0962, loss_cls: 0.2079, acc: 94.2444, loss_bbox: 0.1540, loss: 0.7155
2020-11-09 13:36:54,074 - mmdet - INFO - Epoch [1][56/348]	lr: 2.218e-03, eta: 7:32:46, time: 1.449, data_time: 0.077, memory: 6056, loss_rpn_cls: 0.2546, loss_rpn_bbox: 0.0994, loss_cls: 0.1941, acc: 94.4794, loss_bbox: 0.1495, loss: 0.6976
2020-11-09 13:36:56,906 - mmdet - INFO - Epoch [1][58/348]	lr: 2.298e-03, eta: 7:31:13, time: 1.416, data_time: 0.064, memory: 6056, loss_rpn_cls: 0.2525, loss_rpn_bbox: 0.0997, loss_cls: 0.2126, acc: 93.9667, loss_bbox: 0.1635, loss: 0.7282
2020-11-09 13:36:59,706 - mmdet - INFO - Epoch [1][60/348]	lr: 2.378e-03, eta: 7:29:37, time: 1.400, data_time: 0.063, memory: 6056, loss_rpn_cls: 0.2301, loss_rpn_bbox: 0.0984, loss_cls: 0.1789, acc: 95.1569, loss_bbox: 0.1566, loss: 0.6640
2020-11-09 13:37:02,489 - mmdet - INFO - Epoch [1][62/348]	lr: 2.458e-03, eta: 7:28:02, time: 1.392, data_time: 0.077, memory: 6056, loss_rpn_cls: 0.2178, loss_rpn_bbox: 0.0833, loss_cls: 0.1894, acc: 94.9738, loss_bbox: 0.1608, loss: 0.6513
2020-11-09 13:37:05,252 - mmdet - INFO - Epoch [1][64/348]	lr: 2.537e-03, eta: 7:26:27, time: 1.382, data_time: 0.065, memory: 6056, loss_rpn_cls: 0.1831, loss_rpn_bbox: 0.0717, loss_cls: 0.1661, acc: 95.4193, loss_bbox: 0.1643, loss: 0.5852
2020-11-09 13:37:08,528 - mmdet - INFO - Epoch [1][66/348]	lr: 2.617e-03, eta: 7:27:13, time: 1.638, data_time: 0.298, memory: 6056, loss_rpn_cls: 0.2359, loss_rpn_bbox: 0.0948, loss_cls: 0.1833, acc: 94.8547, loss_bbox: 0.1586, loss: 0.6725
2020-11-09 13:37:11,370 - mmdet - INFO - Epoch [1][68/348]	lr: 2.697e-03, eta: 7:26:05, time: 1.421, data_time: 0.064, memory: 6056, loss_rpn_cls: 0.2305, loss_rpn_bbox: 0.0959, loss_cls: 0.1986, acc: 94.2444, loss_bbox: 0.1664, loss: 0.6914
2020-11-09 13:37:14,140 - mmdet - INFO - Epoch [1][70/348]	lr: 2.777e-03, eta: 7:24:43, time: 1.385, data_time: 0.065, memory: 6056, loss_rpn_cls: 0.1920, loss_rpn_bbox: 0.0732, loss_cls: 0.1679, acc: 95.0531, loss_bbox: 0.1521, loss: 0.5853
2020-11-09 13:37:17,002 - mmdet - INFO - Epoch [1][72/348]	lr: 2.857e-03, eta: 7:23:48, time: 1.431, data_time: 0.093, memory: 6056, loss_rpn_cls: 0.2169, loss_rpn_bbox: 0.0857, loss_cls: 0.1713, acc: 95.0043, loss_bbox: 0.1589, loss: 0.6328
2020-11-09 13:37:19,766 - mmdet - INFO - Epoch [1][74/348]	lr: 2.937e-03, eta: 7:22:32, time: 1.382, data_time: 0.078, memory: 6056, loss_rpn_cls: 0.1801, loss_rpn_bbox: 0.0742, loss_cls: 0.1425, acc: 95.6818, loss_bbox: 0.1500, loss: 0.5468
2020-11-09 13:37:22,673 - mmdet - INFO - Epoch [1][76/348]	lr: 3.017e-03, eta: 7:21:53, time: 1.453, data_time: 0.182, memory: 6056, loss_rpn_cls: 0.2005, loss_rpn_bbox: 0.0816, loss_cls: 0.1669, acc: 95.1355, loss_bbox: 0.1515, loss: 0.6005
2020-11-09 13:37:25,379 - mmdet - INFO - Epoch [1][78/348]	lr: 3.097e-03, eta: 7:20:31, time: 1.353, data_time: 0.065, memory: 6056, loss_rpn_cls: 0.2155, loss_rpn_bbox: 0.0904, loss_cls: 0.1499, acc: 95.7245, loss_bbox: 0.1444, loss: 0.6002
2020-11-09 13:37:28,147 - mmdet - INFO - Epoch [1][80/348]	lr: 3.177e-03, eta: 7:19:27, time: 1.384, data_time: 0.078, memory: 6056, loss_rpn_cls: 0.2078, loss_rpn_bbox: 0.0819, loss_cls: 0.1614, acc: 95.3217, loss_bbox: 0.1529, loss: 0.6040
2020-11-09 13:37:30,880 - mmdet - INFO - Epoch [1][82/348]	lr: 3.257e-03, eta: 7:18:18, time: 1.366, data_time: 0.064, memory: 6056, loss_rpn_cls: 0.1777, loss_rpn_bbox: 0.0847, loss_cls: 0.1212, acc: 96.5759, loss_bbox: 0.1476, loss: 0.5311
2020-11-09 13:37:33,672 - mmdet - INFO - Epoch [1][84/348]	lr: 3.337e-03, eta: 7:17:24, time: 1.396, data_time: 0.064, memory: 6056, loss_rpn_cls: 0.1978, loss_rpn_bbox: 0.0912, loss_cls: 0.1679, acc: 95.1477, loss_bbox: 0.1894, loss: 0.6462
2020-11-09 13:37:36,429 - mmdet - INFO - Epoch [1][86/348]	lr: 3.417e-03, eta: 7:16:26, time: 1.378, data_time: 0.065, memory: 6056, loss_rpn_cls: 0.1769, loss_rpn_bbox: 0.0669, loss_cls: 0.1508, acc: 95.4010, loss_bbox: 0.1807, loss: 0.5753
2020-11-09 13:37:39,311 - mmdet - INFO - Epoch [1][88/348]	lr: 3.497e-03, eta: 7:15:55, time: 1.441, data_time: 0.082, memory: 6056, loss_rpn_cls: 0.1755, loss_rpn_bbox: 0.0815, loss_cls: 0.1496, acc: 95.3278, loss_bbox: 0.1684, loss: 0.5750
2020-11-09 13:37:42,152 - mmdet - INFO - Epoch [1][90/348]	lr: 3.576e-03, eta: 7:15:17, time: 1.420, data_time: 0.064, memory: 6056, loss_rpn_cls: 0.2088, loss_rpn_bbox: 0.1022, loss_cls: 0.1559, acc: 95.1477, loss_bbox: 0.1814, loss: 0.6482
2020-11-09 13:37:44,998 - mmdet - INFO - Epoch [1][92/348]	lr: 3.656e-03, eta: 7:14:42, time: 1.423, data_time: 0.064, memory: 6056, loss_rpn_cls: 0.1774, loss_rpn_bbox: 0.0716, loss_cls: 0.1486, acc: 95.3430, loss_bbox: 0.1710, loss: 0.5686
2020-11-09 13:37:47,794 - mmdet - INFO - Epoch [1][94/348]	lr: 3.736e-03, eta: 7:13:58, time: 1.397, data_time: 0.077, memory: 6056, loss_rpn_cls: 0.1880, loss_rpn_bbox: 0.0865, loss_cls: 0.1549, acc: 95.4163, loss_bbox: 0.1775, loss: 0.6068
2020-11-09 13:37:50,575 - mmdet - INFO - Epoch [1][96/348]	lr: 3.816e-03, eta: 7:13:14, time: 1.391, data_time: 0.065, memory: 6056, loss_rpn_cls: 0.1654, loss_rpn_bbox: 0.0802, loss_cls: 0.1497, acc: 95.4193, loss_bbox: 0.1872, loss: 0.5826
2020-11-09 13:37:53,985 - mmdet - INFO - Epoch [1][98/348]	lr: 3.896e-03, eta: 7:14:23, time: 1.705, data_time: 0.300, memory: 6056, loss_rpn_cls: 0.1651, loss_rpn_bbox: 0.0818, loss_cls: 0.1516, acc: 95.4498, loss_bbox: 0.1792, loss: 0.5777
2020-11-09 13:37:56,687 - mmdet - INFO - Epoch [1][100/348]	lr: 3.976e-03, eta: 7:13:26, time: 1.351, data_time: 0.064, memory: 6056, loss_rpn_cls: 0.1590, loss_rpn_bbox: 0.0870, loss_cls: 0.1474, acc: 95.6238, loss_bbox: 0.1894, loss: 0.5828
2020-11-09 13:37:59,415 - mmdet - INFO - Epoch [1][102/348]	lr: 4.056e-03, eta: 7:12:36, time: 1.364, data_time: 0.066, memory: 6056, loss_rpn_cls: 0.1819, loss_rpn_bbox: 0.0804, loss_cls: 0.1556, acc: 95.4285, loss_bbox: 0.1807, loss: 0.5985
2020-11-09 13:38:02,238 - mmdet - INFO - Epoch [1][104/348]	lr: 4.136e-03, eta: 7:12:03, time: 1.411, data_time: 0.092, memory: 6056, loss_rpn_cls: 0.1688, loss_rpn_bbox: 0.0830, loss_cls: 0.1594, acc: 95.1050, loss_bbox: 0.1794, loss: 0.5907
2020-11-09 13:38:05,000 - mmdet - INFO - Epoch [1][106/348]	lr: 4.216e-03, eta: 7:11:22, time: 1.381, data_time: 0.078, memory: 6056, loss_rpn_cls: 0.1664, loss_rpn_bbox: 0.0810, loss_cls: 0.1608, acc: 94.9646, loss_bbox: 0.1607, loss: 0.5689
2020-11-09 13:38:07,844 - mmdet - INFO - Epoch [1][108/348]	lr: 4.296e-03, eta: 7:10:55, time: 1.422, data_time: 0.183, memory: 6056, loss_rpn_cls: 0.1482, loss_rpn_bbox: 0.0727, loss_cls: 0.1408, acc: 95.7001, loss_bbox: 0.1693, loss: 0.5310
2020-11-09 13:38:10,622 - mmdet - INFO - Epoch [1][110/348]	lr: 4.376e-03, eta: 7:10:19, time: 1.389, data_time: 0.065, memory: 6056, loss_rpn_cls: 0.1489, loss_rpn_bbox: 0.0705, loss_cls: 0.1449, acc: 95.4926, loss_bbox: 0.1563, loss: 0.5207
2020-11-09 13:38:13,415 - mmdet - INFO - Epoch [1][112/348]	lr: 4.456e-03, eta: 7:09:46, time: 1.396, data_time: 0.078, memory: 6056, loss_rpn_cls: 0.1910, loss_rpn_bbox: 0.0839, loss_cls: 0.1923, acc: 94.2017, loss_bbox: 0.1532, loss: 0.6203
2020-11-09 13:38:16,384 - mmdet - INFO - Epoch [1][114/348]	lr: 4.535e-03, eta: 7:09:41, time: 1.485, data_time: 0.144, memory: 6056, loss_rpn_cls: 0.1741, loss_rpn_bbox: 0.0837, loss_cls: 0.1643, acc: 94.6411, loss_bbox: 0.1627, loss: 0.5848
2020-11-09 13:38:19,174 - mmdet - INFO - Epoch [1][116/348]	lr: 4.615e-03, eta: 7:09:09, time: 1.395, data_time: 0.065, memory: 6056, loss_rpn_cls: 0.1681, loss_rpn_bbox: 0.0884, loss_cls: 0.1615, acc: 94.9005, loss_bbox: 0.1663, loss: 0.5843
2020-11-09 13:38:22,134 - mmdet - INFO - Epoch [1][118/348]	lr: 4.695e-03, eta: 7:09:03, time: 1.480, data_time: 0.066, memory: 6056, loss_rpn_cls: 0.1337, loss_rpn_bbox: 0.0559, loss_cls: 0.1592, acc: 94.9219, loss_bbox: 0.1482, loss: 0.4970
2020-11-09 13:38:24,867 - mmdet - INFO - Epoch [1][120/348]	lr: 4.775e-03, eta: 7:08:25, time: 1.366, data_time: 0.081, memory: 6056, loss_rpn_cls: 0.1487, loss_rpn_bbox: 0.0727, loss_cls: 0.1545, acc: 95.3125, loss_bbox: 0.1611, loss: 0.5370
2020-11-09 13:38:27,551 - mmdet - INFO - Epoch [1][122/348]	lr: 4.855e-03, eta: 7:07:40, time: 1.342, data_time: 0.064, memory: 6056, loss_rpn_cls: 0.1436, loss_rpn_bbox: 0.0694, loss_cls: 0.1531, acc: 95.2667, loss_bbox: 0.1631, loss: 0.5292
2020-11-09 13:38:30,173 - mmdet - INFO - Epoch [1][124/348]	lr: 4.935e-03, eta: 7:06:49, time: 1.311, data_time: 0.064, memory: 6056, loss_rpn_cls: 0.1599, loss_rpn_bbox: 0.0960, loss_cls: 0.1513, acc: 95.4071, loss_bbox: 0.1508, loss: 0.5580
2020-11-09 13:38:32,858 - mmdet - INFO - Epoch [1][126/348]	lr: 5.015e-03, eta: 7:06:08, time: 1.343, data_time: 0.077, memory: 6056, loss_rpn_cls: 0.1935, loss_rpn_bbox: 0.0982, loss_cls: 0.1826, acc: 94.4733, loss_bbox: 0.1613, loss: 0.6357
2020-11-09 13:38:35,543 - mmdet - INFO - Epoch [1][128/348]	lr: 5.095e-03, eta: 7:05:28, time: 1.343, data_time: 0.064, memory: 6056, loss_rpn_cls: 0.1362, loss_rpn_bbox: 0.0691, loss_cls: 0.1339, acc: 95.9930, loss_bbox: 0.1442, loss: 0.4834
2020-11-09 13:38:38,686 - mmdet - INFO - Epoch [1][130/348]	lr: 5.175e-03, eta: 7:05:49, time: 1.571, data_time: 0.296, memory: 6056, loss_rpn_cls: 0.1471, loss_rpn_bbox: 0.0787, loss_cls: 0.1602, acc: 95.4620, loss_bbox: 0.1575, loss: 0.5435
2020-11-09 13:38:41,349 - mmdet - INFO - Epoch [1][132/348]	lr: 5.255e-03, eta: 7:05:08, time: 1.332, data_time: 0.067, memory: 6056, loss_rpn_cls: 0.1498, loss_rpn_bbox: 0.0751, loss_cls: 0.1470, acc: 95.8527, loss_bbox: 0.1337, loss: 0.5055
2020-11-09 13:38:44,035 - mmdet - INFO - Epoch [1][134/348]	lr: 5.335e-03, eta: 7:04:30, time: 1.343, data_time: 0.065, memory: 6056, loss_rpn_cls: 0.1599, loss_rpn_bbox: 0.0897, loss_cls: 0.1731, acc: 94.9829, loss_bbox: 0.1649, loss: 0.5876
2020-11-09 13:38:46,789 - mmdet - INFO - Epoch [1][136/348]	lr: 5.415e-03, eta: 7:04:02, time: 1.377, data_time: 0.092, memory: 6056, loss_rpn_cls: 0.1541, loss_rpn_bbox: 0.0838, loss_cls: 0.1753, acc: 95.2789, loss_bbox: 0.1432, loss: 0.5563
2020-11-09 13:38:49,409 - mmdet - INFO - Epoch [1][138/348]	lr: 5.495e-03, eta: 7:03:18, time: 1.310, data_time: 0.078, memory: 6056, loss_rpn_cls: 0.1305, loss_rpn_bbox: 0.0660, loss_cls: 0.1424, acc: 96.1609, loss_bbox: 0.1382, loss: 0.4771
2020-11-09 13:38:52,139 - mmdet - INFO - Epoch [1][140/348]	lr: 5.574e-03, eta: 7:02:49, time: 1.365, data_time: 0.181, memory: 6056, loss_rpn_cls: 0.1280, loss_rpn_bbox: 0.0792, loss_cls: 0.1644, acc: 95.8801, loss_bbox: 0.1394, loss: 0.5109
2020-11-09 13:38:54,797 - mmdet - INFO - Epoch [1][142/348]	lr: 5.654e-03, eta: 7:02:12, time: 1.329, data_time: 0.065, memory: 6056, loss_rpn_cls: 0.1322, loss_rpn_bbox: 0.0772, loss_cls: 0.1473, acc: 96.0968, loss_bbox: 0.1312, loss: 0.4879
2020-11-09 13:38:57,454 - mmdet - INFO - Epoch [1][144/348]	lr: 5.734e-03, eta: 7:01:36, time: 1.329, data_time: 0.079, memory: 6056, loss_rpn_cls: 0.1148, loss_rpn_bbox: 0.0648, loss_cls: 0.1374, acc: 96.0968, loss_bbox: 0.1346, loss: 0.4516
2020-11-09 13:39:00,179 - mmdet - INFO - Epoch [1][146/348]	lr: 5.814e-03, eta: 7:01:08, time: 1.362, data_time: 0.065, memory: 6056, loss_rpn_cls: 0.1587, loss_rpn_bbox: 0.0819, loss_cls: 0.1686, acc: 95.2148, loss_bbox: 0.1412, loss: 0.5504
2020-11-09 13:39:02,822 - mmdet - INFO - Epoch [1][148/348]	lr: 5.894e-03, eta: 7:00:32, time: 1.322, data_time: 0.064, memory: 6056, loss_rpn_cls: 0.1444, loss_rpn_bbox: 0.0802, loss_cls: 0.1271, acc: 96.3745, loss_bbox: 0.1182, loss: 0.4699
2020-11-09 13:39:05,483 - mmdet - INFO - Epoch [1][150/348]	lr: 5.974e-03, eta: 6:59:59, time: 1.330, data_time: 0.065, memory: 6056, loss_rpn_cls: 0.1420, loss_rpn_bbox: 0.0827, loss_cls: 0.1650, acc: 95.1935, loss_bbox: 0.1511, loss: 0.5408
2020-11-09 13:39:08,184 - mmdet - INFO - Epoch [1][152/348]	lr: 6.054e-03, eta: 6:59:31, time: 1.351, data_time: 0.079, memory: 6056, loss_rpn_cls: 0.1343, loss_rpn_bbox: 0.0701, loss_cls: 0.1414, acc: 95.8099, loss_bbox: 0.1258, loss: 0.4716
2020-11-09 13:39:10,808 - mmdet - INFO - Epoch [1][154/348]	lr: 6.134e-03, eta: 6:58:55, time: 1.312, data_time: 0.064, memory: 6056, loss_rpn_cls: 0.1265, loss_rpn_bbox: 0.0656, loss_cls: 0.1374, acc: 95.9930, loss_bbox: 0.1286, loss: 0.4582
2020-11-09 13:39:13,417 - mmdet - INFO - Epoch [1][156/348]	lr: 6.214e-03, eta: 6:58:18, time: 1.305, data_time: 0.064, memory: 6056, loss_rpn_cls: 0.1310, loss_rpn_bbox: 0.0768, loss_cls: 0.1376, acc: 96.0815, loss_bbox: 0.1286, loss: 0.4740
2020-11-09 13:39:16,085 - mmdet - INFO - Epoch [1][158/348]	lr: 6.294e-03, eta: 6:57:49, time: 1.334, data_time: 0.078, memory: 6056, loss_rpn_cls: 0.1267, loss_rpn_bbox: 0.0825, loss_cls: 0.1439, acc: 95.7336, loss_bbox: 0.1228, loss: 0.4759
2020-11-09 13:39:18,796 - mmdet - INFO - Epoch [1][160/348]	lr: 6.374e-03, eta: 6:57:24, time: 1.355, data_time: 0.065, memory: 6056, loss_rpn_cls: 0.1240, loss_rpn_bbox: 0.0717, loss_cls: 0.1565, acc: 95.2759, loss_bbox: 0.1471, loss: 0.4993
2020-11-09 13:39:21,953 - mmdet - INFO - Epoch [1][162/348]	lr: 6.454e-03, eta: 6:57:48, time: 1.579, data_time: 0.305, memory: 6056, loss_rpn_cls: 0.1189, loss_rpn_bbox: 0.0713, loss_cls: 0.1359, acc: 95.8282, loss_bbox: 0.1363, loss: 0.4623
2020-11-09 13:39:24,617 - mmdet - INFO - Epoch [1][164/348]	lr: 6.533e-03, eta: 6:57:20, time: 1.332, data_time: 0.064, memory: 6056, loss_rpn_cls: 0.1289, loss_rpn_bbox: 0.0620, loss_cls: 0.1443, acc: 95.7397, loss_bbox: 0.1394, loss: 0.4746
2020-11-09 13:39:27,315 - mmdet - INFO - Epoch [1][166/348]	lr: 6.613e-03, eta: 6:56:55, time: 1.349, data_time: 0.065, memory: 6056, loss_rpn_cls: 0.1519, loss_rpn_bbox: 0.0763, loss_cls: 0.1488, acc: 95.6451, loss_bbox: 0.1342, loss: 0.5113
2020-11-09 13:39:29,924 - mmdet - INFO - Epoch [1][168/348]	lr: 6.693e-03, eta: 6:56:22, time: 1.304, data_time: 0.091, memory: 6056, loss_rpn_cls: 0.1494, loss_rpn_bbox: 0.0914, loss_cls: 0.1532, acc: 95.8405, loss_bbox: 0.1233, loss: 0.5173
2020-11-09 13:39:32,482 - mmdet - INFO - Epoch [1][170/348]	lr: 6.773e-03, eta: 6:55:45, time: 1.279, data_time: 0.078, memory: 6056, loss_rpn_cls: 0.1170, loss_rpn_bbox: 0.0779, loss_cls: 0.1288, acc: 96.4050, loss_bbox: 0.1217, loss: 0.4454
2020-11-09 13:39:35,235 - mmdet - INFO - Epoch [1][172/348]	lr: 6.853e-03, eta: 6:55:28, time: 1.377, data_time: 0.187, memory: 6056, loss_rpn_cls: 0.1364, loss_rpn_bbox: 0.0795, loss_cls: 0.1529, acc: 95.2179, loss_bbox: 0.1321, loss: 0.5010
2020-11-09 13:39:37,834 - mmdet - INFO - Epoch [1][174/348]	lr: 6.933e-03, eta: 6:54:55, time: 1.300, data_time: 0.065, memory: 6056, loss_rpn_cls: 0.1311, loss_rpn_bbox: 0.0712, loss_cls: 0.1466, acc: 95.5109, loss_bbox: 0.1367, loss: 0.4855
2020-11-09 13:39:40,619 - mmdet - INFO - Epoch [1][176/348]	lr: 7.013e-03, eta: 6:54:42, time: 1.392, data_time: 0.083, memory: 6056, loss_rpn_cls: 0.1398, loss_rpn_bbox: 0.0856, loss_cls: 0.1539, acc: 95.6238, loss_bbox: 0.1178, loss: 0.4971
2020-11-09 13:39:43,266 - mmdet - INFO - Epoch [1][178/348]	lr: 7.093e-03, eta: 6:54:16, time: 1.324, data_time: 0.065, memory: 6056, loss_rpn_cls: 0.1389, loss_rpn_bbox: 0.0683, loss_cls: 0.1320, acc: 96.1426, loss_bbox: 0.1245, loss: 0.4637
2020-11-09 13:39:45,913 - mmdet - INFO - Epoch [1][180/348]	lr: 7.173e-03, eta: 6:53:50, time: 1.323, data_time: 0.064, memory: 6056, loss_rpn_cls: 0.1285, loss_rpn_bbox: 0.0734, loss_cls: 0.1585, acc: 95.3766, loss_bbox: 0.1279, loss: 0.4884
2020-11-09 13:39:48,544 - mmdet - INFO - Epoch [1][182/348]	lr: 7.253e-03, eta: 6:53:23, time: 1.316, data_time: 0.065, memory: 6056, loss_rpn_cls: 0.1302, loss_rpn_bbox: 0.0718, loss_cls: 0.1570, acc: 95.4468, loss_bbox: 0.1341, loss: 0.4932
2020-11-09 13:39:51,157 - mmdet - INFO - Epoch [1][184/348]	lr: 7.333e-03, eta: 6:52:55, time: 1.307, data_time: 0.079, memory: 6056, loss_rpn_cls: 0.1003, loss_rpn_bbox: 0.0557, loss_cls: 0.1262, acc: 96.3837, loss_bbox: 0.1260, loss: 0.4082
2020-11-09 13:39:53,830 - mmdet - INFO - Epoch [1][186/348]	lr: 7.413e-03, eta: 6:52:33, time: 1.336, data_time: 0.064, memory: 6056, loss_rpn_cls: 0.1222, loss_rpn_bbox: 0.0663, loss_cls: 0.1533, acc: 95.4620, loss_bbox: 0.1322, loss: 0.4740
2020-11-09 13:39:56,432 - mmdet - INFO - Epoch [1][188/348]	lr: 7.493e-03, eta: 6:52:05, time: 1.301, data_time: 0.065, memory: 6056, loss_rpn_cls: 0.1271, loss_rpn_bbox: 0.0724, loss_cls: 0.1409, acc: 96.1517, loss_bbox: 0.1169, loss: 0.4573
2020-11-09 13:39:59,098 - mmdet - INFO - Epoch [1][190/348]	lr: 7.572e-03, eta: 6:51:44, time: 1.333, data_time: 0.078, memory: 6056, loss_rpn_cls: 0.1405, loss_rpn_bbox: 0.0759, loss_cls: 0.1663, acc: 95.3064, loss_bbox: 0.1230, loss: 0.5057
2020-11-09 13:40:01,655 - mmdet - INFO - Epoch [1][192/348]	lr: 7.652e-03, eta: 6:51:13, time: 1.279, data_time: 0.064, memory: 6056, loss_rpn_cls: 0.1182, loss_rpn_bbox: 0.0765, loss_cls: 0.1505, acc: 95.7520, loss_bbox: 0.1265, loss: 0.4718
2020-11-09 13:40:05,043 - mmdet - INFO - Epoch [1][194/348]	lr: 7.732e-03, eta: 6:51:56, time: 1.694, data_time: 0.324, memory: 6056, loss_rpn_cls: 0.1295, loss_rpn_bbox: 0.0651, loss_cls: 0.1436, acc: 95.8832, loss_bbox: 0.1184, loss: 0.4567
2020-11-09 13:40:07,656 - mmdet - INFO - Epoch [1][196/348]	lr: 7.812e-03, eta: 6:51:30, time: 1.307, data_time: 0.064, memory: 6056, loss_rpn_cls: 0.1135, loss_rpn_bbox: 0.0691, loss_cls: 0.1397, acc: 96.0144, loss_bbox: 0.1221, loss: 0.4443
2020-11-09 13:40:10,204 - mmdet - INFO - Epoch [1][198/348]	lr: 7.892e-03, eta: 6:51:00, time: 1.274, data_time: 0.064, memory: 6056, loss_rpn_cls: 0.1039, loss_rpn_bbox: 0.0688, loss_cls: 0.1294, acc: 96.2250, loss_bbox: 0.1183, loss: 0.4205
2020-11-09 13:40:12,826 - mmdet - INFO - Epoch [1][200/348]	lr: 7.972e-03, eta: 6:50:36, time: 1.311, data_time: 0.093, memory: 6056, loss_rpn_cls: 0.1172, loss_rpn_bbox: 0.0597, loss_cls: 0.1202, acc: 96.4844, loss_bbox: 0.1099, loss: 0.4070
2020-11-09 13:40:15,382 - mmdet - INFO - Epoch [1][202/348]	lr: 8.052e-03, eta: 6:50:06, time: 1.278, data_time: 0.077, memory: 6056, loss_rpn_cls: 0.1239, loss_rpn_bbox: 0.0696, loss_cls: 0.1552, acc: 95.5078, loss_bbox: 0.1410, loss: 0.4897
2020-11-09 13:40:18,102 - mmdet - INFO - Epoch [1][204/348]	lr: 8.132e-03, eta: 6:49:52, time: 1.360, data_time: 0.185, memory: 6056, loss_rpn_cls: 0.1121, loss_rpn_bbox: 0.0777, loss_cls: 0.1502, acc: 95.5658, loss_bbox: 0.1336, loss: 0.4737
2020-11-09 13:40:20,667 - mmdet - INFO - Epoch [1][206/348]	lr: 8.212e-03, eta: 6:49:24, time: 1.282, data_time: 0.064, memory: 6056, loss_rpn_cls: 0.1200, loss_rpn_bbox: 0.0719, loss_cls: 0.1530, acc: 95.5505, loss_bbox: 0.1341, loss: 0.4790
2020-11-09 13:40:23,251 - mmdet - INFO - Epoch [1][208/348]	lr: 8.292e-03, eta: 6:48:59, time: 1.292, data_time: 0.078, memory: 6056, loss_rpn_cls: 0.1456, loss_rpn_bbox: 0.0818, loss_cls: 0.1720, acc: 95.0928, loss_bbox: 0.1477, loss: 0.5472
2020-11-09 13:40:25,836 - mmdet - INFO - Epoch [1][210/348]	lr: 8.372e-03, eta: 6:48:34, time: 1.293, data_time: 0.065, memory: 6056, loss_rpn_cls: 0.1035, loss_rpn_bbox: 0.0653, loss_cls: 0.1369, acc: 96.1029, loss_bbox: 0.1165, loss: 0.4221
2020-11-09 13:40:28,438 - mmdet - INFO - Epoch [1][212/348]	lr: 8.452e-03, eta: 6:48:11, time: 1.301, data_time: 0.065, memory: 6056, loss_rpn_cls: 0.1105, loss_rpn_bbox: 0.0659, loss_cls: 0.1617, acc: 95.2240, loss_bbox: 0.1319, loss: 0.4700
2020-11-09 13:40:31,028 - mmdet - INFO - Epoch [1][214/348]	lr: 8.531e-03, eta: 6:47:47, time: 1.295, data_time: 0.065, memory: 6056, loss_rpn_cls: 0.1132, loss_rpn_bbox: 0.0734, loss_cls: 0.1571, acc: 95.4102, loss_bbox: 0.1387, loss: 0.4824
2020-11-09 13:40:33,654 - mmdet - INFO - Epoch [1][216/348]	lr: 8.611e-03, eta: 6:47:26, time: 1.313, data_time: 0.078, memory: 6056, loss_rpn_cls: 0.0798, loss_rpn_bbox: 0.0520, loss_cls: 0.1229, acc: 96.3440, loss_bbox: 0.1232, loss: 0.3779
2020-11-09 13:40:36,280 - mmdet - INFO - Epoch [1][218/348]	lr: 8.691e-03, eta: 6:47:06, time: 1.313, data_time: 0.065, memory: 6056, loss_rpn_cls: 0.1019, loss_rpn_bbox: 0.0729, loss_cls: 0.1462, acc: 95.6482, loss_bbox: 0.1349, loss: 0.4560
2020-11-09 13:40:38,882 - mmdet - INFO - Epoch [1][220/348]	lr: 8.771e-03, eta: 6:46:45, time: 1.301, data_time: 0.065, memory: 6056, loss_rpn_cls: 0.1035, loss_rpn_bbox: 0.0588, loss_cls: 0.1507, acc: 95.2393, loss_bbox: 0.1406, loss: 0.4535
2020-11-09 13:40:41,497 - mmdet - INFO - Epoch [1][222/348]	lr: 8.851e-03, eta: 6:46:24, time: 1.307, data_time: 0.078, memory: 6056, loss_rpn_cls: 0.1269, loss_rpn_bbox: 0.0731, loss_cls: 0.1672, acc: 94.9677, loss_bbox: 0.1288, loss: 0.4960
2020-11-09 13:40:44,070 - mmdet - INFO - Epoch [1][224/348]	lr: 8.931e-03, eta: 6:46:01, time: 1.287, data_time: 0.068, memory: 6056, loss_rpn_cls: 0.1071, loss_rpn_bbox: 0.0654, loss_cls: 0.1236, acc: 96.5912, loss_bbox: 0.1022, loss: 0.3984
2020-11-09 13:40:47,100 - mmdet - INFO - Epoch [1][226/348]	lr: 9.011e-03, eta: 6:46:13, time: 1.515, data_time: 0.289, memory: 6056, loss_rpn_cls: 0.0798, loss_rpn_bbox: 0.0475, loss_cls: 0.1465, acc: 95.5109, loss_bbox: 0.1388, loss: 0.4127
2020-11-09 13:40:49,714 - mmdet - INFO - Epoch [1][228/348]	lr: 9.091e-03, eta: 6:45:53, time: 1.307, data_time: 0.064, memory: 6056, loss_rpn_cls: 0.1039, loss_rpn_bbox: 0.0806, loss_cls: 0.1647, acc: 94.8090, loss_bbox: 0.1409, loss: 0.4901
2020-11-09 13:40:52,366 - mmdet - INFO - Epoch [1][230/348]	lr: 9.171e-03, eta: 6:45:37, time: 1.326, data_time: 0.064, memory: 6056, loss_rpn_cls: 0.1195, loss_rpn_bbox: 0.0722, loss_cls: 0.1472, acc: 95.6818, loss_bbox: 0.1206, loss: 0.4594
2020-11-09 13:40:54,996 - mmdet - INFO - Epoch [1][232/348]	lr: 9.251e-03, eta: 6:45:18, time: 1.315, data_time: 0.089, memory: 6056, loss_rpn_cls: 0.1043, loss_rpn_bbox: 0.0708, loss_cls: 0.1582, acc: 95.2606, loss_bbox: 0.1550, loss: 0.4882
2020-11-09 13:40:57,584 - mmdet - INFO - Epoch [1][234/348]	lr: 9.331e-03, eta: 6:44:58, time: 1.294, data_time: 0.079, memory: 6056, loss_rpn_cls: 0.1173, loss_rpn_bbox: 0.0763, loss_cls: 0.1576, acc: 95.0592, loss_bbox: 0.1480, loss: 0.4993
2020-11-09 13:41:00,319 - mmdet - INFO - Epoch [1][236/348]	lr: 9.411e-03, eta: 6:44:48, time: 1.367, data_time: 0.188, memory: 6056, loss_rpn_cls: 0.0893, loss_rpn_bbox: 0.0709, loss_cls: 0.1461, acc: 95.4987, loss_bbox: 0.1446, loss: 0.4510
2020-11-09 13:41:02,965 - mmdet - INFO - Epoch [1][238/348]	lr: 9.491e-03, eta: 6:44:32, time: 1.323, data_time: 0.064, memory: 6056, loss_rpn_cls: 0.1217, loss_rpn_bbox: 0.0566, loss_cls: 0.1494, acc: 96.0693, loss_bbox: 0.1140, loss: 0.4418
2020-11-09 13:41:05,626 - mmdet - INFO - Epoch [1][240/348]	lr: 9.570e-03, eta: 6:44:17, time: 1.330, data_time: 0.079, memory: 6056, loss_rpn_cls: 0.1064, loss_rpn_bbox: 0.0675, loss_cls: 0.1327, acc: 96.2402, loss_bbox: 0.1145, loss: 0.4211
2020-11-09 13:41:08,192 - mmdet - INFO - Epoch [1][242/348]	lr: 9.650e-03, eta: 6:43:56, time: 1.283, data_time: 0.065, memory: 6056, loss_rpn_cls: 0.1100, loss_rpn_bbox: 0.0694, loss_cls: 0.1481, acc: 95.6451, loss_bbox: 0.1291, loss: 0.4567
2020-11-09 13:41:10,744 - mmdet - INFO - Epoch [1][244/348]	lr: 9.730e-03, eta: 6:43:34, time: 1.276, data_time: 0.064, memory: 6056, loss_rpn_cls: 0.0967, loss_rpn_bbox: 0.0616, loss_cls: 0.1525, acc: 95.4742, loss_bbox: 0.1306, loss: 0.4413
2020-11-09 13:41:13,286 - mmdet - INFO - Epoch [1][246/348]	lr: 9.810e-03, eta: 6:43:11, time: 1.271, data_time: 0.065, memory: 6056, loss_rpn_cls: 0.0988, loss_rpn_bbox: 0.0738, loss_cls: 0.1425, acc: 95.8466, loss_bbox: 0.1302, loss: 0.4453
2020-11-09 13:41:15,886 - mmdet - INFO - Epoch [1][248/348]	lr: 9.890e-03, eta: 6:42:53, time: 1.300, data_time: 0.080, memory: 6056, loss_rpn_cls: 0.1268, loss_rpn_bbox: 0.0768, loss_cls: 0.1591, acc: 95.0836, loss_bbox: 0.1434, loss: 0.5060
2020-11-09 13:41:18,492 - mmdet - INFO - Epoch [1][250/348]	lr: 9.970e-03, eta: 6:42:36, time: 1.303, data_time: 0.065, memory: 6056, loss_rpn_cls: 0.1268, loss_rpn_bbox: 0.0742, loss_cls: 0.1652, acc: 94.9677, loss_bbox: 0.1533, loss: 0.5196
2020-11-09 13:41:21,055 - mmdet - INFO - Epoch [1][252/348]	lr: 1.005e-02, eta: 6:42:16, time: 1.281, data_time: 0.065, memory: 6056, loss_rpn_cls: 0.0854, loss_rpn_bbox: 0.0539, loss_cls: 0.1274, acc: 96.2341, loss_bbox: 0.1114, loss: 0.3781
2020-11-09 13:41:23,665 - mmdet - INFO - Epoch [1][254/348]	lr: 1.013e-02, eta: 6:41:59, time: 1.305, data_time: 0.077, memory: 6056, loss_rpn_cls: 0.0963, loss_rpn_bbox: 0.0618, loss_cls: 0.1284, acc: 96.3287, loss_bbox: 0.1122, loss: 0.3988
2020-11-09 13:41:26,252 - mmdet - INFO - Epoch [1][256/348]	lr: 1.021e-02, eta: 6:41:41, time: 1.294, data_time: 0.064, memory: 6056, loss_rpn_cls: 0.1015, loss_rpn_bbox: 0.0649, loss_cls: 0.1386, acc: 95.8527, loss_bbox: 0.1266, loss: 0.4316
2020-11-09 13:41:29,303 - mmdet - INFO - Epoch [1][258/348]	lr: 1.029e-02, eta: 6:41:54, time: 1.526, data_time: 0.281, memory: 6056, loss_rpn_cls: 0.1011, loss_rpn_bbox: 0.0580, loss_cls: 0.1254, acc: 96.2494, loss_bbox: 0.1076, loss: 0.3920
2020-11-09 13:41:31,928 - mmdet - INFO - Epoch [1][260/348]	lr: 1.037e-02, eta: 6:41:39, time: 1.312, data_time: 0.065, memory: 6056, loss_rpn_cls: 0.1113, loss_rpn_bbox: 0.0646, loss_cls: 0.1189, acc: 96.4355, loss_bbox: 0.1006, loss: 0.3953
2020-11-09 13:41:34,537 - mmdet - INFO - Epoch [1][262/348]	lr: 1.045e-02, eta: 6:41:23, time: 1.305, data_time: 0.064, memory: 6056, loss_rpn_cls: 0.1056, loss_rpn_bbox: 0.0797, loss_cls: 0.1555, acc: 95.4559, loss_bbox: 0.1256, loss: 0.4665
2020-11-09 13:41:37,146 - mmdet - INFO - Epoch [1][264/348]	lr: 1.053e-02, eta: 6:41:07, time: 1.304, data_time: 0.093, memory: 6056, loss_rpn_cls: 0.0912, loss_rpn_bbox: 0.0604, loss_cls: 0.1320, acc: 95.9229, loss_bbox: 0.1262, loss: 0.4099
2020-11-09 13:41:39,660 - mmdet - INFO - Epoch [1][266/348]	lr: 1.061e-02, eta: 6:40:45, time: 1.257, data_time: 0.077, memory: 6056, loss_rpn_cls: 0.0846, loss_rpn_bbox: 0.0428, loss_cls: 0.1419, acc: 96.1578, loss_bbox: 0.1258, loss: 0.3951
2020-11-09 13:41:42,396 - mmdet - INFO - Epoch [1][268/348]	lr: 1.069e-02, eta: 6:40:38, time: 1.368, data_time: 0.191, memory: 6056, loss_rpn_cls: 0.1222, loss_rpn_bbox: 0.0642, loss_cls: 0.1704, acc: 94.9127, loss_bbox: 0.1357, loss: 0.4924
2020-11-09 13:41:45,004 - mmdet - INFO - Epoch [1][270/348]	lr: 1.077e-02, eta: 6:40:22, time: 1.304, data_time: 0.068, memory: 6056, loss_rpn_cls: 0.0983, loss_rpn_bbox: 0.0715, loss_cls: 0.1477, acc: 95.4681, loss_bbox: 0.1227, loss: 0.4403
2020-11-09 13:41:47,633 - mmdet - INFO - Epoch [1][272/348]	lr: 1.085e-02, eta: 6:40:08, time: 1.314, data_time: 0.080, memory: 6056, loss_rpn_cls: 0.0847, loss_rpn_bbox: 0.0632, loss_cls: 0.1473, acc: 95.3918, loss_bbox: 0.1331, loss: 0.4284
2020-11-09 13:41:50,202 - mmdet - INFO - Epoch [1][274/348]	lr: 1.093e-02, eta: 6:39:51, time: 1.285, data_time: 0.065, memory: 6056, loss_rpn_cls: 0.0850, loss_rpn_bbox: 0.0609, loss_cls: 0.1531, acc: 94.9860, loss_bbox: 0.1406, loss: 0.4396
2020-11-09 13:41:52,795 - mmdet - INFO - Epoch [1][276/348]	lr: 1.101e-02, eta: 6:39:35, time: 1.297, data_time: 0.065, memory: 6056, loss_rpn_cls: 0.1159, loss_rpn_bbox: 0.0751, loss_cls: 0.1746, acc: 94.5709, loss_bbox: 0.1457, loss: 0.5113
2020-11-09 13:41:55,335 - mmdet - INFO - Epoch [1][278/348]	lr: 1.109e-02, eta: 6:39:16, time: 1.270, data_time: 0.064, memory: 6056, loss_rpn_cls: 0.1004, loss_rpn_bbox: 0.0681, loss_cls: 0.1411, acc: 95.7733, loss_bbox: 0.1252, loss: 0.4348
2020-11-09 13:41:57,937 - mmdet - INFO - Epoch [1][280/348]	lr: 1.117e-02, eta: 6:39:02, time: 1.301, data_time: 0.079, memory: 6056, loss_rpn_cls: 0.0987, loss_rpn_bbox: 0.0491, loss_cls: 0.1380, acc: 95.8099, loss_bbox: 0.1324, loss: 0.4182
2020-11-09 13:42:00,742 - mmdet - INFO - Epoch [1][282/348]	lr: 1.125e-02, eta: 6:38:59, time: 1.403, data_time: 0.064, memory: 6056, loss_rpn_cls: 0.0802, loss_rpn_bbox: 0.0499, loss_cls: 0.1271, acc: 96.3654, loss_bbox: 0.1218, loss: 0.3789
2020-11-09 13:42:03,328 - mmdet - INFO - Epoch [1][284/348]	lr: 1.133e-02, eta: 6:38:44, time: 1.293, data_time: 0.065, memory: 6056, loss_rpn_cls: 0.1014, loss_rpn_bbox: 0.0590, loss_cls: 0.1387, acc: 95.7794, loss_bbox: 0.1323, loss: 0.4314
2020-11-09 13:42:05,965 - mmdet - INFO - Epoch [1][286/348]	lr: 1.141e-02, eta: 6:38:31, time: 1.319, data_time: 0.079, memory: 6056, loss_rpn_cls: 0.1084, loss_rpn_bbox: 0.0609, loss_cls: 0.1469, acc: 95.6146, loss_bbox: 0.1121, loss: 0.4283
2020-11-09 13:42:08,578 - mmdet - INFO - Epoch [1][288/348]	lr: 1.149e-02, eta: 6:38:18, time: 1.306, data_time: 0.064, memory: 6056, loss_rpn_cls: 0.1096, loss_rpn_bbox: 0.0776, loss_cls: 0.1599, acc: 95.0806, loss_bbox: 0.1450, loss: 0.4921
2020-11-09 13:42:11,678 - mmdet - INFO - Epoch [1][290/348]	lr: 1.157e-02, eta: 6:38:33, time: 1.550, data_time: 0.295, memory: 6056, loss_rpn_cls: 0.1092, loss_rpn_bbox: 0.0778, loss_cls: 0.1491, acc: 95.6360, loss_bbox: 0.1257, loss: 0.4618
2020-11-09 13:42:14,466 - mmdet - INFO - Epoch [1][292/348]	lr: 1.165e-02, eta: 6:38:30, time: 1.394, data_time: 0.065, memory: 6056, loss_rpn_cls: 0.0942, loss_rpn_bbox: 0.0598, loss_cls: 0.1621, acc: 95.1080, loss_bbox: 0.1432, loss: 0.4594
2020-11-09 13:42:17,034 - mmdet - INFO - Epoch [1][294/348]	lr: 1.173e-02, eta: 6:38:14, time: 1.284, data_time: 0.065, memory: 6056, loss_rpn_cls: 0.1078, loss_rpn_bbox: 0.0656, loss_cls: 0.1493, acc: 95.5688, loss_bbox: 0.1508, loss: 0.4735
2020-11-09 13:42:19,649 - mmdet - INFO - Epoch [1][296/348]	lr: 1.181e-02, eta: 6:38:01, time: 1.308, data_time: 0.091, memory: 6056, loss_rpn_cls: 0.0823, loss_rpn_bbox: 0.0542, loss_cls: 0.1364, acc: 95.8862, loss_bbox: 0.1304, loss: 0.4033
2020-11-09 13:42:22,182 - mmdet - INFO - Epoch [1][298/348]	lr: 1.189e-02, eta: 6:37:43, time: 1.266, data_time: 0.078, memory: 6056, loss_rpn_cls: 0.0898, loss_rpn_bbox: 0.0582, loss_cls: 0.1453, acc: 95.4498, loss_bbox: 0.1433, loss: 0.4366
2020-11-09 13:42:24,867 - mmdet - INFO - Epoch [1][300/348]	lr: 1.197e-02, eta: 6:37:34, time: 1.343, data_time: 0.182, memory: 6056, loss_rpn_cls: 0.0910, loss_rpn_bbox: 0.0553, loss_cls: 0.1352, acc: 95.6299, loss_bbox: 0.1298, loss: 0.4113
2020-11-09 13:42:27,403 - mmdet - INFO - Epoch [1][302/348]	lr: 1.205e-02, eta: 6:37:17, time: 1.268, data_time: 0.065, memory: 6056, loss_rpn_cls: 0.0856, loss_rpn_bbox: 0.0514, loss_cls: 0.1433, acc: 95.6787, loss_bbox: 0.1291, loss: 0.4094
2020-11-09 13:42:29,983 - mmdet - INFO - Epoch [1][304/348]	lr: 1.213e-02, eta: 6:37:03, time: 1.290, data_time: 0.078, memory: 6056, loss_rpn_cls: 0.0940, loss_rpn_bbox: 0.0654, loss_cls: 0.1547, acc: 95.0989, loss_bbox: 0.1409, loss: 0.4550
2020-11-09 13:42:32,589 - mmdet - INFO - Epoch [1][306/348]	lr: 1.221e-02, eta: 6:36:50, time: 1.303, data_time: 0.065, memory: 6056, loss_rpn_cls: 0.1141, loss_rpn_bbox: 0.0615, loss_cls: 0.1642, acc: 94.6655, loss_bbox: 0.1555, loss: 0.4953
2020-11-09 13:42:35,125 - mmdet - INFO - Epoch [1][308/348]	lr: 1.229e-02, eta: 6:36:33, time: 1.268, data_time: 0.065, memory: 6056, loss_rpn_cls: 0.0706, loss_rpn_bbox: 0.0363, loss_cls: 0.1252, acc: 96.3623, loss_bbox: 0.1196, loss: 0.3517
2020-11-09 13:42:37,736 - mmdet - INFO - Epoch [1][310/348]	lr: 1.237e-02, eta: 6:36:21, time: 1.305, data_time: 0.066, memory: 6056, loss_rpn_cls: 0.0721, loss_rpn_bbox: 0.0541, loss_cls: 0.1410, acc: 95.5566, loss_bbox: 0.1336, loss: 0.4008
2020-11-09 13:42:40,354 - mmdet - INFO - Epoch [1][312/348]	lr: 1.245e-02, eta: 6:36:09, time: 1.309, data_time: 0.083, memory: 6056, loss_rpn_cls: 0.0757, loss_rpn_bbox: 0.0618, loss_cls: 0.1371, acc: 95.9015, loss_bbox: 0.1265, loss: 0.4011
2020-11-09 13:42:42,934 - mmdet - INFO - Epoch [1][314/348]	lr: 1.253e-02, eta: 6:35:55, time: 1.290, data_time: 0.071, memory: 6056, loss_rpn_cls: 0.0814, loss_rpn_bbox: 0.0471, loss_cls: 0.1303, acc: 95.9595, loss_bbox: 0.1246, loss: 0.3833
2020-11-09 13:42:45,493 - mmdet - INFO - Epoch [1][316/348]	lr: 1.261e-02, eta: 6:35:40, time: 1.280, data_time: 0.068, memory: 6056, loss_rpn_cls: 0.0804, loss_rpn_bbox: 0.0578, loss_cls: 0.1351, acc: 95.7306, loss_bbox: 0.1253, loss: 0.3985
2020-11-09 13:42:48,073 - mmdet - INFO - Epoch [1][318/348]	lr: 1.269e-02, eta: 6:35:27, time: 1.290, data_time: 0.078, memory: 6056, loss_rpn_cls: 0.0800, loss_rpn_bbox: 0.0522, loss_cls: 0.1417, acc: 95.6085, loss_bbox: 0.1323, loss: 0.4062
2020-11-09 13:42:50,712 - mmdet - INFO - Epoch [1][320/348]	lr: 1.277e-02, eta: 6:35:17, time: 1.319, data_time: 0.103, memory: 6056, loss_rpn_cls: 0.0978, loss_rpn_bbox: 0.0521, loss_cls: 0.1392, acc: 95.5750, loss_bbox: 0.1382, loss: 0.4273
2020-11-09 13:42:53,759 - mmdet - INFO - Epoch [1][322/348]	lr: 1.285e-02, eta: 6:35:28, time: 1.524, data_time: 0.274, memory: 6056, loss_rpn_cls: 0.0932, loss_rpn_bbox: 0.0595, loss_cls: 0.1452, acc: 95.4498, loss_bbox: 0.1394, loss: 0.4373
2020-11-09 13:42:56,314 - mmdet - INFO - Epoch [1][324/348]	lr: 1.293e-02, eta: 6:35:14, time: 1.278, data_time: 0.065, memory: 6056, loss_rpn_cls: 0.0915, loss_rpn_bbox: 0.0580, loss_cls: 0.1369, acc: 95.7123, loss_bbox: 0.1323, loss: 0.4187
2020-11-09 13:42:58,855 - mmdet - INFO - Epoch [1][326/348]	lr: 1.301e-02, eta: 6:34:58, time: 1.270, data_time: 0.072, memory: 6056, loss_rpn_cls: 0.1108, loss_rpn_bbox: 0.0722, loss_cls: 0.1593, acc: 95.0378, loss_bbox: 0.1573, loss: 0.4995
2020-11-09 13:43:01,479 - mmdet - INFO - Epoch [1][328/348]	lr: 1.309e-02, eta: 6:34:48, time: 1.312, data_time: 0.091, memory: 6056, loss_rpn_cls: 0.0785, loss_rpn_bbox: 0.0441, loss_cls: 0.1395, acc: 95.7672, loss_bbox: 0.1289, loss: 0.3909
2020-11-09 13:43:04,046 - mmdet - INFO - Epoch [1][330/348]	lr: 1.317e-02, eta: 6:34:34, time: 1.283, data_time: 0.079, memory: 6056, loss_rpn_cls: 0.0819, loss_rpn_bbox: 0.0457, loss_cls: 0.1566, acc: 95.0012, loss_bbox: 0.1198, loss: 0.4040
2020-11-09 13:43:06,726 - mmdet - INFO - Epoch [1][332/348]	lr: 1.325e-02, eta: 6:34:27, time: 1.340, data_time: 0.164, memory: 6056, loss_rpn_cls: 0.0798, loss_rpn_bbox: 0.0505, loss_cls: 0.1414, acc: 95.6512, loss_bbox: 0.1393, loss: 0.4109
2020-11-09 13:43:09,260 - mmdet - INFO - Epoch [1][334/348]	lr: 1.333e-02, eta: 6:34:12, time: 1.267, data_time: 0.078, memory: 6056, loss_rpn_cls: 0.0754, loss_rpn_bbox: 0.0394, loss_cls: 0.1277, acc: 96.0693, loss_bbox: 0.1163, loss: 0.3588
2020-11-09 13:43:11,842 - mmdet - INFO - Epoch [1][336/348]	lr: 1.341e-02, eta: 6:33:59, time: 1.291, data_time: 0.079, memory: 6056, loss_rpn_cls: 0.0822, loss_rpn_bbox: 0.0479, loss_cls: 0.1344, acc: 96.0419, loss_bbox: 0.1248, loss: 0.3892
2020-11-09 13:43:14,448 - mmdet - INFO - Epoch [1][338/348]	lr: 1.349e-02, eta: 6:33:48, time: 1.303, data_time: 0.065, memory: 6056, loss_rpn_cls: 0.0978, loss_rpn_bbox: 0.0561, loss_cls: 0.1478, acc: 95.2820, loss_bbox: 0.1583, loss: 0.4601
2020-11-09 13:43:17,029 - mmdet - INFO - Epoch [1][340/348]	lr: 1.357e-02, eta: 6:33:36, time: 1.290, data_time: 0.064, memory: 6056, loss_rpn_cls: 0.0771, loss_rpn_bbox: 0.0561, loss_cls: 0.1231, acc: 95.9503, loss_bbox: 0.1196, loss: 0.3759
2020-11-09 13:43:19,714 - mmdet - INFO - Epoch [1][342/348]	lr: 1.365e-02, eta: 6:33:29, time: 1.343, data_time: 0.065, memory: 6056, loss_rpn_cls: 0.0822, loss_rpn_bbox: 0.0504, loss_cls: 0.1385, acc: 95.6085, loss_bbox: 0.1416, loss: 0.4127
2020-11-09 13:43:22,304 - mmdet - INFO - Epoch [1][344/348]	lr: 1.373e-02, eta: 6:33:17, time: 1.295, data_time: 0.080, memory: 6056, loss_rpn_cls: 0.1081, loss_rpn_bbox: 0.0683, loss_cls: 0.1629, acc: 94.9219, loss_bbox: 0.1497, loss: 0.4889
2020-11-09 13:43:24,881 - mmdet - INFO - Epoch [1][346/348]	lr: 1.381e-02, eta: 6:33:05, time: 1.289, data_time: 0.064, memory: 6056, loss_rpn_cls: 0.1042, loss_rpn_bbox: 0.0730, loss_cls: 0.1494, acc: 95.3735, loss_bbox: 0.1413, loss: 0.4679
2020-11-09 13:43:27,464 - mmdet - INFO - Epoch [1][348/348]	lr: 1.389e-02, eta: 6:32:53, time: 1.291, data_time: 0.064, memory: 6056, loss_rpn_cls: 0.0986, loss_rpn_bbox: 0.0514, loss_cls: 0.1470, acc: 95.2698, loss_bbox: 0.1349, loss: 0.4320
2020-11-09 13:44:24,366 - mmdet - INFO - Evaluating bbox...
2020-11-09 13:45:06,613 - mmdet - INFO - Epoch [1][348/348]	lr: 1.389e-02, bbox_mAP: 0.3820, bbox_mAP_50: 0.4530, bbox_mAP_75: 0.4130, bbox_mAP_s: 0.0080, bbox_mAP_m: 0.1980, bbox_mAP_l: 0.4500, bbox_mAP_copypaste: 0.382 0.453 0.413 0.008 0.198 0.450
2020-11-09 13:45:13,691 - mmdet - INFO - Epoch [2][2/348]	lr: 1.397e-02, eta: 6:36:14, time: 3.469, data_time: 2.115, memory: 6056, loss_rpn_cls: 0.0747, loss_rpn_bbox: 0.0639, loss_cls: 0.1273, acc: 95.8313, loss_bbox: 0.1325, loss: 0.3985
2020-11-09 13:45:16,594 - mmdet - INFO - Epoch [2][4/348]	lr: 1.405e-02, eta: 6:36:17, time: 1.451, data_time: 0.281, memory: 6056, loss_rpn_cls: 0.0457, loss_rpn_bbox: 0.0348, loss_cls: 0.1032, acc: 96.8140, loss_bbox: 0.1026, loss: 0.2863
2020-11-09 13:45:19,127 - mmdet - INFO - Epoch [2][6/348]	lr: 1.413e-02, eta: 6:36:02, time: 1.267, data_time: 0.064, memory: 6056, loss_rpn_cls: 0.0900, loss_rpn_bbox: 0.0590, loss_cls: 0.1369, acc: 95.6329, loss_bbox: 0.1398, loss: 0.4256
2020-11-09 13:45:21,683 - mmdet - INFO - Epoch [2][8/348]	lr: 1.421e-02, eta: 6:35:48, time: 1.278, data_time: 0.066, memory: 6056, loss_rpn_cls: 0.0915, loss_rpn_bbox: 0.0586, loss_cls: 0.1385, acc: 95.8069, loss_bbox: 0.1296, loss: 0.4183
2020-11-09 13:45:24,297 - mmdet - INFO - Epoch [2][10/348]	lr: 1.429e-02, eta: 6:35:37, time: 1.307, data_time: 0.093, memory: 6056, loss_rpn_cls: 0.0806, loss_rpn_bbox: 0.0531, loss_cls: 0.1310, acc: 96.1670, loss_bbox: 0.1194, loss: 0.3841
2020-11-09 13:45:26,950 - mmdet - INFO - Epoch [2][12/348]	lr: 1.437e-02, eta: 6:35:28, time: 1.327, data_time: 0.080, memory: 6056, loss_rpn_cls: 0.0960, loss_rpn_bbox: 0.0652, loss_cls: 0.1118, acc: 96.5790, loss_bbox: 0.1128, loss: 0.3858
2020-11-09 13:45:29,570 - mmdet - INFO - Epoch [2][14/348]	lr: 1.445e-02, eta: 6:35:17, time: 1.310, data_time: 0.064, memory: 6056, loss_rpn_cls: 0.0964, loss_rpn_bbox: 0.0463, loss_cls: 0.1495, acc: 95.4041, loss_bbox: 0.1265, loss: 0.4187
2020-11-09 13:45:32,232 - mmdet - INFO - Epoch [2][16/348]	lr: 1.453e-02, eta: 6:35:09, time: 1.331, data_time: 0.064, memory: 6056, loss_rpn_cls: 0.0859, loss_rpn_bbox: 0.0649, loss_cls: 0.1632, acc: 95.1294, loss_bbox: 0.1530, loss: 0.4669
2020-11-09 13:45:34,852 - mmdet - INFO - Epoch [2][18/348]	lr: 1.461e-02, eta: 6:34:58, time: 1.310, data_time: 0.065, memory: 6056, loss_rpn_cls: 0.0945, loss_rpn_bbox: 0.0640, loss_cls: 0.1655, acc: 95.2423, loss_bbox: 0.1595, loss: 0.4835
2020-11-09 13:45:37,466 - mmdet - INFO - Epoch [2][20/348]	lr: 1.469e-02, eta: 6:34:48, time: 1.307, data_time: 0.065, memory: 6056, loss_rpn_cls: 0.1025, loss_rpn_bbox: 0.0666, loss_cls: 0.1574, acc: 95.1141, loss_bbox: 0.1487, loss: 0.4752
2020-11-09 13:45:40,113 - mmdet - INFO - Epoch [2][22/348]	lr: 1.477e-02, eta: 6:34:39, time: 1.324, data_time: 0.080, memory: 6056, loss_rpn_cls: 0.0895, loss_rpn_bbox: 0.0621, loss_cls: 0.1483, acc: 95.1599, loss_bbox: 0.1511, loss: 0.4511
2020-11-09 13:45:42,706 - mmdet - INFO - Epoch [2][24/348]	lr: 1.485e-02, eta: 6:34:27, time: 1.297, data_time: 0.064, memory: 6056, loss_rpn_cls: 0.1019, loss_rpn_bbox: 0.0661, loss_cls: 0.1512, acc: 95.5322, loss_bbox: 0.1323, loss: 0.4515
2020-11-09 13:45:45,228 - mmdet - INFO - Epoch [2][26/348]	lr: 1.493e-02, eta: 6:34:13, time: 1.261, data_time: 0.065, memory: 6056, loss_rpn_cls: 0.0838, loss_rpn_bbox: 0.0689, loss_cls: 0.1381, acc: 95.7733, loss_bbox: 0.1312, loss: 0.4220
2020-11-09 13:45:47,838 - mmdet - INFO - Epoch [2][28/348]	lr: 1.500e-02, eta: 6:34:02, time: 1.305, data_time: 0.065, memory: 6056, loss_rpn_cls: 0.0812, loss_rpn_bbox: 0.0505, loss_cls: 0.1373, acc: 95.7397, loss_bbox: 0.1411, loss: 0.4102
2020-11-09 13:45:50,425 - mmdet - INFO - Epoch [2][30/348]	lr: 1.508e-02, eta: 6:33:51, time: 1.293, data_time: 0.077, memory: 6056, loss_rpn_cls: 0.0914, loss_rpn_bbox: 0.0703, loss_cls: 0.1592, acc: 94.8700, loss_bbox: 0.1513, loss: 0.4721
2020-11-09 13:45:53,013 - mmdet - INFO - Epoch [2][32/348]	lr: 1.516e-02, eta: 6:33:40, time: 1.294, data_time: 0.064, memory: 6056, loss_rpn_cls: 0.0793, loss_rpn_bbox: 0.0687, loss_cls: 0.1656, acc: 94.9615, loss_bbox: 0.1538, loss: 0.4673
2020-11-09 13:45:55,816 - mmdet - INFO - Epoch [2][34/348]	lr: 1.524e-02, eta: 6:33:38, time: 1.402, data_time: 0.239, memory: 6056, loss_rpn_cls: 0.0629, loss_rpn_bbox: 0.0447, loss_cls: 0.1221, acc: 96.0571, loss_bbox: 0.1320, loss: 0.3617
2020-11-09 13:45:58,669 - mmdet - INFO - Epoch [2][36/348]	lr: 1.532e-02, eta: 6:33:39, time: 1.426, data_time: 0.267, memory: 6056, loss_rpn_cls: 0.0872, loss_rpn_bbox: 0.0593, loss_cls: 0.1298, acc: 95.8984, loss_bbox: 0.1401, loss: 0.4164
2020-11-09 13:46:01,292 - mmdet - INFO - Epoch [2][38/348]	lr: 1.540e-02, eta: 6:33:29, time: 1.312, data_time: 0.065, memory: 6056, loss_rpn_cls: 0.0858, loss_rpn_bbox: 0.0594, loss_cls: 0.1426, acc: 95.5170, loss_bbox: 0.1348, loss: 0.4227
2020-11-09 13:46:03,904 - mmdet - INFO - Epoch [2][40/348]	lr: 1.548e-02, eta: 6:33:19, time: 1.306, data_time: 0.064, memory: 6056, loss_rpn_cls: 0.0956, loss_rpn_bbox: 0.0629, loss_cls: 0.1490, acc: 95.0653, loss_bbox: 0.1494, loss: 0.4569
2020-11-09 13:46:06,511 - mmdet - INFO - Epoch [2][42/348]	lr: 1.556e-02, eta: 6:33:09, time: 1.303, data_time: 0.093, memory: 6056, loss_rpn_cls: 0.0912, loss_rpn_bbox: 0.0576, loss_cls: 0.1426, acc: 95.5475, loss_bbox: 0.1364, loss: 0.4277
2020-11-09 13:46:09,058 - mmdet - INFO - Epoch [2][44/348]	lr: 1.564e-02, eta: 6:32:57, time: 1.273, data_time: 0.081, memory: 6056, loss_rpn_cls: 0.0851, loss_rpn_bbox: 0.0654, loss_cls: 0.1444, acc: 95.4193, loss_bbox: 0.1422, loss: 0.4371
2020-11-09 13:46:11,666 - mmdet - INFO - Epoch [2][46/348]	lr: 1.572e-02, eta: 6:32:47, time: 1.304, data_time: 0.065, memory: 6056, loss_rpn_cls: 0.0742, loss_rpn_bbox: 0.0581, loss_cls: 0.1676, acc: 94.7662, loss_bbox: 0.1555, loss: 0.4554
2020-11-09 13:46:14,265 - mmdet - INFO - Epoch [2][48/348]	lr: 1.580e-02, eta: 6:32:37, time: 1.300, data_time: 0.064, memory: 6056, loss_rpn_cls: 0.0810, loss_rpn_bbox: 0.0624, loss_cls: 0.1409, acc: 95.9930, loss_bbox: 0.1271, loss: 0.4114
2020-11-09 13:46:16,999 - mmdet - INFO - Epoch [2][50/348]	lr: 1.588e-02, eta: 6:32:32, time: 1.367, data_time: 0.089, memory: 6056, loss_rpn_cls: 0.0732, loss_rpn_bbox: 0.0476, loss_cls: 0.1461, acc: 95.2606, loss_bbox: 0.1540, loss: 0.4210
2020-11-09 13:46:19,532 - mmdet - INFO - Epoch [2][52/348]	lr: 1.596e-02, eta: 6:32:19, time: 1.266, data_time: 0.064, memory: 6056, loss_rpn_cls: 0.0925, loss_rpn_bbox: 0.0428, loss_cls: 0.1477, acc: 95.6116, loss_bbox: 0.1338, loss: 0.4167
2020-11-09 13:46:22,123 - mmdet - INFO - Epoch [2][54/348]	lr: 1.604e-02, eta: 6:32:09, time: 1.295, data_time: 0.078, memory: 6056, loss_rpn_cls: 0.0976, loss_rpn_bbox: 0.0638, loss_cls: 0.1509, acc: 95.2881, loss_bbox: 0.1368, loss: 0.4491
2020-11-09 13:46:24,685 - mmdet - INFO - Epoch [2][56/348]	lr: 1.612e-02, eta: 6:31:58, time: 1.281, data_time: 0.064, memory: 6056, loss_rpn_cls: 0.0771, loss_rpn_bbox: 0.0513, loss_cls: 0.1393, acc: 95.4346, loss_bbox: 0.1382, loss: 0.4059
2020-11-09 13:46:27,237 - mmdet - INFO - Epoch [2][58/348]	lr: 1.620e-02, eta: 6:31:46, time: 1.275, data_time: 0.064, memory: 6056, loss_rpn_cls: 0.0867, loss_rpn_bbox: 0.0588, loss_cls: 0.1402, acc: 95.2942, loss_bbox: 0.1439, loss: 0.4295
2020-11-09 13:46:29,757 - mmdet - INFO - Epoch [2][60/348]	lr: 1.628e-02, eta: 6:31:33, time: 1.260, data_time: 0.064, memory: 6056, loss_rpn_cls: 0.0784, loss_rpn_bbox: 0.0568, loss_cls: 0.1267, acc: 96.1060, loss_bbox: 0.1301, loss: 0.3920
2020-11-09 13:46:32,362 - mmdet - INFO - Epoch [2][62/348]	lr: 1.636e-02, eta: 6:31:23, time: 1.302, data_time: 0.065, memory: 6056, loss_rpn_cls: 0.0845, loss_rpn_bbox: 0.0540, loss_cls: 0.1495, acc: 94.9768, loss_bbox: 0.1505, loss: 0.4385
2020-11-09 13:46:34,901 - mmdet - INFO - Epoch [2][64/348]	lr: 1.644e-02, eta: 6:31:11, time: 1.270, data_time: 0.064, memory: 6056, loss_rpn_cls: 0.0879, loss_rpn_bbox: 0.0567, loss_cls: 0.1442, acc: 95.1782, loss_bbox: 0.1538, loss: 0.4426
