2020-11-18 16:47:25,356 - mmdet - INFO - Environment info:
------------------------------------------------------------
sys.platform: linux
Python: 3.6.4 |Anaconda, Inc.| (default, Jan 16 2018, 18:10:19) [GCC 7.2.0]
CUDA available: True
CUDA_HOME: /usr/local/cuda
NVCC: Cuda compilation tools, release 10.0, V10.0.130
GPU 0: Tesla P100-PCIE-16GB
GCC: gcc (GCC) 5.3.0
PyTorch: 1.3.1+cu100
PyTorch compiling details: PyTorch built with:
  - GCC 7.3
  - Intel(R) Math Kernel Library Version 2019.0.4 Product Build 20190411 for Intel(R) 64 architecture applications
  - Intel(R) MKL-DNN v0.20.5 (Git Hash 0125f28c61c1f822fd48570b4c1066f96fcb9b2e)
  - OpenMP 201511 (a.k.a. OpenMP 4.5)
  - NNPACK is enabled
  - CUDA Runtime 10.0
  - NVCC architecture flags: -gencode;arch=compute_37,code=sm_37;-gencode;arch=compute_50,code=sm_50;-gencode;arch=compute_60,code=sm_60;-gencode;arch=compute_61,code=sm_61;-gencode;arch=compute_70,code=sm_70;-gencode;arch=compute_75,code=sm_75;-gencode;arch=compute_37,code=compute_37
  - CuDNN 7.6.3
  - Magma 2.5.1
  - Build settings: BLAS=MKL, BUILD_NAMEDTENSOR=OFF, BUILD_TYPE=Release, CXX_FLAGS= -Wno-deprecated -fvisibility-inlines-hidden -fopenmp -DUSE_FBGEMM -DUSE_QNNPACK -DUSE_PYTORCH_QNNPACK -O2 -fPIC -Wno-narrowing -Wall -Wextra -Wno-missing-field-initializers -Wno-type-limits -Wno-array-bounds -Wno-unknown-pragmas -Wno-sign-compare -Wno-unused-parameter -Wno-unused-variable -Wno-unused-function -Wno-unused-result -Wno-strict-overflow -Wno-strict-aliasing -Wno-error=deprecated-declarations -Wno-stringop-overflow -Wno-error=pedantic -Wno-error=redundant-decls -Wno-error=old-style-cast -fdiagnostics-color=always -faligned-new -Wno-unused-but-set-variable -Wno-maybe-uninitialized -fno-math-errno -fno-trapping-math -Wno-stringop-overflow, DISABLE_NUMA=1, PERF_WITH_AVX=1, PERF_WITH_AVX2=1, PERF_WITH_AVX512=1, USE_CUDA=True, USE_EXCEPTION_PTR=1, USE_GFLAGS=OFF, USE_GLOG=OFF, USE_MKL=ON, USE_MKLDNN=ON, USE_MPI=OFF, USE_NCCL=ON, USE_NNPACK=ON, USE_OPENMP=ON, USE_STATIC_DISPATCH=OFF, 

TorchVision: 0.4.2+cu100
OpenCV: 4.4.0
MMCV: 1.0.5
MMDetection: 2.3.0+788fa8d
MMDetection Compiler: GCC 7.3
MMDetection CUDA Compiler: 10.0
------------------------------------------------------------

2020-11-18 16:47:25,356 - mmdet - INFO - Distributed training: False
2020-11-18 16:47:25,743 - mmdet - INFO - Config:
model = dict(
    type='FasterRCNN',
    pretrained='torchvision://resnet50',
    backbone=dict(
        type='ResNet',
        depth=50,
        num_stages=4,
        out_indices=(0, 1, 2, 3),
        frozen_stages=1,
        norm_cfg=dict(type='BN', requires_grad=True),
        norm_eval=True,
        style='pytorch'),
    neck=dict(
        type='FPN',
        in_channels=[256, 512, 1024, 2048],
        out_channels=256,
        num_outs=5),
    rpn_head=dict(
        type='RPNHead',
        in_channels=256,
        feat_channels=256,
        anchor_generator=dict(
            type='AnchorGenerator',
            scales=[8],
            ratios=[0.5, 1.0, 2.0],
            strides=[4, 8, 16, 32, 64]),
        bbox_coder=dict(
            type='DeltaXYWHBBoxCoder',
            target_means=[0.0, 0.0, 0.0, 0.0],
            target_stds=[1.0, 1.0, 1.0, 1.0]),
        loss_cls=dict(
            type='CrossEntropyLoss', use_sigmoid=True, loss_weight=1.0),
        loss_bbox=dict(type='L1Loss', loss_weight=1.0)),
    roi_head=dict(
        type='StandardRoIHead',
        bbox_roi_extractor=dict(
            type='SingleRoIExtractor',
            roi_layer=dict(type='RoIAlign', output_size=7, sampling_ratio=0),
            out_channels=256,
            featmap_strides=[4, 8, 16, 32]),
        bbox_head=dict(
            type='Shared2FCBBoxHead',
            in_channels=256,
            fc_out_channels=1024,
            roi_feat_size=7,
            num_classes=2,
            bbox_coder=dict(
                type='DeltaXYWHBBoxCoder',
                target_means=[0.0, 0.0, 0.0, 0.0],
                target_stds=[0.1, 0.1, 0.2, 0.2]),
            reg_class_agnostic=False,
            loss_cls=dict(
                type='CrossEntropyLoss', use_sigmoid=False, loss_weight=1.0),
            loss_bbox=dict(type='L1Loss', loss_weight=1.0))))
train_cfg = dict(
    rpn=dict(
        assigner=dict(
            type='MaxIoUAssigner',
            pos_iou_thr=0.7,
            neg_iou_thr=0.3,
            min_pos_iou=0.3,
            match_low_quality=True,
            ignore_iof_thr=-1),
        sampler=dict(
            type='RandomSampler',
            num=256,
            pos_fraction=0.5,
            neg_pos_ub=-1,
            add_gt_as_proposals=False),
        allowed_border=-1,
        pos_weight=-1,
        debug=False),
    rpn_proposal=dict(
        nms_across_levels=False,
        nms_pre=2000,
        nms_post=1000,
        max_num=1000,
        nms_thr=0.7,
        min_bbox_size=0),
    rcnn=dict(
        assigner=dict(
            type='MaxIoUAssigner',
            pos_iou_thr=0.5,
            neg_iou_thr=0.5,
            min_pos_iou=0.5,
            match_low_quality=False,
            ignore_iof_thr=-1),
        sampler=dict(
            type='RandomSampler',
            num=512,
            pos_fraction=0.25,
            neg_pos_ub=-1,
            add_gt_as_proposals=True),
        pos_weight=-1,
        debug=False))
test_cfg = dict(
    rpn=dict(
        nms_across_levels=False,
        nms_pre=1000,
        nms_post=1000,
        max_num=1000,
        nms_thr=0.7,
        min_bbox_size=0),
    rcnn=dict(
        score_thr=0.05,
        nms=dict(type='nms', iou_threshold=0.5),
        max_per_img=100))
dataset_type = 'CocoDataset'
data_root = 'data/coco/'
img_norm_cfg = dict(
    mean=[123.675, 116.28, 103.53], std=[58.395, 57.12, 57.375], to_rgb=True)
train_pipeline = [
    dict(type='LoadImageFromFile'),
    dict(type='LoadAnnotations', with_bbox=True),
    dict(type='Resize', img_scale=(1550, 1550), keep_ratio=True),
    dict(type='RandomFlip', flip_ratio=0.5),
    dict(
        type='Normalize',
        mean=[123.675, 116.28, 103.53],
        std=[58.395, 57.12, 57.375],
        to_rgb=True),
    dict(type='Pad', size_divisor=32),
    dict(type='DefaultFormatBundle'),
    dict(type='Collect', keys=['img', 'gt_bboxes', 'gt_labels'])
]
test_pipeline = [
    dict(type='LoadImageFromFile'),
    dict(
        type='MultiScaleFlipAug',
        img_scale=(1550, 1550),
        flip=False,
        transforms=[
            dict(type='Resize', keep_ratio=True),
            dict(type='RandomFlip'),
            dict(
                type='Normalize',
                mean=[123.675, 116.28, 103.53],
                std=[58.395, 57.12, 57.375],
                to_rgb=True),
            dict(type='Pad', size_divisor=32),
            dict(type='ImageToTensor', keys=['img']),
            dict(type='Collect', keys=['img'])
        ])
]
data = dict(
    samples_per_gpu=2,
    workers_per_gpu=2,
    train=dict(
        type='CocoDataset',
        ann_file='data/coco/annotations/annotations_trai.json',
        img_prefix='data/coco/img/',
        pipeline=[
            dict(type='LoadImageFromFile'),
            dict(type='LoadAnnotations', with_bbox=True),
            dict(type='Resize', img_scale=(1550, 1550), keep_ratio=True),
            dict(type='RandomFlip', flip_ratio=0.5),
            dict(
                type='Normalize',
                mean=[123.675, 116.28, 103.53],
                std=[58.395, 57.12, 57.375],
                to_rgb=True),
            dict(type='Pad', size_divisor=32),
            dict(type='DefaultFormatBundle'),
            dict(type='Collect', keys=['img', 'gt_bboxes', 'gt_labels'])
        ]),
    val=dict(
        type='CocoDataset',
        ann_file='data/coco/annotations/annotations_test.json',
        img_prefix='data/coco/img/',
        pipeline=[
            dict(type='LoadImageFromFile'),
            dict(
                type='MultiScaleFlipAug',
                img_scale=(1550, 1550),
                flip=False,
                transforms=[
                    dict(type='Resize', keep_ratio=True),
                    dict(type='RandomFlip'),
                    dict(
                        type='Normalize',
                        mean=[123.675, 116.28, 103.53],
                        std=[58.395, 57.12, 57.375],
                        to_rgb=True),
                    dict(type='Pad', size_divisor=32),
                    dict(type='ImageToTensor', keys=['img']),
                    dict(type='Collect', keys=['img'])
                ])
        ]),
    test=dict(
        type='CocoDataset',
        ann_file='data/coco/annotations/annotations_vals.json',
        img_prefix='data/coco/img/',
        pipeline=[
            dict(type='LoadImageFromFile'),
            dict(
                type='MultiScaleFlipAug',
                img_scale=(1550, 1550),
                flip=False,
                transforms=[
                    dict(type='Resize', keep_ratio=True),
                    dict(type='RandomFlip'),
                    dict(
                        type='Normalize',
                        mean=[123.675, 116.28, 103.53],
                        std=[58.395, 57.12, 57.375],
                        to_rgb=True),
                    dict(type='Pad', size_divisor=32),
                    dict(type='ImageToTensor', keys=['img']),
                    dict(type='Collect', keys=['img'])
                ])
        ]))
evaluation = dict(interval=1, metric='bbox')
optimizer = dict(type='SGD', lr=0.01, momentum=0.9, weight_decay=0.0001)
optimizer_config = dict(grad_clip=None)
lr_config = dict(
    policy='step',
    warmup='linear',
    warmup_iters=500,
    warmup_ratio=0.001,
    step=[8, 11])
total_epochs = 4
checkpoint_config = dict(interval=4)
log_config = dict(interval=100, hooks=[dict(type='TextLoggerHook')])
dist_params = dict(backend='nccl')
log_level = 'INFO'
load_from = '/home/admin/.cache/torch/checkpoints/X.pth'
resume_from = None
workflow = [('train', 2), ('val', 1)]
work_dir = '/home/admin/jupyter/SecurityAI_Round5/data/work'
gpu_ids = range(0, 1)

2020-11-18 16:47:26,247 - mmdet - INFO - load model from: torchvision://resnet50
2020-11-18 16:47:34,115 - mmdet - WARNING - The model and loaded state dict do not match exactly

unexpected key in source state_dict: fc.weight, fc.bias

2020-11-18 16:47:44,524 - mmdet - INFO - load checkpoint from /home/admin/.cache/torch/checkpoints/X.pth
2020-11-18 16:47:51,261 - mmdet - INFO - Start running, host: admin@fuxilabor_labor0_S4_Odps_S95_dsw_prepaid_cnsh_838_2020111802041, work_dir: /home/admin/jupyter/SecurityAI_Round5/data/work
2020-11-18 16:47:51,261 - mmdet - INFO - workflow: [('train', 2), ('val', 1)], max: 4 epochs
2020-11-18 16:49:08,485 - mmdet - INFO - Epoch [1][100/635]	lr: 1.988e-03, eta: 0:31:19, time: 0.770, data_time: 0.033, memory: 9801, loss_rpn_cls: 0.0038, loss_rpn_bbox: 0.0453, loss_cls: 0.0525, acc: 97.8330, loss_bbox: 0.1168, loss: 0.2183
2020-11-18 16:50:22,870 - mmdet - INFO - Epoch [1][200/635]	lr: 3.986e-03, eta: 0:29:31, time: 0.744, data_time: 0.012, memory: 9801, loss_rpn_cls: 0.0040, loss_rpn_bbox: 0.0428, loss_cls: 0.0503, acc: 97.8711, loss_bbox: 0.1149, loss: 0.2120
2020-11-18 16:51:37,398 - mmdet - INFO - Epoch [1][300/635]	lr: 5.984e-03, eta: 0:28:06, time: 0.745, data_time: 0.012, memory: 9991, loss_rpn_cls: 0.0063, loss_rpn_bbox: 0.0432, loss_cls: 0.0533, acc: 97.7676, loss_bbox: 0.1084, loss: 0.2112
2020-11-18 16:52:51,819 - mmdet - INFO - Epoch [1][400/635]	lr: 7.982e-03, eta: 0:26:46, time: 0.744, data_time: 0.012, memory: 9991, loss_rpn_cls: 0.0054, loss_rpn_bbox: 0.0406, loss_cls: 0.0520, acc: 97.8223, loss_bbox: 0.1083, loss: 0.2064
2020-11-18 16:54:06,256 - mmdet - INFO - Epoch [1][500/635]	lr: 9.980e-03, eta: 0:25:29, time: 0.744, data_time: 0.012, memory: 9991, loss_rpn_cls: 0.0053, loss_rpn_bbox: 0.0474, loss_cls: 0.0494, acc: 98.0000, loss_bbox: 0.1117, loss: 0.2138
2020-11-18 16:55:21,037 - mmdet - INFO - Epoch [1][600/635]	lr: 1.000e-02, eta: 0:24:13, time: 0.748, data_time: 0.012, memory: 11884, loss_rpn_cls: 0.0053, loss_rpn_bbox: 0.0487, loss_cls: 0.0601, acc: 97.4385, loss_bbox: 0.1175, loss: 0.2317
2020-11-18 16:56:09,561 - mmdet - INFO - Evaluating bbox...
2020-11-18 16:56:11,599 - mmdet - INFO - Epoch [1][635/635]	lr: 1.000e-02, bbox_mAP: 0.7770, bbox_mAP_50: 0.8750, bbox_mAP_75: 0.8480, bbox_mAP_s: 0.5030, bbox_mAP_m: 0.8070, bbox_mAP_l: 0.8460, bbox_mAP_copypaste: 0.777 0.875 0.848 0.503 0.807 0.846
2020-11-18 16:57:28,348 - mmdet - INFO - Epoch [2][100/635]	lr: 1.000e-02, eta: 0:21:32, time: 0.766, data_time: 0.033, memory: 11884, loss_rpn_cls: 0.0041, loss_rpn_bbox: 0.0438, loss_cls: 0.0513, acc: 97.8369, loss_bbox: 0.1150, loss: 0.2143
2020-11-18 16:58:42,709 - mmdet - INFO - Epoch [2][200/635]	lr: 1.000e-02, eta: 0:20:26, time: 0.744, data_time: 0.012, memory: 11884, loss_rpn_cls: 0.0062, loss_rpn_bbox: 0.0520, loss_cls: 0.0551, acc: 97.7607, loss_bbox: 0.1173, loss: 0.2306
2020-11-18 16:59:57,069 - mmdet - INFO - Epoch [2][300/635]	lr: 1.000e-02, eta: 0:19:18, time: 0.744, data_time: 0.012, memory: 11884, loss_rpn_cls: 0.0083, loss_rpn_bbox: 0.0507, loss_cls: 0.0545, acc: 97.6777, loss_bbox: 0.1163, loss: 0.2298
2020-11-18 17:01:11,366 - mmdet - INFO - Epoch [2][400/635]	lr: 1.000e-02, eta: 0:18:09, time: 0.743, data_time: 0.012, memory: 11884, loss_rpn_cls: 0.0080, loss_rpn_bbox: 0.0491, loss_cls: 0.0594, acc: 97.6064, loss_bbox: 0.1169, loss: 0.2333
2020-11-18 17:02:26,258 - mmdet - INFO - Epoch [2][500/635]	lr: 1.000e-02, eta: 0:17:00, time: 0.749, data_time: 0.012, memory: 11910, loss_rpn_cls: 0.0070, loss_rpn_bbox: 0.0535, loss_cls: 0.0584, acc: 97.5664, loss_bbox: 0.1285, loss: 0.2474
2020-11-18 17:03:40,720 - mmdet - INFO - Epoch [2][600/635]	lr: 1.000e-02, eta: 0:15:49, time: 0.745, data_time: 0.012, memory: 11910, loss_rpn_cls: 0.0077, loss_rpn_bbox: 0.0507, loss_cls: 0.0576, acc: 97.6719, loss_bbox: 0.1222, loss: 0.2383
2020-11-18 17:04:29,163 - mmdet - INFO - Evaluating bbox...
2020-11-18 17:04:31,177 - mmdet - INFO - Epoch [2][635/635]	lr: 1.000e-02, bbox_mAP: 0.7710, bbox_mAP_50: 0.8700, bbox_mAP_75: 0.8440, bbox_mAP_s: 0.4910, bbox_mAP_m: 0.7850, bbox_mAP_l: 0.8390, bbox_mAP_copypaste: 0.771 0.870 0.844 0.491 0.785 0.839
2020-11-18 17:04:59,255 - mmdet - INFO - Epoch(train) [2][70]	loss_rpn_cls: 0.0125, loss_rpn_bbox: 0.0516, loss_cls: 0.0561, acc: 97.7260, loss_bbox: 0.1208, loss: 0.2411
2020-11-18 17:06:16,093 - mmdet - INFO - Epoch [3][100/635]	lr: 1.000e-02, eta: 0:13:52, time: 0.766, data_time: 0.033, memory: 11910, loss_rpn_cls: 0.0059, loss_rpn_bbox: 0.0495, loss_cls: 0.0589, acc: 97.6035, loss_bbox: 0.1227, loss: 0.2371
2020-11-18 17:07:30,697 - mmdet - INFO - Epoch [3][200/635]	lr: 1.000e-02, eta: 0:12:44, time: 0.746, data_time: 0.012, memory: 11910, loss_rpn_cls: 0.0054, loss_rpn_bbox: 0.0483, loss_cls: 0.0557, acc: 97.7197, loss_bbox: 0.1184, loss: 0.2278
2020-11-18 17:08:45,114 - mmdet - INFO - Epoch [3][300/635]	lr: 1.000e-02, eta: 0:11:34, time: 0.744, data_time: 0.012, memory: 11910, loss_rpn_cls: 0.0076, loss_rpn_bbox: 0.0521, loss_cls: 0.0634, acc: 97.3887, loss_bbox: 0.1186, loss: 0.2416
2020-11-18 17:09:59,540 - mmdet - INFO - Epoch [3][400/635]	lr: 1.000e-02, eta: 0:10:24, time: 0.744, data_time: 0.012, memory: 11910, loss_rpn_cls: 0.0062, loss_rpn_bbox: 0.0490, loss_cls: 0.0522, acc: 97.8359, loss_bbox: 0.1167, loss: 0.2241
2020-11-18 17:11:14,120 - mmdet - INFO - Epoch [3][500/635]	lr: 1.000e-02, eta: 0:09:13, time: 0.746, data_time: 0.012, memory: 11910, loss_rpn_cls: 0.0065, loss_rpn_bbox: 0.0459, loss_cls: 0.0549, acc: 97.7344, loss_bbox: 0.1171, loss: 0.2245
2020-11-18 17:12:28,689 - mmdet - INFO - Epoch [3][600/635]	lr: 1.000e-02, eta: 0:08:02, time: 0.746, data_time: 0.012, memory: 11910, loss_rpn_cls: 0.0064, loss_rpn_bbox: 0.0517, loss_cls: 0.0578, acc: 97.6162, loss_bbox: 0.1260, loss: 0.2418
2020-11-18 17:13:17,241 - mmdet - INFO - Evaluating bbox...
2020-11-18 17:13:19,055 - mmdet - INFO - Epoch [3][635/635]	lr: 1.000e-02, bbox_mAP: 0.7770, bbox_mAP_50: 0.8760, bbox_mAP_75: 0.8420, bbox_mAP_s: 0.4770, bbox_mAP_m: 0.8010, bbox_mAP_l: 0.8520, bbox_mAP_copypaste: 0.777 0.876 0.842 0.477 0.801 0.852
2020-11-18 17:14:36,055 - mmdet - INFO - Epoch [4][100/635]	lr: 1.000e-02, eta: 0:06:20, time: 0.768, data_time: 0.034, memory: 11910, loss_rpn_cls: 0.0051, loss_rpn_bbox: 0.0496, loss_cls: 0.0594, acc: 97.5029, loss_bbox: 0.1265, loss: 0.2405
2020-11-18 17:15:50,567 - mmdet - INFO - Epoch [4][200/635]	lr: 1.000e-02, eta: 0:05:09, time: 0.745, data_time: 0.012, memory: 11910, loss_rpn_cls: 0.0069, loss_rpn_bbox: 0.0521, loss_cls: 0.0520, acc: 97.8086, loss_bbox: 0.1199, loss: 0.2309
2020-11-18 17:17:05,144 - mmdet - INFO - Epoch [4][300/635]	lr: 1.000e-02, eta: 0:03:59, time: 0.746, data_time: 0.012, memory: 11910, loss_rpn_cls: 0.0066, loss_rpn_bbox: 0.0500, loss_cls: 0.0552, acc: 97.7715, loss_bbox: 0.1147, loss: 0.2265
2020-11-18 17:18:19,655 - mmdet - INFO - Epoch [4][400/635]	lr: 1.000e-02, eta: 0:02:48, time: 0.745, data_time: 0.012, memory: 11910, loss_rpn_cls: 0.0070, loss_rpn_bbox: 0.0512, loss_cls: 0.0587, acc: 97.5820, loss_bbox: 0.1215, loss: 0.2383
2020-11-18 17:19:34,134 - mmdet - INFO - Epoch [4][500/635]	lr: 1.000e-02, eta: 0:01:36, time: 0.745, data_time: 0.012, memory: 11910, loss_rpn_cls: 0.0073, loss_rpn_bbox: 0.0487, loss_cls: 0.0574, acc: 97.6133, loss_bbox: 0.1171, loss: 0.2306
2020-11-18 17:20:48,724 - mmdet - INFO - Epoch [4][600/635]	lr: 1.000e-02, eta: 0:00:25, time: 0.746, data_time: 0.012, memory: 11910, loss_rpn_cls: 0.0048, loss_rpn_bbox: 0.0487, loss_cls: 0.0547, acc: 97.7354, loss_bbox: 0.1194, loss: 0.2276
2020-11-18 17:21:14,773 - mmdet - INFO - Saving checkpoint at 4 epochs
2020-11-18 17:21:39,132 - mmdet - INFO - Evaluating bbox...
2020-11-18 17:21:41,203 - mmdet - INFO - Epoch [4][635/635]	lr: 1.000e-02, bbox_mAP: 0.7780, bbox_mAP_50: 0.8750, bbox_mAP_75: 0.8430, bbox_mAP_s: 0.4870, bbox_mAP_m: 0.8000, bbox_mAP_l: 0.8480, bbox_mAP_copypaste: 0.778 0.875 0.843 0.487 0.800 0.848
2020-11-18 17:22:09,242 - mmdet - INFO - Epoch(train) [4][70]	loss_rpn_cls: 0.0083, loss_rpn_bbox: 0.0496, loss_cls: 0.0573, acc: 97.7037, loss_bbox: 0.1184, loss: 0.2336
