2020-11-20 08:40:18,324 - mmdet - INFO - Environment info:
------------------------------------------------------------
sys.platform: linux
Python: 3.6.4 |Anaconda, Inc.| (default, Jan 16 2018, 18:10:19) [GCC 7.2.0]
CUDA available: True
CUDA_HOME: /usr/local/cuda
NVCC: Cuda compilation tools, release 10.0, V10.0.130
GPU 0: Tesla P100-PCIE-16GB
GCC: gcc (GCC) 5.3.0
PyTorch: 1.3.1+cu100
PyTorch compiling details: PyTorch built with:
  - GCC 7.3
  - Intel(R) Math Kernel Library Version 2019.0.4 Product Build 20190411 for Intel(R) 64 architecture applications
  - Intel(R) MKL-DNN v0.20.5 (Git Hash 0125f28c61c1f822fd48570b4c1066f96fcb9b2e)
  - OpenMP 201511 (a.k.a. OpenMP 4.5)
  - NNPACK is enabled
  - CUDA Runtime 10.0
  - NVCC architecture flags: -gencode;arch=compute_37,code=sm_37;-gencode;arch=compute_50,code=sm_50;-gencode;arch=compute_60,code=sm_60;-gencode;arch=compute_61,code=sm_61;-gencode;arch=compute_70,code=sm_70;-gencode;arch=compute_75,code=sm_75;-gencode;arch=compute_37,code=compute_37
  - CuDNN 7.6.3
  - Magma 2.5.1
  - Build settings: BLAS=MKL, BUILD_NAMEDTENSOR=OFF, BUILD_TYPE=Release, CXX_FLAGS= -Wno-deprecated -fvisibility-inlines-hidden -fopenmp -DUSE_FBGEMM -DUSE_QNNPACK -DUSE_PYTORCH_QNNPACK -O2 -fPIC -Wno-narrowing -Wall -Wextra -Wno-missing-field-initializers -Wno-type-limits -Wno-array-bounds -Wno-unknown-pragmas -Wno-sign-compare -Wno-unused-parameter -Wno-unused-variable -Wno-unused-function -Wno-unused-result -Wno-strict-overflow -Wno-strict-aliasing -Wno-error=deprecated-declarations -Wno-stringop-overflow -Wno-error=pedantic -Wno-error=redundant-decls -Wno-error=old-style-cast -fdiagnostics-color=always -faligned-new -Wno-unused-but-set-variable -Wno-maybe-uninitialized -fno-math-errno -fno-trapping-math -Wno-stringop-overflow, DISABLE_NUMA=1, PERF_WITH_AVX=1, PERF_WITH_AVX2=1, PERF_WITH_AVX512=1, USE_CUDA=True, USE_EXCEPTION_PTR=1, USE_GFLAGS=OFF, USE_GLOG=OFF, USE_MKL=ON, USE_MKLDNN=ON, USE_MPI=OFF, USE_NCCL=ON, USE_NNPACK=ON, USE_OPENMP=ON, USE_STATIC_DISPATCH=OFF, 

TorchVision: 0.4.2+cu100
OpenCV: 4.4.0
MMCV: 1.0.5
MMDetection: 2.3.0+788fa8d
MMDetection Compiler: GCC 7.3
MMDetection CUDA Compiler: 10.0
------------------------------------------------------------

2020-11-20 08:40:18,324 - mmdet - INFO - Distributed training: False
2020-11-20 08:40:18,716 - mmdet - INFO - Config:
model = dict(
    type='FasterRCNN',
    pretrained='torchvision://resnet50',
    backbone=dict(
        type='ResNet',
        depth=50,
        num_stages=4,
        out_indices=(0, 1, 2, 3),
        frozen_stages=1,
        norm_cfg=dict(type='BN', requires_grad=True),
        norm_eval=True,
        style='pytorch'),
    neck=dict(
        type='FPN',
        in_channels=[256, 512, 1024, 2048],
        out_channels=256,
        num_outs=5),
    rpn_head=dict(
        type='RPNHead',
        in_channels=256,
        feat_channels=256,
        anchor_generator=dict(
            type='AnchorGenerator',
            scales=[8],
            ratios=[0.5, 1.0, 2.0],
            strides=[4, 8, 16, 32, 64]),
        bbox_coder=dict(
            type='DeltaXYWHBBoxCoder',
            target_means=[0.0, 0.0, 0.0, 0.0],
            target_stds=[1.0, 1.0, 1.0, 1.0]),
        loss_cls=dict(
            type='CrossEntropyLoss', use_sigmoid=True, loss_weight=1.0),
        loss_bbox=dict(type='L1Loss', loss_weight=1.0)),
    roi_head=dict(
        type='StandardRoIHead',
        bbox_roi_extractor=dict(
            type='SingleRoIExtractor',
            roi_layer=dict(type='RoIAlign', output_size=7, sampling_ratio=0),
            out_channels=256,
            featmap_strides=[4, 8, 16, 32]),
        bbox_head=dict(
            type='Shared2FCBBoxHead',
            in_channels=256,
            fc_out_channels=1024,
            roi_feat_size=7,
            num_classes=2,
            bbox_coder=dict(
                type='DeltaXYWHBBoxCoder',
                target_means=[0.0, 0.0, 0.0, 0.0],
                target_stds=[0.1, 0.1, 0.2, 0.2]),
            reg_class_agnostic=False,
            loss_cls=dict(
                type='CrossEntropyLoss', use_sigmoid=False, loss_weight=1.0),
            loss_bbox=dict(type='L1Loss', loss_weight=1.0))))
train_cfg = dict(
    rpn=dict(
        assigner=dict(
            type='MaxIoUAssigner',
            pos_iou_thr=0.7,
            neg_iou_thr=0.3,
            min_pos_iou=0.3,
            match_low_quality=True,
            ignore_iof_thr=-1),
        sampler=dict(
            type='RandomSampler',
            num=256,
            pos_fraction=0.5,
            neg_pos_ub=-1,
            add_gt_as_proposals=False),
        allowed_border=-1,
        pos_weight=-1,
        debug=False),
    rpn_proposal=dict(
        nms_across_levels=False,
        nms_pre=2000,
        nms_post=1000,
        max_num=1000,
        nms_thr=0.7,
        min_bbox_size=0),
    rcnn=dict(
        assigner=dict(
            type='MaxIoUAssigner',
            pos_iou_thr=0.5,
            neg_iou_thr=0.5,
            min_pos_iou=0.5,
            match_low_quality=False,
            ignore_iof_thr=-1),
        sampler=dict(
            type='RandomSampler',
            num=512,
            pos_fraction=0.25,
            neg_pos_ub=-1,
            add_gt_as_proposals=True),
        pos_weight=-1,
        debug=False))
test_cfg = dict(
    rpn=dict(
        nms_across_levels=False,
        nms_pre=1000,
        nms_post=1000,
        max_num=1000,
        nms_thr=0.7,
        min_bbox_size=0),
    rcnn=dict(
        score_thr=0.05,
        nms=dict(type='nms', iou_threshold=0.5),
        max_per_img=100))
dataset_type = 'CocoDataset'
data_root = 'data/coco/'
img_norm_cfg = dict(
    mean=[123.675, 116.28, 103.53], std=[58.395, 57.12, 57.375], to_rgb=True)
train_pipeline = [
    dict(type='LoadImageFromFile'),
    dict(type='LoadAnnotations', with_bbox=True),
    dict(type='Resize', img_scale=(1550, 1550), keep_ratio=True),
    dict(type='RandomFlip', flip_ratio=0.5),
    dict(
        type='Normalize',
        mean=[123.675, 116.28, 103.53],
        std=[58.395, 57.12, 57.375],
        to_rgb=True),
    dict(type='Pad', size_divisor=32),
    dict(type='DefaultFormatBundle'),
    dict(type='Collect', keys=['img', 'gt_bboxes', 'gt_labels'])
]
test_pipeline = [
    dict(type='LoadImageFromFile'),
    dict(
        type='MultiScaleFlipAug',
        img_scale=(1550, 1550),
        flip=False,
        transforms=[
            dict(type='Resize', keep_ratio=True),
            dict(type='RandomFlip'),
            dict(
                type='Normalize',
                mean=[123.675, 116.28, 103.53],
                std=[58.395, 57.12, 57.375],
                to_rgb=True),
            dict(type='Pad', size_divisor=32),
            dict(type='ImageToTensor', keys=['img']),
            dict(type='Collect', keys=['img'])
        ])
]
data = dict(
    samples_per_gpu=2,
    workers_per_gpu=2,
    train=dict(
        type='CocoDataset',
        ann_file='data/coco/annotations/annotations_trai.json',
        img_prefix='data/coco/img/',
        pipeline=[
            dict(type='LoadImageFromFile'),
            dict(type='LoadAnnotations', with_bbox=True),
            dict(type='Resize', img_scale=(1550, 1550), keep_ratio=True),
            dict(type='RandomFlip', flip_ratio=0.5),
            dict(
                type='Normalize',
                mean=[123.675, 116.28, 103.53],
                std=[58.395, 57.12, 57.375],
                to_rgb=True),
            dict(type='Pad', size_divisor=32),
            dict(type='DefaultFormatBundle'),
            dict(type='Collect', keys=['img', 'gt_bboxes', 'gt_labels'])
        ]),
    val=dict(
        type='CocoDataset',
        ann_file='data/coco/annotations/annotations_test.json',
        img_prefix='data/coco/img/',
        pipeline=[
            dict(type='LoadImageFromFile'),
            dict(
                type='MultiScaleFlipAug',
                img_scale=(1550, 1550),
                flip=False,
                transforms=[
                    dict(type='Resize', keep_ratio=True),
                    dict(type='RandomFlip'),
                    dict(
                        type='Normalize',
                        mean=[123.675, 116.28, 103.53],
                        std=[58.395, 57.12, 57.375],
                        to_rgb=True),
                    dict(type='Pad', size_divisor=32),
                    dict(type='ImageToTensor', keys=['img']),
                    dict(type='Collect', keys=['img'])
                ])
        ]),
    test=dict(
        type='CocoDataset',
        ann_file='data/coco/annotations/annotations_vals.json',
        img_prefix='data/coco/img/',
        pipeline=[
            dict(type='LoadImageFromFile'),
            dict(
                type='MultiScaleFlipAug',
                img_scale=(1550, 1550),
                flip=False,
                transforms=[
                    dict(type='Resize', keep_ratio=True),
                    dict(type='RandomFlip'),
                    dict(
                        type='Normalize',
                        mean=[123.675, 116.28, 103.53],
                        std=[58.395, 57.12, 57.375],
                        to_rgb=True),
                    dict(type='Pad', size_divisor=32),
                    dict(type='ImageToTensor', keys=['img']),
                    dict(type='Collect', keys=['img'])
                ])
        ]))
evaluation = dict(interval=1, metric='bbox')
optimizer = dict(type='SGD', lr=0.01, momentum=0.9, weight_decay=0.0001)
optimizer_config = dict(grad_clip=None)
lr_config = dict(
    policy='step',
    warmup='linear',
    warmup_iters=500,
    warmup_ratio=0.001,
    step=[8, 11])
total_epochs = 4
checkpoint_config = dict(interval=4)
log_config = dict(interval=100, hooks=[dict(type='TextLoggerHook')])
dist_params = dict(backend='nccl')
log_level = 'INFO'
load_from = '/home/admin/.cache/torch/checkpoints/X.pth'
resume_from = None
workflow = [('train', 2), ('val', 1)]
work_dir = '/home/admin/jupyter/SecurityAI_Round5/data/work'
gpu_ids = range(0, 1)

2020-11-20 08:40:19,215 - mmdet - INFO - load model from: torchvision://resnet50
2020-11-20 08:40:27,040 - mmdet - WARNING - The model and loaded state dict do not match exactly

unexpected key in source state_dict: fc.weight, fc.bias

2020-11-20 08:40:37,307 - mmdet - INFO - load checkpoint from /home/admin/.cache/torch/checkpoints/X.pth
2020-11-20 08:40:43,900 - mmdet - INFO - Start running, host: admin@fuxilabor_labor0_S4_Odps_S96_dsw_prepaid_cnsh_838_2020112000281, work_dir: /home/admin/jupyter/SecurityAI_Round5/data/work
2020-11-20 08:40:43,900 - mmdet - INFO - workflow: [('train', 2), ('val', 1)], max: 4 epochs
2020-11-20 08:42:01,911 - mmdet - INFO - Epoch [1][100/630]	lr: 1.988e-03, eta: 0:31:23, time: 0.778, data_time: 0.033, memory: 11912, loss_rpn_cls: 0.0038, loss_rpn_bbox: 0.0331, loss_cls: 0.0422, acc: 98.2188, loss_bbox: 0.0899, loss: 0.1690
2020-11-20 08:43:16,948 - mmdet - INFO - Epoch [1][200/630]	lr: 3.986e-03, eta: 0:29:33, time: 0.750, data_time: 0.012, memory: 11912, loss_rpn_cls: 0.0029, loss_rpn_bbox: 0.0307, loss_cls: 0.0337, acc: 98.5781, loss_bbox: 0.0781, loss: 0.1455
2020-11-20 08:44:32,310 - mmdet - INFO - Epoch [1][300/630]	lr: 5.984e-03, eta: 0:28:08, time: 0.754, data_time: 0.012, memory: 11912, loss_rpn_cls: 0.0023, loss_rpn_bbox: 0.0306, loss_cls: 0.0381, acc: 98.4062, loss_bbox: 0.0821, loss: 0.1531
2020-11-20 08:45:47,396 - mmdet - INFO - Epoch [1][400/630]	lr: 7.982e-03, eta: 0:26:47, time: 0.751, data_time: 0.012, memory: 11912, loss_rpn_cls: 0.0042, loss_rpn_bbox: 0.0360, loss_cls: 0.0461, acc: 98.0605, loss_bbox: 0.0934, loss: 0.1798
2020-11-20 08:47:02,456 - mmdet - INFO - Epoch [1][500/630]	lr: 9.980e-03, eta: 0:25:28, time: 0.751, data_time: 0.012, memory: 11912, loss_rpn_cls: 0.0026, loss_rpn_bbox: 0.0378, loss_cls: 0.0369, acc: 98.4736, loss_bbox: 0.0883, loss: 0.1656
2020-11-20 08:48:17,403 - mmdet - INFO - Epoch [1][600/630]	lr: 1.000e-02, eta: 0:24:10, time: 0.749, data_time: 0.012, memory: 11912, loss_rpn_cls: 0.0028, loss_rpn_bbox: 0.0359, loss_cls: 0.0323, acc: 98.7373, loss_bbox: 0.0778, loss: 0.1489
2020-11-20 08:49:03,185 - mmdet - INFO - Evaluating bbox...
2020-11-20 08:49:04,427 - mmdet - INFO - Epoch [1][630/630]	lr: 1.000e-02, bbox_mAP: 0.8450, bbox_mAP_50: 0.9160, bbox_mAP_75: 0.9100, bbox_mAP_s: 0.6200, bbox_mAP_m: 0.8630, bbox_mAP_l: 0.9090, bbox_mAP_copypaste: 0.845 0.916 0.910 0.620 0.863 0.909
2020-11-20 08:50:21,909 - mmdet - INFO - Epoch [2][100/630]	lr: 1.000e-02, eta: 0:21:41, time: 0.773, data_time: 0.033, memory: 11912, loss_rpn_cls: 0.0052, loss_rpn_bbox: 0.0382, loss_cls: 0.0423, acc: 98.2041, loss_bbox: 0.0945, loss: 0.1801
2020-11-20 08:51:36,800 - mmdet - INFO - Epoch [2][200/630]	lr: 1.000e-02, eta: 0:20:32, time: 0.749, data_time: 0.012, memory: 11912, loss_rpn_cls: 0.0034, loss_rpn_bbox: 0.0334, loss_cls: 0.0365, acc: 98.5713, loss_bbox: 0.0855, loss: 0.1588
2020-11-20 08:52:52,026 - mmdet - INFO - Epoch [2][300/630]	lr: 1.000e-02, eta: 0:19:23, time: 0.752, data_time: 0.012, memory: 11912, loss_rpn_cls: 0.0048, loss_rpn_bbox: 0.0384, loss_cls: 0.0436, acc: 98.1855, loss_bbox: 0.0906, loss: 0.1774
2020-11-20 08:54:07,015 - mmdet - INFO - Epoch [2][400/630]	lr: 1.000e-02, eta: 0:18:13, time: 0.750, data_time: 0.012, memory: 11912, loss_rpn_cls: 0.0063, loss_rpn_bbox: 0.0370, loss_cls: 0.0385, acc: 98.4102, loss_bbox: 0.0873, loss: 0.1691
2020-11-20 08:55:21,451 - mmdet - INFO - Epoch [2][500/630]	lr: 1.000e-02, eta: 0:17:01, time: 0.744, data_time: 0.012, memory: 11912, loss_rpn_cls: 0.0156, loss_rpn_bbox: 0.0462, loss_cls: 0.0718, acc: 97.2510, loss_bbox: 0.1084, loss: 0.2419
2020-11-20 08:56:36,641 - mmdet - INFO - Epoch [2][600/630]	lr: 1.000e-02, eta: 0:15:49, time: 0.752, data_time: 0.012, memory: 11912, loss_rpn_cls: 0.0095, loss_rpn_bbox: 0.0476, loss_cls: 0.0612, acc: 97.5820, loss_bbox: 0.1085, loss: 0.2268
2020-11-20 08:57:22,262 - mmdet - INFO - Evaluating bbox...
2020-11-20 08:57:23,835 - mmdet - INFO - Epoch [2][630/630]	lr: 1.000e-02, bbox_mAP: 0.8240, bbox_mAP_50: 0.9060, bbox_mAP_75: 0.8930, bbox_mAP_s: 0.5830, bbox_mAP_m: 0.8430, bbox_mAP_l: 0.8860, bbox_mAP_copypaste: 0.824 0.906 0.893 0.583 0.843 0.886
2020-11-20 08:57:53,184 - mmdet - INFO - Epoch(train) [2][73]	loss_rpn_cls: 0.0077, loss_rpn_bbox: 0.0419, loss_cls: 0.0419, acc: 98.3653, loss_bbox: 0.0928, loss: 0.1842
2020-11-20 08:59:10,354 - mmdet - INFO - Epoch [3][100/630]	lr: 1.000e-02, eta: 0:13:57, time: 0.770, data_time: 0.033, memory: 11912, loss_rpn_cls: 0.0087, loss_rpn_bbox: 0.0423, loss_cls: 0.0472, acc: 98.0996, loss_bbox: 0.0982, loss: 0.1965
2020-11-20 09:00:25,227 - mmdet - INFO - Epoch [3][200/630]	lr: 1.000e-02, eta: 0:12:47, time: 0.749, data_time: 0.012, memory: 11912, loss_rpn_cls: 0.0362, loss_rpn_bbox: 0.0505, loss_cls: 0.0755, acc: 97.4209, loss_bbox: 0.1031, loss: 0.2652
2020-11-20 09:01:40,001 - mmdet - INFO - Epoch [3][300/630]	lr: 1.000e-02, eta: 0:11:36, time: 0.748, data_time: 0.012, memory: 11912, loss_rpn_cls: 0.0208, loss_rpn_bbox: 0.0568, loss_cls: 0.0818, acc: 96.9404, loss_bbox: 0.1243, loss: 0.2837
2020-11-20 09:02:54,740 - mmdet - INFO - Epoch [3][400/630]	lr: 1.000e-02, eta: 0:10:25, time: 0.747, data_time: 0.012, memory: 11912, loss_rpn_cls: 0.0143, loss_rpn_bbox: 0.0507, loss_cls: 0.0765, acc: 97.0059, loss_bbox: 0.1214, loss: 0.2630
2020-11-20 09:04:09,279 - mmdet - INFO - Epoch [3][500/630]	lr: 1.000e-02, eta: 0:09:13, time: 0.745, data_time: 0.012, memory: 11912, loss_rpn_cls: 0.0196, loss_rpn_bbox: 0.0516, loss_cls: 0.0818, acc: 96.9648, loss_bbox: 0.1258, loss: 0.2789
2020-11-20 09:05:24,123 - mmdet - INFO - Epoch [3][600/630]	lr: 1.000e-02, eta: 0:08:01, time: 0.748, data_time: 0.012, memory: 11912, loss_rpn_cls: 0.0322, loss_rpn_bbox: 0.0636, loss_cls: 0.1074, acc: 95.9775, loss_bbox: 0.1427, loss: 0.3459
2020-11-20 09:06:09,737 - mmdet - INFO - Evaluating bbox...
2020-11-20 09:06:11,573 - mmdet - INFO - Epoch [3][630/630]	lr: 1.000e-02, bbox_mAP: 0.7630, bbox_mAP_50: 0.8620, bbox_mAP_75: 0.8330, bbox_mAP_s: 0.4420, bbox_mAP_m: 0.7260, bbox_mAP_l: 0.8400, bbox_mAP_copypaste: 0.763 0.862 0.833 0.442 0.726 0.840
2020-11-20 09:07:28,885 - mmdet - INFO - Epoch [4][100/630]	lr: 1.000e-02, eta: 0:06:21, time: 0.771, data_time: 0.033, memory: 11912, loss_rpn_cls: 0.0224, loss_rpn_bbox: 0.0549, loss_cls: 0.0806, acc: 96.9375, loss_bbox: 0.1313, loss: 0.2892
2020-11-20 09:08:43,363 - mmdet - INFO - Epoch [4][200/630]	lr: 1.000e-02, eta: 0:05:10, time: 0.745, data_time: 0.012, memory: 11912, loss_rpn_cls: 0.0227, loss_rpn_bbox: 0.0494, loss_cls: 0.0799, acc: 97.0527, loss_bbox: 0.1204, loss: 0.2723
2020-11-20 09:09:57,875 - mmdet - INFO - Epoch [4][300/630]	lr: 1.000e-02, eta: 0:03:58, time: 0.745, data_time: 0.012, memory: 11912, loss_rpn_cls: 0.0111, loss_rpn_bbox: 0.0476, loss_cls: 0.0689, acc: 97.1826, loss_bbox: 0.1203, loss: 0.2480
2020-11-20 09:11:12,494 - mmdet - INFO - Epoch [4][400/630]	lr: 1.000e-02, eta: 0:02:46, time: 0.746, data_time: 0.012, memory: 11912, loss_rpn_cls: 0.0110, loss_rpn_bbox: 0.0482, loss_cls: 0.0678, acc: 97.2842, loss_bbox: 0.1149, loss: 0.2419
2020-11-20 09:12:27,305 - mmdet - INFO - Epoch [4][500/630]	lr: 1.000e-02, eta: 0:01:34, time: 0.748, data_time: 0.012, memory: 11912, loss_rpn_cls: 0.0094, loss_rpn_bbox: 0.0522, loss_cls: 0.0688, acc: 97.1748, loss_bbox: 0.1203, loss: 0.2508
2020-11-20 09:13:41,895 - mmdet - INFO - Epoch [4][600/630]	lr: 1.000e-02, eta: 0:00:21, time: 0.746, data_time: 0.012, memory: 11912, loss_rpn_cls: 0.0059, loss_rpn_bbox: 0.0428, loss_cls: 0.0485, acc: 98.0566, loss_bbox: 0.1073, loss: 0.2045
2020-11-20 09:14:04,309 - mmdet - INFO - Saving checkpoint at 4 epochs
2020-11-20 09:14:29,435 - mmdet - INFO - Evaluating bbox...
2020-11-20 09:14:31,152 - mmdet - INFO - Epoch [4][630/630]	lr: 1.000e-02, bbox_mAP: 0.8180, bbox_mAP_50: 0.9060, bbox_mAP_75: 0.8890, bbox_mAP_s: 0.5340, bbox_mAP_m: 0.8250, bbox_mAP_l: 0.8910, bbox_mAP_copypaste: 0.818 0.906 0.889 0.534 0.825 0.891
2020-11-20 09:15:00,617 - mmdet - INFO - Epoch(train) [4][73]	loss_rpn_cls: 0.0067, loss_rpn_bbox: 0.0442, loss_cls: 0.0500, acc: 97.9920, loss_bbox: 0.1112, loss: 0.2121
