2020-11-19 18:00:37,415 - mmdet - INFO - Environment info:
------------------------------------------------------------
sys.platform: linux
Python: 3.6.4 |Anaconda, Inc.| (default, Jan 16 2018, 18:10:19) [GCC 7.2.0]
CUDA available: True
CUDA_HOME: /usr/local/cuda
NVCC: Cuda compilation tools, release 10.0, V10.0.130
GPU 0: Tesla P100-PCIE-16GB
GCC: gcc (GCC) 5.3.0
PyTorch: 1.3.1+cu100
PyTorch compiling details: PyTorch built with:
  - GCC 7.3
  - Intel(R) Math Kernel Library Version 2019.0.4 Product Build 20190411 for Intel(R) 64 architecture applications
  - Intel(R) MKL-DNN v0.20.5 (Git Hash 0125f28c61c1f822fd48570b4c1066f96fcb9b2e)
  - OpenMP 201511 (a.k.a. OpenMP 4.5)
  - NNPACK is enabled
  - CUDA Runtime 10.0
  - NVCC architecture flags: -gencode;arch=compute_37,code=sm_37;-gencode;arch=compute_50,code=sm_50;-gencode;arch=compute_60,code=sm_60;-gencode;arch=compute_61,code=sm_61;-gencode;arch=compute_70,code=sm_70;-gencode;arch=compute_75,code=sm_75;-gencode;arch=compute_37,code=compute_37
  - CuDNN 7.6.3
  - Magma 2.5.1
  - Build settings: BLAS=MKL, BUILD_NAMEDTENSOR=OFF, BUILD_TYPE=Release, CXX_FLAGS= -Wno-deprecated -fvisibility-inlines-hidden -fopenmp -DUSE_FBGEMM -DUSE_QNNPACK -DUSE_PYTORCH_QNNPACK -O2 -fPIC -Wno-narrowing -Wall -Wextra -Wno-missing-field-initializers -Wno-type-limits -Wno-array-bounds -Wno-unknown-pragmas -Wno-sign-compare -Wno-unused-parameter -Wno-unused-variable -Wno-unused-function -Wno-unused-result -Wno-strict-overflow -Wno-strict-aliasing -Wno-error=deprecated-declarations -Wno-stringop-overflow -Wno-error=pedantic -Wno-error=redundant-decls -Wno-error=old-style-cast -fdiagnostics-color=always -faligned-new -Wno-unused-but-set-variable -Wno-maybe-uninitialized -fno-math-errno -fno-trapping-math -Wno-stringop-overflow, DISABLE_NUMA=1, PERF_WITH_AVX=1, PERF_WITH_AVX2=1, PERF_WITH_AVX512=1, USE_CUDA=True, USE_EXCEPTION_PTR=1, USE_GFLAGS=OFF, USE_GLOG=OFF, USE_MKL=ON, USE_MKLDNN=ON, USE_MPI=OFF, USE_NCCL=ON, USE_NNPACK=ON, USE_OPENMP=ON, USE_STATIC_DISPATCH=OFF, 

TorchVision: 0.4.2+cu100
OpenCV: 4.4.0
MMCV: 1.0.5
MMDetection: 2.3.0+788fa8d
MMDetection Compiler: GCC 7.3
MMDetection CUDA Compiler: 10.0
------------------------------------------------------------

2020-11-19 18:00:37,415 - mmdet - INFO - Distributed training: False
2020-11-19 18:00:37,815 - mmdet - INFO - Config:
model = dict(
    type='FasterRCNN',
    pretrained='torchvision://resnet50',
    backbone=dict(
        type='ResNet',
        depth=50,
        num_stages=4,
        out_indices=(0, 1, 2, 3),
        frozen_stages=1,
        norm_cfg=dict(type='BN', requires_grad=True),
        norm_eval=True,
        style='pytorch'),
    neck=dict(
        type='FPN',
        in_channels=[256, 512, 1024, 2048],
        out_channels=256,
        num_outs=5),
    rpn_head=dict(
        type='RPNHead',
        in_channels=256,
        feat_channels=256,
        anchor_generator=dict(
            type='AnchorGenerator',
            scales=[8],
            ratios=[0.5, 1.0, 2.0],
            strides=[4, 8, 16, 32, 64]),
        bbox_coder=dict(
            type='DeltaXYWHBBoxCoder',
            target_means=[0.0, 0.0, 0.0, 0.0],
            target_stds=[1.0, 1.0, 1.0, 1.0]),
        loss_cls=dict(
            type='CrossEntropyLoss', use_sigmoid=True, loss_weight=1.0),
        loss_bbox=dict(type='L1Loss', loss_weight=1.0)),
    roi_head=dict(
        type='StandardRoIHead',
        bbox_roi_extractor=dict(
            type='SingleRoIExtractor',
            roi_layer=dict(type='RoIAlign', output_size=7, sampling_ratio=0),
            out_channels=256,
            featmap_strides=[4, 8, 16, 32]),
        bbox_head=dict(
            type='Shared2FCBBoxHead',
            in_channels=256,
            fc_out_channels=1024,
            roi_feat_size=7,
            num_classes=2,
            bbox_coder=dict(
                type='DeltaXYWHBBoxCoder',
                target_means=[0.0, 0.0, 0.0, 0.0],
                target_stds=[0.1, 0.1, 0.2, 0.2]),
            reg_class_agnostic=False,
            loss_cls=dict(
                type='CrossEntropyLoss', use_sigmoid=False, loss_weight=1.0),
            loss_bbox=dict(type='L1Loss', loss_weight=1.0))))
train_cfg = dict(
    rpn=dict(
        assigner=dict(
            type='MaxIoUAssigner',
            pos_iou_thr=0.7,
            neg_iou_thr=0.3,
            min_pos_iou=0.3,
            match_low_quality=True,
            ignore_iof_thr=-1),
        sampler=dict(
            type='RandomSampler',
            num=256,
            pos_fraction=0.5,
            neg_pos_ub=-1,
            add_gt_as_proposals=False),
        allowed_border=-1,
        pos_weight=-1,
        debug=False),
    rpn_proposal=dict(
        nms_across_levels=False,
        nms_pre=2000,
        nms_post=1000,
        max_num=1000,
        nms_thr=0.7,
        min_bbox_size=0),
    rcnn=dict(
        assigner=dict(
            type='MaxIoUAssigner',
            pos_iou_thr=0.5,
            neg_iou_thr=0.5,
            min_pos_iou=0.5,
            match_low_quality=False,
            ignore_iof_thr=-1),
        sampler=dict(
            type='RandomSampler',
            num=512,
            pos_fraction=0.25,
            neg_pos_ub=-1,
            add_gt_as_proposals=True),
        pos_weight=-1,
        debug=False))
test_cfg = dict(
    rpn=dict(
        nms_across_levels=False,
        nms_pre=1000,
        nms_post=1000,
        max_num=1000,
        nms_thr=0.7,
        min_bbox_size=0),
    rcnn=dict(
        score_thr=0.05,
        nms=dict(type='nms', iou_threshold=0.5),
        max_per_img=100))
dataset_type = 'CocoDataset'
data_root = 'data/coco/'
img_norm_cfg = dict(
    mean=[123.675, 116.28, 103.53], std=[58.395, 57.12, 57.375], to_rgb=True)
train_pipeline = [
    dict(type='LoadImageFromFile'),
    dict(type='LoadAnnotations', with_bbox=True),
    dict(type='Resize', img_scale=(1550, 1550), keep_ratio=True),
    dict(type='RandomFlip', flip_ratio=0.5),
    dict(
        type='Normalize',
        mean=[123.675, 116.28, 103.53],
        std=[58.395, 57.12, 57.375],
        to_rgb=True),
    dict(type='Pad', size_divisor=32),
    dict(type='DefaultFormatBundle'),
    dict(type='Collect', keys=['img', 'gt_bboxes', 'gt_labels'])
]
test_pipeline = [
    dict(type='LoadImageFromFile'),
    dict(
        type='MultiScaleFlipAug',
        img_scale=(1550, 1550),
        flip=False,
        transforms=[
            dict(type='Resize', keep_ratio=True),
            dict(type='RandomFlip'),
            dict(
                type='Normalize',
                mean=[123.675, 116.28, 103.53],
                std=[58.395, 57.12, 57.375],
                to_rgb=True),
            dict(type='Pad', size_divisor=32),
            dict(type='ImageToTensor', keys=['img']),
            dict(type='Collect', keys=['img'])
        ])
]
data = dict(
    samples_per_gpu=2,
    workers_per_gpu=2,
    train=dict(
        type='CocoDataset',
        ann_file='data/coco/annotations/annotations_trai.json',
        img_prefix='data/coco/img/',
        pipeline=[
            dict(type='LoadImageFromFile'),
            dict(type='LoadAnnotations', with_bbox=True),
            dict(type='Resize', img_scale=(1550, 1550), keep_ratio=True),
            dict(type='RandomFlip', flip_ratio=0.5),
            dict(
                type='Normalize',
                mean=[123.675, 116.28, 103.53],
                std=[58.395, 57.12, 57.375],
                to_rgb=True),
            dict(type='Pad', size_divisor=32),
            dict(type='DefaultFormatBundle'),
            dict(type='Collect', keys=['img', 'gt_bboxes', 'gt_labels'])
        ]),
    val=dict(
        type='CocoDataset',
        ann_file='data/coco/annotations/annotations_test.json',
        img_prefix='data/coco/img/',
        pipeline=[
            dict(type='LoadImageFromFile'),
            dict(
                type='MultiScaleFlipAug',
                img_scale=(1550, 1550),
                flip=False,
                transforms=[
                    dict(type='Resize', keep_ratio=True),
                    dict(type='RandomFlip'),
                    dict(
                        type='Normalize',
                        mean=[123.675, 116.28, 103.53],
                        std=[58.395, 57.12, 57.375],
                        to_rgb=True),
                    dict(type='Pad', size_divisor=32),
                    dict(type='ImageToTensor', keys=['img']),
                    dict(type='Collect', keys=['img'])
                ])
        ]),
    test=dict(
        type='CocoDataset',
        ann_file='data/coco/annotations/annotations_vals.json',
        img_prefix='data/coco/img/',
        pipeline=[
            dict(type='LoadImageFromFile'),
            dict(
                type='MultiScaleFlipAug',
                img_scale=(1550, 1550),
                flip=False,
                transforms=[
                    dict(type='Resize', keep_ratio=True),
                    dict(type='RandomFlip'),
                    dict(
                        type='Normalize',
                        mean=[123.675, 116.28, 103.53],
                        std=[58.395, 57.12, 57.375],
                        to_rgb=True),
                    dict(type='Pad', size_divisor=32),
                    dict(type='ImageToTensor', keys=['img']),
                    dict(type='Collect', keys=['img'])
                ])
        ]))
evaluation = dict(interval=1, metric='bbox')
optimizer = dict(type='SGD', lr=0.01, momentum=0.9, weight_decay=0.0001)
optimizer_config = dict(grad_clip=None)
lr_config = dict(
    policy='step',
    warmup='linear',
    warmup_iters=500,
    warmup_ratio=0.001,
    step=[8, 11])
total_epochs = 4
checkpoint_config = dict(interval=4)
log_config = dict(interval=100, hooks=[dict(type='TextLoggerHook')])
dist_params = dict(backend='nccl')
log_level = 'INFO'
load_from = '/home/admin/.cache/torch/checkpoints/X.pth'
resume_from = None
workflow = [('train', 2), ('val', 1)]
work_dir = '/home/admin/jupyter/SecurityAI_Round5/data/work'
gpu_ids = range(0, 1)

2020-11-19 18:00:38,307 - mmdet - INFO - load model from: torchvision://resnet50
2020-11-19 18:00:46,226 - mmdet - WARNING - The model and loaded state dict do not match exactly

unexpected key in source state_dict: fc.weight, fc.bias

2020-11-19 18:00:56,696 - mmdet - INFO - load checkpoint from /home/admin/.cache/torch/checkpoints/X.pth
2020-11-19 18:01:03,303 - mmdet - INFO - Start running, host: admin@fuxilabor_labor0_S4_Odps_S96_dsw_prepaid_cnsh_838_2020111907522, work_dir: /home/admin/jupyter/SecurityAI_Round5/data/work
2020-11-19 18:01:03,303 - mmdet - INFO - workflow: [('train', 2), ('val', 1)], max: 4 epochs
2020-11-19 18:02:20,942 - mmdet - INFO - Epoch [1][100/617]	lr: 1.988e-03, eta: 0:30:32, time: 0.774, data_time: 0.034, memory: 8026, loss_rpn_cls: 0.0030, loss_rpn_bbox: 0.0347, loss_cls: 0.0453, acc: 98.1143, loss_bbox: 0.0976, loss: 0.1807
2020-11-19 18:03:35,853 - mmdet - INFO - Epoch [1][200/617]	lr: 3.986e-03, eta: 0:28:46, time: 0.749, data_time: 0.012, memory: 9969, loss_rpn_cls: 0.0052, loss_rpn_bbox: 0.0352, loss_cls: 0.0374, acc: 98.4512, loss_bbox: 0.0885, loss: 0.1663
2020-11-19 18:04:50,484 - mmdet - INFO - Epoch [1][300/617]	lr: 5.984e-03, eta: 0:27:19, time: 0.746, data_time: 0.012, memory: 9969, loss_rpn_cls: 0.0028, loss_rpn_bbox: 0.0327, loss_cls: 0.0374, acc: 98.4961, loss_bbox: 0.0821, loss: 0.1550
2020-11-19 18:06:05,743 - mmdet - INFO - Epoch [1][400/617]	lr: 7.982e-03, eta: 0:26:02, time: 0.753, data_time: 0.012, memory: 9969, loss_rpn_cls: 0.0034, loss_rpn_bbox: 0.0378, loss_cls: 0.0439, acc: 98.1680, loss_bbox: 0.0951, loss: 0.1801
2020-11-19 18:07:20,523 - mmdet - INFO - Epoch [1][500/617]	lr: 9.980e-03, eta: 0:24:43, time: 0.748, data_time: 0.012, memory: 11914, loss_rpn_cls: 0.0033, loss_rpn_bbox: 0.0370, loss_cls: 0.0402, acc: 98.2744, loss_bbox: 0.0866, loss: 0.1672
2020-11-19 18:08:35,225 - mmdet - INFO - Epoch [1][600/617]	lr: 1.000e-02, eta: 0:23:26, time: 0.747, data_time: 0.012, memory: 11914, loss_rpn_cls: 0.0043, loss_rpn_bbox: 0.0425, loss_cls: 0.0447, acc: 98.1338, loss_bbox: 0.1021, loss: 0.1936
2020-11-19 18:09:12,041 - mmdet - INFO - Evaluating bbox...
2020-11-19 18:09:14,234 - mmdet - INFO - Epoch [1][617/617]	lr: 1.000e-02, bbox_mAP: 0.7780, bbox_mAP_50: 0.8550, bbox_mAP_75: 0.8350, bbox_mAP_s: 0.4960, bbox_mAP_m: 0.8050, bbox_mAP_l: 0.8700, bbox_mAP_copypaste: 0.778 0.855 0.835 0.496 0.805 0.870
2020-11-19 18:10:31,007 - mmdet - INFO - Epoch [2][100/617]	lr: 1.000e-02, eta: 0:21:29, time: 0.766, data_time: 0.033, memory: 11914, loss_rpn_cls: 0.0042, loss_rpn_bbox: 0.0397, loss_cls: 0.0386, acc: 98.3965, loss_bbox: 0.0886, loss: 0.1711
2020-11-19 18:11:46,095 - mmdet - INFO - Epoch [2][200/617]	lr: 1.000e-02, eta: 0:20:19, time: 0.751, data_time: 0.012, memory: 11914, loss_rpn_cls: 0.0053, loss_rpn_bbox: 0.0423, loss_cls: 0.0518, acc: 97.8174, loss_bbox: 0.1049, loss: 0.2043
2020-11-19 18:13:00,702 - mmdet - INFO - Epoch [2][300/617]	lr: 1.000e-02, eta: 0:19:06, time: 0.746, data_time: 0.012, memory: 11914, loss_rpn_cls: 0.0031, loss_rpn_bbox: 0.0403, loss_cls: 0.0392, acc: 98.3018, loss_bbox: 0.0867, loss: 0.1693
2020-11-19 18:14:15,335 - mmdet - INFO - Epoch [2][400/617]	lr: 1.000e-02, eta: 0:17:53, time: 0.746, data_time: 0.012, memory: 11914, loss_rpn_cls: 0.0035, loss_rpn_bbox: 0.0375, loss_cls: 0.0418, acc: 98.1934, loss_bbox: 0.0962, loss: 0.1790
2020-11-19 18:15:30,150 - mmdet - INFO - Epoch [2][500/617]	lr: 1.000e-02, eta: 0:16:40, time: 0.748, data_time: 0.012, memory: 11914, loss_rpn_cls: 0.0041, loss_rpn_bbox: 0.0413, loss_cls: 0.0463, acc: 98.1387, loss_bbox: 0.1017, loss: 0.1935
2020-11-19 18:16:44,915 - mmdet - INFO - Epoch [2][600/617]	lr: 1.000e-02, eta: 0:15:27, time: 0.748, data_time: 0.012, memory: 11914, loss_rpn_cls: 0.0047, loss_rpn_bbox: 0.0440, loss_cls: 0.0491, acc: 97.9473, loss_bbox: 0.1027, loss: 0.2006
2020-11-19 18:17:21,572 - mmdet - INFO - Evaluating bbox...
2020-11-19 18:17:23,815 - mmdet - INFO - Epoch [2][617/617]	lr: 1.000e-02, bbox_mAP: 0.7760, bbox_mAP_50: 0.8500, bbox_mAP_75: 0.8290, bbox_mAP_s: 0.4790, bbox_mAP_m: 0.7950, bbox_mAP_l: 0.8660, bbox_mAP_copypaste: 0.776 0.850 0.829 0.479 0.795 0.866
2020-11-19 18:17:54,035 - mmdet - INFO - Epoch(train) [2][75]	loss_rpn_cls: 0.0039, loss_rpn_bbox: 0.0413, loss_cls: 0.0390, acc: 98.4076, loss_bbox: 0.0975, loss: 0.1817
2020-11-19 18:19:11,197 - mmdet - INFO - Epoch [3][100/617]	lr: 1.000e-02, eta: 0:13:52, time: 0.770, data_time: 0.034, memory: 11914, loss_rpn_cls: 0.0039, loss_rpn_bbox: 0.0393, loss_cls: 0.0416, acc: 98.3184, loss_bbox: 0.0990, loss: 0.1837
2020-11-19 18:20:25,611 - mmdet - INFO - Epoch [3][200/617]	lr: 1.000e-02, eta: 0:12:39, time: 0.744, data_time: 0.012, memory: 11914, loss_rpn_cls: 0.0055, loss_rpn_bbox: 0.0455, loss_cls: 0.0505, acc: 97.8506, loss_bbox: 0.1073, loss: 0.2088
2020-11-19 18:21:40,222 - mmdet - INFO - Epoch [3][300/617]	lr: 1.000e-02, eta: 0:11:26, time: 0.746, data_time: 0.012, memory: 11914, loss_rpn_cls: 0.0045, loss_rpn_bbox: 0.0375, loss_cls: 0.0437, acc: 98.2539, loss_bbox: 0.0939, loss: 0.1796
2020-11-19 18:22:54,997 - mmdet - INFO - Epoch [3][400/617]	lr: 1.000e-02, eta: 0:10:13, time: 0.748, data_time: 0.012, memory: 11914, loss_rpn_cls: 0.0045, loss_rpn_bbox: 0.0438, loss_cls: 0.0508, acc: 97.8740, loss_bbox: 0.1031, loss: 0.2021
2020-11-19 18:24:10,343 - mmdet - INFO - Epoch [3][500/617]	lr: 1.000e-02, eta: 0:09:01, time: 0.753, data_time: 0.012, memory: 11914, loss_rpn_cls: 0.0047, loss_rpn_bbox: 0.0425, loss_cls: 0.0437, acc: 98.1250, loss_bbox: 0.0937, loss: 0.1846
2020-11-19 18:25:25,535 - mmdet - INFO - Epoch [3][600/617]	lr: 1.000e-02, eta: 0:07:47, time: 0.752, data_time: 0.012, memory: 11914, loss_rpn_cls: 0.0035, loss_rpn_bbox: 0.0401, loss_cls: 0.0395, acc: 98.3008, loss_bbox: 0.0938, loss: 0.1769
2020-11-19 18:26:02,513 - mmdet - INFO - Evaluating bbox...
2020-11-19 18:26:04,730 - mmdet - INFO - Epoch [3][617/617]	lr: 1.000e-02, bbox_mAP: 0.7750, bbox_mAP_50: 0.8540, bbox_mAP_75: 0.8290, bbox_mAP_s: 0.4770, bbox_mAP_m: 0.7930, bbox_mAP_l: 0.8660, bbox_mAP_copypaste: 0.775 0.854 0.829 0.477 0.793 0.866
2020-11-19 18:27:21,794 - mmdet - INFO - Epoch [4][100/617]	lr: 1.000e-02, eta: 0:06:19, time: 0.769, data_time: 0.034, memory: 11914, loss_rpn_cls: 0.0047, loss_rpn_bbox: 0.0407, loss_cls: 0.0455, acc: 98.1797, loss_bbox: 0.0950, loss: 0.1860
2020-11-19 18:28:36,678 - mmdet - INFO - Epoch [4][200/617]	lr: 1.000e-02, eta: 0:05:06, time: 0.749, data_time: 0.012, memory: 11914, loss_rpn_cls: 0.0039, loss_rpn_bbox: 0.0397, loss_cls: 0.0384, acc: 98.3506, loss_bbox: 0.0937, loss: 0.1757
2020-11-19 18:29:51,638 - mmdet - INFO - Epoch [4][300/617]	lr: 1.000e-02, eta: 0:03:52, time: 0.750, data_time: 0.012, memory: 11914, loss_rpn_cls: 0.0039, loss_rpn_bbox: 0.0438, loss_cls: 0.0522, acc: 97.7559, loss_bbox: 0.1081, loss: 0.2080
2020-11-19 18:31:06,231 - mmdet - INFO - Epoch [4][400/617]	lr: 1.000e-02, eta: 0:02:39, time: 0.746, data_time: 0.012, memory: 11914, loss_rpn_cls: 0.0030, loss_rpn_bbox: 0.0386, loss_cls: 0.0413, acc: 98.2705, loss_bbox: 0.0950, loss: 0.1778
2020-11-19 18:32:20,881 - mmdet - INFO - Epoch [4][500/617]	lr: 1.000e-02, eta: 0:01:26, time: 0.746, data_time: 0.012, memory: 11914, loss_rpn_cls: 0.0030, loss_rpn_bbox: 0.0382, loss_cls: 0.0378, acc: 98.4551, loss_bbox: 0.0938, loss: 0.1728
2020-11-19 18:33:35,692 - mmdet - INFO - Epoch [4][600/617]	lr: 1.000e-02, eta: 0:00:12, time: 0.748, data_time: 0.012, memory: 11914, loss_rpn_cls: 0.0040, loss_rpn_bbox: 0.0415, loss_cls: 0.0490, acc: 97.8916, loss_bbox: 0.1020, loss: 0.1964
2020-11-19 18:33:48,291 - mmdet - INFO - Saving checkpoint at 4 epochs
2020-11-19 18:34:14,164 - mmdet - INFO - Evaluating bbox...
2020-11-19 18:34:16,426 - mmdet - INFO - Epoch [4][617/617]	lr: 1.000e-02, bbox_mAP: 0.7830, bbox_mAP_50: 0.8640, bbox_mAP_75: 0.8390, bbox_mAP_s: 0.4780, bbox_mAP_m: 0.7990, bbox_mAP_l: 0.8770, bbox_mAP_copypaste: 0.783 0.864 0.839 0.478 0.799 0.877
2020-11-19 18:34:46,497 - mmdet - INFO - Epoch(train) [4][75]	loss_rpn_cls: 0.0040, loss_rpn_bbox: 0.0431, loss_cls: 0.0438, acc: 98.1406, loss_bbox: 0.1001, loss: 0.1910
