2020-11-09 17:02:17,543 - mmdet - INFO - Environment info:
------------------------------------------------------------
sys.platform: linux
Python: 3.6.4 |Anaconda, Inc.| (default, Jan 16 2018, 18:10:19) [GCC 7.2.0]
CUDA available: True
CUDA_HOME: /usr/local/cuda
NVCC: Cuda compilation tools, release 10.0, V10.0.130
GPU 0: Tesla P100-PCIE-16GB
GCC: gcc (GCC) 5.3.0
PyTorch: 1.3.1+cu100
PyTorch compiling details: PyTorch built with:
  - GCC 7.3
  - Intel(R) Math Kernel Library Version 2019.0.4 Product Build 20190411 for Intel(R) 64 architecture applications
  - Intel(R) MKL-DNN v0.20.5 (Git Hash 0125f28c61c1f822fd48570b4c1066f96fcb9b2e)
  - OpenMP 201511 (a.k.a. OpenMP 4.5)
  - NNPACK is enabled
  - CUDA Runtime 10.0
  - NVCC architecture flags: -gencode;arch=compute_37,code=sm_37;-gencode;arch=compute_50,code=sm_50;-gencode;arch=compute_60,code=sm_60;-gencode;arch=compute_61,code=sm_61;-gencode;arch=compute_70,code=sm_70;-gencode;arch=compute_75,code=sm_75;-gencode;arch=compute_37,code=compute_37
  - CuDNN 7.6.3
  - Magma 2.5.1
  - Build settings: BLAS=MKL, BUILD_NAMEDTENSOR=OFF, BUILD_TYPE=Release, CXX_FLAGS= -Wno-deprecated -fvisibility-inlines-hidden -fopenmp -DUSE_FBGEMM -DUSE_QNNPACK -DUSE_PYTORCH_QNNPACK -O2 -fPIC -Wno-narrowing -Wall -Wextra -Wno-missing-field-initializers -Wno-type-limits -Wno-array-bounds -Wno-unknown-pragmas -Wno-sign-compare -Wno-unused-parameter -Wno-unused-variable -Wno-unused-function -Wno-unused-result -Wno-strict-overflow -Wno-strict-aliasing -Wno-error=deprecated-declarations -Wno-stringop-overflow -Wno-error=pedantic -Wno-error=redundant-decls -Wno-error=old-style-cast -fdiagnostics-color=always -faligned-new -Wno-unused-but-set-variable -Wno-maybe-uninitialized -fno-math-errno -fno-trapping-math -Wno-stringop-overflow, DISABLE_NUMA=1, PERF_WITH_AVX=1, PERF_WITH_AVX2=1, PERF_WITH_AVX512=1, USE_CUDA=True, USE_EXCEPTION_PTR=1, USE_GFLAGS=OFF, USE_GLOG=OFF, USE_MKL=ON, USE_MKLDNN=ON, USE_MPI=OFF, USE_NCCL=ON, USE_NNPACK=ON, USE_OPENMP=ON, USE_STATIC_DISPATCH=OFF, 

TorchVision: 0.4.2+cu100
OpenCV: 4.4.0
MMCV: 1.0.5
MMDetection: 2.3.0+788fa8d
MMDetection Compiler: GCC 7.3
MMDetection CUDA Compiler: 10.0
------------------------------------------------------------

2020-11-09 17:02:17,543 - mmdet - INFO - Distributed training: False
2020-11-09 17:02:17,934 - mmdet - INFO - Config:
model = dict(
    type='FasterRCNN',
    pretrained='torchvision://resnet50',
    backbone=dict(
        type='ResNet',
        depth=50,
        num_stages=4,
        out_indices=(0, 1, 2, 3),
        frozen_stages=1,
        norm_cfg=dict(type='BN', requires_grad=True),
        norm_eval=True,
        style='pytorch'),
    neck=dict(
        type='FPN',
        in_channels=[256, 512, 1024, 2048],
        out_channels=256,
        num_outs=5),
    rpn_head=dict(
        type='RPNHead',
        in_channels=256,
        feat_channels=256,
        anchor_generator=dict(
            type='AnchorGenerator',
            scales=[8],
            ratios=[0.5, 1.0, 2.0],
            strides=[4, 8, 16, 32, 64]),
        bbox_coder=dict(
            type='DeltaXYWHBBoxCoder',
            target_means=[0.0, 0.0, 0.0, 0.0],
            target_stds=[1.0, 1.0, 1.0, 1.0]),
        loss_cls=dict(
            type='CrossEntropyLoss', use_sigmoid=True, loss_weight=1.0),
        loss_bbox=dict(type='L1Loss', loss_weight=1.0)),
    roi_head=dict(
        type='StandardRoIHead',
        bbox_roi_extractor=dict(
            type='SingleRoIExtractor',
            roi_layer=dict(type='RoIAlign', output_size=7, sampling_ratio=0),
            out_channels=256,
            featmap_strides=[4, 8, 16, 32]),
        bbox_head=dict(
            type='Shared2FCBBoxHead',
            in_channels=256,
            fc_out_channels=1024,
            roi_feat_size=7,
            num_classes=2,
            bbox_coder=dict(
                type='DeltaXYWHBBoxCoder',
                target_means=[0.0, 0.0, 0.0, 0.0],
                target_stds=[0.1, 0.1, 0.2, 0.2]),
            reg_class_agnostic=False,
            loss_cls=dict(
                type='CrossEntropyLoss', use_sigmoid=False, loss_weight=1.0),
            loss_bbox=dict(type='L1Loss', loss_weight=1.0))))
train_cfg = dict(
    rpn=dict(
        assigner=dict(
            type='MaxIoUAssigner',
            pos_iou_thr=0.7,
            neg_iou_thr=0.3,
            min_pos_iou=0.3,
            match_low_quality=True,
            ignore_iof_thr=-1),
        sampler=dict(
            type='RandomSampler',
            num=256,
            pos_fraction=0.5,
            neg_pos_ub=-1,
            add_gt_as_proposals=False),
        allowed_border=-1,
        pos_weight=-1,
        debug=False),
    rpn_proposal=dict(
        nms_across_levels=False,
        nms_pre=2000,
        nms_post=1000,
        max_num=1000,
        nms_thr=0.7,
        min_bbox_size=0),
    rcnn=dict(
        assigner=dict(
            type='MaxIoUAssigner',
            pos_iou_thr=0.5,
            neg_iou_thr=0.5,
            min_pos_iou=0.5,
            match_low_quality=False,
            ignore_iof_thr=-1),
        sampler=dict(
            type='RandomSampler',
            num=512,
            pos_fraction=0.25,
            neg_pos_ub=-1,
            add_gt_as_proposals=True),
        pos_weight=-1,
        debug=False))
test_cfg = dict(
    rpn=dict(
        nms_across_levels=False,
        nms_pre=1000,
        nms_post=1000,
        max_num=1000,
        nms_thr=0.7,
        min_bbox_size=0),
    rcnn=dict(
        score_thr=0.05,
        nms=dict(type='nms', iou_threshold=0.5),
        max_per_img=100))
dataset_type = 'CocoDataset'
data_root = 'data/coco/'
img_norm_cfg = dict(
    mean=[123.675, 116.28, 103.53], std=[58.395, 57.12, 57.375], to_rgb=True)
train_pipeline = [
    dict(type='LoadImageFromFile'),
    dict(type='LoadAnnotations', with_bbox=True),
    dict(type='Resize', img_scale=(310, 310), keep_ratio=True),
    dict(type='RandomFlip', flip_ratio=0.5),
    dict(
        type='Normalize',
        mean=[123.675, 116.28, 103.53],
        std=[58.395, 57.12, 57.375],
        to_rgb=True),
    dict(type='Pad', size_divisor=32),
    dict(type='DefaultFormatBundle'),
    dict(type='Collect', keys=['img', 'gt_bboxes', 'gt_labels'])
]
test_pipeline = [
    dict(type='LoadImageFromFile'),
    dict(
        type='MultiScaleFlipAug',
        img_scale=(310, 310),
        flip=False,
        transforms=[
            dict(type='Resize', keep_ratio=True),
            dict(type='RandomFlip'),
            dict(
                type='Normalize',
                mean=[123.675, 116.28, 103.53],
                std=[58.395, 57.12, 57.375],
                to_rgb=True),
            dict(type='Pad', size_divisor=32),
            dict(type='ImageToTensor', keys=['img']),
            dict(type='Collect', keys=['img'])
        ])
]
data = dict(
    samples_per_gpu=12,
    workers_per_gpu=12,
    train=dict(
        type='CocoDataset',
        ann_file='data/coco/annotations/annotations_trai.json',
        img_prefix='data/coco/img/',
        pipeline=[
            dict(type='LoadImageFromFile'),
            dict(type='LoadAnnotations', with_bbox=True),
            dict(type='Resize', img_scale=(310, 310), keep_ratio=True),
            dict(type='RandomFlip', flip_ratio=0.5),
            dict(
                type='Normalize',
                mean=[123.675, 116.28, 103.53],
                std=[58.395, 57.12, 57.375],
                to_rgb=True),
            dict(type='Pad', size_divisor=32),
            dict(type='DefaultFormatBundle'),
            dict(type='Collect', keys=['img', 'gt_bboxes', 'gt_labels'])
        ]),
    val=dict(
        type='CocoDataset',
        ann_file='data/coco/annotations/annotations_test.json',
        img_prefix='data/coco/img/',
        pipeline=[
            dict(type='LoadImageFromFile'),
            dict(
                type='MultiScaleFlipAug',
                img_scale=(310, 310),
                flip=False,
                transforms=[
                    dict(type='Resize', keep_ratio=True),
                    dict(type='RandomFlip'),
                    dict(
                        type='Normalize',
                        mean=[123.675, 116.28, 103.53],
                        std=[58.395, 57.12, 57.375],
                        to_rgb=True),
                    dict(type='Pad', size_divisor=32),
                    dict(type='ImageToTensor', keys=['img']),
                    dict(type='Collect', keys=['img'])
                ])
        ]),
    test=dict(
        type='CocoDataset',
        ann_file='data/coco/annotations/annotations_vals.json',
        img_prefix='data/coco/img/',
        pipeline=[
            dict(type='LoadImageFromFile'),
            dict(
                type='MultiScaleFlipAug',
                img_scale=(310, 310),
                flip=False,
                transforms=[
                    dict(type='Resize', keep_ratio=True),
                    dict(type='RandomFlip'),
                    dict(
                        type='Normalize',
                        mean=[123.675, 116.28, 103.53],
                        std=[58.395, 57.12, 57.375],
                        to_rgb=True),
                    dict(type='Pad', size_divisor=32),
                    dict(type='ImageToTensor', keys=['img']),
                    dict(type='Collect', keys=['img'])
                ])
        ]))
evaluation = dict(interval=1, metric='bbox')
optimizer = dict(type='SGD', lr=0.02, momentum=0.9, weight_decay=0.0001)
optimizer_config = dict(grad_clip=None)
lr_config = dict(
    policy='step',
    warmup='linear',
    warmup_iters=500,
    warmup_ratio=0.001,
    step=[8, 11])
total_epochs = 40
checkpoint_config = dict(interval=20)
log_config = dict(interval=2, hooks=[dict(type='TextLoggerHook')])
dist_params = dict(backend='nccl')
log_level = 'INFO'
load_from = None
resume_from = None
workflow = [('train', 2), ('val', 1)]
work_dir = '/home/admin/jupyter/SecurityAI_Round5/data/work'
gpu_ids = range(0, 1)

2020-11-09 17:02:18,442 - mmdet - INFO - load model from: torchvision://resnet50
2020-11-09 17:02:26,647 - mmdet - WARNING - The model and loaded state dict do not match exactly

unexpected key in source state_dict: fc.weight, fc.bias

2020-11-09 17:02:37,991 - mmdet - INFO - Start running, host: admin@fuxilabor_labor0_S4_Odps_S96_dsw_prepaid_cnsh_838_2020110906395, work_dir: /home/admin/jupyter/SecurityAI_Round5/data/work
2020-11-09 17:02:37,991 - mmdet - INFO - workflow: [('train', 2), ('val', 1)], max: 40 epochs
2020-11-09 17:02:42,031 - mmdet - INFO - Epoch [1][2/733]	lr: 5.996e-05, eta: 16:11:37, time: 1.988, data_time: 1.254, memory: 2582, loss_rpn_cls: 0.6854, loss_rpn_bbox: 0.1415, loss_cls: 1.0706, acc: 40.1367, loss_bbox: 0.0442, loss: 1.9417
2020-11-09 17:02:43,105 - mmdet - INFO - Epoch [1][4/733]	lr: 1.399e-04, eta: 10:17:02, time: 0.537, data_time: 0.054, memory: 2582, loss_rpn_cls: 0.6859, loss_rpn_bbox: 0.1782, loss_cls: 1.0152, acc: 64.4124, loss_bbox: 0.0377, loss: 1.9169
2020-11-09 17:02:44,200 - mmdet - INFO - Epoch [1][6/733]	lr: 2.198e-04, eta: 8:20:27, time: 0.547, data_time: 0.059, memory: 2582, loss_rpn_cls: 0.6856, loss_rpn_bbox: 0.1857, loss_cls: 0.7851, acc: 93.9779, loss_bbox: 0.0439, loss: 1.7004
2020-11-09 17:02:45,220 - mmdet - INFO - Epoch [1][8/733]	lr: 2.997e-04, eta: 7:17:35, time: 0.510, data_time: 0.037, memory: 2582, loss_rpn_cls: 0.6826, loss_rpn_bbox: 0.1861, loss_cls: 0.4559, acc: 96.8506, loss_bbox: 0.0388, loss: 1.3634
2020-11-09 17:02:46,216 - mmdet - INFO - Epoch [1][10/733]	lr: 3.796e-04, eta: 6:38:44, time: 0.498, data_time: 0.032, memory: 2582, loss_rpn_cls: 0.6785, loss_rpn_bbox: 0.1150, loss_cls: 0.2027, acc: 97.9492, loss_bbox: 0.0226, loss: 1.0187
2020-11-09 17:02:47,223 - mmdet - INFO - Epoch [1][12/733]	lr: 4.596e-04, eta: 6:13:14, time: 0.503, data_time: 0.037, memory: 2582, loss_rpn_cls: 0.6714, loss_rpn_bbox: 0.0971, loss_cls: 0.1230, acc: 97.8271, loss_bbox: 0.0305, loss: 0.9220
2020-11-09 17:02:48,312 - mmdet - INFO - Epoch [1][14/733]	lr: 5.395e-04, eta: 5:57:52, time: 0.544, data_time: 0.073, memory: 2582, loss_rpn_cls: 0.6598, loss_rpn_bbox: 0.1470, loss_cls: 0.2067, acc: 97.0703, loss_bbox: 0.0511, loss: 1.0646
2020-11-09 17:02:49,338 - mmdet - INFO - Epoch [1][16/733]	lr: 6.194e-04, eta: 5:44:26, time: 0.513, data_time: 0.033, memory: 2582, loss_rpn_cls: 0.6453, loss_rpn_bbox: 0.1119, loss_cls: 0.2292, acc: 97.3796, loss_bbox: 0.0379, loss: 1.0243
2020-11-09 17:02:50,378 - mmdet - INFO - Epoch [1][18/733]	lr: 6.993e-04, eta: 5:34:21, time: 0.520, data_time: 0.032, memory: 2582, loss_rpn_cls: 0.6288, loss_rpn_bbox: 0.1463, loss_cls: 0.4251, acc: 96.0693, loss_bbox: 0.0487, loss: 1.2490
2020-11-09 17:02:51,446 - mmdet - INFO - Epoch [1][20/733]	lr: 7.792e-04, eta: 5:26:59, time: 0.534, data_time: 0.033, memory: 2582, loss_rpn_cls: 0.6070, loss_rpn_bbox: 0.1108, loss_cls: 0.4598, acc: 95.8008, loss_bbox: 0.0719, loss: 1.2495
2020-11-09 17:02:52,591 - mmdet - INFO - Epoch [1][22/733]	lr: 8.592e-04, eta: 5:22:40, time: 0.573, data_time: 0.053, memory: 2582, loss_rpn_cls: 0.6038, loss_rpn_bbox: 0.1786, loss_cls: 0.3557, acc: 95.8496, loss_bbox: 0.0775, loss: 1.2156
2020-11-09 17:02:53,760 - mmdet - INFO - Epoch [1][24/733]	lr: 9.391e-04, eta: 5:19:31, time: 0.584, data_time: 0.033, memory: 2582, loss_rpn_cls: 0.5916, loss_rpn_bbox: 0.1522, loss_cls: 0.2408, acc: 96.4681, loss_bbox: 0.0885, loss: 1.0732
2020-11-09 17:02:54,929 - mmdet - INFO - Epoch [1][26/733]	lr: 1.019e-03, eta: 5:16:52, time: 0.584, data_time: 0.052, memory: 2582, loss_rpn_cls: 0.5775, loss_rpn_bbox: 0.1075, loss_cls: 0.2177, acc: 96.3298, loss_bbox: 0.0894, loss: 0.9920
2020-11-09 17:02:56,083 - mmdet - INFO - Epoch [1][28/733]	lr: 1.099e-03, eta: 5:14:20, time: 0.577, data_time: 0.033, memory: 2582, loss_rpn_cls: 0.5719, loss_rpn_bbox: 0.1252, loss_cls: 0.1913, acc: 96.3623, loss_bbox: 0.0885, loss: 0.9769
2020-11-09 17:02:57,260 - mmdet - INFO - Epoch [1][30/733]	lr: 1.179e-03, eta: 5:12:31, time: 0.589, data_time: 0.044, memory: 2582, loss_rpn_cls: 0.5684, loss_rpn_bbox: 0.1882, loss_cls: 0.2183, acc: 95.4671, loss_bbox: 0.1156, loss: 1.0904
2020-11-09 17:02:58,442 - mmdet - INFO - Epoch [1][32/733]	lr: 1.259e-03, eta: 5:11:00, time: 0.591, data_time: 0.045, memory: 2582, loss_rpn_cls: 0.5376, loss_rpn_bbox: 0.1560, loss_cls: 0.2263, acc: 95.3206, loss_bbox: 0.1114, loss: 1.0313
2020-11-09 17:02:59,661 - mmdet - INFO - Epoch [1][34/733]	lr: 1.339e-03, eta: 5:10:11, time: 0.610, data_time: 0.054, memory: 2582, loss_rpn_cls: 0.4963, loss_rpn_bbox: 0.1027, loss_cls: 0.1993, acc: 95.5322, loss_bbox: 0.1297, loss: 0.9280
2020-11-09 17:03:00,868 - mmdet - INFO - Epoch [1][36/733]	lr: 1.419e-03, eta: 5:09:18, time: 0.604, data_time: 0.032, memory: 2582, loss_rpn_cls: 0.4675, loss_rpn_bbox: 0.1082, loss_cls: 0.2274, acc: 94.6126, loss_bbox: 0.1228, loss: 0.9259
2020-11-09 17:03:02,174 - mmdet - INFO - Epoch [1][38/733]	lr: 1.499e-03, eta: 5:09:46, time: 0.653, data_time: 0.044, memory: 2582, loss_rpn_cls: 0.4291, loss_rpn_bbox: 0.1329, loss_cls: 0.1904, acc: 95.8252, loss_bbox: 0.1143, loss: 0.8667
2020-11-09 17:03:03,380 - mmdet - INFO - Epoch [1][40/733]	lr: 1.578e-03, eta: 5:08:58, time: 0.603, data_time: 0.043, memory: 2582, loss_rpn_cls: 0.3888, loss_rpn_bbox: 0.1350, loss_cls: 0.1967, acc: 95.3695, loss_bbox: 0.1313, loss: 0.8518
2020-11-09 17:03:04,631 - mmdet - INFO - Epoch [1][42/733]	lr: 1.658e-03, eta: 5:08:46, time: 0.625, data_time: 0.043, memory: 2582, loss_rpn_cls: 0.3459, loss_rpn_bbox: 0.1307, loss_cls: 0.1856, acc: 95.8171, loss_bbox: 0.1285, loss: 0.7907
2020-11-09 17:03:05,841 - mmdet - INFO - Epoch [1][44/733]	lr: 1.738e-03, eta: 5:08:08, time: 0.605, data_time: 0.045, memory: 2582, loss_rpn_cls: 0.2930, loss_rpn_bbox: 0.0986, loss_cls: 0.1996, acc: 95.2393, loss_bbox: 0.1545, loss: 0.7457
2020-11-09 17:03:07,101 - mmdet - INFO - Epoch [1][46/733]	lr: 1.818e-03, eta: 5:08:05, time: 0.630, data_time: 0.055, memory: 2582, loss_rpn_cls: 0.3181, loss_rpn_bbox: 0.1387, loss_cls: 0.2369, acc: 93.8639, loss_bbox: 0.1527, loss: 0.8464
2020-11-09 17:03:08,285 - mmdet - INFO - Epoch [1][48/733]	lr: 1.898e-03, eta: 5:07:15, time: 0.592, data_time: 0.033, memory: 2582, loss_rpn_cls: 0.2725, loss_rpn_bbox: 0.0985, loss_cls: 0.1836, acc: 95.5322, loss_bbox: 0.1116, loss: 0.6663
2020-11-09 17:03:09,482 - mmdet - INFO - Epoch [1][50/733]	lr: 1.978e-03, eta: 5:06:37, time: 0.598, data_time: 0.044, memory: 2582, loss_rpn_cls: 0.2474, loss_rpn_bbox: 0.0866, loss_cls: 0.2157, acc: 94.4255, loss_bbox: 0.1471, loss: 0.6969
2020-11-09 17:03:10,686 - mmdet - INFO - Epoch [1][52/733]	lr: 2.058e-03, eta: 5:06:06, time: 0.602, data_time: 0.043, memory: 2582, loss_rpn_cls: 0.2942, loss_rpn_bbox: 0.1357, loss_cls: 0.2272, acc: 94.3278, loss_bbox: 0.1584, loss: 0.8155
2020-11-09 17:03:11,832 - mmdet - INFO - Epoch [1][54/733]	lr: 2.138e-03, eta: 5:05:06, time: 0.573, data_time: 0.043, memory: 2582, loss_rpn_cls: 0.2633, loss_rpn_bbox: 0.1126, loss_cls: 0.1920, acc: 95.6055, loss_bbox: 0.1069, loss: 0.6748
2020-11-09 17:03:13,087 - mmdet - INFO - Epoch [1][56/733]	lr: 2.218e-03, eta: 5:05:07, time: 0.628, data_time: 0.045, memory: 2582, loss_rpn_cls: 0.1986, loss_rpn_bbox: 0.0694, loss_cls: 0.1678, acc: 95.0765, loss_bbox: 0.1522, loss: 0.5881
2020-11-09 17:03:14,271 - mmdet - INFO - Epoch [1][58/733]	lr: 2.298e-03, eta: 5:04:32, time: 0.592, data_time: 0.053, memory: 2582, loss_rpn_cls: 0.2285, loss_rpn_bbox: 0.0972, loss_cls: 0.1837, acc: 94.9951, loss_bbox: 0.1303, loss: 0.6397
2020-11-09 17:03:15,394 - mmdet - INFO - Epoch [1][60/733]	lr: 2.378e-03, eta: 5:03:29, time: 0.562, data_time: 0.031, memory: 2582, loss_rpn_cls: 0.2723, loss_rpn_bbox: 0.1281, loss_cls: 0.2056, acc: 94.6370, loss_bbox: 0.1530, loss: 0.7591
2020-11-09 17:03:16,506 - mmdet - INFO - Epoch [1][62/733]	lr: 2.458e-03, eta: 5:02:25, time: 0.556, data_time: 0.044, memory: 2582, loss_rpn_cls: 0.2349, loss_rpn_bbox: 0.0761, loss_cls: 0.1788, acc: 94.8730, loss_bbox: 0.1525, loss: 0.6423
2020-11-09 17:03:17,628 - mmdet - INFO - Epoch [1][64/733]	lr: 2.537e-03, eta: 5:01:30, time: 0.561, data_time: 0.044, memory: 2582, loss_rpn_cls: 0.1965, loss_rpn_bbox: 0.0773, loss_cls: 0.1616, acc: 95.4834, loss_bbox: 0.1498, loss: 0.5852
2020-11-09 17:03:18,748 - mmdet - INFO - Epoch [1][66/733]	lr: 2.617e-03, eta: 5:00:37, time: 0.560, data_time: 0.043, memory: 2582, loss_rpn_cls: 0.1926, loss_rpn_bbox: 0.0881, loss_cls: 0.1957, acc: 93.9697, loss_bbox: 0.1902, loss: 0.6666
2020-11-09 17:03:19,869 - mmdet - INFO - Epoch [1][68/733]	lr: 2.697e-03, eta: 4:59:47, time: 0.560, data_time: 0.043, memory: 2582, loss_rpn_cls: 0.2109, loss_rpn_bbox: 0.0874, loss_cls: 0.1760, acc: 95.0521, loss_bbox: 0.1694, loss: 0.6436
2020-11-09 17:03:21,030 - mmdet - INFO - Epoch [1][70/733]	lr: 2.777e-03, eta: 4:59:17, time: 0.581, data_time: 0.054, memory: 2582, loss_rpn_cls: 0.2264, loss_rpn_bbox: 0.1156, loss_cls: 0.2119, acc: 94.0023, loss_bbox: 0.1761, loss: 0.7299
2020-11-09 17:03:22,243 - mmdet - INFO - Epoch [1][72/733]	lr: 2.857e-03, eta: 4:59:10, time: 0.606, data_time: 0.032, memory: 2582, loss_rpn_cls: 0.1931, loss_rpn_bbox: 0.0965, loss_cls: 0.1527, acc: 95.6950, loss_bbox: 0.1530, loss: 0.5953
2020-11-09 17:03:23,387 - mmdet - INFO - Epoch [1][74/733]	lr: 2.937e-03, eta: 4:58:36, time: 0.572, data_time: 0.044, memory: 2582, loss_rpn_cls: 0.2287, loss_rpn_bbox: 0.1272, loss_cls: 0.1569, acc: 95.5159, loss_bbox: 0.1670, loss: 0.6797
2020-11-09 17:03:24,528 - mmdet - INFO - Epoch [1][76/733]	lr: 3.017e-03, eta: 4:58:02, time: 0.571, data_time: 0.045, memory: 2582, loss_rpn_cls: 0.2427, loss_rpn_bbox: 0.0897, loss_cls: 0.1900, acc: 94.4743, loss_bbox: 0.1797, loss: 0.7020
2020-11-09 17:03:25,782 - mmdet - INFO - Epoch [1][78/733]	lr: 3.097e-03, eta: 4:58:12, time: 0.627, data_time: 0.093, memory: 2582, loss_rpn_cls: 0.2077, loss_rpn_bbox: 0.1015, loss_cls: 0.1890, acc: 94.6452, loss_bbox: 0.1811, loss: 0.6794
2020-11-09 17:03:26,924 - mmdet - INFO - Epoch [1][80/733]	lr: 3.177e-03, eta: 4:57:41, time: 0.571, data_time: 0.033, memory: 2582, loss_rpn_cls: 0.2472, loss_rpn_bbox: 0.1056, loss_cls: 0.1763, acc: 94.8486, loss_bbox: 0.1903, loss: 0.7194
2020-11-09 17:03:28,046 - mmdet - INFO - Epoch [1][82/733]	lr: 3.257e-03, eta: 4:57:05, time: 0.561, data_time: 0.032, memory: 2582, loss_rpn_cls: 0.1804, loss_rpn_bbox: 0.0728, loss_cls: 0.1615, acc: 95.4834, loss_bbox: 0.1631, loss: 0.5778
2020-11-09 17:03:29,176 - mmdet - INFO - Epoch [1][84/733]	lr: 3.337e-03, eta: 4:56:32, time: 0.565, data_time: 0.032, memory: 2582, loss_rpn_cls: 0.1830, loss_rpn_bbox: 0.0939, loss_cls: 0.1409, acc: 95.7357, loss_bbox: 0.1717, loss: 0.5896
2020-11-09 17:03:30,314 - mmdet - INFO - Epoch [1][86/733]	lr: 3.417e-03, eta: 4:56:04, time: 0.569, data_time: 0.032, memory: 2582, loss_rpn_cls: 0.2127, loss_rpn_bbox: 0.0835, loss_cls: 0.1953, acc: 95.0928, loss_bbox: 0.1416, loss: 0.6330
2020-11-09 17:03:31,461 - mmdet - INFO - Epoch [1][88/733]	lr: 3.497e-03, eta: 4:55:40, time: 0.573, data_time: 0.032, memory: 2582, loss_rpn_cls: 0.2247, loss_rpn_bbox: 0.1188, loss_cls: 0.1887, acc: 94.4661, loss_bbox: 0.1830, loss: 0.7151
2020-11-09 17:03:32,781 - mmdet - INFO - Epoch [1][90/733]	lr: 3.576e-03, eta: 4:56:13, time: 0.660, data_time: 0.098, memory: 2582, loss_rpn_cls: 0.2261, loss_rpn_bbox: 0.0981, loss_cls: 0.1816, acc: 95.0439, loss_bbox: 0.1771, loss: 0.6829
2020-11-09 17:03:33,908 - mmdet - INFO - Epoch [1][92/733]	lr: 3.656e-03, eta: 4:55:44, time: 0.563, data_time: 0.032, memory: 2582, loss_rpn_cls: 0.1802, loss_rpn_bbox: 0.0626, loss_cls: 0.1288, acc: 96.5169, loss_bbox: 0.1418, loss: 0.5134
2020-11-09 17:03:35,037 - mmdet - INFO - Epoch [1][94/733]	lr: 3.736e-03, eta: 4:55:16, time: 0.565, data_time: 0.031, memory: 2582, loss_rpn_cls: 0.2202, loss_rpn_bbox: 0.0959, loss_cls: 0.2286, acc: 93.6117, loss_bbox: 0.1816, loss: 0.7264
2020-11-09 17:03:36,154 - mmdet - INFO - Epoch [1][96/733]	lr: 3.816e-03, eta: 4:54:46, time: 0.559, data_time: 0.032, memory: 2582, loss_rpn_cls: 0.1844, loss_rpn_bbox: 0.0846, loss_cls: 0.1791, acc: 94.7266, loss_bbox: 0.1509, loss: 0.5989
2020-11-09 17:03:37,249 - mmdet - INFO - Epoch [1][98/733]	lr: 3.896e-03, eta: 4:54:10, time: 0.548, data_time: 0.033, memory: 2582, loss_rpn_cls: 0.1881, loss_rpn_bbox: 0.0904, loss_cls: 0.1698, acc: 94.8893, loss_bbox: 0.1732, loss: 0.6215
2020-11-09 17:03:38,353 - mmdet - INFO - Epoch [1][100/733]	lr: 3.976e-03, eta: 4:53:39, time: 0.552, data_time: 0.032, memory: 2582, loss_rpn_cls: 0.1726, loss_rpn_bbox: 0.0705, loss_cls: 0.1666, acc: 95.0195, loss_bbox: 0.1635, loss: 0.5732
2020-11-09 17:03:39,591 - mmdet - INFO - Epoch [1][102/733]	lr: 4.056e-03, eta: 4:53:47, time: 0.619, data_time: 0.098, memory: 2582, loss_rpn_cls: 0.1709, loss_rpn_bbox: 0.0721, loss_cls: 0.1723, acc: 94.8405, loss_bbox: 0.1645, loss: 0.5798
2020-11-09 17:03:40,740 - mmdet - INFO - Epoch [1][104/733]	lr: 4.136e-03, eta: 4:53:29, time: 0.575, data_time: 0.032, memory: 2582, loss_rpn_cls: 0.2232, loss_rpn_bbox: 0.1165, loss_cls: 0.1999, acc: 93.8232, loss_bbox: 0.1881, loss: 0.7276
2020-11-09 17:03:41,917 - mmdet - INFO - Epoch [1][106/733]	lr: 4.216e-03, eta: 4:53:20, time: 0.588, data_time: 0.033, memory: 2582, loss_rpn_cls: 0.1919, loss_rpn_bbox: 0.0975, loss_cls: 0.1608, acc: 94.8893, loss_bbox: 0.1483, loss: 0.5986
2020-11-09 17:03:43,047 - mmdet - INFO - Epoch [1][108/733]	lr: 4.296e-03, eta: 4:52:59, time: 0.565, data_time: 0.032, memory: 2582, loss_rpn_cls: 0.2024, loss_rpn_bbox: 0.1066, loss_cls: 0.1608, acc: 95.1335, loss_bbox: 0.1574, loss: 0.6272
2020-11-09 17:03:44,182 - mmdet - INFO - Epoch [1][110/733]	lr: 4.376e-03, eta: 4:52:39, time: 0.567, data_time: 0.032, memory: 2582, loss_rpn_cls: 0.1783, loss_rpn_bbox: 0.0913, loss_cls: 0.1296, acc: 96.3053, loss_bbox: 0.1255, loss: 0.5247
2020-11-09 17:03:45,301 - mmdet - INFO - Epoch [1][112/733]	lr: 4.456e-03, eta: 4:52:16, time: 0.560, data_time: 0.032, memory: 2582, loss_rpn_cls: 0.1399, loss_rpn_bbox: 0.0628, loss_cls: 0.1255, acc: 95.9880, loss_bbox: 0.1465, loss: 0.4747
2020-11-09 17:03:46,548 - mmdet - INFO - Epoch [1][114/733]	lr: 4.535e-03, eta: 4:52:27, time: 0.623, data_time: 0.096, memory: 2582, loss_rpn_cls: 0.1519, loss_rpn_bbox: 0.0725, loss_cls: 0.1467, acc: 95.5811, loss_bbox: 0.1604, loss: 0.5314
2020-11-09 17:03:47,646 - mmdet - INFO - Epoch [1][116/733]	lr: 4.615e-03, eta: 4:52:00, time: 0.549, data_time: 0.033, memory: 2582, loss_rpn_cls: 0.1653, loss_rpn_bbox: 0.0815, loss_cls: 0.1517, acc: 95.4997, loss_bbox: 0.1511, loss: 0.5496
2020-11-09 17:03:48,717 - mmdet - INFO - Epoch [1][118/733]	lr: 4.695e-03, eta: 4:51:27, time: 0.536, data_time: 0.033, memory: 2582, loss_rpn_cls: 0.1710, loss_rpn_bbox: 0.1042, loss_cls: 0.1574, acc: 95.3532, loss_bbox: 0.1646, loss: 0.5972
2020-11-09 17:03:49,780 - mmdet - INFO - Epoch [1][120/733]	lr: 4.775e-03, eta: 4:50:53, time: 0.531, data_time: 0.033, memory: 2582, loss_rpn_cls: 0.1571, loss_rpn_bbox: 0.0824, loss_cls: 0.1691, acc: 94.9788, loss_bbox: 0.1409, loss: 0.5495
2020-11-09 17:03:50,829 - mmdet - INFO - Epoch [1][122/733]	lr: 4.855e-03, eta: 4:50:16, time: 0.524, data_time: 0.032, memory: 2582, loss_rpn_cls: 0.1228, loss_rpn_bbox: 0.0702, loss_cls: 0.1685, acc: 94.9788, loss_bbox: 0.1510, loss: 0.5126
2020-11-09 17:03:51,915 - mmdet - INFO - Epoch [1][124/733]	lr: 4.935e-03, eta: 4:49:50, time: 0.543, data_time: 0.032, memory: 2582, loss_rpn_cls: 0.1757, loss_rpn_bbox: 0.0894, loss_cls: 0.1700, acc: 95.3532, loss_bbox: 0.1577, loss: 0.5928
2020-11-09 17:03:53,121 - mmdet - INFO - Epoch [1][126/733]	lr: 5.015e-03, eta: 4:49:52, time: 0.603, data_time: 0.098, memory: 2582, loss_rpn_cls: 0.1453, loss_rpn_bbox: 0.0868, loss_cls: 0.1255, acc: 96.3786, loss_bbox: 0.1300, loss: 0.4876
2020-11-09 17:03:54,230 - mmdet - INFO - Epoch [1][128/733]	lr: 5.095e-03, eta: 4:49:32, time: 0.554, data_time: 0.032, memory: 2582, loss_rpn_cls: 0.1230, loss_rpn_bbox: 0.0559, loss_cls: 0.1227, acc: 96.3949, loss_bbox: 0.1454, loss: 0.4470
2020-11-09 17:03:55,332 - mmdet - INFO - Epoch [1][130/733]	lr: 5.175e-03, eta: 4:49:11, time: 0.551, data_time: 0.032, memory: 2582, loss_rpn_cls: 0.1533, loss_rpn_bbox: 0.1064, loss_cls: 0.1350, acc: 96.0286, loss_bbox: 0.1224, loss: 0.5171
2020-11-09 17:03:56,437 - mmdet - INFO - Epoch [1][132/733]	lr: 5.255e-03, eta: 4:48:51, time: 0.553, data_time: 0.032, memory: 2582, loss_rpn_cls: 0.1276, loss_rpn_bbox: 0.0666, loss_cls: 0.1373, acc: 96.0286, loss_bbox: 0.1443, loss: 0.4758
2020-11-09 17:03:57,580 - mmdet - INFO - Epoch [1][134/733]	lr: 5.335e-03, eta: 4:48:41, time: 0.572, data_time: 0.050, memory: 2582, loss_rpn_cls: 0.1578, loss_rpn_bbox: 0.0970, loss_cls: 0.1499, acc: 95.5892, loss_bbox: 0.1267, loss: 0.5314
2020-11-09 17:03:58,669 - mmdet - INFO - Epoch [1][136/733]	lr: 5.415e-03, eta: 4:48:18, time: 0.545, data_time: 0.032, memory: 2582, loss_rpn_cls: 0.1654, loss_rpn_bbox: 0.1140, loss_cls: 0.1349, acc: 96.1426, loss_bbox: 0.1490, loss: 0.5632
2020-11-09 17:04:00,013 - mmdet - INFO - Epoch [1][138/733]	lr: 5.495e-03, eta: 4:48:51, time: 0.672, data_time: 0.155, memory: 2582, loss_rpn_cls: 0.0995, loss_rpn_bbox: 0.0635, loss_cls: 0.1305, acc: 96.1019, loss_bbox: 0.1369, loss: 0.4304
2020-11-09 17:04:01,093 - mmdet - INFO - Epoch [1][140/733]	lr: 5.574e-03, eta: 4:48:27, time: 0.540, data_time: 0.032, memory: 2582, loss_rpn_cls: 0.2050, loss_rpn_bbox: 0.1042, loss_cls: 0.2028, acc: 94.2790, loss_bbox: 0.1282, loss: 0.6402
2020-11-09 17:04:02,171 - mmdet - INFO - Epoch [1][142/733]	lr: 5.654e-03, eta: 4:48:04, time: 0.539, data_time: 0.032, memory: 2582, loss_rpn_cls: 0.1864, loss_rpn_bbox: 0.1059, loss_cls: 0.1691, acc: 95.0277, loss_bbox: 0.1495, loss: 0.6109
2020-11-09 17:04:03,246 - mmdet - INFO - Epoch [1][144/733]	lr: 5.734e-03, eta: 4:47:40, time: 0.537, data_time: 0.032, memory: 2582, loss_rpn_cls: 0.1666, loss_rpn_bbox: 0.0829, loss_cls: 0.1625, acc: 95.4997, loss_bbox: 0.1290, loss: 0.5409
2020-11-09 17:04:04,349 - mmdet - INFO - Epoch [1][146/733]	lr: 5.814e-03, eta: 4:47:23, time: 0.552, data_time: 0.032, memory: 2582, loss_rpn_cls: 0.1638, loss_rpn_bbox: 0.0917, loss_cls: 0.1679, acc: 95.4590, loss_bbox: 0.1477, loss: 0.5710
2020-11-09 17:04:05,432 - mmdet - INFO - Epoch [1][148/733]	lr: 5.894e-03, eta: 4:47:02, time: 0.541, data_time: 0.032, memory: 2582, loss_rpn_cls: 0.1268, loss_rpn_bbox: 0.0639, loss_cls: 0.1230, acc: 97.0296, loss_bbox: 0.1088, loss: 0.4226
2020-11-09 17:04:06,633 - mmdet - INFO - Epoch [1][150/733]	lr: 5.974e-03, eta: 4:47:05, time: 0.600, data_time: 0.096, memory: 2582, loss_rpn_cls: 0.1562, loss_rpn_bbox: 0.0840, loss_cls: 0.1439, acc: 95.7926, loss_bbox: 0.1172, loss: 0.5013
2020-11-09 17:04:07,816 - mmdet - INFO - Epoch [1][152/733]	lr: 6.054e-03, eta: 4:47:04, time: 0.592, data_time: 0.032, memory: 2582, loss_rpn_cls: 0.1173, loss_rpn_bbox: 0.0799, loss_cls: 0.1192, acc: 96.5332, loss_bbox: 0.1295, loss: 0.4458
2020-11-09 17:04:08,896 - mmdet - INFO - Epoch [1][154/733]	lr: 6.134e-03, eta: 4:46:44, time: 0.540, data_time: 0.033, memory: 2582, loss_rpn_cls: 0.1237, loss_rpn_bbox: 0.0698, loss_cls: 0.1312, acc: 96.0937, loss_bbox: 0.1259, loss: 0.4505
2020-11-09 17:04:09,967 - mmdet - INFO - Epoch [1][156/733]	lr: 6.214e-03, eta: 4:46:22, time: 0.536, data_time: 0.032, memory: 2582, loss_rpn_cls: 0.1373, loss_rpn_bbox: 0.0546, loss_cls: 0.1402, acc: 95.5973, loss_bbox: 0.1292, loss: 0.4613
2020-11-09 17:04:11,037 - mmdet - INFO - Epoch [1][158/733]	lr: 6.294e-03, eta: 4:46:01, time: 0.535, data_time: 0.031, memory: 2582, loss_rpn_cls: 0.1309, loss_rpn_bbox: 0.0747, loss_cls: 0.1493, acc: 96.1100, loss_bbox: 0.1150, loss: 0.4700
2020-11-09 17:04:12,110 - mmdet - INFO - Epoch [1][160/733]	lr: 6.374e-03, eta: 4:45:41, time: 0.536, data_time: 0.031, memory: 2582, loss_rpn_cls: 0.1557, loss_rpn_bbox: 0.0937, loss_cls: 0.1642, acc: 94.9137, loss_bbox: 0.1504, loss: 0.5641
2020-11-09 17:04:13,300 - mmdet - INFO - Epoch [1][162/733]	lr: 6.454e-03, eta: 4:45:42, time: 0.595, data_time: 0.098, memory: 2582, loss_rpn_cls: 0.0864, loss_rpn_bbox: 0.0326, loss_cls: 0.1092, acc: 96.7041, loss_bbox: 0.1146, loss: 0.3428
2020-11-09 17:04:14,357 - mmdet - INFO - Epoch [1][164/733]	lr: 6.533e-03, eta: 4:45:20, time: 0.528, data_time: 0.031, memory: 2582, loss_rpn_cls: 0.1691, loss_rpn_bbox: 0.1152, loss_cls: 0.1304, acc: 96.2646, loss_bbox: 0.1357, loss: 0.5504
2020-11-09 17:04:15,405 - mmdet - INFO - Epoch [1][166/733]	lr: 6.613e-03, eta: 4:44:57, time: 0.524, data_time: 0.032, memory: 2582, loss_rpn_cls: 0.1299, loss_rpn_bbox: 0.0828, loss_cls: 0.1405, acc: 96.1670, loss_bbox: 0.1242, loss: 0.4774
2020-11-09 17:04:16,485 - mmdet - INFO - Epoch [1][168/733]	lr: 6.693e-03, eta: 4:44:39, time: 0.540, data_time: 0.032, memory: 2582, loss_rpn_cls: 0.1025, loss_rpn_bbox: 0.0649, loss_cls: 0.1323, acc: 96.0042, loss_bbox: 0.1309, loss: 0.4307
2020-11-09 17:04:17,579 - mmdet - INFO - Epoch [1][170/733]	lr: 6.773e-03, eta: 4:44:25, time: 0.547, data_time: 0.032, memory: 2582, loss_rpn_cls: 0.1654, loss_rpn_bbox: 0.1080, loss_cls: 0.1496, acc: 95.5973, loss_bbox: 0.1300, loss: 0.5529
2020-11-09 17:04:18,643 - mmdet - INFO - Epoch [1][172/733]	lr: 6.853e-03, eta: 4:44:06, time: 0.532, data_time: 0.032, memory: 2582, loss_rpn_cls: 0.1343, loss_rpn_bbox: 0.1091, loss_cls: 0.1199, acc: 96.6715, loss_bbox: 0.1115, loss: 0.4748
2020-11-09 17:04:19,876 - mmdet - INFO - Epoch [1][174/733]	lr: 6.933e-03, eta: 4:44:15, time: 0.617, data_time: 0.097, memory: 2582, loss_rpn_cls: 0.1517, loss_rpn_bbox: 0.0928, loss_cls: 0.1227, acc: 96.5006, loss_bbox: 0.0953, loss: 0.4625
2020-11-09 17:04:20,970 - mmdet - INFO - Epoch [1][176/733]	lr: 7.013e-03, eta: 4:44:01, time: 0.547, data_time: 0.032, memory: 2582, loss_rpn_cls: 0.0931, loss_rpn_bbox: 0.0632, loss_cls: 0.1233, acc: 96.7611, loss_bbox: 0.1068, loss: 0.3863
2020-11-09 17:04:22,101 - mmdet - INFO - Epoch [1][178/733]	lr: 7.093e-03, eta: 4:43:54, time: 0.565, data_time: 0.032, memory: 2582, loss_rpn_cls: 0.1891, loss_rpn_bbox: 0.1117, loss_cls: 0.1602, acc: 95.5892, loss_bbox: 0.1271, loss: 0.5881
2020-11-09 17:04:23,176 - mmdet - INFO - Epoch [1][180/733]	lr: 7.173e-03, eta: 4:43:37, time: 0.537, data_time: 0.032, memory: 2582, loss_rpn_cls: 0.1181, loss_rpn_bbox: 0.0929, loss_cls: 0.1447, acc: 95.7601, loss_bbox: 0.1327, loss: 0.4884
2020-11-09 17:04:24,216 - mmdet - INFO - Epoch [1][182/733]	lr: 7.253e-03, eta: 4:43:16, time: 0.520, data_time: 0.032, memory: 2582, loss_rpn_cls: 0.1296, loss_rpn_bbox: 0.0754, loss_cls: 0.1199, acc: 96.8099, loss_bbox: 0.1026, loss: 0.4275
2020-11-09 17:04:25,281 - mmdet - INFO - Epoch [1][184/733]	lr: 7.333e-03, eta: 4:42:58, time: 0.532, data_time: 0.032, memory: 2582, loss_rpn_cls: 0.1024, loss_rpn_bbox: 0.0552, loss_cls: 0.1781, acc: 95.2718, loss_bbox: 0.1381, loss: 0.4737
2020-11-09 17:04:26,436 - mmdet - INFO - Epoch [1][186/733]	lr: 7.413e-03, eta: 4:42:56, time: 0.577, data_time: 0.097, memory: 2582, loss_rpn_cls: 0.1259, loss_rpn_bbox: 0.0954, loss_cls: 0.1479, acc: 95.6299, loss_bbox: 0.1289, loss: 0.4980
2020-11-09 17:04:27,511 - mmdet - INFO - Epoch [1][188/733]	lr: 7.493e-03, eta: 4:42:40, time: 0.538, data_time: 0.041, memory: 2582, loss_rpn_cls: 0.1401, loss_rpn_bbox: 0.1113, loss_cls: 0.1521, acc: 95.9228, loss_bbox: 0.1215, loss: 0.5250
2020-11-09 17:04:28,555 - mmdet - INFO - Epoch [1][190/733]	lr: 7.572e-03, eta: 4:42:21, time: 0.522, data_time: 0.032, memory: 2582, loss_rpn_cls: 0.1592, loss_rpn_bbox: 0.0810, loss_cls: 0.1414, acc: 96.1833, loss_bbox: 0.1225, loss: 0.5041
2020-11-09 17:04:29,601 - mmdet - INFO - Epoch [1][192/733]	lr: 7.652e-03, eta: 4:42:02, time: 0.523, data_time: 0.032, memory: 2582, loss_rpn_cls: 0.1365, loss_rpn_bbox: 0.0853, loss_cls: 0.1591, acc: 96.0693, loss_bbox: 0.1236, loss: 0.5044
2020-11-09 17:04:30,648 - mmdet - INFO - Epoch [1][194/733]	lr: 7.732e-03, eta: 4:41:43, time: 0.523, data_time: 0.031, memory: 2582, loss_rpn_cls: 0.0849, loss_rpn_bbox: 0.0461, loss_cls: 0.1015, acc: 97.0052, loss_bbox: 0.0852, loss: 0.3177
2020-11-09 17:04:31,712 - mmdet - INFO - Epoch [1][196/733]	lr: 7.812e-03, eta: 4:41:28, time: 0.532, data_time: 0.031, memory: 2582, loss_rpn_cls: 0.1056, loss_rpn_bbox: 0.0607, loss_cls: 0.1306, acc: 96.3135, loss_bbox: 0.0958, loss: 0.3927
2020-11-09 17:04:32,847 - mmdet - INFO - Epoch [1][198/733]	lr: 7.892e-03, eta: 4:41:23, time: 0.568, data_time: 0.094, memory: 2582, loss_rpn_cls: 0.0975, loss_rpn_bbox: 0.0760, loss_cls: 0.1151, acc: 96.6634, loss_bbox: 0.1146, loss: 0.4032
2020-11-09 17:04:33,934 - mmdet - INFO - Epoch [1][200/733]	lr: 7.972e-03, eta: 4:41:11, time: 0.543, data_time: 0.032, memory: 2582, loss_rpn_cls: 0.1847, loss_rpn_bbox: 0.0967, loss_cls: 0.1985, acc: 94.3034, loss_bbox: 0.1227, loss: 0.6026
2020-11-09 17:04:35,045 - mmdet - INFO - Epoch [1][202/733]	lr: 8.052e-03, eta: 4:41:03, time: 0.556, data_time: 0.033, memory: 2582, loss_rpn_cls: 0.1533, loss_rpn_bbox: 0.0863, loss_cls: 0.1393, acc: 96.3298, loss_bbox: 0.1059, loss: 0.4849
2020-11-09 17:04:36,094 - mmdet - INFO - Epoch [1][204/733]	lr: 8.132e-03, eta: 4:40:47, time: 0.525, data_time: 0.032, memory: 2582, loss_rpn_cls: 0.1723, loss_rpn_bbox: 0.1001, loss_cls: 0.1332, acc: 96.1751, loss_bbox: 0.1084, loss: 0.5139
2020-11-09 17:04:37,174 - mmdet - INFO - Epoch [1][206/733]	lr: 8.212e-03, eta: 4:40:35, time: 0.540, data_time: 0.032, memory: 2582, loss_rpn_cls: 0.1813, loss_rpn_bbox: 0.0800, loss_cls: 0.2061, acc: 94.8649, loss_bbox: 0.1207, loss: 0.5882
2020-11-09 17:04:38,241 - mmdet - INFO - Epoch [1][208/733]	lr: 8.292e-03, eta: 4:40:21, time: 0.533, data_time: 0.032, memory: 2582, loss_rpn_cls: 0.1391, loss_rpn_bbox: 0.0741, loss_cls: 0.1346, acc: 96.4030, loss_bbox: 0.1039, loss: 0.4518
2020-11-09 17:04:39,393 - mmdet - INFO - Epoch [1][210/733]	lr: 8.372e-03, eta: 4:40:19, time: 0.576, data_time: 0.100, memory: 2582, loss_rpn_cls: 0.1328, loss_rpn_bbox: 0.0729, loss_cls: 0.1310, acc: 96.7204, loss_bbox: 0.0969, loss: 0.4336
2020-11-09 17:04:40,464 - mmdet - INFO - Epoch [1][212/733]	lr: 8.452e-03, eta: 4:40:06, time: 0.536, data_time: 0.033, memory: 2582, loss_rpn_cls: 0.1063, loss_rpn_bbox: 0.0738, loss_cls: 0.1431, acc: 95.7031, loss_bbox: 0.1235, loss: 0.4467
2020-11-09 17:04:41,532 - mmdet - INFO - Epoch [1][214/733]	lr: 8.531e-03, eta: 4:39:53, time: 0.534, data_time: 0.032, memory: 2582, loss_rpn_cls: 0.1512, loss_rpn_bbox: 0.0816, loss_cls: 0.1652, acc: 95.2799, loss_bbox: 0.1177, loss: 0.5157
2020-11-09 17:04:42,595 - mmdet - INFO - Epoch [1][216/733]	lr: 8.611e-03, eta: 4:39:40, time: 0.532, data_time: 0.032, memory: 2582, loss_rpn_cls: 0.1170, loss_rpn_bbox: 0.0492, loss_cls: 0.1377, acc: 96.3949, loss_bbox: 0.0926, loss: 0.3965
2020-11-09 17:04:43,659 - mmdet - INFO - Epoch [1][218/733]	lr: 8.691e-03, eta: 4:39:27, time: 0.532, data_time: 0.032, memory: 2582, loss_rpn_cls: 0.1128, loss_rpn_bbox: 0.0510, loss_cls: 0.1153, acc: 96.9971, loss_bbox: 0.0850, loss: 0.3640
2020-11-09 17:04:44,699 - mmdet - INFO - Epoch [1][220/733]	lr: 8.771e-03, eta: 4:39:11, time: 0.520, data_time: 0.032, memory: 2582, loss_rpn_cls: 0.1252, loss_rpn_bbox: 0.1079, loss_cls: 0.1406, acc: 95.5973, loss_bbox: 0.1368, loss: 0.5105
2020-11-09 17:04:45,841 - mmdet - INFO - Epoch [1][222/733]	lr: 8.851e-03, eta: 4:39:09, time: 0.571, data_time: 0.099, memory: 2582, loss_rpn_cls: 0.1115, loss_rpn_bbox: 0.0615, loss_cls: 0.1314, acc: 96.4030, loss_bbox: 0.1082, loss: 0.4125
2020-11-09 17:04:46,909 - mmdet - INFO - Epoch [1][224/733]	lr: 8.931e-03, eta: 4:38:57, time: 0.534, data_time: 0.033, memory: 2582, loss_rpn_cls: 0.1573, loss_rpn_bbox: 0.0736, loss_cls: 0.1680, acc: 94.7998, loss_bbox: 0.1350, loss: 0.5339
2020-11-09 17:04:47,977 - mmdet - INFO - Epoch [1][226/733]	lr: 9.011e-03, eta: 4:38:45, time: 0.534, data_time: 0.032, memory: 2582, loss_rpn_cls: 0.1369, loss_rpn_bbox: 0.0782, loss_cls: 0.1696, acc: 94.8649, loss_bbox: 0.1173, loss: 0.5020
2020-11-09 17:04:49,035 - mmdet - INFO - Epoch [1][228/733]	lr: 9.091e-03, eta: 4:38:32, time: 0.529, data_time: 0.033, memory: 2582, loss_rpn_cls: 0.1328, loss_rpn_bbox: 0.0994, loss_cls: 0.1441, acc: 95.7764, loss_bbox: 0.1214, loss: 0.4977
2020-11-09 17:04:50,109 - mmdet - INFO - Epoch [1][230/733]	lr: 9.171e-03, eta: 4:38:21, time: 0.537, data_time: 0.033, memory: 2582, loss_rpn_cls: 0.1277, loss_rpn_bbox: 0.0879, loss_cls: 0.1388, acc: 95.8171, loss_bbox: 0.1158, loss: 0.4702
2020-11-09 17:04:51,178 - mmdet - INFO - Epoch [1][232/733]	lr: 9.251e-03, eta: 4:38:10, time: 0.535, data_time: 0.031, memory: 2582, loss_rpn_cls: 0.1108, loss_rpn_bbox: 0.0567, loss_cls: 0.1516, acc: 95.7194, loss_bbox: 0.1384, loss: 0.4574
2020-11-09 17:04:52,321 - mmdet - INFO - Epoch [1][234/733]	lr: 9.331e-03, eta: 4:38:08, time: 0.571, data_time: 0.099, memory: 2582, loss_rpn_cls: 0.1356, loss_rpn_bbox: 0.0906, loss_cls: 0.1542, acc: 95.5973, loss_bbox: 0.1268, loss: 0.5072
2020-11-09 17:04:53,392 - mmdet - INFO - Epoch [1][236/733]	lr: 9.411e-03, eta: 4:37:58, time: 0.536, data_time: 0.033, memory: 2582, loss_rpn_cls: 0.1441, loss_rpn_bbox: 0.0923, loss_cls: 0.1760, acc: 94.8893, loss_bbox: 0.1306, loss: 0.5430
2020-11-09 17:04:54,435 - mmdet - INFO - Epoch [1][238/733]	lr: 9.491e-03, eta: 4:37:44, time: 0.521, data_time: 0.033, memory: 2582, loss_rpn_cls: 0.0919, loss_rpn_bbox: 0.0628, loss_cls: 0.1133, acc: 96.9645, loss_bbox: 0.1058, loss: 0.3738
2020-11-09 17:04:55,509 - mmdet - INFO - Epoch [1][240/733]	lr: 9.570e-03, eta: 4:37:34, time: 0.537, data_time: 0.032, memory: 2582, loss_rpn_cls: 0.0985, loss_rpn_bbox: 0.0861, loss_cls: 0.1449, acc: 95.7031, loss_bbox: 0.1311, loss: 0.4606
2020-11-09 17:04:56,602 - mmdet - INFO - Epoch [1][242/733]	lr: 9.650e-03, eta: 4:37:27, time: 0.546, data_time: 0.034, memory: 2582, loss_rpn_cls: 0.1107, loss_rpn_bbox: 0.0864, loss_cls: 0.1375, acc: 95.7357, loss_bbox: 0.1259, loss: 0.4605
2020-11-09 17:04:57,669 - mmdet - INFO - Epoch [1][244/733]	lr: 9.730e-03, eta: 4:37:16, time: 0.533, data_time: 0.033, memory: 2582, loss_rpn_cls: 0.1649, loss_rpn_bbox: 0.0863, loss_cls: 0.1507, acc: 95.5892, loss_bbox: 0.1225, loss: 0.5244
2020-11-09 17:04:58,811 - mmdet - INFO - Epoch [1][246/733]	lr: 9.810e-03, eta: 4:37:15, time: 0.571, data_time: 0.098, memory: 2582, loss_rpn_cls: 0.1207, loss_rpn_bbox: 0.0840, loss_cls: 0.1352, acc: 96.1100, loss_bbox: 0.1224, loss: 0.4624
2020-11-09 17:04:59,872 - mmdet - INFO - Epoch [1][248/733]	lr: 9.890e-03, eta: 4:37:04, time: 0.530, data_time: 0.032, memory: 2582, loss_rpn_cls: 0.1145, loss_rpn_bbox: 0.0668, loss_cls: 0.1690, acc: 94.7266, loss_bbox: 0.1377, loss: 0.4880
2020-11-09 17:05:00,935 - mmdet - INFO - Epoch [1][250/733]	lr: 9.970e-03, eta: 4:36:53, time: 0.531, data_time: 0.032, memory: 2582, loss_rpn_cls: 0.1128, loss_rpn_bbox: 0.0616, loss_cls: 0.1271, acc: 96.4518, loss_bbox: 0.0991, loss: 0.4004
2020-11-09 17:05:01,983 - mmdet - INFO - Epoch [1][252/733]	lr: 1.005e-02, eta: 4:36:41, time: 0.524, data_time: 0.032, memory: 2582, loss_rpn_cls: 0.1226, loss_rpn_bbox: 0.0732, loss_cls: 0.1570, acc: 94.9951, loss_bbox: 0.1425, loss: 0.4954
2020-11-09 17:05:03,030 - mmdet - INFO - Epoch [1][254/733]	lr: 1.013e-02, eta: 4:36:29, time: 0.523, data_time: 0.032, memory: 2582, loss_rpn_cls: 0.0876, loss_rpn_bbox: 0.0684, loss_cls: 0.1279, acc: 96.2565, loss_bbox: 0.1254, loss: 0.4093
2020-11-09 17:05:04,156 - mmdet - INFO - Epoch [1][256/733]	lr: 1.021e-02, eta: 4:36:26, time: 0.563, data_time: 0.032, memory: 2582, loss_rpn_cls: 0.1301, loss_rpn_bbox: 0.0876, loss_cls: 0.1535, acc: 95.5404, loss_bbox: 0.1404, loss: 0.5116
2020-11-09 17:05:05,331 - mmdet - INFO - Epoch [1][258/733]	lr: 1.029e-02, eta: 4:36:29, time: 0.587, data_time: 0.102, memory: 2582, loss_rpn_cls: 0.1341, loss_rpn_bbox: 0.0700, loss_cls: 0.1476, acc: 95.6055, loss_bbox: 0.1177, loss: 0.4695
2020-11-09 17:05:06,381 - mmdet - INFO - Epoch [1][260/733]	lr: 1.037e-02, eta: 4:36:18, time: 0.525, data_time: 0.032, memory: 2582, loss_rpn_cls: 0.0913, loss_rpn_bbox: 0.0688, loss_cls: 0.1131, acc: 96.7855, loss_bbox: 0.0989, loss: 0.3720
2020-11-09 17:05:07,441 - mmdet - INFO - Epoch [1][262/733]	lr: 1.045e-02, eta: 4:36:08, time: 0.530, data_time: 0.032, memory: 2582, loss_rpn_cls: 0.0950, loss_rpn_bbox: 0.0533, loss_cls: 0.1209, acc: 96.3135, loss_bbox: 0.1373, loss: 0.4064
2020-11-09 17:05:08,515 - mmdet - INFO - Epoch [1][264/733]	lr: 1.053e-02, eta: 4:35:59, time: 0.537, data_time: 0.032, memory: 2582, loss_rpn_cls: 0.1018, loss_rpn_bbox: 0.0655, loss_cls: 0.1440, acc: 95.3532, loss_bbox: 0.1397, loss: 0.4510
2020-11-09 17:05:09,573 - mmdet - INFO - Epoch [1][266/733]	lr: 1.061e-02, eta: 4:35:49, time: 0.529, data_time: 0.032, memory: 2582, loss_rpn_cls: 0.1234, loss_rpn_bbox: 0.0736, loss_cls: 0.1718, acc: 94.0999, loss_bbox: 0.1510, loss: 0.5198
2020-11-09 17:05:10,603 - mmdet - INFO - Epoch [1][268/733]	lr: 1.069e-02, eta: 4:35:36, time: 0.515, data_time: 0.032, memory: 2582, loss_rpn_cls: 0.0615, loss_rpn_bbox: 0.0381, loss_cls: 0.1278, acc: 96.6146, loss_bbox: 0.1122, loss: 0.3396
2020-11-09 17:05:11,735 - mmdet - INFO - Epoch [1][270/733]	lr: 1.077e-02, eta: 4:35:34, time: 0.566, data_time: 0.098, memory: 2582, loss_rpn_cls: 0.1207, loss_rpn_bbox: 0.0646, loss_cls: 0.1653, acc: 95.5159, loss_bbox: 0.1378, loss: 0.4884
2020-11-09 17:05:12,798 - mmdet - INFO - Epoch [1][272/733]	lr: 1.085e-02, eta: 4:35:25, time: 0.531, data_time: 0.032, memory: 2582, loss_rpn_cls: 0.1101, loss_rpn_bbox: 0.0935, loss_cls: 0.1698, acc: 94.8893, loss_bbox: 0.1572, loss: 0.5305
2020-11-09 17:05:13,863 - mmdet - INFO - Epoch [1][274/733]	lr: 1.093e-02, eta: 4:35:16, time: 0.533, data_time: 0.031, memory: 2582, loss_rpn_cls: 0.1446, loss_rpn_bbox: 0.0964, loss_cls: 0.1778, acc: 94.2708, loss_bbox: 0.1596, loss: 0.5785
2020-11-09 17:05:14,940 - mmdet - INFO - Epoch [1][276/733]	lr: 1.101e-02, eta: 4:35:09, time: 0.538, data_time: 0.032, memory: 2582, loss_rpn_cls: 0.1011, loss_rpn_bbox: 0.0744, loss_cls: 0.1524, acc: 95.5566, loss_bbox: 0.1449, loss: 0.4728
2020-11-09 17:05:15,998 - mmdet - INFO - Epoch [1][278/733]	lr: 1.109e-02, eta: 4:34:59, time: 0.529, data_time: 0.032, memory: 2582, loss_rpn_cls: 0.1247, loss_rpn_bbox: 0.0802, loss_cls: 0.1486, acc: 95.7113, loss_bbox: 0.1338, loss: 0.4873
2020-11-09 17:05:17,039 - mmdet - INFO - Epoch [1][280/733]	lr: 1.117e-02, eta: 4:34:48, time: 0.521, data_time: 0.032, memory: 2582, loss_rpn_cls: 0.1118, loss_rpn_bbox: 0.0723, loss_cls: 0.1249, acc: 96.5088, loss_bbox: 0.1136, loss: 0.4227
2020-11-09 17:05:18,165 - mmdet - INFO - Epoch [1][282/733]	lr: 1.125e-02, eta: 4:34:46, time: 0.563, data_time: 0.096, memory: 2582, loss_rpn_cls: 0.1014, loss_rpn_bbox: 0.0748, loss_cls: 0.1602, acc: 95.2311, loss_bbox: 0.1414, loss: 0.4778
2020-11-09 17:05:19,202 - mmdet - INFO - Epoch [1][284/733]	lr: 1.133e-02, eta: 4:34:35, time: 0.519, data_time: 0.032, memory: 2582, loss_rpn_cls: 0.1181, loss_rpn_bbox: 0.0762, loss_cls: 0.1787, acc: 94.8568, loss_bbox: 0.1317, loss: 0.5047
2020-11-09 17:05:20,276 - mmdet - INFO - Epoch [1][286/733]	lr: 1.141e-02, eta: 4:34:28, time: 0.537, data_time: 0.034, memory: 2582, loss_rpn_cls: 0.1248, loss_rpn_bbox: 0.0830, loss_cls: 0.1586, acc: 95.1497, loss_bbox: 0.1331, loss: 0.4995
2020-11-09 17:05:21,358 - mmdet - INFO - Epoch [1][288/733]	lr: 1.149e-02, eta: 4:34:21, time: 0.541, data_time: 0.032, memory: 2582, loss_rpn_cls: 0.1531, loss_rpn_bbox: 0.1049, loss_cls: 0.1767, acc: 94.7673, loss_bbox: 0.1358, loss: 0.5705
2020-11-09 17:05:22,405 - mmdet - INFO - Epoch [1][290/733]	lr: 1.157e-02, eta: 4:34:11, time: 0.524, data_time: 0.032, memory: 2582, loss_rpn_cls: 0.0925, loss_rpn_bbox: 0.0602, loss_cls: 0.1305, acc: 96.3298, loss_bbox: 0.1148, loss: 0.3980
2020-11-09 17:05:23,479 - mmdet - INFO - Epoch [1][292/733]	lr: 1.165e-02, eta: 4:34:04, time: 0.537, data_time: 0.034, memory: 2582, loss_rpn_cls: 0.1246, loss_rpn_bbox: 0.0903, loss_cls: 0.1643, acc: 95.4020, loss_bbox: 0.1343, loss: 0.5136
2020-11-09 17:05:24,700 - mmdet - INFO - Epoch [1][294/733]	lr: 1.173e-02, eta: 4:34:12, time: 0.610, data_time: 0.096, memory: 2582, loss_rpn_cls: 0.1217, loss_rpn_bbox: 0.0529, loss_cls: 0.1388, acc: 95.9635, loss_bbox: 0.1148, loss: 0.4283
2020-11-09 17:05:25,768 - mmdet - INFO - Epoch [1][296/733]	lr: 1.181e-02, eta: 4:34:04, time: 0.534, data_time: 0.031, memory: 2582, loss_rpn_cls: 0.1042, loss_rpn_bbox: 0.0699, loss_cls: 0.1366, acc: 95.9554, loss_bbox: 0.1294, loss: 0.4401
2020-11-09 17:05:26,828 - mmdet - INFO - Epoch [1][298/733]	lr: 1.189e-02, eta: 4:33:56, time: 0.530, data_time: 0.032, memory: 2582, loss_rpn_cls: 0.1233, loss_rpn_bbox: 0.0904, loss_cls: 0.1423, acc: 95.5648, loss_bbox: 0.1373, loss: 0.4932
2020-11-09 17:05:27,871 - mmdet - INFO - Epoch [1][300/733]	lr: 1.197e-02, eta: 4:33:46, time: 0.522, data_time: 0.032, memory: 2582, loss_rpn_cls: 0.0941, loss_rpn_bbox: 0.0786, loss_cls: 0.1163, acc: 96.7773, loss_bbox: 0.1134, loss: 0.4024
2020-11-09 17:05:28,921 - mmdet - INFO - Epoch [1][302/733]	lr: 1.205e-02, eta: 4:33:37, time: 0.525, data_time: 0.032, memory: 2582, loss_rpn_cls: 0.1250, loss_rpn_bbox: 0.0631, loss_cls: 0.1491, acc: 95.5566, loss_bbox: 0.1083, loss: 0.4456
2020-11-09 17:05:29,963 - mmdet - INFO - Epoch [1][304/733]	lr: 1.213e-02, eta: 4:33:28, time: 0.521, data_time: 0.033, memory: 2582, loss_rpn_cls: 0.0993, loss_rpn_bbox: 0.0718, loss_cls: 0.1361, acc: 96.2809, loss_bbox: 0.1224, loss: 0.4296
2020-11-09 17:05:31,118 - mmdet - INFO - Epoch [1][306/733]	lr: 1.221e-02, eta: 4:33:29, time: 0.577, data_time: 0.097, memory: 2582, loss_rpn_cls: 0.1063, loss_rpn_bbox: 0.0645, loss_cls: 0.1644, acc: 95.6462, loss_bbox: 0.1288, loss: 0.4640
2020-11-09 17:05:32,156 - mmdet - INFO - Epoch [1][308/733]	lr: 1.229e-02, eta: 4:33:19, time: 0.519, data_time: 0.032, memory: 2582, loss_rpn_cls: 0.0962, loss_rpn_bbox: 0.0724, loss_cls: 0.1522, acc: 95.3044, loss_bbox: 0.1294, loss: 0.4503
2020-11-09 17:05:33,199 - mmdet - INFO - Epoch [1][310/733]	lr: 1.237e-02, eta: 4:33:09, time: 0.522, data_time: 0.032, memory: 2582, loss_rpn_cls: 0.1219, loss_rpn_bbox: 0.0788, loss_cls: 0.1418, acc: 95.7194, loss_bbox: 0.1268, loss: 0.4693
2020-11-09 17:05:34,239 - mmdet - INFO - Epoch [1][312/733]	lr: 1.245e-02, eta: 4:33:00, time: 0.520, data_time: 0.032, memory: 2582, loss_rpn_cls: 0.0747, loss_rpn_bbox: 0.0411, loss_cls: 0.1327, acc: 96.2809, loss_bbox: 0.1054, loss: 0.3538
2020-11-09 17:05:35,288 - mmdet - INFO - Epoch [1][314/733]	lr: 1.253e-02, eta: 4:32:51, time: 0.525, data_time: 0.032, memory: 2582, loss_rpn_cls: 0.1185, loss_rpn_bbox: 0.0451, loss_cls: 0.2068, acc: 95.0602, loss_bbox: 0.1417, loss: 0.5121
2020-11-09 17:05:36,427 - mmdet - INFO - Epoch [1][316/733]	lr: 1.261e-02, eta: 4:32:51, time: 0.569, data_time: 0.032, memory: 2582, loss_rpn_cls: 0.1300, loss_rpn_bbox: 0.0794, loss_cls: 0.1758, acc: 94.5475, loss_bbox: 0.1327, loss: 0.5179
2020-11-09 17:05:37,611 - mmdet - INFO - Epoch [1][318/733]	lr: 1.269e-02, eta: 4:32:55, time: 0.592, data_time: 0.098, memory: 2582, loss_rpn_cls: 0.1061, loss_rpn_bbox: 0.0634, loss_cls: 0.1248, acc: 97.0947, loss_bbox: 0.0873, loss: 0.3816
2020-11-09 17:05:38,668 - mmdet - INFO - Epoch [1][320/733]	lr: 1.277e-02, eta: 4:32:47, time: 0.529, data_time: 0.032, memory: 2582, loss_rpn_cls: 0.1252, loss_rpn_bbox: 0.0688, loss_cls: 0.2082, acc: 94.1406, loss_bbox: 0.1548, loss: 0.5571
2020-11-09 17:05:39,731 - mmdet - INFO - Epoch [1][322/733]	lr: 1.285e-02, eta: 4:32:40, time: 0.531, data_time: 0.033, memory: 2582, loss_rpn_cls: 0.1013, loss_rpn_bbox: 0.0605, loss_cls: 0.1582, acc: 95.7031, loss_bbox: 0.1304, loss: 0.4503
2020-11-09 17:05:40,803 - mmdet - INFO - Epoch [1][324/733]	lr: 1.293e-02, eta: 4:32:34, time: 0.536, data_time: 0.032, memory: 2582, loss_rpn_cls: 0.1249, loss_rpn_bbox: 0.0663, loss_cls: 0.1620, acc: 95.4915, loss_bbox: 0.1298, loss: 0.4829
2020-11-09 17:05:41,873 - mmdet - INFO - Epoch [1][326/733]	lr: 1.301e-02, eta: 4:32:28, time: 0.535, data_time: 0.033, memory: 2582, loss_rpn_cls: 0.1036, loss_rpn_bbox: 0.0536, loss_cls: 0.1654, acc: 95.1090, loss_bbox: 0.1523, loss: 0.4749
2020-11-09 17:05:42,914 - mmdet - INFO - Epoch [1][328/733]	lr: 1.309e-02, eta: 4:32:19, time: 0.520, data_time: 0.032, memory: 2582, loss_rpn_cls: 0.1188, loss_rpn_bbox: 0.1001, loss_cls: 0.1330, acc: 96.4111, loss_bbox: 0.1289, loss: 0.4808
2020-11-09 17:05:44,048 - mmdet - INFO - Epoch [1][330/733]	lr: 1.317e-02, eta: 4:32:19, time: 0.567, data_time: 0.099, memory: 2582, loss_rpn_cls: 0.1376, loss_rpn_bbox: 0.0967, loss_cls: 0.1607, acc: 94.9626, loss_bbox: 0.1400, loss: 0.5350
2020-11-09 17:05:45,108 - mmdet - INFO - Epoch [1][332/733]	lr: 1.325e-02, eta: 4:32:12, time: 0.530, data_time: 0.031, memory: 2582, loss_rpn_cls: 0.0919, loss_rpn_bbox: 0.0733, loss_cls: 0.1227, acc: 96.4681, loss_bbox: 0.1120, loss: 0.3999
2020-11-09 17:05:46,162 - mmdet - INFO - Epoch [1][334/733]	lr: 1.333e-02, eta: 4:32:04, time: 0.527, data_time: 0.032, memory: 2582, loss_rpn_cls: 0.1033, loss_rpn_bbox: 0.0642, loss_cls: 0.1243, acc: 96.5251, loss_bbox: 0.0992, loss: 0.3910
2020-11-09 17:05:47,200 - mmdet - INFO - Epoch [1][336/733]	lr: 1.341e-02, eta: 4:31:55, time: 0.519, data_time: 0.032, memory: 2582, loss_rpn_cls: 0.1479, loss_rpn_bbox: 0.0825, loss_cls: 0.1780, acc: 94.7184, loss_bbox: 0.1458, loss: 0.5541
2020-11-09 17:05:48,233 - mmdet - INFO - Epoch [1][338/733]	lr: 1.349e-02, eta: 4:31:46, time: 0.516, data_time: 0.032, memory: 2582, loss_rpn_cls: 0.1042, loss_rpn_bbox: 0.0693, loss_cls: 0.1274, acc: 96.2646, loss_bbox: 0.0992, loss: 0.4000
2020-11-09 17:05:49,274 - mmdet - INFO - Epoch [1][340/733]	lr: 1.357e-02, eta: 4:31:38, time: 0.521, data_time: 0.033, memory: 2582, loss_rpn_cls: 0.1115, loss_rpn_bbox: 0.0541, loss_cls: 0.1418, acc: 96.0042, loss_bbox: 0.1051, loss: 0.4125
2020-11-09 17:05:50,470 - mmdet - INFO - Epoch [1][342/733]	lr: 1.365e-02, eta: 4:31:43, time: 0.598, data_time: 0.098, memory: 2582, loss_rpn_cls: 0.0965, loss_rpn_bbox: 0.0597, loss_cls: 0.1745, acc: 94.5801, loss_bbox: 0.1598, loss: 0.4905
2020-11-09 17:05:51,509 - mmdet - INFO - Epoch [1][344/733]	lr: 1.373e-02, eta: 4:31:34, time: 0.519, data_time: 0.032, memory: 2582, loss_rpn_cls: 0.0864, loss_rpn_bbox: 0.0533, loss_cls: 0.1632, acc: 95.4834, loss_bbox: 0.1381, loss: 0.4410
2020-11-09 17:05:52,571 - mmdet - INFO - Epoch [1][346/733]	lr: 1.381e-02, eta: 4:31:28, time: 0.531, data_time: 0.033, memory: 2582, loss_rpn_cls: 0.1370, loss_rpn_bbox: 0.0658, loss_cls: 0.1744, acc: 95.0928, loss_bbox: 0.1194, loss: 0.4966
2020-11-09 17:05:53,630 - mmdet - INFO - Epoch [1][348/733]	lr: 1.389e-02, eta: 4:31:22, time: 0.530, data_time: 0.032, memory: 2582, loss_rpn_cls: 0.1188, loss_rpn_bbox: 0.0815, loss_cls: 0.1822, acc: 94.6533, loss_bbox: 0.1561, loss: 0.5386
2020-11-09 17:05:54,671 - mmdet - INFO - Epoch [1][350/733]	lr: 1.397e-02, eta: 4:31:14, time: 0.521, data_time: 0.033, memory: 2582, loss_rpn_cls: 0.0768, loss_rpn_bbox: 0.0478, loss_cls: 0.1224, acc: 96.7448, loss_bbox: 0.1109, loss: 0.3579
2020-11-09 17:05:55,704 - mmdet - INFO - Epoch [1][352/733]	lr: 1.405e-02, eta: 4:31:05, time: 0.516, data_time: 0.032, memory: 2582, loss_rpn_cls: 0.1054, loss_rpn_bbox: 0.0642, loss_cls: 0.1321, acc: 96.3053, loss_bbox: 0.1208, loss: 0.4225
2020-11-09 17:05:56,889 - mmdet - INFO - Epoch [1][354/733]	lr: 1.413e-02, eta: 4:31:09, time: 0.593, data_time: 0.098, memory: 2582, loss_rpn_cls: 0.1484, loss_rpn_bbox: 0.0822, loss_cls: 0.1556, acc: 95.1741, loss_bbox: 0.1374, loss: 0.5236
2020-11-09 17:05:57,917 - mmdet - INFO - Epoch [1][356/733]	lr: 1.421e-02, eta: 4:31:00, time: 0.514, data_time: 0.032, memory: 2582, loss_rpn_cls: 0.0884, loss_rpn_bbox: 0.0639, loss_cls: 0.1173, acc: 96.6878, loss_bbox: 0.0980, loss: 0.3677
2020-11-09 17:05:58,952 - mmdet - INFO - Epoch [1][358/733]	lr: 1.429e-02, eta: 4:30:52, time: 0.518, data_time: 0.032, memory: 2582, loss_rpn_cls: 0.0862, loss_rpn_bbox: 0.0691, loss_cls: 0.1163, acc: 96.4111, loss_bbox: 0.1398, loss: 0.4115
2020-11-09 17:06:00,010 - mmdet - INFO - Epoch [1][360/733]	lr: 1.437e-02, eta: 4:30:45, time: 0.529, data_time: 0.033, memory: 2582, loss_rpn_cls: 0.0653, loss_rpn_bbox: 0.0485, loss_cls: 0.1513, acc: 95.7275, loss_bbox: 0.1361, loss: 0.4012
2020-11-09 17:06:01,089 - mmdet - INFO - Epoch [1][362/733]	lr: 1.445e-02, eta: 4:30:41, time: 0.539, data_time: 0.041, memory: 2582, loss_rpn_cls: 0.0911, loss_rpn_bbox: 0.0460, loss_cls: 0.1434, acc: 95.7926, loss_bbox: 0.1160, loss: 0.3965
2020-11-09 17:06:02,148 - mmdet - INFO - Epoch [1][364/733]	lr: 1.453e-02, eta: 4:30:35, time: 0.529, data_time: 0.031, memory: 2582, loss_rpn_cls: 0.0733, loss_rpn_bbox: 0.0534, loss_cls: 0.1193, acc: 95.9391, loss_bbox: 0.1141, loss: 0.3601
2020-11-09 17:06:03,336 - mmdet - INFO - Epoch [1][366/733]	lr: 1.461e-02, eta: 4:30:39, time: 0.594, data_time: 0.097, memory: 2582, loss_rpn_cls: 0.1193, loss_rpn_bbox: 0.0792, loss_cls: 0.1368, acc: 95.8333, loss_bbox: 0.1285, loss: 0.4638
2020-11-09 17:06:04,385 - mmdet - INFO - Epoch [1][368/733]	lr: 1.469e-02, eta: 4:30:32, time: 0.524, data_time: 0.031, memory: 2582, loss_rpn_cls: 0.1047, loss_rpn_bbox: 0.0473, loss_cls: 0.1401, acc: 95.9798, loss_bbox: 0.1077, loss: 0.3997
2020-11-09 17:06:05,429 - mmdet - INFO - Epoch [1][370/733]	lr: 1.477e-02, eta: 4:30:25, time: 0.522, data_time: 0.032, memory: 2582, loss_rpn_cls: 0.1585, loss_rpn_bbox: 0.0749, loss_cls: 0.1763, acc: 94.7103, loss_bbox: 0.1345, loss: 0.5441
2020-11-09 17:06:06,473 - mmdet - INFO - Epoch [1][372/733]	lr: 1.485e-02, eta: 4:30:18, time: 0.522, data_time: 0.032, memory: 2582, loss_rpn_cls: 0.1114, loss_rpn_bbox: 0.0682, loss_cls: 0.1415, acc: 95.7194, loss_bbox: 0.1355, loss: 0.4566
2020-11-09 17:06:07,512 - mmdet - INFO - Epoch [1][374/733]	lr: 1.493e-02, eta: 4:30:10, time: 0.520, data_time: 0.033, memory: 2582, loss_rpn_cls: 0.1449, loss_rpn_bbox: 0.0876, loss_cls: 0.1794, acc: 94.4173, loss_bbox: 0.1384, loss: 0.5504
2020-11-09 17:06:08,542 - mmdet - INFO - Epoch [1][376/733]	lr: 1.500e-02, eta: 4:30:02, time: 0.515, data_time: 0.032, memory: 2582, loss_rpn_cls: 0.1236, loss_rpn_bbox: 0.0749, loss_cls: 0.1524, acc: 95.3044, loss_bbox: 0.1400, loss: 0.4908
2020-11-09 17:06:09,694 - mmdet - INFO - Epoch [1][378/733]	lr: 1.508e-02, eta: 4:30:04, time: 0.576, data_time: 0.095, memory: 2582, loss_rpn_cls: 0.1344, loss_rpn_bbox: 0.0787, loss_cls: 0.1831, acc: 94.4906, loss_bbox: 0.1586, loss: 0.5549
2020-11-09 17:06:10,716 - mmdet - INFO - Epoch [1][380/733]	lr: 1.516e-02, eta: 4:29:55, time: 0.511, data_time: 0.033, memory: 2582, loss_rpn_cls: 0.1039, loss_rpn_bbox: 0.0491, loss_cls: 0.1395, acc: 96.0124, loss_bbox: 0.1139, loss: 0.4065
2020-11-09 17:06:11,722 - mmdet - INFO - Epoch [1][382/733]	lr: 1.524e-02, eta: 4:29:45, time: 0.503, data_time: 0.033, memory: 2582, loss_rpn_cls: 0.0931, loss_rpn_bbox: 0.0701, loss_cls: 0.1264, acc: 96.3135, loss_bbox: 0.1168, loss: 0.4064
2020-11-09 17:06:12,767 - mmdet - INFO - Epoch [1][384/733]	lr: 1.532e-02, eta: 4:29:39, time: 0.523, data_time: 0.032, memory: 2582, loss_rpn_cls: 0.1130, loss_rpn_bbox: 0.0615, loss_cls: 0.1329, acc: 96.1100, loss_bbox: 0.1215, loss: 0.4289
2020-11-09 17:06:13,893 - mmdet - INFO - Epoch [1][386/733]	lr: 1.540e-02, eta: 4:29:38, time: 0.563, data_time: 0.032, memory: 2582, loss_rpn_cls: 0.0787, loss_rpn_bbox: 0.0751, loss_cls: 0.1289, acc: 95.8984, loss_bbox: 0.1207, loss: 0.4034
2020-11-09 17:06:14,952 - mmdet - INFO - Epoch [1][388/733]	lr: 1.548e-02, eta: 4:29:33, time: 0.530, data_time: 0.032, memory: 2582, loss_rpn_cls: 0.0856, loss_rpn_bbox: 0.0683, loss_cls: 0.1145, acc: 96.3867, loss_bbox: 0.1137, loss: 0.3820
2020-11-09 17:06:16,111 - mmdet - INFO - Epoch [1][390/733]	lr: 1.556e-02, eta: 4:29:35, time: 0.579, data_time: 0.098, memory: 2582, loss_rpn_cls: 0.0841, loss_rpn_bbox: 0.0630, loss_cls: 0.1105, acc: 96.3542, loss_bbox: 0.1021, loss: 0.3598
2020-11-09 17:06:17,164 - mmdet - INFO - Epoch [1][392/733]	lr: 1.564e-02, eta: 4:29:29, time: 0.527, data_time: 0.032, memory: 2582, loss_rpn_cls: 0.1378, loss_rpn_bbox: 0.0795, loss_cls: 0.1951, acc: 94.5068, loss_bbox: 0.1604, loss: 0.5728
2020-11-09 17:06:18,194 - mmdet - INFO - Epoch [1][394/733]	lr: 1.572e-02, eta: 4:29:21, time: 0.515, data_time: 0.032, memory: 2582, loss_rpn_cls: 0.1049, loss_rpn_bbox: 0.0931, loss_cls: 0.1204, acc: 96.5413, loss_bbox: 0.1015, loss: 0.4199
2020-11-09 17:06:19,233 - mmdet - INFO - Epoch [1][396/733]	lr: 1.580e-02, eta: 4:29:14, time: 0.520, data_time: 0.033, memory: 2582, loss_rpn_cls: 0.1394, loss_rpn_bbox: 0.0846, loss_cls: 0.1572, acc: 95.1497, loss_bbox: 0.1303, loss: 0.5115
2020-11-09 17:06:20,271 - mmdet - INFO - Epoch [1][398/733]	lr: 1.588e-02, eta: 4:29:07, time: 0.519, data_time: 0.033, memory: 2582, loss_rpn_cls: 0.0889, loss_rpn_bbox: 0.0501, loss_cls: 0.1585, acc: 95.2311, loss_bbox: 0.1319, loss: 0.4293
2020-11-09 17:06:21,325 - mmdet - INFO - Epoch [1][400/733]	lr: 1.596e-02, eta: 4:29:02, time: 0.527, data_time: 0.032, memory: 2582, loss_rpn_cls: 0.1063, loss_rpn_bbox: 0.0672, loss_cls: 0.1506, acc: 95.4997, loss_bbox: 0.1250, loss: 0.4491
2020-11-09 17:06:22,521 - mmdet - INFO - Epoch [1][402/733]	lr: 1.604e-02, eta: 4:29:06, time: 0.598, data_time: 0.104, memory: 2582, loss_rpn_cls: 0.0845, loss_rpn_bbox: 0.0696, loss_cls: 0.1273, acc: 96.3053, loss_bbox: 0.1151, loss: 0.3965
2020-11-09 17:06:23,584 - mmdet - INFO - Epoch [1][404/733]	lr: 1.612e-02, eta: 4:29:01, time: 0.532, data_time: 0.033, memory: 2582, loss_rpn_cls: 0.1237, loss_rpn_bbox: 0.0667, loss_cls: 0.1403, acc: 95.4915, loss_bbox: 0.1413, loss: 0.4720
2020-11-09 17:06:24,629 - mmdet - INFO - Epoch [1][406/733]	lr: 1.620e-02, eta: 4:28:55, time: 0.523, data_time: 0.032, memory: 2582, loss_rpn_cls: 0.0760, loss_rpn_bbox: 0.0599, loss_cls: 0.1342, acc: 95.6624, loss_bbox: 0.1553, loss: 0.4255
2020-11-09 17:06:25,680 - mmdet - INFO - Epoch [1][408/733]	lr: 1.628e-02, eta: 4:28:49, time: 0.525, data_time: 0.032, memory: 2582, loss_rpn_cls: 0.1008, loss_rpn_bbox: 0.0729, loss_cls: 0.1520, acc: 95.3125, loss_bbox: 0.1505, loss: 0.4762
2020-11-09 17:06:26,720 - mmdet - INFO - Epoch [1][410/733]	lr: 1.636e-02, eta: 4:28:43, time: 0.520, data_time: 0.032, memory: 2582, loss_rpn_cls: 0.0749, loss_rpn_bbox: 0.0597, loss_cls: 0.1209, acc: 95.9717, loss_bbox: 0.1227, loss: 0.3782
2020-11-09 17:06:27,768 - mmdet - INFO - Epoch [1][412/733]	lr: 1.644e-02, eta: 4:28:37, time: 0.524, data_time: 0.033, memory: 2582, loss_rpn_cls: 0.1189, loss_rpn_bbox: 0.0729, loss_cls: 0.1364, acc: 95.7601, loss_bbox: 0.1283, loss: 0.4564
2020-11-09 17:06:28,940 - mmdet - INFO - Epoch [1][414/733]	lr: 1.652e-02, eta: 4:28:40, time: 0.586, data_time: 0.103, memory: 2582, loss_rpn_cls: 0.1006, loss_rpn_bbox: 0.0561, loss_cls: 0.1166, acc: 96.5902, loss_bbox: 0.1169, loss: 0.3902
2020-11-09 17:06:29,974 - mmdet - INFO - Epoch [1][416/733]	lr: 1.660e-02, eta: 4:28:33, time: 0.517, data_time: 0.032, memory: 2582, loss_rpn_cls: 0.0988, loss_rpn_bbox: 0.0675, loss_cls: 0.1578, acc: 95.2881, loss_bbox: 0.1259, loss: 0.4501
2020-11-09 17:06:31,021 - mmdet - INFO - Epoch [1][418/733]	lr: 1.668e-02, eta: 4:28:27, time: 0.523, data_time: 0.032, memory: 2582, loss_rpn_cls: 0.0814, loss_rpn_bbox: 0.0443, loss_cls: 0.1194, acc: 96.4681, loss_bbox: 0.1012, loss: 0.3463
2020-11-09 17:06:32,092 - mmdet - INFO - Epoch [1][420/733]	lr: 1.676e-02, eta: 4:28:23, time: 0.536, data_time: 0.032, memory: 2582, loss_rpn_cls: 0.1127, loss_rpn_bbox: 0.0810, loss_cls: 0.1254, acc: 96.3786, loss_bbox: 0.1101, loss: 0.4291
2020-11-09 17:06:33,217 - mmdet - INFO - Epoch [1][422/733]	lr: 1.684e-02, eta: 4:28:23, time: 0.563, data_time: 0.032, memory: 2582, loss_rpn_cls: 0.1501, loss_rpn_bbox: 0.0687, loss_cls: 0.1398, acc: 95.4346, loss_bbox: 0.1328, loss: 0.4913
2020-11-09 17:06:34,289 - mmdet - INFO - Epoch [1][424/733]	lr: 1.692e-02, eta: 4:28:19, time: 0.536, data_time: 0.031, memory: 2582, loss_rpn_cls: 0.1335, loss_rpn_bbox: 0.0918, loss_cls: 0.1691, acc: 94.7347, loss_bbox: 0.1539, loss: 0.5482
2020-11-09 17:06:35,465 - mmdet - INFO - Epoch [1][426/733]	lr: 1.700e-02, eta: 4:28:22, time: 0.588, data_time: 0.096, memory: 2582, loss_rpn_cls: 0.0910, loss_rpn_bbox: 0.0673, loss_cls: 0.1679, acc: 94.6777, loss_bbox: 0.1605, loss: 0.4866
2020-11-09 17:06:36,523 - mmdet - INFO - Epoch [1][428/733]	lr: 1.708e-02, eta: 4:28:17, time: 0.529, data_time: 0.032, memory: 2582, loss_rpn_cls: 0.0958, loss_rpn_bbox: 0.0671, loss_cls: 0.1615, acc: 94.7835, loss_bbox: 0.1451, loss: 0.4696
2020-11-09 17:06:37,561 - mmdet - INFO - Epoch [1][430/733]	lr: 1.716e-02, eta: 4:28:11, time: 0.519, data_time: 0.032, memory: 2582, loss_rpn_cls: 0.0679, loss_rpn_bbox: 0.0532, loss_cls: 0.1204, acc: 96.3460, loss_bbox: 0.1236, loss: 0.3650
2020-11-09 17:06:38,610 - mmdet - INFO - Epoch [1][432/733]	lr: 1.724e-02, eta: 4:28:05, time: 0.524, data_time: 0.032, memory: 2582, loss_rpn_cls: 0.1116, loss_rpn_bbox: 0.0653, loss_cls: 0.1229, acc: 96.0693, loss_bbox: 0.1259, loss: 0.4257
2020-11-09 17:06:39,652 - mmdet - INFO - Epoch [1][434/733]	lr: 1.732e-02, eta: 4:27:59, time: 0.521, data_time: 0.032, memory: 2582, loss_rpn_cls: 0.0867, loss_rpn_bbox: 0.0449, loss_cls: 0.1240, acc: 96.2972, loss_bbox: 0.1160, loss: 0.3716
2020-11-09 17:06:40,702 - mmdet - INFO - Epoch [1][436/733]	lr: 1.740e-02, eta: 4:27:54, time: 0.525, data_time: 0.032, memory: 2582, loss_rpn_cls: 0.1040, loss_rpn_bbox: 0.0531, loss_cls: 0.1394, acc: 95.1823, loss_bbox: 0.1348, loss: 0.4313
2020-11-09 17:06:41,869 - mmdet - INFO - Epoch [1][438/733]	lr: 1.748e-02, eta: 4:27:57, time: 0.583, data_time: 0.096, memory: 2582, loss_rpn_cls: 0.0666, loss_rpn_bbox: 0.0396, loss_cls: 0.1034, acc: 97.0215, loss_bbox: 0.0918, loss: 0.3013
2020-11-09 17:06:42,922 - mmdet - INFO - Epoch [1][440/733]	lr: 1.756e-02, eta: 4:27:51, time: 0.527, data_time: 0.031, memory: 2582, loss_rpn_cls: 0.1693, loss_rpn_bbox: 0.0824, loss_cls: 0.1626, acc: 95.1009, loss_bbox: 0.1280, loss: 0.5422
2020-11-09 17:06:43,994 - mmdet - INFO - Epoch [1][442/733]	lr: 1.764e-02, eta: 4:27:48, time: 0.536, data_time: 0.033, memory: 2582, loss_rpn_cls: 0.1156, loss_rpn_bbox: 0.0741, loss_cls: 0.1357, acc: 95.4753, loss_bbox: 0.1476, loss: 0.4730
2020-11-09 17:06:45,052 - mmdet - INFO - Epoch [1][444/733]	lr: 1.772e-02, eta: 4:27:43, time: 0.529, data_time: 0.032, memory: 2582, loss_rpn_cls: 0.1123, loss_rpn_bbox: 0.0522, loss_cls: 0.1325, acc: 96.1751, loss_bbox: 0.1235, loss: 0.4204
2020-11-09 17:06:46,165 - mmdet - INFO - Epoch [1][446/733]	lr: 1.780e-02, eta: 4:27:42, time: 0.557, data_time: 0.063, memory: 2582, loss_rpn_cls: 0.1095, loss_rpn_bbox: 0.0748, loss_cls: 0.1420, acc: 95.5811, loss_bbox: 0.1221, loss: 0.4484
2020-11-09 17:06:47,183 - mmdet - INFO - Epoch [1][448/733]	lr: 1.788e-02, eta: 4:27:35, time: 0.509, data_time: 0.032, memory: 2582, loss_rpn_cls: 0.1023, loss_rpn_bbox: 0.0951, loss_cls: 0.1342, acc: 95.7031, loss_bbox: 0.1414, loss: 0.4731
2020-11-09 17:06:48,328 - mmdet - INFO - Epoch [1][450/733]	lr: 1.796e-02, eta: 4:27:36, time: 0.572, data_time: 0.095, memory: 2582, loss_rpn_cls: 0.0958, loss_rpn_bbox: 0.0720, loss_cls: 0.1360, acc: 95.7601, loss_bbox: 0.1409, loss: 0.4447
2020-11-09 17:06:49,343 - mmdet - INFO - Epoch [1][452/733]	lr: 1.804e-02, eta: 4:27:28, time: 0.507, data_time: 0.034, memory: 2582, loss_rpn_cls: 0.0840, loss_rpn_bbox: 0.0643, loss_cls: 0.1209, acc: 96.6634, loss_bbox: 0.1041, loss: 0.3733
2020-11-09 17:06:50,376 - mmdet - INFO - Epoch [1][454/733]	lr: 1.812e-02, eta: 4:27:22, time: 0.517, data_time: 0.032, memory: 2582, loss_rpn_cls: 0.1569, loss_rpn_bbox: 0.0913, loss_cls: 0.1863, acc: 94.7266, loss_bbox: 0.1570, loss: 0.5915
2020-11-09 17:06:51,422 - mmdet - INFO - Epoch [1][456/733]	lr: 1.820e-02, eta: 4:27:17, time: 0.523, data_time: 0.032, memory: 2582, loss_rpn_cls: 0.0881, loss_rpn_bbox: 0.0407, loss_cls: 0.1276, acc: 96.7285, loss_bbox: 0.0963, loss: 0.3527
2020-11-09 17:06:52,461 - mmdet - INFO - Epoch [1][458/733]	lr: 1.828e-02, eta: 4:27:11, time: 0.519, data_time: 0.032, memory: 2582, loss_rpn_cls: 0.0880, loss_rpn_bbox: 0.0625, loss_cls: 0.1616, acc: 94.9626, loss_bbox: 0.1394, loss: 0.4515
2020-11-09 17:06:53,513 - mmdet - INFO - Epoch [1][460/733]	lr: 1.836e-02, eta: 4:27:07, time: 0.526, data_time: 0.033, memory: 2582, loss_rpn_cls: 0.1230, loss_rpn_bbox: 0.0686, loss_cls: 0.1596, acc: 95.1497, loss_bbox: 0.1415, loss: 0.4927
2020-11-09 17:06:54,685 - mmdet - INFO - Epoch [1][462/733]	lr: 1.844e-02, eta: 4:27:09, time: 0.586, data_time: 0.099, memory: 2582, loss_rpn_cls: 0.0938, loss_rpn_bbox: 0.0492, loss_cls: 0.1336, acc: 95.9391, loss_bbox: 0.1163, loss: 0.3930
2020-11-09 17:06:55,754 - mmdet - INFO - Epoch [1][464/733]	lr: 1.852e-02, eta: 4:27:06, time: 0.534, data_time: 0.033, memory: 2582, loss_rpn_cls: 0.1094, loss_rpn_bbox: 0.0472, loss_cls: 0.1267, acc: 96.4518, loss_bbox: 0.0988, loss: 0.3821
2020-11-09 17:06:56,797 - mmdet - INFO - Epoch [1][466/733]	lr: 1.860e-02, eta: 4:27:00, time: 0.521, data_time: 0.032, memory: 2582, loss_rpn_cls: 0.1049, loss_rpn_bbox: 0.0674, loss_cls: 0.1473, acc: 95.6299, loss_bbox: 0.1199, loss: 0.4396
2020-11-09 17:06:57,831 - mmdet - INFO - Epoch [1][468/733]	lr: 1.868e-02, eta: 4:26:54, time: 0.517, data_time: 0.032, memory: 2582, loss_rpn_cls: 0.0811, loss_rpn_bbox: 0.0615, loss_cls: 0.0999, acc: 96.8506, loss_bbox: 0.0925, loss: 0.3350
2020-11-09 17:06:58,872 - mmdet - INFO - Epoch [1][470/733]	lr: 1.876e-02, eta: 4:26:49, time: 0.520, data_time: 0.033, memory: 2582, loss_rpn_cls: 0.0894, loss_rpn_bbox: 0.0591, loss_cls: 0.1420, acc: 95.4508, loss_bbox: 0.1331, loss: 0.4236
2020-11-09 17:06:59,905 - mmdet - INFO - Epoch [1][472/733]	lr: 1.884e-02, eta: 4:26:43, time: 0.517, data_time: 0.032, memory: 2582, loss_rpn_cls: 0.0861, loss_rpn_bbox: 0.0631, loss_cls: 0.1232, acc: 96.0449, loss_bbox: 0.1089, loss: 0.3813
2020-11-09 17:07:01,074 - mmdet - INFO - Epoch [1][474/733]	lr: 1.892e-02, eta: 4:26:46, time: 0.584, data_time: 0.097, memory: 2582, loss_rpn_cls: 0.0680, loss_rpn_bbox: 0.0309, loss_cls: 0.1036, acc: 97.2738, loss_bbox: 0.0907, loss: 0.2931
2020-11-09 17:07:02,211 - mmdet - INFO - Epoch [1][476/733]	lr: 1.900e-02, eta: 4:26:46, time: 0.569, data_time: 0.032, memory: 2582, loss_rpn_cls: 0.0592, loss_rpn_bbox: 0.0316, loss_cls: 0.1001, acc: 97.0703, loss_bbox: 0.0910, loss: 0.2820
2020-11-09 17:07:03,264 - mmdet - INFO - Epoch [1][478/733]	lr: 1.908e-02, eta: 4:26:42, time: 0.527, data_time: 0.032, memory: 2582, loss_rpn_cls: 0.1147, loss_rpn_bbox: 0.0742, loss_cls: 0.1704, acc: 95.4183, loss_bbox: 0.1179, loss: 0.4772
2020-11-09 17:07:04,325 - mmdet - INFO - Epoch [1][480/733]	lr: 1.916e-02, eta: 4:26:38, time: 0.530, data_time: 0.032, memory: 2582, loss_rpn_cls: 0.0754, loss_rpn_bbox: 0.0625, loss_cls: 0.1272, acc: 96.0368, loss_bbox: 0.1233, loss: 0.3884
2020-11-09 17:07:05,404 - mmdet - INFO - Epoch [1][482/733]	lr: 1.924e-02, eta: 4:26:35, time: 0.540, data_time: 0.032, memory: 2582, loss_rpn_cls: 0.1627, loss_rpn_bbox: 0.0774, loss_cls: 0.1818, acc: 94.2708, loss_bbox: 0.1229, loss: 0.5447
2020-11-09 17:07:06,456 - mmdet - INFO - Epoch [1][484/733]	lr: 1.932e-02, eta: 4:26:30, time: 0.526, data_time: 0.032, memory: 2582, loss_rpn_cls: 0.1203, loss_rpn_bbox: 0.0719, loss_cls: 0.1558, acc: 94.9707, loss_bbox: 0.1486, loss: 0.4965
2020-11-09 17:07:07,608 - mmdet - INFO - Epoch [1][486/733]	lr: 1.940e-02, eta: 4:26:32, time: 0.576, data_time: 0.097, memory: 2582, loss_rpn_cls: 0.0952, loss_rpn_bbox: 0.0562, loss_cls: 0.1610, acc: 94.9463, loss_bbox: 0.1481, loss: 0.4605
2020-11-09 17:07:08,688 - mmdet - INFO - Epoch [1][488/733]	lr: 1.948e-02, eta: 4:26:29, time: 0.540, data_time: 0.033, memory: 2582, loss_rpn_cls: 0.1028, loss_rpn_bbox: 0.0709, loss_cls: 0.1544, acc: 94.9626, loss_bbox: 0.1614, loss: 0.4894
2020-11-09 17:07:09,734 - mmdet - INFO - Epoch [1][490/733]	lr: 1.956e-02, eta: 4:26:24, time: 0.523, data_time: 0.033, memory: 2582, loss_rpn_cls: 0.0998, loss_rpn_bbox: 0.0770, loss_cls: 0.1405, acc: 95.4753, loss_bbox: 0.1130, loss: 0.4302
2020-11-09 17:07:10,766 - mmdet - INFO - Epoch [1][492/733]	lr: 1.964e-02, eta: 4:26:18, time: 0.516, data_time: 0.032, memory: 2582, loss_rpn_cls: 0.0903, loss_rpn_bbox: 0.0647, loss_cls: 0.1377, acc: 95.8171, loss_bbox: 0.1242, loss: 0.4169
2020-11-09 17:07:11,801 - mmdet - INFO - Epoch [1][494/733]	lr: 1.972e-02, eta: 4:26:13, time: 0.518, data_time: 0.032, memory: 2582, loss_rpn_cls: 0.0588, loss_rpn_bbox: 0.0333, loss_cls: 0.1138, acc: 96.6797, loss_bbox: 0.0958, loss: 0.3017
2020-11-09 17:07:12,822 - mmdet - INFO - Epoch [1][496/733]	lr: 1.980e-02, eta: 4:26:07, time: 0.510, data_time: 0.032, memory: 2582, loss_rpn_cls: 0.1017, loss_rpn_bbox: 0.0563, loss_cls: 0.1829, acc: 94.7673, loss_bbox: 0.1594, loss: 0.5004
2020-11-09 17:07:13,992 - mmdet - INFO - Epoch [1][498/733]	lr: 1.988e-02, eta: 4:26:09, time: 0.585, data_time: 0.098, memory: 2582, loss_rpn_cls: 0.0614, loss_rpn_bbox: 0.0530, loss_cls: 0.1038, acc: 97.0947, loss_bbox: 0.1125, loss: 0.3308
2020-11-09 17:07:15,066 - mmdet - INFO - Epoch [1][500/733]	lr: 1.996e-02, eta: 4:26:06, time: 0.537, data_time: 0.031, memory: 2582, loss_rpn_cls: 0.1078, loss_rpn_bbox: 0.0650, loss_cls: 0.1553, acc: 94.8324, loss_bbox: 0.1383, loss: 0.4665
2020-11-09 17:07:16,104 - mmdet - INFO - Epoch [1][502/733]	lr: 2.000e-02, eta: 4:26:01, time: 0.519, data_time: 0.032, memory: 2582, loss_rpn_cls: 0.0550, loss_rpn_bbox: 0.0388, loss_cls: 0.1022, acc: 96.8913, loss_bbox: 0.1069, loss: 0.3029
2020-11-09 17:07:17,142 - mmdet - INFO - Epoch [1][504/733]	lr: 2.000e-02, eta: 4:25:56, time: 0.519, data_time: 0.033, memory: 2582, loss_rpn_cls: 0.0913, loss_rpn_bbox: 0.0583, loss_cls: 0.1377, acc: 95.7682, loss_bbox: 0.1432, loss: 0.4305
2020-11-09 17:07:18,182 - mmdet - INFO - Epoch [1][506/733]	lr: 2.000e-02, eta: 4:25:51, time: 0.520, data_time: 0.033, memory: 2582, loss_rpn_cls: 0.1167, loss_rpn_bbox: 0.0727, loss_cls: 0.1395, acc: 95.4102, loss_bbox: 0.1310, loss: 0.4600
2020-11-09 17:07:19,217 - mmdet - INFO - Epoch [1][508/733]	lr: 2.000e-02, eta: 4:25:46, time: 0.518, data_time: 0.032, memory: 2582, loss_rpn_cls: 0.1037, loss_rpn_bbox: 0.0586, loss_cls: 0.1264, acc: 96.0124, loss_bbox: 0.1185, loss: 0.4073
2020-11-09 17:07:20,378 - mmdet - INFO - Epoch [1][510/733]	lr: 2.000e-02, eta: 4:25:48, time: 0.580, data_time: 0.096, memory: 2582, loss_rpn_cls: 0.0851, loss_rpn_bbox: 0.0494, loss_cls: 0.1430, acc: 96.2077, loss_bbox: 0.1132, loss: 0.3907
2020-11-09 17:07:21,433 - mmdet - INFO - Epoch [1][512/733]	lr: 2.000e-02, eta: 4:25:44, time: 0.528, data_time: 0.033, memory: 2582, loss_rpn_cls: 0.0766, loss_rpn_bbox: 0.0567, loss_cls: 0.1306, acc: 95.8822, loss_bbox: 0.1188, loss: 0.3827
2020-11-09 17:07:22,500 - mmdet - INFO - Epoch [1][514/733]	lr: 2.000e-02, eta: 4:25:40, time: 0.533, data_time: 0.032, memory: 2582, loss_rpn_cls: 0.0905, loss_rpn_bbox: 0.0644, loss_cls: 0.1530, acc: 95.4020, loss_bbox: 0.1322, loss: 0.4402
2020-11-09 17:07:23,554 - mmdet - INFO - Epoch [1][516/733]	lr: 2.000e-02, eta: 4:25:36, time: 0.527, data_time: 0.033, memory: 2582, loss_rpn_cls: 0.0870, loss_rpn_bbox: 0.0696, loss_cls: 0.1580, acc: 95.1660, loss_bbox: 0.1364, loss: 0.4510
2020-11-09 17:07:24,617 - mmdet - INFO - Epoch [1][518/733]	lr: 2.000e-02, eta: 4:25:33, time: 0.531, data_time: 0.032, memory: 2582, loss_rpn_cls: 0.1241, loss_rpn_bbox: 0.0575, loss_cls: 0.1749, acc: 94.6777, loss_bbox: 0.1550, loss: 0.5116
2020-11-09 17:07:25,664 - mmdet - INFO - Epoch [1][520/733]	lr: 2.000e-02, eta: 4:25:28, time: 0.523, data_time: 0.032, memory: 2582, loss_rpn_cls: 0.0937, loss_rpn_bbox: 0.0761, loss_cls: 0.1581, acc: 94.9463, loss_bbox: 0.1392, loss: 0.4671
2020-11-09 17:07:26,938 - mmdet - INFO - Epoch [1][522/733]	lr: 2.000e-02, eta: 4:25:37, time: 0.637, data_time: 0.103, memory: 2582, loss_rpn_cls: 0.1207, loss_rpn_bbox: 0.0826, loss_cls: 0.1691, acc: 94.6370, loss_bbox: 0.1656, loss: 0.5380
2020-11-09 17:07:27,991 - mmdet - INFO - Epoch [1][524/733]	lr: 2.000e-02, eta: 4:25:32, time: 0.527, data_time: 0.033, memory: 2582, loss_rpn_cls: 0.1042, loss_rpn_bbox: 0.0639, loss_cls: 0.1536, acc: 94.9300, loss_bbox: 0.1425, loss: 0.4642
2020-11-09 17:07:29,040 - mmdet - INFO - Epoch [1][526/733]	lr: 2.000e-02, eta: 4:25:28, time: 0.525, data_time: 0.032, memory: 2582, loss_rpn_cls: 0.1166, loss_rpn_bbox: 0.0731, loss_cls: 0.1454, acc: 95.1253, loss_bbox: 0.1443, loss: 0.4794
2020-11-09 17:07:30,059 - mmdet - INFO - Epoch [1][528/733]	lr: 2.000e-02, eta: 4:25:22, time: 0.509, data_time: 0.032, memory: 2582, loss_rpn_cls: 0.0991, loss_rpn_bbox: 0.0603, loss_cls: 0.1328, acc: 95.9798, loss_bbox: 0.1187, loss: 0.4108
2020-11-09 17:07:31,085 - mmdet - INFO - Epoch [1][530/733]	lr: 2.000e-02, eta: 4:25:17, time: 0.513, data_time: 0.033, memory: 2582, loss_rpn_cls: 0.1122, loss_rpn_bbox: 0.0716, loss_cls: 0.1671, acc: 94.8568, loss_bbox: 0.1568, loss: 0.5076
2020-11-09 17:07:32,126 - mmdet - INFO - Epoch [1][532/733]	lr: 2.000e-02, eta: 4:25:12, time: 0.521, data_time: 0.032, memory: 2582, loss_rpn_cls: 0.0667, loss_rpn_bbox: 0.0531, loss_cls: 0.1309, acc: 95.8008, loss_bbox: 0.1292, loss: 0.3800
2020-11-09 17:07:33,344 - mmdet - INFO - Epoch [1][534/733]	lr: 2.000e-02, eta: 4:25:17, time: 0.609, data_time: 0.099, memory: 2582, loss_rpn_cls: 0.1161, loss_rpn_bbox: 0.0832, loss_cls: 0.1656, acc: 94.3522, loss_bbox: 0.1582, loss: 0.5230
2020-11-09 17:07:34,405 - mmdet - INFO - Epoch [1][536/733]	lr: 2.000e-02, eta: 4:25:14, time: 0.530, data_time: 0.032, memory: 2582, loss_rpn_cls: 0.0876, loss_rpn_bbox: 0.0548, loss_cls: 0.1355, acc: 96.1019, loss_bbox: 0.1228, loss: 0.4007
2020-11-09 17:07:35,461 - mmdet - INFO - Epoch [1][538/733]	lr: 2.000e-02, eta: 4:25:10, time: 0.528, data_time: 0.031, memory: 2582, loss_rpn_cls: 0.0857, loss_rpn_bbox: 0.0542, loss_cls: 0.1530, acc: 95.1253, loss_bbox: 0.1558, loss: 0.4487
2020-11-09 17:07:36,612 - mmdet - INFO - Epoch [1][540/733]	lr: 2.000e-02, eta: 4:25:11, time: 0.575, data_time: 0.032, memory: 2582, loss_rpn_cls: 0.0833, loss_rpn_bbox: 0.0665, loss_cls: 0.1484, acc: 95.4508, loss_bbox: 0.1402, loss: 0.4383
2020-11-09 17:07:37,659 - mmdet - INFO - Epoch [1][542/733]	lr: 2.000e-02, eta: 4:25:07, time: 0.524, data_time: 0.033, memory: 2582, loss_rpn_cls: 0.1191, loss_rpn_bbox: 0.0781, loss_cls: 0.1805, acc: 94.3034, loss_bbox: 0.1519, loss: 0.5295
2020-11-09 17:07:38,711 - mmdet - INFO - Epoch [1][544/733]	lr: 2.000e-02, eta: 4:25:03, time: 0.526, data_time: 0.033, memory: 2582, loss_rpn_cls: 0.0871, loss_rpn_bbox: 0.0591, loss_cls: 0.1077, acc: 96.6064, loss_bbox: 0.1081, loss: 0.3620
2020-11-09 17:07:39,876 - mmdet - INFO - Epoch [1][546/733]	lr: 2.000e-02, eta: 4:25:05, time: 0.582, data_time: 0.096, memory: 2582, loss_rpn_cls: 0.0660, loss_rpn_bbox: 0.0481, loss_cls: 0.1224, acc: 96.3216, loss_bbox: 0.1063, loss: 0.3427
2020-11-09 17:07:40,893 - mmdet - INFO - Epoch [1][548/733]	lr: 2.000e-02, eta: 4:24:59, time: 0.509, data_time: 0.033, memory: 2582, loss_rpn_cls: 0.0748, loss_rpn_bbox: 0.0559, loss_cls: 0.1508, acc: 95.8333, loss_bbox: 0.1454, loss: 0.4269
2020-11-09 17:07:41,929 - mmdet - INFO - Epoch [1][550/733]	lr: 2.000e-02, eta: 4:24:55, time: 0.518, data_time: 0.032, memory: 2582, loss_rpn_cls: 0.0920, loss_rpn_bbox: 0.0623, loss_cls: 0.1368, acc: 95.8496, loss_bbox: 0.1339, loss: 0.4251
2020-11-09 17:07:42,983 - mmdet - INFO - Epoch [1][552/733]	lr: 2.000e-02, eta: 4:24:51, time: 0.527, data_time: 0.032, memory: 2582, loss_rpn_cls: 0.1043, loss_rpn_bbox: 0.0559, loss_cls: 0.1528, acc: 96.1019, loss_bbox: 0.1125, loss: 0.4254
2020-11-09 17:07:44,036 - mmdet - INFO - Epoch [1][554/733]	lr: 2.000e-02, eta: 4:24:47, time: 0.526, data_time: 0.032, memory: 2582, loss_rpn_cls: 0.0984, loss_rpn_bbox: 0.0681, loss_cls: 0.1682, acc: 94.0430, loss_bbox: 0.1700, loss: 0.5047
2020-11-09 17:07:45,108 - mmdet - INFO - Epoch [1][556/733]	lr: 2.000e-02, eta: 4:24:44, time: 0.536, data_time: 0.032, memory: 2582, loss_rpn_cls: 0.1147, loss_rpn_bbox: 0.0729, loss_cls: 0.1761, acc: 94.1569, loss_bbox: 0.1866, loss: 0.5503
