2020-11-23 10:57:26,313 - mmdet - INFO - Environment info:
------------------------------------------------------------
sys.platform: linux
Python: 3.6.4 |Anaconda, Inc.| (default, Jan 16 2018, 18:10:19) [GCC 7.2.0]
CUDA available: True
CUDA_HOME: /usr/local/cuda
NVCC: Cuda compilation tools, release 10.0, V10.0.130
GPU 0: Tesla P100-PCIE-16GB
GCC: gcc (GCC) 5.3.0
PyTorch: 1.3.1+cu100
PyTorch compiling details: PyTorch built with:
  - GCC 7.3
  - Intel(R) Math Kernel Library Version 2019.0.4 Product Build 20190411 for Intel(R) 64 architecture applications
  - Intel(R) MKL-DNN v0.20.5 (Git Hash 0125f28c61c1f822fd48570b4c1066f96fcb9b2e)
  - OpenMP 201511 (a.k.a. OpenMP 4.5)
  - NNPACK is enabled
  - CUDA Runtime 10.0
  - NVCC architecture flags: -gencode;arch=compute_37,code=sm_37;-gencode;arch=compute_50,code=sm_50;-gencode;arch=compute_60,code=sm_60;-gencode;arch=compute_61,code=sm_61;-gencode;arch=compute_70,code=sm_70;-gencode;arch=compute_75,code=sm_75;-gencode;arch=compute_37,code=compute_37
  - CuDNN 7.6.3
  - Magma 2.5.1
  - Build settings: BLAS=MKL, BUILD_NAMEDTENSOR=OFF, BUILD_TYPE=Release, CXX_FLAGS= -Wno-deprecated -fvisibility-inlines-hidden -fopenmp -DUSE_FBGEMM -DUSE_QNNPACK -DUSE_PYTORCH_QNNPACK -O2 -fPIC -Wno-narrowing -Wall -Wextra -Wno-missing-field-initializers -Wno-type-limits -Wno-array-bounds -Wno-unknown-pragmas -Wno-sign-compare -Wno-unused-parameter -Wno-unused-variable -Wno-unused-function -Wno-unused-result -Wno-strict-overflow -Wno-strict-aliasing -Wno-error=deprecated-declarations -Wno-stringop-overflow -Wno-error=pedantic -Wno-error=redundant-decls -Wno-error=old-style-cast -fdiagnostics-color=always -faligned-new -Wno-unused-but-set-variable -Wno-maybe-uninitialized -fno-math-errno -fno-trapping-math -Wno-stringop-overflow, DISABLE_NUMA=1, PERF_WITH_AVX=1, PERF_WITH_AVX2=1, PERF_WITH_AVX512=1, USE_CUDA=True, USE_EXCEPTION_PTR=1, USE_GFLAGS=OFF, USE_GLOG=OFF, USE_MKL=ON, USE_MKLDNN=ON, USE_MPI=OFF, USE_NCCL=ON, USE_NNPACK=ON, USE_OPENMP=ON, USE_STATIC_DISPATCH=OFF, 

TorchVision: 0.4.2+cu100
OpenCV: 4.4.0
MMCV: 1.0.5
MMDetection: 2.3.0+788fa8d
MMDetection Compiler: GCC 7.3
MMDetection CUDA Compiler: 10.0
------------------------------------------------------------

2020-11-23 10:57:26,313 - mmdet - INFO - Distributed training: False
2020-11-23 10:57:26,699 - mmdet - INFO - Config:
model = dict(
    type='FasterRCNN',
    pretrained='torchvision://resnet50',
    backbone=dict(
        type='ResNet',
        depth=50,
        num_stages=4,
        out_indices=(0, 1, 2, 3),
        frozen_stages=1,
        norm_cfg=dict(type='BN', requires_grad=True),
        norm_eval=True,
        style='pytorch'),
    neck=dict(
        type='FPN',
        in_channels=[256, 512, 1024, 2048],
        out_channels=256,
        num_outs=5),
    rpn_head=dict(
        type='RPNHead',
        in_channels=256,
        feat_channels=256,
        anchor_generator=dict(
            type='AnchorGenerator',
            scales=[8],
            ratios=[0.5, 1.0, 2.0],
            strides=[4, 8, 16, 32, 64]),
        bbox_coder=dict(
            type='DeltaXYWHBBoxCoder',
            target_means=[0.0, 0.0, 0.0, 0.0],
            target_stds=[1.0, 1.0, 1.0, 1.0]),
        loss_cls=dict(
            type='CrossEntropyLoss', use_sigmoid=True, loss_weight=1.0),
        loss_bbox=dict(type='L1Loss', loss_weight=1.0)),
    roi_head=dict(
        type='StandardRoIHead',
        bbox_roi_extractor=dict(
            type='SingleRoIExtractor',
            roi_layer=dict(type='RoIAlign', output_size=7, sampling_ratio=0),
            out_channels=256,
            featmap_strides=[4, 8, 16, 32]),
        bbox_head=dict(
            type='Shared2FCBBoxHead',
            in_channels=256,
            fc_out_channels=1024,
            roi_feat_size=7,
            num_classes=2,
            bbox_coder=dict(
                type='DeltaXYWHBBoxCoder',
                target_means=[0.0, 0.0, 0.0, 0.0],
                target_stds=[0.1, 0.1, 0.2, 0.2]),
            reg_class_agnostic=False,
            loss_cls=dict(
                type='CrossEntropyLoss', use_sigmoid=False, loss_weight=1.0),
            loss_bbox=dict(type='L1Loss', loss_weight=1.0))))
train_cfg = dict(
    rpn=dict(
        assigner=dict(
            type='MaxIoUAssigner',
            pos_iou_thr=0.7,
            neg_iou_thr=0.3,
            min_pos_iou=0.3,
            match_low_quality=True,
            ignore_iof_thr=-1),
        sampler=dict(
            type='RandomSampler',
            num=256,
            pos_fraction=0.5,
            neg_pos_ub=-1,
            add_gt_as_proposals=False),
        allowed_border=-1,
        pos_weight=-1,
        debug=False),
    rpn_proposal=dict(
        nms_across_levels=False,
        nms_pre=2000,
        nms_post=1000,
        max_num=1000,
        nms_thr=0.7,
        min_bbox_size=0),
    rcnn=dict(
        assigner=dict(
            type='MaxIoUAssigner',
            pos_iou_thr=0.5,
            neg_iou_thr=0.5,
            min_pos_iou=0.5,
            match_low_quality=False,
            ignore_iof_thr=-1),
        sampler=dict(
            type='RandomSampler',
            num=512,
            pos_fraction=0.25,
            neg_pos_ub=-1,
            add_gt_as_proposals=True),
        pos_weight=-1,
        debug=False))
test_cfg = dict(
    rpn=dict(
        nms_across_levels=False,
        nms_pre=1000,
        nms_post=1000,
        max_num=1000,
        nms_thr=0.7,
        min_bbox_size=0),
    rcnn=dict(
        score_thr=0.05,
        nms=dict(type='nms', iou_threshold=0.5),
        max_per_img=100))
dataset_type = 'CocoDataset'
data_root = 'data/coco/'
img_norm_cfg = dict(
    mean=[123.675, 116.28, 103.53], std=[58.395, 57.12, 57.375], to_rgb=True)
train_pipeline = [
    dict(type='LoadImageFromFile'),
    dict(type='LoadAnnotations', with_bbox=True),
    dict(type='Resize', img_scale=(1550, 1550), keep_ratio=True),
    dict(type='RandomFlip', flip_ratio=0.5),
    dict(
        type='Normalize',
        mean=[123.675, 116.28, 103.53],
        std=[58.395, 57.12, 57.375],
        to_rgb=True),
    dict(type='Pad', size_divisor=32),
    dict(type='DefaultFormatBundle'),
    dict(type='Collect', keys=['img', 'gt_bboxes', 'gt_labels'])
]
test_pipeline = [
    dict(type='LoadImageFromFile'),
    dict(
        type='MultiScaleFlipAug',
        img_scale=(1550, 1550),
        flip=False,
        transforms=[
            dict(type='Resize', keep_ratio=True),
            dict(type='RandomFlip'),
            dict(
                type='Normalize',
                mean=[123.675, 116.28, 103.53],
                std=[58.395, 57.12, 57.375],
                to_rgb=True),
            dict(type='Pad', size_divisor=32),
            dict(type='ImageToTensor', keys=['img']),
            dict(type='Collect', keys=['img'])
        ])
]
data = dict(
    samples_per_gpu=2,
    workers_per_gpu=2,
    train=dict(
        type='CocoDataset',
        ann_file='data/coco/annotations/annotations_trai.json',
        img_prefix='data/coco/img/',
        pipeline=[
            dict(type='LoadImageFromFile'),
            dict(type='LoadAnnotations', with_bbox=True),
            dict(type='Resize', img_scale=(1550, 1550), keep_ratio=True),
            dict(type='RandomFlip', flip_ratio=0.5),
            dict(
                type='Normalize',
                mean=[123.675, 116.28, 103.53],
                std=[58.395, 57.12, 57.375],
                to_rgb=True),
            dict(type='Pad', size_divisor=32),
            dict(type='DefaultFormatBundle'),
            dict(type='Collect', keys=['img', 'gt_bboxes', 'gt_labels'])
        ]),
    val=dict(
        type='CocoDataset',
        ann_file='data/coco/annotations/annotations_test.json',
        img_prefix='data/coco/img/',
        pipeline=[
            dict(type='LoadImageFromFile'),
            dict(
                type='MultiScaleFlipAug',
                img_scale=(1550, 1550),
                flip=False,
                transforms=[
                    dict(type='Resize', keep_ratio=True),
                    dict(type='RandomFlip'),
                    dict(
                        type='Normalize',
                        mean=[123.675, 116.28, 103.53],
                        std=[58.395, 57.12, 57.375],
                        to_rgb=True),
                    dict(type='Pad', size_divisor=32),
                    dict(type='ImageToTensor', keys=['img']),
                    dict(type='Collect', keys=['img'])
                ])
        ]),
    test=dict(
        type='CocoDataset',
        ann_file='data/coco/annotations/annotations_vals.json',
        img_prefix='data/coco/img/',
        pipeline=[
            dict(type='LoadImageFromFile'),
            dict(
                type='MultiScaleFlipAug',
                img_scale=(1550, 1550),
                flip=False,
                transforms=[
                    dict(type='Resize', keep_ratio=True),
                    dict(type='RandomFlip'),
                    dict(
                        type='Normalize',
                        mean=[123.675, 116.28, 103.53],
                        std=[58.395, 57.12, 57.375],
                        to_rgb=True),
                    dict(type='Pad', size_divisor=32),
                    dict(type='ImageToTensor', keys=['img']),
                    dict(type='Collect', keys=['img'])
                ])
        ]))
evaluation = dict(interval=1, metric='bbox')
optimizer = dict(type='SGD', lr=0.01, momentum=0.9, weight_decay=0.0001)
optimizer_config = dict(grad_clip=None)
lr_config = dict(
    policy='step',
    warmup='linear',
    warmup_iters=500,
    warmup_ratio=0.001,
    step=[8, 11])
total_epochs = 4
checkpoint_config = dict(interval=4)
log_config = dict(interval=100, hooks=[dict(type='TextLoggerHook')])
dist_params = dict(backend='nccl')
log_level = 'INFO'
load_from = '/home/admin/.cache/torch/checkpoints/X.pth'
resume_from = None
workflow = [('train', 2), ('val', 1)]
work_dir = '/home/admin/jupyter/SecurityAI_Round5/data/work'
gpu_ids = range(0, 1)

2020-11-23 10:57:27,196 - mmdet - INFO - load model from: torchvision://resnet50
2020-11-23 10:57:34,989 - mmdet - WARNING - The model and loaded state dict do not match exactly

unexpected key in source state_dict: fc.weight, fc.bias

2020-11-23 10:57:45,347 - mmdet - INFO - load checkpoint from /home/admin/.cache/torch/checkpoints/X.pth
2020-11-23 10:57:51,926 - mmdet - INFO - Start running, host: admin@fuxilabor_labor0_S4_Odps_S96_dsw_prepaid_cnsh_838_2020112301033, work_dir: /home/admin/jupyter/SecurityAI_Round5/data/work
2020-11-23 10:57:51,926 - mmdet - INFO - workflow: [('train', 2), ('val', 1)], max: 4 epochs
2020-11-23 10:59:09,562 - mmdet - INFO - Epoch [1][100/623]	lr: 1.988e-03, eta: 0:30:52, time: 0.774, data_time: 0.033, memory: 9967, loss_rpn_cls: 0.0029, loss_rpn_bbox: 0.0267, loss_cls: 0.0280, acc: 98.8369, loss_bbox: 0.0655, loss: 0.1230
2020-11-23 11:00:24,500 - mmdet - INFO - Epoch [1][200/623]	lr: 3.986e-03, eta: 0:29:06, time: 0.749, data_time: 0.012, memory: 9967, loss_rpn_cls: 0.0018, loss_rpn_bbox: 0.0224, loss_cls: 0.0284, acc: 98.7432, loss_bbox: 0.0628, loss: 0.1154
2020-11-23 11:01:39,224 - mmdet - INFO - Epoch [1][300/623]	lr: 5.984e-03, eta: 0:27:39, time: 0.747, data_time: 0.012, memory: 9967, loss_rpn_cls: 0.0023, loss_rpn_bbox: 0.0241, loss_cls: 0.0288, acc: 98.7949, loss_bbox: 0.0646, loss: 0.1199
2020-11-23 11:02:54,221 - mmdet - INFO - Epoch [1][400/623]	lr: 7.982e-03, eta: 0:26:19, time: 0.750, data_time: 0.012, memory: 11887, loss_rpn_cls: 0.0021, loss_rpn_bbox: 0.0236, loss_cls: 0.0260, acc: 98.9521, loss_bbox: 0.0642, loss: 0.1160
2020-11-23 11:04:09,284 - mmdet - INFO - Epoch [1][500/623]	lr: 9.980e-03, eta: 0:25:02, time: 0.751, data_time: 0.012, memory: 11887, loss_rpn_cls: 0.0017, loss_rpn_bbox: 0.0303, loss_cls: 0.0253, acc: 98.9404, loss_bbox: 0.0655, loss: 0.1229
2020-11-23 11:05:24,408 - mmdet - INFO - Epoch [1][600/623]	lr: 1.000e-02, eta: 0:23:46, time: 0.751, data_time: 0.012, memory: 11887, loss_rpn_cls: 0.0032, loss_rpn_bbox: 0.0332, loss_cls: 0.0302, acc: 98.7773, loss_bbox: 0.0692, loss: 0.1358
2020-11-23 11:06:08,746 - mmdet - INFO - Evaluating bbox...
2020-11-23 11:06:12,100 - mmdet - INFO - Epoch [1][623/623]	lr: 1.000e-02, bbox_mAP: 0.8250, bbox_mAP_50: 0.8840, bbox_mAP_75: 0.8740, bbox_mAP_s: 0.5660, bbox_mAP_m: 0.8770, bbox_mAP_l: 0.9060, bbox_mAP_copypaste: 0.825 0.884 0.874 0.566 0.877 0.906
2020-11-23 11:07:29,511 - mmdet - INFO - Epoch [2][100/623]	lr: 1.000e-02, eta: 0:21:35, time: 0.772, data_time: 0.033, memory: 11887, loss_rpn_cls: 0.0029, loss_rpn_bbox: 0.0288, loss_cls: 0.0279, acc: 98.8027, loss_bbox: 0.0697, loss: 0.1293
2020-11-23 11:08:44,619 - mmdet - INFO - Epoch [2][200/623]	lr: 1.000e-02, eta: 0:20:26, time: 0.751, data_time: 0.012, memory: 11887, loss_rpn_cls: 0.0023, loss_rpn_bbox: 0.0302, loss_cls: 0.0297, acc: 98.7734, loss_bbox: 0.0651, loss: 0.1273
2020-11-23 11:09:59,829 - mmdet - INFO - Epoch [2][300/623]	lr: 1.000e-02, eta: 0:19:15, time: 0.752, data_time: 0.012, memory: 11887, loss_rpn_cls: 0.0020, loss_rpn_bbox: 0.0307, loss_cls: 0.0287, acc: 98.7871, loss_bbox: 0.0720, loss: 0.1334
2020-11-23 11:11:14,909 - mmdet - INFO - Epoch [2][400/623]	lr: 1.000e-02, eta: 0:18:04, time: 0.751, data_time: 0.012, memory: 11887, loss_rpn_cls: 0.0022, loss_rpn_bbox: 0.0279, loss_cls: 0.0256, acc: 98.9277, loss_bbox: 0.0631, loss: 0.1188
2020-11-23 11:12:29,892 - mmdet - INFO - Epoch [2][500/623]	lr: 1.000e-02, eta: 0:16:51, time: 0.750, data_time: 0.012, memory: 11887, loss_rpn_cls: 0.0030, loss_rpn_bbox: 0.0312, loss_cls: 0.0368, acc: 98.4209, loss_bbox: 0.0766, loss: 0.1476
2020-11-23 11:13:44,858 - mmdet - INFO - Epoch [2][600/623]	lr: 1.000e-02, eta: 0:15:38, time: 0.750, data_time: 0.012, memory: 11887, loss_rpn_cls: 0.0027, loss_rpn_bbox: 0.0333, loss_cls: 0.0344, acc: 98.6094, loss_bbox: 0.0743, loss: 0.1447
2020-11-23 11:14:29,360 - mmdet - INFO - Evaluating bbox...
2020-11-23 11:14:32,761 - mmdet - INFO - Epoch [2][623/623]	lr: 1.000e-02, bbox_mAP: 0.8180, bbox_mAP_50: 0.8790, bbox_mAP_75: 0.8690, bbox_mAP_s: 0.5690, bbox_mAP_m: 0.8720, bbox_mAP_l: 0.8950, bbox_mAP_copypaste: 0.818 0.879 0.869 0.569 0.872 0.895
2020-11-23 11:15:06,888 - mmdet - INFO - Epoch(train) [2][85]	loss_rpn_cls: 0.0030, loss_rpn_bbox: 0.0318, loss_cls: 0.0364, acc: 98.4019, loss_bbox: 0.0747, loss: 0.1459
2020-11-23 11:16:24,188 - mmdet - INFO - Epoch [3][100/623]	lr: 1.000e-02, eta: 0:13:56, time: 0.771, data_time: 0.033, memory: 11887, loss_rpn_cls: 0.0019, loss_rpn_bbox: 0.0290, loss_cls: 0.0280, acc: 98.7803, loss_bbox: 0.0733, loss: 0.1322
2020-11-23 11:17:39,233 - mmdet - INFO - Epoch [3][200/623]	lr: 1.000e-02, eta: 0:12:44, time: 0.750, data_time: 0.012, memory: 11887, loss_rpn_cls: 0.0028, loss_rpn_bbox: 0.0319, loss_cls: 0.0348, acc: 98.4980, loss_bbox: 0.0758, loss: 0.1454
2020-11-23 11:18:54,234 - mmdet - INFO - Epoch [3][300/623]	lr: 1.000e-02, eta: 0:11:32, time: 0.750, data_time: 0.012, memory: 11887, loss_rpn_cls: 0.0022, loss_rpn_bbox: 0.0314, loss_cls: 0.0302, acc: 98.7441, loss_bbox: 0.0754, loss: 0.1392
2020-11-23 11:20:09,114 - mmdet - INFO - Epoch [3][400/623]	lr: 1.000e-02, eta: 0:10:20, time: 0.749, data_time: 0.012, memory: 11912, loss_rpn_cls: 0.0026, loss_rpn_bbox: 0.0290, loss_cls: 0.0305, acc: 98.6914, loss_bbox: 0.0698, loss: 0.1319
2020-11-23 11:21:24,048 - mmdet - INFO - Epoch [3][500/623]	lr: 1.000e-02, eta: 0:09:07, time: 0.749, data_time: 0.012, memory: 11912, loss_rpn_cls: 0.0022, loss_rpn_bbox: 0.0287, loss_cls: 0.0268, acc: 98.9072, loss_bbox: 0.0731, loss: 0.1308
2020-11-23 11:22:39,125 - mmdet - INFO - Epoch [3][600/623]	lr: 1.000e-02, eta: 0:07:54, time: 0.751, data_time: 0.012, memory: 11912, loss_rpn_cls: 0.0021, loss_rpn_bbox: 0.0296, loss_cls: 0.0300, acc: 98.6777, loss_bbox: 0.0687, loss: 0.1305
2020-11-23 11:23:23,810 - mmdet - INFO - Evaluating bbox...
2020-11-23 11:23:27,332 - mmdet - INFO - Epoch [3][623/623]	lr: 1.000e-02, bbox_mAP: 0.8140, bbox_mAP_50: 0.8740, bbox_mAP_75: 0.8680, bbox_mAP_s: 0.5540, bbox_mAP_m: 0.8700, bbox_mAP_l: 0.8950, bbox_mAP_copypaste: 0.814 0.874 0.868 0.554 0.870 0.895
2020-11-23 11:24:44,202 - mmdet - INFO - Epoch [4][100/623]	lr: 1.000e-02, eta: 0:06:20, time: 0.767, data_time: 0.033, memory: 11912, loss_rpn_cls: 0.0019, loss_rpn_bbox: 0.0265, loss_cls: 0.0255, acc: 98.8994, loss_bbox: 0.0680, loss: 0.1218
2020-11-23 11:25:59,201 - mmdet - INFO - Epoch [4][200/623]	lr: 1.000e-02, eta: 0:05:08, time: 0.750, data_time: 0.012, memory: 11912, loss_rpn_cls: 0.0026, loss_rpn_bbox: 0.0297, loss_cls: 0.0309, acc: 98.6992, loss_bbox: 0.0733, loss: 0.1365
2020-11-23 11:27:14,242 - mmdet - INFO - Epoch [4][300/623]	lr: 1.000e-02, eta: 0:03:55, time: 0.750, data_time: 0.012, memory: 11912, loss_rpn_cls: 0.0027, loss_rpn_bbox: 0.0300, loss_cls: 0.0290, acc: 98.7520, loss_bbox: 0.0732, loss: 0.1349
2020-11-23 11:28:29,397 - mmdet - INFO - Epoch [4][400/623]	lr: 1.000e-02, eta: 0:02:43, time: 0.752, data_time: 0.012, memory: 11912, loss_rpn_cls: 0.0025, loss_rpn_bbox: 0.0315, loss_cls: 0.0326, acc: 98.6572, loss_bbox: 0.0783, loss: 0.1450
2020-11-23 11:29:44,344 - mmdet - INFO - Epoch [4][500/623]	lr: 1.000e-02, eta: 0:01:30, time: 0.749, data_time: 0.012, memory: 11912, loss_rpn_cls: 0.0027, loss_rpn_bbox: 0.0316, loss_cls: 0.0311, acc: 98.7051, loss_bbox: 0.0676, loss: 0.1329
2020-11-23 11:30:59,387 - mmdet - INFO - Epoch [4][600/623]	lr: 1.000e-02, eta: 0:00:16, time: 0.750, data_time: 0.012, memory: 11912, loss_rpn_cls: 0.0026, loss_rpn_bbox: 0.0324, loss_cls: 0.0282, acc: 98.8359, loss_bbox: 0.0721, loss: 0.1353
2020-11-23 11:31:16,462 - mmdet - INFO - Saving checkpoint at 4 epochs
2020-11-23 11:31:45,455 - mmdet - INFO - Evaluating bbox...
2020-11-23 11:31:48,907 - mmdet - INFO - Epoch [4][623/623]	lr: 1.000e-02, bbox_mAP: 0.8060, bbox_mAP_50: 0.8690, bbox_mAP_75: 0.8590, bbox_mAP_s: 0.5560, bbox_mAP_m: 0.8520, bbox_mAP_l: 0.8810, bbox_mAP_copypaste: 0.806 0.869 0.859 0.556 0.852 0.881
2020-11-23 11:32:23,010 - mmdet - INFO - Epoch(train) [4][85]	loss_rpn_cls: 0.0033, loss_rpn_bbox: 0.0331, loss_cls: 0.0385, acc: 98.3617, loss_bbox: 0.0816, loss: 0.1565
