2020-11-19 17:19:35,981 - mmdet - INFO - Environment info:
------------------------------------------------------------
sys.platform: linux
Python: 3.6.4 |Anaconda, Inc.| (default, Jan 16 2018, 18:10:19) [GCC 7.2.0]
CUDA available: True
CUDA_HOME: /usr/local/cuda
NVCC: Cuda compilation tools, release 10.0, V10.0.130
GPU 0: Tesla P100-PCIE-16GB
GCC: gcc (GCC) 5.3.0
PyTorch: 1.3.1+cu100
PyTorch compiling details: PyTorch built with:
  - GCC 7.3
  - Intel(R) Math Kernel Library Version 2019.0.4 Product Build 20190411 for Intel(R) 64 architecture applications
  - Intel(R) MKL-DNN v0.20.5 (Git Hash 0125f28c61c1f822fd48570b4c1066f96fcb9b2e)
  - OpenMP 201511 (a.k.a. OpenMP 4.5)
  - NNPACK is enabled
  - CUDA Runtime 10.0
  - NVCC architecture flags: -gencode;arch=compute_37,code=sm_37;-gencode;arch=compute_50,code=sm_50;-gencode;arch=compute_60,code=sm_60;-gencode;arch=compute_61,code=sm_61;-gencode;arch=compute_70,code=sm_70;-gencode;arch=compute_75,code=sm_75;-gencode;arch=compute_37,code=compute_37
  - CuDNN 7.6.3
  - Magma 2.5.1
  - Build settings: BLAS=MKL, BUILD_NAMEDTENSOR=OFF, BUILD_TYPE=Release, CXX_FLAGS= -Wno-deprecated -fvisibility-inlines-hidden -fopenmp -DUSE_FBGEMM -DUSE_QNNPACK -DUSE_PYTORCH_QNNPACK -O2 -fPIC -Wno-narrowing -Wall -Wextra -Wno-missing-field-initializers -Wno-type-limits -Wno-array-bounds -Wno-unknown-pragmas -Wno-sign-compare -Wno-unused-parameter -Wno-unused-variable -Wno-unused-function -Wno-unused-result -Wno-strict-overflow -Wno-strict-aliasing -Wno-error=deprecated-declarations -Wno-stringop-overflow -Wno-error=pedantic -Wno-error=redundant-decls -Wno-error=old-style-cast -fdiagnostics-color=always -faligned-new -Wno-unused-but-set-variable -Wno-maybe-uninitialized -fno-math-errno -fno-trapping-math -Wno-stringop-overflow, DISABLE_NUMA=1, PERF_WITH_AVX=1, PERF_WITH_AVX2=1, PERF_WITH_AVX512=1, USE_CUDA=True, USE_EXCEPTION_PTR=1, USE_GFLAGS=OFF, USE_GLOG=OFF, USE_MKL=ON, USE_MKLDNN=ON, USE_MPI=OFF, USE_NCCL=ON, USE_NNPACK=ON, USE_OPENMP=ON, USE_STATIC_DISPATCH=OFF, 

TorchVision: 0.4.2+cu100
OpenCV: 4.4.0
MMCV: 1.0.5
MMDetection: 2.3.0+788fa8d
MMDetection Compiler: GCC 7.3
MMDetection CUDA Compiler: 10.0
------------------------------------------------------------

2020-11-19 17:19:35,981 - mmdet - INFO - Distributed training: False
2020-11-19 17:19:36,381 - mmdet - INFO - Config:
model = dict(
    type='FasterRCNN',
    pretrained='torchvision://resnet50',
    backbone=dict(
        type='ResNet',
        depth=50,
        num_stages=4,
        out_indices=(0, 1, 2, 3),
        frozen_stages=1,
        norm_cfg=dict(type='BN', requires_grad=True),
        norm_eval=True,
        style='pytorch'),
    neck=dict(
        type='FPN',
        in_channels=[256, 512, 1024, 2048],
        out_channels=256,
        num_outs=5),
    rpn_head=dict(
        type='RPNHead',
        in_channels=256,
        feat_channels=256,
        anchor_generator=dict(
            type='AnchorGenerator',
            scales=[8],
            ratios=[0.5, 1.0, 2.0],
            strides=[4, 8, 16, 32, 64]),
        bbox_coder=dict(
            type='DeltaXYWHBBoxCoder',
            target_means=[0.0, 0.0, 0.0, 0.0],
            target_stds=[1.0, 1.0, 1.0, 1.0]),
        loss_cls=dict(
            type='CrossEntropyLoss', use_sigmoid=True, loss_weight=1.0),
        loss_bbox=dict(type='L1Loss', loss_weight=1.0)),
    roi_head=dict(
        type='StandardRoIHead',
        bbox_roi_extractor=dict(
            type='SingleRoIExtractor',
            roi_layer=dict(type='RoIAlign', output_size=7, sampling_ratio=0),
            out_channels=256,
            featmap_strides=[4, 8, 16, 32]),
        bbox_head=dict(
            type='Shared2FCBBoxHead',
            in_channels=256,
            fc_out_channels=1024,
            roi_feat_size=7,
            num_classes=2,
            bbox_coder=dict(
                type='DeltaXYWHBBoxCoder',
                target_means=[0.0, 0.0, 0.0, 0.0],
                target_stds=[0.1, 0.1, 0.2, 0.2]),
            reg_class_agnostic=False,
            loss_cls=dict(
                type='CrossEntropyLoss', use_sigmoid=False, loss_weight=1.0),
            loss_bbox=dict(type='L1Loss', loss_weight=1.0))))
train_cfg = dict(
    rpn=dict(
        assigner=dict(
            type='MaxIoUAssigner',
            pos_iou_thr=0.7,
            neg_iou_thr=0.3,
            min_pos_iou=0.3,
            match_low_quality=True,
            ignore_iof_thr=-1),
        sampler=dict(
            type='RandomSampler',
            num=256,
            pos_fraction=0.5,
            neg_pos_ub=-1,
            add_gt_as_proposals=False),
        allowed_border=-1,
        pos_weight=-1,
        debug=False),
    rpn_proposal=dict(
        nms_across_levels=False,
        nms_pre=2000,
        nms_post=1000,
        max_num=1000,
        nms_thr=0.7,
        min_bbox_size=0),
    rcnn=dict(
        assigner=dict(
            type='MaxIoUAssigner',
            pos_iou_thr=0.5,
            neg_iou_thr=0.5,
            min_pos_iou=0.5,
            match_low_quality=False,
            ignore_iof_thr=-1),
        sampler=dict(
            type='RandomSampler',
            num=512,
            pos_fraction=0.25,
            neg_pos_ub=-1,
            add_gt_as_proposals=True),
        pos_weight=-1,
        debug=False))
test_cfg = dict(
    rpn=dict(
        nms_across_levels=False,
        nms_pre=1000,
        nms_post=1000,
        max_num=1000,
        nms_thr=0.7,
        min_bbox_size=0),
    rcnn=dict(
        score_thr=0.05,
        nms=dict(type='nms', iou_threshold=0.5),
        max_per_img=100))
dataset_type = 'CocoDataset'
data_root = 'data/coco/'
img_norm_cfg = dict(
    mean=[123.675, 116.28, 103.53], std=[58.395, 57.12, 57.375], to_rgb=True)
train_pipeline = [
    dict(type='LoadImageFromFile'),
    dict(type='LoadAnnotations', with_bbox=True),
    dict(type='Resize', img_scale=(1550, 1550), keep_ratio=True),
    dict(type='RandomFlip', flip_ratio=0.5),
    dict(
        type='Normalize',
        mean=[123.675, 116.28, 103.53],
        std=[58.395, 57.12, 57.375],
        to_rgb=True),
    dict(type='Pad', size_divisor=32),
    dict(type='DefaultFormatBundle'),
    dict(type='Collect', keys=['img', 'gt_bboxes', 'gt_labels'])
]
test_pipeline = [
    dict(type='LoadImageFromFile'),
    dict(
        type='MultiScaleFlipAug',
        img_scale=(1550, 1550),
        flip=False,
        transforms=[
            dict(type='Resize', keep_ratio=True),
            dict(type='RandomFlip'),
            dict(
                type='Normalize',
                mean=[123.675, 116.28, 103.53],
                std=[58.395, 57.12, 57.375],
                to_rgb=True),
            dict(type='Pad', size_divisor=32),
            dict(type='ImageToTensor', keys=['img']),
            dict(type='Collect', keys=['img'])
        ])
]
data = dict(
    samples_per_gpu=2,
    workers_per_gpu=2,
    train=dict(
        type='CocoDataset',
        ann_file='data/coco/annotations/annotations_trai.json',
        img_prefix='data/coco/img/',
        pipeline=[
            dict(type='LoadImageFromFile'),
            dict(type='LoadAnnotations', with_bbox=True),
            dict(type='Resize', img_scale=(1550, 1550), keep_ratio=True),
            dict(type='RandomFlip', flip_ratio=0.5),
            dict(
                type='Normalize',
                mean=[123.675, 116.28, 103.53],
                std=[58.395, 57.12, 57.375],
                to_rgb=True),
            dict(type='Pad', size_divisor=32),
            dict(type='DefaultFormatBundle'),
            dict(type='Collect', keys=['img', 'gt_bboxes', 'gt_labels'])
        ]),
    val=dict(
        type='CocoDataset',
        ann_file='data/coco/annotations/annotations_test.json',
        img_prefix='data/coco/img/',
        pipeline=[
            dict(type='LoadImageFromFile'),
            dict(
                type='MultiScaleFlipAug',
                img_scale=(1550, 1550),
                flip=False,
                transforms=[
                    dict(type='Resize', keep_ratio=True),
                    dict(type='RandomFlip'),
                    dict(
                        type='Normalize',
                        mean=[123.675, 116.28, 103.53],
                        std=[58.395, 57.12, 57.375],
                        to_rgb=True),
                    dict(type='Pad', size_divisor=32),
                    dict(type='ImageToTensor', keys=['img']),
                    dict(type='Collect', keys=['img'])
                ])
        ]),
    test=dict(
        type='CocoDataset',
        ann_file='data/coco/annotations/annotations_vals.json',
        img_prefix='data/coco/img/',
        pipeline=[
            dict(type='LoadImageFromFile'),
            dict(
                type='MultiScaleFlipAug',
                img_scale=(1550, 1550),
                flip=False,
                transforms=[
                    dict(type='Resize', keep_ratio=True),
                    dict(type='RandomFlip'),
                    dict(
                        type='Normalize',
                        mean=[123.675, 116.28, 103.53],
                        std=[58.395, 57.12, 57.375],
                        to_rgb=True),
                    dict(type='Pad', size_divisor=32),
                    dict(type='ImageToTensor', keys=['img']),
                    dict(type='Collect', keys=['img'])
                ])
        ]))
evaluation = dict(interval=1, metric='bbox')
optimizer = dict(type='SGD', lr=0.01, momentum=0.9, weight_decay=0.0001)
optimizer_config = dict(grad_clip=None)
lr_config = dict(
    policy='step',
    warmup='linear',
    warmup_iters=500,
    warmup_ratio=0.001,
    step=[8, 11])
total_epochs = 4
checkpoint_config = dict(interval=4)
log_config = dict(interval=100, hooks=[dict(type='TextLoggerHook')])
dist_params = dict(backend='nccl')
log_level = 'INFO'
load_from = '/home/admin/.cache/torch/checkpoints/X.pth'
resume_from = None
workflow = [('train', 2), ('val', 1)]
work_dir = '/home/admin/jupyter/SecurityAI_Round5/data/work'
gpu_ids = range(0, 1)

2020-11-19 17:19:36,884 - mmdet - INFO - load model from: torchvision://resnet50
2020-11-19 17:19:44,879 - mmdet - WARNING - The model and loaded state dict do not match exactly

unexpected key in source state_dict: fc.weight, fc.bias

2020-11-19 17:19:55,123 - mmdet - INFO - load checkpoint from /home/admin/.cache/torch/checkpoints/X.pth
2020-11-19 17:20:01,768 - mmdet - INFO - Start running, host: admin@fuxilabor_labor0_S4_Odps_S96_dsw_prepaid_cnsh_838_2020111907522, work_dir: /home/admin/jupyter/SecurityAI_Round5/data/work
2020-11-19 17:20:01,768 - mmdet - INFO - workflow: [('train', 2), ('val', 1)], max: 4 epochs
2020-11-19 17:21:20,126 - mmdet - INFO - Epoch [1][100/614]	lr: 1.988e-03, eta: 0:30:41, time: 0.782, data_time: 0.034, memory: 8886, loss_rpn_cls: 0.0042, loss_rpn_bbox: 0.0393, loss_cls: 0.0511, acc: 97.8975, loss_bbox: 0.1034, loss: 0.1981
2020-11-19 17:22:35,650 - mmdet - INFO - Epoch [1][200/614]	lr: 3.986e-03, eta: 0:28:53, time: 0.755, data_time: 0.012, memory: 9987, loss_rpn_cls: 0.0028, loss_rpn_bbox: 0.0360, loss_cls: 0.0385, acc: 98.4219, loss_bbox: 0.0904, loss: 0.1676
2020-11-19 17:23:50,767 - mmdet - INFO - Epoch [1][300/614]	lr: 5.984e-03, eta: 0:27:24, time: 0.751, data_time: 0.012, memory: 9987, loss_rpn_cls: 0.0029, loss_rpn_bbox: 0.0325, loss_cls: 0.0440, acc: 98.2178, loss_bbox: 0.0919, loss: 0.1712
2020-11-19 17:25:05,769 - mmdet - INFO - Epoch [1][400/614]	lr: 7.982e-03, eta: 0:26:01, time: 0.750, data_time: 0.012, memory: 9987, loss_rpn_cls: 0.0026, loss_rpn_bbox: 0.0352, loss_cls: 0.0399, acc: 98.3223, loss_bbox: 0.0888, loss: 0.1665
2020-11-19 17:26:20,799 - mmdet - INFO - Epoch [1][500/614]	lr: 9.980e-03, eta: 0:24:41, time: 0.750, data_time: 0.012, memory: 9987, loss_rpn_cls: 0.0032, loss_rpn_bbox: 0.0365, loss_cls: 0.0371, acc: 98.4277, loss_bbox: 0.0868, loss: 0.1637
2020-11-19 17:27:35,606 - mmdet - INFO - Epoch [1][600/614]	lr: 1.000e-02, eta: 0:23:23, time: 0.748, data_time: 0.012, memory: 9987, loss_rpn_cls: 0.0035, loss_rpn_bbox: 0.0447, loss_cls: 0.0454, acc: 98.1074, loss_bbox: 0.1058, loss: 0.1994
2020-11-19 17:28:12,614 - mmdet - INFO - Evaluating bbox...
2020-11-19 17:28:16,298 - mmdet - INFO - Epoch [1][614/614]	lr: 1.000e-02, bbox_mAP: 0.7570, bbox_mAP_50: 0.8420, bbox_mAP_75: 0.8070, bbox_mAP_s: 0.4400, bbox_mAP_m: 0.7910, bbox_mAP_l: 0.8600, bbox_mAP_copypaste: 0.757 0.842 0.807 0.440 0.791 0.860
2020-11-19 17:29:34,577 - mmdet - INFO - Epoch [2][100/614]	lr: 1.000e-02, eta: 0:21:37, time: 0.781, data_time: 0.034, memory: 9987, loss_rpn_cls: 0.0040, loss_rpn_bbox: 0.0435, loss_cls: 0.0501, acc: 97.8223, loss_bbox: 0.1008, loss: 0.1984
2020-11-19 17:30:49,803 - mmdet - INFO - Epoch [2][200/614]	lr: 1.000e-02, eta: 0:20:24, time: 0.752, data_time: 0.012, memory: 9987, loss_rpn_cls: 0.0046, loss_rpn_bbox: 0.0427, loss_cls: 0.0432, acc: 98.2363, loss_bbox: 0.0973, loss: 0.1879
2020-11-19 17:32:04,476 - mmdet - INFO - Epoch [2][300/614]	lr: 1.000e-02, eta: 0:19:09, time: 0.747, data_time: 0.012, memory: 9987, loss_rpn_cls: 0.0035, loss_rpn_bbox: 0.0398, loss_cls: 0.0421, acc: 98.2510, loss_bbox: 0.0956, loss: 0.1809
2020-11-19 17:33:19,531 - mmdet - INFO - Epoch [2][400/614]	lr: 1.000e-02, eta: 0:17:56, time: 0.751, data_time: 0.012, memory: 9987, loss_rpn_cls: 0.0031, loss_rpn_bbox: 0.0422, loss_cls: 0.0410, acc: 98.2676, loss_bbox: 0.1010, loss: 0.1874
2020-11-19 17:34:34,331 - mmdet - INFO - Epoch [2][500/614]	lr: 1.000e-02, eta: 0:16:41, time: 0.748, data_time: 0.012, memory: 9987, loss_rpn_cls: 0.0037, loss_rpn_bbox: 0.0375, loss_cls: 0.0427, acc: 98.2490, loss_bbox: 0.0865, loss: 0.1704
2020-11-19 17:35:49,315 - mmdet - INFO - Epoch [2][600/614]	lr: 1.000e-02, eta: 0:15:27, time: 0.750, data_time: 0.012, memory: 9987, loss_rpn_cls: 0.0029, loss_rpn_bbox: 0.0394, loss_cls: 0.0413, acc: 98.2920, loss_bbox: 0.0957, loss: 0.1793
2020-11-19 17:36:26,392 - mmdet - INFO - Evaluating bbox...
2020-11-19 17:36:29,996 - mmdet - INFO - Epoch [2][614/614]	lr: 1.000e-02, bbox_mAP: 0.7520, bbox_mAP_50: 0.8310, bbox_mAP_75: 0.8060, bbox_mAP_s: 0.4250, bbox_mAP_m: 0.7810, bbox_mAP_l: 0.8600, bbox_mAP_copypaste: 0.752 0.831 0.806 0.425 0.781 0.860
2020-11-19 17:37:03,451 - mmdet - INFO - Epoch(train) [2][82]	loss_rpn_cls: 0.0048, loss_rpn_bbox: 0.0455, loss_cls: 0.0521, acc: 97.8099, loss_bbox: 0.1083, loss: 0.2107
2020-11-19 17:38:20,614 - mmdet - INFO - Epoch [3][100/614]	lr: 1.000e-02, eta: 0:13:55, time: 0.770, data_time: 0.034, memory: 9987, loss_rpn_cls: 0.0040, loss_rpn_bbox: 0.0422, loss_cls: 0.0446, acc: 98.1748, loss_bbox: 0.1025, loss: 0.1933
2020-11-19 17:39:35,721 - mmdet - INFO - Epoch [3][200/614]	lr: 1.000e-02, eta: 0:12:42, time: 0.751, data_time: 0.012, memory: 9987, loss_rpn_cls: 0.0043, loss_rpn_bbox: 0.0427, loss_cls: 0.0477, acc: 97.9668, loss_bbox: 0.1063, loss: 0.2010
2020-11-19 17:40:50,638 - mmdet - INFO - Epoch [3][300/614]	lr: 1.000e-02, eta: 0:11:28, time: 0.749, data_time: 0.012, memory: 9987, loss_rpn_cls: 0.0029, loss_rpn_bbox: 0.0393, loss_cls: 0.0445, acc: 98.1436, loss_bbox: 0.0994, loss: 0.1861
2020-11-19 17:42:05,736 - mmdet - INFO - Epoch [3][400/614]	lr: 1.000e-02, eta: 0:10:14, time: 0.751, data_time: 0.012, memory: 9987, loss_rpn_cls: 0.0034, loss_rpn_bbox: 0.0401, loss_cls: 0.0423, acc: 98.2070, loss_bbox: 0.1002, loss: 0.1860
2020-11-19 17:43:20,497 - mmdet - INFO - Epoch [3][500/614]	lr: 1.000e-02, eta: 0:09:00, time: 0.748, data_time: 0.012, memory: 9987, loss_rpn_cls: 0.0047, loss_rpn_bbox: 0.0388, loss_cls: 0.0394, acc: 98.3545, loss_bbox: 0.0920, loss: 0.1748
2020-11-19 17:44:35,263 - mmdet - INFO - Epoch [3][600/614]	lr: 1.000e-02, eta: 0:07:46, time: 0.748, data_time: 0.012, memory: 9987, loss_rpn_cls: 0.0029, loss_rpn_bbox: 0.0417, loss_cls: 0.0413, acc: 98.2627, loss_bbox: 0.1024, loss: 0.1883
2020-11-19 17:45:12,149 - mmdet - INFO - Evaluating bbox...
2020-11-19 17:45:15,737 - mmdet - INFO - Epoch [3][614/614]	lr: 1.000e-02, bbox_mAP: 0.7520, bbox_mAP_50: 0.8350, bbox_mAP_75: 0.8050, bbox_mAP_s: 0.4200, bbox_mAP_m: 0.7700, bbox_mAP_l: 0.8470, bbox_mAP_copypaste: 0.752 0.835 0.805 0.420 0.770 0.847
2020-11-19 17:46:32,945 - mmdet - INFO - Epoch [4][100/614]	lr: 1.000e-02, eta: 0:06:19, time: 0.770, data_time: 0.034, memory: 9987, loss_rpn_cls: 0.0034, loss_rpn_bbox: 0.0379, loss_cls: 0.0404, acc: 98.3643, loss_bbox: 0.0949, loss: 0.1766
2020-11-19 17:47:47,618 - mmdet - INFO - Epoch [4][200/614]	lr: 1.000e-02, eta: 0:05:06, time: 0.747, data_time: 0.012, memory: 9987, loss_rpn_cls: 0.0034, loss_rpn_bbox: 0.0419, loss_cls: 0.0419, acc: 98.2676, loss_bbox: 0.1016, loss: 0.1887
2020-11-19 17:49:02,537 - mmdet - INFO - Epoch [4][300/614]	lr: 1.000e-02, eta: 0:03:52, time: 0.749, data_time: 0.012, memory: 9987, loss_rpn_cls: 0.0037, loss_rpn_bbox: 0.0448, loss_cls: 0.0439, acc: 98.1445, loss_bbox: 0.0954, loss: 0.1877
2020-11-19 17:50:17,456 - mmdet - INFO - Epoch [4][400/614]	lr: 1.000e-02, eta: 0:02:38, time: 0.749, data_time: 0.012, memory: 9987, loss_rpn_cls: 0.0035, loss_rpn_bbox: 0.0405, loss_cls: 0.0395, acc: 98.3496, loss_bbox: 0.0958, loss: 0.1793
2020-11-19 17:51:32,113 - mmdet - INFO - Epoch [4][500/614]	lr: 1.000e-02, eta: 0:01:24, time: 0.747, data_time: 0.012, memory: 9987, loss_rpn_cls: 0.0040, loss_rpn_bbox: 0.0407, loss_cls: 0.0458, acc: 98.1562, loss_bbox: 0.1036, loss: 0.1941
2020-11-19 17:52:47,229 - mmdet - INFO - Epoch [4][600/614]	lr: 1.000e-02, eta: 0:00:10, time: 0.751, data_time: 0.012, memory: 9987, loss_rpn_cls: 0.0041, loss_rpn_bbox: 0.0411, loss_cls: 0.0507, acc: 97.8457, loss_bbox: 0.1099, loss: 0.2058
2020-11-19 17:52:57,563 - mmdet - INFO - Saving checkpoint at 4 epochs
2020-11-19 17:53:25,639 - mmdet - INFO - Evaluating bbox...
2020-11-19 17:53:29,164 - mmdet - INFO - Epoch [4][614/614]	lr: 1.000e-02, bbox_mAP: 0.7540, bbox_mAP_50: 0.8310, bbox_mAP_75: 0.8060, bbox_mAP_s: 0.4210, bbox_mAP_m: 0.7740, bbox_mAP_l: 0.8560, bbox_mAP_copypaste: 0.754 0.831 0.806 0.421 0.774 0.856
2020-11-19 17:54:02,105 - mmdet - INFO - Epoch(train) [4][82]	loss_rpn_cls: 0.0074, loss_rpn_bbox: 0.0443, loss_cls: 0.0554, acc: 97.6455, loss_bbox: 0.1085, loss: 0.2156
