2020-11-20 19:07:19,496 - mmdet - INFO - Environment info:
------------------------------------------------------------
sys.platform: linux
Python: 3.6.4 |Anaconda, Inc.| (default, Jan 16 2018, 18:10:19) [GCC 7.2.0]
CUDA available: True
CUDA_HOME: /usr/local/cuda
NVCC: Cuda compilation tools, release 10.0, V10.0.130
GPU 0: Tesla P100-PCIE-16GB
GCC: gcc (GCC) 5.3.0
PyTorch: 1.3.1+cu100
PyTorch compiling details: PyTorch built with:
  - GCC 7.3
  - Intel(R) Math Kernel Library Version 2019.0.4 Product Build 20190411 for Intel(R) 64 architecture applications
  - Intel(R) MKL-DNN v0.20.5 (Git Hash 0125f28c61c1f822fd48570b4c1066f96fcb9b2e)
  - OpenMP 201511 (a.k.a. OpenMP 4.5)
  - NNPACK is enabled
  - CUDA Runtime 10.0
  - NVCC architecture flags: -gencode;arch=compute_37,code=sm_37;-gencode;arch=compute_50,code=sm_50;-gencode;arch=compute_60,code=sm_60;-gencode;arch=compute_61,code=sm_61;-gencode;arch=compute_70,code=sm_70;-gencode;arch=compute_75,code=sm_75;-gencode;arch=compute_37,code=compute_37
  - CuDNN 7.6.3
  - Magma 2.5.1
  - Build settings: BLAS=MKL, BUILD_NAMEDTENSOR=OFF, BUILD_TYPE=Release, CXX_FLAGS= -Wno-deprecated -fvisibility-inlines-hidden -fopenmp -DUSE_FBGEMM -DUSE_QNNPACK -DUSE_PYTORCH_QNNPACK -O2 -fPIC -Wno-narrowing -Wall -Wextra -Wno-missing-field-initializers -Wno-type-limits -Wno-array-bounds -Wno-unknown-pragmas -Wno-sign-compare -Wno-unused-parameter -Wno-unused-variable -Wno-unused-function -Wno-unused-result -Wno-strict-overflow -Wno-strict-aliasing -Wno-error=deprecated-declarations -Wno-stringop-overflow -Wno-error=pedantic -Wno-error=redundant-decls -Wno-error=old-style-cast -fdiagnostics-color=always -faligned-new -Wno-unused-but-set-variable -Wno-maybe-uninitialized -fno-math-errno -fno-trapping-math -Wno-stringop-overflow, DISABLE_NUMA=1, PERF_WITH_AVX=1, PERF_WITH_AVX2=1, PERF_WITH_AVX512=1, USE_CUDA=True, USE_EXCEPTION_PTR=1, USE_GFLAGS=OFF, USE_GLOG=OFF, USE_MKL=ON, USE_MKLDNN=ON, USE_MPI=OFF, USE_NCCL=ON, USE_NNPACK=ON, USE_OPENMP=ON, USE_STATIC_DISPATCH=OFF, 

TorchVision: 0.4.2+cu100
OpenCV: 4.4.0
MMCV: 1.0.5
MMDetection: 2.3.0+788fa8d
MMDetection Compiler: GCC 7.3
MMDetection CUDA Compiler: 10.0
------------------------------------------------------------

2020-11-20 19:07:19,496 - mmdet - INFO - Distributed training: False
2020-11-20 19:07:19,891 - mmdet - INFO - Config:
model = dict(
    type='FasterRCNN',
    pretrained='torchvision://resnet50',
    backbone=dict(
        type='ResNet',
        depth=50,
        num_stages=4,
        out_indices=(0, 1, 2, 3),
        frozen_stages=1,
        norm_cfg=dict(type='BN', requires_grad=True),
        norm_eval=True,
        style='pytorch'),
    neck=dict(
        type='FPN',
        in_channels=[256, 512, 1024, 2048],
        out_channels=256,
        num_outs=5),
    rpn_head=dict(
        type='RPNHead',
        in_channels=256,
        feat_channels=256,
        anchor_generator=dict(
            type='AnchorGenerator',
            scales=[8],
            ratios=[0.5, 1.0, 2.0],
            strides=[4, 8, 16, 32, 64]),
        bbox_coder=dict(
            type='DeltaXYWHBBoxCoder',
            target_means=[0.0, 0.0, 0.0, 0.0],
            target_stds=[1.0, 1.0, 1.0, 1.0]),
        loss_cls=dict(
            type='CrossEntropyLoss', use_sigmoid=True, loss_weight=1.0),
        loss_bbox=dict(type='L1Loss', loss_weight=1.0)),
    roi_head=dict(
        type='StandardRoIHead',
        bbox_roi_extractor=dict(
            type='SingleRoIExtractor',
            roi_layer=dict(type='RoIAlign', output_size=7, sampling_ratio=0),
            out_channels=256,
            featmap_strides=[4, 8, 16, 32]),
        bbox_head=dict(
            type='Shared2FCBBoxHead',
            in_channels=256,
            fc_out_channels=1024,
            roi_feat_size=7,
            num_classes=2,
            bbox_coder=dict(
                type='DeltaXYWHBBoxCoder',
                target_means=[0.0, 0.0, 0.0, 0.0],
                target_stds=[0.1, 0.1, 0.2, 0.2]),
            reg_class_agnostic=False,
            loss_cls=dict(
                type='CrossEntropyLoss', use_sigmoid=False, loss_weight=1.0),
            loss_bbox=dict(type='L1Loss', loss_weight=1.0))))
train_cfg = dict(
    rpn=dict(
        assigner=dict(
            type='MaxIoUAssigner',
            pos_iou_thr=0.7,
            neg_iou_thr=0.3,
            min_pos_iou=0.3,
            match_low_quality=True,
            ignore_iof_thr=-1),
        sampler=dict(
            type='RandomSampler',
            num=256,
            pos_fraction=0.5,
            neg_pos_ub=-1,
            add_gt_as_proposals=False),
        allowed_border=-1,
        pos_weight=-1,
        debug=False),
    rpn_proposal=dict(
        nms_across_levels=False,
        nms_pre=2000,
        nms_post=1000,
        max_num=1000,
        nms_thr=0.7,
        min_bbox_size=0),
    rcnn=dict(
        assigner=dict(
            type='MaxIoUAssigner',
            pos_iou_thr=0.5,
            neg_iou_thr=0.5,
            min_pos_iou=0.5,
            match_low_quality=False,
            ignore_iof_thr=-1),
        sampler=dict(
            type='RandomSampler',
            num=512,
            pos_fraction=0.25,
            neg_pos_ub=-1,
            add_gt_as_proposals=True),
        pos_weight=-1,
        debug=False))
test_cfg = dict(
    rpn=dict(
        nms_across_levels=False,
        nms_pre=1000,
        nms_post=1000,
        max_num=1000,
        nms_thr=0.7,
        min_bbox_size=0),
    rcnn=dict(
        score_thr=0.05,
        nms=dict(type='nms', iou_threshold=0.5),
        max_per_img=100))
dataset_type = 'CocoDataset'
data_root = 'data/coco/'
img_norm_cfg = dict(
    mean=[123.675, 116.28, 103.53], std=[58.395, 57.12, 57.375], to_rgb=True)
train_pipeline = [
    dict(type='LoadImageFromFile'),
    dict(type='LoadAnnotations', with_bbox=True),
    dict(type='Resize', img_scale=(1550, 1550), keep_ratio=True),
    dict(type='RandomFlip', flip_ratio=0.5),
    dict(
        type='Normalize',
        mean=[123.675, 116.28, 103.53],
        std=[58.395, 57.12, 57.375],
        to_rgb=True),
    dict(type='Pad', size_divisor=32),
    dict(type='DefaultFormatBundle'),
    dict(type='Collect', keys=['img', 'gt_bboxes', 'gt_labels'])
]
test_pipeline = [
    dict(type='LoadImageFromFile'),
    dict(
        type='MultiScaleFlipAug',
        img_scale=(1550, 1550),
        flip=False,
        transforms=[
            dict(type='Resize', keep_ratio=True),
            dict(type='RandomFlip'),
            dict(
                type='Normalize',
                mean=[123.675, 116.28, 103.53],
                std=[58.395, 57.12, 57.375],
                to_rgb=True),
            dict(type='Pad', size_divisor=32),
            dict(type='ImageToTensor', keys=['img']),
            dict(type='Collect', keys=['img'])
        ])
]
data = dict(
    samples_per_gpu=2,
    workers_per_gpu=2,
    train=dict(
        type='CocoDataset',
        ann_file='data/coco/annotations/annotations_trai.json',
        img_prefix='data/coco/img/',
        pipeline=[
            dict(type='LoadImageFromFile'),
            dict(type='LoadAnnotations', with_bbox=True),
            dict(type='Resize', img_scale=(1550, 1550), keep_ratio=True),
            dict(type='RandomFlip', flip_ratio=0.5),
            dict(
                type='Normalize',
                mean=[123.675, 116.28, 103.53],
                std=[58.395, 57.12, 57.375],
                to_rgb=True),
            dict(type='Pad', size_divisor=32),
            dict(type='DefaultFormatBundle'),
            dict(type='Collect', keys=['img', 'gt_bboxes', 'gt_labels'])
        ]),
    val=dict(
        type='CocoDataset',
        ann_file='data/coco/annotations/annotations_test.json',
        img_prefix='data/coco/img/',
        pipeline=[
            dict(type='LoadImageFromFile'),
            dict(
                type='MultiScaleFlipAug',
                img_scale=(1550, 1550),
                flip=False,
                transforms=[
                    dict(type='Resize', keep_ratio=True),
                    dict(type='RandomFlip'),
                    dict(
                        type='Normalize',
                        mean=[123.675, 116.28, 103.53],
                        std=[58.395, 57.12, 57.375],
                        to_rgb=True),
                    dict(type='Pad', size_divisor=32),
                    dict(type='ImageToTensor', keys=['img']),
                    dict(type='Collect', keys=['img'])
                ])
        ]),
    test=dict(
        type='CocoDataset',
        ann_file='data/coco/annotations/annotations_vals.json',
        img_prefix='data/coco/img/',
        pipeline=[
            dict(type='LoadImageFromFile'),
            dict(
                type='MultiScaleFlipAug',
                img_scale=(1550, 1550),
                flip=False,
                transforms=[
                    dict(type='Resize', keep_ratio=True),
                    dict(type='RandomFlip'),
                    dict(
                        type='Normalize',
                        mean=[123.675, 116.28, 103.53],
                        std=[58.395, 57.12, 57.375],
                        to_rgb=True),
                    dict(type='Pad', size_divisor=32),
                    dict(type='ImageToTensor', keys=['img']),
                    dict(type='Collect', keys=['img'])
                ])
        ]))
evaluation = dict(interval=1, metric='bbox')
optimizer = dict(type='SGD', lr=0.01, momentum=0.9, weight_decay=0.0001)
optimizer_config = dict(grad_clip=None)
lr_config = dict(
    policy='step',
    warmup='linear',
    warmup_iters=500,
    warmup_ratio=0.001,
    step=[8, 11])
total_epochs = 4
checkpoint_config = dict(interval=4)
log_config = dict(interval=100, hooks=[dict(type='TextLoggerHook')])
dist_params = dict(backend='nccl')
log_level = 'INFO'
load_from = '/home/admin/.cache/torch/checkpoints/X.pth'
resume_from = None
workflow = [('train', 2), ('val', 1)]
work_dir = '/home/admin/jupyter/SecurityAI_Round5/data/work'
gpu_ids = range(0, 1)

2020-11-20 19:07:20,386 - mmdet - INFO - load model from: torchvision://resnet50
2020-11-20 19:07:28,400 - mmdet - WARNING - The model and loaded state dict do not match exactly

unexpected key in source state_dict: fc.weight, fc.bias

2020-11-20 19:07:38,671 - mmdet - INFO - load checkpoint from /home/admin/.cache/torch/checkpoints/X.pth
2020-11-20 19:07:45,220 - mmdet - INFO - Start running, host: admin@fuxilabor_labor0_S4_Odps_S96_dsw_prepaid_cnsh_838_2020112007575, work_dir: /home/admin/jupyter/SecurityAI_Round5/data/work
2020-11-20 19:07:45,220 - mmdet - INFO - workflow: [('train', 2), ('val', 1)], max: 4 epochs
2020-11-20 19:09:02,374 - mmdet - INFO - Epoch [1][100/625]	lr: 1.988e-03, eta: 0:30:47, time: 0.770, data_time: 0.033, memory: 9802, loss_rpn_cls: 0.0022, loss_rpn_bbox: 0.0289, loss_cls: 0.0309, acc: 98.7344, loss_bbox: 0.0761, loss: 0.1382
2020-11-20 19:10:16,977 - mmdet - INFO - Epoch [1][200/625]	lr: 3.986e-03, eta: 0:29:02, time: 0.746, data_time: 0.012, memory: 11910, loss_rpn_cls: 0.0035, loss_rpn_bbox: 0.0268, loss_cls: 0.0365, acc: 98.4365, loss_bbox: 0.0780, loss: 0.1449
2020-11-20 19:11:31,484 - mmdet - INFO - Epoch [1][300/625]	lr: 5.984e-03, eta: 0:27:37, time: 0.745, data_time: 0.012, memory: 11910, loss_rpn_cls: 0.0025, loss_rpn_bbox: 0.0266, loss_cls: 0.0328, acc: 98.6289, loss_bbox: 0.0733, loss: 0.1352
2020-11-20 19:12:46,027 - mmdet - INFO - Epoch [1][400/625]	lr: 7.982e-03, eta: 0:26:18, time: 0.745, data_time: 0.012, memory: 11910, loss_rpn_cls: 0.0024, loss_rpn_bbox: 0.0329, loss_cls: 0.0295, acc: 98.8076, loss_bbox: 0.0739, loss: 0.1387
2020-11-20 19:14:00,544 - mmdet - INFO - Epoch [1][500/625]	lr: 9.980e-03, eta: 0:25:00, time: 0.745, data_time: 0.012, memory: 11910, loss_rpn_cls: 0.0029, loss_rpn_bbox: 0.0328, loss_cls: 0.0358, acc: 98.4600, loss_bbox: 0.0801, loss: 0.1517
2020-11-20 19:15:14,971 - mmdet - INFO - Epoch [1][600/625]	lr: 1.000e-02, eta: 0:23:43, time: 0.744, data_time: 0.012, memory: 11910, loss_rpn_cls: 0.0040, loss_rpn_bbox: 0.0343, loss_cls: 0.0363, acc: 98.4805, loss_bbox: 0.0784, loss: 0.1530
2020-11-20 19:15:58,486 - mmdet - INFO - Evaluating bbox...
2020-11-20 19:16:00,980 - mmdet - INFO - Epoch [1][625/625]	lr: 1.000e-02, bbox_mAP: 0.8260, bbox_mAP_50: 0.8900, bbox_mAP_75: 0.8750, bbox_mAP_s: 0.5440, bbox_mAP_m: 0.8380, bbox_mAP_l: 0.9160, bbox_mAP_copypaste: 0.826 0.890 0.875 0.544 0.838 0.916
2020-11-20 19:17:17,904 - mmdet - INFO - Epoch [2][100/625]	lr: 1.000e-02, eta: 0:21:28, time: 0.767, data_time: 0.033, memory: 11910, loss_rpn_cls: 0.0025, loss_rpn_bbox: 0.0349, loss_cls: 0.0343, acc: 98.5439, loss_bbox: 0.0871, loss: 0.1588
2020-11-20 19:18:32,600 - mmdet - INFO - Epoch [2][200/625]	lr: 1.000e-02, eta: 0:20:20, time: 0.747, data_time: 0.012, memory: 11910, loss_rpn_cls: 0.0037, loss_rpn_bbox: 0.0375, loss_cls: 0.0401, acc: 98.3584, loss_bbox: 0.0893, loss: 0.1707
2020-11-20 19:19:46,845 - mmdet - INFO - Epoch [2][300/625]	lr: 1.000e-02, eta: 0:19:09, time: 0.742, data_time: 0.012, memory: 11910, loss_rpn_cls: 0.0057, loss_rpn_bbox: 0.0319, loss_cls: 0.0375, acc: 98.5469, loss_bbox: 0.0764, loss: 0.1514
2020-11-20 19:21:01,352 - mmdet - INFO - Epoch [2][400/625]	lr: 1.000e-02, eta: 0:17:58, time: 0.745, data_time: 0.012, memory: 11910, loss_rpn_cls: 0.0042, loss_rpn_bbox: 0.0357, loss_cls: 0.0361, acc: 98.4824, loss_bbox: 0.0778, loss: 0.1537
2020-11-20 19:22:15,759 - mmdet - INFO - Epoch [2][500/625]	lr: 1.000e-02, eta: 0:16:47, time: 0.744, data_time: 0.012, memory: 11910, loss_rpn_cls: 0.0033, loss_rpn_bbox: 0.0323, loss_cls: 0.0312, acc: 98.7188, loss_bbox: 0.0737, loss: 0.1405
2020-11-20 19:23:30,465 - mmdet - INFO - Epoch [2][600/625]	lr: 1.000e-02, eta: 0:15:35, time: 0.747, data_time: 0.012, memory: 11910, loss_rpn_cls: 0.0040, loss_rpn_bbox: 0.0380, loss_cls: 0.0398, acc: 98.3281, loss_bbox: 0.0892, loss: 0.1710
2020-11-20 19:24:14,095 - mmdet - INFO - Evaluating bbox...
2020-11-20 19:24:16,833 - mmdet - INFO - Epoch [2][625/625]	lr: 1.000e-02, bbox_mAP: 0.8140, bbox_mAP_50: 0.8890, bbox_mAP_75: 0.8690, bbox_mAP_s: 0.5100, bbox_mAP_m: 0.8280, bbox_mAP_l: 0.9000, bbox_mAP_copypaste: 0.814 0.889 0.869 0.510 0.828 0.900
2020-11-20 19:24:48,063 - mmdet - INFO - Epoch(train) [2][78]	loss_rpn_cls: 0.0036, loss_rpn_bbox: 0.0400, loss_cls: 0.0375, acc: 98.4713, loss_bbox: 0.0905, loss: 0.1717
2020-11-20 19:26:05,008 - mmdet - INFO - Epoch [3][100/625]	lr: 1.000e-02, eta: 0:13:51, time: 0.767, data_time: 0.033, memory: 11910, loss_rpn_cls: 0.0039, loss_rpn_bbox: 0.0393, loss_cls: 0.0425, acc: 98.2637, loss_bbox: 0.0927, loss: 0.1783
2020-11-20 19:27:19,611 - mmdet - INFO - Epoch [3][200/625]	lr: 1.000e-02, eta: 0:12:40, time: 0.746, data_time: 0.012, memory: 11910, loss_rpn_cls: 0.0029, loss_rpn_bbox: 0.0346, loss_cls: 0.0362, acc: 98.4570, loss_bbox: 0.0809, loss: 0.1546
2020-11-20 19:28:34,072 - mmdet - INFO - Epoch [3][300/625]	lr: 1.000e-02, eta: 0:11:29, time: 0.745, data_time: 0.012, memory: 11910, loss_rpn_cls: 0.0034, loss_rpn_bbox: 0.0337, loss_cls: 0.0397, acc: 98.3242, loss_bbox: 0.0929, loss: 0.1698
2020-11-20 19:29:48,641 - mmdet - INFO - Epoch [3][400/625]	lr: 1.000e-02, eta: 0:10:17, time: 0.746, data_time: 0.012, memory: 11910, loss_rpn_cls: 0.0032, loss_rpn_bbox: 0.0372, loss_cls: 0.0399, acc: 98.3359, loss_bbox: 0.0870, loss: 0.1674
