2020-11-06 11:05:49,065 - mmdet - INFO - Environment info:
------------------------------------------------------------
sys.platform: linux
Python: 3.6.4 |Anaconda, Inc.| (default, Jan 16 2018, 18:10:19) [GCC 7.2.0]
CUDA available: True
CUDA_HOME: /usr/local/cuda
NVCC: Cuda compilation tools, release 10.0, V10.0.130
GPU 0: Tesla P100-PCIE-16GB
GCC: gcc (GCC) 5.3.0
PyTorch: 1.3.1+cu100
PyTorch compiling details: PyTorch built with:
  - GCC 7.3
  - Intel(R) Math Kernel Library Version 2019.0.4 Product Build 20190411 for Intel(R) 64 architecture applications
  - Intel(R) MKL-DNN v0.20.5 (Git Hash 0125f28c61c1f822fd48570b4c1066f96fcb9b2e)
  - OpenMP 201511 (a.k.a. OpenMP 4.5)
  - NNPACK is enabled
  - CUDA Runtime 10.0
  - NVCC architecture flags: -gencode;arch=compute_37,code=sm_37;-gencode;arch=compute_50,code=sm_50;-gencode;arch=compute_60,code=sm_60;-gencode;arch=compute_61,code=sm_61;-gencode;arch=compute_70,code=sm_70;-gencode;arch=compute_75,code=sm_75;-gencode;arch=compute_37,code=compute_37
  - CuDNN 7.6.3
  - Magma 2.5.1
  - Build settings: BLAS=MKL, BUILD_NAMEDTENSOR=OFF, BUILD_TYPE=Release, CXX_FLAGS= -Wno-deprecated -fvisibility-inlines-hidden -fopenmp -DUSE_FBGEMM -DUSE_QNNPACK -DUSE_PYTORCH_QNNPACK -O2 -fPIC -Wno-narrowing -Wall -Wextra -Wno-missing-field-initializers -Wno-type-limits -Wno-array-bounds -Wno-unknown-pragmas -Wno-sign-compare -Wno-unused-parameter -Wno-unused-variable -Wno-unused-function -Wno-unused-result -Wno-strict-overflow -Wno-strict-aliasing -Wno-error=deprecated-declarations -Wno-stringop-overflow -Wno-error=pedantic -Wno-error=redundant-decls -Wno-error=old-style-cast -fdiagnostics-color=always -faligned-new -Wno-unused-but-set-variable -Wno-maybe-uninitialized -fno-math-errno -fno-trapping-math -Wno-stringop-overflow, DISABLE_NUMA=1, PERF_WITH_AVX=1, PERF_WITH_AVX2=1, PERF_WITH_AVX512=1, USE_CUDA=True, USE_EXCEPTION_PTR=1, USE_GFLAGS=OFF, USE_GLOG=OFF, USE_MKL=ON, USE_MKLDNN=ON, USE_MPI=OFF, USE_NCCL=ON, USE_NNPACK=ON, USE_OPENMP=ON, USE_STATIC_DISPATCH=OFF, 

TorchVision: 0.4.2+cu100
OpenCV: 4.4.0
MMCV: 1.0.5
MMDetection: 2.3.0+788fa8d
MMDetection Compiler: GCC 7.3
MMDetection CUDA Compiler: 10.0
------------------------------------------------------------

2020-11-06 11:05:49,066 - mmdet - INFO - Distributed training: False
2020-11-06 11:05:49,479 - mmdet - INFO - Config:
model = dict(
    type='FasterRCNN',
    pretrained='torchvision://resnet50',
    backbone=dict(
        type='ResNet',
        depth=50,
        num_stages=4,
        out_indices=(0, 1, 2, 3),
        frozen_stages=1,
        norm_cfg=dict(type='BN', requires_grad=True),
        norm_eval=True,
        style='pytorch'),
    neck=dict(
        type='FPN',
        in_channels=[256, 512, 1024, 2048],
        out_channels=256,
        num_outs=5),
    rpn_head=dict(
        type='RPNHead',
        in_channels=256,
        feat_channels=256,
        anchor_generator=dict(
            type='AnchorGenerator',
            scales=[8],
            ratios=[0.5, 1.0, 2.0],
            strides=[4, 8, 16, 32, 64]),
        bbox_coder=dict(
            type='DeltaXYWHBBoxCoder',
            target_means=[0.0, 0.0, 0.0, 0.0],
            target_stds=[1.0, 1.0, 1.0, 1.0]),
        loss_cls=dict(
            type='CrossEntropyLoss', use_sigmoid=True, loss_weight=1.0),
        loss_bbox=dict(type='L1Loss', loss_weight=1.0)),
    roi_head=dict(
        type='StandardRoIHead',
        bbox_roi_extractor=dict(
            type='SingleRoIExtractor',
            roi_layer=dict(type='RoIAlign', output_size=7, sampling_ratio=0),
            out_channels=256,
            featmap_strides=[4, 8, 16, 32]),
        bbox_head=dict(
            type='Shared2FCBBoxHead',
            in_channels=256,
            fc_out_channels=1024,
            roi_feat_size=7,
            num_classes=2,
            bbox_coder=dict(
                type='DeltaXYWHBBoxCoder',
                target_means=[0.0, 0.0, 0.0, 0.0],
                target_stds=[0.1, 0.1, 0.2, 0.2]),
            reg_class_agnostic=False,
            loss_cls=dict(
                type='CrossEntropyLoss', use_sigmoid=False, loss_weight=1.0),
            loss_bbox=dict(type='L1Loss', loss_weight=1.0))))
train_cfg = dict(
    rpn=dict(
        assigner=dict(
            type='MaxIoUAssigner',
            pos_iou_thr=0.7,
            neg_iou_thr=0.3,
            min_pos_iou=0.3,
            match_low_quality=True,
            ignore_iof_thr=-1),
        sampler=dict(
            type='RandomSampler',
            num=256,
            pos_fraction=0.5,
            neg_pos_ub=-1,
            add_gt_as_proposals=False),
        allowed_border=-1,
        pos_weight=-1,
        debug=False),
    rpn_proposal=dict(
        nms_across_levels=False,
        nms_pre=2000,
        nms_post=1000,
        max_num=1000,
        nms_thr=0.7,
        min_bbox_size=0),
    rcnn=dict(
        assigner=dict(
            type='MaxIoUAssigner',
            pos_iou_thr=0.5,
            neg_iou_thr=0.5,
            min_pos_iou=0.5,
            match_low_quality=False,
            ignore_iof_thr=-1),
        sampler=dict(
            type='RandomSampler',
            num=512,
            pos_fraction=0.25,
            neg_pos_ub=-1,
            add_gt_as_proposals=True),
        pos_weight=-1,
        debug=False))
test_cfg = dict(
    rpn=dict(
        nms_across_levels=False,
        nms_pre=1000,
        nms_post=1000,
        max_num=1000,
        nms_thr=0.7,
        min_bbox_size=0),
    rcnn=dict(
        score_thr=0.05,
        nms=dict(type='nms', iou_threshold=0.5),
        max_per_img=100))
dataset_type = 'CocoDataset'
data_root = 'data/coco/'
img_norm_cfg = dict(
    mean=[123.675, 116.28, 103.53], std=[58.395, 57.12, 57.375], to_rgb=True)
train_pipeline = [
    dict(type='LoadImageFromFile'),
    dict(type='LoadAnnotations', with_bbox=True),
    dict(type='Resize', img_scale=(1550, 1550), keep_ratio=True),
    dict(type='RandomFlip', flip_ratio=0.5),
    dict(
        type='Normalize',
        mean=[123.675, 116.28, 103.53],
        std=[58.395, 57.12, 57.375],
        to_rgb=True),
    dict(type='Pad', size_divisor=32),
    dict(type='DefaultFormatBundle'),
    dict(type='Collect', keys=['img', 'gt_bboxes', 'gt_labels'])
]
test_pipeline = [
    dict(type='LoadImageFromFile'),
    dict(
        type='MultiScaleFlipAug',
        img_scale=(1550, 1550),
        flip=False,
        transforms=[
            dict(type='Resize', keep_ratio=True),
            dict(type='RandomFlip'),
            dict(
                type='Normalize',
                mean=[123.675, 116.28, 103.53],
                std=[58.395, 57.12, 57.375],
                to_rgb=True),
            dict(type='Pad', size_divisor=32),
            dict(type='ImageToTensor', keys=['img']),
            dict(type='Collect', keys=['img'])
        ])
]
data = dict(
    samples_per_gpu=3,
    workers_per_gpu=3,
    train=dict(
        type='CocoDataset',
        ann_file='data/coco/annotations/annotations_trai.json',
        img_prefix='data/coco/img/',
        pipeline=[
            dict(type='LoadImageFromFile'),
            dict(type='LoadAnnotations', with_bbox=True),
            dict(type='Resize', img_scale=(1550, 1550), keep_ratio=True),
            dict(type='RandomFlip', flip_ratio=0.5),
            dict(
                type='Normalize',
                mean=[123.675, 116.28, 103.53],
                std=[58.395, 57.12, 57.375],
                to_rgb=True),
            dict(type='Pad', size_divisor=32),
            dict(type='DefaultFormatBundle'),
            dict(type='Collect', keys=['img', 'gt_bboxes', 'gt_labels'])
        ]),
    val=dict(
        type='CocoDataset',
        ann_file='data/coco/annotations/annotations_test.json',
        img_prefix='data/coco/img/',
        pipeline=[
            dict(type='LoadImageFromFile'),
            dict(
                type='MultiScaleFlipAug',
                img_scale=(1550, 1550),
                flip=False,
                transforms=[
                    dict(type='Resize', keep_ratio=True),
                    dict(type='RandomFlip'),
                    dict(
                        type='Normalize',
                        mean=[123.675, 116.28, 103.53],
                        std=[58.395, 57.12, 57.375],
                        to_rgb=True),
                    dict(type='Pad', size_divisor=32),
                    dict(type='ImageToTensor', keys=['img']),
                    dict(type='Collect', keys=['img'])
                ])
        ]),
    test=dict(
        type='CocoDataset',
        ann_file='data/coco/annotations/annotations_vals.json',
        img_prefix='data/coco/img/',
        pipeline=[
            dict(type='LoadImageFromFile'),
            dict(
                type='MultiScaleFlipAug',
                img_scale=(1550, 1550),
                flip=False,
                transforms=[
                    dict(type='Resize', keep_ratio=True),
                    dict(type='RandomFlip'),
                    dict(
                        type='Normalize',
                        mean=[123.675, 116.28, 103.53],
                        std=[58.395, 57.12, 57.375],
                        to_rgb=True),
                    dict(type='Pad', size_divisor=32),
                    dict(type='ImageToTensor', keys=['img']),
                    dict(type='Collect', keys=['img'])
                ])
        ]))
evaluation = dict(interval=1, metric='bbox')
optimizer = dict(type='SGD', lr=0.02, momentum=0.9, weight_decay=0.0001)
optimizer_config = dict(grad_clip=None)
lr_config = dict(
    policy='step',
    warmup='linear',
    warmup_iters=500,
    warmup_ratio=0.001,
    step=[8, 11])
total_epochs = 10
checkpoint_config = dict(interval=5)
log_config = dict(interval=50, hooks=[dict(type='TextLoggerHook')])
dist_params = dict(backend='nccl')
log_level = 'INFO'
load_from = None
resume_from = None
workflow = [('train', 2), ('val', 1)]
work_dir = '/home/admin/jupyter/SecurityAI_Round5/data/work'
gpu_ids = range(0, 1)

2020-11-06 11:05:50,011 - mmdet - INFO - load model from: torchvision://resnet50
2020-11-06 11:05:58,074 - mmdet - WARNING - The model and loaded state dict do not match exactly

unexpected key in source state_dict: fc.weight, fc.bias

2020-11-06 11:06:09,014 - mmdet - INFO - Start running, host: admin@fuxilabor_labor0_S4_Odps_S96_dsw_prepaid_cnsh_838_2020110600562, work_dir: /home/admin/jupyter/SecurityAI_Round5/data/work
2020-11-06 11:06:09,014 - mmdet - INFO - workflow: [('train', 2), ('val', 1)], max: 10 epochs
2020-11-06 11:07:06,957 - mmdet - INFO - Epoch [1][50/2045]	lr: 1.978e-03, eta: 6:32:12, time: 1.154, data_time: 0.064, memory: 12654, loss_rpn_cls: 0.5811, loss_rpn_bbox: 0.2658, loss_cls: 0.3044, acc: 89.1068, loss_bbox: 0.0415, loss: 1.1927
2020-11-06 11:08:02,608 - mmdet - INFO - Epoch [1][100/2045]	lr: 3.976e-03, eta: 6:24:22, time: 1.113, data_time: 0.020, memory: 12654, loss_rpn_cls: 0.2911, loss_rpn_bbox: 0.2096, loss_cls: 0.1319, acc: 95.6510, loss_bbox: 0.0924, loss: 0.7250
2020-11-06 11:08:58,640 - mmdet - INFO - Epoch [1][150/2045]	lr: 5.974e-03, eta: 6:22:00, time: 1.121, data_time: 0.020, memory: 12654, loss_rpn_cls: 0.2749, loss_rpn_bbox: 0.1997, loss_cls: 0.1479, acc: 94.8477, loss_bbox: 0.1075, loss: 0.7301
2020-11-06 11:09:54,537 - mmdet - INFO - Epoch [1][200/2045]	lr: 7.972e-03, eta: 6:20:07, time: 1.118, data_time: 0.020, memory: 12654, loss_rpn_cls: 0.2595, loss_rpn_bbox: 0.2035, loss_cls: 0.1737, acc: 94.4492, loss_bbox: 0.1325, loss: 0.7692
2020-11-06 11:10:50,421 - mmdet - INFO - Epoch [1][250/2045]	lr: 9.970e-03, eta: 6:18:36, time: 1.118, data_time: 0.020, memory: 12903, loss_rpn_cls: 0.2433, loss_rpn_bbox: 0.1981, loss_cls: 0.1764, acc: 94.2253, loss_bbox: 0.1361, loss: 0.7539
2020-11-06 11:11:46,046 - mmdet - INFO - Epoch [1][300/2045]	lr: 1.197e-02, eta: 6:16:59, time: 1.112, data_time: 0.020, memory: 12903, loss_rpn_cls: 0.2327, loss_rpn_bbox: 0.2056, loss_cls: 0.1838, acc: 94.2487, loss_bbox: 0.1440, loss: 0.7661
2020-11-06 11:12:41,869 - mmdet - INFO - Epoch [1][350/2045]	lr: 1.397e-02, eta: 6:15:45, time: 1.116, data_time: 0.020, memory: 12954, loss_rpn_cls: 0.2477, loss_rpn_bbox: 0.2004, loss_cls: 0.1672, acc: 94.6159, loss_bbox: 0.1414, loss: 0.7566
2020-11-06 11:13:37,614 - mmdet - INFO - Epoch [1][400/2045]	lr: 1.596e-02, eta: 6:14:32, time: 1.115, data_time: 0.020, memory: 12954, loss_rpn_cls: 0.1813, loss_rpn_bbox: 0.1681, loss_cls: 0.1689, acc: 94.2370, loss_bbox: 0.1539, loss: 0.6722
2020-11-06 11:14:33,124 - mmdet - INFO - Epoch [1][450/2045]	lr: 1.796e-02, eta: 6:13:12, time: 1.110, data_time: 0.020, memory: 12954, loss_rpn_cls: 0.2057, loss_rpn_bbox: 0.2034, loss_cls: 0.1802, acc: 94.5391, loss_bbox: 0.1418, loss: 0.7312
2020-11-06 11:15:28,880 - mmdet - INFO - Epoch [1][500/2045]	lr: 1.996e-02, eta: 6:12:07, time: 1.115, data_time: 0.020, memory: 12954, loss_rpn_cls: 0.2537, loss_rpn_bbox: 0.1803, loss_cls: 0.1599, acc: 95.1810, loss_bbox: 0.1159, loss: 0.7098
2020-11-06 11:16:24,452 - mmdet - INFO - Epoch [1][550/2045]	lr: 2.000e-02, eta: 6:10:57, time: 1.111, data_time: 0.020, memory: 12954, loss_rpn_cls: 0.2291, loss_rpn_bbox: 0.1915, loss_cls: 0.1775, acc: 94.0820, loss_bbox: 0.1662, loss: 0.7642
2020-11-06 11:17:19,993 - mmdet - INFO - Epoch [1][600/2045]	lr: 2.000e-02, eta: 6:09:49, time: 1.111, data_time: 0.020, memory: 12954, loss_rpn_cls: 0.2379, loss_rpn_bbox: 0.1808, loss_cls: 0.1870, acc: 94.0182, loss_bbox: 0.1527, loss: 0.7585
2020-11-06 11:18:15,511 - mmdet - INFO - Epoch [1][650/2045]	lr: 2.000e-02, eta: 6:08:41, time: 1.110, data_time: 0.020, memory: 12954, loss_rpn_cls: 0.2106, loss_rpn_bbox: 0.1626, loss_cls: 0.1660, acc: 94.5325, loss_bbox: 0.1549, loss: 0.6941
2020-11-06 11:19:10,639 - mmdet - INFO - Epoch [1][700/2045]	lr: 2.000e-02, eta: 6:07:25, time: 1.103, data_time: 0.020, memory: 12954, loss_rpn_cls: 0.1952, loss_rpn_bbox: 0.1720, loss_cls: 0.1782, acc: 94.1589, loss_bbox: 0.1575, loss: 0.7029
2020-11-06 11:20:05,790 - mmdet - INFO - Epoch [1][750/2045]	lr: 2.000e-02, eta: 6:06:12, time: 1.103, data_time: 0.020, memory: 12954, loss_rpn_cls: 0.1755, loss_rpn_bbox: 0.1580, loss_cls: 0.1852, acc: 93.9089, loss_bbox: 0.1646, loss: 0.6833
2020-11-06 11:21:01,185 - mmdet - INFO - Epoch [1][800/2045]	lr: 2.000e-02, eta: 6:05:07, time: 1.108, data_time: 0.020, memory: 12954, loss_rpn_cls: 0.1805, loss_rpn_bbox: 0.1665, loss_cls: 0.1832, acc: 93.8021, loss_bbox: 0.1582, loss: 0.6884
2020-11-06 11:21:56,395 - mmdet - INFO - Epoch [1][850/2045]	lr: 2.000e-02, eta: 6:03:59, time: 1.104, data_time: 0.020, memory: 12954, loss_rpn_cls: 0.1817, loss_rpn_bbox: 0.1543, loss_cls: 0.1692, acc: 94.3424, loss_bbox: 0.1488, loss: 0.6541
2020-11-06 11:22:51,485 - mmdet - INFO - Epoch [1][900/2045]	lr: 2.000e-02, eta: 6:02:49, time: 1.102, data_time: 0.020, memory: 12954, loss_rpn_cls: 0.2081, loss_rpn_bbox: 0.1646, loss_cls: 0.1989, acc: 93.4805, loss_bbox: 0.1609, loss: 0.7326
2020-11-06 11:23:46,943 - mmdet - INFO - Epoch [1][950/2045]	lr: 2.000e-02, eta: 6:01:49, time: 1.109, data_time: 0.020, memory: 12954, loss_rpn_cls: 0.1876, loss_rpn_bbox: 0.1606, loss_cls: 0.1969, acc: 93.4714, loss_bbox: 0.1730, loss: 0.7182
2020-11-06 11:24:42,261 - mmdet - INFO - Epoch [1][1000/2045]	lr: 2.000e-02, eta: 6:00:47, time: 1.106, data_time: 0.020, memory: 12954, loss_rpn_cls: 0.1893, loss_rpn_bbox: 0.1634, loss_cls: 0.1872, acc: 93.8880, loss_bbox: 0.1615, loss: 0.7014
2020-11-06 11:25:37,475 - mmdet - INFO - Epoch [1][1050/2045]	lr: 2.000e-02, eta: 5:59:43, time: 1.104, data_time: 0.020, memory: 12954, loss_rpn_cls: 0.1744, loss_rpn_bbox: 0.1567, loss_cls: 0.1672, acc: 94.2721, loss_bbox: 0.1532, loss: 0.6514
2020-11-06 11:26:32,764 - mmdet - INFO - Epoch [1][1100/2045]	lr: 2.000e-02, eta: 5:58:41, time: 1.106, data_time: 0.020, memory: 12954, loss_rpn_cls: 0.1951, loss_rpn_bbox: 0.1751, loss_cls: 0.1789, acc: 94.0794, loss_bbox: 0.1576, loss: 0.7067
2020-11-06 11:27:27,671 - mmdet - INFO - Epoch [1][1150/2045]	lr: 2.000e-02, eta: 5:57:34, time: 1.098, data_time: 0.020, memory: 12954, loss_rpn_cls: 0.1643, loss_rpn_bbox: 0.1703, loss_cls: 0.1792, acc: 94.1836, loss_bbox: 0.1544, loss: 0.6681
2020-11-06 11:28:22,836 - mmdet - INFO - Epoch [1][1200/2045]	lr: 2.000e-02, eta: 5:56:32, time: 1.103, data_time: 0.020, memory: 12954, loss_rpn_cls: 0.1561, loss_rpn_bbox: 0.1477, loss_cls: 0.1852, acc: 93.8906, loss_bbox: 0.1552, loss: 0.6442
2020-11-06 11:29:17,558 - mmdet - INFO - Epoch [1][1250/2045]	lr: 2.000e-02, eta: 5:55:23, time: 1.094, data_time: 0.020, memory: 12954, loss_rpn_cls: 0.1614, loss_rpn_bbox: 0.1459, loss_cls: 0.1712, acc: 94.6510, loss_bbox: 0.1393, loss: 0.6179
2020-11-06 11:30:12,330 - mmdet - INFO - Epoch [1][1300/2045]	lr: 2.000e-02, eta: 5:54:17, time: 1.095, data_time: 0.020, memory: 12954, loss_rpn_cls: 0.1423, loss_rpn_bbox: 0.1529, loss_cls: 0.1885, acc: 93.7734, loss_bbox: 0.1688, loss: 0.6525
2020-11-06 11:31:07,424 - mmdet - INFO - Epoch [1][1350/2045]	lr: 2.000e-02, eta: 5:53:15, time: 1.102, data_time: 0.020, memory: 12954, loss_rpn_cls: 0.1540, loss_rpn_bbox: 0.1554, loss_cls: 0.1944, acc: 93.4896, loss_bbox: 0.1704, loss: 0.6742
2020-11-06 11:32:02,414 - mmdet - INFO - Epoch [1][1400/2045]	lr: 2.000e-02, eta: 5:52:13, time: 1.100, data_time: 0.020, memory: 12954, loss_rpn_cls: 0.1285, loss_rpn_bbox: 0.1339, loss_cls: 0.1789, acc: 93.8385, loss_bbox: 0.1602, loss: 0.6015
2020-11-06 11:32:57,635 - mmdet - INFO - Epoch [1][1450/2045]	lr: 2.000e-02, eta: 5:51:14, time: 1.104, data_time: 0.020, memory: 12954, loss_rpn_cls: 0.1591, loss_rpn_bbox: 0.1495, loss_cls: 0.1893, acc: 93.6784, loss_bbox: 0.1606, loss: 0.6585
2020-11-06 11:33:52,561 - mmdet - INFO - Epoch [1][1500/2045]	lr: 2.000e-02, eta: 5:50:12, time: 1.099, data_time: 0.020, memory: 12954, loss_rpn_cls: 0.1400, loss_rpn_bbox: 0.1371, loss_cls: 0.1830, acc: 93.9753, loss_bbox: 0.1539, loss: 0.6140
2020-11-06 11:34:47,687 - mmdet - INFO - Epoch [1][1550/2045]	lr: 2.000e-02, eta: 5:49:13, time: 1.103, data_time: 0.020, memory: 12954, loss_rpn_cls: 0.1340, loss_rpn_bbox: 0.1422, loss_cls: 0.1880, acc: 93.6016, loss_bbox: 0.1714, loss: 0.6355
2020-11-06 11:35:42,533 - mmdet - INFO - Epoch [1][1600/2045]	lr: 2.000e-02, eta: 5:48:10, time: 1.097, data_time: 0.020, memory: 12954, loss_rpn_cls: 0.1356, loss_rpn_bbox: 0.1401, loss_cls: 0.1896, acc: 93.4935, loss_bbox: 0.1735, loss: 0.6388
2020-11-06 11:36:37,461 - mmdet - INFO - Epoch [1][1650/2045]	lr: 2.000e-02, eta: 5:47:09, time: 1.099, data_time: 0.020, memory: 12954, loss_rpn_cls: 0.1445, loss_rpn_bbox: 0.1493, loss_cls: 0.2019, acc: 93.2604, loss_bbox: 0.1734, loss: 0.6690
2020-11-06 11:37:32,390 - mmdet - INFO - Epoch [1][1700/2045]	lr: 2.000e-02, eta: 5:46:09, time: 1.099, data_time: 0.020, memory: 12954, loss_rpn_cls: 0.1330, loss_rpn_bbox: 0.1333, loss_cls: 0.1805, acc: 93.8112, loss_bbox: 0.1679, loss: 0.6147
2020-11-06 11:38:26,964 - mmdet - INFO - Epoch [1][1750/2045]	lr: 2.000e-02, eta: 5:45:05, time: 1.091, data_time: 0.020, memory: 12954, loss_rpn_cls: 0.1243, loss_rpn_bbox: 0.1275, loss_cls: 0.1751, acc: 94.2005, loss_bbox: 0.1580, loss: 0.5849
2020-11-06 11:39:21,826 - mmdet - INFO - Epoch [1][1800/2045]	lr: 2.000e-02, eta: 5:44:04, time: 1.097, data_time: 0.020, memory: 12954, loss_rpn_cls: 0.1418, loss_rpn_bbox: 0.1567, loss_cls: 0.2128, acc: 92.4740, loss_bbox: 0.2053, loss: 0.7166
2020-11-06 11:40:16,740 - mmdet - INFO - Epoch [1][1850/2045]	lr: 2.000e-02, eta: 5:43:05, time: 1.098, data_time: 0.020, memory: 12954, loss_rpn_cls: 0.1671, loss_rpn_bbox: 0.1573, loss_cls: 0.1802, acc: 93.8971, loss_bbox: 0.1626, loss: 0.6673
2020-11-06 11:41:11,530 - mmdet - INFO - Epoch [1][1900/2045]	lr: 2.000e-02, eta: 5:42:04, time: 1.096, data_time: 0.020, memory: 12954, loss_rpn_cls: 0.1524, loss_rpn_bbox: 0.1429, loss_cls: 0.2074, acc: 92.7760, loss_bbox: 0.1885, loss: 0.6912
2020-11-06 11:42:06,067 - mmdet - INFO - Epoch [1][1950/2045]	lr: 2.000e-02, eta: 5:41:01, time: 1.091, data_time: 0.020, memory: 12954, loss_rpn_cls: 0.1145, loss_rpn_bbox: 0.1086, loss_cls: 0.1693, acc: 94.0625, loss_bbox: 0.1610, loss: 0.5534
2020-11-06 11:43:00,984 - mmdet - INFO - Epoch [1][2000/2045]	lr: 2.000e-02, eta: 5:40:02, time: 1.098, data_time: 0.020, memory: 12954, loss_rpn_cls: 0.1310, loss_rpn_bbox: 0.1512, loss_cls: 0.1991, acc: 93.2474, loss_bbox: 0.1756, loss: 0.6569
2020-11-06 11:46:05,022 - mmdet - INFO - Evaluating bbox...
2020-11-06 11:46:42,142 - mmdet - INFO - Epoch [1][2045/2045]	lr: 2.000e-02, bbox_mAP: 0.4170, bbox_mAP_50: 0.5240, bbox_mAP_75: 0.4440, bbox_mAP_s: 0.0040, bbox_mAP_m: 0.1090, bbox_mAP_l: 0.4450, bbox_mAP_copypaste: 0.417 0.524 0.444 0.004 0.109 0.445
2020-11-06 11:47:39,527 - mmdet - INFO - Epoch [2][50/2045]	lr: 2.000e-02, eta: 5:31:17, time: 1.142, data_time: 0.066, memory: 12954, loss_rpn_cls: 0.1300, loss_rpn_bbox: 0.1512, loss_cls: 0.2143, acc: 92.4010, loss_bbox: 0.1999, loss: 0.6954
2020-11-06 11:48:34,228 - mmdet - INFO - Epoch [2][100/2045]	lr: 2.000e-02, eta: 5:30:28, time: 1.094, data_time: 0.020, memory: 12954, loss_rpn_cls: 0.1295, loss_rpn_bbox: 0.1253, loss_cls: 0.1776, acc: 94.0026, loss_bbox: 0.1687, loss: 0.6012
2020-11-06 11:49:28,862 - mmdet - INFO - Epoch [2][150/2045]	lr: 2.000e-02, eta: 5:29:37, time: 1.093, data_time: 0.020, memory: 12954, loss_rpn_cls: 0.1163, loss_rpn_bbox: 0.1366, loss_cls: 0.1933, acc: 93.3333, loss_bbox: 0.1804, loss: 0.6265
2020-11-06 11:50:23,678 - mmdet - INFO - Epoch [2][200/2045]	lr: 2.000e-02, eta: 5:28:49, time: 1.096, data_time: 0.020, memory: 12954, loss_rpn_cls: 0.1454, loss_rpn_bbox: 0.1375, loss_cls: 0.2057, acc: 93.1523, loss_bbox: 0.1759, loss: 0.6645
2020-11-06 11:51:18,877 - mmdet - INFO - Epoch [2][250/2045]	lr: 2.000e-02, eta: 5:28:02, time: 1.104, data_time: 0.019, memory: 12954, loss_rpn_cls: 0.1340, loss_rpn_bbox: 0.1261, loss_cls: 0.1805, acc: 93.8151, loss_bbox: 0.1598, loss: 0.6004
2020-11-06 11:52:13,628 - mmdet - INFO - Epoch [2][300/2045]	lr: 2.000e-02, eta: 5:27:12, time: 1.095, data_time: 0.019, memory: 12954, loss_rpn_cls: 0.1162, loss_rpn_bbox: 0.1397, loss_cls: 0.1938, acc: 93.1510, loss_bbox: 0.1916, loss: 0.6413
2020-11-06 11:53:08,353 - mmdet - INFO - Epoch [2][350/2045]	lr: 2.000e-02, eta: 5:26:22, time: 1.095, data_time: 0.020, memory: 12954, loss_rpn_cls: 0.1095, loss_rpn_bbox: 0.1277, loss_cls: 0.1914, acc: 93.3555, loss_bbox: 0.1863, loss: 0.6150
2020-11-06 11:54:03,206 - mmdet - INFO - Epoch [2][400/2045]	lr: 2.000e-02, eta: 5:25:32, time: 1.097, data_time: 0.019, memory: 12954, loss_rpn_cls: 0.1048, loss_rpn_bbox: 0.1235, loss_cls: 0.1717, acc: 94.1055, loss_bbox: 0.1648, loss: 0.5648
2020-11-06 11:54:57,984 - mmdet - INFO - Epoch [2][450/2045]	lr: 2.000e-02, eta: 5:24:42, time: 1.096, data_time: 0.019, memory: 12954, loss_rpn_cls: 0.1091, loss_rpn_bbox: 0.1393, loss_cls: 0.1818, acc: 93.6419, loss_bbox: 0.1696, loss: 0.5998
2020-11-06 11:55:52,936 - mmdet - INFO - Epoch [2][500/2045]	lr: 2.000e-02, eta: 5:23:53, time: 1.099, data_time: 0.020, memory: 12954, loss_rpn_cls: 0.1420, loss_rpn_bbox: 0.1371, loss_cls: 0.1930, acc: 93.1901, loss_bbox: 0.1694, loss: 0.6415
2020-11-06 11:56:47,602 - mmdet - INFO - Epoch [2][550/2045]	lr: 2.000e-02, eta: 5:23:01, time: 1.093, data_time: 0.020, memory: 12954, loss_rpn_cls: 0.1304, loss_rpn_bbox: 0.1365, loss_cls: 0.1847, acc: 93.6484, loss_bbox: 0.1700, loss: 0.6215
2020-11-06 11:57:42,494 - mmdet - INFO - Epoch [2][600/2045]	lr: 2.000e-02, eta: 5:22:11, time: 1.098, data_time: 0.020, memory: 12954, loss_rpn_cls: 0.1184, loss_rpn_bbox: 0.1386, loss_cls: 0.1989, acc: 93.0130, loss_bbox: 0.1936, loss: 0.6496
2020-11-06 11:58:37,253 - mmdet - INFO - Epoch [2][650/2045]	lr: 2.000e-02, eta: 5:21:20, time: 1.095, data_time: 0.020, memory: 12954, loss_rpn_cls: 0.1020, loss_rpn_bbox: 0.1304, loss_cls: 0.2015, acc: 92.8542, loss_bbox: 0.2009, loss: 0.6348
2020-11-06 11:59:31,878 - mmdet - INFO - Epoch [2][700/2045]	lr: 2.000e-02, eta: 5:20:28, time: 1.093, data_time: 0.020, memory: 12954, loss_rpn_cls: 0.1144, loss_rpn_bbox: 0.1334, loss_cls: 0.1909, acc: 93.1693, loss_bbox: 0.1781, loss: 0.6168
2020-11-06 12:00:26,423 - mmdet - INFO - Epoch [2][750/2045]	lr: 2.000e-02, eta: 5:19:35, time: 1.091, data_time: 0.020, memory: 12954, loss_rpn_cls: 0.1032, loss_rpn_bbox: 0.1217, loss_cls: 0.1669, acc: 94.3971, loss_bbox: 0.1610, loss: 0.5529
2020-11-06 12:01:21,068 - mmdet - INFO - Epoch [2][800/2045]	lr: 2.000e-02, eta: 5:18:43, time: 1.093, data_time: 0.020, memory: 12954, loss_rpn_cls: 0.0964, loss_rpn_bbox: 0.1227, loss_cls: 0.1773, acc: 94.0221, loss_bbox: 0.1725, loss: 0.5690
2020-11-06 12:02:15,731 - mmdet - INFO - Epoch [2][850/2045]	lr: 2.000e-02, eta: 5:17:50, time: 1.093, data_time: 0.020, memory: 12954, loss_rpn_cls: 0.1082, loss_rpn_bbox: 0.1156, loss_cls: 0.1586, acc: 94.6081, loss_bbox: 0.1568, loss: 0.5392
2020-11-06 12:03:10,574 - mmdet - INFO - Epoch [2][900/2045]	lr: 2.000e-02, eta: 5:16:59, time: 1.097, data_time: 0.020, memory: 12954, loss_rpn_cls: 0.1065, loss_rpn_bbox: 0.1155, loss_cls: 0.1662, acc: 94.2734, loss_bbox: 0.1657, loss: 0.5538
2020-11-06 12:04:05,168 - mmdet - INFO - Epoch [2][950/2045]	lr: 2.000e-02, eta: 5:16:06, time: 1.092, data_time: 0.020, memory: 12954, loss_rpn_cls: 0.1077, loss_rpn_bbox: 0.1273, loss_cls: 0.1902, acc: 93.4154, loss_bbox: 0.1881, loss: 0.6132
2020-11-06 12:04:59,837 - mmdet - INFO - Epoch [2][1000/2045]	lr: 2.000e-02, eta: 5:15:14, time: 1.093, data_time: 0.020, memory: 12954, loss_rpn_cls: 0.1005, loss_rpn_bbox: 0.1324, loss_cls: 0.1739, acc: 94.0859, loss_bbox: 0.1598, loss: 0.5667
2020-11-06 12:05:54,589 - mmdet - INFO - Epoch [2][1050/2045]	lr: 2.000e-02, eta: 5:14:22, time: 1.095, data_time: 0.020, memory: 12954, loss_rpn_cls: 0.1269, loss_rpn_bbox: 0.1298, loss_cls: 0.1818, acc: 93.6380, loss_bbox: 0.1832, loss: 0.6217
2020-11-06 12:06:49,280 - mmdet - INFO - Epoch [2][1100/2045]	lr: 2.000e-02, eta: 5:13:30, time: 1.094, data_time: 0.020, memory: 12954, loss_rpn_cls: 0.0968, loss_rpn_bbox: 0.1280, loss_cls: 0.1779, acc: 93.8164, loss_bbox: 0.1790, loss: 0.5816
2020-11-06 12:07:43,895 - mmdet - INFO - Epoch [2][1150/2045]	lr: 2.000e-02, eta: 5:12:37, time: 1.092, data_time: 0.020, memory: 12954, loss_rpn_cls: 0.0968, loss_rpn_bbox: 0.1253, loss_cls: 0.1881, acc: 93.3398, loss_bbox: 0.1865, loss: 0.5966
2020-11-06 12:08:38,514 - mmdet - INFO - Epoch [2][1200/2045]	lr: 2.000e-02, eta: 5:11:44, time: 1.092, data_time: 0.020, memory: 12954, loss_rpn_cls: 0.1047, loss_rpn_bbox: 0.1190, loss_cls: 0.1744, acc: 94.2747, loss_bbox: 0.1561, loss: 0.5543
2020-11-06 12:09:33,182 - mmdet - INFO - Epoch [2][1250/2045]	lr: 2.000e-02, eta: 5:10:51, time: 1.093, data_time: 0.020, memory: 12954, loss_rpn_cls: 0.1339, loss_rpn_bbox: 0.1416, loss_cls: 0.2083, acc: 92.5990, loss_bbox: 0.1956, loss: 0.6794
2020-11-06 12:10:27,774 - mmdet - INFO - Epoch [2][1300/2045]	lr: 2.000e-02, eta: 5:09:58, time: 1.092, data_time: 0.020, memory: 12954, loss_rpn_cls: 0.1100, loss_rpn_bbox: 0.1177, loss_cls: 0.1760, acc: 94.0950, loss_bbox: 0.1589, loss: 0.5626
2020-11-06 12:11:22,866 - mmdet - INFO - Epoch [2][1350/2045]	lr: 2.000e-02, eta: 5:09:07, time: 1.102, data_time: 0.020, memory: 12954, loss_rpn_cls: 0.1102, loss_rpn_bbox: 0.1314, loss_cls: 0.1926, acc: 93.3086, loss_bbox: 0.1887, loss: 0.6229
2020-11-06 12:12:17,678 - mmdet - INFO - Epoch [2][1400/2045]	lr: 2.000e-02, eta: 5:08:15, time: 1.096, data_time: 0.020, memory: 12954, loss_rpn_cls: 0.1088, loss_rpn_bbox: 0.1099, loss_cls: 0.1789, acc: 93.9961, loss_bbox: 0.1614, loss: 0.5590
2020-11-06 12:13:12,228 - mmdet - INFO - Epoch [2][1450/2045]	lr: 2.000e-02, eta: 5:07:21, time: 1.091, data_time: 0.020, memory: 12954, loss_rpn_cls: 0.1204, loss_rpn_bbox: 0.1239, loss_cls: 0.1798, acc: 93.7187, loss_bbox: 0.1798, loss: 0.6039
2020-11-06 12:14:07,144 - mmdet - INFO - Epoch [2][1500/2045]	lr: 2.000e-02, eta: 5:06:29, time: 1.098, data_time: 0.020, memory: 12954, loss_rpn_cls: 0.1072, loss_rpn_bbox: 0.1448, loss_cls: 0.2001, acc: 92.9844, loss_bbox: 0.2017, loss: 0.6538
2020-11-06 12:15:01,954 - mmdet - INFO - Epoch [2][1550/2045]	lr: 2.000e-02, eta: 5:05:37, time: 1.096, data_time: 0.020, memory: 12954, loss_rpn_cls: 0.1127, loss_rpn_bbox: 0.1294, loss_cls: 0.1961, acc: 93.0586, loss_bbox: 0.2039, loss: 0.6422
2020-11-06 12:15:56,652 - mmdet - INFO - Epoch [2][1600/2045]	lr: 2.000e-02, eta: 5:04:44, time: 1.094, data_time: 0.020, memory: 12954, loss_rpn_cls: 0.0973, loss_rpn_bbox: 0.1232, loss_cls: 0.1854, acc: 93.3711, loss_bbox: 0.1892, loss: 0.5950
2020-11-06 12:16:51,211 - mmdet - INFO - Epoch [2][1650/2045]	lr: 2.000e-02, eta: 5:03:50, time: 1.091, data_time: 0.020, memory: 12954, loss_rpn_cls: 0.0899, loss_rpn_bbox: 0.1244, loss_cls: 0.1883, acc: 93.4349, loss_bbox: 0.2019, loss: 0.6045
2020-11-06 12:17:46,034 - mmdet - INFO - Epoch [2][1700/2045]	lr: 2.000e-02, eta: 5:02:58, time: 1.096, data_time: 0.020, memory: 12954, loss_rpn_cls: 0.1112, loss_rpn_bbox: 0.1251, loss_cls: 0.1981, acc: 92.9609, loss_bbox: 0.2002, loss: 0.6346
2020-11-06 12:18:40,769 - mmdet - INFO - Epoch [2][1750/2045]	lr: 2.000e-02, eta: 5:02:05, time: 1.095, data_time: 0.020, memory: 12954, loss_rpn_cls: 0.1218, loss_rpn_bbox: 0.1272, loss_cls: 0.1909, acc: 93.3242, loss_bbox: 0.1842, loss: 0.6241
2020-11-06 12:19:35,750 - mmdet - INFO - Epoch [2][1800/2045]	lr: 2.000e-02, eta: 5:01:13, time: 1.100, data_time: 0.020, memory: 12954, loss_rpn_cls: 0.1236, loss_rpn_bbox: 0.1259, loss_cls: 0.1797, acc: 93.7812, loss_bbox: 0.1730, loss: 0.6023
2020-11-06 12:20:30,592 - mmdet - INFO - Epoch [2][1850/2045]	lr: 2.000e-02, eta: 5:00:20, time: 1.097, data_time: 0.020, memory: 12954, loss_rpn_cls: 0.1034, loss_rpn_bbox: 0.1222, loss_cls: 0.1996, acc: 93.0143, loss_bbox: 0.1943, loss: 0.6195
2020-11-06 12:21:25,197 - mmdet - INFO - Epoch [2][1900/2045]	lr: 2.000e-02, eta: 4:59:26, time: 1.092, data_time: 0.020, memory: 12954, loss_rpn_cls: 0.0959, loss_rpn_bbox: 0.1171, loss_cls: 0.1863, acc: 93.5234, loss_bbox: 0.1897, loss: 0.5890
2020-11-06 12:22:20,070 - mmdet - INFO - Epoch [2][1950/2045]	lr: 2.000e-02, eta: 4:58:34, time: 1.097, data_time: 0.020, memory: 12954, loss_rpn_cls: 0.1007, loss_rpn_bbox: 0.1388, loss_cls: 0.2018, acc: 92.8581, loss_bbox: 0.2090, loss: 0.6504
2020-11-06 12:23:14,718 - mmdet - INFO - Epoch [2][2000/2045]	lr: 2.000e-02, eta: 4:57:40, time: 1.093, data_time: 0.020, memory: 12954, loss_rpn_cls: 0.0798, loss_rpn_bbox: 0.1196, loss_cls: 0.1741, acc: 93.7747, loss_bbox: 0.1873, loss: 0.5609
2020-11-06 12:26:18,746 - mmdet - INFO - Evaluating bbox...
2020-11-06 12:26:55,725 - mmdet - INFO - Epoch [2][2045/2045]	lr: 2.000e-02, bbox_mAP: 0.4540, bbox_mAP_50: 0.5720, bbox_mAP_75: 0.4880, bbox_mAP_s: 0.0080, bbox_mAP_m: 0.1650, bbox_mAP_l: 0.5090, bbox_mAP_copypaste: 0.454 0.572 0.488 0.008 0.165 0.509
2020-11-06 12:29:29,103 - mmdet - INFO - Epoch(train) [2][275]	loss_rpn_cls: 0.1246, loss_rpn_bbox: 0.1205, loss_cls: 0.1894, acc: 93.9013, loss_bbox: 0.1773, loss: 0.6118
2020-11-06 12:30:26,194 - mmdet - INFO - Epoch [3][50/2045]	lr: 2.000e-02, eta: 4:52:53, time: 1.136, data_time: 0.065, memory: 12954, loss_rpn_cls: 0.0753, loss_rpn_bbox: 0.1195, loss_cls: 0.1873, acc: 93.2878, loss_bbox: 0.2132, loss: 0.5953
2020-11-06 12:31:20,948 - mmdet - INFO - Epoch [3][100/2045]	lr: 2.000e-02, eta: 4:52:03, time: 1.095, data_time: 0.020, memory: 12954, loss_rpn_cls: 0.0876, loss_rpn_bbox: 0.1179, loss_cls: 0.1872, acc: 93.2904, loss_bbox: 0.2138, loss: 0.6066
2020-11-06 12:32:16,253 - mmdet - INFO - Epoch [3][150/2045]	lr: 2.000e-02, eta: 4:51:14, time: 1.106, data_time: 0.020, memory: 12954, loss_rpn_cls: 0.1034, loss_rpn_bbox: 0.1238, loss_cls: 0.1874, acc: 93.2878, loss_bbox: 0.1931, loss: 0.6078
2020-11-06 12:33:11,143 - mmdet - INFO - Epoch [3][200/2045]	lr: 2.000e-02, eta: 4:50:24, time: 1.098, data_time: 0.020, memory: 12954, loss_rpn_cls: 0.1082, loss_rpn_bbox: 0.1307, loss_cls: 0.1899, acc: 93.2825, loss_bbox: 0.1978, loss: 0.6265
2020-11-06 12:34:06,045 - mmdet - INFO - Epoch [3][250/2045]	lr: 2.000e-02, eta: 4:49:34, time: 1.098, data_time: 0.020, memory: 12954, loss_rpn_cls: 0.1108, loss_rpn_bbox: 0.1215, loss_cls: 0.2070, acc: 92.6393, loss_bbox: 0.2015, loss: 0.6408
2020-11-06 12:35:00,611 - mmdet - INFO - Epoch [3][300/2045]	lr: 2.000e-02, eta: 4:48:42, time: 1.091, data_time: 0.020, memory: 12954, loss_rpn_cls: 0.0865, loss_rpn_bbox: 0.1090, loss_cls: 0.1758, acc: 93.8503, loss_bbox: 0.1783, loss: 0.5496
2020-11-06 12:35:55,372 - mmdet - INFO - Epoch [3][350/2045]	lr: 2.000e-02, eta: 4:47:51, time: 1.095, data_time: 0.020, memory: 12954, loss_rpn_cls: 0.0935, loss_rpn_bbox: 0.1181, loss_cls: 0.1948, acc: 93.1419, loss_bbox: 0.2038, loss: 0.6101
2020-11-06 12:36:50,294 - mmdet - INFO - Epoch [3][400/2045]	lr: 2.000e-02, eta: 4:47:01, time: 1.098, data_time: 0.020, memory: 12954, loss_rpn_cls: 0.0929, loss_rpn_bbox: 0.1254, loss_cls: 0.1927, acc: 93.1224, loss_bbox: 0.1901, loss: 0.6011
2020-11-06 12:37:45,062 - mmdet - INFO - Epoch [3][450/2045]	lr: 2.000e-02, eta: 4:46:10, time: 1.095, data_time: 0.020, memory: 12954, loss_rpn_cls: 0.1067, loss_rpn_bbox: 0.1274, loss_cls: 0.1985, acc: 93.1914, loss_bbox: 0.1937, loss: 0.6262
2020-11-06 12:38:39,680 - mmdet - INFO - Epoch [3][500/2045]	lr: 2.000e-02, eta: 4:45:18, time: 1.092, data_time: 0.020, memory: 12954, loss_rpn_cls: 0.0867, loss_rpn_bbox: 0.1250, loss_cls: 0.1908, acc: 93.1289, loss_bbox: 0.2168, loss: 0.6193
2020-11-06 12:39:34,362 - mmdet - INFO - Epoch [3][550/2045]	lr: 2.000e-02, eta: 4:44:27, time: 1.094, data_time: 0.020, memory: 12954, loss_rpn_cls: 0.0900, loss_rpn_bbox: 0.1263, loss_cls: 0.1944, acc: 93.1081, loss_bbox: 0.2011, loss: 0.6118
2020-11-06 12:40:29,150 - mmdet - INFO - Epoch [3][600/2045]	lr: 2.000e-02, eta: 4:43:35, time: 1.096, data_time: 0.020, memory: 12954, loss_rpn_cls: 0.0853, loss_rpn_bbox: 0.1127, loss_cls: 0.1786, acc: 93.8932, loss_bbox: 0.1725, loss: 0.5492
2020-11-06 12:41:23,719 - mmdet - INFO - Epoch [3][650/2045]	lr: 2.000e-02, eta: 4:42:43, time: 1.091, data_time: 0.020, memory: 12954, loss_rpn_cls: 0.0947, loss_rpn_bbox: 0.1219, loss_cls: 0.1978, acc: 92.8789, loss_bbox: 0.2156, loss: 0.6301
2020-11-06 12:42:18,519 - mmdet - INFO - Epoch [3][700/2045]	lr: 2.000e-02, eta: 4:41:52, time: 1.096, data_time: 0.020, memory: 12954, loss_rpn_cls: 0.1109, loss_rpn_bbox: 0.1214, loss_cls: 0.1751, acc: 93.9492, loss_bbox: 0.1715, loss: 0.5790
2020-11-06 12:43:13,309 - mmdet - INFO - Epoch [3][750/2045]	lr: 2.000e-02, eta: 4:41:01, time: 1.096, data_time: 0.020, memory: 12954, loss_rpn_cls: 0.0970, loss_rpn_bbox: 0.1122, loss_cls: 0.1784, acc: 93.4492, loss_bbox: 0.1799, loss: 0.5674
2020-11-06 12:44:08,002 - mmdet - INFO - Epoch [3][800/2045]	lr: 2.000e-02, eta: 4:40:09, time: 1.094, data_time: 0.020, memory: 12954, loss_rpn_cls: 0.0960, loss_rpn_bbox: 0.1190, loss_cls: 0.1729, acc: 93.9310, loss_bbox: 0.1741, loss: 0.5619
2020-11-06 12:45:02,558 - mmdet - INFO - Epoch [3][850/2045]	lr: 2.000e-02, eta: 4:39:16, time: 1.091, data_time: 0.020, memory: 12954, loss_rpn_cls: 0.0891, loss_rpn_bbox: 0.1254, loss_cls: 0.1788, acc: 93.6432, loss_bbox: 0.1844, loss: 0.5777
2020-11-06 12:45:57,039 - mmdet - INFO - Epoch [3][900/2045]	lr: 2.000e-02, eta: 4:38:24, time: 1.090, data_time: 0.020, memory: 12954, loss_rpn_cls: 0.0921, loss_rpn_bbox: 0.1261, loss_cls: 0.1864, acc: 93.2266, loss_bbox: 0.1984, loss: 0.6030
2020-11-06 12:46:51,697 - mmdet - INFO - Epoch [3][950/2045]	lr: 2.000e-02, eta: 4:37:32, time: 1.093, data_time: 0.020, memory: 12954, loss_rpn_cls: 0.1099, loss_rpn_bbox: 0.1280, loss_cls: 0.1947, acc: 93.0391, loss_bbox: 0.1908, loss: 0.6235
2020-11-06 12:47:46,478 - mmdet - INFO - Epoch [3][1000/2045]	lr: 2.000e-02, eta: 4:36:40, time: 1.096, data_time: 0.020, memory: 12954, loss_rpn_cls: 0.0927, loss_rpn_bbox: 0.1252, loss_cls: 0.1879, acc: 93.1862, loss_bbox: 0.1993, loss: 0.6051
2020-11-06 12:48:41,355 - mmdet - INFO - Epoch [3][1050/2045]	lr: 2.000e-02, eta: 4:35:48, time: 1.098, data_time: 0.020, memory: 12954, loss_rpn_cls: 0.0939, loss_rpn_bbox: 0.1195, loss_cls: 0.1782, acc: 93.7305, loss_bbox: 0.1899, loss: 0.5816
2020-11-06 12:49:36,156 - mmdet - INFO - Epoch [3][1100/2045]	lr: 2.000e-02, eta: 4:34:57, time: 1.096, data_time: 0.020, memory: 12954, loss_rpn_cls: 0.0924, loss_rpn_bbox: 0.1231, loss_cls: 0.1846, acc: 93.3437, loss_bbox: 0.1983, loss: 0.5984
2020-11-06 12:50:30,828 - mmdet - INFO - Epoch [3][1150/2045]	lr: 2.000e-02, eta: 4:34:04, time: 1.093, data_time: 0.020, memory: 12954, loss_rpn_cls: 0.0969, loss_rpn_bbox: 0.1173, loss_cls: 0.1760, acc: 93.7474, loss_bbox: 0.1787, loss: 0.5689
2020-11-06 12:51:25,746 - mmdet - INFO - Epoch [3][1200/2045]	lr: 2.000e-02, eta: 4:33:13, time: 1.098, data_time: 0.020, memory: 12954, loss_rpn_cls: 0.0868, loss_rpn_bbox: 0.1129, loss_cls: 0.1807, acc: 93.4062, loss_bbox: 0.1889, loss: 0.5692
2020-11-06 12:52:20,450 - mmdet - INFO - Epoch [3][1250/2045]	lr: 2.000e-02, eta: 4:32:20, time: 1.094, data_time: 0.020, memory: 12954, loss_rpn_cls: 0.0947, loss_rpn_bbox: 0.1165, loss_cls: 0.1664, acc: 94.2747, loss_bbox: 0.1649, loss: 0.5424
2020-11-06 12:53:15,381 - mmdet - INFO - Epoch [3][1300/2045]	lr: 2.000e-02, eta: 4:31:29, time: 1.099, data_time: 0.020, memory: 12954, loss_rpn_cls: 0.0798, loss_rpn_bbox: 0.1000, loss_cls: 0.1833, acc: 93.3437, loss_bbox: 0.2024, loss: 0.5654
2020-11-06 12:54:10,474 - mmdet - INFO - Epoch [3][1350/2045]	lr: 2.000e-02, eta: 4:30:37, time: 1.102, data_time: 0.020, memory: 12954, loss_rpn_cls: 0.1024, loss_rpn_bbox: 0.1193, loss_cls: 0.2105, acc: 92.4492, loss_bbox: 0.2274, loss: 0.6596
2020-11-06 12:55:05,083 - mmdet - INFO - Epoch [3][1400/2045]	lr: 2.000e-02, eta: 4:29:45, time: 1.092, data_time: 0.020, memory: 12954, loss_rpn_cls: 0.0960, loss_rpn_bbox: 0.1167, loss_cls: 0.1899, acc: 93.1328, loss_bbox: 0.2031, loss: 0.6058
2020-11-06 12:55:59,571 - mmdet - INFO - Epoch [3][1450/2045]	lr: 2.000e-02, eta: 4:28:52, time: 1.090, data_time: 0.020, memory: 12954, loss_rpn_cls: 0.0853, loss_rpn_bbox: 0.1065, loss_cls: 0.1615, acc: 94.3268, loss_bbox: 0.1743, loss: 0.5276
2020-11-06 12:56:54,110 - mmdet - INFO - Epoch [3][1500/2045]	lr: 2.000e-02, eta: 4:27:59, time: 1.091, data_time: 0.020, memory: 12954, loss_rpn_cls: 0.0790, loss_rpn_bbox: 0.1061, loss_cls: 0.1823, acc: 93.5794, loss_bbox: 0.2004, loss: 0.5677
2020-11-06 12:57:48,713 - mmdet - INFO - Epoch [3][1550/2045]	lr: 2.000e-02, eta: 4:27:06, time: 1.092, data_time: 0.020, memory: 12954, loss_rpn_cls: 0.0906, loss_rpn_bbox: 0.1141, loss_cls: 0.1770, acc: 93.8776, loss_bbox: 0.1776, loss: 0.5593
2020-11-06 12:58:43,564 - mmdet - INFO - Epoch [3][1600/2045]	lr: 2.000e-02, eta: 4:26:14, time: 1.097, data_time: 0.020, memory: 12954, loss_rpn_cls: 0.0980, loss_rpn_bbox: 0.1127, loss_cls: 0.1856, acc: 93.5612, loss_bbox: 0.1789, loss: 0.5751
2020-11-06 12:59:38,448 - mmdet - INFO - Epoch [3][1650/2045]	lr: 2.000e-02, eta: 4:25:22, time: 1.098, data_time: 0.020, memory: 12954, loss_rpn_cls: 0.0971, loss_rpn_bbox: 0.1116, loss_cls: 0.1768, acc: 93.7383, loss_bbox: 0.1828, loss: 0.5684
2020-11-06 13:00:33,047 - mmdet - INFO - Epoch [3][1700/2045]	lr: 2.000e-02, eta: 4:24:29, time: 1.092, data_time: 0.020, memory: 12954, loss_rpn_cls: 0.0930, loss_rpn_bbox: 0.1187, loss_cls: 0.1805, acc: 93.5260, loss_bbox: 0.1903, loss: 0.5825
2020-11-06 13:01:27,344 - mmdet - INFO - Epoch [3][1750/2045]	lr: 2.000e-02, eta: 4:23:35, time: 1.086, data_time: 0.020, memory: 12954, loss_rpn_cls: 0.0702, loss_rpn_bbox: 0.1059, loss_cls: 0.1668, acc: 93.9896, loss_bbox: 0.1719, loss: 0.5147
2020-11-06 13:02:22,079 - mmdet - INFO - Epoch [3][1800/2045]	lr: 2.000e-02, eta: 4:22:42, time: 1.095, data_time: 0.020, memory: 12954, loss_rpn_cls: 0.0919, loss_rpn_bbox: 0.1053, loss_cls: 0.1915, acc: 93.1602, loss_bbox: 0.1917, loss: 0.5804
2020-11-06 13:03:17,018 - mmdet - INFO - Epoch [3][1850/2045]	lr: 2.000e-02, eta: 4:21:50, time: 1.099, data_time: 0.020, memory: 12954, loss_rpn_cls: 0.0741, loss_rpn_bbox: 0.1040, loss_cls: 0.1714, acc: 93.8411, loss_bbox: 0.1906, loss: 0.5401
2020-11-06 13:04:12,021 - mmdet - INFO - Epoch [3][1900/2045]	lr: 2.000e-02, eta: 4:20:58, time: 1.100, data_time: 0.020, memory: 12954, loss_rpn_cls: 0.0808, loss_rpn_bbox: 0.1194, loss_cls: 0.1842, acc: 93.5443, loss_bbox: 0.2005, loss: 0.5849
2020-11-06 13:05:06,710 - mmdet - INFO - Epoch [3][1950/2045]	lr: 2.000e-02, eta: 4:20:05, time: 1.094, data_time: 0.020, memory: 12954, loss_rpn_cls: 0.1053, loss_rpn_bbox: 0.1133, loss_cls: 0.1861, acc: 93.5169, loss_bbox: 0.1804, loss: 0.5851
2020-11-06 13:06:01,385 - mmdet - INFO - Epoch [3][2000/2045]	lr: 2.000e-02, eta: 4:19:13, time: 1.094, data_time: 0.020, memory: 12954, loss_rpn_cls: 0.0827, loss_rpn_bbox: 0.1040, loss_cls: 0.1808, acc: 93.7044, loss_bbox: 0.1853, loss: 0.5527
2020-11-06 13:09:04,484 - mmdet - INFO - Evaluating bbox...
2020-11-06 13:09:36,946 - mmdet - INFO - Epoch [3][2045/2045]	lr: 2.000e-02, bbox_mAP: 0.5030, bbox_mAP_50: 0.5760, bbox_mAP_75: 0.5170, bbox_mAP_s: 0.0190, bbox_mAP_m: 0.1860, bbox_mAP_l: 0.5780, bbox_mAP_copypaste: 0.503 0.576 0.517 0.019 0.186 0.578
2020-11-06 13:10:34,043 - mmdet - INFO - Epoch [4][50/2045]	lr: 2.000e-02, eta: 4:15:43, time: 1.136, data_time: 0.065, memory: 12954, loss_rpn_cls: 0.0758, loss_rpn_bbox: 0.1044, loss_cls: 0.1656, acc: 94.0312, loss_bbox: 0.1899, loss: 0.5356
2020-11-06 13:11:28,678 - mmdet - INFO - Epoch [4][100/2045]	lr: 2.000e-02, eta: 4:14:52, time: 1.093, data_time: 0.020, memory: 12954, loss_rpn_cls: 0.1006, loss_rpn_bbox: 0.1217, loss_cls: 0.2049, acc: 92.7656, loss_bbox: 0.2103, loss: 0.6375
2020-11-06 13:12:23,247 - mmdet - INFO - Epoch [4][150/2045]	lr: 2.000e-02, eta: 4:13:59, time: 1.091, data_time: 0.020, memory: 12954, loss_rpn_cls: 0.0886, loss_rpn_bbox: 0.1097, loss_cls: 0.1633, acc: 94.2253, loss_bbox: 0.1790, loss: 0.5407
2020-11-06 13:13:17,797 - mmdet - INFO - Epoch [4][200/2045]	lr: 2.000e-02, eta: 4:13:07, time: 1.091, data_time: 0.020, memory: 12954, loss_rpn_cls: 0.0865, loss_rpn_bbox: 0.1141, loss_cls: 0.1681, acc: 94.0951, loss_bbox: 0.1752, loss: 0.5439
2020-11-06 13:14:12,491 - mmdet - INFO - Epoch [4][250/2045]	lr: 2.000e-02, eta: 4:12:16, time: 1.094, data_time: 0.020, memory: 12954, loss_rpn_cls: 0.0959, loss_rpn_bbox: 0.1186, loss_cls: 0.1715, acc: 93.8594, loss_bbox: 0.1905, loss: 0.5764
2020-11-06 13:15:07,150 - mmdet - INFO - Epoch [4][300/2045]	lr: 2.000e-02, eta: 4:11:24, time: 1.093, data_time: 0.020, memory: 12954, loss_rpn_cls: 0.0704, loss_rpn_bbox: 0.1151, loss_cls: 0.1845, acc: 93.4622, loss_bbox: 0.2033, loss: 0.5734
2020-11-06 13:16:02,098 - mmdet - INFO - Epoch [4][350/2045]	lr: 2.000e-02, eta: 4:10:32, time: 1.099, data_time: 0.020, memory: 12954, loss_rpn_cls: 0.0770, loss_rpn_bbox: 0.1172, loss_cls: 0.1982, acc: 92.8151, loss_bbox: 0.2238, loss: 0.6162
2020-11-06 13:16:56,917 - mmdet - INFO - Epoch [4][400/2045]	lr: 2.000e-02, eta: 4:09:41, time: 1.096, data_time: 0.020, memory: 12954, loss_rpn_cls: 0.0752, loss_rpn_bbox: 0.1072, loss_cls: 0.1847, acc: 93.3294, loss_bbox: 0.2008, loss: 0.5679
2020-11-06 13:17:51,469 - mmdet - INFO - Epoch [4][450/2045]	lr: 2.000e-02, eta: 4:08:48, time: 1.091, data_time: 0.020, memory: 12954, loss_rpn_cls: 0.0852, loss_rpn_bbox: 0.1113, loss_cls: 0.1874, acc: 93.1771, loss_bbox: 0.1948, loss: 0.5788
2020-11-06 13:18:46,079 - mmdet - INFO - Epoch [4][500/2045]	lr: 2.000e-02, eta: 4:07:56, time: 1.092, data_time: 0.020, memory: 12954, loss_rpn_cls: 0.0819, loss_rpn_bbox: 0.1066, loss_cls: 0.1844, acc: 93.3450, loss_bbox: 0.2017, loss: 0.5745
2020-11-06 13:19:40,815 - mmdet - INFO - Epoch [4][550/2045]	lr: 2.000e-02, eta: 4:07:04, time: 1.095, data_time: 0.020, memory: 12954, loss_rpn_cls: 0.0762, loss_rpn_bbox: 0.1170, loss_cls: 0.1848, acc: 93.2083, loss_bbox: 0.2183, loss: 0.5962
2020-11-06 13:20:35,296 - mmdet - INFO - Epoch [4][600/2045]	lr: 2.000e-02, eta: 4:06:11, time: 1.090, data_time: 0.020, memory: 12954, loss_rpn_cls: 0.0796, loss_rpn_bbox: 0.1010, loss_cls: 0.1698, acc: 93.8893, loss_bbox: 0.1916, loss: 0.5421
2020-11-06 13:21:30,190 - mmdet - INFO - Epoch [4][650/2045]	lr: 2.000e-02, eta: 4:05:20, time: 1.098, data_time: 0.020, memory: 12954, loss_rpn_cls: 0.0822, loss_rpn_bbox: 0.1116, loss_cls: 0.1864, acc: 93.1146, loss_bbox: 0.2126, loss: 0.5929
2020-11-06 13:22:24,794 - mmdet - INFO - Epoch [4][700/2045]	lr: 2.000e-02, eta: 4:04:27, time: 1.092, data_time: 0.020, memory: 12954, loss_rpn_cls: 0.0687, loss_rpn_bbox: 0.1108, loss_cls: 0.1748, acc: 93.6081, loss_bbox: 0.1986, loss: 0.5529
2020-11-06 13:23:19,288 - mmdet - INFO - Epoch [4][750/2045]	lr: 2.000e-02, eta: 4:03:35, time: 1.090, data_time: 0.020, memory: 12954, loss_rpn_cls: 0.0679, loss_rpn_bbox: 0.0993, loss_cls: 0.1763, acc: 93.6081, loss_bbox: 0.2027, loss: 0.5463
2020-11-06 13:24:13,837 - mmdet - INFO - Epoch [4][800/2045]	lr: 2.000e-02, eta: 4:02:42, time: 1.091, data_time: 0.020, memory: 12954, loss_rpn_cls: 0.0738, loss_rpn_bbox: 0.1115, loss_cls: 0.1764, acc: 93.7865, loss_bbox: 0.1830, loss: 0.5447
2020-11-06 13:25:08,554 - mmdet - INFO - Epoch [4][850/2045]	lr: 2.000e-02, eta: 4:01:50, time: 1.094, data_time: 0.020, memory: 12954, loss_rpn_cls: 0.0849, loss_rpn_bbox: 0.1118, loss_cls: 0.1864, acc: 93.4232, loss_bbox: 0.2054, loss: 0.5884
2020-11-06 13:26:03,215 - mmdet - INFO - Epoch [4][900/2045]	lr: 2.000e-02, eta: 4:00:57, time: 1.093, data_time: 0.020, memory: 12954, loss_rpn_cls: 0.0628, loss_rpn_bbox: 0.0979, loss_cls: 0.1599, acc: 94.3997, loss_bbox: 0.1833, loss: 0.5038
2020-11-06 13:26:57,944 - mmdet - INFO - Epoch [4][950/2045]	lr: 2.000e-02, eta: 4:00:05, time: 1.095, data_time: 0.020, memory: 12954, loss_rpn_cls: 0.0921, loss_rpn_bbox: 0.1132, loss_cls: 0.1912, acc: 93.0443, loss_bbox: 0.2091, loss: 0.6056
2020-11-06 13:27:52,523 - mmdet - INFO - Epoch [4][1000/2045]	lr: 2.000e-02, eta: 3:59:13, time: 1.092, data_time: 0.020, memory: 12954, loss_rpn_cls: 0.0750, loss_rpn_bbox: 0.1054, loss_cls: 0.1844, acc: 93.5065, loss_bbox: 0.2194, loss: 0.5843
2020-11-06 13:28:47,100 - mmdet - INFO - Epoch [4][1050/2045]	lr: 2.000e-02, eta: 3:58:20, time: 1.092, data_time: 0.020, memory: 12954, loss_rpn_cls: 0.0751, loss_rpn_bbox: 0.1105, loss_cls: 0.1757, acc: 93.7318, loss_bbox: 0.1931, loss: 0.5544
2020-11-06 13:29:41,605 - mmdet - INFO - Epoch [4][1100/2045]	lr: 2.000e-02, eta: 3:57:27, time: 1.090, data_time: 0.021, memory: 12954, loss_rpn_cls: 0.0684, loss_rpn_bbox: 0.1022, loss_cls: 0.1658, acc: 94.1419, loss_bbox: 0.1837, loss: 0.5202
2020-11-06 13:30:36,098 - mmdet - INFO - Epoch [4][1150/2045]	lr: 2.000e-02, eta: 3:56:34, time: 1.090, data_time: 0.020, memory: 12954, loss_rpn_cls: 0.0763, loss_rpn_bbox: 0.1033, loss_cls: 0.1717, acc: 93.7917, loss_bbox: 0.1881, loss: 0.5393
2020-11-06 13:31:30,671 - mmdet - INFO - Epoch [4][1200/2045]	lr: 2.000e-02, eta: 3:55:42, time: 1.091, data_time: 0.020, memory: 12954, loss_rpn_cls: 0.0615, loss_rpn_bbox: 0.1009, loss_cls: 0.1720, acc: 93.8086, loss_bbox: 0.1952, loss: 0.5296
2020-11-06 13:32:25,092 - mmdet - INFO - Epoch [4][1250/2045]	lr: 2.000e-02, eta: 3:54:48, time: 1.088, data_time: 0.020, memory: 12954, loss_rpn_cls: 0.0677, loss_rpn_bbox: 0.1018, loss_cls: 0.1631, acc: 94.2214, loss_bbox: 0.1836, loss: 0.5162
2020-11-06 13:33:19,864 - mmdet - INFO - Epoch [4][1300/2045]	lr: 2.000e-02, eta: 3:53:56, time: 1.095, data_time: 0.020, memory: 12954, loss_rpn_cls: 0.1065, loss_rpn_bbox: 0.1203, loss_cls: 0.1950, acc: 93.1758, loss_bbox: 0.1927, loss: 0.6144
2020-11-06 13:34:14,588 - mmdet - INFO - Epoch [4][1350/2045]	lr: 2.000e-02, eta: 3:53:04, time: 1.094, data_time: 0.020, memory: 12954, loss_rpn_cls: 0.0802, loss_rpn_bbox: 0.1088, loss_cls: 0.1864, acc: 93.5169, loss_bbox: 0.1946, loss: 0.5700
2020-11-06 13:35:09,234 - mmdet - INFO - Epoch [4][1400/2045]	lr: 2.000e-02, eta: 3:52:11, time: 1.093, data_time: 0.020, memory: 12954, loss_rpn_cls: 0.0756, loss_rpn_bbox: 0.1112, loss_cls: 0.1791, acc: 93.6575, loss_bbox: 0.1937, loss: 0.5597
2020-11-06 13:36:03,984 - mmdet - INFO - Epoch [4][1450/2045]	lr: 2.000e-02, eta: 3:51:18, time: 1.095, data_time: 0.020, memory: 12954, loss_rpn_cls: 0.0954, loss_rpn_bbox: 0.1157, loss_cls: 0.1906, acc: 93.2422, loss_bbox: 0.2021, loss: 0.6037
2020-11-06 13:36:58,437 - mmdet - INFO - Epoch [4][1500/2045]	lr: 2.000e-02, eta: 3:50:25, time: 1.089, data_time: 0.020, memory: 12954, loss_rpn_cls: 0.0626, loss_rpn_bbox: 0.1087, loss_cls: 0.1828, acc: 93.1380, loss_bbox: 0.2190, loss: 0.5730
2020-11-06 13:37:53,194 - mmdet - INFO - Epoch [4][1550/2045]	lr: 2.000e-02, eta: 3:49:33, time: 1.095, data_time: 0.020, memory: 12954, loss_rpn_cls: 0.0733, loss_rpn_bbox: 0.1018, loss_cls: 0.1628, acc: 94.3711, loss_bbox: 0.1681, loss: 0.5060
2020-11-06 13:38:47,807 - mmdet - INFO - Epoch [4][1600/2045]	lr: 2.000e-02, eta: 3:48:40, time: 1.092, data_time: 0.020, memory: 12954, loss_rpn_cls: 0.0743, loss_rpn_bbox: 0.1017, loss_cls: 0.1764, acc: 93.6094, loss_bbox: 0.2106, loss: 0.5629
2020-11-06 13:39:42,307 - mmdet - INFO - Epoch [4][1650/2045]	lr: 2.000e-02, eta: 3:47:47, time: 1.090, data_time: 0.020, memory: 12954, loss_rpn_cls: 0.1136, loss_rpn_bbox: 0.1126, loss_cls: 0.1822, acc: 93.8958, loss_bbox: 0.1876, loss: 0.5959
2020-11-06 13:40:37,048 - mmdet - INFO - Epoch [4][1700/2045]	lr: 2.000e-02, eta: 3:46:54, time: 1.095, data_time: 0.020, memory: 12954, loss_rpn_cls: 0.0890, loss_rpn_bbox: 0.1137, loss_cls: 0.1789, acc: 93.6901, loss_bbox: 0.1864, loss: 0.5680
2020-11-06 13:41:31,666 - mmdet - INFO - Epoch [4][1750/2045]	lr: 2.000e-02, eta: 3:46:01, time: 1.092, data_time: 0.020, memory: 12954, loss_rpn_cls: 0.0915, loss_rpn_bbox: 0.1121, loss_cls: 0.1897, acc: 93.1211, loss_bbox: 0.2127, loss: 0.6059
2020-11-06 13:42:26,369 - mmdet - INFO - Epoch [4][1800/2045]	lr: 2.000e-02, eta: 3:45:08, time: 1.094, data_time: 0.020, memory: 12954, loss_rpn_cls: 0.0792, loss_rpn_bbox: 0.1056, loss_cls: 0.1673, acc: 93.9714, loss_bbox: 0.1928, loss: 0.5448
2020-11-06 13:43:20,899 - mmdet - INFO - Epoch [4][1850/2045]	lr: 2.000e-02, eta: 3:44:15, time: 1.091, data_time: 0.020, memory: 12954, loss_rpn_cls: 0.0810, loss_rpn_bbox: 0.1250, loss_cls: 0.1937, acc: 93.0807, loss_bbox: 0.2155, loss: 0.6152
2020-11-06 13:44:15,473 - mmdet - INFO - Epoch [4][1900/2045]	lr: 2.000e-02, eta: 3:43:22, time: 1.091, data_time: 0.020, memory: 12954, loss_rpn_cls: 0.0735, loss_rpn_bbox: 0.1121, loss_cls: 0.1732, acc: 93.6419, loss_bbox: 0.2014, loss: 0.5603
2020-11-06 13:45:10,098 - mmdet - INFO - Epoch [4][1950/2045]	lr: 2.000e-02, eta: 3:42:29, time: 1.092, data_time: 0.020, memory: 12954, loss_rpn_cls: 0.0886, loss_rpn_bbox: 0.1133, loss_cls: 0.1793, acc: 93.8281, loss_bbox: 0.1917, loss: 0.5728
2020-11-06 13:46:04,623 - mmdet - INFO - Epoch [4][2000/2045]	lr: 2.000e-02, eta: 3:41:36, time: 1.090, data_time: 0.020, memory: 12954, loss_rpn_cls: 0.0874, loss_rpn_bbox: 0.1075, loss_cls: 0.1735, acc: 93.7773, loss_bbox: 0.1861, loss: 0.5545
