2020-11-19 03:16:53,059 - mmdet - INFO - Environment info:
------------------------------------------------------------
sys.platform: linux
Python: 3.6.4 |Anaconda, Inc.| (default, Jan 16 2018, 18:10:19) [GCC 7.2.0]
CUDA available: True
CUDA_HOME: /usr/local/cuda
NVCC: Cuda compilation tools, release 10.0, V10.0.130
GPU 0: Tesla P100-PCIE-16GB
GCC: gcc (GCC) 5.3.0
PyTorch: 1.3.1+cu100
PyTorch compiling details: PyTorch built with:
  - GCC 7.3
  - Intel(R) Math Kernel Library Version 2019.0.4 Product Build 20190411 for Intel(R) 64 architecture applications
  - Intel(R) MKL-DNN v0.20.5 (Git Hash 0125f28c61c1f822fd48570b4c1066f96fcb9b2e)
  - OpenMP 201511 (a.k.a. OpenMP 4.5)
  - NNPACK is enabled
  - CUDA Runtime 10.0
  - NVCC architecture flags: -gencode;arch=compute_37,code=sm_37;-gencode;arch=compute_50,code=sm_50;-gencode;arch=compute_60,code=sm_60;-gencode;arch=compute_61,code=sm_61;-gencode;arch=compute_70,code=sm_70;-gencode;arch=compute_75,code=sm_75;-gencode;arch=compute_37,code=compute_37
  - CuDNN 7.6.3
  - Magma 2.5.1
  - Build settings: BLAS=MKL, BUILD_NAMEDTENSOR=OFF, BUILD_TYPE=Release, CXX_FLAGS= -Wno-deprecated -fvisibility-inlines-hidden -fopenmp -DUSE_FBGEMM -DUSE_QNNPACK -DUSE_PYTORCH_QNNPACK -O2 -fPIC -Wno-narrowing -Wall -Wextra -Wno-missing-field-initializers -Wno-type-limits -Wno-array-bounds -Wno-unknown-pragmas -Wno-sign-compare -Wno-unused-parameter -Wno-unused-variable -Wno-unused-function -Wno-unused-result -Wno-strict-overflow -Wno-strict-aliasing -Wno-error=deprecated-declarations -Wno-stringop-overflow -Wno-error=pedantic -Wno-error=redundant-decls -Wno-error=old-style-cast -fdiagnostics-color=always -faligned-new -Wno-unused-but-set-variable -Wno-maybe-uninitialized -fno-math-errno -fno-trapping-math -Wno-stringop-overflow, DISABLE_NUMA=1, PERF_WITH_AVX=1, PERF_WITH_AVX2=1, PERF_WITH_AVX512=1, USE_CUDA=True, USE_EXCEPTION_PTR=1, USE_GFLAGS=OFF, USE_GLOG=OFF, USE_MKL=ON, USE_MKLDNN=ON, USE_MPI=OFF, USE_NCCL=ON, USE_NNPACK=ON, USE_OPENMP=ON, USE_STATIC_DISPATCH=OFF, 

TorchVision: 0.4.2+cu100
OpenCV: 4.4.0
MMCV: 1.0.5
MMDetection: 2.3.0+788fa8d
MMDetection Compiler: GCC 7.3
MMDetection CUDA Compiler: 10.0
------------------------------------------------------------

2020-11-19 03:16:53,059 - mmdet - INFO - Distributed training: False
2020-11-19 03:16:53,452 - mmdet - INFO - Config:
model = dict(
    type='FasterRCNN',
    pretrained='torchvision://resnet50',
    backbone=dict(
        type='ResNet',
        depth=50,
        num_stages=4,
        out_indices=(0, 1, 2, 3),
        frozen_stages=1,
        norm_cfg=dict(type='BN', requires_grad=True),
        norm_eval=True,
        style='pytorch'),
    neck=dict(
        type='FPN',
        in_channels=[256, 512, 1024, 2048],
        out_channels=256,
        num_outs=5),
    rpn_head=dict(
        type='RPNHead',
        in_channels=256,
        feat_channels=256,
        anchor_generator=dict(
            type='AnchorGenerator',
            scales=[8],
            ratios=[0.5, 1.0, 2.0],
            strides=[4, 8, 16, 32, 64]),
        bbox_coder=dict(
            type='DeltaXYWHBBoxCoder',
            target_means=[0.0, 0.0, 0.0, 0.0],
            target_stds=[1.0, 1.0, 1.0, 1.0]),
        loss_cls=dict(
            type='CrossEntropyLoss', use_sigmoid=True, loss_weight=1.0),
        loss_bbox=dict(type='L1Loss', loss_weight=1.0)),
    roi_head=dict(
        type='StandardRoIHead',
        bbox_roi_extractor=dict(
            type='SingleRoIExtractor',
            roi_layer=dict(type='RoIAlign', output_size=7, sampling_ratio=0),
            out_channels=256,
            featmap_strides=[4, 8, 16, 32]),
        bbox_head=dict(
            type='Shared2FCBBoxHead',
            in_channels=256,
            fc_out_channels=1024,
            roi_feat_size=7,
            num_classes=2,
            bbox_coder=dict(
                type='DeltaXYWHBBoxCoder',
                target_means=[0.0, 0.0, 0.0, 0.0],
                target_stds=[0.1, 0.1, 0.2, 0.2]),
            reg_class_agnostic=False,
            loss_cls=dict(
                type='CrossEntropyLoss', use_sigmoid=False, loss_weight=1.0),
            loss_bbox=dict(type='L1Loss', loss_weight=1.0))))
train_cfg = dict(
    rpn=dict(
        assigner=dict(
            type='MaxIoUAssigner',
            pos_iou_thr=0.7,
            neg_iou_thr=0.3,
            min_pos_iou=0.3,
            match_low_quality=True,
            ignore_iof_thr=-1),
        sampler=dict(
            type='RandomSampler',
            num=256,
            pos_fraction=0.5,
            neg_pos_ub=-1,
            add_gt_as_proposals=False),
        allowed_border=-1,
        pos_weight=-1,
        debug=False),
    rpn_proposal=dict(
        nms_across_levels=False,
        nms_pre=2000,
        nms_post=1000,
        max_num=1000,
        nms_thr=0.7,
        min_bbox_size=0),
    rcnn=dict(
        assigner=dict(
            type='MaxIoUAssigner',
            pos_iou_thr=0.5,
            neg_iou_thr=0.5,
            min_pos_iou=0.5,
            match_low_quality=False,
            ignore_iof_thr=-1),
        sampler=dict(
            type='RandomSampler',
            num=512,
            pos_fraction=0.25,
            neg_pos_ub=-1,
            add_gt_as_proposals=True),
        pos_weight=-1,
        debug=False))
test_cfg = dict(
    rpn=dict(
        nms_across_levels=False,
        nms_pre=1000,
        nms_post=1000,
        max_num=1000,
        nms_thr=0.7,
        min_bbox_size=0),
    rcnn=dict(
        score_thr=0.05,
        nms=dict(type='nms', iou_threshold=0.5),
        max_per_img=100))
dataset_type = 'CocoDataset'
data_root = 'data/coco/'
img_norm_cfg = dict(
    mean=[123.675, 116.28, 103.53], std=[58.395, 57.12, 57.375], to_rgb=True)
train_pipeline = [
    dict(type='LoadImageFromFile'),
    dict(type='LoadAnnotations', with_bbox=True),
    dict(type='Resize', img_scale=(1550, 1550), keep_ratio=True),
    dict(type='RandomFlip', flip_ratio=0.5),
    dict(
        type='Normalize',
        mean=[123.675, 116.28, 103.53],
        std=[58.395, 57.12, 57.375],
        to_rgb=True),
    dict(type='Pad', size_divisor=32),
    dict(type='DefaultFormatBundle'),
    dict(type='Collect', keys=['img', 'gt_bboxes', 'gt_labels'])
]
test_pipeline = [
    dict(type='LoadImageFromFile'),
    dict(
        type='MultiScaleFlipAug',
        img_scale=(1550, 1550),
        flip=False,
        transforms=[
            dict(type='Resize', keep_ratio=True),
            dict(type='RandomFlip'),
            dict(
                type='Normalize',
                mean=[123.675, 116.28, 103.53],
                std=[58.395, 57.12, 57.375],
                to_rgb=True),
            dict(type='Pad', size_divisor=32),
            dict(type='ImageToTensor', keys=['img']),
            dict(type='Collect', keys=['img'])
        ])
]
data = dict(
    samples_per_gpu=2,
    workers_per_gpu=2,
    train=dict(
        type='CocoDataset',
        ann_file='data/coco/annotations/annotations_trai.json',
        img_prefix='data/coco/img/',
        pipeline=[
            dict(type='LoadImageFromFile'),
            dict(type='LoadAnnotations', with_bbox=True),
            dict(type='Resize', img_scale=(1550, 1550), keep_ratio=True),
            dict(type='RandomFlip', flip_ratio=0.5),
            dict(
                type='Normalize',
                mean=[123.675, 116.28, 103.53],
                std=[58.395, 57.12, 57.375],
                to_rgb=True),
            dict(type='Pad', size_divisor=32),
            dict(type='DefaultFormatBundle'),
            dict(type='Collect', keys=['img', 'gt_bboxes', 'gt_labels'])
        ]),
    val=dict(
        type='CocoDataset',
        ann_file='data/coco/annotations/annotations_test.json',
        img_prefix='data/coco/img/',
        pipeline=[
            dict(type='LoadImageFromFile'),
            dict(
                type='MultiScaleFlipAug',
                img_scale=(1550, 1550),
                flip=False,
                transforms=[
                    dict(type='Resize', keep_ratio=True),
                    dict(type='RandomFlip'),
                    dict(
                        type='Normalize',
                        mean=[123.675, 116.28, 103.53],
                        std=[58.395, 57.12, 57.375],
                        to_rgb=True),
                    dict(type='Pad', size_divisor=32),
                    dict(type='ImageToTensor', keys=['img']),
                    dict(type='Collect', keys=['img'])
                ])
        ]),
    test=dict(
        type='CocoDataset',
        ann_file='data/coco/annotations/annotations_vals.json',
        img_prefix='data/coco/img/',
        pipeline=[
            dict(type='LoadImageFromFile'),
            dict(
                type='MultiScaleFlipAug',
                img_scale=(1550, 1550),
                flip=False,
                transforms=[
                    dict(type='Resize', keep_ratio=True),
                    dict(type='RandomFlip'),
                    dict(
                        type='Normalize',
                        mean=[123.675, 116.28, 103.53],
                        std=[58.395, 57.12, 57.375],
                        to_rgb=True),
                    dict(type='Pad', size_divisor=32),
                    dict(type='ImageToTensor', keys=['img']),
                    dict(type='Collect', keys=['img'])
                ])
        ]))
evaluation = dict(interval=1, metric='bbox')
optimizer = dict(type='SGD', lr=0.01, momentum=0.9, weight_decay=0.0001)
optimizer_config = dict(grad_clip=None)
lr_config = dict(
    policy='step',
    warmup='linear',
    warmup_iters=500,
    warmup_ratio=0.001,
    step=[8, 11])
total_epochs = 4
checkpoint_config = dict(interval=4)
log_config = dict(interval=100, hooks=[dict(type='TextLoggerHook')])
dist_params = dict(backend='nccl')
log_level = 'INFO'
load_from = '/home/admin/.cache/torch/checkpoints/X.pth'
resume_from = None
workflow = [('train', 2), ('val', 1)]
work_dir = '/home/admin/jupyter/SecurityAI_Round5/data/work'
gpu_ids = range(0, 1)

2020-11-19 03:16:53,950 - mmdet - INFO - load model from: torchvision://resnet50
2020-11-19 03:17:02,174 - mmdet - WARNING - The model and loaded state dict do not match exactly

unexpected key in source state_dict: fc.weight, fc.bias

2020-11-19 03:17:12,432 - mmdet - INFO - load checkpoint from /home/admin/.cache/torch/checkpoints/X.pth
2020-11-19 03:17:19,283 - mmdet - INFO - Start running, host: admin@fuxilabor_labor0_S4_Odps_S96_dsw_prepaid_cnsh_838_2020111813282, work_dir: /home/admin/jupyter/SecurityAI_Round5/data/work
2020-11-19 03:17:19,283 - mmdet - INFO - workflow: [('train', 2), ('val', 1)], max: 4 epochs
2020-11-19 03:18:36,768 - mmdet - INFO - Epoch [1][100/635]	lr: 1.988e-03, eta: 0:31:25, time: 0.773, data_time: 0.034, memory: 9225, loss_rpn_cls: 0.0040, loss_rpn_bbox: 0.0347, loss_cls: 0.0474, acc: 98.0586, loss_bbox: 0.0996, loss: 0.1856
2020-11-19 03:19:51,696 - mmdet - INFO - Epoch [1][200/635]	lr: 3.986e-03, eta: 0:29:40, time: 0.749, data_time: 0.012, memory: 9225, loss_rpn_cls: 0.0037, loss_rpn_bbox: 0.0364, loss_cls: 0.0350, acc: 98.5820, loss_bbox: 0.0898, loss: 0.1649
2020-11-19 03:21:06,798 - mmdet - INFO - Epoch [1][300/635]	lr: 5.984e-03, eta: 0:28:17, time: 0.751, data_time: 0.012, memory: 9800, loss_rpn_cls: 0.0034, loss_rpn_bbox: 0.0402, loss_cls: 0.0507, acc: 97.8789, loss_bbox: 0.1079, loss: 0.2022
2020-11-19 03:22:21,827 - mmdet - INFO - Epoch [1][400/635]	lr: 7.982e-03, eta: 0:26:57, time: 0.750, data_time: 0.012, memory: 11909, loss_rpn_cls: 0.0043, loss_rpn_bbox: 0.0365, loss_cls: 0.0388, acc: 98.4258, loss_bbox: 0.0919, loss: 0.1715
2020-11-19 03:23:36,744 - mmdet - INFO - Epoch [1][500/635]	lr: 9.980e-03, eta: 0:25:39, time: 0.749, data_time: 0.012, memory: 11909, loss_rpn_cls: 0.0048, loss_rpn_bbox: 0.0431, loss_cls: 0.0458, acc: 98.0557, loss_bbox: 0.0951, loss: 0.1888
2020-11-19 03:24:51,802 - mmdet - INFO - Epoch [1][600/635]	lr: 1.000e-02, eta: 0:24:22, time: 0.751, data_time: 0.012, memory: 11909, loss_rpn_cls: 0.0040, loss_rpn_bbox: 0.0455, loss_cls: 0.0514, acc: 97.8301, loss_bbox: 0.1117, loss: 0.2125
2020-11-19 03:25:40,554 - mmdet - INFO - Evaluating bbox...
2020-11-19 03:25:43,119 - mmdet - INFO - Epoch [1][635/635]	lr: 1.000e-02, bbox_mAP: 0.8070, bbox_mAP_50: 0.8920, bbox_mAP_75: 0.8670, bbox_mAP_s: 0.4960, bbox_mAP_m: 0.8060, bbox_mAP_l: 0.9010, bbox_mAP_copypaste: 0.807 0.892 0.867 0.496 0.806 0.901
2020-11-19 03:27:00,404 - mmdet - INFO - Epoch [2][100/635]	lr: 1.000e-02, eta: 0:21:40, time: 0.771, data_time: 0.033, memory: 11909, loss_rpn_cls: 0.0036, loss_rpn_bbox: 0.0419, loss_cls: 0.0383, acc: 98.4414, loss_bbox: 0.0938, loss: 0.1776
2020-11-19 03:28:15,092 - mmdet - INFO - Epoch [2][200/635]	lr: 1.000e-02, eta: 0:20:33, time: 0.747, data_time: 0.012, memory: 11909, loss_rpn_cls: 0.0047, loss_rpn_bbox: 0.0428, loss_cls: 0.0468, acc: 97.9883, loss_bbox: 0.1032, loss: 0.1974
2020-11-19 03:29:30,197 - mmdet - INFO - Epoch [2][300/635]	lr: 1.000e-02, eta: 0:19:25, time: 0.751, data_time: 0.014, memory: 11909, loss_rpn_cls: 0.0111, loss_rpn_bbox: 0.0500, loss_cls: 0.0662, acc: 97.4072, loss_bbox: 0.1260, loss: 0.2532
2020-11-19 03:30:45,293 - mmdet - INFO - Epoch [2][400/635]	lr: 1.000e-02, eta: 0:18:16, time: 0.751, data_time: 0.012, memory: 11909, loss_rpn_cls: 0.0062, loss_rpn_bbox: 0.0503, loss_cls: 0.0560, acc: 97.7236, loss_bbox: 0.1188, loss: 0.2313
2020-11-19 03:32:00,415 - mmdet - INFO - Epoch [2][500/635]	lr: 1.000e-02, eta: 0:17:06, time: 0.751, data_time: 0.012, memory: 11909, loss_rpn_cls: 0.0066, loss_rpn_bbox: 0.0483, loss_cls: 0.0580, acc: 97.5850, loss_bbox: 0.1118, loss: 0.2246
2020-11-19 03:33:15,313 - mmdet - INFO - Epoch [2][600/635]	lr: 1.000e-02, eta: 0:15:55, time: 0.749, data_time: 0.012, memory: 11909, loss_rpn_cls: 0.0059, loss_rpn_bbox: 0.0434, loss_cls: 0.0476, acc: 98.1230, loss_bbox: 0.1004, loss: 0.1973
2020-11-19 03:34:03,834 - mmdet - INFO - Evaluating bbox...
2020-11-19 03:34:06,713 - mmdet - INFO - Epoch [2][635/635]	lr: 1.000e-02, bbox_mAP: 0.7920, bbox_mAP_50: 0.8810, bbox_mAP_75: 0.8510, bbox_mAP_s: 0.4830, bbox_mAP_m: 0.7850, bbox_mAP_l: 0.8840, bbox_mAP_copypaste: 0.792 0.881 0.851 0.483 0.785 0.884
2020-11-19 03:34:35,261 - mmdet - INFO - Epoch(train) [2][70]	loss_rpn_cls: 0.0048, loss_rpn_bbox: 0.0493, loss_cls: 0.0549, acc: 97.7260, loss_bbox: 0.1201, loss: 0.2291
2020-11-19 03:35:52,819 - mmdet - INFO - Epoch [3][100/635]	lr: 1.000e-02, eta: 0:13:58, time: 0.773, data_time: 0.034, memory: 11909, loss_rpn_cls: 0.0046, loss_rpn_bbox: 0.0466, loss_cls: 0.0456, acc: 98.1318, loss_bbox: 0.1095, loss: 0.2063
2020-11-19 03:37:07,875 - mmdet - INFO - Epoch [3][200/635]	lr: 1.000e-02, eta: 0:12:49, time: 0.751, data_time: 0.012, memory: 11909, loss_rpn_cls: 0.0036, loss_rpn_bbox: 0.0432, loss_cls: 0.0467, acc: 98.0205, loss_bbox: 0.1105, loss: 0.2041
2020-11-19 03:38:22,843 - mmdet - INFO - Epoch [3][300/635]	lr: 1.000e-02, eta: 0:11:39, time: 0.750, data_time: 0.012, memory: 11909, loss_rpn_cls: 0.0047, loss_rpn_bbox: 0.0426, loss_cls: 0.0500, acc: 97.9873, loss_bbox: 0.1088, loss: 0.2061
2020-11-19 03:39:37,898 - mmdet - INFO - Epoch [3][400/635]	lr: 1.000e-02, eta: 0:10:28, time: 0.751, data_time: 0.012, memory: 11909, loss_rpn_cls: 0.0052, loss_rpn_bbox: 0.0442, loss_cls: 0.0554, acc: 97.6797, loss_bbox: 0.1101, loss: 0.2150
2020-11-19 03:40:53,009 - mmdet - INFO - Epoch [3][500/635]	lr: 1.000e-02, eta: 0:09:17, time: 0.751, data_time: 0.012, memory: 11909, loss_rpn_cls: 0.0037, loss_rpn_bbox: 0.0442, loss_cls: 0.0405, acc: 98.3164, loss_bbox: 0.0994, loss: 0.1879
2020-11-19 03:42:07,923 - mmdet - INFO - Epoch [3][600/635]	lr: 1.000e-02, eta: 0:08:06, time: 0.749, data_time: 0.012, memory: 11909, loss_rpn_cls: 0.0050, loss_rpn_bbox: 0.0426, loss_cls: 0.0546, acc: 97.7090, loss_bbox: 0.1099, loss: 0.2121
2020-11-19 03:42:56,534 - mmdet - INFO - Evaluating bbox...
2020-11-19 03:42:59,196 - mmdet - INFO - Epoch [3][635/635]	lr: 1.000e-02, bbox_mAP: 0.7790, bbox_mAP_50: 0.8730, bbox_mAP_75: 0.8430, bbox_mAP_s: 0.4720, bbox_mAP_m: 0.7520, bbox_mAP_l: 0.8680, bbox_mAP_copypaste: 0.779 0.873 0.843 0.472 0.752 0.868
2020-11-19 03:44:16,822 - mmdet - INFO - Epoch [4][100/635]	lr: 1.000e-02, eta: 0:06:22, time: 0.774, data_time: 0.033, memory: 11909, loss_rpn_cls: 0.0059, loss_rpn_bbox: 0.0488, loss_cls: 0.0698, acc: 97.1533, loss_bbox: 0.1204, loss: 0.2449
2020-11-19 03:45:31,834 - mmdet - INFO - Epoch [4][200/635]	lr: 1.000e-02, eta: 0:05:11, time: 0.750, data_time: 0.012, memory: 11909, loss_rpn_cls: 0.0044, loss_rpn_bbox: 0.0458, loss_cls: 0.0508, acc: 97.8594, loss_bbox: 0.1088, loss: 0.2098
2020-11-19 03:46:46,713 - mmdet - INFO - Epoch [4][300/635]	lr: 1.000e-02, eta: 0:04:00, time: 0.749, data_time: 0.012, memory: 11909, loss_rpn_cls: 0.0040, loss_rpn_bbox: 0.0417, loss_cls: 0.0430, acc: 98.2305, loss_bbox: 0.1009, loss: 0.1897
2020-11-19 03:48:01,560 - mmdet - INFO - Epoch [4][400/635]	lr: 1.000e-02, eta: 0:02:49, time: 0.748, data_time: 0.012, memory: 11909, loss_rpn_cls: 0.0054, loss_rpn_bbox: 0.0447, loss_cls: 0.0548, acc: 97.7227, loss_bbox: 0.1167, loss: 0.2216
2020-11-19 03:49:16,133 - mmdet - INFO - Epoch [4][500/635]	lr: 1.000e-02, eta: 0:01:37, time: 0.746, data_time: 0.012, memory: 11909, loss_rpn_cls: 0.0059, loss_rpn_bbox: 0.0439, loss_cls: 0.0456, acc: 98.1768, loss_bbox: 0.1018, loss: 0.1971
2020-11-19 03:50:30,842 - mmdet - INFO - Epoch [4][600/635]	lr: 1.000e-02, eta: 0:00:25, time: 0.747, data_time: 0.012, memory: 11909, loss_rpn_cls: 0.0052, loss_rpn_bbox: 0.0437, loss_cls: 0.0466, acc: 98.1113, loss_bbox: 0.1026, loss: 0.1981
2020-11-19 03:50:57,049 - mmdet - INFO - Saving checkpoint at 4 epochs
2020-11-19 03:51:21,411 - mmdet - INFO - Evaluating bbox...
2020-11-19 03:51:24,059 - mmdet - INFO - Epoch [4][635/635]	lr: 1.000e-02, bbox_mAP: 0.7860, bbox_mAP_50: 0.8760, bbox_mAP_75: 0.8460, bbox_mAP_s: 0.4600, bbox_mAP_m: 0.7720, bbox_mAP_l: 0.8840, bbox_mAP_copypaste: 0.786 0.876 0.846 0.460 0.772 0.884
2020-11-19 03:51:52,633 - mmdet - INFO - Epoch(train) [4][70]	loss_rpn_cls: 0.0064, loss_rpn_bbox: 0.0505, loss_cls: 0.0579, acc: 97.6032, loss_bbox: 0.1235, loss: 0.2383
