2020-11-22 17:34:43,994 - mmdet - INFO - Environment info:
------------------------------------------------------------
sys.platform: linux
Python: 3.6.4 |Anaconda, Inc.| (default, Jan 16 2018, 18:10:19) [GCC 7.2.0]
CUDA available: True
CUDA_HOME: /usr/local/cuda
NVCC: Cuda compilation tools, release 10.0, V10.0.130
GPU 0: Tesla P100-PCIE-16GB
GCC: gcc (GCC) 5.3.0
PyTorch: 1.3.1+cu100
PyTorch compiling details: PyTorch built with:
  - GCC 7.3
  - Intel(R) Math Kernel Library Version 2019.0.4 Product Build 20190411 for Intel(R) 64 architecture applications
  - Intel(R) MKL-DNN v0.20.5 (Git Hash 0125f28c61c1f822fd48570b4c1066f96fcb9b2e)
  - OpenMP 201511 (a.k.a. OpenMP 4.5)
  - NNPACK is enabled
  - CUDA Runtime 10.0
  - NVCC architecture flags: -gencode;arch=compute_37,code=sm_37;-gencode;arch=compute_50,code=sm_50;-gencode;arch=compute_60,code=sm_60;-gencode;arch=compute_61,code=sm_61;-gencode;arch=compute_70,code=sm_70;-gencode;arch=compute_75,code=sm_75;-gencode;arch=compute_37,code=compute_37
  - CuDNN 7.6.3
  - Magma 2.5.1
  - Build settings: BLAS=MKL, BUILD_NAMEDTENSOR=OFF, BUILD_TYPE=Release, CXX_FLAGS= -Wno-deprecated -fvisibility-inlines-hidden -fopenmp -DUSE_FBGEMM -DUSE_QNNPACK -DUSE_PYTORCH_QNNPACK -O2 -fPIC -Wno-narrowing -Wall -Wextra -Wno-missing-field-initializers -Wno-type-limits -Wno-array-bounds -Wno-unknown-pragmas -Wno-sign-compare -Wno-unused-parameter -Wno-unused-variable -Wno-unused-function -Wno-unused-result -Wno-strict-overflow -Wno-strict-aliasing -Wno-error=deprecated-declarations -Wno-stringop-overflow -Wno-error=pedantic -Wno-error=redundant-decls -Wno-error=old-style-cast -fdiagnostics-color=always -faligned-new -Wno-unused-but-set-variable -Wno-maybe-uninitialized -fno-math-errno -fno-trapping-math -Wno-stringop-overflow, DISABLE_NUMA=1, PERF_WITH_AVX=1, PERF_WITH_AVX2=1, PERF_WITH_AVX512=1, USE_CUDA=True, USE_EXCEPTION_PTR=1, USE_GFLAGS=OFF, USE_GLOG=OFF, USE_MKL=ON, USE_MKLDNN=ON, USE_MPI=OFF, USE_NCCL=ON, USE_NNPACK=ON, USE_OPENMP=ON, USE_STATIC_DISPATCH=OFF, 

TorchVision: 0.4.2+cu100
OpenCV: 4.4.0
MMCV: 1.0.5
MMDetection: 2.3.0+788fa8d
MMDetection Compiler: GCC 7.3
MMDetection CUDA Compiler: 10.0
------------------------------------------------------------

2020-11-22 17:34:43,994 - mmdet - INFO - Distributed training: False
2020-11-22 17:34:44,385 - mmdet - INFO - Config:
model = dict(
    type='FasterRCNN',
    pretrained='torchvision://resnet50',
    backbone=dict(
        type='ResNet',
        depth=50,
        num_stages=4,
        out_indices=(0, 1, 2, 3),
        frozen_stages=1,
        norm_cfg=dict(type='BN', requires_grad=True),
        norm_eval=True,
        style='pytorch'),
    neck=dict(
        type='FPN',
        in_channels=[256, 512, 1024, 2048],
        out_channels=256,
        num_outs=5),
    rpn_head=dict(
        type='RPNHead',
        in_channels=256,
        feat_channels=256,
        anchor_generator=dict(
            type='AnchorGenerator',
            scales=[8],
            ratios=[0.5, 1.0, 2.0],
            strides=[4, 8, 16, 32, 64]),
        bbox_coder=dict(
            type='DeltaXYWHBBoxCoder',
            target_means=[0.0, 0.0, 0.0, 0.0],
            target_stds=[1.0, 1.0, 1.0, 1.0]),
        loss_cls=dict(
            type='CrossEntropyLoss', use_sigmoid=True, loss_weight=1.0),
        loss_bbox=dict(type='L1Loss', loss_weight=1.0)),
    roi_head=dict(
        type='StandardRoIHead',
        bbox_roi_extractor=dict(
            type='SingleRoIExtractor',
            roi_layer=dict(type='RoIAlign', output_size=7, sampling_ratio=0),
            out_channels=256,
            featmap_strides=[4, 8, 16, 32]),
        bbox_head=dict(
            type='Shared2FCBBoxHead',
            in_channels=256,
            fc_out_channels=1024,
            roi_feat_size=7,
            num_classes=2,
            bbox_coder=dict(
                type='DeltaXYWHBBoxCoder',
                target_means=[0.0, 0.0, 0.0, 0.0],
                target_stds=[0.1, 0.1, 0.2, 0.2]),
            reg_class_agnostic=False,
            loss_cls=dict(
                type='CrossEntropyLoss', use_sigmoid=False, loss_weight=1.0),
            loss_bbox=dict(type='L1Loss', loss_weight=1.0))))
train_cfg = dict(
    rpn=dict(
        assigner=dict(
            type='MaxIoUAssigner',
            pos_iou_thr=0.7,
            neg_iou_thr=0.3,
            min_pos_iou=0.3,
            match_low_quality=True,
            ignore_iof_thr=-1),
        sampler=dict(
            type='RandomSampler',
            num=256,
            pos_fraction=0.5,
            neg_pos_ub=-1,
            add_gt_as_proposals=False),
        allowed_border=-1,
        pos_weight=-1,
        debug=False),
    rpn_proposal=dict(
        nms_across_levels=False,
        nms_pre=2000,
        nms_post=1000,
        max_num=1000,
        nms_thr=0.7,
        min_bbox_size=0),
    rcnn=dict(
        assigner=dict(
            type='MaxIoUAssigner',
            pos_iou_thr=0.5,
            neg_iou_thr=0.5,
            min_pos_iou=0.5,
            match_low_quality=False,
            ignore_iof_thr=-1),
        sampler=dict(
            type='RandomSampler',
            num=512,
            pos_fraction=0.25,
            neg_pos_ub=-1,
            add_gt_as_proposals=True),
        pos_weight=-1,
        debug=False))
test_cfg = dict(
    rpn=dict(
        nms_across_levels=False,
        nms_pre=1000,
        nms_post=1000,
        max_num=1000,
        nms_thr=0.7,
        min_bbox_size=0),
    rcnn=dict(
        score_thr=0.05,
        nms=dict(type='nms', iou_threshold=0.5),
        max_per_img=100))
dataset_type = 'CocoDataset'
data_root = 'data/coco/'
img_norm_cfg = dict(
    mean=[123.675, 116.28, 103.53], std=[58.395, 57.12, 57.375], to_rgb=True)
train_pipeline = [
    dict(type='LoadImageFromFile'),
    dict(type='LoadAnnotations', with_bbox=True),
    dict(type='Resize', img_scale=(1550, 1550), keep_ratio=True),
    dict(type='RandomFlip', flip_ratio=0.5),
    dict(
        type='Normalize',
        mean=[123.675, 116.28, 103.53],
        std=[58.395, 57.12, 57.375],
        to_rgb=True),
    dict(type='Pad', size_divisor=32),
    dict(type='DefaultFormatBundle'),
    dict(type='Collect', keys=['img', 'gt_bboxes', 'gt_labels'])
]
test_pipeline = [
    dict(type='LoadImageFromFile'),
    dict(
        type='MultiScaleFlipAug',
        img_scale=(1550, 1550),
        flip=False,
        transforms=[
            dict(type='Resize', keep_ratio=True),
            dict(type='RandomFlip'),
            dict(
                type='Normalize',
                mean=[123.675, 116.28, 103.53],
                std=[58.395, 57.12, 57.375],
                to_rgb=True),
            dict(type='Pad', size_divisor=32),
            dict(type='ImageToTensor', keys=['img']),
            dict(type='Collect', keys=['img'])
        ])
]
data = dict(
    samples_per_gpu=2,
    workers_per_gpu=2,
    train=dict(
        type='CocoDataset',
        ann_file='data/coco/annotations/annotations_trai.json',
        img_prefix='data/coco/img/',
        pipeline=[
            dict(type='LoadImageFromFile'),
            dict(type='LoadAnnotations', with_bbox=True),
            dict(type='Resize', img_scale=(1550, 1550), keep_ratio=True),
            dict(type='RandomFlip', flip_ratio=0.5),
            dict(
                type='Normalize',
                mean=[123.675, 116.28, 103.53],
                std=[58.395, 57.12, 57.375],
                to_rgb=True),
            dict(type='Pad', size_divisor=32),
            dict(type='DefaultFormatBundle'),
            dict(type='Collect', keys=['img', 'gt_bboxes', 'gt_labels'])
        ]),
    val=dict(
        type='CocoDataset',
        ann_file='data/coco/annotations/annotations_test.json',
        img_prefix='data/coco/img/',
        pipeline=[
            dict(type='LoadImageFromFile'),
            dict(
                type='MultiScaleFlipAug',
                img_scale=(1550, 1550),
                flip=False,
                transforms=[
                    dict(type='Resize', keep_ratio=True),
                    dict(type='RandomFlip'),
                    dict(
                        type='Normalize',
                        mean=[123.675, 116.28, 103.53],
                        std=[58.395, 57.12, 57.375],
                        to_rgb=True),
                    dict(type='Pad', size_divisor=32),
                    dict(type='ImageToTensor', keys=['img']),
                    dict(type='Collect', keys=['img'])
                ])
        ]),
    test=dict(
        type='CocoDataset',
        ann_file='data/coco/annotations/annotations_vals.json',
        img_prefix='data/coco/img/',
        pipeline=[
            dict(type='LoadImageFromFile'),
            dict(
                type='MultiScaleFlipAug',
                img_scale=(1550, 1550),
                flip=False,
                transforms=[
                    dict(type='Resize', keep_ratio=True),
                    dict(type='RandomFlip'),
                    dict(
                        type='Normalize',
                        mean=[123.675, 116.28, 103.53],
                        std=[58.395, 57.12, 57.375],
                        to_rgb=True),
                    dict(type='Pad', size_divisor=32),
                    dict(type='ImageToTensor', keys=['img']),
                    dict(type='Collect', keys=['img'])
                ])
        ]))
evaluation = dict(interval=1, metric='bbox')
optimizer = dict(type='SGD', lr=0.01, momentum=0.9, weight_decay=0.0001)
optimizer_config = dict(grad_clip=None)
lr_config = dict(
    policy='step',
    warmup='linear',
    warmup_iters=500,
    warmup_ratio=0.001,
    step=[8, 11])
total_epochs = 4
checkpoint_config = dict(interval=4)
log_config = dict(interval=100, hooks=[dict(type='TextLoggerHook')])
dist_params = dict(backend='nccl')
log_level = 'INFO'
load_from = '/home/admin/.cache/torch/checkpoints/X.pth'
resume_from = None
workflow = [('train', 2), ('val', 1)]
work_dir = '/home/admin/jupyter/SecurityAI_Round5/data/work'
gpu_ids = range(0, 1)

2020-11-22 17:34:44,909 - mmdet - INFO - load model from: torchvision://resnet50
2020-11-22 17:34:53,017 - mmdet - WARNING - The model and loaded state dict do not match exactly

unexpected key in source state_dict: fc.weight, fc.bias

2020-11-22 17:35:03,520 - mmdet - INFO - load checkpoint from /home/admin/.cache/torch/checkpoints/X.pth
2020-11-22 17:35:10,416 - mmdet - INFO - Start running, host: admin@fuxilabor_labor0_S4_Odps_S96_dsw_prepaid_cnsh_838_2020112209220, work_dir: /home/admin/jupyter/SecurityAI_Round5/data/work
2020-11-22 17:35:10,416 - mmdet - INFO - workflow: [('train', 2), ('val', 1)], max: 4 epochs
2020-11-22 17:36:28,013 - mmdet - INFO - Epoch [1][100/621]	lr: 1.988e-03, eta: 0:30:45, time: 0.774, data_time: 0.034, memory: 9499, loss_rpn_cls: 0.0019, loss_rpn_bbox: 0.0269, loss_cls: 0.0303, acc: 98.7344, loss_bbox: 0.0751, loss: 0.1342
2020-11-22 17:37:43,106 - mmdet - INFO - Epoch [1][200/621]	lr: 3.986e-03, eta: 0:29:01, time: 0.751, data_time: 0.012, memory: 10050, loss_rpn_cls: 0.0026, loss_rpn_bbox: 0.0249, loss_cls: 0.0324, acc: 98.6660, loss_bbox: 0.0706, loss: 0.1305
2020-11-22 17:38:58,101 - mmdet - INFO - Epoch [1][300/621]	lr: 5.984e-03, eta: 0:27:36, time: 0.750, data_time: 0.012, memory: 10050, loss_rpn_cls: 0.0023, loss_rpn_bbox: 0.0251, loss_cls: 0.0323, acc: 98.6660, loss_bbox: 0.0691, loss: 0.1289
2020-11-22 17:40:13,412 - mmdet - INFO - Epoch [1][400/621]	lr: 7.982e-03, eta: 0:26:17, time: 0.753, data_time: 0.012, memory: 10050, loss_rpn_cls: 0.0028, loss_rpn_bbox: 0.0290, loss_cls: 0.0372, acc: 98.3555, loss_bbox: 0.0703, loss: 0.1394
2020-11-22 17:41:28,645 - mmdet - INFO - Epoch [1][500/621]	lr: 9.980e-03, eta: 0:25:00, time: 0.752, data_time: 0.012, memory: 11910, loss_rpn_cls: 0.0027, loss_rpn_bbox: 0.0285, loss_cls: 0.0298, acc: 98.7373, loss_bbox: 0.0665, loss: 0.1274
2020-11-22 17:42:43,617 - mmdet - INFO - Epoch [1][600/621]	lr: 1.000e-02, eta: 0:23:42, time: 0.750, data_time: 0.012, memory: 11910, loss_rpn_cls: 0.0020, loss_rpn_bbox: 0.0308, loss_cls: 0.0279, acc: 98.8086, loss_bbox: 0.0697, loss: 0.1304
2020-11-22 17:43:25,119 - mmdet - INFO - Evaluating bbox...
2020-11-22 17:43:27,369 - mmdet - INFO - Epoch [1][621/621]	lr: 1.000e-02, bbox_mAP: 0.8320, bbox_mAP_50: 0.8890, bbox_mAP_75: 0.8800, bbox_mAP_s: 0.6240, bbox_mAP_m: 0.8960, bbox_mAP_l: 0.8850, bbox_mAP_copypaste: 0.832 0.889 0.880 0.624 0.896 0.885
2020-11-22 17:44:44,348 - mmdet - INFO - Epoch [2][100/621]	lr: 1.000e-02, eta: 0:21:35, time: 0.768, data_time: 0.034, memory: 11910, loss_rpn_cls: 0.0021, loss_rpn_bbox: 0.0280, loss_cls: 0.0268, acc: 98.8760, loss_bbox: 0.0689, loss: 0.1259
2020-11-22 17:45:59,428 - mmdet - INFO - Epoch [2][200/621]	lr: 1.000e-02, eta: 0:20:25, time: 0.751, data_time: 0.012, memory: 11910, loss_rpn_cls: 0.0028, loss_rpn_bbox: 0.0304, loss_cls: 0.0357, acc: 98.4551, loss_bbox: 0.0778, loss: 0.1468
2020-11-22 17:47:14,338 - mmdet - INFO - Epoch [2][300/621]	lr: 1.000e-02, eta: 0:19:13, time: 0.749, data_time: 0.012, memory: 11910, loss_rpn_cls: 0.0027, loss_rpn_bbox: 0.0303, loss_cls: 0.0292, acc: 98.7676, loss_bbox: 0.0730, loss: 0.1352
2020-11-22 17:48:28,913 - mmdet - INFO - Epoch [2][400/621]	lr: 1.000e-02, eta: 0:18:00, time: 0.746, data_time: 0.012, memory: 11910, loss_rpn_cls: 0.0024, loss_rpn_bbox: 0.0339, loss_cls: 0.0369, acc: 98.3760, loss_bbox: 0.0750, loss: 0.1483
2020-11-22 17:49:43,797 - mmdet - INFO - Epoch [2][500/621]	lr: 1.000e-02, eta: 0:16:48, time: 0.749, data_time: 0.012, memory: 11910, loss_rpn_cls: 0.0097, loss_rpn_bbox: 0.0392, loss_cls: 0.0414, acc: 98.3633, loss_bbox: 0.0916, loss: 0.1820
2020-11-22 17:50:58,487 - mmdet - INFO - Epoch [2][600/621]	lr: 1.000e-02, eta: 0:15:35, time: 0.747, data_time: 0.012, memory: 11910, loss_rpn_cls: 0.0054, loss_rpn_bbox: 0.0374, loss_cls: 0.0379, acc: 98.3975, loss_bbox: 0.0811, loss: 0.1617
2020-11-22 17:51:39,920 - mmdet - INFO - Evaluating bbox...
2020-11-22 17:51:41,946 - mmdet - INFO - Epoch [2][621/621]	lr: 1.000e-02, bbox_mAP: 0.8270, bbox_mAP_50: 0.8890, bbox_mAP_75: 0.8790, bbox_mAP_s: 0.6040, bbox_mAP_m: 0.8840, bbox_mAP_l: 0.8850, bbox_mAP_copypaste: 0.827 0.889 0.879 0.604 0.884 0.885
2020-11-22 17:52:14,283 - mmdet - INFO - Epoch(train) [2][81]	loss_rpn_cls: 0.0042, loss_rpn_bbox: 0.0337, loss_cls: 0.0328, acc: 98.6654, loss_bbox: 0.0760, loss: 0.1467
2020-11-22 17:53:31,297 - mmdet - INFO - Epoch [3][100/621]	lr: 1.000e-02, eta: 0:13:54, time: 0.768, data_time: 0.033, memory: 11910, loss_rpn_cls: 0.0052, loss_rpn_bbox: 0.0340, loss_cls: 0.0337, acc: 98.5830, loss_bbox: 0.0765, loss: 0.1494
2020-11-22 17:54:46,022 - mmdet - INFO - Epoch [3][200/621]	lr: 1.000e-02, eta: 0:12:42, time: 0.747, data_time: 0.012, memory: 11910, loss_rpn_cls: 0.0042, loss_rpn_bbox: 0.0348, loss_cls: 0.0339, acc: 98.5879, loss_bbox: 0.0842, loss: 0.1571
2020-11-22 17:56:00,778 - mmdet - INFO - Epoch [3][300/621]	lr: 1.000e-02, eta: 0:11:30, time: 0.748, data_time: 0.012, memory: 11910, loss_rpn_cls: 0.0042, loss_rpn_bbox: 0.0355, loss_cls: 0.0358, acc: 98.4492, loss_bbox: 0.0880, loss: 0.1635
2020-11-22 17:57:15,782 - mmdet - INFO - Epoch [3][400/621]	lr: 1.000e-02, eta: 0:10:18, time: 0.750, data_time: 0.012, memory: 11910, loss_rpn_cls: 0.0037, loss_rpn_bbox: 0.0305, loss_cls: 0.0370, acc: 98.4746, loss_bbox: 0.0761, loss: 0.1473
2020-11-22 17:58:31,021 - mmdet - INFO - Epoch [3][500/621]	lr: 1.000e-02, eta: 0:09:05, time: 0.752, data_time: 0.012, memory: 11910, loss_rpn_cls: 0.0027, loss_rpn_bbox: 0.0357, loss_cls: 0.0352, acc: 98.5068, loss_bbox: 0.0765, loss: 0.1501
2020-11-22 17:59:45,756 - mmdet - INFO - Epoch [3][600/621]	lr: 1.000e-02, eta: 0:07:52, time: 0.747, data_time: 0.012, memory: 11910, loss_rpn_cls: 0.0025, loss_rpn_bbox: 0.0314, loss_cls: 0.0269, acc: 98.8760, loss_bbox: 0.0711, loss: 0.1319
2020-11-22 18:00:27,468 - mmdet - INFO - Evaluating bbox...
2020-11-22 18:00:29,521 - mmdet - INFO - Epoch [3][621/621]	lr: 1.000e-02, bbox_mAP: 0.8320, bbox_mAP_50: 0.8940, bbox_mAP_75: 0.8890, bbox_mAP_s: 0.6100, bbox_mAP_m: 0.8890, bbox_mAP_l: 0.8900, bbox_mAP_copypaste: 0.832 0.894 0.889 0.610 0.889 0.890
2020-11-22 18:01:46,707 - mmdet - INFO - Epoch [4][100/621]	lr: 1.000e-02, eta: 0:06:20, time: 0.770, data_time: 0.033, memory: 11910, loss_rpn_cls: 0.0018, loss_rpn_bbox: 0.0309, loss_cls: 0.0288, acc: 98.8701, loss_bbox: 0.0736, loss: 0.1351
2020-11-22 18:03:01,550 - mmdet - INFO - Epoch [4][200/621]	lr: 1.000e-02, eta: 0:05:07, time: 0.748, data_time: 0.012, memory: 11910, loss_rpn_cls: 0.0029, loss_rpn_bbox: 0.0313, loss_cls: 0.0345, acc: 98.5186, loss_bbox: 0.0769, loss: 0.1455
2020-11-22 18:04:16,570 - mmdet - INFO - Epoch [4][300/621]	lr: 1.000e-02, eta: 0:03:54, time: 0.750, data_time: 0.012, memory: 11910, loss_rpn_cls: 0.0038, loss_rpn_bbox: 0.0349, loss_cls: 0.0340, acc: 98.5850, loss_bbox: 0.0809, loss: 0.1536
2020-11-22 18:05:31,583 - mmdet - INFO - Epoch [4][400/621]	lr: 1.000e-02, eta: 0:02:41, time: 0.750, data_time: 0.012, memory: 11910, loss_rpn_cls: 0.0039, loss_rpn_bbox: 0.0359, loss_cls: 0.0420, acc: 98.1768, loss_bbox: 0.0848, loss: 0.1666
2020-11-22 18:06:46,569 - mmdet - INFO - Epoch [4][500/621]	lr: 1.000e-02, eta: 0:01:28, time: 0.750, data_time: 0.012, memory: 11910, loss_rpn_cls: 0.0023, loss_rpn_bbox: 0.0292, loss_cls: 0.0281, acc: 98.8096, loss_bbox: 0.0680, loss: 0.1276
2020-11-22 18:08:01,645 - mmdet - INFO - Epoch [4][600/621]	lr: 1.000e-02, eta: 0:00:15, time: 0.751, data_time: 0.012, memory: 11910, loss_rpn_cls: 0.0026, loss_rpn_bbox: 0.0314, loss_cls: 0.0314, acc: 98.6992, loss_bbox: 0.0717, loss: 0.1371
2020-11-22 18:08:17,254 - mmdet - INFO - Saving checkpoint at 4 epochs
2020-11-22 18:08:44,952 - mmdet - INFO - Evaluating bbox...
2020-11-22 18:08:46,886 - mmdet - INFO - Epoch [4][621/621]	lr: 1.000e-02, bbox_mAP: 0.8280, bbox_mAP_50: 0.8860, bbox_mAP_75: 0.8800, bbox_mAP_s: 0.6130, bbox_mAP_m: 0.8810, bbox_mAP_l: 0.8780, bbox_mAP_copypaste: 0.828 0.886 0.880 0.613 0.881 0.878
2020-11-22 18:09:19,220 - mmdet - INFO - Epoch(train) [4][81]	loss_rpn_cls: 0.0026, loss_rpn_bbox: 0.0284, loss_cls: 0.0329, acc: 98.5954, loss_bbox: 0.0804, loss: 0.1444
