2020-11-10 15:26:28,451 - mmdet - INFO - Environment info:
------------------------------------------------------------
sys.platform: linux
Python: 3.6.4 |Anaconda, Inc.| (default, Jan 16 2018, 18:10:19) [GCC 7.2.0]
CUDA available: True
CUDA_HOME: /usr/local/cuda
NVCC: Cuda compilation tools, release 10.0, V10.0.130
GPU 0: Tesla P100-PCIE-16GB
GCC: gcc (GCC) 5.3.0
PyTorch: 1.3.1+cu100
PyTorch compiling details: PyTorch built with:
  - GCC 7.3
  - Intel(R) Math Kernel Library Version 2019.0.4 Product Build 20190411 for Intel(R) 64 architecture applications
  - Intel(R) MKL-DNN v0.20.5 (Git Hash 0125f28c61c1f822fd48570b4c1066f96fcb9b2e)
  - OpenMP 201511 (a.k.a. OpenMP 4.5)
  - NNPACK is enabled
  - CUDA Runtime 10.0
  - NVCC architecture flags: -gencode;arch=compute_37,code=sm_37;-gencode;arch=compute_50,code=sm_50;-gencode;arch=compute_60,code=sm_60;-gencode;arch=compute_61,code=sm_61;-gencode;arch=compute_70,code=sm_70;-gencode;arch=compute_75,code=sm_75;-gencode;arch=compute_37,code=compute_37
  - CuDNN 7.6.3
  - Magma 2.5.1
  - Build settings: BLAS=MKL, BUILD_NAMEDTENSOR=OFF, BUILD_TYPE=Release, CXX_FLAGS= -Wno-deprecated -fvisibility-inlines-hidden -fopenmp -DUSE_FBGEMM -DUSE_QNNPACK -DUSE_PYTORCH_QNNPACK -O2 -fPIC -Wno-narrowing -Wall -Wextra -Wno-missing-field-initializers -Wno-type-limits -Wno-array-bounds -Wno-unknown-pragmas -Wno-sign-compare -Wno-unused-parameter -Wno-unused-variable -Wno-unused-function -Wno-unused-result -Wno-strict-overflow -Wno-strict-aliasing -Wno-error=deprecated-declarations -Wno-stringop-overflow -Wno-error=pedantic -Wno-error=redundant-decls -Wno-error=old-style-cast -fdiagnostics-color=always -faligned-new -Wno-unused-but-set-variable -Wno-maybe-uninitialized -fno-math-errno -fno-trapping-math -Wno-stringop-overflow, DISABLE_NUMA=1, PERF_WITH_AVX=1, PERF_WITH_AVX2=1, PERF_WITH_AVX512=1, USE_CUDA=True, USE_EXCEPTION_PTR=1, USE_GFLAGS=OFF, USE_GLOG=OFF, USE_MKL=ON, USE_MKLDNN=ON, USE_MPI=OFF, USE_NCCL=ON, USE_NNPACK=ON, USE_OPENMP=ON, USE_STATIC_DISPATCH=OFF, 

TorchVision: 0.4.2+cu100
OpenCV: 4.4.0
MMCV: 1.0.5
MMDetection: 2.3.0+788fa8d
MMDetection Compiler: GCC 7.3
MMDetection CUDA Compiler: 10.0
------------------------------------------------------------

2020-11-10 15:26:28,451 - mmdet - INFO - Distributed training: False
2020-11-10 15:26:28,856 - mmdet - INFO - Config:
model = dict(
    type='FasterRCNN',
    pretrained='torchvision://resnet50',
    backbone=dict(
        type='ResNet',
        depth=50,
        num_stages=4,
        out_indices=(0, 1, 2, 3),
        frozen_stages=1,
        norm_cfg=dict(type='BN', requires_grad=True),
        norm_eval=True,
        style='pytorch'),
    neck=dict(
        type='FPN',
        in_channels=[256, 512, 1024, 2048],
        out_channels=256,
        num_outs=5),
    rpn_head=dict(
        type='RPNHead',
        in_channels=256,
        feat_channels=256,
        anchor_generator=dict(
            type='AnchorGenerator',
            scales=[8],
            ratios=[0.5, 1.0, 2.0],
            strides=[4, 8, 16, 32, 64]),
        bbox_coder=dict(
            type='DeltaXYWHBBoxCoder',
            target_means=[0.0, 0.0, 0.0, 0.0],
            target_stds=[1.0, 1.0, 1.0, 1.0]),
        loss_cls=dict(
            type='CrossEntropyLoss', use_sigmoid=True, loss_weight=1.0),
        loss_bbox=dict(type='L1Loss', loss_weight=1.0)),
    roi_head=dict(
        type='StandardRoIHead',
        bbox_roi_extractor=dict(
            type='SingleRoIExtractor',
            roi_layer=dict(type='RoIAlign', output_size=7, sampling_ratio=0),
            out_channels=256,
            featmap_strides=[4, 8, 16, 32]),
        bbox_head=dict(
            type='Shared2FCBBoxHead',
            in_channels=256,
            fc_out_channels=1024,
            roi_feat_size=7,
            num_classes=2,
            bbox_coder=dict(
                type='DeltaXYWHBBoxCoder',
                target_means=[0.0, 0.0, 0.0, 0.0],
                target_stds=[0.1, 0.1, 0.2, 0.2]),
            reg_class_agnostic=False,
            loss_cls=dict(
                type='CrossEntropyLoss', use_sigmoid=False, loss_weight=1.0),
            loss_bbox=dict(type='L1Loss', loss_weight=1.0))))
train_cfg = dict(
    rpn=dict(
        assigner=dict(
            type='MaxIoUAssigner',
            pos_iou_thr=0.7,
            neg_iou_thr=0.3,
            min_pos_iou=0.3,
            match_low_quality=True,
            ignore_iof_thr=-1),
        sampler=dict(
            type='RandomSampler',
            num=256,
            pos_fraction=0.5,
            neg_pos_ub=-1,
            add_gt_as_proposals=False),
        allowed_border=-1,
        pos_weight=-1,
        debug=False),
    rpn_proposal=dict(
        nms_across_levels=False,
        nms_pre=2000,
        nms_post=1000,
        max_num=1000,
        nms_thr=0.7,
        min_bbox_size=0),
    rcnn=dict(
        assigner=dict(
            type='MaxIoUAssigner',
            pos_iou_thr=0.5,
            neg_iou_thr=0.5,
            min_pos_iou=0.5,
            match_low_quality=False,
            ignore_iof_thr=-1),
        sampler=dict(
            type='RandomSampler',
            num=512,
            pos_fraction=0.25,
            neg_pos_ub=-1,
            add_gt_as_proposals=True),
        pos_weight=-1,
        debug=False))
test_cfg = dict(
    rpn=dict(
        nms_across_levels=False,
        nms_pre=1000,
        nms_post=1000,
        max_num=1000,
        nms_thr=0.7,
        min_bbox_size=0),
    rcnn=dict(
        score_thr=0.05,
        nms=dict(type='nms', iou_threshold=0.5),
        max_per_img=100))
dataset_type = 'CocoDataset'
data_root = 'data/coco/'
img_norm_cfg = dict(
    mean=[123.675, 116.28, 103.53], std=[58.395, 57.12, 57.375], to_rgb=True)
train_pipeline = [
    dict(type='LoadImageFromFile'),
    dict(type='LoadAnnotations', with_bbox=True),
    dict(type='Resize', img_scale=(2015, 2015), keep_ratio=True),
    dict(type='RandomFlip', flip_ratio=0.5),
    dict(
        type='Normalize',
        mean=[123.675, 116.28, 103.53],
        std=[58.395, 57.12, 57.375],
        to_rgb=True),
    dict(type='Pad', size_divisor=32),
    dict(type='DefaultFormatBundle'),
    dict(type='Collect', keys=['img', 'gt_bboxes', 'gt_labels'])
]
test_pipeline = [
    dict(type='LoadImageFromFile'),
    dict(
        type='MultiScaleFlipAug',
        img_scale=(2015, 2015),
        flip=False,
        transforms=[
            dict(type='Resize', keep_ratio=True),
            dict(type='RandomFlip'),
            dict(
                type='Normalize',
                mean=[123.675, 116.28, 103.53],
                std=[58.395, 57.12, 57.375],
                to_rgb=True),
            dict(type='Pad', size_divisor=32),
            dict(type='ImageToTensor', keys=['img']),
            dict(type='Collect', keys=['img'])
        ])
]
data = dict(
    samples_per_gpu=1,
    workers_per_gpu=1,
    train=dict(
        type='CocoDataset',
        ann_file='data/coco/annotations/annotations_trai.json',
        img_prefix='data/coco/img/',
        pipeline=[
            dict(type='LoadImageFromFile'),
            dict(type='LoadAnnotations', with_bbox=True),
            dict(type='Resize', img_scale=(2015, 2015), keep_ratio=True),
            dict(type='RandomFlip', flip_ratio=0.5),
            dict(
                type='Normalize',
                mean=[123.675, 116.28, 103.53],
                std=[58.395, 57.12, 57.375],
                to_rgb=True),
            dict(type='Pad', size_divisor=32),
            dict(type='DefaultFormatBundle'),
            dict(type='Collect', keys=['img', 'gt_bboxes', 'gt_labels'])
        ]),
    val=dict(
        type='CocoDataset',
        ann_file='data/coco/annotations/annotations_test.json',
        img_prefix='data/coco/img/',
        pipeline=[
            dict(type='LoadImageFromFile'),
            dict(
                type='MultiScaleFlipAug',
                img_scale=(2015, 2015),
                flip=False,
                transforms=[
                    dict(type='Resize', keep_ratio=True),
                    dict(type='RandomFlip'),
                    dict(
                        type='Normalize',
                        mean=[123.675, 116.28, 103.53],
                        std=[58.395, 57.12, 57.375],
                        to_rgb=True),
                    dict(type='Pad', size_divisor=32),
                    dict(type='ImageToTensor', keys=['img']),
                    dict(type='Collect', keys=['img'])
                ])
        ]),
    test=dict(
        type='CocoDataset',
        ann_file='data/coco/annotations/annotations_vals.json',
        img_prefix='data/coco/img/',
        pipeline=[
            dict(type='LoadImageFromFile'),
            dict(
                type='MultiScaleFlipAug',
                img_scale=(2015, 2015),
                flip=False,
                transforms=[
                    dict(type='Resize', keep_ratio=True),
                    dict(type='RandomFlip'),
                    dict(
                        type='Normalize',
                        mean=[123.675, 116.28, 103.53],
                        std=[58.395, 57.12, 57.375],
                        to_rgb=True),
                    dict(type='Pad', size_divisor=32),
                    dict(type='ImageToTensor', keys=['img']),
                    dict(type='Collect', keys=['img'])
                ])
        ]))
evaluation = dict(interval=1, metric='bbox')
optimizer = dict(type='SGD', lr=0.02, momentum=0.9, weight_decay=0.0001)
optimizer_config = dict(grad_clip=None)
lr_config = dict(
    policy='step',
    warmup='linear',
    warmup_iters=500,
    warmup_ratio=0.001,
    step=[8, 11])
total_epochs = 1
checkpoint_config = dict(interval=1)
log_config = dict(interval=1, hooks=[dict(type='TextLoggerHook')])
dist_params = dict(backend='nccl')
log_level = 'INFO'
load_from = None
resume_from = None
workflow = [('train', 2), ('val', 1)]
work_dir = '/home/admin/jupyter/SecurityAI_Round5/data/work'
gpu_ids = range(0, 1)

2020-11-10 15:26:29,358 - mmdet - INFO - load model from: torchvision://resnet50
2020-11-10 15:26:37,710 - mmdet - WARNING - The model and loaded state dict do not match exactly

unexpected key in source state_dict: fc.weight, fc.bias

2020-11-10 15:26:49,340 - mmdet - INFO - Start running, host: admin@fuxilabor_labor0_S4_Odps_S96_dsw_prepaid_cnsh_838_2020111006405, work_dir: /home/admin/jupyter/SecurityAI_Round5/data/work
2020-11-10 15:26:49,340 - mmdet - INFO - workflow: [('train', 2), ('val', 1)], max: 1 epochs
2020-11-10 15:26:52,818 - mmdet - INFO - Epoch [1][1/8883]	lr: 2.000e-05, eta: 7:52:30, time: 3.192, data_time: 2.359, memory: 6447, loss_rpn_cls: 0.6846, loss_rpn_bbox: 0.2462, loss_cls: 0.8380, acc: 85.3516, loss_bbox: 0.0329, loss: 1.8018
2020-11-10 15:26:53,456 - mmdet - INFO - Epoch [1][2/8883]	lr: 5.996e-05, eta: 4:52:49, time: 0.765, data_time: 0.296, memory: 6708, loss_rpn_cls: 0.6865, loss_rpn_bbox: 0.2242, loss_cls: 0.8231, acc: 93.7500, loss_bbox: 0.0015, loss: 1.7353
2020-11-10 15:26:54,077 - mmdet - INFO - Epoch [1][3/8883]	lr: 9.992e-05, eta: 3:45:49, time: 0.621, data_time: 0.167, memory: 6708, loss_rpn_cls: 0.6810, loss_rpn_bbox: 0.0000, loss_cls: 0.8292, acc: 93.7500, loss_bbox: 0.0003, loss: 1.5105
2020-11-10 15:26:54,700 - mmdet - INFO - Epoch [1][4/8883]	lr: 1.399e-04, eta: 3:12:24, time: 0.623, data_time: 0.167, memory: 6708, loss_rpn_cls: 0.6777, loss_rpn_bbox: 0.0000, loss_cls: 0.8353, acc: 97.8516, loss_bbox: 0.0003, loss: 1.5132
2020-11-10 15:26:55,332 - mmdet - INFO - Epoch [1][5/8883]	lr: 1.798e-04, eta: 2:52:36, time: 0.632, data_time: 0.166, memory: 6708, loss_rpn_cls: 0.6841, loss_rpn_bbox: 0.2406, loss_cls: 0.7325, acc: 96.2891, loss_bbox: 0.0386, loss: 1.6959
2020-11-10 15:26:56,004 - mmdet - INFO - Epoch [1][6/8883]	lr: 2.198e-04, eta: 2:40:23, time: 0.672, data_time: 0.165, memory: 7682, loss_rpn_cls: 0.7013, loss_rpn_bbox: 0.4701, loss_cls: 0.8051, acc: 82.4219, loss_bbox: 0.2146, loss: 2.1911
2020-11-10 15:26:56,636 - mmdet - INFO - Epoch [1][7/8883]	lr: 2.598e-04, eta: 2:30:49, time: 0.632, data_time: 0.166, memory: 7682, loss_rpn_cls: 0.6798, loss_rpn_bbox: 0.1567, loss_cls: 0.4010, acc: 97.4609, loss_bbox: 0.0010, loss: 1.2385
2020-11-10 15:26:57,267 - mmdet - INFO - Epoch [1][8/8883]	lr: 2.997e-04, eta: 2:23:37, time: 0.631, data_time: 0.166, memory: 7682, loss_rpn_cls: 0.6821, loss_rpn_bbox: 0.1404, loss_cls: 0.3926, acc: 98.0469, loss_bbox: 0.0011, loss: 1.2162
2020-11-10 15:26:57,905 - mmdet - INFO - Epoch [1][9/8883]	lr: 3.397e-04, eta: 2:18:07, time: 0.638, data_time: 0.165, memory: 7682, loss_rpn_cls: 0.6843, loss_rpn_bbox: 0.1226, loss_cls: 0.1956, acc: 96.4844, loss_bbox: 0.0024, loss: 1.0049
2020-11-10 15:26:58,568 - mmdet - INFO - Epoch [1][10/8883]	lr: 3.796e-04, eta: 2:14:06, time: 0.663, data_time: 0.166, memory: 7682, loss_rpn_cls: 0.6902, loss_rpn_bbox: 0.4675, loss_cls: 0.4341, acc: 88.4766, loss_bbox: 0.0374, loss: 1.6291
2020-11-10 15:26:59,204 - mmdet - INFO - Epoch [1][11/8883]	lr: 4.196e-04, eta: 2:10:27, time: 0.636, data_time: 0.164, memory: 7682, loss_rpn_cls: 0.6701, loss_rpn_bbox: 0.1438, loss_cls: 0.2714, acc: 94.9219, loss_bbox: 0.1286, loss: 1.2139
2020-11-10 15:26:59,840 - mmdet - INFO - Epoch [1][12/8883]	lr: 4.596e-04, eta: 2:07:23, time: 0.635, data_time: 0.165, memory: 7682, loss_rpn_cls: 0.6560, loss_rpn_bbox: 0.0000, loss_cls: 0.0862, acc: 99.6094, loss_bbox: 0.0002, loss: 0.7424
2020-11-10 15:27:00,472 - mmdet - INFO - Epoch [1][13/8883]	lr: 4.995e-04, eta: 2:04:46, time: 0.632, data_time: 0.165, memory: 7682, loss_rpn_cls: 0.6731, loss_rpn_bbox: 0.1539, loss_cls: 0.1484, acc: 96.8750, loss_bbox: 0.0239, loss: 0.9993
2020-11-10 15:27:01,113 - mmdet - INFO - Epoch [1][14/8883]	lr: 5.395e-04, eta: 2:02:37, time: 0.642, data_time: 0.166, memory: 7682, loss_rpn_cls: 0.6771, loss_rpn_bbox: 0.4294, loss_cls: 0.7281, acc: 90.6250, loss_bbox: 0.2462, loss: 2.0808
2020-11-10 15:27:01,749 - mmdet - INFO - Epoch [1][15/8883]	lr: 5.794e-04, eta: 2:00:42, time: 0.636, data_time: 0.168, memory: 7682, loss_rpn_cls: 0.6458, loss_rpn_bbox: 0.2899, loss_cls: 0.1604, acc: 97.4609, loss_bbox: 0.0359, loss: 1.1320
2020-11-10 15:27:02,380 - mmdet - INFO - Epoch [1][16/8883]	lr: 6.194e-04, eta: 1:58:58, time: 0.631, data_time: 0.167, memory: 7682, loss_rpn_cls: 0.6470, loss_rpn_bbox: 0.3363, loss_cls: 0.0744, acc: 98.6328, loss_bbox: 0.0015, loss: 1.0592
2020-11-10 15:27:03,024 - mmdet - INFO - Epoch [1][17/8883]	lr: 6.594e-04, eta: 1:57:33, time: 0.644, data_time: 0.166, memory: 7682, loss_rpn_cls: 0.6586, loss_rpn_bbox: 0.1481, loss_cls: 0.4146, acc: 95.5078, loss_bbox: 0.0124, loss: 1.2337
2020-11-10 15:27:03,656 - mmdet - INFO - Epoch [1][18/8883]	lr: 6.993e-04, eta: 1:56:12, time: 0.633, data_time: 0.168, memory: 7682, loss_rpn_cls: 0.6301, loss_rpn_bbox: 0.2250, loss_cls: 0.3591, acc: 95.5078, loss_bbox: 0.1366, loss: 1.3508
