2020-11-21 14:48:39,910 - mmdet - INFO - Environment info:
------------------------------------------------------------
sys.platform: linux
Python: 3.6.4 |Anaconda, Inc.| (default, Jan 16 2018, 18:10:19) [GCC 7.2.0]
CUDA available: True
CUDA_HOME: /usr/local/cuda
NVCC: Cuda compilation tools, release 10.0, V10.0.130
GPU 0: Tesla P100-PCIE-16GB
GCC: gcc (GCC) 5.3.0
PyTorch: 1.3.1+cu100
PyTorch compiling details: PyTorch built with:
  - GCC 7.3
  - Intel(R) Math Kernel Library Version 2019.0.4 Product Build 20190411 for Intel(R) 64 architecture applications
  - Intel(R) MKL-DNN v0.20.5 (Git Hash 0125f28c61c1f822fd48570b4c1066f96fcb9b2e)
  - OpenMP 201511 (a.k.a. OpenMP 4.5)
  - NNPACK is enabled
  - CUDA Runtime 10.0
  - NVCC architecture flags: -gencode;arch=compute_37,code=sm_37;-gencode;arch=compute_50,code=sm_50;-gencode;arch=compute_60,code=sm_60;-gencode;arch=compute_61,code=sm_61;-gencode;arch=compute_70,code=sm_70;-gencode;arch=compute_75,code=sm_75;-gencode;arch=compute_37,code=compute_37
  - CuDNN 7.6.3
  - Magma 2.5.1
  - Build settings: BLAS=MKL, BUILD_NAMEDTENSOR=OFF, BUILD_TYPE=Release, CXX_FLAGS= -Wno-deprecated -fvisibility-inlines-hidden -fopenmp -DUSE_FBGEMM -DUSE_QNNPACK -DUSE_PYTORCH_QNNPACK -O2 -fPIC -Wno-narrowing -Wall -Wextra -Wno-missing-field-initializers -Wno-type-limits -Wno-array-bounds -Wno-unknown-pragmas -Wno-sign-compare -Wno-unused-parameter -Wno-unused-variable -Wno-unused-function -Wno-unused-result -Wno-strict-overflow -Wno-strict-aliasing -Wno-error=deprecated-declarations -Wno-stringop-overflow -Wno-error=pedantic -Wno-error=redundant-decls -Wno-error=old-style-cast -fdiagnostics-color=always -faligned-new -Wno-unused-but-set-variable -Wno-maybe-uninitialized -fno-math-errno -fno-trapping-math -Wno-stringop-overflow, DISABLE_NUMA=1, PERF_WITH_AVX=1, PERF_WITH_AVX2=1, PERF_WITH_AVX512=1, USE_CUDA=True, USE_EXCEPTION_PTR=1, USE_GFLAGS=OFF, USE_GLOG=OFF, USE_MKL=ON, USE_MKLDNN=ON, USE_MPI=OFF, USE_NCCL=ON, USE_NNPACK=ON, USE_OPENMP=ON, USE_STATIC_DISPATCH=OFF, 

TorchVision: 0.4.2+cu100
OpenCV: 4.4.0
MMCV: 1.0.5
MMDetection: 2.3.0+788fa8d
MMDetection Compiler: GCC 7.3
MMDetection CUDA Compiler: 10.0
------------------------------------------------------------

2020-11-21 14:48:39,910 - mmdet - INFO - Distributed training: False
2020-11-21 14:48:40,306 - mmdet - INFO - Config:
model = dict(
    type='FasterRCNN',
    pretrained='torchvision://resnet50',
    backbone=dict(
        type='ResNet',
        depth=50,
        num_stages=4,
        out_indices=(0, 1, 2, 3),
        frozen_stages=1,
        norm_cfg=dict(type='BN', requires_grad=True),
        norm_eval=True,
        style='pytorch'),
    neck=dict(
        type='FPN',
        in_channels=[256, 512, 1024, 2048],
        out_channels=256,
        num_outs=5),
    rpn_head=dict(
        type='RPNHead',
        in_channels=256,
        feat_channels=256,
        anchor_generator=dict(
            type='AnchorGenerator',
            scales=[8],
            ratios=[0.5, 1.0, 2.0],
            strides=[4, 8, 16, 32, 64]),
        bbox_coder=dict(
            type='DeltaXYWHBBoxCoder',
            target_means=[0.0, 0.0, 0.0, 0.0],
            target_stds=[1.0, 1.0, 1.0, 1.0]),
        loss_cls=dict(
            type='CrossEntropyLoss', use_sigmoid=True, loss_weight=1.0),
        loss_bbox=dict(type='L1Loss', loss_weight=1.0)),
    roi_head=dict(
        type='StandardRoIHead',
        bbox_roi_extractor=dict(
            type='SingleRoIExtractor',
            roi_layer=dict(type='RoIAlign', output_size=7, sampling_ratio=0),
            out_channels=256,
            featmap_strides=[4, 8, 16, 32]),
        bbox_head=dict(
            type='Shared2FCBBoxHead',
            in_channels=256,
            fc_out_channels=1024,
            roi_feat_size=7,
            num_classes=2,
            bbox_coder=dict(
                type='DeltaXYWHBBoxCoder',
                target_means=[0.0, 0.0, 0.0, 0.0],
                target_stds=[0.1, 0.1, 0.2, 0.2]),
            reg_class_agnostic=False,
            loss_cls=dict(
                type='CrossEntropyLoss', use_sigmoid=False, loss_weight=1.0),
            loss_bbox=dict(type='L1Loss', loss_weight=1.0))))
train_cfg = dict(
    rpn=dict(
        assigner=dict(
            type='MaxIoUAssigner',
            pos_iou_thr=0.7,
            neg_iou_thr=0.3,
            min_pos_iou=0.3,
            match_low_quality=True,
            ignore_iof_thr=-1),
        sampler=dict(
            type='RandomSampler',
            num=256,
            pos_fraction=0.5,
            neg_pos_ub=-1,
            add_gt_as_proposals=False),
        allowed_border=-1,
        pos_weight=-1,
        debug=False),
    rpn_proposal=dict(
        nms_across_levels=False,
        nms_pre=2000,
        nms_post=1000,
        max_num=1000,
        nms_thr=0.7,
        min_bbox_size=0),
    rcnn=dict(
        assigner=dict(
            type='MaxIoUAssigner',
            pos_iou_thr=0.5,
            neg_iou_thr=0.5,
            min_pos_iou=0.5,
            match_low_quality=False,
            ignore_iof_thr=-1),
        sampler=dict(
            type='RandomSampler',
            num=512,
            pos_fraction=0.25,
            neg_pos_ub=-1,
            add_gt_as_proposals=True),
        pos_weight=-1,
        debug=False))
test_cfg = dict(
    rpn=dict(
        nms_across_levels=False,
        nms_pre=1000,
        nms_post=1000,
        max_num=1000,
        nms_thr=0.7,
        min_bbox_size=0),
    rcnn=dict(
        score_thr=0.05,
        nms=dict(type='nms', iou_threshold=0.5),
        max_per_img=100))
dataset_type = 'CocoDataset'
data_root = 'data/coco/'
img_norm_cfg = dict(
    mean=[123.675, 116.28, 103.53], std=[58.395, 57.12, 57.375], to_rgb=True)
train_pipeline = [
    dict(type='LoadImageFromFile'),
    dict(type='LoadAnnotations', with_bbox=True),
    dict(type='Resize', img_scale=(1550, 1550), keep_ratio=True),
    dict(type='RandomFlip', flip_ratio=0.5),
    dict(
        type='Normalize',
        mean=[123.675, 116.28, 103.53],
        std=[58.395, 57.12, 57.375],
        to_rgb=True),
    dict(type='Pad', size_divisor=32),
    dict(type='DefaultFormatBundle'),
    dict(type='Collect', keys=['img', 'gt_bboxes', 'gt_labels'])
]
test_pipeline = [
    dict(type='LoadImageFromFile'),
    dict(
        type='MultiScaleFlipAug',
        img_scale=(1550, 1550),
        flip=False,
        transforms=[
            dict(type='Resize', keep_ratio=True),
            dict(type='RandomFlip'),
            dict(
                type='Normalize',
                mean=[123.675, 116.28, 103.53],
                std=[58.395, 57.12, 57.375],
                to_rgb=True),
            dict(type='Pad', size_divisor=32),
            dict(type='ImageToTensor', keys=['img']),
            dict(type='Collect', keys=['img'])
        ])
]
data = dict(
    samples_per_gpu=2,
    workers_per_gpu=2,
    train=dict(
        type='CocoDataset',
        ann_file='data/coco/annotations/annotations_trai.json',
        img_prefix='data/coco/img/',
        pipeline=[
            dict(type='LoadImageFromFile'),
            dict(type='LoadAnnotations', with_bbox=True),
            dict(type='Resize', img_scale=(1550, 1550), keep_ratio=True),
            dict(type='RandomFlip', flip_ratio=0.5),
            dict(
                type='Normalize',
                mean=[123.675, 116.28, 103.53],
                std=[58.395, 57.12, 57.375],
                to_rgb=True),
            dict(type='Pad', size_divisor=32),
            dict(type='DefaultFormatBundle'),
            dict(type='Collect', keys=['img', 'gt_bboxes', 'gt_labels'])
        ]),
    val=dict(
        type='CocoDataset',
        ann_file='data/coco/annotations/annotations_test.json',
        img_prefix='data/coco/img/',
        pipeline=[
            dict(type='LoadImageFromFile'),
            dict(
                type='MultiScaleFlipAug',
                img_scale=(1550, 1550),
                flip=False,
                transforms=[
                    dict(type='Resize', keep_ratio=True),
                    dict(type='RandomFlip'),
                    dict(
                        type='Normalize',
                        mean=[123.675, 116.28, 103.53],
                        std=[58.395, 57.12, 57.375],
                        to_rgb=True),
                    dict(type='Pad', size_divisor=32),
                    dict(type='ImageToTensor', keys=['img']),
                    dict(type='Collect', keys=['img'])
                ])
        ]),
    test=dict(
        type='CocoDataset',
        ann_file='data/coco/annotations/annotations_vals.json',
        img_prefix='data/coco/img/',
        pipeline=[
            dict(type='LoadImageFromFile'),
            dict(
                type='MultiScaleFlipAug',
                img_scale=(1550, 1550),
                flip=False,
                transforms=[
                    dict(type='Resize', keep_ratio=True),
                    dict(type='RandomFlip'),
                    dict(
                        type='Normalize',
                        mean=[123.675, 116.28, 103.53],
                        std=[58.395, 57.12, 57.375],
                        to_rgb=True),
                    dict(type='Pad', size_divisor=32),
                    dict(type='ImageToTensor', keys=['img']),
                    dict(type='Collect', keys=['img'])
                ])
        ]))
evaluation = dict(interval=1, metric='bbox')
optimizer = dict(type='SGD', lr=0.01, momentum=0.9, weight_decay=0.0001)
optimizer_config = dict(grad_clip=None)
lr_config = dict(
    policy='step',
    warmup='linear',
    warmup_iters=500,
    warmup_ratio=0.001,
    step=[8, 11])
total_epochs = 4
checkpoint_config = dict(interval=4)
log_config = dict(interval=100, hooks=[dict(type='TextLoggerHook')])
dist_params = dict(backend='nccl')
log_level = 'INFO'
load_from = '/home/admin/.cache/torch/checkpoints/X.pth'
resume_from = None
workflow = [('train', 2), ('val', 1)]
work_dir = '/home/admin/jupyter/SecurityAI_Round5/data/work'
gpu_ids = range(0, 1)

2020-11-21 14:48:40,839 - mmdet - INFO - load model from: torchvision://resnet50
2020-11-21 14:48:48,713 - mmdet - WARNING - The model and loaded state dict do not match exactly

unexpected key in source state_dict: fc.weight, fc.bias

2020-11-21 14:48:59,179 - mmdet - INFO - load checkpoint from /home/admin/.cache/torch/checkpoints/X.pth
2020-11-21 14:49:05,679 - mmdet - INFO - Start running, host: admin@fuxilabor_labor0_S4_Odps_S96_dsw_prepaid_cnsh_838_2020112106175, work_dir: /home/admin/jupyter/SecurityAI_Round5/data/work
2020-11-21 14:49:05,679 - mmdet - INFO - workflow: [('train', 2), ('val', 1)], max: 4 epochs
2020-11-21 14:50:23,414 - mmdet - INFO - Epoch [1][100/616]	lr: 1.988e-03, eta: 0:30:33, time: 0.775, data_time: 0.034, memory: 8662, loss_rpn_cls: 0.0030, loss_rpn_bbox: 0.0286, loss_cls: 0.0349, acc: 98.4814, loss_bbox: 0.0762, loss: 0.1427
2020-11-21 14:51:38,234 - mmdet - INFO - Epoch [1][200/616]	lr: 3.986e-03, eta: 0:28:44, time: 0.748, data_time: 0.012, memory: 9823, loss_rpn_cls: 0.0020, loss_rpn_bbox: 0.0252, loss_cls: 0.0249, acc: 99.0479, loss_bbox: 0.0611, loss: 0.1133
2020-11-21 14:52:53,198 - mmdet - INFO - Epoch [1][300/616]	lr: 5.984e-03, eta: 0:27:19, time: 0.750, data_time: 0.012, memory: 9823, loss_rpn_cls: 0.0018, loss_rpn_bbox: 0.0265, loss_cls: 0.0285, acc: 98.7725, loss_bbox: 0.0689, loss: 0.1257
2020-11-21 14:54:08,435 - mmdet - INFO - Epoch [1][400/616]	lr: 7.982e-03, eta: 0:26:01, time: 0.752, data_time: 0.012, memory: 10079, loss_rpn_cls: 0.0021, loss_rpn_bbox: 0.0293, loss_cls: 0.0307, acc: 98.6611, loss_bbox: 0.0743, loss: 0.1364
2020-11-21 14:55:23,202 - mmdet - INFO - Epoch [1][500/616]	lr: 9.980e-03, eta: 0:24:42, time: 0.748, data_time: 0.012, memory: 11887, loss_rpn_cls: 0.0046, loss_rpn_bbox: 0.0321, loss_cls: 0.0404, acc: 98.3701, loss_bbox: 0.0790, loss: 0.1562
2020-11-21 14:56:37,765 - mmdet - INFO - Epoch [1][600/616]	lr: 1.000e-02, eta: 0:23:23, time: 0.746, data_time: 0.012, memory: 11887, loss_rpn_cls: 0.0029, loss_rpn_bbox: 0.0330, loss_cls: 0.0344, acc: 98.5586, loss_bbox: 0.0822, loss: 0.1525
2020-11-21 14:57:15,185 - mmdet - INFO - Evaluating bbox...
2020-11-21 14:57:17,695 - mmdet - INFO - Epoch [1][616/616]	lr: 1.000e-02, bbox_mAP: 0.8280, bbox_mAP_50: 0.8880, bbox_mAP_75: 0.8780, bbox_mAP_s: 0.5590, bbox_mAP_m: 0.8700, bbox_mAP_l: 0.9110, bbox_mAP_copypaste: 0.828 0.888 0.878 0.559 0.870 0.911
2020-11-21 14:58:34,719 - mmdet - INFO - Epoch [2][100/616]	lr: 1.000e-02, eta: 0:21:30, time: 0.768, data_time: 0.034, memory: 11887, loss_rpn_cls: 0.0030, loss_rpn_bbox: 0.0335, loss_cls: 0.0320, acc: 98.6758, loss_bbox: 0.0769, loss: 0.1454
2020-11-21 14:59:49,531 - mmdet - INFO - Epoch [2][200/616]	lr: 1.000e-02, eta: 0:20:18, time: 0.748, data_time: 0.012, memory: 11887, loss_rpn_cls: 0.0034, loss_rpn_bbox: 0.0338, loss_cls: 0.0309, acc: 98.7773, loss_bbox: 0.0773, loss: 0.1455
2020-11-21 15:01:04,190 - mmdet - INFO - Epoch [2][300/616]	lr: 1.000e-02, eta: 0:19:06, time: 0.747, data_time: 0.012, memory: 11887, loss_rpn_cls: 0.0025, loss_rpn_bbox: 0.0345, loss_cls: 0.0282, acc: 98.8652, loss_bbox: 0.0758, loss: 0.1411
2020-11-21 15:02:18,784 - mmdet - INFO - Epoch [2][400/616]	lr: 1.000e-02, eta: 0:17:52, time: 0.746, data_time: 0.012, memory: 11887, loss_rpn_cls: 0.0025, loss_rpn_bbox: 0.0301, loss_cls: 0.0275, acc: 98.8711, loss_bbox: 0.0689, loss: 0.1291
2020-11-21 15:03:33,282 - mmdet - INFO - Epoch [2][500/616]	lr: 1.000e-02, eta: 0:16:39, time: 0.745, data_time: 0.012, memory: 11887, loss_rpn_cls: 0.0039, loss_rpn_bbox: 0.0322, loss_cls: 0.0350, acc: 98.6182, loss_bbox: 0.0749, loss: 0.1460
2020-11-21 15:04:48,036 - mmdet - INFO - Epoch [2][600/616]	lr: 1.000e-02, eta: 0:15:25, time: 0.748, data_time: 0.012, memory: 11887, loss_rpn_cls: 0.0052, loss_rpn_bbox: 0.0396, loss_cls: 0.0454, acc: 98.0391, loss_bbox: 0.0894, loss: 0.1797
2020-11-21 15:05:25,514 - mmdet - INFO - Evaluating bbox...
2020-11-21 15:05:27,836 - mmdet - INFO - Epoch [2][616/616]	lr: 1.000e-02, bbox_mAP: 0.8260, bbox_mAP_50: 0.8900, bbox_mAP_75: 0.8790, bbox_mAP_s: 0.5700, bbox_mAP_m: 0.8630, bbox_mAP_l: 0.9030, bbox_mAP_copypaste: 0.826 0.890 0.879 0.570 0.863 0.903
2020-11-21 15:05:59,859 - mmdet - INFO - Epoch(train) [2][80]	loss_rpn_cls: 0.0031, loss_rpn_bbox: 0.0362, loss_cls: 0.0368, acc: 98.4363, loss_bbox: 0.0930, loss: 0.1691
2020-11-21 15:07:17,071 - mmdet - INFO - Epoch [3][100/616]	lr: 1.000e-02, eta: 0:13:52, time: 0.770, data_time: 0.033, memory: 11887, loss_rpn_cls: 0.0032, loss_rpn_bbox: 0.0318, loss_cls: 0.0345, acc: 98.5410, loss_bbox: 0.0772, loss: 0.1467
2020-11-21 15:08:31,900 - mmdet - INFO - Epoch [3][200/616]	lr: 1.000e-02, eta: 0:12:39, time: 0.748, data_time: 0.012, memory: 11887, loss_rpn_cls: 0.0025, loss_rpn_bbox: 0.0345, loss_cls: 0.0326, acc: 98.5654, loss_bbox: 0.0844, loss: 0.1539
2020-11-21 15:09:47,105 - mmdet - INFO - Epoch [3][300/616]	lr: 1.000e-02, eta: 0:11:26, time: 0.752, data_time: 0.012, memory: 11887, loss_rpn_cls: 0.0029, loss_rpn_bbox: 0.0354, loss_cls: 0.0385, acc: 98.3906, loss_bbox: 0.0846, loss: 0.1616
2020-11-21 15:11:01,909 - mmdet - INFO - Epoch [3][400/616]	lr: 1.000e-02, eta: 0:10:13, time: 0.748, data_time: 0.012, memory: 11887, loss_rpn_cls: 0.0033, loss_rpn_bbox: 0.0315, loss_cls: 0.0293, acc: 98.8457, loss_bbox: 0.0752, loss: 0.1392
2020-11-21 15:12:16,736 - mmdet - INFO - Epoch [3][500/616]	lr: 1.000e-02, eta: 0:09:00, time: 0.748, data_time: 0.012, memory: 11887, loss_rpn_cls: 0.0028, loss_rpn_bbox: 0.0362, loss_cls: 0.0363, acc: 98.5254, loss_bbox: 0.0834, loss: 0.1588
2020-11-21 15:13:31,619 - mmdet - INFO - Epoch [3][600/616]	lr: 1.000e-02, eta: 0:07:46, time: 0.749, data_time: 0.012, memory: 11887, loss_rpn_cls: 0.0026, loss_rpn_bbox: 0.0338, loss_cls: 0.0390, acc: 98.2812, loss_bbox: 0.0854, loss: 0.1608
2020-11-21 15:14:08,973 - mmdet - INFO - Evaluating bbox...
2020-11-21 15:14:11,313 - mmdet - INFO - Epoch [3][616/616]	lr: 1.000e-02, bbox_mAP: 0.8230, bbox_mAP_50: 0.8890, bbox_mAP_75: 0.8780, bbox_mAP_s: 0.5510, bbox_mAP_m: 0.8620, bbox_mAP_l: 0.9030, bbox_mAP_copypaste: 0.823 0.889 0.878 0.551 0.862 0.903
2020-11-21 15:15:28,284 - mmdet - INFO - Epoch [4][100/616]	lr: 1.000e-02, eta: 0:06:18, time: 0.768, data_time: 0.033, memory: 11887, loss_rpn_cls: 0.0027, loss_rpn_bbox: 0.0314, loss_cls: 0.0320, acc: 98.7197, loss_bbox: 0.0773, loss: 0.1434
2020-11-21 15:16:43,001 - mmdet - INFO - Epoch [4][200/616]	lr: 1.000e-02, eta: 0:05:05, time: 0.747, data_time: 0.012, memory: 11887, loss_rpn_cls: 0.0024, loss_rpn_bbox: 0.0323, loss_cls: 0.0305, acc: 98.7500, loss_bbox: 0.0753, loss: 0.1405
2020-11-21 15:17:57,605 - mmdet - INFO - Epoch [4][300/616]	lr: 1.000e-02, eta: 0:03:52, time: 0.746, data_time: 0.012, memory: 11887, loss_rpn_cls: 0.0027, loss_rpn_bbox: 0.0319, loss_cls: 0.0374, acc: 98.4639, loss_bbox: 0.0853, loss: 0.1572
2020-11-21 15:19:12,346 - mmdet - INFO - Epoch [4][400/616]	lr: 1.000e-02, eta: 0:02:38, time: 0.747, data_time: 0.012, memory: 11887, loss_rpn_cls: 0.0031, loss_rpn_bbox: 0.0347, loss_cls: 0.0374, acc: 98.4453, loss_bbox: 0.0861, loss: 0.1612
2020-11-21 15:20:27,291 - mmdet - INFO - Epoch [4][500/616]	lr: 1.000e-02, eta: 0:01:25, time: 0.749, data_time: 0.012, memory: 11887, loss_rpn_cls: 0.0055, loss_rpn_bbox: 0.0373, loss_cls: 0.0375, acc: 98.4775, loss_bbox: 0.0868, loss: 0.1670
2020-11-21 15:21:41,779 - mmdet - INFO - Epoch [4][600/616]	lr: 1.000e-02, eta: 0:00:11, time: 0.745, data_time: 0.012, memory: 11887, loss_rpn_cls: 0.0055, loss_rpn_bbox: 0.0335, loss_cls: 0.0353, acc: 98.5596, loss_bbox: 0.0801, loss: 0.1543
2020-11-21 15:21:53,567 - mmdet - INFO - Saving checkpoint at 4 epochs
2020-11-21 15:22:20,779 - mmdet - INFO - Evaluating bbox...
2020-11-21 15:22:23,132 - mmdet - INFO - Epoch [4][616/616]	lr: 1.000e-02, bbox_mAP: 0.8280, bbox_mAP_50: 0.8940, bbox_mAP_75: 0.8790, bbox_mAP_s: 0.5490, bbox_mAP_m: 0.8580, bbox_mAP_l: 0.9090, bbox_mAP_copypaste: 0.828 0.894 0.879 0.549 0.858 0.909
2020-11-21 15:22:55,894 - mmdet - INFO - Epoch(train) [4][80]	loss_rpn_cls: 0.0068, loss_rpn_bbox: 0.0382, loss_cls: 0.0431, acc: 98.1873, loss_bbox: 0.0922, loss: 0.1803
