2020-11-23 13:42:41,797 - mmdet - INFO - Environment info:
------------------------------------------------------------
sys.platform: linux
Python: 3.6.4 |Anaconda, Inc.| (default, Jan 16 2018, 18:10:19) [GCC 7.2.0]
CUDA available: True
CUDA_HOME: /usr/local/cuda
NVCC: Cuda compilation tools, release 10.0, V10.0.130
GPU 0: Tesla P100-PCIE-16GB
GCC: gcc (GCC) 5.3.0
PyTorch: 1.3.1+cu100
PyTorch compiling details: PyTorch built with:
  - GCC 7.3
  - Intel(R) Math Kernel Library Version 2019.0.4 Product Build 20190411 for Intel(R) 64 architecture applications
  - Intel(R) MKL-DNN v0.20.5 (Git Hash 0125f28c61c1f822fd48570b4c1066f96fcb9b2e)
  - OpenMP 201511 (a.k.a. OpenMP 4.5)
  - NNPACK is enabled
  - CUDA Runtime 10.0
  - NVCC architecture flags: -gencode;arch=compute_37,code=sm_37;-gencode;arch=compute_50,code=sm_50;-gencode;arch=compute_60,code=sm_60;-gencode;arch=compute_61,code=sm_61;-gencode;arch=compute_70,code=sm_70;-gencode;arch=compute_75,code=sm_75;-gencode;arch=compute_37,code=compute_37
  - CuDNN 7.6.3
  - Magma 2.5.1
  - Build settings: BLAS=MKL, BUILD_NAMEDTENSOR=OFF, BUILD_TYPE=Release, CXX_FLAGS= -Wno-deprecated -fvisibility-inlines-hidden -fopenmp -DUSE_FBGEMM -DUSE_QNNPACK -DUSE_PYTORCH_QNNPACK -O2 -fPIC -Wno-narrowing -Wall -Wextra -Wno-missing-field-initializers -Wno-type-limits -Wno-array-bounds -Wno-unknown-pragmas -Wno-sign-compare -Wno-unused-parameter -Wno-unused-variable -Wno-unused-function -Wno-unused-result -Wno-strict-overflow -Wno-strict-aliasing -Wno-error=deprecated-declarations -Wno-stringop-overflow -Wno-error=pedantic -Wno-error=redundant-decls -Wno-error=old-style-cast -fdiagnostics-color=always -faligned-new -Wno-unused-but-set-variable -Wno-maybe-uninitialized -fno-math-errno -fno-trapping-math -Wno-stringop-overflow, DISABLE_NUMA=1, PERF_WITH_AVX=1, PERF_WITH_AVX2=1, PERF_WITH_AVX512=1, USE_CUDA=True, USE_EXCEPTION_PTR=1, USE_GFLAGS=OFF, USE_GLOG=OFF, USE_MKL=ON, USE_MKLDNN=ON, USE_MPI=OFF, USE_NCCL=ON, USE_NNPACK=ON, USE_OPENMP=ON, USE_STATIC_DISPATCH=OFF, 

TorchVision: 0.4.2+cu100
OpenCV: 4.4.0
MMCV: 1.0.5
MMDetection: 2.3.0+788fa8d
MMDetection Compiler: GCC 7.3
MMDetection CUDA Compiler: 10.0
------------------------------------------------------------

2020-11-23 13:42:41,798 - mmdet - INFO - Distributed training: False
2020-11-23 13:42:42,188 - mmdet - INFO - Config:
model = dict(
    type='FasterRCNN',
    pretrained='torchvision://resnet50',
    backbone=dict(
        type='ResNet',
        depth=50,
        num_stages=4,
        out_indices=(0, 1, 2, 3),
        frozen_stages=1,
        norm_cfg=dict(type='BN', requires_grad=True),
        norm_eval=True,
        style='pytorch'),
    neck=dict(
        type='FPN',
        in_channels=[256, 512, 1024, 2048],
        out_channels=256,
        num_outs=5),
    rpn_head=dict(
        type='RPNHead',
        in_channels=256,
        feat_channels=256,
        anchor_generator=dict(
            type='AnchorGenerator',
            scales=[8],
            ratios=[0.5, 1.0, 2.0],
            strides=[4, 8, 16, 32, 64]),
        bbox_coder=dict(
            type='DeltaXYWHBBoxCoder',
            target_means=[0.0, 0.0, 0.0, 0.0],
            target_stds=[1.0, 1.0, 1.0, 1.0]),
        loss_cls=dict(
            type='CrossEntropyLoss', use_sigmoid=True, loss_weight=1.0),
        loss_bbox=dict(type='L1Loss', loss_weight=1.0)),
    roi_head=dict(
        type='StandardRoIHead',
        bbox_roi_extractor=dict(
            type='SingleRoIExtractor',
            roi_layer=dict(type='RoIAlign', output_size=7, sampling_ratio=0),
            out_channels=256,
            featmap_strides=[4, 8, 16, 32]),
        bbox_head=dict(
            type='Shared2FCBBoxHead',
            in_channels=256,
            fc_out_channels=1024,
            roi_feat_size=7,
            num_classes=2,
            bbox_coder=dict(
                type='DeltaXYWHBBoxCoder',
                target_means=[0.0, 0.0, 0.0, 0.0],
                target_stds=[0.1, 0.1, 0.2, 0.2]),
            reg_class_agnostic=False,
            loss_cls=dict(
                type='CrossEntropyLoss', use_sigmoid=False, loss_weight=1.0),
            loss_bbox=dict(type='L1Loss', loss_weight=1.0))))
train_cfg = dict(
    rpn=dict(
        assigner=dict(
            type='MaxIoUAssigner',
            pos_iou_thr=0.7,
            neg_iou_thr=0.3,
            min_pos_iou=0.3,
            match_low_quality=True,
            ignore_iof_thr=-1),
        sampler=dict(
            type='RandomSampler',
            num=256,
            pos_fraction=0.5,
            neg_pos_ub=-1,
            add_gt_as_proposals=False),
        allowed_border=-1,
        pos_weight=-1,
        debug=False),
    rpn_proposal=dict(
        nms_across_levels=False,
        nms_pre=2000,
        nms_post=1000,
        max_num=1000,
        nms_thr=0.7,
        min_bbox_size=0),
    rcnn=dict(
        assigner=dict(
            type='MaxIoUAssigner',
            pos_iou_thr=0.5,
            neg_iou_thr=0.5,
            min_pos_iou=0.5,
            match_low_quality=False,
            ignore_iof_thr=-1),
        sampler=dict(
            type='RandomSampler',
            num=512,
            pos_fraction=0.25,
            neg_pos_ub=-1,
            add_gt_as_proposals=True),
        pos_weight=-1,
        debug=False))
test_cfg = dict(
    rpn=dict(
        nms_across_levels=False,
        nms_pre=1000,
        nms_post=1000,
        max_num=1000,
        nms_thr=0.7,
        min_bbox_size=0),
    rcnn=dict(
        score_thr=0.05,
        nms=dict(type='nms', iou_threshold=0.5),
        max_per_img=100))
dataset_type = 'CocoDataset'
data_root = 'data/coco/'
img_norm_cfg = dict(
    mean=[123.675, 116.28, 103.53], std=[58.395, 57.12, 57.375], to_rgb=True)
train_pipeline = [
    dict(type='LoadImageFromFile'),
    dict(type='LoadAnnotations', with_bbox=True),
    dict(type='Resize', img_scale=(1550, 1550), keep_ratio=True),
    dict(type='RandomFlip', flip_ratio=0.5),
    dict(
        type='Normalize',
        mean=[123.675, 116.28, 103.53],
        std=[58.395, 57.12, 57.375],
        to_rgb=True),
    dict(type='Pad', size_divisor=32),
    dict(type='DefaultFormatBundle'),
    dict(type='Collect', keys=['img', 'gt_bboxes', 'gt_labels'])
]
test_pipeline = [
    dict(type='LoadImageFromFile'),
    dict(
        type='MultiScaleFlipAug',
        img_scale=(1550, 1550),
        flip=False,
        transforms=[
            dict(type='Resize', keep_ratio=True),
            dict(type='RandomFlip'),
            dict(
                type='Normalize',
                mean=[123.675, 116.28, 103.53],
                std=[58.395, 57.12, 57.375],
                to_rgb=True),
            dict(type='Pad', size_divisor=32),
            dict(type='ImageToTensor', keys=['img']),
            dict(type='Collect', keys=['img'])
        ])
]
data = dict(
    samples_per_gpu=2,
    workers_per_gpu=2,
    train=dict(
        type='CocoDataset',
        ann_file='data/coco/annotations/annotations_trai.json',
        img_prefix='data/coco/img/',
        pipeline=[
            dict(type='LoadImageFromFile'),
            dict(type='LoadAnnotations', with_bbox=True),
            dict(type='Resize', img_scale=(1550, 1550), keep_ratio=True),
            dict(type='RandomFlip', flip_ratio=0.5),
            dict(
                type='Normalize',
                mean=[123.675, 116.28, 103.53],
                std=[58.395, 57.12, 57.375],
                to_rgb=True),
            dict(type='Pad', size_divisor=32),
            dict(type='DefaultFormatBundle'),
            dict(type='Collect', keys=['img', 'gt_bboxes', 'gt_labels'])
        ]),
    val=dict(
        type='CocoDataset',
        ann_file='data/coco/annotations/annotations_test.json',
        img_prefix='data/coco/img/',
        pipeline=[
            dict(type='LoadImageFromFile'),
            dict(
                type='MultiScaleFlipAug',
                img_scale=(1550, 1550),
                flip=False,
                transforms=[
                    dict(type='Resize', keep_ratio=True),
                    dict(type='RandomFlip'),
                    dict(
                        type='Normalize',
                        mean=[123.675, 116.28, 103.53],
                        std=[58.395, 57.12, 57.375],
                        to_rgb=True),
                    dict(type='Pad', size_divisor=32),
                    dict(type='ImageToTensor', keys=['img']),
                    dict(type='Collect', keys=['img'])
                ])
        ]),
    test=dict(
        type='CocoDataset',
        ann_file='data/coco/annotations/annotations_vals.json',
        img_prefix='data/coco/img/',
        pipeline=[
            dict(type='LoadImageFromFile'),
            dict(
                type='MultiScaleFlipAug',
                img_scale=(1550, 1550),
                flip=False,
                transforms=[
                    dict(type='Resize', keep_ratio=True),
                    dict(type='RandomFlip'),
                    dict(
                        type='Normalize',
                        mean=[123.675, 116.28, 103.53],
                        std=[58.395, 57.12, 57.375],
                        to_rgb=True),
                    dict(type='Pad', size_divisor=32),
                    dict(type='ImageToTensor', keys=['img']),
                    dict(type='Collect', keys=['img'])
                ])
        ]))
evaluation = dict(interval=1, metric='bbox')
optimizer = dict(type='SGD', lr=0.01, momentum=0.9, weight_decay=0.0001)
optimizer_config = dict(grad_clip=None)
lr_config = dict(
    policy='step',
    warmup='linear',
    warmup_iters=500,
    warmup_ratio=0.001,
    step=[8, 11])
total_epochs = 4
checkpoint_config = dict(interval=4)
log_config = dict(interval=100, hooks=[dict(type='TextLoggerHook')])
dist_params = dict(backend='nccl')
log_level = 'INFO'
load_from = '/home/admin/.cache/torch/checkpoints/X.pth'
resume_from = None
workflow = [('train', 2), ('val', 1)]
work_dir = '/home/admin/jupyter/SecurityAI_Round5/data/work'
gpu_ids = range(0, 1)

2020-11-23 13:42:42,686 - mmdet - INFO - load model from: torchvision://resnet50
2020-11-23 13:42:50,371 - mmdet - WARNING - The model and loaded state dict do not match exactly

unexpected key in source state_dict: fc.weight, fc.bias

2020-11-23 13:43:00,622 - mmdet - INFO - load checkpoint from /home/admin/.cache/torch/checkpoints/X.pth
2020-11-23 13:43:07,112 - mmdet - INFO - Start running, host: admin@fuxilabor_labor0_S4_Odps_S96_dsw_prepaid_cnsh_838_2020112301033, work_dir: /home/admin/jupyter/SecurityAI_Round5/data/work
2020-11-23 13:43:07,113 - mmdet - INFO - workflow: [('train', 2), ('val', 1)], max: 4 epochs
2020-11-23 13:44:24,873 - mmdet - INFO - Epoch [1][100/624]	lr: 1.988e-03, eta: 0:30:58, time: 0.776, data_time: 0.033, memory: 8596, loss_rpn_cls: 0.0028, loss_rpn_bbox: 0.0264, loss_cls: 0.0300, acc: 98.7471, loss_bbox: 0.0680, loss: 0.1272
2020-11-23 13:45:39,830 - mmdet - INFO - Epoch [1][200/624]	lr: 3.986e-03, eta: 0:29:10, time: 0.750, data_time: 0.012, memory: 8912, loss_rpn_cls: 0.0021, loss_rpn_bbox: 0.0225, loss_cls: 0.0309, acc: 98.7061, loss_bbox: 0.0639, loss: 0.1194
2020-11-23 13:46:54,807 - mmdet - INFO - Epoch [1][300/624]	lr: 5.984e-03, eta: 0:27:45, time: 0.750, data_time: 0.012, memory: 9987, loss_rpn_cls: 0.0024, loss_rpn_bbox: 0.0241, loss_cls: 0.0315, acc: 98.6475, loss_bbox: 0.0632, loss: 0.1212
2020-11-23 13:48:10,167 - mmdet - INFO - Epoch [1][400/624]	lr: 7.982e-03, eta: 0:26:26, time: 0.754, data_time: 0.012, memory: 11881, loss_rpn_cls: 0.0020, loss_rpn_bbox: 0.0244, loss_cls: 0.0246, acc: 98.9453, loss_bbox: 0.0628, loss: 0.1138
2020-11-23 13:49:25,015 - mmdet - INFO - Epoch [1][500/624]	lr: 9.980e-03, eta: 0:25:07, time: 0.748, data_time: 0.012, memory: 11881, loss_rpn_cls: 0.0022, loss_rpn_bbox: 0.0272, loss_cls: 0.0286, acc: 98.7451, loss_bbox: 0.0684, loss: 0.1264
2020-11-23 13:50:39,936 - mmdet - INFO - Epoch [1][600/624]	lr: 1.000e-02, eta: 0:23:50, time: 0.749, data_time: 0.012, memory: 11881, loss_rpn_cls: 0.0015, loss_rpn_bbox: 0.0280, loss_cls: 0.0279, acc: 98.7803, loss_bbox: 0.0697, loss: 0.1271
2020-11-23 13:51:22,272 - mmdet - INFO - Evaluating bbox...
2020-11-23 13:51:24,099 - mmdet - INFO - Epoch [1][624/624]	lr: 1.000e-02, bbox_mAP: 0.8290, bbox_mAP_50: 0.8850, bbox_mAP_75: 0.8760, bbox_mAP_s: 0.6100, bbox_mAP_m: 0.8830, bbox_mAP_l: 0.8940, bbox_mAP_copypaste: 0.829 0.885 0.876 0.610 0.883 0.894
2020-11-23 13:52:41,288 - mmdet - INFO - Epoch [2][100/624]	lr: 1.000e-02, eta: 0:21:36, time: 0.770, data_time: 0.033, memory: 11881, loss_rpn_cls: 0.0025, loss_rpn_bbox: 0.0306, loss_cls: 0.0319, acc: 98.6455, loss_bbox: 0.0711, loss: 0.1360
2020-11-23 13:53:56,776 - mmdet - INFO - Epoch [2][200/624]	lr: 1.000e-02, eta: 0:20:27, time: 0.755, data_time: 0.012, memory: 11881, loss_rpn_cls: 0.0027, loss_rpn_bbox: 0.0293, loss_cls: 0.0327, acc: 98.5576, loss_bbox: 0.0709, loss: 0.1357
2020-11-23 13:55:11,842 - mmdet - INFO - Epoch [2][300/624]	lr: 1.000e-02, eta: 0:19:17, time: 0.751, data_time: 0.012, memory: 11881, loss_rpn_cls: 0.0030, loss_rpn_bbox: 0.0306, loss_cls: 0.0340, acc: 98.6357, loss_bbox: 0.0753, loss: 0.1428
2020-11-23 13:56:26,875 - mmdet - INFO - Epoch [2][400/624]	lr: 1.000e-02, eta: 0:18:05, time: 0.750, data_time: 0.012, memory: 11881, loss_rpn_cls: 0.0024, loss_rpn_bbox: 0.0323, loss_cls: 0.0316, acc: 98.6865, loss_bbox: 0.0728, loss: 0.1390
2020-11-23 13:57:41,790 - mmdet - INFO - Epoch [2][500/624]	lr: 1.000e-02, eta: 0:16:53, time: 0.749, data_time: 0.012, memory: 11881, loss_rpn_cls: 0.0020, loss_rpn_bbox: 0.0285, loss_cls: 0.0287, acc: 98.7422, loss_bbox: 0.0672, loss: 0.1264
2020-11-23 13:58:56,810 - mmdet - INFO - Epoch [2][600/624]	lr: 1.000e-02, eta: 0:15:40, time: 0.750, data_time: 0.012, memory: 11881, loss_rpn_cls: 0.0027, loss_rpn_bbox: 0.0295, loss_cls: 0.0305, acc: 98.7812, loss_bbox: 0.0682, loss: 0.1310
2020-11-23 13:59:39,148 - mmdet - INFO - Evaluating bbox...
2020-11-23 13:59:41,125 - mmdet - INFO - Epoch [2][624/624]	lr: 1.000e-02, bbox_mAP: 0.8300, bbox_mAP_50: 0.8800, bbox_mAP_75: 0.8750, bbox_mAP_s: 0.6040, bbox_mAP_m: 0.9010, bbox_mAP_l: 0.8980, bbox_mAP_copypaste: 0.830 0.880 0.875 0.604 0.901 0.898
2020-11-23 14:00:11,660 - mmdet - INFO - Epoch(train) [2][76]	loss_rpn_cls: 0.0024, loss_rpn_bbox: 0.0286, loss_cls: 0.0302, acc: 98.6547, loss_bbox: 0.0642, loss: 0.1254
2020-11-23 14:01:28,861 - mmdet - INFO - Epoch [3][100/624]	lr: 1.000e-02, eta: 0:13:56, time: 0.770, data_time: 0.033, memory: 11881, loss_rpn_cls: 0.0033, loss_rpn_bbox: 0.0298, loss_cls: 0.0334, acc: 98.6504, loss_bbox: 0.0723, loss: 0.1388
2020-11-23 14:02:43,615 - mmdet - INFO - Epoch [3][200/624]	lr: 1.000e-02, eta: 0:12:44, time: 0.748, data_time: 0.012, memory: 11881, loss_rpn_cls: 0.0024, loss_rpn_bbox: 0.0303, loss_cls: 0.0317, acc: 98.6641, loss_bbox: 0.0734, loss: 0.1378
2020-11-23 14:03:58,595 - mmdet - INFO - Epoch [3][300/624]	lr: 1.000e-02, eta: 0:11:33, time: 0.750, data_time: 0.012, memory: 11881, loss_rpn_cls: 0.0033, loss_rpn_bbox: 0.0311, loss_cls: 0.0371, acc: 98.4434, loss_bbox: 0.0844, loss: 0.1560
2020-11-23 14:05:13,743 - mmdet - INFO - Epoch [3][400/624]	lr: 1.000e-02, eta: 0:10:21, time: 0.751, data_time: 0.012, memory: 11907, loss_rpn_cls: 0.0035, loss_rpn_bbox: 0.0328, loss_cls: 0.0371, acc: 98.4238, loss_bbox: 0.0770, loss: 0.1505
2020-11-23 14:06:29,314 - mmdet - INFO - Epoch [3][500/624]	lr: 1.000e-02, eta: 0:09:08, time: 0.756, data_time: 0.012, memory: 11907, loss_rpn_cls: 0.0027, loss_rpn_bbox: 0.0304, loss_cls: 0.0302, acc: 98.7812, loss_bbox: 0.0729, loss: 0.1362
2020-11-23 14:07:44,478 - mmdet - INFO - Epoch [3][600/624]	lr: 1.000e-02, eta: 0:07:56, time: 0.752, data_time: 0.012, memory: 11907, loss_rpn_cls: 0.0025, loss_rpn_bbox: 0.0313, loss_cls: 0.0322, acc: 98.6582, loss_bbox: 0.0777, loss: 0.1436
2020-11-23 14:08:26,949 - mmdet - INFO - Evaluating bbox...
2020-11-23 14:08:28,800 - mmdet - INFO - Epoch [3][624/624]	lr: 1.000e-02, bbox_mAP: 0.8180, bbox_mAP_50: 0.8750, bbox_mAP_75: 0.8700, bbox_mAP_s: 0.5830, bbox_mAP_m: 0.8990, bbox_mAP_l: 0.8910, bbox_mAP_copypaste: 0.818 0.875 0.870 0.583 0.899 0.891
2020-11-23 14:09:46,129 - mmdet - INFO - Epoch [4][100/624]	lr: 1.000e-02, eta: 0:06:21, time: 0.771, data_time: 0.033, memory: 11907, loss_rpn_cls: 0.0032, loss_rpn_bbox: 0.0325, loss_cls: 0.0358, acc: 98.4941, loss_bbox: 0.0806, loss: 0.1522
2020-11-23 14:11:00,972 - mmdet - INFO - Epoch [4][200/624]	lr: 1.000e-02, eta: 0:05:08, time: 0.748, data_time: 0.012, memory: 11907, loss_rpn_cls: 0.0027, loss_rpn_bbox: 0.0289, loss_cls: 0.0334, acc: 98.5957, loss_bbox: 0.0748, loss: 0.1398
2020-11-23 14:12:15,906 - mmdet - INFO - Epoch [4][300/624]	lr: 1.000e-02, eta: 0:03:56, time: 0.749, data_time: 0.012, memory: 11907, loss_rpn_cls: 0.0020, loss_rpn_bbox: 0.0262, loss_cls: 0.0269, acc: 98.8877, loss_bbox: 0.0719, loss: 0.1271
2020-11-23 14:13:31,007 - mmdet - INFO - Epoch [4][400/624]	lr: 1.000e-02, eta: 0:02:43, time: 0.751, data_time: 0.012, memory: 11907, loss_rpn_cls: 0.0032, loss_rpn_bbox: 0.0315, loss_cls: 0.0329, acc: 98.6611, loss_bbox: 0.0737, loss: 0.1414
2020-11-23 14:14:45,969 - mmdet - INFO - Epoch [4][500/624]	lr: 1.000e-02, eta: 0:01:30, time: 0.750, data_time: 0.012, memory: 11907, loss_rpn_cls: 0.0025, loss_rpn_bbox: 0.0320, loss_cls: 0.0277, acc: 98.8145, loss_bbox: 0.0759, loss: 0.1380
2020-11-23 14:16:00,884 - mmdet - INFO - Epoch [4][600/624]	lr: 1.000e-02, eta: 0:00:17, time: 0.749, data_time: 0.012, memory: 11907, loss_rpn_cls: 0.0028, loss_rpn_bbox: 0.0320, loss_cls: 0.0320, acc: 98.6426, loss_bbox: 0.0744, loss: 0.1412
2020-11-23 14:16:18,859 - mmdet - INFO - Saving checkpoint at 4 epochs
2020-11-23 14:16:45,156 - mmdet - INFO - Evaluating bbox...
2020-11-23 14:16:46,961 - mmdet - INFO - Epoch [4][624/624]	lr: 1.000e-02, bbox_mAP: 0.8330, bbox_mAP_50: 0.8850, bbox_mAP_75: 0.8800, bbox_mAP_s: 0.5960, bbox_mAP_m: 0.8970, bbox_mAP_l: 0.8970, bbox_mAP_copypaste: 0.833 0.885 0.880 0.596 0.897 0.897
2020-11-23 14:17:17,595 - mmdet - INFO - Epoch(train) [4][76]	loss_rpn_cls: 0.0024, loss_rpn_bbox: 0.0324, loss_cls: 0.0290, acc: 98.7395, loss_bbox: 0.0666, loss: 0.1304
