2020-11-19 13:24:10,422 - mmdet - INFO - Environment info:
------------------------------------------------------------
sys.platform: linux
Python: 3.6.4 |Anaconda, Inc.| (default, Jan 16 2018, 18:10:19) [GCC 7.2.0]
CUDA available: True
CUDA_HOME: /usr/local/cuda
NVCC: Cuda compilation tools, release 10.0, V10.0.130
GPU 0: Tesla P100-PCIE-16GB
GCC: gcc (GCC) 5.3.0
PyTorch: 1.3.1+cu100
PyTorch compiling details: PyTorch built with:
  - GCC 7.3
  - Intel(R) Math Kernel Library Version 2019.0.4 Product Build 20190411 for Intel(R) 64 architecture applications
  - Intel(R) MKL-DNN v0.20.5 (Git Hash 0125f28c61c1f822fd48570b4c1066f96fcb9b2e)
  - OpenMP 201511 (a.k.a. OpenMP 4.5)
  - NNPACK is enabled
  - CUDA Runtime 10.0
  - NVCC architecture flags: -gencode;arch=compute_37,code=sm_37;-gencode;arch=compute_50,code=sm_50;-gencode;arch=compute_60,code=sm_60;-gencode;arch=compute_61,code=sm_61;-gencode;arch=compute_70,code=sm_70;-gencode;arch=compute_75,code=sm_75;-gencode;arch=compute_37,code=compute_37
  - CuDNN 7.6.3
  - Magma 2.5.1
  - Build settings: BLAS=MKL, BUILD_NAMEDTENSOR=OFF, BUILD_TYPE=Release, CXX_FLAGS= -Wno-deprecated -fvisibility-inlines-hidden -fopenmp -DUSE_FBGEMM -DUSE_QNNPACK -DUSE_PYTORCH_QNNPACK -O2 -fPIC -Wno-narrowing -Wall -Wextra -Wno-missing-field-initializers -Wno-type-limits -Wno-array-bounds -Wno-unknown-pragmas -Wno-sign-compare -Wno-unused-parameter -Wno-unused-variable -Wno-unused-function -Wno-unused-result -Wno-strict-overflow -Wno-strict-aliasing -Wno-error=deprecated-declarations -Wno-stringop-overflow -Wno-error=pedantic -Wno-error=redundant-decls -Wno-error=old-style-cast -fdiagnostics-color=always -faligned-new -Wno-unused-but-set-variable -Wno-maybe-uninitialized -fno-math-errno -fno-trapping-math -Wno-stringop-overflow, DISABLE_NUMA=1, PERF_WITH_AVX=1, PERF_WITH_AVX2=1, PERF_WITH_AVX512=1, USE_CUDA=True, USE_EXCEPTION_PTR=1, USE_GFLAGS=OFF, USE_GLOG=OFF, USE_MKL=ON, USE_MKLDNN=ON, USE_MPI=OFF, USE_NCCL=ON, USE_NNPACK=ON, USE_OPENMP=ON, USE_STATIC_DISPATCH=OFF, 

TorchVision: 0.4.2+cu100
OpenCV: 4.4.0
MMCV: 1.0.5
MMDetection: 2.3.0+788fa8d
MMDetection Compiler: GCC 7.3
MMDetection CUDA Compiler: 10.0
------------------------------------------------------------

2020-11-19 13:24:10,423 - mmdet - INFO - Distributed training: False
2020-11-19 13:24:10,865 - mmdet - INFO - Config:
model = dict(
    type='FasterRCNN',
    pretrained='torchvision://resnet50',
    backbone=dict(
        type='ResNet',
        depth=50,
        num_stages=4,
        out_indices=(0, 1, 2, 3),
        frozen_stages=1,
        norm_cfg=dict(type='BN', requires_grad=True),
        norm_eval=True,
        style='pytorch'),
    neck=dict(
        type='FPN',
        in_channels=[256, 512, 1024, 2048],
        out_channels=256,
        num_outs=5),
    rpn_head=dict(
        type='RPNHead',
        in_channels=256,
        feat_channels=256,
        anchor_generator=dict(
            type='AnchorGenerator',
            scales=[8],
            ratios=[0.5, 1.0, 2.0],
            strides=[4, 8, 16, 32, 64]),
        bbox_coder=dict(
            type='DeltaXYWHBBoxCoder',
            target_means=[0.0, 0.0, 0.0, 0.0],
            target_stds=[1.0, 1.0, 1.0, 1.0]),
        loss_cls=dict(
            type='CrossEntropyLoss', use_sigmoid=True, loss_weight=1.0),
        loss_bbox=dict(type='L1Loss', loss_weight=1.0)),
    roi_head=dict(
        type='StandardRoIHead',
        bbox_roi_extractor=dict(
            type='SingleRoIExtractor',
            roi_layer=dict(type='RoIAlign', output_size=7, sampling_ratio=0),
            out_channels=256,
            featmap_strides=[4, 8, 16, 32]),
        bbox_head=dict(
            type='Shared2FCBBoxHead',
            in_channels=256,
            fc_out_channels=1024,
            roi_feat_size=7,
            num_classes=2,
            bbox_coder=dict(
                type='DeltaXYWHBBoxCoder',
                target_means=[0.0, 0.0, 0.0, 0.0],
                target_stds=[0.1, 0.1, 0.2, 0.2]),
            reg_class_agnostic=False,
            loss_cls=dict(
                type='CrossEntropyLoss', use_sigmoid=False, loss_weight=1.0),
            loss_bbox=dict(type='L1Loss', loss_weight=1.0))))
train_cfg = dict(
    rpn=dict(
        assigner=dict(
            type='MaxIoUAssigner',
            pos_iou_thr=0.7,
            neg_iou_thr=0.3,
            min_pos_iou=0.3,
            match_low_quality=True,
            ignore_iof_thr=-1),
        sampler=dict(
            type='RandomSampler',
            num=256,
            pos_fraction=0.5,
            neg_pos_ub=-1,
            add_gt_as_proposals=False),
        allowed_border=-1,
        pos_weight=-1,
        debug=False),
    rpn_proposal=dict(
        nms_across_levels=False,
        nms_pre=2000,
        nms_post=1000,
        max_num=1000,
        nms_thr=0.7,
        min_bbox_size=0),
    rcnn=dict(
        assigner=dict(
            type='MaxIoUAssigner',
            pos_iou_thr=0.5,
            neg_iou_thr=0.5,
            min_pos_iou=0.5,
            match_low_quality=False,
            ignore_iof_thr=-1),
        sampler=dict(
            type='RandomSampler',
            num=512,
            pos_fraction=0.25,
            neg_pos_ub=-1,
            add_gt_as_proposals=True),
        pos_weight=-1,
        debug=False))
test_cfg = dict(
    rpn=dict(
        nms_across_levels=False,
        nms_pre=1000,
        nms_post=1000,
        max_num=1000,
        nms_thr=0.7,
        min_bbox_size=0),
    rcnn=dict(
        score_thr=0.05,
        nms=dict(type='nms', iou_threshold=0.5),
        max_per_img=100))
dataset_type = 'CocoDataset'
data_root = 'data/coco/'
img_norm_cfg = dict(
    mean=[123.675, 116.28, 103.53], std=[58.395, 57.12, 57.375], to_rgb=True)
train_pipeline = [
    dict(type='LoadImageFromFile'),
    dict(type='LoadAnnotations', with_bbox=True),
    dict(type='Resize', img_scale=(1550, 1550), keep_ratio=True),
    dict(type='RandomFlip', flip_ratio=0.5),
    dict(
        type='Normalize',
        mean=[123.675, 116.28, 103.53],
        std=[58.395, 57.12, 57.375],
        to_rgb=True),
    dict(type='Pad', size_divisor=32),
    dict(type='DefaultFormatBundle'),
    dict(type='Collect', keys=['img', 'gt_bboxes', 'gt_labels'])
]
test_pipeline = [
    dict(type='LoadImageFromFile'),
    dict(
        type='MultiScaleFlipAug',
        img_scale=(1550, 1550),
        flip=False,
        transforms=[
            dict(type='Resize', keep_ratio=True),
            dict(type='RandomFlip'),
            dict(
                type='Normalize',
                mean=[123.675, 116.28, 103.53],
                std=[58.395, 57.12, 57.375],
                to_rgb=True),
            dict(type='Pad', size_divisor=32),
            dict(type='ImageToTensor', keys=['img']),
            dict(type='Collect', keys=['img'])
        ])
]
data = dict(
    samples_per_gpu=2,
    workers_per_gpu=2,
    train=dict(
        type='CocoDataset',
        ann_file='data/coco/annotations/annotations_trai.json',
        img_prefix='data/coco/img/',
        pipeline=[
            dict(type='LoadImageFromFile'),
            dict(type='LoadAnnotations', with_bbox=True),
            dict(type='Resize', img_scale=(1550, 1550), keep_ratio=True),
            dict(type='RandomFlip', flip_ratio=0.5),
            dict(
                type='Normalize',
                mean=[123.675, 116.28, 103.53],
                std=[58.395, 57.12, 57.375],
                to_rgb=True),
            dict(type='Pad', size_divisor=32),
            dict(type='DefaultFormatBundle'),
            dict(type='Collect', keys=['img', 'gt_bboxes', 'gt_labels'])
        ]),
    val=dict(
        type='CocoDataset',
        ann_file='data/coco/annotations/annotations_test.json',
        img_prefix='data/coco/img/',
        pipeline=[
            dict(type='LoadImageFromFile'),
            dict(
                type='MultiScaleFlipAug',
                img_scale=(1550, 1550),
                flip=False,
                transforms=[
                    dict(type='Resize', keep_ratio=True),
                    dict(type='RandomFlip'),
                    dict(
                        type='Normalize',
                        mean=[123.675, 116.28, 103.53],
                        std=[58.395, 57.12, 57.375],
                        to_rgb=True),
                    dict(type='Pad', size_divisor=32),
                    dict(type='ImageToTensor', keys=['img']),
                    dict(type='Collect', keys=['img'])
                ])
        ]),
    test=dict(
        type='CocoDataset',
        ann_file='data/coco/annotations/annotations_vals.json',
        img_prefix='data/coco/img/',
        pipeline=[
            dict(type='LoadImageFromFile'),
            dict(
                type='MultiScaleFlipAug',
                img_scale=(1550, 1550),
                flip=False,
                transforms=[
                    dict(type='Resize', keep_ratio=True),
                    dict(type='RandomFlip'),
                    dict(
                        type='Normalize',
                        mean=[123.675, 116.28, 103.53],
                        std=[58.395, 57.12, 57.375],
                        to_rgb=True),
                    dict(type='Pad', size_divisor=32),
                    dict(type='ImageToTensor', keys=['img']),
                    dict(type='Collect', keys=['img'])
                ])
        ]))
evaluation = dict(interval=1, metric='bbox')
optimizer = dict(type='SGD', lr=0.01, momentum=0.9, weight_decay=0.0001)
optimizer_config = dict(grad_clip=None)
lr_config = dict(
    policy='step',
    warmup='linear',
    warmup_iters=500,
    warmup_ratio=0.001,
    step=[8, 11])
total_epochs = 4
checkpoint_config = dict(interval=4)
log_config = dict(interval=100, hooks=[dict(type='TextLoggerHook')])
dist_params = dict(backend='nccl')
log_level = 'INFO'
load_from = '/home/admin/.cache/torch/checkpoints/X.pth'
resume_from = None
workflow = [('train', 2), ('val', 1)]
work_dir = '/home/admin/jupyter/SecurityAI_Round5/data/work'
gpu_ids = range(0, 1)

2020-11-19 13:24:11,377 - mmdet - INFO - load model from: torchvision://resnet50
2020-11-19 13:24:19,443 - mmdet - WARNING - The model and loaded state dict do not match exactly

unexpected key in source state_dict: fc.weight, fc.bias

2020-11-19 13:24:30,046 - mmdet - INFO - load checkpoint from /home/admin/.cache/torch/checkpoints/X.pth
2020-11-19 13:24:37,203 - mmdet - INFO - Start running, host: admin@fuxilabor_labor0_S4_Odps_S96_dsw_prepaid_cnsh_838_2020111823124, work_dir: /home/admin/jupyter/SecurityAI_Round5/data/work
2020-11-19 13:24:37,203 - mmdet - INFO - workflow: [('train', 2), ('val', 1)], max: 4 epochs
2020-11-19 13:25:54,769 - mmdet - INFO - Epoch [1][100/623]	lr: 1.988e-03, eta: 0:30:50, time: 0.774, data_time: 0.036, memory: 8886, loss_rpn_cls: 0.0175, loss_rpn_bbox: 0.0534, loss_cls: 0.0786, acc: 97.0537, loss_bbox: 0.1268, loss: 0.2763
2020-11-19 13:27:10,021 - mmdet - INFO - Epoch [1][200/623]	lr: 3.986e-03, eta: 0:29:08, time: 0.752, data_time: 0.012, memory: 9961, loss_rpn_cls: 0.0086, loss_rpn_bbox: 0.0425, loss_cls: 0.0546, acc: 97.8086, loss_bbox: 0.1070, loss: 0.2127
2020-11-19 13:28:24,909 - mmdet - INFO - Epoch [1][300/623]	lr: 5.984e-03, eta: 0:27:42, time: 0.749, data_time: 0.012, memory: 9961, loss_rpn_cls: 0.0067, loss_rpn_bbox: 0.0427, loss_cls: 0.0498, acc: 98.0361, loss_bbox: 0.1111, loss: 0.2103
2020-11-19 13:29:39,671 - mmdet - INFO - Epoch [1][400/623]	lr: 7.982e-03, eta: 0:26:20, time: 0.748, data_time: 0.012, memory: 9961, loss_rpn_cls: 0.0077, loss_rpn_bbox: 0.0456, loss_cls: 0.0569, acc: 97.7100, loss_bbox: 0.1125, loss: 0.2226
2020-11-19 13:30:54,632 - mmdet - INFO - Epoch [1][500/623]	lr: 9.980e-03, eta: 0:25:02, time: 0.750, data_time: 0.013, memory: 9961, loss_rpn_cls: 0.0087, loss_rpn_bbox: 0.0453, loss_cls: 0.0533, acc: 97.8057, loss_bbox: 0.1049, loss: 0.2121
2020-11-19 13:32:10,085 - mmdet - INFO - Epoch [1][600/623]	lr: 1.000e-02, eta: 0:23:47, time: 0.755, data_time: 0.012, memory: 11906, loss_rpn_cls: 0.0083, loss_rpn_bbox: 0.0531, loss_cls: 0.0647, acc: 97.3125, loss_bbox: 0.1285, loss: 0.2545
2020-11-19 13:32:51,310 - mmdet - INFO - Evaluating bbox...
2020-11-19 13:32:52,988 - mmdet - INFO - Epoch [1][623/623]	lr: 1.000e-02, bbox_mAP: 0.7850, bbox_mAP_50: 0.8780, bbox_mAP_75: 0.8620, bbox_mAP_s: 0.4800, bbox_mAP_m: 0.7730, bbox_mAP_l: 0.8590, bbox_mAP_copypaste: 0.785 0.878 0.862 0.480 0.773 0.859
2020-11-19 13:34:10,100 - mmdet - INFO - Epoch [2][100/623]	lr: 1.000e-02, eta: 0:21:35, time: 0.769, data_time: 0.034, memory: 11906, loss_rpn_cls: 0.0183, loss_rpn_bbox: 0.0568, loss_cls: 0.0705, acc: 97.2617, loss_bbox: 0.1287, loss: 0.2743
2020-11-19 13:35:24,654 - mmdet - INFO - Epoch [2][200/623]	lr: 1.000e-02, eta: 0:20:25, time: 0.746, data_time: 0.012, memory: 11906, loss_rpn_cls: 0.0067, loss_rpn_bbox: 0.0513, loss_cls: 0.0566, acc: 97.7715, loss_bbox: 0.1227, loss: 0.2374
2020-11-19 13:36:39,499 - mmdet - INFO - Epoch [2][300/623]	lr: 1.000e-02, eta: 0:19:14, time: 0.748, data_time: 0.012, memory: 11906, loss_rpn_cls: 0.0084, loss_rpn_bbox: 0.0513, loss_cls: 0.0615, acc: 97.5449, loss_bbox: 0.1243, loss: 0.2455
2020-11-19 13:37:54,363 - mmdet - INFO - Epoch [2][400/623]	lr: 1.000e-02, eta: 0:18:02, time: 0.749, data_time: 0.012, memory: 11906, loss_rpn_cls: 0.0078, loss_rpn_bbox: 0.0484, loss_cls: 0.0684, acc: 97.2578, loss_bbox: 0.1213, loss: 0.2459
2020-11-19 13:39:09,532 - mmdet - INFO - Epoch [2][500/623]	lr: 1.000e-02, eta: 0:16:50, time: 0.752, data_time: 0.012, memory: 11906, loss_rpn_cls: 0.0088, loss_rpn_bbox: 0.0460, loss_cls: 0.0670, acc: 97.3203, loss_bbox: 0.1212, loss: 0.2429
2020-11-19 13:40:24,682 - mmdet - INFO - Epoch [2][600/623]	lr: 1.000e-02, eta: 0:15:38, time: 0.751, data_time: 0.013, memory: 11906, loss_rpn_cls: 0.0090, loss_rpn_bbox: 0.0503, loss_cls: 0.0787, acc: 96.8467, loss_bbox: 0.1316, loss: 0.2697
2020-11-19 13:41:05,891 - mmdet - INFO - Evaluating bbox...
2020-11-19 13:41:08,086 - mmdet - INFO - Epoch [2][623/623]	lr: 1.000e-02, bbox_mAP: 0.7960, bbox_mAP_50: 0.8890, bbox_mAP_75: 0.8700, bbox_mAP_s: 0.5040, bbox_mAP_m: 0.7790, bbox_mAP_l: 0.8690, bbox_mAP_copypaste: 0.796 0.889 0.870 0.504 0.779 0.869
2020-11-19 13:41:38,446 - mmdet - INFO - Epoch(train) [2][74]	loss_rpn_cls: 0.0075, loss_rpn_bbox: 0.0482, loss_cls: 0.0652, acc: 97.3263, loss_bbox: 0.1234, loss: 0.2443
2020-11-19 13:42:56,023 - mmdet - INFO - Epoch [3][100/623]	lr: 1.000e-02, eta: 0:13:55, time: 0.774, data_time: 0.034, memory: 11906, loss_rpn_cls: 0.0074, loss_rpn_bbox: 0.0479, loss_cls: 0.0633, acc: 97.4326, loss_bbox: 0.1280, loss: 0.2466
2020-11-19 13:44:11,091 - mmdet - INFO - Epoch [3][200/623]	lr: 1.000e-02, eta: 0:12:44, time: 0.751, data_time: 0.013, memory: 11906, loss_rpn_cls: 0.0069, loss_rpn_bbox: 0.0490, loss_cls: 0.0562, acc: 97.7109, loss_bbox: 0.1192, loss: 0.2313
2020-11-19 13:45:26,197 - mmdet - INFO - Epoch [3][300/623]	lr: 1.000e-02, eta: 0:11:32, time: 0.751, data_time: 0.012, memory: 11906, loss_rpn_cls: 0.0067, loss_rpn_bbox: 0.0483, loss_cls: 0.0643, acc: 97.3633, loss_bbox: 0.1191, loss: 0.2383
2020-11-19 13:46:41,281 - mmdet - INFO - Epoch [3][400/623]	lr: 1.000e-02, eta: 0:10:20, time: 0.751, data_time: 0.013, memory: 11906, loss_rpn_cls: 0.0049, loss_rpn_bbox: 0.0486, loss_cls: 0.0537, acc: 97.7871, loss_bbox: 0.1169, loss: 0.2241
2020-11-19 13:47:56,451 - mmdet - INFO - Epoch [3][500/623]	lr: 1.000e-02, eta: 0:09:07, time: 0.752, data_time: 0.013, memory: 11906, loss_rpn_cls: 0.0086, loss_rpn_bbox: 0.0466, loss_cls: 0.0541, acc: 97.7393, loss_bbox: 0.1146, loss: 0.2239
2020-11-19 13:49:11,580 - mmdet - INFO - Epoch [3][600/623]	lr: 1.000e-02, eta: 0:07:54, time: 0.751, data_time: 0.013, memory: 11906, loss_rpn_cls: 0.0061, loss_rpn_bbox: 0.0474, loss_cls: 0.0548, acc: 97.7559, loss_bbox: 0.1145, loss: 0.2229
2020-11-19 13:49:52,874 - mmdet - INFO - Evaluating bbox...
2020-11-19 13:49:54,696 - mmdet - INFO - Epoch [3][623/623]	lr: 1.000e-02, bbox_mAP: 0.8000, bbox_mAP_50: 0.8950, bbox_mAP_75: 0.8740, bbox_mAP_s: 0.4940, bbox_mAP_m: 0.7790, bbox_mAP_l: 0.8710, bbox_mAP_copypaste: 0.800 0.895 0.874 0.494 0.779 0.871
2020-11-19 13:51:12,138 - mmdet - INFO - Epoch [4][100/623]	lr: 1.000e-02, eta: 0:06:20, time: 0.772, data_time: 0.034, memory: 11906, loss_rpn_cls: 0.0062, loss_rpn_bbox: 0.0454, loss_cls: 0.0533, acc: 97.8828, loss_bbox: 0.1185, loss: 0.2234
2020-11-19 13:52:27,097 - mmdet - INFO - Epoch [4][200/623]	lr: 1.000e-02, eta: 0:05:08, time: 0.750, data_time: 0.012, memory: 11906, loss_rpn_cls: 0.0065, loss_rpn_bbox: 0.0485, loss_cls: 0.0587, acc: 97.5977, loss_bbox: 0.1191, loss: 0.2329
2020-11-19 13:53:42,648 - mmdet - INFO - Epoch [4][300/623]	lr: 1.000e-02, eta: 0:03:56, time: 0.755, data_time: 0.012, memory: 11906, loss_rpn_cls: 0.0111, loss_rpn_bbox: 0.0522, loss_cls: 0.0687, acc: 97.2295, loss_bbox: 0.1280, loss: 0.2600
2020-11-19 13:54:57,791 - mmdet - INFO - Epoch [4][400/623]	lr: 1.000e-02, eta: 0:02:43, time: 0.751, data_time: 0.012, memory: 11906, loss_rpn_cls: 0.0079, loss_rpn_bbox: 0.0448, loss_cls: 0.0555, acc: 97.7432, loss_bbox: 0.1100, loss: 0.2182
2020-11-19 13:56:12,974 - mmdet - INFO - Epoch [4][500/623]	lr: 1.000e-02, eta: 0:01:30, time: 0.752, data_time: 0.013, memory: 11906, loss_rpn_cls: 0.0069, loss_rpn_bbox: 0.0496, loss_cls: 0.0590, acc: 97.5889, loss_bbox: 0.1223, loss: 0.2378
2020-11-19 13:57:29,074 - mmdet - INFO - Epoch [4][600/623]	lr: 1.000e-02, eta: 0:00:16, time: 0.761, data_time: 0.013, memory: 11906, loss_rpn_cls: 0.0039, loss_rpn_bbox: 0.0410, loss_cls: 0.0420, acc: 98.2314, loss_bbox: 0.1044, loss: 0.1912
2020-11-19 13:57:46,230 - mmdet - INFO - Saving checkpoint at 4 epochs
2020-11-19 13:58:11,983 - mmdet - INFO - Evaluating bbox...
2020-11-19 13:58:13,775 - mmdet - INFO - Epoch [4][623/623]	lr: 1.000e-02, bbox_mAP: 0.8070, bbox_mAP_50: 0.8920, bbox_mAP_75: 0.8700, bbox_mAP_s: 0.5120, bbox_mAP_m: 0.8010, bbox_mAP_l: 0.8750, bbox_mAP_copypaste: 0.807 0.892 0.870 0.512 0.801 0.875
2020-11-19 13:58:43,833 - mmdet - INFO - Epoch(train) [4][74]	loss_rpn_cls: 0.0064, loss_rpn_bbox: 0.0466, loss_cls: 0.0576, acc: 97.6180, loss_bbox: 0.1222, loss: 0.2328
