2020-11-19 14:05:21,447 - mmdet - INFO - Environment info:
------------------------------------------------------------
sys.platform: linux
Python: 3.6.4 |Anaconda, Inc.| (default, Jan 16 2018, 18:10:19) [GCC 7.2.0]
CUDA available: True
CUDA_HOME: /usr/local/cuda
NVCC: Cuda compilation tools, release 10.0, V10.0.130
GPU 0: Tesla P100-PCIE-16GB
GCC: gcc (GCC) 5.3.0
PyTorch: 1.3.1+cu100
PyTorch compiling details: PyTorch built with:
  - GCC 7.3
  - Intel(R) Math Kernel Library Version 2019.0.4 Product Build 20190411 for Intel(R) 64 architecture applications
  - Intel(R) MKL-DNN v0.20.5 (Git Hash 0125f28c61c1f822fd48570b4c1066f96fcb9b2e)
  - OpenMP 201511 (a.k.a. OpenMP 4.5)
  - NNPACK is enabled
  - CUDA Runtime 10.0
  - NVCC architecture flags: -gencode;arch=compute_37,code=sm_37;-gencode;arch=compute_50,code=sm_50;-gencode;arch=compute_60,code=sm_60;-gencode;arch=compute_61,code=sm_61;-gencode;arch=compute_70,code=sm_70;-gencode;arch=compute_75,code=sm_75;-gencode;arch=compute_37,code=compute_37
  - CuDNN 7.6.3
  - Magma 2.5.1
  - Build settings: BLAS=MKL, BUILD_NAMEDTENSOR=OFF, BUILD_TYPE=Release, CXX_FLAGS= -Wno-deprecated -fvisibility-inlines-hidden -fopenmp -DUSE_FBGEMM -DUSE_QNNPACK -DUSE_PYTORCH_QNNPACK -O2 -fPIC -Wno-narrowing -Wall -Wextra -Wno-missing-field-initializers -Wno-type-limits -Wno-array-bounds -Wno-unknown-pragmas -Wno-sign-compare -Wno-unused-parameter -Wno-unused-variable -Wno-unused-function -Wno-unused-result -Wno-strict-overflow -Wno-strict-aliasing -Wno-error=deprecated-declarations -Wno-stringop-overflow -Wno-error=pedantic -Wno-error=redundant-decls -Wno-error=old-style-cast -fdiagnostics-color=always -faligned-new -Wno-unused-but-set-variable -Wno-maybe-uninitialized -fno-math-errno -fno-trapping-math -Wno-stringop-overflow, DISABLE_NUMA=1, PERF_WITH_AVX=1, PERF_WITH_AVX2=1, PERF_WITH_AVX512=1, USE_CUDA=True, USE_EXCEPTION_PTR=1, USE_GFLAGS=OFF, USE_GLOG=OFF, USE_MKL=ON, USE_MKLDNN=ON, USE_MPI=OFF, USE_NCCL=ON, USE_NNPACK=ON, USE_OPENMP=ON, USE_STATIC_DISPATCH=OFF, 

TorchVision: 0.4.2+cu100
OpenCV: 4.4.0
MMCV: 1.0.5
MMDetection: 2.3.0+788fa8d
MMDetection Compiler: GCC 7.3
MMDetection CUDA Compiler: 10.0
------------------------------------------------------------

2020-11-19 14:05:21,447 - mmdet - INFO - Distributed training: False
2020-11-19 14:05:21,873 - mmdet - INFO - Config:
model = dict(
    type='FasterRCNN',
    pretrained='torchvision://resnet50',
    backbone=dict(
        type='ResNet',
        depth=50,
        num_stages=4,
        out_indices=(0, 1, 2, 3),
        frozen_stages=1,
        norm_cfg=dict(type='BN', requires_grad=True),
        norm_eval=True,
        style='pytorch'),
    neck=dict(
        type='FPN',
        in_channels=[256, 512, 1024, 2048],
        out_channels=256,
        num_outs=5),
    rpn_head=dict(
        type='RPNHead',
        in_channels=256,
        feat_channels=256,
        anchor_generator=dict(
            type='AnchorGenerator',
            scales=[8],
            ratios=[0.5, 1.0, 2.0],
            strides=[4, 8, 16, 32, 64]),
        bbox_coder=dict(
            type='DeltaXYWHBBoxCoder',
            target_means=[0.0, 0.0, 0.0, 0.0],
            target_stds=[1.0, 1.0, 1.0, 1.0]),
        loss_cls=dict(
            type='CrossEntropyLoss', use_sigmoid=True, loss_weight=1.0),
        loss_bbox=dict(type='L1Loss', loss_weight=1.0)),
    roi_head=dict(
        type='StandardRoIHead',
        bbox_roi_extractor=dict(
            type='SingleRoIExtractor',
            roi_layer=dict(type='RoIAlign', output_size=7, sampling_ratio=0),
            out_channels=256,
            featmap_strides=[4, 8, 16, 32]),
        bbox_head=dict(
            type='Shared2FCBBoxHead',
            in_channels=256,
            fc_out_channels=1024,
            roi_feat_size=7,
            num_classes=2,
            bbox_coder=dict(
                type='DeltaXYWHBBoxCoder',
                target_means=[0.0, 0.0, 0.0, 0.0],
                target_stds=[0.1, 0.1, 0.2, 0.2]),
            reg_class_agnostic=False,
            loss_cls=dict(
                type='CrossEntropyLoss', use_sigmoid=False, loss_weight=1.0),
            loss_bbox=dict(type='L1Loss', loss_weight=1.0))))
train_cfg = dict(
    rpn=dict(
        assigner=dict(
            type='MaxIoUAssigner',
            pos_iou_thr=0.7,
            neg_iou_thr=0.3,
            min_pos_iou=0.3,
            match_low_quality=True,
            ignore_iof_thr=-1),
        sampler=dict(
            type='RandomSampler',
            num=256,
            pos_fraction=0.5,
            neg_pos_ub=-1,
            add_gt_as_proposals=False),
        allowed_border=-1,
        pos_weight=-1,
        debug=False),
    rpn_proposal=dict(
        nms_across_levels=False,
        nms_pre=2000,
        nms_post=1000,
        max_num=1000,
        nms_thr=0.7,
        min_bbox_size=0),
    rcnn=dict(
        assigner=dict(
            type='MaxIoUAssigner',
            pos_iou_thr=0.5,
            neg_iou_thr=0.5,
            min_pos_iou=0.5,
            match_low_quality=False,
            ignore_iof_thr=-1),
        sampler=dict(
            type='RandomSampler',
            num=512,
            pos_fraction=0.25,
            neg_pos_ub=-1,
            add_gt_as_proposals=True),
        pos_weight=-1,
        debug=False))
test_cfg = dict(
    rpn=dict(
        nms_across_levels=False,
        nms_pre=1000,
        nms_post=1000,
        max_num=1000,
        nms_thr=0.7,
        min_bbox_size=0),
    rcnn=dict(
        score_thr=0.05,
        nms=dict(type='nms', iou_threshold=0.5),
        max_per_img=100))
dataset_type = 'CocoDataset'
data_root = 'data/coco/'
img_norm_cfg = dict(
    mean=[123.675, 116.28, 103.53], std=[58.395, 57.12, 57.375], to_rgb=True)
train_pipeline = [
    dict(type='LoadImageFromFile'),
    dict(type='LoadAnnotations', with_bbox=True),
    dict(type='Resize', img_scale=(1550, 1550), keep_ratio=True),
    dict(type='RandomFlip', flip_ratio=0.5),
    dict(
        type='Normalize',
        mean=[123.675, 116.28, 103.53],
        std=[58.395, 57.12, 57.375],
        to_rgb=True),
    dict(type='Pad', size_divisor=32),
    dict(type='DefaultFormatBundle'),
    dict(type='Collect', keys=['img', 'gt_bboxes', 'gt_labels'])
]
test_pipeline = [
    dict(type='LoadImageFromFile'),
    dict(
        type='MultiScaleFlipAug',
        img_scale=(1550, 1550),
        flip=False,
        transforms=[
            dict(type='Resize', keep_ratio=True),
            dict(type='RandomFlip'),
            dict(
                type='Normalize',
                mean=[123.675, 116.28, 103.53],
                std=[58.395, 57.12, 57.375],
                to_rgb=True),
            dict(type='Pad', size_divisor=32),
            dict(type='ImageToTensor', keys=['img']),
            dict(type='Collect', keys=['img'])
        ])
]
data = dict(
    samples_per_gpu=2,
    workers_per_gpu=2,
    train=dict(
        type='CocoDataset',
        ann_file='data/coco/annotations/annotations_trai.json',
        img_prefix='data/coco/img/',
        pipeline=[
            dict(type='LoadImageFromFile'),
            dict(type='LoadAnnotations', with_bbox=True),
            dict(type='Resize', img_scale=(1550, 1550), keep_ratio=True),
            dict(type='RandomFlip', flip_ratio=0.5),
            dict(
                type='Normalize',
                mean=[123.675, 116.28, 103.53],
                std=[58.395, 57.12, 57.375],
                to_rgb=True),
            dict(type='Pad', size_divisor=32),
            dict(type='DefaultFormatBundle'),
            dict(type='Collect', keys=['img', 'gt_bboxes', 'gt_labels'])
        ]),
    val=dict(
        type='CocoDataset',
        ann_file='data/coco/annotations/annotations_test.json',
        img_prefix='data/coco/img/',
        pipeline=[
            dict(type='LoadImageFromFile'),
            dict(
                type='MultiScaleFlipAug',
                img_scale=(1550, 1550),
                flip=False,
                transforms=[
                    dict(type='Resize', keep_ratio=True),
                    dict(type='RandomFlip'),
                    dict(
                        type='Normalize',
                        mean=[123.675, 116.28, 103.53],
                        std=[58.395, 57.12, 57.375],
                        to_rgb=True),
                    dict(type='Pad', size_divisor=32),
                    dict(type='ImageToTensor', keys=['img']),
                    dict(type='Collect', keys=['img'])
                ])
        ]),
    test=dict(
        type='CocoDataset',
        ann_file='data/coco/annotations/annotations_vals.json',
        img_prefix='data/coco/img/',
        pipeline=[
            dict(type='LoadImageFromFile'),
            dict(
                type='MultiScaleFlipAug',
                img_scale=(1550, 1550),
                flip=False,
                transforms=[
                    dict(type='Resize', keep_ratio=True),
                    dict(type='RandomFlip'),
                    dict(
                        type='Normalize',
                        mean=[123.675, 116.28, 103.53],
                        std=[58.395, 57.12, 57.375],
                        to_rgb=True),
                    dict(type='Pad', size_divisor=32),
                    dict(type='ImageToTensor', keys=['img']),
                    dict(type='Collect', keys=['img'])
                ])
        ]))
evaluation = dict(interval=1, metric='bbox')
optimizer = dict(type='SGD', lr=0.01, momentum=0.9, weight_decay=0.0001)
optimizer_config = dict(grad_clip=None)
lr_config = dict(
    policy='step',
    warmup='linear',
    warmup_iters=500,
    warmup_ratio=0.001,
    step=[8, 11])
total_epochs = 4
checkpoint_config = dict(interval=4)
log_config = dict(interval=100, hooks=[dict(type='TextLoggerHook')])
dist_params = dict(backend='nccl')
log_level = 'INFO'
load_from = '/home/admin/.cache/torch/checkpoints/X.pth'
resume_from = None
workflow = [('train', 2), ('val', 1)]
work_dir = '/home/admin/jupyter/SecurityAI_Round5/data/work'
gpu_ids = range(0, 1)

2020-11-19 14:05:22,368 - mmdet - INFO - load model from: torchvision://resnet50
2020-11-19 14:05:30,552 - mmdet - WARNING - The model and loaded state dict do not match exactly

unexpected key in source state_dict: fc.weight, fc.bias

2020-11-19 14:05:41,139 - mmdet - INFO - load checkpoint from /home/admin/.cache/torch/checkpoints/X.pth
2020-11-19 14:05:47,884 - mmdet - INFO - Start running, host: admin@fuxilabor_labor0_S4_Odps_S96_dsw_prepaid_cnsh_838_2020111823124, work_dir: /home/admin/jupyter/SecurityAI_Round5/data/work
2020-11-19 14:05:47,884 - mmdet - INFO - workflow: [('train', 2), ('val', 1)], max: 4 epochs
2020-11-19 14:07:06,056 - mmdet - INFO - Epoch [1][100/623]	lr: 1.988e-03, eta: 0:31:05, time: 0.780, data_time: 0.034, memory: 10071, loss_rpn_cls: 0.0072, loss_rpn_bbox: 0.0439, loss_cls: 0.0551, acc: 97.7617, loss_bbox: 0.1124, loss: 0.2186
2020-11-19 14:08:21,082 - mmdet - INFO - Epoch [1][200/623]	lr: 3.986e-03, eta: 0:29:13, time: 0.750, data_time: 0.012, memory: 10071, loss_rpn_cls: 0.0031, loss_rpn_bbox: 0.0364, loss_cls: 0.0450, acc: 98.1348, loss_bbox: 0.1018, loss: 0.1864
2020-11-19 14:09:36,392 - mmdet - INFO - Epoch [1][300/623]	lr: 5.984e-03, eta: 0:27:48, time: 0.753, data_time: 0.013, memory: 10071, loss_rpn_cls: 0.0042, loss_rpn_bbox: 0.0382, loss_cls: 0.0479, acc: 98.0361, loss_bbox: 0.0935, loss: 0.1839
2020-11-19 14:10:51,683 - mmdet - INFO - Epoch [1][400/623]	lr: 7.982e-03, eta: 0:26:27, time: 0.753, data_time: 0.012, memory: 10071, loss_rpn_cls: 0.0044, loss_rpn_bbox: 0.0371, loss_cls: 0.0446, acc: 98.2012, loss_bbox: 0.0935, loss: 0.1795
2020-11-19 14:12:07,016 - mmdet - INFO - Epoch [1][500/623]	lr: 9.980e-03, eta: 0:25:09, time: 0.753, data_time: 0.013, memory: 10071, loss_rpn_cls: 0.0057, loss_rpn_bbox: 0.0475, loss_cls: 0.0542, acc: 97.7998, loss_bbox: 0.1125, loss: 0.2199
2020-11-19 14:13:21,900 - mmdet - INFO - Epoch [1][600/623]	lr: 1.000e-02, eta: 0:23:51, time: 0.749, data_time: 0.012, memory: 11907, loss_rpn_cls: 0.0094, loss_rpn_bbox: 0.0468, loss_cls: 0.0671, acc: 97.3828, loss_bbox: 0.1203, loss: 0.2435
2020-11-19 14:14:05,092 - mmdet - INFO - Evaluating bbox...
2020-11-19 14:14:06,985 - mmdet - INFO - Epoch [1][623/623]	lr: 1.000e-02, bbox_mAP: 0.6790, bbox_mAP_50: 0.7810, bbox_mAP_75: 0.7330, bbox_mAP_s: 0.3000, bbox_mAP_m: 0.6410, bbox_mAP_l: 0.7600, bbox_mAP_copypaste: 0.679 0.781 0.733 0.300 0.641 0.760
2020-11-19 14:15:24,555 - mmdet - INFO - Epoch [2][100/623]	lr: 1.000e-02, eta: 0:21:39, time: 0.774, data_time: 0.034, memory: 11907, loss_rpn_cls: 0.0202, loss_rpn_bbox: 0.0562, loss_cls: 0.0876, acc: 96.8125, loss_bbox: 0.1216, loss: 0.2857
2020-11-19 14:16:39,510 - mmdet - INFO - Epoch [2][200/623]	lr: 1.000e-02, eta: 0:20:29, time: 0.750, data_time: 0.012, memory: 11907, loss_rpn_cls: 0.0091, loss_rpn_bbox: 0.0480, loss_cls: 0.0587, acc: 97.7051, loss_bbox: 0.1129, loss: 0.2286
2020-11-19 14:17:54,864 - mmdet - INFO - Epoch [2][300/623]	lr: 1.000e-02, eta: 0:19:18, time: 0.754, data_time: 0.013, memory: 11907, loss_rpn_cls: 0.0099, loss_rpn_bbox: 0.0535, loss_cls: 0.0699, acc: 97.1611, loss_bbox: 0.1318, loss: 0.2650
2020-11-19 14:19:09,840 - mmdet - INFO - Epoch [2][400/623]	lr: 1.000e-02, eta: 0:18:06, time: 0.750, data_time: 0.012, memory: 11907, loss_rpn_cls: 0.0079, loss_rpn_bbox: 0.0501, loss_cls: 0.0675, acc: 97.2764, loss_bbox: 0.1241, loss: 0.2495
2020-11-19 14:20:24,686 - mmdet - INFO - Epoch [2][500/623]	lr: 1.000e-02, eta: 0:16:53, time: 0.748, data_time: 0.012, memory: 11907, loss_rpn_cls: 0.0092, loss_rpn_bbox: 0.0518, loss_cls: 0.0693, acc: 97.0957, loss_bbox: 0.1266, loss: 0.2569
2020-11-19 14:21:39,514 - mmdet - INFO - Epoch [2][600/623]	lr: 1.000e-02, eta: 0:15:40, time: 0.748, data_time: 0.012, memory: 11907, loss_rpn_cls: 0.0089, loss_rpn_bbox: 0.0465, loss_cls: 0.0582, acc: 97.6377, loss_bbox: 0.1170, loss: 0.2306
2020-11-19 14:22:22,513 - mmdet - INFO - Evaluating bbox...
2020-11-19 14:22:24,464 - mmdet - INFO - Epoch [2][623/623]	lr: 1.000e-02, bbox_mAP: 0.7700, bbox_mAP_50: 0.8630, bbox_mAP_75: 0.8360, bbox_mAP_s: 0.4860, bbox_mAP_m: 0.7860, bbox_mAP_l: 0.8410, bbox_mAP_copypaste: 0.770 0.863 0.836 0.486 0.786 0.841
2020-11-19 14:22:56,703 - mmdet - INFO - Epoch(train) [2][80]	loss_rpn_cls: 0.0053, loss_rpn_bbox: 0.0413, loss_cls: 0.0440, acc: 98.2849, loss_bbox: 0.1038, loss: 0.1944
2020-11-19 14:24:14,239 - mmdet - INFO - Epoch [3][100/623]	lr: 1.000e-02, eta: 0:13:57, time: 0.773, data_time: 0.034, memory: 11907, loss_rpn_cls: 0.0048, loss_rpn_bbox: 0.0472, loss_cls: 0.0529, acc: 97.7998, loss_bbox: 0.1119, loss: 0.2167
2020-11-19 14:25:29,489 - mmdet - INFO - Epoch [3][200/623]	lr: 1.000e-02, eta: 0:12:45, time: 0.752, data_time: 0.012, memory: 11907, loss_rpn_cls: 0.0051, loss_rpn_bbox: 0.0477, loss_cls: 0.0542, acc: 97.7207, loss_bbox: 0.1153, loss: 0.2223
2020-11-19 14:26:45,570 - mmdet - INFO - Epoch [3][300/623]	lr: 1.000e-02, eta: 0:11:34, time: 0.761, data_time: 0.012, memory: 11907, loss_rpn_cls: 0.0062, loss_rpn_bbox: 0.0477, loss_cls: 0.0588, acc: 97.6494, loss_bbox: 0.1170, loss: 0.2298
2020-11-19 14:28:00,902 - mmdet - INFO - Epoch [3][400/623]	lr: 1.000e-02, eta: 0:10:21, time: 0.753, data_time: 0.013, memory: 11907, loss_rpn_cls: 0.0078, loss_rpn_bbox: 0.0466, loss_cls: 0.0584, acc: 97.6504, loss_bbox: 0.1149, loss: 0.2276
2020-11-19 14:29:16,175 - mmdet - INFO - Epoch [3][500/623]	lr: 1.000e-02, eta: 0:09:09, time: 0.753, data_time: 0.013, memory: 11907, loss_rpn_cls: 0.0049, loss_rpn_bbox: 0.0471, loss_cls: 0.0558, acc: 97.6475, loss_bbox: 0.1124, loss: 0.2203
2020-11-19 14:30:31,303 - mmdet - INFO - Epoch [3][600/623]	lr: 1.000e-02, eta: 0:07:56, time: 0.751, data_time: 0.013, memory: 11907, loss_rpn_cls: 0.0072, loss_rpn_bbox: 0.0468, loss_cls: 0.0555, acc: 97.7305, loss_bbox: 0.1151, loss: 0.2245
2020-11-19 14:31:14,665 - mmdet - INFO - Evaluating bbox...
2020-11-19 14:31:16,548 - mmdet - INFO - Epoch [3][623/623]	lr: 1.000e-02, bbox_mAP: 0.7780, bbox_mAP_50: 0.8720, bbox_mAP_75: 0.8450, bbox_mAP_s: 0.4980, bbox_mAP_m: 0.7930, bbox_mAP_l: 0.8470, bbox_mAP_copypaste: 0.778 0.872 0.845 0.498 0.793 0.847
2020-11-19 14:32:33,963 - mmdet - INFO - Epoch [4][100/623]	lr: 1.000e-02, eta: 0:06:21, time: 0.772, data_time: 0.035, memory: 11907, loss_rpn_cls: 0.0061, loss_rpn_bbox: 0.0419, loss_cls: 0.0476, acc: 98.0273, loss_bbox: 0.0999, loss: 0.1955
2020-11-19 14:33:48,985 - mmdet - INFO - Epoch [4][200/623]	lr: 1.000e-02, eta: 0:05:09, time: 0.750, data_time: 0.013, memory: 11907, loss_rpn_cls: 0.0049, loss_rpn_bbox: 0.0471, loss_cls: 0.0466, acc: 98.0986, loss_bbox: 0.1119, loss: 0.2105
2020-11-19 14:35:04,202 - mmdet - INFO - Epoch [4][300/623]	lr: 1.000e-02, eta: 0:03:56, time: 0.752, data_time: 0.013, memory: 11907, loss_rpn_cls: 0.0080, loss_rpn_bbox: 0.0442, loss_cls: 0.0539, acc: 97.9453, loss_bbox: 0.1097, loss: 0.2159
2020-11-19 14:36:19,180 - mmdet - INFO - Epoch [4][400/623]	lr: 1.000e-02, eta: 0:02:43, time: 0.750, data_time: 0.012, memory: 11907, loss_rpn_cls: 0.0089, loss_rpn_bbox: 0.0483, loss_cls: 0.0609, acc: 97.5127, loss_bbox: 0.1161, loss: 0.2342
2020-11-19 14:37:34,915 - mmdet - INFO - Epoch [4][500/623]	lr: 1.000e-02, eta: 0:01:30, time: 0.757, data_time: 0.013, memory: 11907, loss_rpn_cls: 0.0080, loss_rpn_bbox: 0.0506, loss_cls: 0.0666, acc: 97.1865, loss_bbox: 0.1244, loss: 0.2496
2020-11-19 14:38:50,945 - mmdet - INFO - Epoch [4][600/623]	lr: 1.000e-02, eta: 0:00:16, time: 0.760, data_time: 0.013, memory: 11907, loss_rpn_cls: 0.0045, loss_rpn_bbox: 0.0479, loss_cls: 0.0487, acc: 98.0264, loss_bbox: 0.1124, loss: 0.2135
2020-11-19 14:39:08,240 - mmdet - INFO - Saving checkpoint at 4 epochs
2020-11-19 14:39:36,252 - mmdet - INFO - Evaluating bbox...
2020-11-19 14:39:38,177 - mmdet - INFO - Epoch [4][623/623]	lr: 1.000e-02, bbox_mAP: 0.7810, bbox_mAP_50: 0.8670, bbox_mAP_75: 0.8400, bbox_mAP_s: 0.4960, bbox_mAP_m: 0.8080, bbox_mAP_l: 0.8530, bbox_mAP_copypaste: 0.781 0.867 0.840 0.496 0.808 0.853
2020-11-19 14:40:10,945 - mmdet - INFO - Epoch(train) [4][80]	loss_rpn_cls: 0.0052, loss_rpn_bbox: 0.0383, loss_cls: 0.0493, acc: 98.0298, loss_bbox: 0.1053, loss: 0.1981
