2020-11-23 12:19:54,726 - mmdet - INFO - Environment info:
------------------------------------------------------------
sys.platform: linux
Python: 3.6.4 |Anaconda, Inc.| (default, Jan 16 2018, 18:10:19) [GCC 7.2.0]
CUDA available: True
CUDA_HOME: /usr/local/cuda
NVCC: Cuda compilation tools, release 10.0, V10.0.130
GPU 0: Tesla P100-PCIE-16GB
GCC: gcc (GCC) 5.3.0
PyTorch: 1.3.1+cu100
PyTorch compiling details: PyTorch built with:
  - GCC 7.3
  - Intel(R) Math Kernel Library Version 2019.0.4 Product Build 20190411 for Intel(R) 64 architecture applications
  - Intel(R) MKL-DNN v0.20.5 (Git Hash 0125f28c61c1f822fd48570b4c1066f96fcb9b2e)
  - OpenMP 201511 (a.k.a. OpenMP 4.5)
  - NNPACK is enabled
  - CUDA Runtime 10.0
  - NVCC architecture flags: -gencode;arch=compute_37,code=sm_37;-gencode;arch=compute_50,code=sm_50;-gencode;arch=compute_60,code=sm_60;-gencode;arch=compute_61,code=sm_61;-gencode;arch=compute_70,code=sm_70;-gencode;arch=compute_75,code=sm_75;-gencode;arch=compute_37,code=compute_37
  - CuDNN 7.6.3
  - Magma 2.5.1
  - Build settings: BLAS=MKL, BUILD_NAMEDTENSOR=OFF, BUILD_TYPE=Release, CXX_FLAGS= -Wno-deprecated -fvisibility-inlines-hidden -fopenmp -DUSE_FBGEMM -DUSE_QNNPACK -DUSE_PYTORCH_QNNPACK -O2 -fPIC -Wno-narrowing -Wall -Wextra -Wno-missing-field-initializers -Wno-type-limits -Wno-array-bounds -Wno-unknown-pragmas -Wno-sign-compare -Wno-unused-parameter -Wno-unused-variable -Wno-unused-function -Wno-unused-result -Wno-strict-overflow -Wno-strict-aliasing -Wno-error=deprecated-declarations -Wno-stringop-overflow -Wno-error=pedantic -Wno-error=redundant-decls -Wno-error=old-style-cast -fdiagnostics-color=always -faligned-new -Wno-unused-but-set-variable -Wno-maybe-uninitialized -fno-math-errno -fno-trapping-math -Wno-stringop-overflow, DISABLE_NUMA=1, PERF_WITH_AVX=1, PERF_WITH_AVX2=1, PERF_WITH_AVX512=1, USE_CUDA=True, USE_EXCEPTION_PTR=1, USE_GFLAGS=OFF, USE_GLOG=OFF, USE_MKL=ON, USE_MKLDNN=ON, USE_MPI=OFF, USE_NCCL=ON, USE_NNPACK=ON, USE_OPENMP=ON, USE_STATIC_DISPATCH=OFF, 

TorchVision: 0.4.2+cu100
OpenCV: 4.4.0
MMCV: 1.0.5
MMDetection: 2.3.0+788fa8d
MMDetection Compiler: GCC 7.3
MMDetection CUDA Compiler: 10.0
------------------------------------------------------------

2020-11-23 12:19:54,726 - mmdet - INFO - Distributed training: False
2020-11-23 12:19:55,118 - mmdet - INFO - Config:
model = dict(
    type='FasterRCNN',
    pretrained='torchvision://resnet50',
    backbone=dict(
        type='ResNet',
        depth=50,
        num_stages=4,
        out_indices=(0, 1, 2, 3),
        frozen_stages=1,
        norm_cfg=dict(type='BN', requires_grad=True),
        norm_eval=True,
        style='pytorch'),
    neck=dict(
        type='FPN',
        in_channels=[256, 512, 1024, 2048],
        out_channels=256,
        num_outs=5),
    rpn_head=dict(
        type='RPNHead',
        in_channels=256,
        feat_channels=256,
        anchor_generator=dict(
            type='AnchorGenerator',
            scales=[8],
            ratios=[0.5, 1.0, 2.0],
            strides=[4, 8, 16, 32, 64]),
        bbox_coder=dict(
            type='DeltaXYWHBBoxCoder',
            target_means=[0.0, 0.0, 0.0, 0.0],
            target_stds=[1.0, 1.0, 1.0, 1.0]),
        loss_cls=dict(
            type='CrossEntropyLoss', use_sigmoid=True, loss_weight=1.0),
        loss_bbox=dict(type='L1Loss', loss_weight=1.0)),
    roi_head=dict(
        type='StandardRoIHead',
        bbox_roi_extractor=dict(
            type='SingleRoIExtractor',
            roi_layer=dict(type='RoIAlign', output_size=7, sampling_ratio=0),
            out_channels=256,
            featmap_strides=[4, 8, 16, 32]),
        bbox_head=dict(
            type='Shared2FCBBoxHead',
            in_channels=256,
            fc_out_channels=1024,
            roi_feat_size=7,
            num_classes=2,
            bbox_coder=dict(
                type='DeltaXYWHBBoxCoder',
                target_means=[0.0, 0.0, 0.0, 0.0],
                target_stds=[0.1, 0.1, 0.2, 0.2]),
            reg_class_agnostic=False,
            loss_cls=dict(
                type='CrossEntropyLoss', use_sigmoid=False, loss_weight=1.0),
            loss_bbox=dict(type='L1Loss', loss_weight=1.0))))
train_cfg = dict(
    rpn=dict(
        assigner=dict(
            type='MaxIoUAssigner',
            pos_iou_thr=0.7,
            neg_iou_thr=0.3,
            min_pos_iou=0.3,
            match_low_quality=True,
            ignore_iof_thr=-1),
        sampler=dict(
            type='RandomSampler',
            num=256,
            pos_fraction=0.5,
            neg_pos_ub=-1,
            add_gt_as_proposals=False),
        allowed_border=-1,
        pos_weight=-1,
        debug=False),
    rpn_proposal=dict(
        nms_across_levels=False,
        nms_pre=2000,
        nms_post=1000,
        max_num=1000,
        nms_thr=0.7,
        min_bbox_size=0),
    rcnn=dict(
        assigner=dict(
            type='MaxIoUAssigner',
            pos_iou_thr=0.5,
            neg_iou_thr=0.5,
            min_pos_iou=0.5,
            match_low_quality=False,
            ignore_iof_thr=-1),
        sampler=dict(
            type='RandomSampler',
            num=512,
            pos_fraction=0.25,
            neg_pos_ub=-1,
            add_gt_as_proposals=True),
        pos_weight=-1,
        debug=False))
test_cfg = dict(
    rpn=dict(
        nms_across_levels=False,
        nms_pre=1000,
        nms_post=1000,
        max_num=1000,
        nms_thr=0.7,
        min_bbox_size=0),
    rcnn=dict(
        score_thr=0.05,
        nms=dict(type='nms', iou_threshold=0.5),
        max_per_img=100))
dataset_type = 'CocoDataset'
data_root = 'data/coco/'
img_norm_cfg = dict(
    mean=[123.675, 116.28, 103.53], std=[58.395, 57.12, 57.375], to_rgb=True)
train_pipeline = [
    dict(type='LoadImageFromFile'),
    dict(type='LoadAnnotations', with_bbox=True),
    dict(type='Resize', img_scale=(1550, 1550), keep_ratio=True),
    dict(type='RandomFlip', flip_ratio=0.5),
    dict(
        type='Normalize',
        mean=[123.675, 116.28, 103.53],
        std=[58.395, 57.12, 57.375],
        to_rgb=True),
    dict(type='Pad', size_divisor=32),
    dict(type='DefaultFormatBundle'),
    dict(type='Collect', keys=['img', 'gt_bboxes', 'gt_labels'])
]
test_pipeline = [
    dict(type='LoadImageFromFile'),
    dict(
        type='MultiScaleFlipAug',
        img_scale=(1550, 1550),
        flip=False,
        transforms=[
            dict(type='Resize', keep_ratio=True),
            dict(type='RandomFlip'),
            dict(
                type='Normalize',
                mean=[123.675, 116.28, 103.53],
                std=[58.395, 57.12, 57.375],
                to_rgb=True),
            dict(type='Pad', size_divisor=32),
            dict(type='ImageToTensor', keys=['img']),
            dict(type='Collect', keys=['img'])
        ])
]
data = dict(
    samples_per_gpu=2,
    workers_per_gpu=2,
    train=dict(
        type='CocoDataset',
        ann_file='data/coco/annotations/annotations_trai.json',
        img_prefix='data/coco/img/',
        pipeline=[
            dict(type='LoadImageFromFile'),
            dict(type='LoadAnnotations', with_bbox=True),
            dict(type='Resize', img_scale=(1550, 1550), keep_ratio=True),
            dict(type='RandomFlip', flip_ratio=0.5),
            dict(
                type='Normalize',
                mean=[123.675, 116.28, 103.53],
                std=[58.395, 57.12, 57.375],
                to_rgb=True),
            dict(type='Pad', size_divisor=32),
            dict(type='DefaultFormatBundle'),
            dict(type='Collect', keys=['img', 'gt_bboxes', 'gt_labels'])
        ]),
    val=dict(
        type='CocoDataset',
        ann_file='data/coco/annotations/annotations_test.json',
        img_prefix='data/coco/img/',
        pipeline=[
            dict(type='LoadImageFromFile'),
            dict(
                type='MultiScaleFlipAug',
                img_scale=(1550, 1550),
                flip=False,
                transforms=[
                    dict(type='Resize', keep_ratio=True),
                    dict(type='RandomFlip'),
                    dict(
                        type='Normalize',
                        mean=[123.675, 116.28, 103.53],
                        std=[58.395, 57.12, 57.375],
                        to_rgb=True),
                    dict(type='Pad', size_divisor=32),
                    dict(type='ImageToTensor', keys=['img']),
                    dict(type='Collect', keys=['img'])
                ])
        ]),
    test=dict(
        type='CocoDataset',
        ann_file='data/coco/annotations/annotations_vals.json',
        img_prefix='data/coco/img/',
        pipeline=[
            dict(type='LoadImageFromFile'),
            dict(
                type='MultiScaleFlipAug',
                img_scale=(1550, 1550),
                flip=False,
                transforms=[
                    dict(type='Resize', keep_ratio=True),
                    dict(type='RandomFlip'),
                    dict(
                        type='Normalize',
                        mean=[123.675, 116.28, 103.53],
                        std=[58.395, 57.12, 57.375],
                        to_rgb=True),
                    dict(type='Pad', size_divisor=32),
                    dict(type='ImageToTensor', keys=['img']),
                    dict(type='Collect', keys=['img'])
                ])
        ]))
evaluation = dict(interval=1, metric='bbox')
optimizer = dict(type='SGD', lr=0.01, momentum=0.9, weight_decay=0.0001)
optimizer_config = dict(grad_clip=None)
lr_config = dict(
    policy='step',
    warmup='linear',
    warmup_iters=500,
    warmup_ratio=0.001,
    step=[8, 11])
total_epochs = 4
checkpoint_config = dict(interval=4)
log_config = dict(interval=100, hooks=[dict(type='TextLoggerHook')])
dist_params = dict(backend='nccl')
log_level = 'INFO'
load_from = '/home/admin/.cache/torch/checkpoints/X.pth'
resume_from = None
workflow = [('train', 2), ('val', 1)]
work_dir = '/home/admin/jupyter/SecurityAI_Round5/data/work'
gpu_ids = range(0, 1)

2020-11-23 12:19:55,617 - mmdet - INFO - load model from: torchvision://resnet50
2020-11-23 12:20:03,370 - mmdet - WARNING - The model and loaded state dict do not match exactly

unexpected key in source state_dict: fc.weight, fc.bias

2020-11-23 12:20:13,516 - mmdet - INFO - load checkpoint from /home/admin/.cache/torch/checkpoints/X.pth
2020-11-23 12:20:20,151 - mmdet - INFO - Start running, host: admin@fuxilabor_labor0_S4_Odps_S96_dsw_prepaid_cnsh_838_2020112301033, work_dir: /home/admin/jupyter/SecurityAI_Round5/data/work
2020-11-23 12:20:20,152 - mmdet - INFO - workflow: [('train', 2), ('val', 1)], max: 4 epochs
2020-11-23 12:21:37,948 - mmdet - INFO - Epoch [1][100/625]	lr: 1.988e-03, eta: 0:31:01, time: 0.776, data_time: 0.033, memory: 11881, loss_rpn_cls: 0.0037, loss_rpn_bbox: 0.0285, loss_cls: 0.0327, acc: 98.6113, loss_bbox: 0.0673, loss: 0.1322
2020-11-23 12:22:52,879 - mmdet - INFO - Epoch [1][200/625]	lr: 3.986e-03, eta: 0:29:13, time: 0.749, data_time: 0.012, memory: 11881, loss_rpn_cls: 0.0019, loss_rpn_bbox: 0.0228, loss_cls: 0.0291, acc: 98.7354, loss_bbox: 0.0613, loss: 0.1150
2020-11-23 12:24:07,818 - mmdet - INFO - Epoch [1][300/625]	lr: 5.984e-03, eta: 0:27:47, time: 0.749, data_time: 0.012, memory: 11881, loss_rpn_cls: 0.0025, loss_rpn_bbox: 0.0258, loss_cls: 0.0338, acc: 98.5283, loss_bbox: 0.0690, loss: 0.1310
2020-11-23 12:25:22,577 - mmdet - INFO - Epoch [1][400/625]	lr: 7.982e-03, eta: 0:26:26, time: 0.748, data_time: 0.012, memory: 11881, loss_rpn_cls: 0.0021, loss_rpn_bbox: 0.0246, loss_cls: 0.0227, acc: 99.0283, loss_bbox: 0.0586, loss: 0.1081
2020-11-23 12:26:37,314 - mmdet - INFO - Epoch [1][500/625]	lr: 9.980e-03, eta: 0:25:07, time: 0.747, data_time: 0.012, memory: 11881, loss_rpn_cls: 0.0018, loss_rpn_bbox: 0.0252, loss_cls: 0.0239, acc: 99.0078, loss_bbox: 0.0596, loss: 0.1104
2020-11-23 12:27:52,234 - mmdet - INFO - Epoch [1][600/625]	lr: 1.000e-02, eta: 0:23:50, time: 0.749, data_time: 0.012, memory: 11881, loss_rpn_cls: 0.0018, loss_rpn_bbox: 0.0284, loss_cls: 0.0304, acc: 98.7324, loss_bbox: 0.0684, loss: 0.1290
2020-11-23 12:28:35,572 - mmdet - INFO - Evaluating bbox...
2020-11-23 12:28:37,591 - mmdet - INFO - Epoch [1][625/625]	lr: 1.000e-02, bbox_mAP: 0.8510, bbox_mAP_50: 0.9040, bbox_mAP_75: 0.8940, bbox_mAP_s: 0.6260, bbox_mAP_m: 0.8930, bbox_mAP_l: 0.9140, bbox_mAP_copypaste: 0.851 0.904 0.894 0.626 0.893 0.914
2020-11-23 12:29:54,872 - mmdet - INFO - Epoch [2][100/625]	lr: 1.000e-02, eta: 0:21:35, time: 0.771, data_time: 0.033, memory: 11881, loss_rpn_cls: 0.0029, loss_rpn_bbox: 0.0280, loss_cls: 0.0292, acc: 98.7754, loss_bbox: 0.0723, loss: 0.1325
2020-11-23 12:31:10,316 - mmdet - INFO - Epoch [2][200/625]	lr: 1.000e-02, eta: 0:20:27, time: 0.754, data_time: 0.012, memory: 11881, loss_rpn_cls: 0.0022, loss_rpn_bbox: 0.0321, loss_cls: 0.0321, acc: 98.6182, loss_bbox: 0.0739, loss: 0.1401
2020-11-23 12:32:25,234 - mmdet - INFO - Epoch [2][300/625]	lr: 1.000e-02, eta: 0:19:16, time: 0.749, data_time: 0.012, memory: 11881, loss_rpn_cls: 0.0019, loss_rpn_bbox: 0.0293, loss_cls: 0.0238, acc: 99.0518, loss_bbox: 0.0629, loss: 0.1179
2020-11-23 12:33:40,332 - mmdet - INFO - Epoch [2][400/625]	lr: 1.000e-02, eta: 0:18:05, time: 0.751, data_time: 0.012, memory: 11881, loss_rpn_cls: 0.0046, loss_rpn_bbox: 0.0316, loss_cls: 0.0359, acc: 98.6113, loss_bbox: 0.0707, loss: 0.1429
2020-11-23 12:34:55,138 - mmdet - INFO - Epoch [2][500/625]	lr: 1.000e-02, eta: 0:16:53, time: 0.748, data_time: 0.012, memory: 11881, loss_rpn_cls: 0.0031, loss_rpn_bbox: 0.0309, loss_cls: 0.0347, acc: 98.5078, loss_bbox: 0.0747, loss: 0.1434
2020-11-23 12:36:10,025 - mmdet - INFO - Epoch [2][600/625]	lr: 1.000e-02, eta: 0:15:40, time: 0.749, data_time: 0.012, memory: 11881, loss_rpn_cls: 0.0020, loss_rpn_bbox: 0.0276, loss_cls: 0.0258, acc: 98.8965, loss_bbox: 0.0632, loss: 0.1186
2020-11-23 12:36:53,309 - mmdet - INFO - Evaluating bbox...
2020-11-23 12:36:55,547 - mmdet - INFO - Epoch [2][625/625]	lr: 1.000e-02, bbox_mAP: 0.8400, bbox_mAP_50: 0.8950, bbox_mAP_75: 0.8850, bbox_mAP_s: 0.6240, bbox_mAP_m: 0.8710, bbox_mAP_l: 0.9000, bbox_mAP_copypaste: 0.840 0.895 0.885 0.624 0.871 0.900
2020-11-23 12:37:26,576 - mmdet - INFO - Epoch(train) [2][77]	loss_rpn_cls: 0.0024, loss_rpn_bbox: 0.0303, loss_cls: 0.0325, acc: 98.6328, loss_bbox: 0.0725, loss: 0.1376
2020-11-23 12:38:43,826 - mmdet - INFO - Epoch [3][100/625]	lr: 1.000e-02, eta: 0:13:55, time: 0.770, data_time: 0.033, memory: 11881, loss_rpn_cls: 0.0018, loss_rpn_bbox: 0.0288, loss_cls: 0.0240, acc: 99.0010, loss_bbox: 0.0657, loss: 0.1204
2020-11-23 12:39:58,538 - mmdet - INFO - Epoch [3][200/625]	lr: 1.000e-02, eta: 0:12:44, time: 0.747, data_time: 0.012, memory: 11881, loss_rpn_cls: 0.0037, loss_rpn_bbox: 0.0317, loss_cls: 0.0318, acc: 98.7021, loss_bbox: 0.0753, loss: 0.1425
2020-11-23 12:41:13,420 - mmdet - INFO - Epoch [3][300/625]	lr: 1.000e-02, eta: 0:11:33, time: 0.749, data_time: 0.012, memory: 11907, loss_rpn_cls: 0.0028, loss_rpn_bbox: 0.0303, loss_cls: 0.0313, acc: 98.6914, loss_bbox: 0.0699, loss: 0.1343
2020-11-23 12:42:28,309 - mmdet - INFO - Epoch [3][400/625]	lr: 1.000e-02, eta: 0:10:21, time: 0.749, data_time: 0.012, memory: 11907, loss_rpn_cls: 0.0025, loss_rpn_bbox: 0.0283, loss_cls: 0.0331, acc: 98.5859, loss_bbox: 0.0692, loss: 0.1331
2020-11-23 12:43:43,614 - mmdet - INFO - Epoch [3][500/625]	lr: 1.000e-02, eta: 0:09:08, time: 0.753, data_time: 0.012, memory: 11907, loss_rpn_cls: 0.0023, loss_rpn_bbox: 0.0302, loss_cls: 0.0280, acc: 98.8096, loss_bbox: 0.0694, loss: 0.1300
2020-11-23 12:44:58,697 - mmdet - INFO - Epoch [3][600/625]	lr: 1.000e-02, eta: 0:07:56, time: 0.751, data_time: 0.012, memory: 11907, loss_rpn_cls: 0.0025, loss_rpn_bbox: 0.0311, loss_cls: 0.0351, acc: 98.4551, loss_bbox: 0.0733, loss: 0.1420
2020-11-23 12:45:42,144 - mmdet - INFO - Evaluating bbox...
2020-11-23 12:45:44,161 - mmdet - INFO - Epoch [3][625/625]	lr: 1.000e-02, bbox_mAP: 0.8300, bbox_mAP_50: 0.8840, bbox_mAP_75: 0.8740, bbox_mAP_s: 0.6120, bbox_mAP_m: 0.8740, bbox_mAP_l: 0.8890, bbox_mAP_copypaste: 0.830 0.884 0.874 0.612 0.874 0.889
2020-11-23 12:47:01,476 - mmdet - INFO - Epoch [4][100/625]	lr: 1.000e-02, eta: 0:06:20, time: 0.771, data_time: 0.033, memory: 11907, loss_rpn_cls: 0.0020, loss_rpn_bbox: 0.0294, loss_cls: 0.0320, acc: 98.6230, loss_bbox: 0.0757, loss: 0.1391
2020-11-23 12:48:16,540 - mmdet - INFO - Epoch [4][200/625]	lr: 1.000e-02, eta: 0:05:08, time: 0.751, data_time: 0.012, memory: 11907, loss_rpn_cls: 0.0033, loss_rpn_bbox: 0.0312, loss_cls: 0.0367, acc: 98.4434, loss_bbox: 0.0744, loss: 0.1456
2020-11-23 12:49:31,400 - mmdet - INFO - Epoch [4][300/625]	lr: 1.000e-02, eta: 0:03:56, time: 0.749, data_time: 0.012, memory: 11907, loss_rpn_cls: 0.0056, loss_rpn_bbox: 0.0303, loss_cls: 0.0272, acc: 98.8320, loss_bbox: 0.0666, loss: 0.1297
2020-11-23 12:50:46,213 - mmdet - INFO - Epoch [4][400/625]	lr: 1.000e-02, eta: 0:02:43, time: 0.748, data_time: 0.012, memory: 11907, loss_rpn_cls: 0.0035, loss_rpn_bbox: 0.0321, loss_cls: 0.0340, acc: 98.5947, loss_bbox: 0.0744, loss: 0.1440
2020-11-23 12:52:00,726 - mmdet - INFO - Epoch [4][500/625]	lr: 1.000e-02, eta: 0:01:31, time: 0.745, data_time: 0.012, memory: 11907, loss_rpn_cls: 0.0030, loss_rpn_bbox: 0.0309, loss_cls: 0.0302, acc: 98.6953, loss_bbox: 0.0756, loss: 0.1397
2020-11-23 12:53:15,457 - mmdet - INFO - Epoch [4][600/625]	lr: 1.000e-02, eta: 0:00:18, time: 0.747, data_time: 0.012, memory: 11907, loss_rpn_cls: 0.0038, loss_rpn_bbox: 0.0311, loss_cls: 0.0294, acc: 98.7607, loss_bbox: 0.0719, loss: 0.1362
2020-11-23 12:53:34,103 - mmdet - INFO - Saving checkpoint at 4 epochs
2020-11-23 12:54:00,523 - mmdet - INFO - Evaluating bbox...
2020-11-23 12:54:02,540 - mmdet - INFO - Epoch [4][625/625]	lr: 1.000e-02, bbox_mAP: 0.8260, bbox_mAP_50: 0.8840, bbox_mAP_75: 0.8740, bbox_mAP_s: 0.6020, bbox_mAP_m: 0.8740, bbox_mAP_l: 0.8820, bbox_mAP_copypaste: 0.826 0.884 0.874 0.602 0.874 0.882
2020-11-23 12:54:33,475 - mmdet - INFO - Epoch(train) [4][77]	loss_rpn_cls: 0.0029, loss_rpn_bbox: 0.0313, loss_cls: 0.0322, acc: 98.5922, loss_bbox: 0.0739, loss: 0.1403
