2020-11-21 18:13:20,553 - mmdet - INFO - Environment info:
------------------------------------------------------------
sys.platform: linux
Python: 3.6.4 |Anaconda, Inc.| (default, Jan 16 2018, 18:10:19) [GCC 7.2.0]
CUDA available: True
CUDA_HOME: /usr/local/cuda
NVCC: Cuda compilation tools, release 10.0, V10.0.130
GPU 0: Tesla P100-PCIE-16GB
GCC: gcc (GCC) 5.3.0
PyTorch: 1.3.1+cu100
PyTorch compiling details: PyTorch built with:
  - GCC 7.3
  - Intel(R) Math Kernel Library Version 2019.0.4 Product Build 20190411 for Intel(R) 64 architecture applications
  - Intel(R) MKL-DNN v0.20.5 (Git Hash 0125f28c61c1f822fd48570b4c1066f96fcb9b2e)
  - OpenMP 201511 (a.k.a. OpenMP 4.5)
  - NNPACK is enabled
  - CUDA Runtime 10.0
  - NVCC architecture flags: -gencode;arch=compute_37,code=sm_37;-gencode;arch=compute_50,code=sm_50;-gencode;arch=compute_60,code=sm_60;-gencode;arch=compute_61,code=sm_61;-gencode;arch=compute_70,code=sm_70;-gencode;arch=compute_75,code=sm_75;-gencode;arch=compute_37,code=compute_37
  - CuDNN 7.6.3
  - Magma 2.5.1
  - Build settings: BLAS=MKL, BUILD_NAMEDTENSOR=OFF, BUILD_TYPE=Release, CXX_FLAGS= -Wno-deprecated -fvisibility-inlines-hidden -fopenmp -DUSE_FBGEMM -DUSE_QNNPACK -DUSE_PYTORCH_QNNPACK -O2 -fPIC -Wno-narrowing -Wall -Wextra -Wno-missing-field-initializers -Wno-type-limits -Wno-array-bounds -Wno-unknown-pragmas -Wno-sign-compare -Wno-unused-parameter -Wno-unused-variable -Wno-unused-function -Wno-unused-result -Wno-strict-overflow -Wno-strict-aliasing -Wno-error=deprecated-declarations -Wno-stringop-overflow -Wno-error=pedantic -Wno-error=redundant-decls -Wno-error=old-style-cast -fdiagnostics-color=always -faligned-new -Wno-unused-but-set-variable -Wno-maybe-uninitialized -fno-math-errno -fno-trapping-math -Wno-stringop-overflow, DISABLE_NUMA=1, PERF_WITH_AVX=1, PERF_WITH_AVX2=1, PERF_WITH_AVX512=1, USE_CUDA=True, USE_EXCEPTION_PTR=1, USE_GFLAGS=OFF, USE_GLOG=OFF, USE_MKL=ON, USE_MKLDNN=ON, USE_MPI=OFF, USE_NCCL=ON, USE_NNPACK=ON, USE_OPENMP=ON, USE_STATIC_DISPATCH=OFF, 

TorchVision: 0.4.2+cu100
OpenCV: 4.4.0
MMCV: 1.0.5
MMDetection: 2.3.0+788fa8d
MMDetection Compiler: GCC 7.3
MMDetection CUDA Compiler: 10.0
------------------------------------------------------------

2020-11-21 18:13:20,553 - mmdet - INFO - Distributed training: False
2020-11-21 18:13:20,948 - mmdet - INFO - Config:
model = dict(
    type='FasterRCNN',
    pretrained='torchvision://resnet50',
    backbone=dict(
        type='ResNet',
        depth=50,
        num_stages=4,
        out_indices=(0, 1, 2, 3),
        frozen_stages=1,
        norm_cfg=dict(type='BN', requires_grad=True),
        norm_eval=True,
        style='pytorch'),
    neck=dict(
        type='FPN',
        in_channels=[256, 512, 1024, 2048],
        out_channels=256,
        num_outs=5),
    rpn_head=dict(
        type='RPNHead',
        in_channels=256,
        feat_channels=256,
        anchor_generator=dict(
            type='AnchorGenerator',
            scales=[8],
            ratios=[0.5, 1.0, 2.0],
            strides=[4, 8, 16, 32, 64]),
        bbox_coder=dict(
            type='DeltaXYWHBBoxCoder',
            target_means=[0.0, 0.0, 0.0, 0.0],
            target_stds=[1.0, 1.0, 1.0, 1.0]),
        loss_cls=dict(
            type='CrossEntropyLoss', use_sigmoid=True, loss_weight=1.0),
        loss_bbox=dict(type='L1Loss', loss_weight=1.0)),
    roi_head=dict(
        type='StandardRoIHead',
        bbox_roi_extractor=dict(
            type='SingleRoIExtractor',
            roi_layer=dict(type='RoIAlign', output_size=7, sampling_ratio=0),
            out_channels=256,
            featmap_strides=[4, 8, 16, 32]),
        bbox_head=dict(
            type='Shared2FCBBoxHead',
            in_channels=256,
            fc_out_channels=1024,
            roi_feat_size=7,
            num_classes=2,
            bbox_coder=dict(
                type='DeltaXYWHBBoxCoder',
                target_means=[0.0, 0.0, 0.0, 0.0],
                target_stds=[0.1, 0.1, 0.2, 0.2]),
            reg_class_agnostic=False,
            loss_cls=dict(
                type='CrossEntropyLoss', use_sigmoid=False, loss_weight=1.0),
            loss_bbox=dict(type='L1Loss', loss_weight=1.0))))
train_cfg = dict(
    rpn=dict(
        assigner=dict(
            type='MaxIoUAssigner',
            pos_iou_thr=0.7,
            neg_iou_thr=0.3,
            min_pos_iou=0.3,
            match_low_quality=True,
            ignore_iof_thr=-1),
        sampler=dict(
            type='RandomSampler',
            num=256,
            pos_fraction=0.5,
            neg_pos_ub=-1,
            add_gt_as_proposals=False),
        allowed_border=-1,
        pos_weight=-1,
        debug=False),
    rpn_proposal=dict(
        nms_across_levels=False,
        nms_pre=2000,
        nms_post=1000,
        max_num=1000,
        nms_thr=0.7,
        min_bbox_size=0),
    rcnn=dict(
        assigner=dict(
            type='MaxIoUAssigner',
            pos_iou_thr=0.5,
            neg_iou_thr=0.5,
            min_pos_iou=0.5,
            match_low_quality=False,
            ignore_iof_thr=-1),
        sampler=dict(
            type='RandomSampler',
            num=512,
            pos_fraction=0.25,
            neg_pos_ub=-1,
            add_gt_as_proposals=True),
        pos_weight=-1,
        debug=False))
test_cfg = dict(
    rpn=dict(
        nms_across_levels=False,
        nms_pre=1000,
        nms_post=1000,
        max_num=1000,
        nms_thr=0.7,
        min_bbox_size=0),
    rcnn=dict(
        score_thr=0.05,
        nms=dict(type='nms', iou_threshold=0.5),
        max_per_img=100))
dataset_type = 'CocoDataset'
data_root = 'data/coco/'
img_norm_cfg = dict(
    mean=[123.675, 116.28, 103.53], std=[58.395, 57.12, 57.375], to_rgb=True)
train_pipeline = [
    dict(type='LoadImageFromFile'),
    dict(type='LoadAnnotations', with_bbox=True),
    dict(type='Resize', img_scale=(1550, 1550), keep_ratio=True),
    dict(type='RandomFlip', flip_ratio=0.5),
    dict(
        type='Normalize',
        mean=[123.675, 116.28, 103.53],
        std=[58.395, 57.12, 57.375],
        to_rgb=True),
    dict(type='Pad', size_divisor=32),
    dict(type='DefaultFormatBundle'),
    dict(type='Collect', keys=['img', 'gt_bboxes', 'gt_labels'])
]
test_pipeline = [
    dict(type='LoadImageFromFile'),
    dict(
        type='MultiScaleFlipAug',
        img_scale=(1550, 1550),
        flip=False,
        transforms=[
            dict(type='Resize', keep_ratio=True),
            dict(type='RandomFlip'),
            dict(
                type='Normalize',
                mean=[123.675, 116.28, 103.53],
                std=[58.395, 57.12, 57.375],
                to_rgb=True),
            dict(type='Pad', size_divisor=32),
            dict(type='ImageToTensor', keys=['img']),
            dict(type='Collect', keys=['img'])
        ])
]
data = dict(
    samples_per_gpu=2,
    workers_per_gpu=2,
    train=dict(
        type='CocoDataset',
        ann_file='data/coco/annotations/annotations_trai.json',
        img_prefix='data/coco/img/',
        pipeline=[
            dict(type='LoadImageFromFile'),
            dict(type='LoadAnnotations', with_bbox=True),
            dict(type='Resize', img_scale=(1550, 1550), keep_ratio=True),
            dict(type='RandomFlip', flip_ratio=0.5),
            dict(
                type='Normalize',
                mean=[123.675, 116.28, 103.53],
                std=[58.395, 57.12, 57.375],
                to_rgb=True),
            dict(type='Pad', size_divisor=32),
            dict(type='DefaultFormatBundle'),
            dict(type='Collect', keys=['img', 'gt_bboxes', 'gt_labels'])
        ]),
    val=dict(
        type='CocoDataset',
        ann_file='data/coco/annotations/annotations_test.json',
        img_prefix='data/coco/img/',
        pipeline=[
            dict(type='LoadImageFromFile'),
            dict(
                type='MultiScaleFlipAug',
                img_scale=(1550, 1550),
                flip=False,
                transforms=[
                    dict(type='Resize', keep_ratio=True),
                    dict(type='RandomFlip'),
                    dict(
                        type='Normalize',
                        mean=[123.675, 116.28, 103.53],
                        std=[58.395, 57.12, 57.375],
                        to_rgb=True),
                    dict(type='Pad', size_divisor=32),
                    dict(type='ImageToTensor', keys=['img']),
                    dict(type='Collect', keys=['img'])
                ])
        ]),
    test=dict(
        type='CocoDataset',
        ann_file='data/coco/annotations/annotations_vals.json',
        img_prefix='data/coco/img/',
        pipeline=[
            dict(type='LoadImageFromFile'),
            dict(
                type='MultiScaleFlipAug',
                img_scale=(1550, 1550),
                flip=False,
                transforms=[
                    dict(type='Resize', keep_ratio=True),
                    dict(type='RandomFlip'),
                    dict(
                        type='Normalize',
                        mean=[123.675, 116.28, 103.53],
                        std=[58.395, 57.12, 57.375],
                        to_rgb=True),
                    dict(type='Pad', size_divisor=32),
                    dict(type='ImageToTensor', keys=['img']),
                    dict(type='Collect', keys=['img'])
                ])
        ]))
evaluation = dict(interval=1, metric='bbox')
optimizer = dict(type='SGD', lr=0.01, momentum=0.9, weight_decay=0.0001)
optimizer_config = dict(grad_clip=None)
lr_config = dict(
    policy='step',
    warmup='linear',
    warmup_iters=500,
    warmup_ratio=0.001,
    step=[8, 11])
total_epochs = 4
checkpoint_config = dict(interval=4)
log_config = dict(interval=100, hooks=[dict(type='TextLoggerHook')])
dist_params = dict(backend='nccl')
log_level = 'INFO'
load_from = '/home/admin/.cache/torch/checkpoints/X.pth'
resume_from = None
workflow = [('train', 2), ('val', 1)]
work_dir = '/home/admin/jupyter/SecurityAI_Round5/data/work'
gpu_ids = range(0, 1)

2020-11-21 18:13:21,450 - mmdet - INFO - load model from: torchvision://resnet50
2020-11-21 18:13:29,234 - mmdet - WARNING - The model and loaded state dict do not match exactly

unexpected key in source state_dict: fc.weight, fc.bias

2020-11-21 18:13:39,488 - mmdet - INFO - load checkpoint from /home/admin/.cache/torch/checkpoints/X.pth
2020-11-21 18:13:46,087 - mmdet - INFO - Start running, host: admin@fuxilabor_labor0_S4_Odps_S96_dsw_prepaid_cnsh_838_2020112106175, work_dir: /home/admin/jupyter/SecurityAI_Round5/data/work
2020-11-21 18:13:46,087 - mmdet - INFO - workflow: [('train', 2), ('val', 1)], max: 4 epochs
2020-11-21 18:15:03,437 - mmdet - INFO - Epoch [1][100/618]	lr: 1.988e-03, eta: 0:30:30, time: 0.772, data_time: 0.034, memory: 8804, loss_rpn_cls: 0.0038, loss_rpn_bbox: 0.0303, loss_cls: 0.0347, acc: 98.5859, loss_bbox: 0.0774, loss: 0.1461
2020-11-21 18:16:18,098 - mmdet - INFO - Epoch [1][200/618]	lr: 3.986e-03, eta: 0:28:44, time: 0.747, data_time: 0.012, memory: 8888, loss_rpn_cls: 0.0037, loss_rpn_bbox: 0.0275, loss_cls: 0.0366, acc: 98.5654, loss_bbox: 0.0759, loss: 0.1438
2020-11-21 18:17:32,800 - mmdet - INFO - Epoch [1][300/618]	lr: 5.984e-03, eta: 0:27:19, time: 0.747, data_time: 0.012, memory: 9844, loss_rpn_cls: 0.0031, loss_rpn_bbox: 0.0285, loss_cls: 0.0342, acc: 98.5742, loss_bbox: 0.0728, loss: 0.1386
2020-11-21 18:18:47,423 - mmdet - INFO - Epoch [1][400/618]	lr: 7.982e-03, eta: 0:25:59, time: 0.746, data_time: 0.012, memory: 9844, loss_rpn_cls: 0.0022, loss_rpn_bbox: 0.0293, loss_cls: 0.0314, acc: 98.6885, loss_bbox: 0.0794, loss: 0.1423
2020-11-21 18:20:02,392 - mmdet - INFO - Epoch [1][500/618]	lr: 9.980e-03, eta: 0:24:43, time: 0.750, data_time: 0.012, memory: 11909, loss_rpn_cls: 0.0045, loss_rpn_bbox: 0.0364, loss_cls: 0.0450, acc: 98.1162, loss_bbox: 0.0970, loss: 0.1830
2020-11-21 18:21:17,213 - mmdet - INFO - Epoch [1][600/618]	lr: 1.000e-02, eta: 0:23:26, time: 0.748, data_time: 0.012, memory: 11909, loss_rpn_cls: 0.0038, loss_rpn_bbox: 0.0348, loss_cls: 0.0356, acc: 98.4971, loss_bbox: 0.0842, loss: 0.1583
2020-11-21 18:21:56,078 - mmdet - INFO - Evaluating bbox...
2020-11-21 18:21:58,015 - mmdet - INFO - Epoch [1][618/618]	lr: 1.000e-02, bbox_mAP: 0.8370, bbox_mAP_50: 0.9090, bbox_mAP_75: 0.8940, bbox_mAP_s: 0.6330, bbox_mAP_m: 0.8660, bbox_mAP_l: 0.8950, bbox_mAP_copypaste: 0.837 0.909 0.894 0.633 0.866 0.895
2020-11-21 18:23:14,863 - mmdet - INFO - Epoch [2][100/618]	lr: 1.000e-02, eta: 0:21:28, time: 0.767, data_time: 0.034, memory: 11909, loss_rpn_cls: 0.0030, loss_rpn_bbox: 0.0362, loss_cls: 0.0396, acc: 98.3828, loss_bbox: 0.0911, loss: 0.1700
2020-11-21 18:24:29,706 - mmdet - INFO - Epoch [2][200/618]	lr: 1.000e-02, eta: 0:20:18, time: 0.748, data_time: 0.012, memory: 11909, loss_rpn_cls: 0.0040, loss_rpn_bbox: 0.0363, loss_cls: 0.0398, acc: 98.4209, loss_bbox: 0.0927, loss: 0.1727
2020-11-21 18:25:44,536 - mmdet - INFO - Epoch [2][300/618]	lr: 1.000e-02, eta: 0:19:06, time: 0.748, data_time: 0.012, memory: 11909, loss_rpn_cls: 0.0028, loss_rpn_bbox: 0.0328, loss_cls: 0.0333, acc: 98.6514, loss_bbox: 0.0843, loss: 0.1532
2020-11-21 18:26:59,472 - mmdet - INFO - Epoch [2][400/618]	lr: 1.000e-02, eta: 0:17:54, time: 0.749, data_time: 0.012, memory: 11909, loss_rpn_cls: 0.0041, loss_rpn_bbox: 0.0369, loss_cls: 0.0454, acc: 98.1172, loss_bbox: 0.0914, loss: 0.1778
2020-11-21 18:28:14,958 - mmdet - INFO - Epoch [2][500/618]	lr: 1.000e-02, eta: 0:16:42, time: 0.755, data_time: 0.012, memory: 11909, loss_rpn_cls: 0.0035, loss_rpn_bbox: 0.0349, loss_cls: 0.0412, acc: 98.1885, loss_bbox: 0.0832, loss: 0.1628
2020-11-21 18:29:29,732 - mmdet - INFO - Epoch [2][600/618]	lr: 1.000e-02, eta: 0:15:29, time: 0.748, data_time: 0.012, memory: 11909, loss_rpn_cls: 0.0044, loss_rpn_bbox: 0.0379, loss_cls: 0.0416, acc: 98.2295, loss_bbox: 0.0874, loss: 0.1712
2020-11-21 18:30:08,785 - mmdet - INFO - Evaluating bbox...
2020-11-21 18:30:10,667 - mmdet - INFO - Epoch [2][618/618]	lr: 1.000e-02, bbox_mAP: 0.8450, bbox_mAP_50: 0.9090, bbox_mAP_75: 0.9040, bbox_mAP_s: 0.6350, bbox_mAP_m: 0.8670, bbox_mAP_l: 0.9050, bbox_mAP_copypaste: 0.845 0.909 0.904 0.635 0.867 0.905
2020-11-21 18:30:42,592 - mmdet - INFO - Epoch(train) [2][80]	loss_rpn_cls: 0.0040, loss_rpn_bbox: 0.0369, loss_cls: 0.0423, acc: 98.2300, loss_bbox: 0.0971, loss: 0.1803
2020-11-21 18:31:59,432 - mmdet - INFO - Epoch [3][100/618]	lr: 1.000e-02, eta: 0:13:52, time: 0.766, data_time: 0.034, memory: 11909, loss_rpn_cls: 0.0033, loss_rpn_bbox: 0.0333, loss_cls: 0.0347, acc: 98.5732, loss_bbox: 0.0815, loss: 0.1529
2020-11-21 18:33:14,036 - mmdet - INFO - Epoch [3][200/618]	lr: 1.000e-02, eta: 0:12:40, time: 0.746, data_time: 0.012, memory: 11909, loss_rpn_cls: 0.0044, loss_rpn_bbox: 0.0349, loss_cls: 0.0382, acc: 98.3926, loss_bbox: 0.0846, loss: 0.1621
2020-11-21 18:34:28,957 - mmdet - INFO - Epoch [3][300/618]	lr: 1.000e-02, eta: 0:11:27, time: 0.749, data_time: 0.012, memory: 11909, loss_rpn_cls: 0.0052, loss_rpn_bbox: 0.0380, loss_cls: 0.0398, acc: 98.3506, loss_bbox: 0.0873, loss: 0.1703
2020-11-21 18:35:43,797 - mmdet - INFO - Epoch [3][400/618]	lr: 1.000e-02, eta: 0:10:14, time: 0.748, data_time: 0.012, memory: 11909, loss_rpn_cls: 0.0035, loss_rpn_bbox: 0.0357, loss_cls: 0.0354, acc: 98.4863, loss_bbox: 0.0852, loss: 0.1597
2020-11-21 18:36:58,159 - mmdet - INFO - Epoch [3][500/618]	lr: 1.000e-02, eta: 0:09:01, time: 0.744, data_time: 0.012, memory: 11909, loss_rpn_cls: 0.0049, loss_rpn_bbox: 0.0335, loss_cls: 0.0332, acc: 98.6777, loss_bbox: 0.0779, loss: 0.1495
2020-11-21 18:38:13,556 - mmdet - INFO - Epoch [3][600/618]	lr: 1.000e-02, eta: 0:07:48, time: 0.754, data_time: 0.012, memory: 11909, loss_rpn_cls: 0.0036, loss_rpn_bbox: 0.0373, loss_cls: 0.0350, acc: 98.5771, loss_bbox: 0.0871, loss: 0.1630
2020-11-21 18:38:52,758 - mmdet - INFO - Evaluating bbox...
2020-11-21 18:38:54,746 - mmdet - INFO - Epoch [3][618/618]	lr: 1.000e-02, bbox_mAP: 0.8490, bbox_mAP_50: 0.9140, bbox_mAP_75: 0.9080, bbox_mAP_s: 0.6210, bbox_mAP_m: 0.8680, bbox_mAP_l: 0.9150, bbox_mAP_copypaste: 0.849 0.914 0.908 0.621 0.868 0.915
2020-11-21 18:40:11,781 - mmdet - INFO - Epoch [4][100/618]	lr: 1.000e-02, eta: 0:06:19, time: 0.768, data_time: 0.033, memory: 11909, loss_rpn_cls: 0.0031, loss_rpn_bbox: 0.0358, loss_cls: 0.0329, acc: 98.6191, loss_bbox: 0.0841, loss: 0.1559
2020-11-21 18:41:26,682 - mmdet - INFO - Epoch [4][200/618]	lr: 1.000e-02, eta: 0:05:06, time: 0.749, data_time: 0.012, memory: 11909, loss_rpn_cls: 0.0045, loss_rpn_bbox: 0.0358, loss_cls: 0.0329, acc: 98.6680, loss_bbox: 0.0810, loss: 0.1542
2020-11-21 18:42:41,784 - mmdet - INFO - Epoch [4][300/618]	lr: 1.000e-02, eta: 0:03:53, time: 0.751, data_time: 0.012, memory: 11909, loss_rpn_cls: 0.0033, loss_rpn_bbox: 0.0333, loss_cls: 0.0330, acc: 98.7012, loss_bbox: 0.0794, loss: 0.1490
2020-11-21 18:43:56,424 - mmdet - INFO - Epoch [4][400/618]	lr: 1.000e-02, eta: 0:02:40, time: 0.746, data_time: 0.012, memory: 11909, loss_rpn_cls: 0.0035, loss_rpn_bbox: 0.0358, loss_cls: 0.0367, acc: 98.5039, loss_bbox: 0.0863, loss: 0.1623
2020-11-21 18:45:11,092 - mmdet - INFO - Epoch [4][500/618]	lr: 1.000e-02, eta: 0:01:26, time: 0.747, data_time: 0.012, memory: 11909, loss_rpn_cls: 0.0034, loss_rpn_bbox: 0.0346, loss_cls: 0.0367, acc: 98.4150, loss_bbox: 0.0859, loss: 0.1606
2020-11-21 18:46:25,733 - mmdet - INFO - Epoch [4][600/618]	lr: 1.000e-02, eta: 0:00:13, time: 0.746, data_time: 0.012, memory: 11909, loss_rpn_cls: 0.0035, loss_rpn_bbox: 0.0337, loss_cls: 0.0425, acc: 98.1211, loss_bbox: 0.0863, loss: 0.1660
2020-11-21 18:46:39,059 - mmdet - INFO - Saving checkpoint at 4 epochs
2020-11-21 18:47:06,785 - mmdet - INFO - Evaluating bbox...
2020-11-21 18:47:08,776 - mmdet - INFO - Epoch [4][618/618]	lr: 1.000e-02, bbox_mAP: 0.8480, bbox_mAP_50: 0.9140, bbox_mAP_75: 0.9050, bbox_mAP_s: 0.6250, bbox_mAP_m: 0.8660, bbox_mAP_l: 0.9080, bbox_mAP_copypaste: 0.848 0.914 0.905 0.625 0.866 0.908
2020-11-21 18:47:40,854 - mmdet - INFO - Epoch(train) [4][80]	loss_rpn_cls: 0.0043, loss_rpn_bbox: 0.0404, loss_cls: 0.0389, acc: 98.4033, loss_bbox: 0.0991, loss: 0.1827
