2020-11-23 23:54:36,916 - mmdet - INFO - Environment info:
------------------------------------------------------------
sys.platform: linux
Python: 3.6.4 |Anaconda, Inc.| (default, Jan 16 2018, 18:10:19) [GCC 7.2.0]
CUDA available: True
CUDA_HOME: /usr/local/cuda
NVCC: Cuda compilation tools, release 10.0, V10.0.130
GPU 0: Tesla P100-PCIE-16GB
GCC: gcc (GCC) 5.3.0
PyTorch: 1.3.1+cu100
PyTorch compiling details: PyTorch built with:
  - GCC 7.3
  - Intel(R) Math Kernel Library Version 2019.0.4 Product Build 20190411 for Intel(R) 64 architecture applications
  - Intel(R) MKL-DNN v0.20.5 (Git Hash 0125f28c61c1f822fd48570b4c1066f96fcb9b2e)
  - OpenMP 201511 (a.k.a. OpenMP 4.5)
  - NNPACK is enabled
  - CUDA Runtime 10.0
  - NVCC architecture flags: -gencode;arch=compute_37,code=sm_37;-gencode;arch=compute_50,code=sm_50;-gencode;arch=compute_60,code=sm_60;-gencode;arch=compute_61,code=sm_61;-gencode;arch=compute_70,code=sm_70;-gencode;arch=compute_75,code=sm_75;-gencode;arch=compute_37,code=compute_37
  - CuDNN 7.6.3
  - Magma 2.5.1
  - Build settings: BLAS=MKL, BUILD_NAMEDTENSOR=OFF, BUILD_TYPE=Release, CXX_FLAGS= -Wno-deprecated -fvisibility-inlines-hidden -fopenmp -DUSE_FBGEMM -DUSE_QNNPACK -DUSE_PYTORCH_QNNPACK -O2 -fPIC -Wno-narrowing -Wall -Wextra -Wno-missing-field-initializers -Wno-type-limits -Wno-array-bounds -Wno-unknown-pragmas -Wno-sign-compare -Wno-unused-parameter -Wno-unused-variable -Wno-unused-function -Wno-unused-result -Wno-strict-overflow -Wno-strict-aliasing -Wno-error=deprecated-declarations -Wno-stringop-overflow -Wno-error=pedantic -Wno-error=redundant-decls -Wno-error=old-style-cast -fdiagnostics-color=always -faligned-new -Wno-unused-but-set-variable -Wno-maybe-uninitialized -fno-math-errno -fno-trapping-math -Wno-stringop-overflow, DISABLE_NUMA=1, PERF_WITH_AVX=1, PERF_WITH_AVX2=1, PERF_WITH_AVX512=1, USE_CUDA=True, USE_EXCEPTION_PTR=1, USE_GFLAGS=OFF, USE_GLOG=OFF, USE_MKL=ON, USE_MKLDNN=ON, USE_MPI=OFF, USE_NCCL=ON, USE_NNPACK=ON, USE_OPENMP=ON, USE_STATIC_DISPATCH=OFF, 

TorchVision: 0.4.2+cu100
OpenCV: 4.4.0
MMCV: 1.0.5
MMDetection: 2.3.0+788fa8d
MMDetection Compiler: GCC 7.3
MMDetection CUDA Compiler: 10.0
------------------------------------------------------------

2020-11-23 23:54:36,917 - mmdet - INFO - Distributed training: False
2020-11-23 23:54:37,310 - mmdet - INFO - Config:
model = dict(
    type='FasterRCNN',
    pretrained='torchvision://resnet50',
    backbone=dict(
        type='ResNet',
        depth=50,
        num_stages=4,
        out_indices=(0, 1, 2, 3),
        frozen_stages=1,
        norm_cfg=dict(type='BN', requires_grad=True),
        norm_eval=True,
        style='pytorch'),
    neck=dict(
        type='FPN',
        in_channels=[256, 512, 1024, 2048],
        out_channels=256,
        num_outs=5),
    rpn_head=dict(
        type='RPNHead',
        in_channels=256,
        feat_channels=256,
        anchor_generator=dict(
            type='AnchorGenerator',
            scales=[8],
            ratios=[0.5, 1.0, 2.0],
            strides=[4, 8, 16, 32, 64]),
        bbox_coder=dict(
            type='DeltaXYWHBBoxCoder',
            target_means=[0.0, 0.0, 0.0, 0.0],
            target_stds=[1.0, 1.0, 1.0, 1.0]),
        loss_cls=dict(
            type='CrossEntropyLoss', use_sigmoid=True, loss_weight=1.0),
        loss_bbox=dict(type='L1Loss', loss_weight=1.0)),
    roi_head=dict(
        type='StandardRoIHead',
        bbox_roi_extractor=dict(
            type='SingleRoIExtractor',
            roi_layer=dict(type='RoIAlign', output_size=7, sampling_ratio=0),
            out_channels=256,
            featmap_strides=[4, 8, 16, 32]),
        bbox_head=dict(
            type='Shared2FCBBoxHead',
            in_channels=256,
            fc_out_channels=1024,
            roi_feat_size=7,
            num_classes=2,
            bbox_coder=dict(
                type='DeltaXYWHBBoxCoder',
                target_means=[0.0, 0.0, 0.0, 0.0],
                target_stds=[0.1, 0.1, 0.2, 0.2]),
            reg_class_agnostic=False,
            loss_cls=dict(
                type='CrossEntropyLoss', use_sigmoid=False, loss_weight=1.0),
            loss_bbox=dict(type='L1Loss', loss_weight=1.0))))
train_cfg = dict(
    rpn=dict(
        assigner=dict(
            type='MaxIoUAssigner',
            pos_iou_thr=0.7,
            neg_iou_thr=0.3,
            min_pos_iou=0.3,
            match_low_quality=True,
            ignore_iof_thr=-1),
        sampler=dict(
            type='RandomSampler',
            num=256,
            pos_fraction=0.5,
            neg_pos_ub=-1,
            add_gt_as_proposals=False),
        allowed_border=-1,
        pos_weight=-1,
        debug=False),
    rpn_proposal=dict(
        nms_across_levels=False,
        nms_pre=2000,
        nms_post=1000,
        max_num=1000,
        nms_thr=0.7,
        min_bbox_size=0),
    rcnn=dict(
        assigner=dict(
            type='MaxIoUAssigner',
            pos_iou_thr=0.5,
            neg_iou_thr=0.5,
            min_pos_iou=0.5,
            match_low_quality=False,
            ignore_iof_thr=-1),
        sampler=dict(
            type='RandomSampler',
            num=512,
            pos_fraction=0.25,
            neg_pos_ub=-1,
            add_gt_as_proposals=True),
        pos_weight=-1,
        debug=False))
test_cfg = dict(
    rpn=dict(
        nms_across_levels=False,
        nms_pre=1000,
        nms_post=1000,
        max_num=1000,
        nms_thr=0.7,
        min_bbox_size=0),
    rcnn=dict(
        score_thr=0.05,
        nms=dict(type='nms', iou_threshold=0.5),
        max_per_img=100))
dataset_type = 'CocoDataset'
data_root = 'data/coco/'
img_norm_cfg = dict(
    mean=[123.675, 116.28, 103.53], std=[58.395, 57.12, 57.375], to_rgb=True)
train_pipeline = [
    dict(type='LoadImageFromFile'),
    dict(type='LoadAnnotations', with_bbox=True),
    dict(type='Resize', img_scale=(1550, 1550), keep_ratio=True),
    dict(type='RandomFlip', flip_ratio=0.5),
    dict(
        type='Normalize',
        mean=[123.675, 116.28, 103.53],
        std=[58.395, 57.12, 57.375],
        to_rgb=True),
    dict(type='Pad', size_divisor=32),
    dict(type='DefaultFormatBundle'),
    dict(type='Collect', keys=['img', 'gt_bboxes', 'gt_labels'])
]
test_pipeline = [
    dict(type='LoadImageFromFile'),
    dict(
        type='MultiScaleFlipAug',
        img_scale=(1550, 1550),
        flip=False,
        transforms=[
            dict(type='Resize', keep_ratio=True),
            dict(type='RandomFlip'),
            dict(
                type='Normalize',
                mean=[123.675, 116.28, 103.53],
                std=[58.395, 57.12, 57.375],
                to_rgb=True),
            dict(type='Pad', size_divisor=32),
            dict(type='ImageToTensor', keys=['img']),
            dict(type='Collect', keys=['img'])
        ])
]
data = dict(
    samples_per_gpu=2,
    workers_per_gpu=2,
    train=dict(
        type='CocoDataset',
        ann_file='data/coco/annotations/annotations_trai.json',
        img_prefix='data/coco/img/',
        pipeline=[
            dict(type='LoadImageFromFile'),
            dict(type='LoadAnnotations', with_bbox=True),
            dict(type='Resize', img_scale=(1550, 1550), keep_ratio=True),
            dict(type='RandomFlip', flip_ratio=0.5),
            dict(
                type='Normalize',
                mean=[123.675, 116.28, 103.53],
                std=[58.395, 57.12, 57.375],
                to_rgb=True),
            dict(type='Pad', size_divisor=32),
            dict(type='DefaultFormatBundle'),
            dict(type='Collect', keys=['img', 'gt_bboxes', 'gt_labels'])
        ]),
    val=dict(
        type='CocoDataset',
        ann_file='data/coco/annotations/annotations_test.json',
        img_prefix='data/coco/img/',
        pipeline=[
            dict(type='LoadImageFromFile'),
            dict(
                type='MultiScaleFlipAug',
                img_scale=(1550, 1550),
                flip=False,
                transforms=[
                    dict(type='Resize', keep_ratio=True),
                    dict(type='RandomFlip'),
                    dict(
                        type='Normalize',
                        mean=[123.675, 116.28, 103.53],
                        std=[58.395, 57.12, 57.375],
                        to_rgb=True),
                    dict(type='Pad', size_divisor=32),
                    dict(type='ImageToTensor', keys=['img']),
                    dict(type='Collect', keys=['img'])
                ])
        ]),
    test=dict(
        type='CocoDataset',
        ann_file='data/coco/annotations/annotations_vals.json',
        img_prefix='data/coco/img/',
        pipeline=[
            dict(type='LoadImageFromFile'),
            dict(
                type='MultiScaleFlipAug',
                img_scale=(1550, 1550),
                flip=False,
                transforms=[
                    dict(type='Resize', keep_ratio=True),
                    dict(type='RandomFlip'),
                    dict(
                        type='Normalize',
                        mean=[123.675, 116.28, 103.53],
                        std=[58.395, 57.12, 57.375],
                        to_rgb=True),
                    dict(type='Pad', size_divisor=32),
                    dict(type='ImageToTensor', keys=['img']),
                    dict(type='Collect', keys=['img'])
                ])
        ]))
evaluation = dict(interval=1, metric='bbox')
optimizer = dict(type='SGD', lr=0.01, momentum=0.9, weight_decay=0.0001)
optimizer_config = dict(grad_clip=None)
lr_config = dict(
    policy='step',
    warmup='linear',
    warmup_iters=500,
    warmup_ratio=0.001,
    step=[8, 11])
total_epochs = 4
checkpoint_config = dict(interval=4)
log_config = dict(interval=100, hooks=[dict(type='TextLoggerHook')])
dist_params = dict(backend='nccl')
log_level = 'INFO'
load_from = '/home/admin/.cache/torch/checkpoints/X.pth'
resume_from = None
workflow = [('train', 2), ('val', 1)]
work_dir = '/home/admin/jupyter/SecurityAI_Round5/data/work'
gpu_ids = range(0, 1)

2020-11-23 23:54:37,844 - mmdet - INFO - load model from: torchvision://resnet50
2020-11-23 23:54:45,825 - mmdet - WARNING - The model and loaded state dict do not match exactly

unexpected key in source state_dict: fc.weight, fc.bias

2020-11-23 23:54:56,065 - mmdet - INFO - load checkpoint from /home/admin/.cache/torch/checkpoints/X.pth
2020-11-23 23:55:02,759 - mmdet - INFO - Start running, host: admin@fuxilabor_labor0_S4_Odps_S96_dsw_prepaid_cnsh_838_2020112313382, work_dir: /home/admin/jupyter/SecurityAI_Round5/data/work
2020-11-23 23:55:02,759 - mmdet - INFO - workflow: [('train', 2), ('val', 1)], max: 4 epochs
2020-11-23 23:56:20,203 - mmdet - INFO - Epoch [1][100/625]	lr: 1.988e-03, eta: 0:30:53, time: 0.772, data_time: 0.033, memory: 10048, loss_rpn_cls: 0.0034, loss_rpn_bbox: 0.0299, loss_cls: 0.0371, acc: 98.4795, loss_bbox: 0.0786, loss: 0.1490
2020-11-23 23:57:34,762 - mmdet - INFO - Epoch [1][200/625]	lr: 3.986e-03, eta: 0:29:05, time: 0.746, data_time: 0.012, memory: 10048, loss_rpn_cls: 0.0021, loss_rpn_bbox: 0.0253, loss_cls: 0.0292, acc: 98.7852, loss_bbox: 0.0694, loss: 0.1259
2020-11-23 23:58:49,826 - mmdet - INFO - Epoch [1][300/625]	lr: 5.984e-03, eta: 0:27:43, time: 0.751, data_time: 0.012, memory: 11909, loss_rpn_cls: 0.0040, loss_rpn_bbox: 0.0286, loss_cls: 0.0311, acc: 98.7217, loss_bbox: 0.0674, loss: 0.1310
2020-11-24 00:00:05,317 - mmdet - INFO - Epoch [1][400/625]	lr: 7.982e-03, eta: 0:26:27, time: 0.755, data_time: 0.012, memory: 11909, loss_rpn_cls: 0.0072, loss_rpn_bbox: 0.0276, loss_cls: 0.0327, acc: 98.6367, loss_bbox: 0.0690, loss: 0.1365
2020-11-24 00:01:19,711 - mmdet - INFO - Epoch [1][500/625]	lr: 9.980e-03, eta: 0:25:07, time: 0.744, data_time: 0.012, memory: 11909, loss_rpn_cls: 0.0037, loss_rpn_bbox: 0.0297, loss_cls: 0.0333, acc: 98.6738, loss_bbox: 0.0703, loss: 0.1371
2020-11-24 00:02:34,987 - mmdet - INFO - Epoch [1][600/625]	lr: 1.000e-02, eta: 0:23:51, time: 0.753, data_time: 0.012, memory: 11909, loss_rpn_cls: 0.0042, loss_rpn_bbox: 0.0337, loss_cls: 0.0381, acc: 98.3760, loss_bbox: 0.0837, loss: 0.1596
2020-11-24 00:03:18,362 - mmdet - INFO - Evaluating bbox...
2020-11-24 00:03:21,024 - mmdet - INFO - Epoch [1][625/625]	lr: 1.000e-02, bbox_mAP: 0.8200, bbox_mAP_50: 0.8920, bbox_mAP_75: 0.8740, bbox_mAP_s: 0.5140, bbox_mAP_m: 0.8430, bbox_mAP_l: 0.8940, bbox_mAP_copypaste: 0.820 0.892 0.874 0.514 0.843 0.894
2020-11-24 00:04:37,760 - mmdet - INFO - Epoch [2][100/625]	lr: 1.000e-02, eta: 0:21:34, time: 0.765, data_time: 0.033, memory: 11909, loss_rpn_cls: 0.0117, loss_rpn_bbox: 0.0377, loss_cls: 0.0492, acc: 98.1670, loss_bbox: 0.0872, loss: 0.1858
2020-11-24 00:05:52,466 - mmdet - INFO - Epoch [2][200/625]	lr: 1.000e-02, eta: 0:20:24, time: 0.747, data_time: 0.012, memory: 11909, loss_rpn_cls: 0.0261, loss_rpn_bbox: 0.0490, loss_cls: 0.0789, acc: 96.9922, loss_bbox: 0.1047, loss: 0.2587
2020-11-24 00:07:07,068 - mmdet - INFO - Epoch [2][300/625]	lr: 1.000e-02, eta: 0:19:14, time: 0.746, data_time: 0.012, memory: 11909, loss_rpn_cls: 0.0327, loss_rpn_bbox: 0.0471, loss_cls: 0.0801, acc: 97.0303, loss_bbox: 0.1015, loss: 0.2613
2020-11-24 00:08:21,518 - mmdet - INFO - Epoch [2][400/625]	lr: 1.000e-02, eta: 0:18:02, time: 0.744, data_time: 0.012, memory: 11909, loss_rpn_cls: 0.0173, loss_rpn_bbox: 0.0487, loss_cls: 0.0771, acc: 96.9951, loss_bbox: 0.1120, loss: 0.2552
2020-11-24 00:09:35,989 - mmdet - INFO - Epoch [2][500/625]	lr: 1.000e-02, eta: 0:16:50, time: 0.745, data_time: 0.012, memory: 11909, loss_rpn_cls: 0.0153, loss_rpn_bbox: 0.0461, loss_cls: 0.0733, acc: 97.1250, loss_bbox: 0.1099, loss: 0.2445
2020-11-24 00:10:50,512 - mmdet - INFO - Epoch [2][600/625]	lr: 1.000e-02, eta: 0:15:38, time: 0.745, data_time: 0.012, memory: 11909, loss_rpn_cls: 0.0148, loss_rpn_bbox: 0.0462, loss_cls: 0.0712, acc: 97.2129, loss_bbox: 0.1058, loss: 0.2381
2020-11-24 00:11:33,879 - mmdet - INFO - Evaluating bbox...
2020-11-24 00:11:37,540 - mmdet - INFO - Epoch [2][625/625]	lr: 1.000e-02, bbox_mAP: 0.7750, bbox_mAP_50: 0.8600, bbox_mAP_75: 0.8340, bbox_mAP_s: 0.4360, bbox_mAP_m: 0.7350, bbox_mAP_l: 0.8770, bbox_mAP_copypaste: 0.775 0.860 0.834 0.436 0.735 0.877
2020-11-24 00:12:08,257 - mmdet - INFO - Epoch(train) [2][77]	loss_rpn_cls: 0.0159, loss_rpn_bbox: 0.0443, loss_cls: 0.0704, acc: 97.3531, loss_bbox: 0.0941, loss: 0.2247
2020-11-24 00:13:25,237 - mmdet - INFO - Epoch [3][100/625]	lr: 1.000e-02, eta: 0:13:53, time: 0.768, data_time: 0.034, memory: 11909, loss_rpn_cls: 0.0109, loss_rpn_bbox: 0.0419, loss_cls: 0.0604, acc: 97.5381, loss_bbox: 0.1023, loss: 0.2154
2020-11-24 00:14:39,794 - mmdet - INFO - Epoch [3][200/625]	lr: 1.000e-02, eta: 0:12:42, time: 0.746, data_time: 0.012, memory: 11909, loss_rpn_cls: 0.0052, loss_rpn_bbox: 0.0388, loss_cls: 0.0469, acc: 98.1523, loss_bbox: 0.0953, loss: 0.1862
2020-11-24 00:15:54,626 - mmdet - INFO - Epoch [3][300/625]	lr: 1.000e-02, eta: 0:11:31, time: 0.748, data_time: 0.012, memory: 11909, loss_rpn_cls: 0.0048, loss_rpn_bbox: 0.0395, loss_cls: 0.0431, acc: 98.2959, loss_bbox: 0.0926, loss: 0.1799
2020-11-24 00:17:09,120 - mmdet - INFO - Epoch [3][400/625]	lr: 1.000e-02, eta: 0:10:19, time: 0.745, data_time: 0.012, memory: 11909, loss_rpn_cls: 0.0047, loss_rpn_bbox: 0.0377, loss_cls: 0.0457, acc: 98.1289, loss_bbox: 0.0891, loss: 0.1772
2020-11-24 00:18:23,757 - mmdet - INFO - Epoch [3][500/625]	lr: 1.000e-02, eta: 0:09:07, time: 0.746, data_time: 0.012, memory: 11909, loss_rpn_cls: 0.0051, loss_rpn_bbox: 0.0348, loss_cls: 0.0413, acc: 98.3320, loss_bbox: 0.0820, loss: 0.1632
2020-11-24 00:19:38,762 - mmdet - INFO - Epoch [3][600/625]	lr: 1.000e-02, eta: 0:07:54, time: 0.750, data_time: 0.013, memory: 11909, loss_rpn_cls: 0.0068, loss_rpn_bbox: 0.0407, loss_cls: 0.0481, acc: 98.0391, loss_bbox: 0.0997, loss: 0.1953
2020-11-24 00:20:22,080 - mmdet - INFO - Evaluating bbox...
2020-11-24 00:20:24,698 - mmdet - INFO - Epoch [3][625/625]	lr: 1.000e-02, bbox_mAP: 0.8110, bbox_mAP_50: 0.8860, bbox_mAP_75: 0.8660, bbox_mAP_s: 0.4710, bbox_mAP_m: 0.8140, bbox_mAP_l: 0.9000, bbox_mAP_copypaste: 0.811 0.886 0.866 0.471 0.814 0.900
2020-11-24 00:21:41,666 - mmdet - INFO - Epoch [4][100/625]	lr: 1.000e-02, eta: 0:06:19, time: 0.768, data_time: 0.034, memory: 11909, loss_rpn_cls: 0.0050, loss_rpn_bbox: 0.0329, loss_cls: 0.0394, acc: 98.4531, loss_bbox: 0.0844, loss: 0.1618
2020-11-24 00:22:56,333 - mmdet - INFO - Epoch [4][200/625]	lr: 1.000e-02, eta: 0:05:07, time: 0.747, data_time: 0.012, memory: 11909, loss_rpn_cls: 0.0048, loss_rpn_bbox: 0.0366, loss_cls: 0.0432, acc: 98.2246, loss_bbox: 0.0875, loss: 0.1721
2020-11-24 00:24:10,899 - mmdet - INFO - Epoch [4][300/625]	lr: 1.000e-02, eta: 0:03:55, time: 0.746, data_time: 0.012, memory: 11909, loss_rpn_cls: 0.0056, loss_rpn_bbox: 0.0370, loss_cls: 0.0479, acc: 98.0645, loss_bbox: 0.0923, loss: 0.1827
2020-11-24 00:25:25,759 - mmdet - INFO - Epoch [4][400/625]	lr: 1.000e-02, eta: 0:02:43, time: 0.749, data_time: 0.012, memory: 11909, loss_rpn_cls: 0.0067, loss_rpn_bbox: 0.0376, loss_cls: 0.0511, acc: 97.9316, loss_bbox: 0.0931, loss: 0.1885
2020-11-24 00:26:40,592 - mmdet - INFO - Epoch [4][500/625]	lr: 1.000e-02, eta: 0:01:30, time: 0.748, data_time: 0.012, memory: 11909, loss_rpn_cls: 0.0042, loss_rpn_bbox: 0.0397, loss_cls: 0.0412, acc: 98.2480, loss_bbox: 0.0932, loss: 0.1782
2020-11-24 00:27:55,578 - mmdet - INFO - Epoch [4][600/625]	lr: 1.000e-02, eta: 0:00:18, time: 0.750, data_time: 0.012, memory: 11909, loss_rpn_cls: 0.0039, loss_rpn_bbox: 0.0378, loss_cls: 0.0422, acc: 98.2510, loss_bbox: 0.0949, loss: 0.1788
2020-11-24 00:28:14,308 - mmdet - INFO - Saving checkpoint at 4 epochs
2020-11-24 00:28:40,759 - mmdet - INFO - Evaluating bbox...
2020-11-24 00:28:43,267 - mmdet - INFO - Epoch [4][625/625]	lr: 1.000e-02, bbox_mAP: 0.8180, bbox_mAP_50: 0.8910, bbox_mAP_75: 0.8760, bbox_mAP_s: 0.5190, bbox_mAP_m: 0.8310, bbox_mAP_l: 0.9040, bbox_mAP_copypaste: 0.818 0.891 0.876 0.519 0.831 0.904
2020-11-24 00:29:14,145 - mmdet - INFO - Epoch(train) [4][77]	loss_rpn_cls: 0.0061, loss_rpn_bbox: 0.0353, loss_cls: 0.0414, acc: 98.3386, loss_bbox: 0.0836, loss: 0.1664
