2020-11-22 11:46:04,714 - mmdet - INFO - Environment info:
------------------------------------------------------------
sys.platform: linux
Python: 3.6.4 |Anaconda, Inc.| (default, Jan 16 2018, 18:10:19) [GCC 7.2.0]
CUDA available: True
CUDA_HOME: /usr/local/cuda
NVCC: Cuda compilation tools, release 10.0, V10.0.130
GPU 0: Tesla P100-PCIE-16GB
GCC: gcc (GCC) 5.3.0
PyTorch: 1.3.1+cu100
PyTorch compiling details: PyTorch built with:
  - GCC 7.3
  - Intel(R) Math Kernel Library Version 2019.0.4 Product Build 20190411 for Intel(R) 64 architecture applications
  - Intel(R) MKL-DNN v0.20.5 (Git Hash 0125f28c61c1f822fd48570b4c1066f96fcb9b2e)
  - OpenMP 201511 (a.k.a. OpenMP 4.5)
  - NNPACK is enabled
  - CUDA Runtime 10.0
  - NVCC architecture flags: -gencode;arch=compute_37,code=sm_37;-gencode;arch=compute_50,code=sm_50;-gencode;arch=compute_60,code=sm_60;-gencode;arch=compute_61,code=sm_61;-gencode;arch=compute_70,code=sm_70;-gencode;arch=compute_75,code=sm_75;-gencode;arch=compute_37,code=compute_37
  - CuDNN 7.6.3
  - Magma 2.5.1
  - Build settings: BLAS=MKL, BUILD_NAMEDTENSOR=OFF, BUILD_TYPE=Release, CXX_FLAGS= -Wno-deprecated -fvisibility-inlines-hidden -fopenmp -DUSE_FBGEMM -DUSE_QNNPACK -DUSE_PYTORCH_QNNPACK -O2 -fPIC -Wno-narrowing -Wall -Wextra -Wno-missing-field-initializers -Wno-type-limits -Wno-array-bounds -Wno-unknown-pragmas -Wno-sign-compare -Wno-unused-parameter -Wno-unused-variable -Wno-unused-function -Wno-unused-result -Wno-strict-overflow -Wno-strict-aliasing -Wno-error=deprecated-declarations -Wno-stringop-overflow -Wno-error=pedantic -Wno-error=redundant-decls -Wno-error=old-style-cast -fdiagnostics-color=always -faligned-new -Wno-unused-but-set-variable -Wno-maybe-uninitialized -fno-math-errno -fno-trapping-math -Wno-stringop-overflow, DISABLE_NUMA=1, PERF_WITH_AVX=1, PERF_WITH_AVX2=1, PERF_WITH_AVX512=1, USE_CUDA=True, USE_EXCEPTION_PTR=1, USE_GFLAGS=OFF, USE_GLOG=OFF, USE_MKL=ON, USE_MKLDNN=ON, USE_MPI=OFF, USE_NCCL=ON, USE_NNPACK=ON, USE_OPENMP=ON, USE_STATIC_DISPATCH=OFF, 

TorchVision: 0.4.2+cu100
OpenCV: 4.4.0
MMCV: 1.0.5
MMDetection: 2.3.0+788fa8d
MMDetection Compiler: GCC 7.3
MMDetection CUDA Compiler: 10.0
------------------------------------------------------------

2020-11-22 11:46:04,714 - mmdet - INFO - Distributed training: False
2020-11-22 11:46:05,102 - mmdet - INFO - Config:
model = dict(
    type='FasterRCNN',
    pretrained='torchvision://resnet50',
    backbone=dict(
        type='ResNet',
        depth=50,
        num_stages=4,
        out_indices=(0, 1, 2, 3),
        frozen_stages=1,
        norm_cfg=dict(type='BN', requires_grad=True),
        norm_eval=True,
        style='pytorch'),
    neck=dict(
        type='FPN',
        in_channels=[256, 512, 1024, 2048],
        out_channels=256,
        num_outs=5),
    rpn_head=dict(
        type='RPNHead',
        in_channels=256,
        feat_channels=256,
        anchor_generator=dict(
            type='AnchorGenerator',
            scales=[8],
            ratios=[0.5, 1.0, 2.0],
            strides=[4, 8, 16, 32, 64]),
        bbox_coder=dict(
            type='DeltaXYWHBBoxCoder',
            target_means=[0.0, 0.0, 0.0, 0.0],
            target_stds=[1.0, 1.0, 1.0, 1.0]),
        loss_cls=dict(
            type='CrossEntropyLoss', use_sigmoid=True, loss_weight=1.0),
        loss_bbox=dict(type='L1Loss', loss_weight=1.0)),
    roi_head=dict(
        type='StandardRoIHead',
        bbox_roi_extractor=dict(
            type='SingleRoIExtractor',
            roi_layer=dict(type='RoIAlign', output_size=7, sampling_ratio=0),
            out_channels=256,
            featmap_strides=[4, 8, 16, 32]),
        bbox_head=dict(
            type='Shared2FCBBoxHead',
            in_channels=256,
            fc_out_channels=1024,
            roi_feat_size=7,
            num_classes=2,
            bbox_coder=dict(
                type='DeltaXYWHBBoxCoder',
                target_means=[0.0, 0.0, 0.0, 0.0],
                target_stds=[0.1, 0.1, 0.2, 0.2]),
            reg_class_agnostic=False,
            loss_cls=dict(
                type='CrossEntropyLoss', use_sigmoid=False, loss_weight=1.0),
            loss_bbox=dict(type='L1Loss', loss_weight=1.0))))
train_cfg = dict(
    rpn=dict(
        assigner=dict(
            type='MaxIoUAssigner',
            pos_iou_thr=0.7,
            neg_iou_thr=0.3,
            min_pos_iou=0.3,
            match_low_quality=True,
            ignore_iof_thr=-1),
        sampler=dict(
            type='RandomSampler',
            num=256,
            pos_fraction=0.5,
            neg_pos_ub=-1,
            add_gt_as_proposals=False),
        allowed_border=-1,
        pos_weight=-1,
        debug=False),
    rpn_proposal=dict(
        nms_across_levels=False,
        nms_pre=2000,
        nms_post=1000,
        max_num=1000,
        nms_thr=0.7,
        min_bbox_size=0),
    rcnn=dict(
        assigner=dict(
            type='MaxIoUAssigner',
            pos_iou_thr=0.5,
            neg_iou_thr=0.5,
            min_pos_iou=0.5,
            match_low_quality=False,
            ignore_iof_thr=-1),
        sampler=dict(
            type='RandomSampler',
            num=512,
            pos_fraction=0.25,
            neg_pos_ub=-1,
            add_gt_as_proposals=True),
        pos_weight=-1,
        debug=False))
test_cfg = dict(
    rpn=dict(
        nms_across_levels=False,
        nms_pre=1000,
        nms_post=1000,
        max_num=1000,
        nms_thr=0.7,
        min_bbox_size=0),
    rcnn=dict(
        score_thr=0.05,
        nms=dict(type='nms', iou_threshold=0.5),
        max_per_img=100))
dataset_type = 'CocoDataset'
data_root = 'data/coco/'
img_norm_cfg = dict(
    mean=[123.675, 116.28, 103.53], std=[58.395, 57.12, 57.375], to_rgb=True)
train_pipeline = [
    dict(type='LoadImageFromFile'),
    dict(type='LoadAnnotations', with_bbox=True),
    dict(type='Resize', img_scale=(1550, 1550), keep_ratio=True),
    dict(type='RandomFlip', flip_ratio=0.5),
    dict(
        type='Normalize',
        mean=[123.675, 116.28, 103.53],
        std=[58.395, 57.12, 57.375],
        to_rgb=True),
    dict(type='Pad', size_divisor=32),
    dict(type='DefaultFormatBundle'),
    dict(type='Collect', keys=['img', 'gt_bboxes', 'gt_labels'])
]
test_pipeline = [
    dict(type='LoadImageFromFile'),
    dict(
        type='MultiScaleFlipAug',
        img_scale=(1550, 1550),
        flip=False,
        transforms=[
            dict(type='Resize', keep_ratio=True),
            dict(type='RandomFlip'),
            dict(
                type='Normalize',
                mean=[123.675, 116.28, 103.53],
                std=[58.395, 57.12, 57.375],
                to_rgb=True),
            dict(type='Pad', size_divisor=32),
            dict(type='ImageToTensor', keys=['img']),
            dict(type='Collect', keys=['img'])
        ])
]
data = dict(
    samples_per_gpu=2,
    workers_per_gpu=2,
    train=dict(
        type='CocoDataset',
        ann_file='data/coco/annotations/annotations_trai.json',
        img_prefix='data/coco/img/',
        pipeline=[
            dict(type='LoadImageFromFile'),
            dict(type='LoadAnnotations', with_bbox=True),
            dict(type='Resize', img_scale=(1550, 1550), keep_ratio=True),
            dict(type='RandomFlip', flip_ratio=0.5),
            dict(
                type='Normalize',
                mean=[123.675, 116.28, 103.53],
                std=[58.395, 57.12, 57.375],
                to_rgb=True),
            dict(type='Pad', size_divisor=32),
            dict(type='DefaultFormatBundle'),
            dict(type='Collect', keys=['img', 'gt_bboxes', 'gt_labels'])
        ]),
    val=dict(
        type='CocoDataset',
        ann_file='data/coco/annotations/annotations_test.json',
        img_prefix='data/coco/img/',
        pipeline=[
            dict(type='LoadImageFromFile'),
            dict(
                type='MultiScaleFlipAug',
                img_scale=(1550, 1550),
                flip=False,
                transforms=[
                    dict(type='Resize', keep_ratio=True),
                    dict(type='RandomFlip'),
                    dict(
                        type='Normalize',
                        mean=[123.675, 116.28, 103.53],
                        std=[58.395, 57.12, 57.375],
                        to_rgb=True),
                    dict(type='Pad', size_divisor=32),
                    dict(type='ImageToTensor', keys=['img']),
                    dict(type='Collect', keys=['img'])
                ])
        ]),
    test=dict(
        type='CocoDataset',
        ann_file='data/coco/annotations/annotations_vals.json',
        img_prefix='data/coco/img/',
        pipeline=[
            dict(type='LoadImageFromFile'),
            dict(
                type='MultiScaleFlipAug',
                img_scale=(1550, 1550),
                flip=False,
                transforms=[
                    dict(type='Resize', keep_ratio=True),
                    dict(type='RandomFlip'),
                    dict(
                        type='Normalize',
                        mean=[123.675, 116.28, 103.53],
                        std=[58.395, 57.12, 57.375],
                        to_rgb=True),
                    dict(type='Pad', size_divisor=32),
                    dict(type='ImageToTensor', keys=['img']),
                    dict(type='Collect', keys=['img'])
                ])
        ]))
evaluation = dict(interval=1, metric='bbox')
optimizer = dict(type='SGD', lr=0.01, momentum=0.9, weight_decay=0.0001)
optimizer_config = dict(grad_clip=None)
lr_config = dict(
    policy='step',
    warmup='linear',
    warmup_iters=500,
    warmup_ratio=0.001,
    step=[8, 11])
total_epochs = 4
checkpoint_config = dict(interval=4)
log_config = dict(interval=100, hooks=[dict(type='TextLoggerHook')])
dist_params = dict(backend='nccl')
log_level = 'INFO'
load_from = '/home/admin/.cache/torch/checkpoints/X.pth'
resume_from = None
workflow = [('train', 2), ('val', 1)]
work_dir = '/home/admin/jupyter/SecurityAI_Round5/data/work'
gpu_ids = range(0, 1)

2020-11-22 11:46:05,615 - mmdet - INFO - load model from: torchvision://resnet50
2020-11-22 11:46:13,552 - mmdet - WARNING - The model and loaded state dict do not match exactly

unexpected key in source state_dict: fc.weight, fc.bias

2020-11-22 11:46:23,777 - mmdet - INFO - load checkpoint from /home/admin/.cache/torch/checkpoints/X.pth
2020-11-22 11:46:30,424 - mmdet - INFO - Start running, host: admin@fuxilabor_labor0_S4_Odps_S96_dsw_prepaid_cnsh_838_2020112201080, work_dir: /home/admin/jupyter/SecurityAI_Round5/data/work
2020-11-22 11:46:30,424 - mmdet - INFO - workflow: [('train', 2), ('val', 1)], max: 4 epochs
2020-11-22 11:47:47,975 - mmdet - INFO - Epoch [1][100/620]	lr: 1.988e-03, eta: 0:30:41, time: 0.774, data_time: 0.033, memory: 9821, loss_rpn_cls: 0.0024, loss_rpn_bbox: 0.0282, loss_cls: 0.0306, acc: 98.7607, loss_bbox: 0.0690, loss: 0.1302
2020-11-22 11:49:02,785 - mmdet - INFO - Epoch [1][200/620]	lr: 3.986e-03, eta: 0:28:54, time: 0.748, data_time: 0.012, memory: 9821, loss_rpn_cls: 0.0023, loss_rpn_bbox: 0.0244, loss_cls: 0.0253, acc: 98.8760, loss_bbox: 0.0623, loss: 0.1142
2020-11-22 11:50:17,890 - mmdet - INFO - Epoch [1][300/620]	lr: 5.984e-03, eta: 0:27:31, time: 0.751, data_time: 0.012, memory: 11886, loss_rpn_cls: 0.0024, loss_rpn_bbox: 0.0235, loss_cls: 0.0239, acc: 99.0273, loss_bbox: 0.0580, loss: 0.1079
2020-11-22 11:51:32,768 - mmdet - INFO - Epoch [1][400/620]	lr: 7.982e-03, eta: 0:26:11, time: 0.749, data_time: 0.012, memory: 11886, loss_rpn_cls: 0.0025, loss_rpn_bbox: 0.0264, loss_cls: 0.0334, acc: 98.4941, loss_bbox: 0.0695, loss: 0.1318
2020-11-22 11:52:47,509 - mmdet - INFO - Epoch [1][500/620]	lr: 9.980e-03, eta: 0:24:52, time: 0.747, data_time: 0.012, memory: 11886, loss_rpn_cls: 0.0022, loss_rpn_bbox: 0.0270, loss_cls: 0.0301, acc: 98.7617, loss_bbox: 0.0716, loss: 0.1309
2020-11-22 11:54:02,296 - mmdet - INFO - Epoch [1][600/620]	lr: 1.000e-02, eta: 0:23:35, time: 0.748, data_time: 0.012, memory: 11886, loss_rpn_cls: 0.0022, loss_rpn_bbox: 0.0301, loss_cls: 0.0351, acc: 98.5107, loss_bbox: 0.0769, loss: 0.1443
2020-11-22 11:54:44,221 - mmdet - INFO - Evaluating bbox...
2020-11-22 11:54:46,905 - mmdet - INFO - Epoch [1][620/620]	lr: 1.000e-02, bbox_mAP: 0.8280, bbox_mAP_50: 0.8860, bbox_mAP_75: 0.8800, bbox_mAP_s: 0.5560, bbox_mAP_m: 0.8830, bbox_mAP_l: 0.9080, bbox_mAP_copypaste: 0.828 0.886 0.880 0.556 0.883 0.908
2020-11-22 11:56:03,977 - mmdet - INFO - Epoch [2][100/620]	lr: 1.000e-02, eta: 0:21:32, time: 0.769, data_time: 0.033, memory: 11886, loss_rpn_cls: 0.0018, loss_rpn_bbox: 0.0289, loss_cls: 0.0267, acc: 98.8994, loss_bbox: 0.0701, loss: 0.1275
2020-11-22 11:57:18,836 - mmdet - INFO - Epoch [2][200/620]	lr: 1.000e-02, eta: 0:20:21, time: 0.749, data_time: 0.012, memory: 11886, loss_rpn_cls: 0.0016, loss_rpn_bbox: 0.0273, loss_cls: 0.0235, acc: 99.0342, loss_bbox: 0.0683, loss: 0.1207
2020-11-22 11:58:33,938 - mmdet - INFO - Epoch [2][300/620]	lr: 1.000e-02, eta: 0:19:10, time: 0.751, data_time: 0.012, memory: 11886, loss_rpn_cls: 0.0020, loss_rpn_bbox: 0.0299, loss_cls: 0.0282, acc: 98.7832, loss_bbox: 0.0704, loss: 0.1304
2020-11-22 11:59:48,870 - mmdet - INFO - Epoch [2][400/620]	lr: 1.000e-02, eta: 0:17:58, time: 0.749, data_time: 0.012, memory: 11886, loss_rpn_cls: 0.0021, loss_rpn_bbox: 0.0316, loss_cls: 0.0307, acc: 98.7061, loss_bbox: 0.0713, loss: 0.1358
2020-11-22 12:01:03,797 - mmdet - INFO - Epoch [2][500/620]	lr: 1.000e-02, eta: 0:16:45, time: 0.749, data_time: 0.012, memory: 11886, loss_rpn_cls: 0.0026, loss_rpn_bbox: 0.0333, loss_cls: 0.0354, acc: 98.4805, loss_bbox: 0.0798, loss: 0.1511
2020-11-22 12:02:18,656 - mmdet - INFO - Epoch [2][600/620]	lr: 1.000e-02, eta: 0:15:32, time: 0.749, data_time: 0.012, memory: 11886, loss_rpn_cls: 0.0032, loss_rpn_bbox: 0.0339, loss_cls: 0.0392, acc: 98.3086, loss_bbox: 0.0789, loss: 0.1553
2020-11-22 12:03:00,683 - mmdet - INFO - Evaluating bbox...
2020-11-22 12:03:03,391 - mmdet - INFO - Epoch [2][620/620]	lr: 1.000e-02, bbox_mAP: 0.8300, bbox_mAP_50: 0.8850, bbox_mAP_75: 0.8750, bbox_mAP_s: 0.5560, bbox_mAP_m: 0.8900, bbox_mAP_l: 0.9030, bbox_mAP_copypaste: 0.830 0.885 0.875 0.556 0.890 0.903
2020-11-22 12:03:36,915 - mmdet - INFO - Epoch(train) [2][84]	loss_rpn_cls: 0.0030, loss_rpn_bbox: 0.0327, loss_cls: 0.0339, acc: 98.5317, loss_bbox: 0.0730, loss: 0.1425
2020-11-22 12:04:54,145 - mmdet - INFO - Epoch [3][100/620]	lr: 1.000e-02, eta: 0:13:53, time: 0.770, data_time: 0.034, memory: 11886, loss_rpn_cls: 0.0028, loss_rpn_bbox: 0.0330, loss_cls: 0.0322, acc: 98.6592, loss_bbox: 0.0768, loss: 0.1448
2020-11-22 12:06:09,202 - mmdet - INFO - Epoch [3][200/620]	lr: 1.000e-02, eta: 0:12:42, time: 0.751, data_time: 0.012, memory: 11886, loss_rpn_cls: 0.0023, loss_rpn_bbox: 0.0334, loss_cls: 0.0318, acc: 98.6338, loss_bbox: 0.0764, loss: 0.1440
2020-11-22 12:07:24,122 - mmdet - INFO - Epoch [3][300/620]	lr: 1.000e-02, eta: 0:11:29, time: 0.749, data_time: 0.012, memory: 11886, loss_rpn_cls: 0.0022, loss_rpn_bbox: 0.0288, loss_cls: 0.0318, acc: 98.6211, loss_bbox: 0.0738, loss: 0.1367
2020-11-22 12:08:39,096 - mmdet - INFO - Epoch [3][400/620]	lr: 1.000e-02, eta: 0:10:17, time: 0.750, data_time: 0.012, memory: 11886, loss_rpn_cls: 0.0026, loss_rpn_bbox: 0.0309, loss_cls: 0.0310, acc: 98.6689, loss_bbox: 0.0710, loss: 0.1354
2020-11-22 12:09:53,945 - mmdet - INFO - Epoch [3][500/620]	lr: 1.000e-02, eta: 0:09:04, time: 0.748, data_time: 0.012, memory: 11886, loss_rpn_cls: 0.0021, loss_rpn_bbox: 0.0330, loss_cls: 0.0328, acc: 98.6064, loss_bbox: 0.0823, loss: 0.1502
2020-11-22 12:11:08,583 - mmdet - INFO - Epoch [3][600/620]	lr: 1.000e-02, eta: 0:07:51, time: 0.746, data_time: 0.012, memory: 11886, loss_rpn_cls: 0.0032, loss_rpn_bbox: 0.0321, loss_cls: 0.0324, acc: 98.6914, loss_bbox: 0.0797, loss: 0.1473
2020-11-22 12:11:50,720 - mmdet - INFO - Evaluating bbox...
2020-11-22 12:11:53,384 - mmdet - INFO - Epoch [3][620/620]	lr: 1.000e-02, bbox_mAP: 0.8280, bbox_mAP_50: 0.8850, bbox_mAP_75: 0.8760, bbox_mAP_s: 0.5650, bbox_mAP_m: 0.8800, bbox_mAP_l: 0.9030, bbox_mAP_copypaste: 0.828 0.885 0.876 0.565 0.880 0.903
2020-11-22 12:13:10,683 - mmdet - INFO - Epoch [4][100/620]	lr: 1.000e-02, eta: 0:06:19, time: 0.771, data_time: 0.034, memory: 11886, loss_rpn_cls: 0.0021, loss_rpn_bbox: 0.0313, loss_cls: 0.0335, acc: 98.5430, loss_bbox: 0.0815, loss: 0.1484
2020-11-22 12:14:25,430 - mmdet - INFO - Epoch [4][200/620]	lr: 1.000e-02, eta: 0:05:07, time: 0.747, data_time: 0.012, memory: 11886, loss_rpn_cls: 0.0023, loss_rpn_bbox: 0.0286, loss_cls: 0.0289, acc: 98.7930, loss_bbox: 0.0696, loss: 0.1294
2020-11-22 12:15:40,381 - mmdet - INFO - Epoch [4][300/620]	lr: 1.000e-02, eta: 0:03:54, time: 0.749, data_time: 0.012, memory: 11886, loss_rpn_cls: 0.0031, loss_rpn_bbox: 0.0333, loss_cls: 0.0372, acc: 98.4336, loss_bbox: 0.0808, loss: 0.1544
2020-11-22 12:16:55,179 - mmdet - INFO - Epoch [4][400/620]	lr: 1.000e-02, eta: 0:02:41, time: 0.748, data_time: 0.012, memory: 11886, loss_rpn_cls: 0.0031, loss_rpn_bbox: 0.0292, loss_cls: 0.0305, acc: 98.7441, loss_bbox: 0.0716, loss: 0.1343
2020-11-22 12:18:09,941 - mmdet - INFO - Epoch [4][500/620]	lr: 1.000e-02, eta: 0:01:28, time: 0.748, data_time: 0.012, memory: 11886, loss_rpn_cls: 0.0026, loss_rpn_bbox: 0.0304, loss_cls: 0.0320, acc: 98.6758, loss_bbox: 0.0753, loss: 0.1403
2020-11-22 12:19:24,801 - mmdet - INFO - Epoch [4][600/620]	lr: 1.000e-02, eta: 0:00:14, time: 0.749, data_time: 0.012, memory: 11886, loss_rpn_cls: 0.0022, loss_rpn_bbox: 0.0311, loss_cls: 0.0291, acc: 98.7510, loss_bbox: 0.0752, loss: 0.1376
2020-11-22 12:19:39,597 - mmdet - INFO - Saving checkpoint at 4 epochs
2020-11-22 12:20:08,512 - mmdet - INFO - Evaluating bbox...
2020-11-22 12:20:11,318 - mmdet - INFO - Epoch [4][620/620]	lr: 1.000e-02, bbox_mAP: 0.8280, bbox_mAP_50: 0.8850, bbox_mAP_75: 0.8760, bbox_mAP_s: 0.5560, bbox_mAP_m: 0.8920, bbox_mAP_l: 0.9050, bbox_mAP_copypaste: 0.828 0.885 0.876 0.556 0.892 0.905
2020-11-22 12:20:44,813 - mmdet - INFO - Epoch(train) [4][84]	loss_rpn_cls: 0.0034, loss_rpn_bbox: 0.0357, loss_cls: 0.0331, acc: 98.6723, loss_bbox: 0.0724, loss: 0.1447
