2020-11-22 18:16:04,800 - mmdet - INFO - Environment info:
------------------------------------------------------------
sys.platform: linux
Python: 3.6.4 |Anaconda, Inc.| (default, Jan 16 2018, 18:10:19) [GCC 7.2.0]
CUDA available: True
CUDA_HOME: /usr/local/cuda
NVCC: Cuda compilation tools, release 10.0, V10.0.130
GPU 0: Tesla P100-PCIE-16GB
GCC: gcc (GCC) 5.3.0
PyTorch: 1.3.1+cu100
PyTorch compiling details: PyTorch built with:
  - GCC 7.3
  - Intel(R) Math Kernel Library Version 2019.0.4 Product Build 20190411 for Intel(R) 64 architecture applications
  - Intel(R) MKL-DNN v0.20.5 (Git Hash 0125f28c61c1f822fd48570b4c1066f96fcb9b2e)
  - OpenMP 201511 (a.k.a. OpenMP 4.5)
  - NNPACK is enabled
  - CUDA Runtime 10.0
  - NVCC architecture flags: -gencode;arch=compute_37,code=sm_37;-gencode;arch=compute_50,code=sm_50;-gencode;arch=compute_60,code=sm_60;-gencode;arch=compute_61,code=sm_61;-gencode;arch=compute_70,code=sm_70;-gencode;arch=compute_75,code=sm_75;-gencode;arch=compute_37,code=compute_37
  - CuDNN 7.6.3
  - Magma 2.5.1
  - Build settings: BLAS=MKL, BUILD_NAMEDTENSOR=OFF, BUILD_TYPE=Release, CXX_FLAGS= -Wno-deprecated -fvisibility-inlines-hidden -fopenmp -DUSE_FBGEMM -DUSE_QNNPACK -DUSE_PYTORCH_QNNPACK -O2 -fPIC -Wno-narrowing -Wall -Wextra -Wno-missing-field-initializers -Wno-type-limits -Wno-array-bounds -Wno-unknown-pragmas -Wno-sign-compare -Wno-unused-parameter -Wno-unused-variable -Wno-unused-function -Wno-unused-result -Wno-strict-overflow -Wno-strict-aliasing -Wno-error=deprecated-declarations -Wno-stringop-overflow -Wno-error=pedantic -Wno-error=redundant-decls -Wno-error=old-style-cast -fdiagnostics-color=always -faligned-new -Wno-unused-but-set-variable -Wno-maybe-uninitialized -fno-math-errno -fno-trapping-math -Wno-stringop-overflow, DISABLE_NUMA=1, PERF_WITH_AVX=1, PERF_WITH_AVX2=1, PERF_WITH_AVX512=1, USE_CUDA=True, USE_EXCEPTION_PTR=1, USE_GFLAGS=OFF, USE_GLOG=OFF, USE_MKL=ON, USE_MKLDNN=ON, USE_MPI=OFF, USE_NCCL=ON, USE_NNPACK=ON, USE_OPENMP=ON, USE_STATIC_DISPATCH=OFF, 

TorchVision: 0.4.2+cu100
OpenCV: 4.4.0
MMCV: 1.0.5
MMDetection: 2.3.0+788fa8d
MMDetection Compiler: GCC 7.3
MMDetection CUDA Compiler: 10.0
------------------------------------------------------------

2020-11-22 18:16:04,800 - mmdet - INFO - Distributed training: False
2020-11-22 18:16:05,198 - mmdet - INFO - Config:
model = dict(
    type='FasterRCNN',
    pretrained='torchvision://resnet50',
    backbone=dict(
        type='ResNet',
        depth=50,
        num_stages=4,
        out_indices=(0, 1, 2, 3),
        frozen_stages=1,
        norm_cfg=dict(type='BN', requires_grad=True),
        norm_eval=True,
        style='pytorch'),
    neck=dict(
        type='FPN',
        in_channels=[256, 512, 1024, 2048],
        out_channels=256,
        num_outs=5),
    rpn_head=dict(
        type='RPNHead',
        in_channels=256,
        feat_channels=256,
        anchor_generator=dict(
            type='AnchorGenerator',
            scales=[8],
            ratios=[0.5, 1.0, 2.0],
            strides=[4, 8, 16, 32, 64]),
        bbox_coder=dict(
            type='DeltaXYWHBBoxCoder',
            target_means=[0.0, 0.0, 0.0, 0.0],
            target_stds=[1.0, 1.0, 1.0, 1.0]),
        loss_cls=dict(
            type='CrossEntropyLoss', use_sigmoid=True, loss_weight=1.0),
        loss_bbox=dict(type='L1Loss', loss_weight=1.0)),
    roi_head=dict(
        type='StandardRoIHead',
        bbox_roi_extractor=dict(
            type='SingleRoIExtractor',
            roi_layer=dict(type='RoIAlign', output_size=7, sampling_ratio=0),
            out_channels=256,
            featmap_strides=[4, 8, 16, 32]),
        bbox_head=dict(
            type='Shared2FCBBoxHead',
            in_channels=256,
            fc_out_channels=1024,
            roi_feat_size=7,
            num_classes=2,
            bbox_coder=dict(
                type='DeltaXYWHBBoxCoder',
                target_means=[0.0, 0.0, 0.0, 0.0],
                target_stds=[0.1, 0.1, 0.2, 0.2]),
            reg_class_agnostic=False,
            loss_cls=dict(
                type='CrossEntropyLoss', use_sigmoid=False, loss_weight=1.0),
            loss_bbox=dict(type='L1Loss', loss_weight=1.0))))
train_cfg = dict(
    rpn=dict(
        assigner=dict(
            type='MaxIoUAssigner',
            pos_iou_thr=0.7,
            neg_iou_thr=0.3,
            min_pos_iou=0.3,
            match_low_quality=True,
            ignore_iof_thr=-1),
        sampler=dict(
            type='RandomSampler',
            num=256,
            pos_fraction=0.5,
            neg_pos_ub=-1,
            add_gt_as_proposals=False),
        allowed_border=-1,
        pos_weight=-1,
        debug=False),
    rpn_proposal=dict(
        nms_across_levels=False,
        nms_pre=2000,
        nms_post=1000,
        max_num=1000,
        nms_thr=0.7,
        min_bbox_size=0),
    rcnn=dict(
        assigner=dict(
            type='MaxIoUAssigner',
            pos_iou_thr=0.5,
            neg_iou_thr=0.5,
            min_pos_iou=0.5,
            match_low_quality=False,
            ignore_iof_thr=-1),
        sampler=dict(
            type='RandomSampler',
            num=512,
            pos_fraction=0.25,
            neg_pos_ub=-1,
            add_gt_as_proposals=True),
        pos_weight=-1,
        debug=False))
test_cfg = dict(
    rpn=dict(
        nms_across_levels=False,
        nms_pre=1000,
        nms_post=1000,
        max_num=1000,
        nms_thr=0.7,
        min_bbox_size=0),
    rcnn=dict(
        score_thr=0.05,
        nms=dict(type='nms', iou_threshold=0.5),
        max_per_img=100))
dataset_type = 'CocoDataset'
data_root = 'data/coco/'
img_norm_cfg = dict(
    mean=[123.675, 116.28, 103.53], std=[58.395, 57.12, 57.375], to_rgb=True)
train_pipeline = [
    dict(type='LoadImageFromFile'),
    dict(type='LoadAnnotations', with_bbox=True),
    dict(type='Resize', img_scale=(1550, 1550), keep_ratio=True),
    dict(type='RandomFlip', flip_ratio=0.5),
    dict(
        type='Normalize',
        mean=[123.675, 116.28, 103.53],
        std=[58.395, 57.12, 57.375],
        to_rgb=True),
    dict(type='Pad', size_divisor=32),
    dict(type='DefaultFormatBundle'),
    dict(type='Collect', keys=['img', 'gt_bboxes', 'gt_labels'])
]
test_pipeline = [
    dict(type='LoadImageFromFile'),
    dict(
        type='MultiScaleFlipAug',
        img_scale=(1550, 1550),
        flip=False,
        transforms=[
            dict(type='Resize', keep_ratio=True),
            dict(type='RandomFlip'),
            dict(
                type='Normalize',
                mean=[123.675, 116.28, 103.53],
                std=[58.395, 57.12, 57.375],
                to_rgb=True),
            dict(type='Pad', size_divisor=32),
            dict(type='ImageToTensor', keys=['img']),
            dict(type='Collect', keys=['img'])
        ])
]
data = dict(
    samples_per_gpu=2,
    workers_per_gpu=2,
    train=dict(
        type='CocoDataset',
        ann_file='data/coco/annotations/annotations_trai.json',
        img_prefix='data/coco/img/',
        pipeline=[
            dict(type='LoadImageFromFile'),
            dict(type='LoadAnnotations', with_bbox=True),
            dict(type='Resize', img_scale=(1550, 1550), keep_ratio=True),
            dict(type='RandomFlip', flip_ratio=0.5),
            dict(
                type='Normalize',
                mean=[123.675, 116.28, 103.53],
                std=[58.395, 57.12, 57.375],
                to_rgb=True),
            dict(type='Pad', size_divisor=32),
            dict(type='DefaultFormatBundle'),
            dict(type='Collect', keys=['img', 'gt_bboxes', 'gt_labels'])
        ]),
    val=dict(
        type='CocoDataset',
        ann_file='data/coco/annotations/annotations_test.json',
        img_prefix='data/coco/img/',
        pipeline=[
            dict(type='LoadImageFromFile'),
            dict(
                type='MultiScaleFlipAug',
                img_scale=(1550, 1550),
                flip=False,
                transforms=[
                    dict(type='Resize', keep_ratio=True),
                    dict(type='RandomFlip'),
                    dict(
                        type='Normalize',
                        mean=[123.675, 116.28, 103.53],
                        std=[58.395, 57.12, 57.375],
                        to_rgb=True),
                    dict(type='Pad', size_divisor=32),
                    dict(type='ImageToTensor', keys=['img']),
                    dict(type='Collect', keys=['img'])
                ])
        ]),
    test=dict(
        type='CocoDataset',
        ann_file='data/coco/annotations/annotations_vals.json',
        img_prefix='data/coco/img/',
        pipeline=[
            dict(type='LoadImageFromFile'),
            dict(
                type='MultiScaleFlipAug',
                img_scale=(1550, 1550),
                flip=False,
                transforms=[
                    dict(type='Resize', keep_ratio=True),
                    dict(type='RandomFlip'),
                    dict(
                        type='Normalize',
                        mean=[123.675, 116.28, 103.53],
                        std=[58.395, 57.12, 57.375],
                        to_rgb=True),
                    dict(type='Pad', size_divisor=32),
                    dict(type='ImageToTensor', keys=['img']),
                    dict(type='Collect', keys=['img'])
                ])
        ]))
evaluation = dict(interval=1, metric='bbox')
optimizer = dict(type='SGD', lr=0.01, momentum=0.9, weight_decay=0.0001)
optimizer_config = dict(grad_clip=None)
lr_config = dict(
    policy='step',
    warmup='linear',
    warmup_iters=500,
    warmup_ratio=0.001,
    step=[8, 11])
total_epochs = 4
checkpoint_config = dict(interval=4)
log_config = dict(interval=100, hooks=[dict(type='TextLoggerHook')])
dist_params = dict(backend='nccl')
log_level = 'INFO'
load_from = '/home/admin/.cache/torch/checkpoints/X.pth'
resume_from = None
workflow = [('train', 2), ('val', 1)]
work_dir = '/home/admin/jupyter/SecurityAI_Round5/data/work'
gpu_ids = range(0, 1)

2020-11-22 18:16:05,707 - mmdet - INFO - load model from: torchvision://resnet50
2020-11-22 18:16:13,665 - mmdet - WARNING - The model and loaded state dict do not match exactly

unexpected key in source state_dict: fc.weight, fc.bias

2020-11-22 18:16:24,173 - mmdet - INFO - load checkpoint from /home/admin/.cache/torch/checkpoints/X.pth
2020-11-22 18:16:30,803 - mmdet - INFO - Start running, host: admin@fuxilabor_labor0_S4_Odps_S96_dsw_prepaid_cnsh_838_2020112209220, work_dir: /home/admin/jupyter/SecurityAI_Round5/data/work
2020-11-22 18:16:30,804 - mmdet - INFO - workflow: [('train', 2), ('val', 1)], max: 4 epochs
2020-11-22 18:17:48,522 - mmdet - INFO - Epoch [1][100/622]	lr: 1.988e-03, eta: 0:30:51, time: 0.775, data_time: 0.033, memory: 8662, loss_rpn_cls: 0.0018, loss_rpn_bbox: 0.0271, loss_cls: 0.0327, acc: 98.5938, loss_bbox: 0.0742, loss: 0.1359
2020-11-22 18:19:03,266 - mmdet - INFO - Epoch [1][200/622]	lr: 3.986e-03, eta: 0:29:02, time: 0.747, data_time: 0.012, memory: 8919, loss_rpn_cls: 0.0021, loss_rpn_bbox: 0.0220, loss_cls: 0.0271, acc: 98.8838, loss_bbox: 0.0639, loss: 0.1151
2020-11-22 18:20:17,977 - mmdet - INFO - Epoch [1][300/622]	lr: 5.984e-03, eta: 0:27:35, time: 0.747, data_time: 0.012, memory: 9994, loss_rpn_cls: 0.0014, loss_rpn_bbox: 0.0217, loss_cls: 0.0229, acc: 99.0869, loss_bbox: 0.0603, loss: 0.1063
2020-11-22 18:21:32,846 - mmdet - INFO - Epoch [1][400/622]	lr: 7.982e-03, eta: 0:26:15, time: 0.749, data_time: 0.012, memory: 9994, loss_rpn_cls: 0.0018, loss_rpn_bbox: 0.0266, loss_cls: 0.0305, acc: 98.7305, loss_bbox: 0.0626, loss: 0.1215
2020-11-22 18:22:47,951 - mmdet - INFO - Epoch [1][500/622]	lr: 9.980e-03, eta: 0:24:58, time: 0.751, data_time: 0.012, memory: 10053, loss_rpn_cls: 0.0027, loss_rpn_bbox: 0.0306, loss_cls: 0.0330, acc: 98.6162, loss_bbox: 0.0713, loss: 0.1376
2020-11-22 18:24:02,549 - mmdet - INFO - Epoch [1][600/622]	lr: 1.000e-02, eta: 0:23:40, time: 0.746, data_time: 0.012, memory: 11887, loss_rpn_cls: 0.0045, loss_rpn_bbox: 0.0322, loss_cls: 0.0338, acc: 98.5732, loss_bbox: 0.0796, loss: 0.1501
2020-11-22 18:24:42,764 - mmdet - INFO - Evaluating bbox...
2020-11-22 18:24:44,463 - mmdet - INFO - Epoch [1][622/622]	lr: 1.000e-02, bbox_mAP: 0.8380, bbox_mAP_50: 0.8950, bbox_mAP_75: 0.8910, bbox_mAP_s: 0.5960, bbox_mAP_m: 0.9010, bbox_mAP_l: 0.9170, bbox_mAP_copypaste: 0.838 0.895 0.891 0.596 0.901 0.917
2020-11-22 18:26:01,826 - mmdet - INFO - Epoch [2][100/622]	lr: 1.000e-02, eta: 0:21:33, time: 0.772, data_time: 0.033, memory: 11887, loss_rpn_cls: 0.0023, loss_rpn_bbox: 0.0347, loss_cls: 0.0337, acc: 98.5215, loss_bbox: 0.0794, loss: 0.1501
2020-11-22 18:27:16,607 - mmdet - INFO - Epoch [2][200/622]	lr: 1.000e-02, eta: 0:20:23, time: 0.748, data_time: 0.012, memory: 11887, loss_rpn_cls: 0.0026, loss_rpn_bbox: 0.0310, loss_cls: 0.0277, acc: 98.8555, loss_bbox: 0.0687, loss: 0.1300
2020-11-22 18:28:31,657 - mmdet - INFO - Epoch [2][300/622]	lr: 1.000e-02, eta: 0:19:12, time: 0.750, data_time: 0.012, memory: 11887, loss_rpn_cls: 0.0029, loss_rpn_bbox: 0.0300, loss_cls: 0.0283, acc: 98.8457, loss_bbox: 0.0745, loss: 0.1356
2020-11-22 18:29:46,219 - mmdet - INFO - Epoch [2][400/622]	lr: 1.000e-02, eta: 0:18:00, time: 0.746, data_time: 0.012, memory: 11887, loss_rpn_cls: 0.0021, loss_rpn_bbox: 0.0257, loss_cls: 0.0252, acc: 98.9824, loss_bbox: 0.0641, loss: 0.1171
2020-11-22 18:31:00,886 - mmdet - INFO - Epoch [2][500/622]	lr: 1.000e-02, eta: 0:16:47, time: 0.747, data_time: 0.012, memory: 11887, loss_rpn_cls: 0.0028, loss_rpn_bbox: 0.0301, loss_cls: 0.0322, acc: 98.5957, loss_bbox: 0.0747, loss: 0.1399
2020-11-22 18:32:15,766 - mmdet - INFO - Epoch [2][600/622]	lr: 1.000e-02, eta: 0:15:35, time: 0.749, data_time: 0.012, memory: 11887, loss_rpn_cls: 0.0025, loss_rpn_bbox: 0.0303, loss_cls: 0.0327, acc: 98.6611, loss_bbox: 0.0761, loss: 0.1416
2020-11-22 18:32:55,756 - mmdet - INFO - Evaluating bbox...
2020-11-22 18:32:57,506 - mmdet - INFO - Epoch [2][622/622]	lr: 1.000e-02, bbox_mAP: 0.8460, bbox_mAP_50: 0.9000, bbox_mAP_75: 0.8900, bbox_mAP_s: 0.5990, bbox_mAP_m: 0.9080, bbox_mAP_l: 0.9170, bbox_mAP_copypaste: 0.846 0.900 0.890 0.599 0.908 0.917
2020-11-22 18:33:27,163 - mmdet - INFO - Epoch(train) [2][74]	loss_rpn_cls: 0.0024, loss_rpn_bbox: 0.0301, loss_cls: 0.0295, acc: 98.7173, loss_bbox: 0.0682, loss: 0.1301
2020-11-22 18:34:44,467 - mmdet - INFO - Epoch [3][100/622]	lr: 1.000e-02, eta: 0:13:53, time: 0.771, data_time: 0.033, memory: 11887, loss_rpn_cls: 0.0019, loss_rpn_bbox: 0.0306, loss_cls: 0.0308, acc: 98.7139, loss_bbox: 0.0753, loss: 0.1386
2020-11-22 18:35:59,249 - mmdet - INFO - Epoch [3][200/622]	lr: 1.000e-02, eta: 0:12:42, time: 0.748, data_time: 0.012, memory: 11887, loss_rpn_cls: 0.0020, loss_rpn_bbox: 0.0311, loss_cls: 0.0319, acc: 98.5801, loss_bbox: 0.0736, loss: 0.1387
2020-11-22 18:37:14,100 - mmdet - INFO - Epoch [3][300/622]	lr: 1.000e-02, eta: 0:11:30, time: 0.749, data_time: 0.012, memory: 11887, loss_rpn_cls: 0.0026, loss_rpn_bbox: 0.0339, loss_cls: 0.0343, acc: 98.5244, loss_bbox: 0.0767, loss: 0.1475
2020-11-22 18:38:28,806 - mmdet - INFO - Epoch [3][400/622]	lr: 1.000e-02, eta: 0:10:18, time: 0.747, data_time: 0.012, memory: 11887, loss_rpn_cls: 0.0021, loss_rpn_bbox: 0.0281, loss_cls: 0.0235, acc: 99.0625, loss_bbox: 0.0645, loss: 0.1182
2020-11-22 18:39:43,697 - mmdet - INFO - Epoch [3][500/622]	lr: 1.000e-02, eta: 0:09:05, time: 0.749, data_time: 0.012, memory: 11887, loss_rpn_cls: 0.0026, loss_rpn_bbox: 0.0292, loss_cls: 0.0322, acc: 98.6318, loss_bbox: 0.0746, loss: 0.1386
2020-11-22 18:40:58,726 - mmdet - INFO - Epoch [3][600/622]	lr: 1.000e-02, eta: 0:07:52, time: 0.750, data_time: 0.012, memory: 11913, loss_rpn_cls: 0.0027, loss_rpn_bbox: 0.0315, loss_cls: 0.0319, acc: 98.6641, loss_bbox: 0.0788, loss: 0.1450
2020-11-22 18:41:38,826 - mmdet - INFO - Evaluating bbox...
2020-11-22 18:41:40,595 - mmdet - INFO - Epoch [3][622/622]	lr: 1.000e-02, bbox_mAP: 0.8390, bbox_mAP_50: 0.8950, bbox_mAP_75: 0.8900, bbox_mAP_s: 0.6000, bbox_mAP_m: 0.8940, bbox_mAP_l: 0.9150, bbox_mAP_copypaste: 0.839 0.895 0.890 0.600 0.894 0.915
2020-11-22 18:42:57,727 - mmdet - INFO - Epoch [4][100/622]	lr: 1.000e-02, eta: 0:06:19, time: 0.769, data_time: 0.034, memory: 11913, loss_rpn_cls: 0.0018, loss_rpn_bbox: 0.0288, loss_cls: 0.0293, acc: 98.8252, loss_bbox: 0.0725, loss: 0.1324
2020-11-22 18:44:12,496 - mmdet - INFO - Epoch [4][200/622]	lr: 1.000e-02, eta: 0:05:07, time: 0.748, data_time: 0.012, memory: 11913, loss_rpn_cls: 0.0025, loss_rpn_bbox: 0.0327, loss_cls: 0.0314, acc: 98.7246, loss_bbox: 0.0766, loss: 0.1432
2020-11-22 18:45:27,214 - mmdet - INFO - Epoch [4][300/622]	lr: 1.000e-02, eta: 0:03:54, time: 0.747, data_time: 0.012, memory: 11913, loss_rpn_cls: 0.0033, loss_rpn_bbox: 0.0306, loss_cls: 0.0331, acc: 98.6211, loss_bbox: 0.0768, loss: 0.1437
2020-11-22 18:46:41,839 - mmdet - INFO - Epoch [4][400/622]	lr: 1.000e-02, eta: 0:02:42, time: 0.746, data_time: 0.012, memory: 11913, loss_rpn_cls: 0.0029, loss_rpn_bbox: 0.0306, loss_cls: 0.0296, acc: 98.7637, loss_bbox: 0.0742, loss: 0.1373
2020-11-22 18:47:56,669 - mmdet - INFO - Epoch [4][500/622]	lr: 1.000e-02, eta: 0:01:29, time: 0.748, data_time: 0.012, memory: 11913, loss_rpn_cls: 0.0037, loss_rpn_bbox: 0.0346, loss_cls: 0.0422, acc: 98.1836, loss_bbox: 0.0887, loss: 0.1692
2020-11-22 18:49:11,250 - mmdet - INFO - Epoch [4][600/622]	lr: 1.000e-02, eta: 0:00:16, time: 0.746, data_time: 0.012, memory: 11913, loss_rpn_cls: 0.0032, loss_rpn_bbox: 0.0302, loss_cls: 0.0288, acc: 98.8320, loss_bbox: 0.0716, loss: 0.1339
2020-11-22 18:49:27,468 - mmdet - INFO - Saving checkpoint at 4 epochs
2020-11-22 18:49:52,822 - mmdet - INFO - Evaluating bbox...
2020-11-22 18:49:54,660 - mmdet - INFO - Epoch [4][622/622]	lr: 1.000e-02, bbox_mAP: 0.8410, bbox_mAP_50: 0.8940, bbox_mAP_75: 0.8890, bbox_mAP_s: 0.5910, bbox_mAP_m: 0.9000, bbox_mAP_l: 0.9120, bbox_mAP_copypaste: 0.841 0.894 0.889 0.591 0.900 0.912
2020-11-22 18:50:24,412 - mmdet - INFO - Epoch(train) [4][74]	loss_rpn_cls: 0.0029, loss_rpn_bbox: 0.0299, loss_cls: 0.0315, acc: 98.5932, loss_bbox: 0.0699, loss: 0.1341
