2020-11-18 18:52:07,890 - mmdet - INFO - Environment info:
------------------------------------------------------------
sys.platform: linux
Python: 3.6.4 |Anaconda, Inc.| (default, Jan 16 2018, 18:10:19) [GCC 7.2.0]
CUDA available: True
CUDA_HOME: /usr/local/cuda
NVCC: Cuda compilation tools, release 10.0, V10.0.130
GPU 0: Tesla P100-PCIE-16GB
GCC: gcc (GCC) 5.3.0
PyTorch: 1.3.1+cu100
PyTorch compiling details: PyTorch built with:
  - GCC 7.3
  - Intel(R) Math Kernel Library Version 2019.0.4 Product Build 20190411 for Intel(R) 64 architecture applications
  - Intel(R) MKL-DNN v0.20.5 (Git Hash 0125f28c61c1f822fd48570b4c1066f96fcb9b2e)
  - OpenMP 201511 (a.k.a. OpenMP 4.5)
  - NNPACK is enabled
  - CUDA Runtime 10.0
  - NVCC architecture flags: -gencode;arch=compute_37,code=sm_37;-gencode;arch=compute_50,code=sm_50;-gencode;arch=compute_60,code=sm_60;-gencode;arch=compute_61,code=sm_61;-gencode;arch=compute_70,code=sm_70;-gencode;arch=compute_75,code=sm_75;-gencode;arch=compute_37,code=compute_37
  - CuDNN 7.6.3
  - Magma 2.5.1
  - Build settings: BLAS=MKL, BUILD_NAMEDTENSOR=OFF, BUILD_TYPE=Release, CXX_FLAGS= -Wno-deprecated -fvisibility-inlines-hidden -fopenmp -DUSE_FBGEMM -DUSE_QNNPACK -DUSE_PYTORCH_QNNPACK -O2 -fPIC -Wno-narrowing -Wall -Wextra -Wno-missing-field-initializers -Wno-type-limits -Wno-array-bounds -Wno-unknown-pragmas -Wno-sign-compare -Wno-unused-parameter -Wno-unused-variable -Wno-unused-function -Wno-unused-result -Wno-strict-overflow -Wno-strict-aliasing -Wno-error=deprecated-declarations -Wno-stringop-overflow -Wno-error=pedantic -Wno-error=redundant-decls -Wno-error=old-style-cast -fdiagnostics-color=always -faligned-new -Wno-unused-but-set-variable -Wno-maybe-uninitialized -fno-math-errno -fno-trapping-math -Wno-stringop-overflow, DISABLE_NUMA=1, PERF_WITH_AVX=1, PERF_WITH_AVX2=1, PERF_WITH_AVX512=1, USE_CUDA=True, USE_EXCEPTION_PTR=1, USE_GFLAGS=OFF, USE_GLOG=OFF, USE_MKL=ON, USE_MKLDNN=ON, USE_MPI=OFF, USE_NCCL=ON, USE_NNPACK=ON, USE_OPENMP=ON, USE_STATIC_DISPATCH=OFF, 

TorchVision: 0.4.2+cu100
OpenCV: 4.4.0
MMCV: 1.0.5
MMDetection: 2.3.0+788fa8d
MMDetection Compiler: GCC 7.3
MMDetection CUDA Compiler: 10.0
------------------------------------------------------------

2020-11-18 18:52:07,892 - mmdet - INFO - Distributed training: False
2020-11-18 18:52:08,286 - mmdet - INFO - Config:
model = dict(
    type='FasterRCNN',
    pretrained='torchvision://resnet50',
    backbone=dict(
        type='ResNet',
        depth=50,
        num_stages=4,
        out_indices=(0, 1, 2, 3),
        frozen_stages=1,
        norm_cfg=dict(type='BN', requires_grad=True),
        norm_eval=True,
        style='pytorch'),
    neck=dict(
        type='FPN',
        in_channels=[256, 512, 1024, 2048],
        out_channels=256,
        num_outs=5),
    rpn_head=dict(
        type='RPNHead',
        in_channels=256,
        feat_channels=256,
        anchor_generator=dict(
            type='AnchorGenerator',
            scales=[8],
            ratios=[0.5, 1.0, 2.0],
            strides=[4, 8, 16, 32, 64]),
        bbox_coder=dict(
            type='DeltaXYWHBBoxCoder',
            target_means=[0.0, 0.0, 0.0, 0.0],
            target_stds=[1.0, 1.0, 1.0, 1.0]),
        loss_cls=dict(
            type='CrossEntropyLoss', use_sigmoid=True, loss_weight=1.0),
        loss_bbox=dict(type='L1Loss', loss_weight=1.0)),
    roi_head=dict(
        type='StandardRoIHead',
        bbox_roi_extractor=dict(
            type='SingleRoIExtractor',
            roi_layer=dict(type='RoIAlign', output_size=7, sampling_ratio=0),
            out_channels=256,
            featmap_strides=[4, 8, 16, 32]),
        bbox_head=dict(
            type='Shared2FCBBoxHead',
            in_channels=256,
            fc_out_channels=1024,
            roi_feat_size=7,
            num_classes=2,
            bbox_coder=dict(
                type='DeltaXYWHBBoxCoder',
                target_means=[0.0, 0.0, 0.0, 0.0],
                target_stds=[0.1, 0.1, 0.2, 0.2]),
            reg_class_agnostic=False,
            loss_cls=dict(
                type='CrossEntropyLoss', use_sigmoid=False, loss_weight=1.0),
            loss_bbox=dict(type='L1Loss', loss_weight=1.0))))
train_cfg = dict(
    rpn=dict(
        assigner=dict(
            type='MaxIoUAssigner',
            pos_iou_thr=0.7,
            neg_iou_thr=0.3,
            min_pos_iou=0.3,
            match_low_quality=True,
            ignore_iof_thr=-1),
        sampler=dict(
            type='RandomSampler',
            num=256,
            pos_fraction=0.5,
            neg_pos_ub=-1,
            add_gt_as_proposals=False),
        allowed_border=-1,
        pos_weight=-1,
        debug=False),
    rpn_proposal=dict(
        nms_across_levels=False,
        nms_pre=2000,
        nms_post=1000,
        max_num=1000,
        nms_thr=0.7,
        min_bbox_size=0),
    rcnn=dict(
        assigner=dict(
            type='MaxIoUAssigner',
            pos_iou_thr=0.5,
            neg_iou_thr=0.5,
            min_pos_iou=0.5,
            match_low_quality=False,
            ignore_iof_thr=-1),
        sampler=dict(
            type='RandomSampler',
            num=512,
            pos_fraction=0.25,
            neg_pos_ub=-1,
            add_gt_as_proposals=True),
        pos_weight=-1,
        debug=False))
test_cfg = dict(
    rpn=dict(
        nms_across_levels=False,
        nms_pre=1000,
        nms_post=1000,
        max_num=1000,
        nms_thr=0.7,
        min_bbox_size=0),
    rcnn=dict(
        score_thr=0.05,
        nms=dict(type='nms', iou_threshold=0.5),
        max_per_img=100))
dataset_type = 'CocoDataset'
data_root = 'data/coco/'
img_norm_cfg = dict(
    mean=[123.675, 116.28, 103.53], std=[58.395, 57.12, 57.375], to_rgb=True)
train_pipeline = [
    dict(type='LoadImageFromFile'),
    dict(type='LoadAnnotations', with_bbox=True),
    dict(type='Resize', img_scale=(1550, 1550), keep_ratio=True),
    dict(type='RandomFlip', flip_ratio=0.5),
    dict(
        type='Normalize',
        mean=[123.675, 116.28, 103.53],
        std=[58.395, 57.12, 57.375],
        to_rgb=True),
    dict(type='Pad', size_divisor=32),
    dict(type='DefaultFormatBundle'),
    dict(type='Collect', keys=['img', 'gt_bboxes', 'gt_labels'])
]
test_pipeline = [
    dict(type='LoadImageFromFile'),
    dict(
        type='MultiScaleFlipAug',
        img_scale=(1550, 1550),
        flip=False,
        transforms=[
            dict(type='Resize', keep_ratio=True),
            dict(type='RandomFlip'),
            dict(
                type='Normalize',
                mean=[123.675, 116.28, 103.53],
                std=[58.395, 57.12, 57.375],
                to_rgb=True),
            dict(type='Pad', size_divisor=32),
            dict(type='ImageToTensor', keys=['img']),
            dict(type='Collect', keys=['img'])
        ])
]
data = dict(
    samples_per_gpu=2,
    workers_per_gpu=2,
    train=dict(
        type='CocoDataset',
        ann_file='data/coco/annotations/annotations_trai.json',
        img_prefix='data/coco/img/',
        pipeline=[
            dict(type='LoadImageFromFile'),
            dict(type='LoadAnnotations', with_bbox=True),
            dict(type='Resize', img_scale=(1550, 1550), keep_ratio=True),
            dict(type='RandomFlip', flip_ratio=0.5),
            dict(
                type='Normalize',
                mean=[123.675, 116.28, 103.53],
                std=[58.395, 57.12, 57.375],
                to_rgb=True),
            dict(type='Pad', size_divisor=32),
            dict(type='DefaultFormatBundle'),
            dict(type='Collect', keys=['img', 'gt_bboxes', 'gt_labels'])
        ]),
    val=dict(
        type='CocoDataset',
        ann_file='data/coco/annotations/annotations_test.json',
        img_prefix='data/coco/img/',
        pipeline=[
            dict(type='LoadImageFromFile'),
            dict(
                type='MultiScaleFlipAug',
                img_scale=(1550, 1550),
                flip=False,
                transforms=[
                    dict(type='Resize', keep_ratio=True),
                    dict(type='RandomFlip'),
                    dict(
                        type='Normalize',
                        mean=[123.675, 116.28, 103.53],
                        std=[58.395, 57.12, 57.375],
                        to_rgb=True),
                    dict(type='Pad', size_divisor=32),
                    dict(type='ImageToTensor', keys=['img']),
                    dict(type='Collect', keys=['img'])
                ])
        ]),
    test=dict(
        type='CocoDataset',
        ann_file='data/coco/annotations/annotations_vals.json',
        img_prefix='data/coco/img/',
        pipeline=[
            dict(type='LoadImageFromFile'),
            dict(
                type='MultiScaleFlipAug',
                img_scale=(1550, 1550),
                flip=False,
                transforms=[
                    dict(type='Resize', keep_ratio=True),
                    dict(type='RandomFlip'),
                    dict(
                        type='Normalize',
                        mean=[123.675, 116.28, 103.53],
                        std=[58.395, 57.12, 57.375],
                        to_rgb=True),
                    dict(type='Pad', size_divisor=32),
                    dict(type='ImageToTensor', keys=['img']),
                    dict(type='Collect', keys=['img'])
                ])
        ]))
evaluation = dict(interval=1, metric='bbox')
optimizer = dict(type='SGD', lr=0.01, momentum=0.9, weight_decay=0.0001)
optimizer_config = dict(grad_clip=None)
lr_config = dict(
    policy='step',
    warmup='linear',
    warmup_iters=500,
    warmup_ratio=0.001,
    step=[8, 11])
total_epochs = 4
checkpoint_config = dict(interval=4)
log_config = dict(interval=100, hooks=[dict(type='TextLoggerHook')])
dist_params = dict(backend='nccl')
log_level = 'INFO'
load_from = '/home/admin/.cache/torch/checkpoints/X.pth'
resume_from = None
workflow = [('train', 2), ('val', 1)]
work_dir = '/home/admin/jupyter/SecurityAI_Round5/data/work'
gpu_ids = range(0, 1)

2020-11-18 18:52:08,822 - mmdet - INFO - load model from: torchvision://resnet50
2020-11-18 18:52:16,512 - mmdet - WARNING - The model and loaded state dict do not match exactly

unexpected key in source state_dict: fc.weight, fc.bias

2020-11-18 18:52:26,814 - mmdet - INFO - load checkpoint from /home/admin/.cache/torch/checkpoints/X.pth
2020-11-18 18:52:33,204 - mmdet - INFO - Start running, host: admin@fuxilabor_labor0_S4_Odps_S95_dsw_prepaid_cnsh_838_2020111810132, work_dir: /home/admin/jupyter/SecurityAI_Round5/data/work
2020-11-18 18:52:33,204 - mmdet - INFO - workflow: [('train', 2), ('val', 1)], max: 4 epochs
2020-11-18 18:53:50,601 - mmdet - INFO - Epoch [1][100/635]	lr: 1.988e-03, eta: 0:31:23, time: 0.772, data_time: 0.033, memory: 8023, loss_rpn_cls: 0.0049, loss_rpn_bbox: 0.0450, loss_cls: 0.0508, acc: 97.9277, loss_bbox: 0.1139, loss: 0.2146
2020-11-18 18:55:05,286 - mmdet - INFO - Epoch [1][200/635]	lr: 3.986e-03, eta: 0:29:37, time: 0.747, data_time: 0.012, memory: 11910, loss_rpn_cls: 0.0074, loss_rpn_bbox: 0.0442, loss_cls: 0.0557, acc: 97.6914, loss_bbox: 0.1170, loss: 0.2244
2020-11-18 18:56:20,051 - mmdet - INFO - Epoch [1][300/635]	lr: 5.984e-03, eta: 0:28:12, time: 0.748, data_time: 0.012, memory: 11910, loss_rpn_cls: 0.0057, loss_rpn_bbox: 0.0413, loss_cls: 0.0513, acc: 97.8633, loss_bbox: 0.0999, loss: 0.1982
2020-11-18 18:57:34,647 - mmdet - INFO - Epoch [1][400/635]	lr: 7.982e-03, eta: 0:26:51, time: 0.746, data_time: 0.012, memory: 11910, loss_rpn_cls: 0.0029, loss_rpn_bbox: 0.0413, loss_cls: 0.0500, acc: 97.9004, loss_bbox: 0.1065, loss: 0.2007
2020-11-18 18:58:49,171 - mmdet - INFO - Epoch [1][500/635]	lr: 9.980e-03, eta: 0:25:33, time: 0.745, data_time: 0.012, memory: 11910, loss_rpn_cls: 0.0044, loss_rpn_bbox: 0.0454, loss_cls: 0.0492, acc: 98.0625, loss_bbox: 0.1135, loss: 0.2124
2020-11-18 19:00:03,442 - mmdet - INFO - Epoch [1][600/635]	lr: 1.000e-02, eta: 0:24:15, time: 0.743, data_time: 0.012, memory: 11910, loss_rpn_cls: 0.0078, loss_rpn_bbox: 0.0497, loss_cls: 0.0543, acc: 97.7100, loss_bbox: 0.1102, loss: 0.2220
2020-11-18 19:00:51,045 - mmdet - INFO - Evaluating bbox...
2020-11-18 19:00:52,981 - mmdet - INFO - Epoch [1][635/635]	lr: 1.000e-02, bbox_mAP: 0.7860, bbox_mAP_50: 0.8730, bbox_mAP_75: 0.8480, bbox_mAP_s: 0.4540, bbox_mAP_m: 0.7860, bbox_mAP_l: 0.8650, bbox_mAP_copypaste: 0.786 0.873 0.848 0.454 0.786 0.865
2020-11-18 19:02:09,585 - mmdet - INFO - Epoch [2][100/635]	lr: 1.000e-02, eta: 0:21:32, time: 0.764, data_time: 0.034, memory: 11910, loss_rpn_cls: 0.0073, loss_rpn_bbox: 0.0490, loss_cls: 0.0602, acc: 97.5361, loss_bbox: 0.1180, loss: 0.2344
2020-11-18 19:03:24,253 - mmdet - INFO - Epoch [2][200/635]	lr: 1.000e-02, eta: 0:20:27, time: 0.747, data_time: 0.012, memory: 11910, loss_rpn_cls: 0.0054, loss_rpn_bbox: 0.0482, loss_cls: 0.0547, acc: 97.6982, loss_bbox: 0.1124, loss: 0.2207
2020-11-18 19:04:38,709 - mmdet - INFO - Epoch [2][300/635]	lr: 1.000e-02, eta: 0:19:19, time: 0.745, data_time: 0.012, memory: 11910, loss_rpn_cls: 0.0068, loss_rpn_bbox: 0.0506, loss_cls: 0.0537, acc: 97.8164, loss_bbox: 0.1165, loss: 0.2276
2020-11-18 19:05:53,534 - mmdet - INFO - Epoch [2][400/635]	lr: 1.000e-02, eta: 0:18:11, time: 0.748, data_time: 0.012, memory: 11910, loss_rpn_cls: 0.0222, loss_rpn_bbox: 0.0596, loss_cls: 0.0897, acc: 96.5059, loss_bbox: 0.1437, loss: 0.3151
2020-11-18 19:07:07,863 - mmdet - INFO - Epoch [2][500/635]	lr: 1.000e-02, eta: 0:17:00, time: 0.743, data_time: 0.012, memory: 11910, loss_rpn_cls: 0.0126, loss_rpn_bbox: 0.0538, loss_cls: 0.0644, acc: 97.4570, loss_bbox: 0.1260, loss: 0.2568
2020-11-18 19:08:22,273 - mmdet - INFO - Epoch [2][600/635]	lr: 1.000e-02, eta: 0:15:50, time: 0.744, data_time: 0.012, memory: 11910, loss_rpn_cls: 0.0108, loss_rpn_bbox: 0.0549, loss_cls: 0.0692, acc: 97.1514, loss_bbox: 0.1327, loss: 0.2677
2020-11-18 19:09:09,883 - mmdet - INFO - Evaluating bbox...
2020-11-18 19:09:11,851 - mmdet - INFO - Epoch [2][635/635]	lr: 1.000e-02, bbox_mAP: 0.7540, bbox_mAP_50: 0.8570, bbox_mAP_75: 0.8170, bbox_mAP_s: 0.4050, bbox_mAP_m: 0.7290, bbox_mAP_l: 0.8470, bbox_mAP_copypaste: 0.754 0.857 0.817 0.405 0.729 0.847
2020-11-18 19:09:39,014 - mmdet - INFO - Epoch(train) [2][67]	loss_rpn_cls: 0.0085, loss_rpn_bbox: 0.0522, loss_cls: 0.0634, acc: 97.4099, loss_bbox: 0.1279, loss: 0.2521
2020-11-18 19:10:55,709 - mmdet - INFO - Epoch [3][100/635]	lr: 1.000e-02, eta: 0:13:53, time: 0.765, data_time: 0.033, memory: 11910, loss_rpn_cls: 0.0172, loss_rpn_bbox: 0.0568, loss_cls: 0.0628, acc: 97.6562, loss_bbox: 0.1205, loss: 0.2573
2020-11-18 19:12:10,240 - mmdet - INFO - Epoch [3][200/635]	lr: 1.000e-02, eta: 0:12:44, time: 0.745, data_time: 0.012, memory: 11910, loss_rpn_cls: 0.0097, loss_rpn_bbox: 0.0523, loss_cls: 0.0647, acc: 97.3633, loss_bbox: 0.1237, loss: 0.2504
2020-11-18 19:13:24,863 - mmdet - INFO - Epoch [3][300/635]	lr: 1.000e-02, eta: 0:11:34, time: 0.746, data_time: 0.012, memory: 11910, loss_rpn_cls: 0.0069, loss_rpn_bbox: 0.0523, loss_cls: 0.0569, acc: 97.7002, loss_bbox: 0.1199, loss: 0.2360
2020-11-18 19:14:39,688 - mmdet - INFO - Epoch [3][400/635]	lr: 1.000e-02, eta: 0:10:24, time: 0.748, data_time: 0.012, memory: 11910, loss_rpn_cls: 0.0080, loss_rpn_bbox: 0.0515, loss_cls: 0.0623, acc: 97.4736, loss_bbox: 0.1243, loss: 0.2461
2020-11-18 19:15:54,585 - mmdet - INFO - Epoch [3][500/635]	lr: 1.000e-02, eta: 0:09:14, time: 0.749, data_time: 0.012, memory: 11910, loss_rpn_cls: 0.0097, loss_rpn_bbox: 0.0532, loss_cls: 0.0611, acc: 97.5312, loss_bbox: 0.1265, loss: 0.2504
2020-11-18 19:17:09,024 - mmdet - INFO - Epoch [3][600/635]	lr: 1.000e-02, eta: 0:08:03, time: 0.744, data_time: 0.012, memory: 11910, loss_rpn_cls: 0.0078, loss_rpn_bbox: 0.0520, loss_cls: 0.0675, acc: 97.1914, loss_bbox: 0.1369, loss: 0.2643
2020-11-18 19:17:56,609 - mmdet - INFO - Evaluating bbox...
2020-11-18 19:17:58,551 - mmdet - INFO - Epoch [3][635/635]	lr: 1.000e-02, bbox_mAP: 0.7710, bbox_mAP_50: 0.8680, bbox_mAP_75: 0.8280, bbox_mAP_s: 0.4250, bbox_mAP_m: 0.7510, bbox_mAP_l: 0.8540, bbox_mAP_copypaste: 0.771 0.868 0.828 0.425 0.751 0.854
2020-11-18 19:19:15,663 - mmdet - INFO - Epoch [4][100/635]	lr: 1.000e-02, eta: 0:06:20, time: 0.769, data_time: 0.033, memory: 11910, loss_rpn_cls: 0.0072, loss_rpn_bbox: 0.0495, loss_cls: 0.0525, acc: 97.9766, loss_bbox: 0.1282, loss: 0.2374
2020-11-18 19:20:30,864 - mmdet - INFO - Epoch [4][200/635]	lr: 1.000e-02, eta: 0:05:10, time: 0.752, data_time: 0.012, memory: 11910, loss_rpn_cls: 0.0068, loss_rpn_bbox: 0.0544, loss_cls: 0.0607, acc: 97.4619, loss_bbox: 0.1275, loss: 0.2493
2020-11-18 19:21:45,455 - mmdet - INFO - Epoch [4][300/635]	lr: 1.000e-02, eta: 0:03:59, time: 0.746, data_time: 0.012, memory: 11910, loss_rpn_cls: 0.0056, loss_rpn_bbox: 0.0491, loss_cls: 0.0513, acc: 97.9043, loss_bbox: 0.1103, loss: 0.2162
2020-11-18 19:23:00,160 - mmdet - INFO - Epoch [4][400/635]	lr: 1.000e-02, eta: 0:02:48, time: 0.747, data_time: 0.012, memory: 11910, loss_rpn_cls: 0.0064, loss_rpn_bbox: 0.0511, loss_cls: 0.0656, acc: 97.1826, loss_bbox: 0.1278, loss: 0.2510
2020-11-18 19:24:15,042 - mmdet - INFO - Epoch [4][500/635]	lr: 1.000e-02, eta: 0:01:36, time: 0.749, data_time: 0.012, memory: 11910, loss_rpn_cls: 0.0085, loss_rpn_bbox: 0.0511, loss_cls: 0.0653, acc: 97.1943, loss_bbox: 0.1237, loss: 0.2485
2020-11-18 19:25:30,224 - mmdet - INFO - Epoch [4][600/635]	lr: 1.000e-02, eta: 0:00:25, time: 0.752, data_time: 0.012, memory: 11910, loss_rpn_cls: 0.0078, loss_rpn_bbox: 0.0537, loss_cls: 0.0590, acc: 97.5322, loss_bbox: 0.1219, loss: 0.2424
2020-11-18 19:25:56,202 - mmdet - INFO - Saving checkpoint at 4 epochs
2020-11-18 19:26:19,522 - mmdet - INFO - Evaluating bbox...
2020-11-18 19:26:21,574 - mmdet - INFO - Epoch [4][635/635]	lr: 1.000e-02, bbox_mAP: 0.7720, bbox_mAP_50: 0.8660, bbox_mAP_75: 0.8310, bbox_mAP_s: 0.4200, bbox_mAP_m: 0.7500, bbox_mAP_l: 0.8520, bbox_mAP_copypaste: 0.772 0.866 0.831 0.420 0.750 0.852
2020-11-18 19:26:48,768 - mmdet - INFO - Epoch(train) [4][67]	loss_rpn_cls: 0.0077, loss_rpn_bbox: 0.0518, loss_cls: 0.0623, acc: 97.5222, loss_bbox: 0.1308, loss: 0.2525
