2020-11-24 02:00:07,549 - mmdet - INFO - Environment info:
------------------------------------------------------------
sys.platform: linux
Python: 3.6.4 |Anaconda, Inc.| (default, Jan 16 2018, 18:10:19) [GCC 7.2.0]
CUDA available: True
CUDA_HOME: /usr/local/cuda
NVCC: Cuda compilation tools, release 10.0, V10.0.130
GPU 0: Tesla P100-PCIE-16GB
GCC: gcc (GCC) 5.3.0
PyTorch: 1.3.1+cu100
PyTorch compiling details: PyTorch built with:
  - GCC 7.3
  - Intel(R) Math Kernel Library Version 2019.0.4 Product Build 20190411 for Intel(R) 64 architecture applications
  - Intel(R) MKL-DNN v0.20.5 (Git Hash 0125f28c61c1f822fd48570b4c1066f96fcb9b2e)
  - OpenMP 201511 (a.k.a. OpenMP 4.5)
  - NNPACK is enabled
  - CUDA Runtime 10.0
  - NVCC architecture flags: -gencode;arch=compute_37,code=sm_37;-gencode;arch=compute_50,code=sm_50;-gencode;arch=compute_60,code=sm_60;-gencode;arch=compute_61,code=sm_61;-gencode;arch=compute_70,code=sm_70;-gencode;arch=compute_75,code=sm_75;-gencode;arch=compute_37,code=compute_37
  - CuDNN 7.6.3
  - Magma 2.5.1
  - Build settings: BLAS=MKL, BUILD_NAMEDTENSOR=OFF, BUILD_TYPE=Release, CXX_FLAGS= -Wno-deprecated -fvisibility-inlines-hidden -fopenmp -DUSE_FBGEMM -DUSE_QNNPACK -DUSE_PYTORCH_QNNPACK -O2 -fPIC -Wno-narrowing -Wall -Wextra -Wno-missing-field-initializers -Wno-type-limits -Wno-array-bounds -Wno-unknown-pragmas -Wno-sign-compare -Wno-unused-parameter -Wno-unused-variable -Wno-unused-function -Wno-unused-result -Wno-strict-overflow -Wno-strict-aliasing -Wno-error=deprecated-declarations -Wno-stringop-overflow -Wno-error=pedantic -Wno-error=redundant-decls -Wno-error=old-style-cast -fdiagnostics-color=always -faligned-new -Wno-unused-but-set-variable -Wno-maybe-uninitialized -fno-math-errno -fno-trapping-math -Wno-stringop-overflow, DISABLE_NUMA=1, PERF_WITH_AVX=1, PERF_WITH_AVX2=1, PERF_WITH_AVX512=1, USE_CUDA=True, USE_EXCEPTION_PTR=1, USE_GFLAGS=OFF, USE_GLOG=OFF, USE_MKL=ON, USE_MKLDNN=ON, USE_MPI=OFF, USE_NCCL=ON, USE_NNPACK=ON, USE_OPENMP=ON, USE_STATIC_DISPATCH=OFF, 

TorchVision: 0.4.2+cu100
OpenCV: 4.4.0
MMCV: 1.0.5
MMDetection: 2.3.0+788fa8d
MMDetection Compiler: GCC 7.3
MMDetection CUDA Compiler: 10.0
------------------------------------------------------------

2020-11-24 02:00:07,549 - mmdet - INFO - Distributed training: False
2020-11-24 02:00:07,949 - mmdet - INFO - Config:
model = dict(
    type='FasterRCNN',
    pretrained='torchvision://resnet50',
    backbone=dict(
        type='ResNet',
        depth=50,
        num_stages=4,
        out_indices=(0, 1, 2, 3),
        frozen_stages=1,
        norm_cfg=dict(type='BN', requires_grad=True),
        norm_eval=True,
        style='pytorch'),
    neck=dict(
        type='FPN',
        in_channels=[256, 512, 1024, 2048],
        out_channels=256,
        num_outs=5),
    rpn_head=dict(
        type='RPNHead',
        in_channels=256,
        feat_channels=256,
        anchor_generator=dict(
            type='AnchorGenerator',
            scales=[8],
            ratios=[0.5, 1.0, 2.0],
            strides=[4, 8, 16, 32, 64]),
        bbox_coder=dict(
            type='DeltaXYWHBBoxCoder',
            target_means=[0.0, 0.0, 0.0, 0.0],
            target_stds=[1.0, 1.0, 1.0, 1.0]),
        loss_cls=dict(
            type='CrossEntropyLoss', use_sigmoid=True, loss_weight=1.0),
        loss_bbox=dict(type='L1Loss', loss_weight=1.0)),
    roi_head=dict(
        type='StandardRoIHead',
        bbox_roi_extractor=dict(
            type='SingleRoIExtractor',
            roi_layer=dict(type='RoIAlign', output_size=7, sampling_ratio=0),
            out_channels=256,
            featmap_strides=[4, 8, 16, 32]),
        bbox_head=dict(
            type='Shared2FCBBoxHead',
            in_channels=256,
            fc_out_channels=1024,
            roi_feat_size=7,
            num_classes=2,
            bbox_coder=dict(
                type='DeltaXYWHBBoxCoder',
                target_means=[0.0, 0.0, 0.0, 0.0],
                target_stds=[0.1, 0.1, 0.2, 0.2]),
            reg_class_agnostic=False,
            loss_cls=dict(
                type='CrossEntropyLoss', use_sigmoid=False, loss_weight=1.0),
            loss_bbox=dict(type='L1Loss', loss_weight=1.0))))
train_cfg = dict(
    rpn=dict(
        assigner=dict(
            type='MaxIoUAssigner',
            pos_iou_thr=0.7,
            neg_iou_thr=0.3,
            min_pos_iou=0.3,
            match_low_quality=True,
            ignore_iof_thr=-1),
        sampler=dict(
            type='RandomSampler',
            num=256,
            pos_fraction=0.5,
            neg_pos_ub=-1,
            add_gt_as_proposals=False),
        allowed_border=-1,
        pos_weight=-1,
        debug=False),
    rpn_proposal=dict(
        nms_across_levels=False,
        nms_pre=2000,
        nms_post=1000,
        max_num=1000,
        nms_thr=0.7,
        min_bbox_size=0),
    rcnn=dict(
        assigner=dict(
            type='MaxIoUAssigner',
            pos_iou_thr=0.5,
            neg_iou_thr=0.5,
            min_pos_iou=0.5,
            match_low_quality=False,
            ignore_iof_thr=-1),
        sampler=dict(
            type='RandomSampler',
            num=512,
            pos_fraction=0.25,
            neg_pos_ub=-1,
            add_gt_as_proposals=True),
        pos_weight=-1,
        debug=False))
test_cfg = dict(
    rpn=dict(
        nms_across_levels=False,
        nms_pre=1000,
        nms_post=1000,
        max_num=1000,
        nms_thr=0.7,
        min_bbox_size=0),
    rcnn=dict(
        score_thr=0.05,
        nms=dict(type='nms', iou_threshold=0.5),
        max_per_img=100))
dataset_type = 'CocoDataset'
data_root = 'data/coco/'
img_norm_cfg = dict(
    mean=[123.675, 116.28, 103.53], std=[58.395, 57.12, 57.375], to_rgb=True)
train_pipeline = [
    dict(type='LoadImageFromFile'),
    dict(type='LoadAnnotations', with_bbox=True),
    dict(type='Resize', img_scale=(1550, 1550), keep_ratio=True),
    dict(type='RandomFlip', flip_ratio=0.5),
    dict(
        type='Normalize',
        mean=[123.675, 116.28, 103.53],
        std=[58.395, 57.12, 57.375],
        to_rgb=True),
    dict(type='Pad', size_divisor=32),
    dict(type='DefaultFormatBundle'),
    dict(type='Collect', keys=['img', 'gt_bboxes', 'gt_labels'])
]
test_pipeline = [
    dict(type='LoadImageFromFile'),
    dict(
        type='MultiScaleFlipAug',
        img_scale=(1550, 1550),
        flip=False,
        transforms=[
            dict(type='Resize', keep_ratio=True),
            dict(type='RandomFlip'),
            dict(
                type='Normalize',
                mean=[123.675, 116.28, 103.53],
                std=[58.395, 57.12, 57.375],
                to_rgb=True),
            dict(type='Pad', size_divisor=32),
            dict(type='ImageToTensor', keys=['img']),
            dict(type='Collect', keys=['img'])
        ])
]
data = dict(
    samples_per_gpu=2,
    workers_per_gpu=2,
    train=dict(
        type='CocoDataset',
        ann_file='data/coco/annotations/annotations_trai.json',
        img_prefix='data/coco/img/',
        pipeline=[
            dict(type='LoadImageFromFile'),
            dict(type='LoadAnnotations', with_bbox=True),
            dict(type='Resize', img_scale=(1550, 1550), keep_ratio=True),
            dict(type='RandomFlip', flip_ratio=0.5),
            dict(
                type='Normalize',
                mean=[123.675, 116.28, 103.53],
                std=[58.395, 57.12, 57.375],
                to_rgb=True),
            dict(type='Pad', size_divisor=32),
            dict(type='DefaultFormatBundle'),
            dict(type='Collect', keys=['img', 'gt_bboxes', 'gt_labels'])
        ]),
    val=dict(
        type='CocoDataset',
        ann_file='data/coco/annotations/annotations_test.json',
        img_prefix='data/coco/img/',
        pipeline=[
            dict(type='LoadImageFromFile'),
            dict(
                type='MultiScaleFlipAug',
                img_scale=(1550, 1550),
                flip=False,
                transforms=[
                    dict(type='Resize', keep_ratio=True),
                    dict(type='RandomFlip'),
                    dict(
                        type='Normalize',
                        mean=[123.675, 116.28, 103.53],
                        std=[58.395, 57.12, 57.375],
                        to_rgb=True),
                    dict(type='Pad', size_divisor=32),
                    dict(type='ImageToTensor', keys=['img']),
                    dict(type='Collect', keys=['img'])
                ])
        ]),
    test=dict(
        type='CocoDataset',
        ann_file='data/coco/annotations/annotations_vals.json',
        img_prefix='data/coco/img/',
        pipeline=[
            dict(type='LoadImageFromFile'),
            dict(
                type='MultiScaleFlipAug',
                img_scale=(1550, 1550),
                flip=False,
                transforms=[
                    dict(type='Resize', keep_ratio=True),
                    dict(type='RandomFlip'),
                    dict(
                        type='Normalize',
                        mean=[123.675, 116.28, 103.53],
                        std=[58.395, 57.12, 57.375],
                        to_rgb=True),
                    dict(type='Pad', size_divisor=32),
                    dict(type='ImageToTensor', keys=['img']),
                    dict(type='Collect', keys=['img'])
                ])
        ]))
evaluation = dict(interval=1, metric='bbox')
optimizer = dict(type='SGD', lr=0.01, momentum=0.9, weight_decay=0.0001)
optimizer_config = dict(grad_clip=None)
lr_config = dict(
    policy='step',
    warmup='linear',
    warmup_iters=500,
    warmup_ratio=0.001,
    step=[8, 11])
total_epochs = 4
checkpoint_config = dict(interval=4)
log_config = dict(interval=100, hooks=[dict(type='TextLoggerHook')])
dist_params = dict(backend='nccl')
log_level = 'INFO'
load_from = '/home/admin/.cache/torch/checkpoints/X.pth'
resume_from = None
workflow = [('train', 2), ('val', 1)]
work_dir = '/home/admin/jupyter/SecurityAI_Round5/data/work'
gpu_ids = range(0, 1)

2020-11-24 02:00:08,454 - mmdet - INFO - load model from: torchvision://resnet50
2020-11-24 02:00:16,358 - mmdet - WARNING - The model and loaded state dict do not match exactly

unexpected key in source state_dict: fc.weight, fc.bias

2020-11-24 02:00:26,556 - mmdet - INFO - load checkpoint from /home/admin/.cache/torch/checkpoints/X.pth
2020-11-24 02:00:33,351 - mmdet - INFO - Start running, host: admin@fuxilabor_labor0_S4_Odps_S96_dsw_prepaid_cnsh_838_2020112313382, work_dir: /home/admin/jupyter/SecurityAI_Round5/data/work
2020-11-24 02:00:33,351 - mmdet - INFO - workflow: [('train', 2), ('val', 1)], max: 4 epochs
2020-11-24 02:01:50,992 - mmdet - INFO - Epoch [1][100/619]	lr: 1.988e-03, eta: 0:30:39, time: 0.774, data_time: 0.034, memory: 11912, loss_rpn_cls: 0.0038, loss_rpn_bbox: 0.0298, loss_cls: 0.0361, acc: 98.5791, loss_bbox: 0.0812, loss: 0.1508
2020-11-24 02:03:05,896 - mmdet - INFO - Epoch [1][200/619]	lr: 3.986e-03, eta: 0:28:53, time: 0.749, data_time: 0.012, memory: 11912, loss_rpn_cls: 0.0027, loss_rpn_bbox: 0.0284, loss_cls: 0.0411, acc: 98.2285, loss_bbox: 0.0800, loss: 0.1523
2020-11-24 02:04:20,676 - mmdet - INFO - Epoch [1][300/619]	lr: 5.984e-03, eta: 0:27:27, time: 0.748, data_time: 0.012, memory: 11912, loss_rpn_cls: 0.0014, loss_rpn_bbox: 0.0249, loss_cls: 0.0272, acc: 98.8613, loss_bbox: 0.0692, loss: 0.1227
2020-11-24 02:05:35,905 - mmdet - INFO - Epoch [1][400/619]	lr: 7.982e-03, eta: 0:26:09, time: 0.752, data_time: 0.012, memory: 11912, loss_rpn_cls: 0.0027, loss_rpn_bbox: 0.0307, loss_cls: 0.0310, acc: 98.7480, loss_bbox: 0.0777, loss: 0.1421
2020-11-24 02:06:50,636 - mmdet - INFO - Epoch [1][500/619]	lr: 9.980e-03, eta: 0:24:50, time: 0.747, data_time: 0.012, memory: 11912, loss_rpn_cls: 0.0027, loss_rpn_bbox: 0.0281, loss_cls: 0.0329, acc: 98.6904, loss_bbox: 0.0733, loss: 0.1370
2020-11-24 02:08:05,073 - mmdet - INFO - Epoch [1][600/619]	lr: 1.000e-02, eta: 0:23:31, time: 0.744, data_time: 0.012, memory: 11912, loss_rpn_cls: 0.0034, loss_rpn_bbox: 0.0328, loss_cls: 0.0431, acc: 98.2979, loss_bbox: 0.0847, loss: 0.1640
2020-11-24 02:08:46,174 - mmdet - INFO - Evaluating bbox...
2020-11-24 02:08:48,315 - mmdet - INFO - Epoch [1][619/619]	lr: 1.000e-02, bbox_mAP: 0.8400, bbox_mAP_50: 0.9040, bbox_mAP_75: 0.8990, bbox_mAP_s: 0.5840, bbox_mAP_m: 0.8680, bbox_mAP_l: 0.9070, bbox_mAP_copypaste: 0.840 0.904 0.899 0.584 0.868 0.907
2020-11-24 02:10:05,458 - mmdet - INFO - Epoch [2][100/619]	lr: 1.000e-02, eta: 0:21:31, time: 0.769, data_time: 0.033, memory: 11912, loss_rpn_cls: 0.0030, loss_rpn_bbox: 0.0316, loss_cls: 0.0353, acc: 98.5088, loss_bbox: 0.0822, loss: 0.1522
2020-11-24 02:11:20,525 - mmdet - INFO - Epoch [2][200/619]	lr: 1.000e-02, eta: 0:20:21, time: 0.751, data_time: 0.013, memory: 11912, loss_rpn_cls: 0.0023, loss_rpn_bbox: 0.0311, loss_cls: 0.0291, acc: 98.8721, loss_bbox: 0.0795, loss: 0.1420
2020-11-24 02:12:35,008 - mmdet - INFO - Epoch [2][300/619]	lr: 1.000e-02, eta: 0:19:08, time: 0.745, data_time: 0.012, memory: 11912, loss_rpn_cls: 0.0028, loss_rpn_bbox: 0.0337, loss_cls: 0.0332, acc: 98.5596, loss_bbox: 0.0748, loss: 0.1446
2020-11-24 02:13:49,551 - mmdet - INFO - Epoch [2][400/619]	lr: 1.000e-02, eta: 0:17:56, time: 0.745, data_time: 0.012, memory: 11912, loss_rpn_cls: 0.0030, loss_rpn_bbox: 0.0304, loss_cls: 0.0349, acc: 98.4971, loss_bbox: 0.0813, loss: 0.1496
2020-11-24 02:15:04,238 - mmdet - INFO - Epoch [2][500/619]	lr: 1.000e-02, eta: 0:16:43, time: 0.747, data_time: 0.012, memory: 11912, loss_rpn_cls: 0.0041, loss_rpn_bbox: 0.0356, loss_cls: 0.0451, acc: 98.0732, loss_bbox: 0.0891, loss: 0.1739
2020-11-24 02:16:18,920 - mmdet - INFO - Epoch [2][600/619]	lr: 1.000e-02, eta: 0:15:30, time: 0.747, data_time: 0.012, memory: 11912, loss_rpn_cls: 0.0031, loss_rpn_bbox: 0.0321, loss_cls: 0.0383, acc: 98.4287, loss_bbox: 0.0872, loss: 0.1607
2020-11-24 02:16:59,964 - mmdet - INFO - Evaluating bbox...
2020-11-24 02:17:02,167 - mmdet - INFO - Epoch [2][619/619]	lr: 1.000e-02, bbox_mAP: 0.8450, bbox_mAP_50: 0.9090, bbox_mAP_75: 0.8990, bbox_mAP_s: 0.5980, bbox_mAP_m: 0.8840, bbox_mAP_l: 0.9150, bbox_mAP_copypaste: 0.845 0.909 0.899 0.598 0.884 0.915
2020-11-24 02:17:35,568 - mmdet - INFO - Epoch(train) [2][84]	loss_rpn_cls: 0.0032, loss_rpn_bbox: 0.0322, loss_cls: 0.0369, acc: 98.4689, loss_bbox: 0.0808, loss: 0.1532
2020-11-24 02:18:52,808 - mmdet - INFO - Epoch [3][100/619]	lr: 1.000e-02, eta: 0:13:52, time: 0.770, data_time: 0.033, memory: 11912, loss_rpn_cls: 0.0025, loss_rpn_bbox: 0.0301, loss_cls: 0.0342, acc: 98.5947, loss_bbox: 0.0734, loss: 0.1403
2020-11-24 02:20:07,756 - mmdet - INFO - Epoch [3][200/619]	lr: 1.000e-02, eta: 0:12:40, time: 0.749, data_time: 0.012, memory: 11912, loss_rpn_cls: 0.0030, loss_rpn_bbox: 0.0319, loss_cls: 0.0330, acc: 98.6641, loss_bbox: 0.0823, loss: 0.1503
2020-11-24 02:21:22,574 - mmdet - INFO - Epoch [3][300/619]	lr: 1.000e-02, eta: 0:11:28, time: 0.748, data_time: 0.012, memory: 11912, loss_rpn_cls: 0.0027, loss_rpn_bbox: 0.0322, loss_cls: 0.0379, acc: 98.3779, loss_bbox: 0.0793, loss: 0.1522
2020-11-24 02:22:37,553 - mmdet - INFO - Epoch [3][400/619]	lr: 1.000e-02, eta: 0:10:15, time: 0.750, data_time: 0.013, memory: 11912, loss_rpn_cls: 0.0035, loss_rpn_bbox: 0.0318, loss_cls: 0.0349, acc: 98.5723, loss_bbox: 0.0847, loss: 0.1550
2020-11-24 02:23:52,512 - mmdet - INFO - Epoch [3][500/619]	lr: 1.000e-02, eta: 0:09:02, time: 0.750, data_time: 0.012, memory: 11912, loss_rpn_cls: 0.0034, loss_rpn_bbox: 0.0331, loss_cls: 0.0354, acc: 98.5713, loss_bbox: 0.0852, loss: 0.1570
2020-11-24 02:25:07,282 - mmdet - INFO - Epoch [3][600/619]	lr: 1.000e-02, eta: 0:07:49, time: 0.748, data_time: 0.012, memory: 11912, loss_rpn_cls: 0.0035, loss_rpn_bbox: 0.0329, loss_cls: 0.0361, acc: 98.4951, loss_bbox: 0.0837, loss: 0.1562
2020-11-24 02:25:48,409 - mmdet - INFO - Evaluating bbox...
2020-11-24 02:25:50,683 - mmdet - INFO - Epoch [3][619/619]	lr: 1.000e-02, bbox_mAP: 0.8400, bbox_mAP_50: 0.9080, bbox_mAP_75: 0.8980, bbox_mAP_s: 0.5940, bbox_mAP_m: 0.8580, bbox_mAP_l: 0.9040, bbox_mAP_copypaste: 0.840 0.908 0.898 0.594 0.858 0.904
2020-11-24 02:27:07,746 - mmdet - INFO - Epoch [4][100/619]	lr: 1.000e-02, eta: 0:06:19, time: 0.769, data_time: 0.034, memory: 11912, loss_rpn_cls: 0.0043, loss_rpn_bbox: 0.0357, loss_cls: 0.0420, acc: 98.3076, loss_bbox: 0.0889, loss: 0.1709
2020-11-24 02:28:22,472 - mmdet - INFO - Epoch [4][200/619]	lr: 1.000e-02, eta: 0:05:06, time: 0.747, data_time: 0.012, memory: 11912, loss_rpn_cls: 0.0023, loss_rpn_bbox: 0.0303, loss_cls: 0.0307, acc: 98.7529, loss_bbox: 0.0758, loss: 0.1391
2020-11-24 02:29:37,216 - mmdet - INFO - Epoch [4][300/619]	lr: 1.000e-02, eta: 0:03:53, time: 0.747, data_time: 0.012, memory: 11912, loss_rpn_cls: 0.0033, loss_rpn_bbox: 0.0331, loss_cls: 0.0355, acc: 98.5332, loss_bbox: 0.0802, loss: 0.1520
2020-11-24 02:30:52,005 - mmdet - INFO - Epoch [4][400/619]	lr: 1.000e-02, eta: 0:02:40, time: 0.748, data_time: 0.012, memory: 11912, loss_rpn_cls: 0.0029, loss_rpn_bbox: 0.0331, loss_cls: 0.0364, acc: 98.5010, loss_bbox: 0.0779, loss: 0.1503
2020-11-24 02:32:06,718 - mmdet - INFO - Epoch [4][500/619]	lr: 1.000e-02, eta: 0:01:27, time: 0.747, data_time: 0.012, memory: 11912, loss_rpn_cls: 0.0034, loss_rpn_bbox: 0.0340, loss_cls: 0.0385, acc: 98.3818, loss_bbox: 0.0839, loss: 0.1597
2020-11-24 02:33:21,544 - mmdet - INFO - Epoch [4][600/619]	lr: 1.000e-02, eta: 0:00:13, time: 0.748, data_time: 0.012, memory: 11912, loss_rpn_cls: 0.0027, loss_rpn_bbox: 0.0334, loss_cls: 0.0364, acc: 98.4785, loss_bbox: 0.0812, loss: 0.1536
2020-11-24 02:33:35,615 - mmdet - INFO - Saving checkpoint at 4 epochs
2020-11-24 02:34:04,590 - mmdet - INFO - Evaluating bbox...
2020-11-24 02:34:06,865 - mmdet - INFO - Epoch [4][619/619]	lr: 1.000e-02, bbox_mAP: 0.8450, bbox_mAP_50: 0.9080, bbox_mAP_75: 0.8980, bbox_mAP_s: 0.5930, bbox_mAP_m: 0.8730, bbox_mAP_l: 0.9090, bbox_mAP_copypaste: 0.845 0.908 0.898 0.593 0.873 0.909
2020-11-24 02:34:40,908 - mmdet - INFO - Epoch(train) [4][84]	loss_rpn_cls: 0.0029, loss_rpn_bbox: 0.0327, loss_cls: 0.0386, acc: 98.4282, loss_bbox: 0.0849, loss: 0.1592
