2020-11-24 13:06:26,734 - mmdet - INFO - Environment info:
------------------------------------------------------------
sys.platform: linux
Python: 3.6.4 |Anaconda, Inc.| (default, Jan 16 2018, 18:10:19) [GCC 7.2.0]
CUDA available: True
CUDA_HOME: /usr/local/cuda
NVCC: Cuda compilation tools, release 10.0, V10.0.130
GPU 0: Tesla P100-PCIE-16GB
GCC: gcc (GCC) 5.3.0
PyTorch: 1.3.1+cu100
PyTorch compiling details: PyTorch built with:
  - GCC 7.3
  - Intel(R) Math Kernel Library Version 2019.0.4 Product Build 20190411 for Intel(R) 64 architecture applications
  - Intel(R) MKL-DNN v0.20.5 (Git Hash 0125f28c61c1f822fd48570b4c1066f96fcb9b2e)
  - OpenMP 201511 (a.k.a. OpenMP 4.5)
  - NNPACK is enabled
  - CUDA Runtime 10.0
  - NVCC architecture flags: -gencode;arch=compute_37,code=sm_37;-gencode;arch=compute_50,code=sm_50;-gencode;arch=compute_60,code=sm_60;-gencode;arch=compute_61,code=sm_61;-gencode;arch=compute_70,code=sm_70;-gencode;arch=compute_75,code=sm_75;-gencode;arch=compute_37,code=compute_37
  - CuDNN 7.6.3
  - Magma 2.5.1
  - Build settings: BLAS=MKL, BUILD_NAMEDTENSOR=OFF, BUILD_TYPE=Release, CXX_FLAGS= -Wno-deprecated -fvisibility-inlines-hidden -fopenmp -DUSE_FBGEMM -DUSE_QNNPACK -DUSE_PYTORCH_QNNPACK -O2 -fPIC -Wno-narrowing -Wall -Wextra -Wno-missing-field-initializers -Wno-type-limits -Wno-array-bounds -Wno-unknown-pragmas -Wno-sign-compare -Wno-unused-parameter -Wno-unused-variable -Wno-unused-function -Wno-unused-result -Wno-strict-overflow -Wno-strict-aliasing -Wno-error=deprecated-declarations -Wno-stringop-overflow -Wno-error=pedantic -Wno-error=redundant-decls -Wno-error=old-style-cast -fdiagnostics-color=always -faligned-new -Wno-unused-but-set-variable -Wno-maybe-uninitialized -fno-math-errno -fno-trapping-math -Wno-stringop-overflow, DISABLE_NUMA=1, PERF_WITH_AVX=1, PERF_WITH_AVX2=1, PERF_WITH_AVX512=1, USE_CUDA=True, USE_EXCEPTION_PTR=1, USE_GFLAGS=OFF, USE_GLOG=OFF, USE_MKL=ON, USE_MKLDNN=ON, USE_MPI=OFF, USE_NCCL=ON, USE_NNPACK=ON, USE_OPENMP=ON, USE_STATIC_DISPATCH=OFF, 

TorchVision: 0.4.2+cu100
OpenCV: 4.4.0
MMCV: 1.0.5
MMDetection: 2.3.0+788fa8d
MMDetection Compiler: GCC 7.3
MMDetection CUDA Compiler: 10.0
------------------------------------------------------------

2020-11-24 13:06:26,735 - mmdet - INFO - Distributed training: False
2020-11-24 13:06:27,125 - mmdet - INFO - Config:
model = dict(
    type='FasterRCNN',
    pretrained='torchvision://resnet50',
    backbone=dict(
        type='ResNet',
        depth=50,
        num_stages=4,
        out_indices=(0, 1, 2, 3),
        frozen_stages=1,
        norm_cfg=dict(type='BN', requires_grad=True),
        norm_eval=True,
        style='pytorch'),
    neck=dict(
        type='FPN',
        in_channels=[256, 512, 1024, 2048],
        out_channels=256,
        num_outs=5),
    rpn_head=dict(
        type='RPNHead',
        in_channels=256,
        feat_channels=256,
        anchor_generator=dict(
            type='AnchorGenerator',
            scales=[8],
            ratios=[0.5, 1.0, 2.0],
            strides=[4, 8, 16, 32, 64]),
        bbox_coder=dict(
            type='DeltaXYWHBBoxCoder',
            target_means=[0.0, 0.0, 0.0, 0.0],
            target_stds=[1.0, 1.0, 1.0, 1.0]),
        loss_cls=dict(
            type='CrossEntropyLoss', use_sigmoid=True, loss_weight=1.0),
        loss_bbox=dict(type='L1Loss', loss_weight=1.0)),
    roi_head=dict(
        type='StandardRoIHead',
        bbox_roi_extractor=dict(
            type='SingleRoIExtractor',
            roi_layer=dict(type='RoIAlign', output_size=7, sampling_ratio=0),
            out_channels=256,
            featmap_strides=[4, 8, 16, 32]),
        bbox_head=dict(
            type='Shared2FCBBoxHead',
            in_channels=256,
            fc_out_channels=1024,
            roi_feat_size=7,
            num_classes=2,
            bbox_coder=dict(
                type='DeltaXYWHBBoxCoder',
                target_means=[0.0, 0.0, 0.0, 0.0],
                target_stds=[0.1, 0.1, 0.2, 0.2]),
            reg_class_agnostic=False,
            loss_cls=dict(
                type='CrossEntropyLoss', use_sigmoid=False, loss_weight=1.0),
            loss_bbox=dict(type='L1Loss', loss_weight=1.0))))
train_cfg = dict(
    rpn=dict(
        assigner=dict(
            type='MaxIoUAssigner',
            pos_iou_thr=0.7,
            neg_iou_thr=0.3,
            min_pos_iou=0.3,
            match_low_quality=True,
            ignore_iof_thr=-1),
        sampler=dict(
            type='RandomSampler',
            num=256,
            pos_fraction=0.5,
            neg_pos_ub=-1,
            add_gt_as_proposals=False),
        allowed_border=-1,
        pos_weight=-1,
        debug=False),
    rpn_proposal=dict(
        nms_across_levels=False,
        nms_pre=2000,
        nms_post=1000,
        max_num=1000,
        nms_thr=0.7,
        min_bbox_size=0),
    rcnn=dict(
        assigner=dict(
            type='MaxIoUAssigner',
            pos_iou_thr=0.5,
            neg_iou_thr=0.5,
            min_pos_iou=0.5,
            match_low_quality=False,
            ignore_iof_thr=-1),
        sampler=dict(
            type='RandomSampler',
            num=512,
            pos_fraction=0.25,
            neg_pos_ub=-1,
            add_gt_as_proposals=True),
        pos_weight=-1,
        debug=False))
test_cfg = dict(
    rpn=dict(
        nms_across_levels=False,
        nms_pre=1000,
        nms_post=1000,
        max_num=1000,
        nms_thr=0.7,
        min_bbox_size=0),
    rcnn=dict(
        score_thr=0.05,
        nms=dict(type='nms', iou_threshold=0.5),
        max_per_img=100))
dataset_type = 'CocoDataset'
data_root = 'data/coco/'
img_norm_cfg = dict(
    mean=[123.675, 116.28, 103.53], std=[58.395, 57.12, 57.375], to_rgb=True)
train_pipeline = [
    dict(type='LoadImageFromFile'),
    dict(type='LoadAnnotations', with_bbox=True),
    dict(type='Resize', img_scale=(1550, 1550), keep_ratio=True),
    dict(type='RandomFlip', flip_ratio=0.5),
    dict(
        type='Normalize',
        mean=[123.675, 116.28, 103.53],
        std=[58.395, 57.12, 57.375],
        to_rgb=True),
    dict(type='Pad', size_divisor=32),
    dict(type='DefaultFormatBundle'),
    dict(type='Collect', keys=['img', 'gt_bboxes', 'gt_labels'])
]
test_pipeline = [
    dict(type='LoadImageFromFile'),
    dict(
        type='MultiScaleFlipAug',
        img_scale=(1550, 1550),
        flip=False,
        transforms=[
            dict(type='Resize', keep_ratio=True),
            dict(type='RandomFlip'),
            dict(
                type='Normalize',
                mean=[123.675, 116.28, 103.53],
                std=[58.395, 57.12, 57.375],
                to_rgb=True),
            dict(type='Pad', size_divisor=32),
            dict(type='ImageToTensor', keys=['img']),
            dict(type='Collect', keys=['img'])
        ])
]
data = dict(
    samples_per_gpu=2,
    workers_per_gpu=2,
    train=dict(
        type='CocoDataset',
        ann_file='data/coco/annotations/annotations_trai.json',
        img_prefix='data/coco/img/',
        pipeline=[
            dict(type='LoadImageFromFile'),
            dict(type='LoadAnnotations', with_bbox=True),
            dict(type='Resize', img_scale=(1550, 1550), keep_ratio=True),
            dict(type='RandomFlip', flip_ratio=0.5),
            dict(
                type='Normalize',
                mean=[123.675, 116.28, 103.53],
                std=[58.395, 57.12, 57.375],
                to_rgb=True),
            dict(type='Pad', size_divisor=32),
            dict(type='DefaultFormatBundle'),
            dict(type='Collect', keys=['img', 'gt_bboxes', 'gt_labels'])
        ]),
    val=dict(
        type='CocoDataset',
        ann_file='data/coco/annotations/annotations_test.json',
        img_prefix='data/coco/img/',
        pipeline=[
            dict(type='LoadImageFromFile'),
            dict(
                type='MultiScaleFlipAug',
                img_scale=(1550, 1550),
                flip=False,
                transforms=[
                    dict(type='Resize', keep_ratio=True),
                    dict(type='RandomFlip'),
                    dict(
                        type='Normalize',
                        mean=[123.675, 116.28, 103.53],
                        std=[58.395, 57.12, 57.375],
                        to_rgb=True),
                    dict(type='Pad', size_divisor=32),
                    dict(type='ImageToTensor', keys=['img']),
                    dict(type='Collect', keys=['img'])
                ])
        ]),
    test=dict(
        type='CocoDataset',
        ann_file='data/coco/annotations/annotations_vals.json',
        img_prefix='data/coco/img/',
        pipeline=[
            dict(type='LoadImageFromFile'),
            dict(
                type='MultiScaleFlipAug',
                img_scale=(1550, 1550),
                flip=False,
                transforms=[
                    dict(type='Resize', keep_ratio=True),
                    dict(type='RandomFlip'),
                    dict(
                        type='Normalize',
                        mean=[123.675, 116.28, 103.53],
                        std=[58.395, 57.12, 57.375],
                        to_rgb=True),
                    dict(type='Pad', size_divisor=32),
                    dict(type='ImageToTensor', keys=['img']),
                    dict(type='Collect', keys=['img'])
                ])
        ]))
evaluation = dict(interval=1, metric='bbox')
optimizer = dict(type='SGD', lr=0.01, momentum=0.9, weight_decay=0.0001)
optimizer_config = dict(grad_clip=None)
lr_config = dict(
    policy='step',
    warmup='linear',
    warmup_iters=500,
    warmup_ratio=0.001,
    step=[8, 11])
total_epochs = 4
checkpoint_config = dict(interval=4)
log_config = dict(interval=100, hooks=[dict(type='TextLoggerHook')])
dist_params = dict(backend='nccl')
log_level = 'INFO'
load_from = '/home/admin/.cache/torch/checkpoints/X.pth'
resume_from = None
workflow = [('train', 2), ('val', 1)]
work_dir = '/home/admin/jupyter/SecurityAI_Round5/data/work'
gpu_ids = range(0, 1)

2020-11-24 13:06:27,616 - mmdet - INFO - load model from: torchvision://resnet50
2020-11-24 13:06:35,940 - mmdet - WARNING - The model and loaded state dict do not match exactly

unexpected key in source state_dict: fc.weight, fc.bias

2020-11-24 13:06:46,565 - mmdet - INFO - load checkpoint from /home/admin/.cache/torch/checkpoints/X.pth
2020-11-24 13:06:53,232 - mmdet - INFO - Start running, host: admin@fuxilabor_labor0_S4_Odps_S96_dsw_prepaid_cnsh_838_2020112401190, work_dir: /home/admin/jupyter/SecurityAI_Round5/data/work
2020-11-24 13:06:53,232 - mmdet - INFO - workflow: [('train', 2), ('val', 1)], max: 4 epochs
2020-11-24 13:08:11,140 - mmdet - INFO - Epoch [1][100/619]	lr: 1.988e-03, eta: 0:30:46, time: 0.777, data_time: 0.034, memory: 10078, loss_rpn_cls: 0.0024, loss_rpn_bbox: 0.0249, loss_cls: 0.0282, acc: 98.8848, loss_bbox: 0.0672, loss: 0.1228
2020-11-24 13:09:26,152 - mmdet - INFO - Epoch [1][200/619]	lr: 3.986e-03, eta: 0:28:58, time: 0.750, data_time: 0.012, memory: 10078, loss_rpn_cls: 0.0021, loss_rpn_bbox: 0.0218, loss_cls: 0.0269, acc: 98.9180, loss_bbox: 0.0610, loss: 0.1118
2020-11-24 13:10:41,367 - mmdet - INFO - Epoch [1][300/619]	lr: 5.984e-03, eta: 0:27:33, time: 0.752, data_time: 0.012, memory: 10078, loss_rpn_cls: 0.0014, loss_rpn_bbox: 0.0230, loss_cls: 0.0255, acc: 98.8936, loss_bbox: 0.0602, loss: 0.1101
2020-11-24 13:11:56,374 - mmdet - INFO - Epoch [1][400/619]	lr: 7.982e-03, eta: 0:26:12, time: 0.750, data_time: 0.012, memory: 10078, loss_rpn_cls: 0.0017, loss_rpn_bbox: 0.0225, loss_cls: 0.0251, acc: 98.9619, loss_bbox: 0.0645, loss: 0.1138
2020-11-24 13:13:11,700 - mmdet - INFO - Epoch [1][500/619]	lr: 9.980e-03, eta: 0:24:54, time: 0.753, data_time: 0.012, memory: 11887, loss_rpn_cls: 0.0023, loss_rpn_bbox: 0.0285, loss_cls: 0.0315, acc: 98.6426, loss_bbox: 0.0658, loss: 0.1280
2020-11-24 13:14:26,307 - mmdet - INFO - Epoch [1][600/619]	lr: 1.000e-02, eta: 0:23:35, time: 0.746, data_time: 0.012, memory: 11887, loss_rpn_cls: 0.0032, loss_rpn_bbox: 0.0274, loss_cls: 0.0297, acc: 98.7949, loss_bbox: 0.0662, loss: 0.1265
2020-11-24 13:15:06,816 - mmdet - INFO - Evaluating bbox...
2020-11-24 13:15:08,890 - mmdet - INFO - Epoch [1][619/619]	lr: 1.000e-02, bbox_mAP: 0.8660, bbox_mAP_50: 0.9180, bbox_mAP_75: 0.9080, bbox_mAP_s: 0.6650, bbox_mAP_m: 0.8810, bbox_mAP_l: 0.9170, bbox_mAP_copypaste: 0.866 0.918 0.908 0.665 0.881 0.917
2020-11-24 13:16:26,361 - mmdet - INFO - Epoch [2][100/619]	lr: 1.000e-02, eta: 0:21:35, time: 0.773, data_time: 0.033, memory: 11887, loss_rpn_cls: 0.0024, loss_rpn_bbox: 0.0286, loss_cls: 0.0320, acc: 98.6152, loss_bbox: 0.0688, loss: 0.1318
2020-11-24 13:17:41,115 - mmdet - INFO - Epoch [2][200/619]	lr: 1.000e-02, eta: 0:20:23, time: 0.748, data_time: 0.012, memory: 11887, loss_rpn_cls: 0.0019, loss_rpn_bbox: 0.0276, loss_cls: 0.0278, acc: 98.8096, loss_bbox: 0.0687, loss: 0.1260
2020-11-24 13:18:56,372 - mmdet - INFO - Epoch [2][300/619]	lr: 1.000e-02, eta: 0:19:12, time: 0.753, data_time: 0.012, memory: 11887, loss_rpn_cls: 0.0024, loss_rpn_bbox: 0.0289, loss_cls: 0.0298, acc: 98.7021, loss_bbox: 0.0693, loss: 0.1304
2020-11-24 13:20:11,266 - mmdet - INFO - Epoch [2][400/619]	lr: 1.000e-02, eta: 0:17:59, time: 0.749, data_time: 0.012, memory: 11887, loss_rpn_cls: 0.0022, loss_rpn_bbox: 0.0262, loss_cls: 0.0252, acc: 98.9766, loss_bbox: 0.0589, loss: 0.1125
2020-11-24 13:21:26,629 - mmdet - INFO - Epoch [2][500/619]	lr: 1.000e-02, eta: 0:16:47, time: 0.754, data_time: 0.012, memory: 11887, loss_rpn_cls: 0.0025, loss_rpn_bbox: 0.0283, loss_cls: 0.0295, acc: 98.7266, loss_bbox: 0.0718, loss: 0.1320
2020-11-24 13:22:41,491 - mmdet - INFO - Epoch [2][600/619]	lr: 1.000e-02, eta: 0:15:33, time: 0.749, data_time: 0.012, memory: 11887, loss_rpn_cls: 0.0020, loss_rpn_bbox: 0.0302, loss_cls: 0.0319, acc: 98.5830, loss_bbox: 0.0724, loss: 0.1365
2020-11-24 13:23:21,862 - mmdet - INFO - Evaluating bbox...
2020-11-24 13:23:23,878 - mmdet - INFO - Epoch [2][619/619]	lr: 1.000e-02, bbox_mAP: 0.8560, bbox_mAP_50: 0.9130, bbox_mAP_75: 0.9030, bbox_mAP_s: 0.6570, bbox_mAP_m: 0.8790, bbox_mAP_l: 0.9010, bbox_mAP_copypaste: 0.856 0.913 0.903 0.657 0.879 0.901
2020-11-24 13:23:56,421 - mmdet - INFO - Epoch(train) [2][81]	loss_rpn_cls: 0.0024, loss_rpn_bbox: 0.0296, loss_cls: 0.0346, acc: 98.4857, loss_bbox: 0.0749, loss: 0.1415
2020-11-24 13:25:13,772 - mmdet - INFO - Epoch [3][100/619]	lr: 1.000e-02, eta: 0:13:55, time: 0.771, data_time: 0.033, memory: 11887, loss_rpn_cls: 0.0027, loss_rpn_bbox: 0.0302, loss_cls: 0.0277, acc: 98.8428, loss_bbox: 0.0695, loss: 0.1302
2020-11-24 13:26:28,727 - mmdet - INFO - Epoch [3][200/619]	lr: 1.000e-02, eta: 0:12:43, time: 0.750, data_time: 0.012, memory: 11887, loss_rpn_cls: 0.0029, loss_rpn_bbox: 0.0276, loss_cls: 0.0288, acc: 98.8340, loss_bbox: 0.0656, loss: 0.1250
2020-11-24 13:27:44,216 - mmdet - INFO - Epoch [3][300/619]	lr: 1.000e-02, eta: 0:11:30, time: 0.755, data_time: 0.012, memory: 11887, loss_rpn_cls: 0.0019, loss_rpn_bbox: 0.0305, loss_cls: 0.0266, acc: 98.8838, loss_bbox: 0.0679, loss: 0.1269
2020-11-24 13:28:59,017 - mmdet - INFO - Epoch [3][400/619]	lr: 1.000e-02, eta: 0:10:17, time: 0.748, data_time: 0.012, memory: 11887, loss_rpn_cls: 0.0023, loss_rpn_bbox: 0.0296, loss_cls: 0.0313, acc: 98.6660, loss_bbox: 0.0686, loss: 0.1318
2020-11-24 13:30:14,069 - mmdet - INFO - Epoch [3][500/619]	lr: 1.000e-02, eta: 0:09:04, time: 0.751, data_time: 0.012, memory: 11887, loss_rpn_cls: 0.0021, loss_rpn_bbox: 0.0281, loss_cls: 0.0340, acc: 98.4727, loss_bbox: 0.0737, loss: 0.1380
2020-11-24 13:31:29,238 - mmdet - INFO - Epoch [3][600/619]	lr: 1.000e-02, eta: 0:07:51, time: 0.752, data_time: 0.012, memory: 11913, loss_rpn_cls: 0.0031, loss_rpn_bbox: 0.0288, loss_cls: 0.0293, acc: 98.8047, loss_bbox: 0.0717, loss: 0.1330
2020-11-24 13:32:09,702 - mmdet - INFO - Evaluating bbox...
2020-11-24 13:32:11,819 - mmdet - INFO - Epoch [3][619/619]	lr: 1.000e-02, bbox_mAP: 0.8570, bbox_mAP_50: 0.9080, bbox_mAP_75: 0.8980, bbox_mAP_s: 0.6510, bbox_mAP_m: 0.8920, bbox_mAP_l: 0.9090, bbox_mAP_copypaste: 0.857 0.908 0.898 0.651 0.892 0.909
2020-11-24 13:33:29,206 - mmdet - INFO - Epoch [4][100/619]	lr: 1.000e-02, eta: 0:06:20, time: 0.772, data_time: 0.034, memory: 11913, loss_rpn_cls: 0.0023, loss_rpn_bbox: 0.0267, loss_cls: 0.0299, acc: 98.7051, loss_bbox: 0.0658, loss: 0.1247
2020-11-24 13:34:44,300 - mmdet - INFO - Epoch [4][200/619]	lr: 1.000e-02, eta: 0:05:07, time: 0.751, data_time: 0.012, memory: 11913, loss_rpn_cls: 0.0034, loss_rpn_bbox: 0.0312, loss_cls: 0.0318, acc: 98.6387, loss_bbox: 0.0737, loss: 0.1401
2020-11-24 13:35:59,178 - mmdet - INFO - Epoch [4][300/619]	lr: 1.000e-02, eta: 0:03:54, time: 0.749, data_time: 0.012, memory: 11913, loss_rpn_cls: 0.0030, loss_rpn_bbox: 0.0306, loss_cls: 0.0300, acc: 98.7305, loss_bbox: 0.0716, loss: 0.1353
2020-11-24 13:37:14,143 - mmdet - INFO - Epoch [4][400/619]	lr: 1.000e-02, eta: 0:02:41, time: 0.750, data_time: 0.012, memory: 11913, loss_rpn_cls: 0.0024, loss_rpn_bbox: 0.0313, loss_cls: 0.0291, acc: 98.7910, loss_bbox: 0.0716, loss: 0.1343
2020-11-24 13:38:29,140 - mmdet - INFO - Epoch [4][500/619]	lr: 1.000e-02, eta: 0:01:27, time: 0.750, data_time: 0.012, memory: 11913, loss_rpn_cls: 0.0024, loss_rpn_bbox: 0.0288, loss_cls: 0.0300, acc: 98.7334, loss_bbox: 0.0719, loss: 0.1331
2020-11-24 13:39:44,023 - mmdet - INFO - Epoch [4][600/619]	lr: 1.000e-02, eta: 0:00:13, time: 0.749, data_time: 0.012, memory: 11913, loss_rpn_cls: 0.0023, loss_rpn_bbox: 0.0278, loss_cls: 0.0282, acc: 98.8340, loss_bbox: 0.0671, loss: 0.1254
2020-11-24 13:39:58,155 - mmdet - INFO - Saving checkpoint at 4 epochs
2020-11-24 13:40:26,119 - mmdet - INFO - Evaluating bbox...
2020-11-24 13:40:28,220 - mmdet - INFO - Epoch [4][619/619]	lr: 1.000e-02, bbox_mAP: 0.8620, bbox_mAP_50: 0.9180, bbox_mAP_75: 0.9030, bbox_mAP_s: 0.6490, bbox_mAP_m: 0.8890, bbox_mAP_l: 0.9120, bbox_mAP_copypaste: 0.862 0.918 0.903 0.649 0.889 0.912
2020-11-24 13:41:00,679 - mmdet - INFO - Epoch(train) [4][81]	loss_rpn_cls: 0.0031, loss_rpn_bbox: 0.0305, loss_cls: 0.0422, acc: 98.1289, loss_bbox: 0.0774, loss: 0.1532
