2020-11-21 09:07:15,701 - mmdet - INFO - Environment info:
------------------------------------------------------------
sys.platform: linux
Python: 3.6.4 |Anaconda, Inc.| (default, Jan 16 2018, 18:10:19) [GCC 7.2.0]
CUDA available: True
CUDA_HOME: /usr/local/cuda
NVCC: Cuda compilation tools, release 10.0, V10.0.130
GPU 0: Tesla P100-PCIE-16GB
GCC: gcc (GCC) 5.3.0
PyTorch: 1.3.1+cu100
PyTorch compiling details: PyTorch built with:
  - GCC 7.3
  - Intel(R) Math Kernel Library Version 2019.0.4 Product Build 20190411 for Intel(R) 64 architecture applications
  - Intel(R) MKL-DNN v0.20.5 (Git Hash 0125f28c61c1f822fd48570b4c1066f96fcb9b2e)
  - OpenMP 201511 (a.k.a. OpenMP 4.5)
  - NNPACK is enabled
  - CUDA Runtime 10.0
  - NVCC architecture flags: -gencode;arch=compute_37,code=sm_37;-gencode;arch=compute_50,code=sm_50;-gencode;arch=compute_60,code=sm_60;-gencode;arch=compute_61,code=sm_61;-gencode;arch=compute_70,code=sm_70;-gencode;arch=compute_75,code=sm_75;-gencode;arch=compute_37,code=compute_37
  - CuDNN 7.6.3
  - Magma 2.5.1
  - Build settings: BLAS=MKL, BUILD_NAMEDTENSOR=OFF, BUILD_TYPE=Release, CXX_FLAGS= -Wno-deprecated -fvisibility-inlines-hidden -fopenmp -DUSE_FBGEMM -DUSE_QNNPACK -DUSE_PYTORCH_QNNPACK -O2 -fPIC -Wno-narrowing -Wall -Wextra -Wno-missing-field-initializers -Wno-type-limits -Wno-array-bounds -Wno-unknown-pragmas -Wno-sign-compare -Wno-unused-parameter -Wno-unused-variable -Wno-unused-function -Wno-unused-result -Wno-strict-overflow -Wno-strict-aliasing -Wno-error=deprecated-declarations -Wno-stringop-overflow -Wno-error=pedantic -Wno-error=redundant-decls -Wno-error=old-style-cast -fdiagnostics-color=always -faligned-new -Wno-unused-but-set-variable -Wno-maybe-uninitialized -fno-math-errno -fno-trapping-math -Wno-stringop-overflow, DISABLE_NUMA=1, PERF_WITH_AVX=1, PERF_WITH_AVX2=1, PERF_WITH_AVX512=1, USE_CUDA=True, USE_EXCEPTION_PTR=1, USE_GFLAGS=OFF, USE_GLOG=OFF, USE_MKL=ON, USE_MKLDNN=ON, USE_MPI=OFF, USE_NCCL=ON, USE_NNPACK=ON, USE_OPENMP=ON, USE_STATIC_DISPATCH=OFF, 

TorchVision: 0.4.2+cu100
OpenCV: 4.4.0
MMCV: 1.0.5
MMDetection: 2.3.0+788fa8d
MMDetection Compiler: GCC 7.3
MMDetection CUDA Compiler: 10.0
------------------------------------------------------------

2020-11-21 09:07:15,701 - mmdet - INFO - Distributed training: False
2020-11-21 09:07:16,091 - mmdet - INFO - Config:
model = dict(
    type='FasterRCNN',
    pretrained='torchvision://resnet50',
    backbone=dict(
        type='ResNet',
        depth=50,
        num_stages=4,
        out_indices=(0, 1, 2, 3),
        frozen_stages=1,
        norm_cfg=dict(type='BN', requires_grad=True),
        norm_eval=True,
        style='pytorch'),
    neck=dict(
        type='FPN',
        in_channels=[256, 512, 1024, 2048],
        out_channels=256,
        num_outs=5),
    rpn_head=dict(
        type='RPNHead',
        in_channels=256,
        feat_channels=256,
        anchor_generator=dict(
            type='AnchorGenerator',
            scales=[8],
            ratios=[0.5, 1.0, 2.0],
            strides=[4, 8, 16, 32, 64]),
        bbox_coder=dict(
            type='DeltaXYWHBBoxCoder',
            target_means=[0.0, 0.0, 0.0, 0.0],
            target_stds=[1.0, 1.0, 1.0, 1.0]),
        loss_cls=dict(
            type='CrossEntropyLoss', use_sigmoid=True, loss_weight=1.0),
        loss_bbox=dict(type='L1Loss', loss_weight=1.0)),
    roi_head=dict(
        type='StandardRoIHead',
        bbox_roi_extractor=dict(
            type='SingleRoIExtractor',
            roi_layer=dict(type='RoIAlign', output_size=7, sampling_ratio=0),
            out_channels=256,
            featmap_strides=[4, 8, 16, 32]),
        bbox_head=dict(
            type='Shared2FCBBoxHead',
            in_channels=256,
            fc_out_channels=1024,
            roi_feat_size=7,
            num_classes=2,
            bbox_coder=dict(
                type='DeltaXYWHBBoxCoder',
                target_means=[0.0, 0.0, 0.0, 0.0],
                target_stds=[0.1, 0.1, 0.2, 0.2]),
            reg_class_agnostic=False,
            loss_cls=dict(
                type='CrossEntropyLoss', use_sigmoid=False, loss_weight=1.0),
            loss_bbox=dict(type='L1Loss', loss_weight=1.0))))
train_cfg = dict(
    rpn=dict(
        assigner=dict(
            type='MaxIoUAssigner',
            pos_iou_thr=0.7,
            neg_iou_thr=0.3,
            min_pos_iou=0.3,
            match_low_quality=True,
            ignore_iof_thr=-1),
        sampler=dict(
            type='RandomSampler',
            num=256,
            pos_fraction=0.5,
            neg_pos_ub=-1,
            add_gt_as_proposals=False),
        allowed_border=-1,
        pos_weight=-1,
        debug=False),
    rpn_proposal=dict(
        nms_across_levels=False,
        nms_pre=2000,
        nms_post=1000,
        max_num=1000,
        nms_thr=0.7,
        min_bbox_size=0),
    rcnn=dict(
        assigner=dict(
            type='MaxIoUAssigner',
            pos_iou_thr=0.5,
            neg_iou_thr=0.5,
            min_pos_iou=0.5,
            match_low_quality=False,
            ignore_iof_thr=-1),
        sampler=dict(
            type='RandomSampler',
            num=512,
            pos_fraction=0.25,
            neg_pos_ub=-1,
            add_gt_as_proposals=True),
        pos_weight=-1,
        debug=False))
test_cfg = dict(
    rpn=dict(
        nms_across_levels=False,
        nms_pre=1000,
        nms_post=1000,
        max_num=1000,
        nms_thr=0.7,
        min_bbox_size=0),
    rcnn=dict(
        score_thr=0.05,
        nms=dict(type='nms', iou_threshold=0.5),
        max_per_img=100))
dataset_type = 'CocoDataset'
data_root = 'data/coco/'
img_norm_cfg = dict(
    mean=[123.675, 116.28, 103.53], std=[58.395, 57.12, 57.375], to_rgb=True)
train_pipeline = [
    dict(type='LoadImageFromFile'),
    dict(type='LoadAnnotations', with_bbox=True),
    dict(type='Resize', img_scale=(1550, 1550), keep_ratio=True),
    dict(type='RandomFlip', flip_ratio=0.5),
    dict(
        type='Normalize',
        mean=[123.675, 116.28, 103.53],
        std=[58.395, 57.12, 57.375],
        to_rgb=True),
    dict(type='Pad', size_divisor=32),
    dict(type='DefaultFormatBundle'),
    dict(type='Collect', keys=['img', 'gt_bboxes', 'gt_labels'])
]
test_pipeline = [
    dict(type='LoadImageFromFile'),
    dict(
        type='MultiScaleFlipAug',
        img_scale=(1550, 1550),
        flip=False,
        transforms=[
            dict(type='Resize', keep_ratio=True),
            dict(type='RandomFlip'),
            dict(
                type='Normalize',
                mean=[123.675, 116.28, 103.53],
                std=[58.395, 57.12, 57.375],
                to_rgb=True),
            dict(type='Pad', size_divisor=32),
            dict(type='ImageToTensor', keys=['img']),
            dict(type='Collect', keys=['img'])
        ])
]
data = dict(
    samples_per_gpu=2,
    workers_per_gpu=2,
    train=dict(
        type='CocoDataset',
        ann_file='data/coco/annotations/annotations_trai.json',
        img_prefix='data/coco/img/',
        pipeline=[
            dict(type='LoadImageFromFile'),
            dict(type='LoadAnnotations', with_bbox=True),
            dict(type='Resize', img_scale=(1550, 1550), keep_ratio=True),
            dict(type='RandomFlip', flip_ratio=0.5),
            dict(
                type='Normalize',
                mean=[123.675, 116.28, 103.53],
                std=[58.395, 57.12, 57.375],
                to_rgb=True),
            dict(type='Pad', size_divisor=32),
            dict(type='DefaultFormatBundle'),
            dict(type='Collect', keys=['img', 'gt_bboxes', 'gt_labels'])
        ]),
    val=dict(
        type='CocoDataset',
        ann_file='data/coco/annotations/annotations_test.json',
        img_prefix='data/coco/img/',
        pipeline=[
            dict(type='LoadImageFromFile'),
            dict(
                type='MultiScaleFlipAug',
                img_scale=(1550, 1550),
                flip=False,
                transforms=[
                    dict(type='Resize', keep_ratio=True),
                    dict(type='RandomFlip'),
                    dict(
                        type='Normalize',
                        mean=[123.675, 116.28, 103.53],
                        std=[58.395, 57.12, 57.375],
                        to_rgb=True),
                    dict(type='Pad', size_divisor=32),
                    dict(type='ImageToTensor', keys=['img']),
                    dict(type='Collect', keys=['img'])
                ])
        ]),
    test=dict(
        type='CocoDataset',
        ann_file='data/coco/annotations/annotations_vals.json',
        img_prefix='data/coco/img/',
        pipeline=[
            dict(type='LoadImageFromFile'),
            dict(
                type='MultiScaleFlipAug',
                img_scale=(1550, 1550),
                flip=False,
                transforms=[
                    dict(type='Resize', keep_ratio=True),
                    dict(type='RandomFlip'),
                    dict(
                        type='Normalize',
                        mean=[123.675, 116.28, 103.53],
                        std=[58.395, 57.12, 57.375],
                        to_rgb=True),
                    dict(type='Pad', size_divisor=32),
                    dict(type='ImageToTensor', keys=['img']),
                    dict(type='Collect', keys=['img'])
                ])
        ]))
evaluation = dict(interval=1, metric='bbox')
optimizer = dict(type='SGD', lr=0.01, momentum=0.9, weight_decay=0.0001)
optimizer_config = dict(grad_clip=None)
lr_config = dict(
    policy='step',
    warmup='linear',
    warmup_iters=500,
    warmup_ratio=0.001,
    step=[8, 11])
total_epochs = 4
checkpoint_config = dict(interval=4)
log_config = dict(interval=100, hooks=[dict(type='TextLoggerHook')])
dist_params = dict(backend='nccl')
log_level = 'INFO'
load_from = '/home/admin/.cache/torch/checkpoints/X.pth'
resume_from = None
workflow = [('train', 2), ('val', 1)]
work_dir = '/home/admin/jupyter/SecurityAI_Round5/data/work'
gpu_ids = range(0, 1)

2020-11-21 09:07:16,589 - mmdet - INFO - load model from: torchvision://resnet50
2020-11-21 09:07:24,745 - mmdet - WARNING - The model and loaded state dict do not match exactly

unexpected key in source state_dict: fc.weight, fc.bias

2020-11-21 09:07:35,330 - mmdet - INFO - load checkpoint from /home/admin/.cache/torch/checkpoints/X.pth
2020-11-21 09:07:41,987 - mmdet - INFO - Start running, host: admin@fuxilabor_labor0_S4_Odps_S96_dsw_prepaid_cnsh_838_2020112019152, work_dir: /home/admin/jupyter/SecurityAI_Round5/data/work
2020-11-21 09:07:41,987 - mmdet - INFO - workflow: [('train', 2), ('val', 1)], max: 4 epochs
2020-11-21 09:08:59,342 - mmdet - INFO - Epoch [1][100/624]	lr: 1.988e-03, eta: 0:30:48, time: 0.772, data_time: 0.033, memory: 8019, loss_rpn_cls: 0.0023, loss_rpn_bbox: 0.0288, loss_cls: 0.0303, acc: 98.7344, loss_bbox: 0.0767, loss: 0.1381
2020-11-21 09:10:14,233 - mmdet - INFO - Epoch [1][200/624]	lr: 3.986e-03, eta: 0:29:05, time: 0.749, data_time: 0.012, memory: 9773, loss_rpn_cls: 0.0023, loss_rpn_bbox: 0.0262, loss_cls: 0.0298, acc: 98.7734, loss_bbox: 0.0676, loss: 0.1259
2020-11-21 09:11:29,011 - mmdet - INFO - Epoch [1][300/624]	lr: 5.984e-03, eta: 0:27:40, time: 0.748, data_time: 0.012, memory: 9773, loss_rpn_cls: 0.0023, loss_rpn_bbox: 0.0278, loss_cls: 0.0332, acc: 98.5908, loss_bbox: 0.0723, loss: 0.1357
2020-11-21 09:12:43,822 - mmdet - INFO - Epoch [1][400/624]	lr: 7.982e-03, eta: 0:26:20, time: 0.748, data_time: 0.012, memory: 9773, loss_rpn_cls: 0.0017, loss_rpn_bbox: 0.0320, loss_cls: 0.0330, acc: 98.5527, loss_bbox: 0.0780, loss: 0.1447
2020-11-21 09:13:58,497 - mmdet - INFO - Epoch [1][500/624]	lr: 9.980e-03, eta: 0:25:02, time: 0.747, data_time: 0.012, memory: 9773, loss_rpn_cls: 0.0024, loss_rpn_bbox: 0.0304, loss_cls: 0.0329, acc: 98.6182, loss_bbox: 0.0733, loss: 0.1389
2020-11-21 09:15:13,155 - mmdet - INFO - Epoch [1][600/624]	lr: 1.000e-02, eta: 0:23:45, time: 0.747, data_time: 0.012, memory: 9773, loss_rpn_cls: 0.0024, loss_rpn_bbox: 0.0320, loss_cls: 0.0328, acc: 98.6328, loss_bbox: 0.0826, loss: 0.1498
2020-11-21 09:15:54,920 - mmdet - INFO - Evaluating bbox...
2020-11-21 09:15:57,752 - mmdet - INFO - Epoch [1][624/624]	lr: 1.000e-02, bbox_mAP: 0.7950, bbox_mAP_50: 0.8590, bbox_mAP_75: 0.8380, bbox_mAP_s: 0.5220, bbox_mAP_m: 0.8170, bbox_mAP_l: 0.8850, bbox_mAP_copypaste: 0.795 0.859 0.838 0.522 0.817 0.885
2020-11-21 09:17:15,116 - mmdet - INFO - Epoch [2][100/624]	lr: 1.000e-02, eta: 0:21:32, time: 0.772, data_time: 0.034, memory: 9843, loss_rpn_cls: 0.0023, loss_rpn_bbox: 0.0331, loss_cls: 0.0353, acc: 98.5039, loss_bbox: 0.0797, loss: 0.1503
2020-11-21 09:18:30,109 - mmdet - INFO - Epoch [2][200/624]	lr: 1.000e-02, eta: 0:20:23, time: 0.750, data_time: 0.012, memory: 9843, loss_rpn_cls: 0.0021, loss_rpn_bbox: 0.0363, loss_cls: 0.0356, acc: 98.4912, loss_bbox: 0.0819, loss: 0.1560
2020-11-21 09:19:44,717 - mmdet - INFO - Epoch [2][300/624]	lr: 1.000e-02, eta: 0:19:13, time: 0.746, data_time: 0.012, memory: 9843, loss_rpn_cls: 0.0023, loss_rpn_bbox: 0.0331, loss_cls: 0.0291, acc: 98.7773, loss_bbox: 0.0769, loss: 0.1413
2020-11-21 09:20:59,456 - mmdet - INFO - Epoch [2][400/624]	lr: 1.000e-02, eta: 0:18:01, time: 0.747, data_time: 0.012, memory: 9843, loss_rpn_cls: 0.0033, loss_rpn_bbox: 0.0363, loss_cls: 0.0410, acc: 98.2578, loss_bbox: 0.0864, loss: 0.1670
2020-11-21 09:22:14,440 - mmdet - INFO - Epoch [2][500/624]	lr: 1.000e-02, eta: 0:16:50, time: 0.750, data_time: 0.012, memory: 9843, loss_rpn_cls: 0.0023, loss_rpn_bbox: 0.0325, loss_cls: 0.0327, acc: 98.5498, loss_bbox: 0.0768, loss: 0.1444
2020-11-21 09:23:29,195 - mmdet - INFO - Epoch [2][600/624]	lr: 1.000e-02, eta: 0:15:37, time: 0.748, data_time: 0.012, memory: 9843, loss_rpn_cls: 0.0031, loss_rpn_bbox: 0.0314, loss_cls: 0.0331, acc: 98.6240, loss_bbox: 0.0786, loss: 0.1462
2020-11-21 09:24:10,802 - mmdet - INFO - Evaluating bbox...
2020-11-21 09:24:13,606 - mmdet - INFO - Epoch [2][624/624]	lr: 1.000e-02, bbox_mAP: 0.7970, bbox_mAP_50: 0.8630, bbox_mAP_75: 0.8420, bbox_mAP_s: 0.5090, bbox_mAP_m: 0.8170, bbox_mAP_l: 0.8920, bbox_mAP_copypaste: 0.797 0.863 0.842 0.509 0.817 0.892
2020-11-21 09:24:43,391 - mmdet - INFO - Epoch(train) [2][74]	loss_rpn_cls: 0.0034, loss_rpn_bbox: 0.0321, loss_cls: 0.0387, acc: 98.4415, loss_bbox: 0.0842, loss: 0.1584
2020-11-21 09:26:00,738 - mmdet - INFO - Epoch [3][100/624]	lr: 1.000e-02, eta: 0:13:54, time: 0.771, data_time: 0.033, memory: 9843, loss_rpn_cls: 0.0028, loss_rpn_bbox: 0.0334, loss_cls: 0.0337, acc: 98.6016, loss_bbox: 0.0789, loss: 0.1489
2020-11-21 09:27:15,368 - mmdet - INFO - Epoch [3][200/624]	lr: 1.000e-02, eta: 0:12:42, time: 0.746, data_time: 0.012, memory: 9843, loss_rpn_cls: 0.0019, loss_rpn_bbox: 0.0315, loss_cls: 0.0309, acc: 98.7217, loss_bbox: 0.0749, loss: 0.1391
2020-11-21 09:28:30,415 - mmdet - INFO - Epoch [3][300/624]	lr: 1.000e-02, eta: 0:11:31, time: 0.750, data_time: 0.012, memory: 9843, loss_rpn_cls: 0.0030, loss_rpn_bbox: 0.0347, loss_cls: 0.0368, acc: 98.5273, loss_bbox: 0.0824, loss: 0.1569
2020-11-21 09:29:45,239 - mmdet - INFO - Epoch [3][400/624]	lr: 1.000e-02, eta: 0:10:19, time: 0.748, data_time: 0.012, memory: 9843, loss_rpn_cls: 0.0035, loss_rpn_bbox: 0.0345, loss_cls: 0.0346, acc: 98.6475, loss_bbox: 0.0832, loss: 0.1558
2020-11-21 09:30:59,925 - mmdet - INFO - Epoch [3][500/624]	lr: 1.000e-02, eta: 0:09:07, time: 0.747, data_time: 0.012, memory: 9843, loss_rpn_cls: 0.0030, loss_rpn_bbox: 0.0340, loss_cls: 0.0369, acc: 98.4941, loss_bbox: 0.0877, loss: 0.1616
2020-11-21 09:32:14,527 - mmdet - INFO - Epoch [3][600/624]	lr: 1.000e-02, eta: 0:07:54, time: 0.746, data_time: 0.012, memory: 9843, loss_rpn_cls: 0.0026, loss_rpn_bbox: 0.0362, loss_cls: 0.0367, acc: 98.4209, loss_bbox: 0.0864, loss: 0.1619
2020-11-21 09:32:56,220 - mmdet - INFO - Evaluating bbox...
2020-11-21 09:32:59,157 - mmdet - INFO - Epoch [3][624/624]	lr: 1.000e-02, bbox_mAP: 0.7860, bbox_mAP_50: 0.8520, bbox_mAP_75: 0.8320, bbox_mAP_s: 0.5020, bbox_mAP_m: 0.8070, bbox_mAP_l: 0.8760, bbox_mAP_copypaste: 0.786 0.852 0.832 0.502 0.807 0.876
2020-11-21 09:34:16,359 - mmdet - INFO - Epoch [4][100/624]	lr: 1.000e-02, eta: 0:06:20, time: 0.770, data_time: 0.033, memory: 9843, loss_rpn_cls: 0.0032, loss_rpn_bbox: 0.0347, loss_cls: 0.0375, acc: 98.4590, loss_bbox: 0.0886, loss: 0.1639
2020-11-21 09:35:30,979 - mmdet - INFO - Epoch [4][200/624]	lr: 1.000e-02, eta: 0:05:07, time: 0.746, data_time: 0.012, memory: 9843, loss_rpn_cls: 0.0022, loss_rpn_bbox: 0.0318, loss_cls: 0.0330, acc: 98.5830, loss_bbox: 0.0784, loss: 0.1454
2020-11-21 09:36:45,647 - mmdet - INFO - Epoch [4][300/624]	lr: 1.000e-02, eta: 0:03:55, time: 0.747, data_time: 0.012, memory: 9843, loss_rpn_cls: 0.0026, loss_rpn_bbox: 0.0320, loss_cls: 0.0325, acc: 98.6689, loss_bbox: 0.0778, loss: 0.1449
2020-11-21 09:38:00,619 - mmdet - INFO - Epoch [4][400/624]	lr: 1.000e-02, eta: 0:02:43, time: 0.750, data_time: 0.012, memory: 9843, loss_rpn_cls: 0.0028, loss_rpn_bbox: 0.0362, loss_cls: 0.0376, acc: 98.3633, loss_bbox: 0.0841, loss: 0.1607
2020-11-21 09:39:15,373 - mmdet - INFO - Epoch [4][500/624]	lr: 1.000e-02, eta: 0:01:30, time: 0.748, data_time: 0.012, memory: 9843, loss_rpn_cls: 0.0034, loss_rpn_bbox: 0.0340, loss_cls: 0.0386, acc: 98.3232, loss_bbox: 0.0821, loss: 0.1581
2020-11-21 09:40:30,016 - mmdet - INFO - Epoch [4][600/624]	lr: 1.000e-02, eta: 0:00:17, time: 0.746, data_time: 0.012, memory: 9843, loss_rpn_cls: 0.0025, loss_rpn_bbox: 0.0328, loss_cls: 0.0295, acc: 98.8037, loss_bbox: 0.0735, loss: 0.1383
2020-11-21 09:40:47,892 - mmdet - INFO - Saving checkpoint at 4 epochs
2020-11-21 09:41:13,410 - mmdet - INFO - Evaluating bbox...
2020-11-21 09:41:16,255 - mmdet - INFO - Epoch [4][624/624]	lr: 1.000e-02, bbox_mAP: 0.7850, bbox_mAP_50: 0.8530, bbox_mAP_75: 0.8330, bbox_mAP_s: 0.4960, bbox_mAP_m: 0.7950, bbox_mAP_l: 0.8830, bbox_mAP_copypaste: 0.785 0.853 0.833 0.496 0.795 0.883
2020-11-21 09:41:46,203 - mmdet - INFO - Epoch(train) [4][74]	loss_rpn_cls: 0.0042, loss_rpn_bbox: 0.0335, loss_cls: 0.0417, acc: 98.2765, loss_bbox: 0.0892, loss: 0.1686
