2020-11-06 14:12:42,488 - mmdet - INFO - Environment info:
------------------------------------------------------------
sys.platform: linux
Python: 3.6.4 |Anaconda, Inc.| (default, Jan 16 2018, 18:10:19) [GCC 7.2.0]
CUDA available: True
CUDA_HOME: /usr/local/cuda
NVCC: Cuda compilation tools, release 10.0, V10.0.130
GPU 0: Tesla P100-PCIE-16GB
GCC: gcc (GCC) 5.3.0
PyTorch: 1.3.1+cu100
PyTorch compiling details: PyTorch built with:
  - GCC 7.3
  - Intel(R) Math Kernel Library Version 2019.0.4 Product Build 20190411 for Intel(R) 64 architecture applications
  - Intel(R) MKL-DNN v0.20.5 (Git Hash 0125f28c61c1f822fd48570b4c1066f96fcb9b2e)
  - OpenMP 201511 (a.k.a. OpenMP 4.5)
  - NNPACK is enabled
  - CUDA Runtime 10.0
  - NVCC architecture flags: -gencode;arch=compute_37,code=sm_37;-gencode;arch=compute_50,code=sm_50;-gencode;arch=compute_60,code=sm_60;-gencode;arch=compute_61,code=sm_61;-gencode;arch=compute_70,code=sm_70;-gencode;arch=compute_75,code=sm_75;-gencode;arch=compute_37,code=compute_37
  - CuDNN 7.6.3
  - Magma 2.5.1
  - Build settings: BLAS=MKL, BUILD_NAMEDTENSOR=OFF, BUILD_TYPE=Release, CXX_FLAGS= -Wno-deprecated -fvisibility-inlines-hidden -fopenmp -DUSE_FBGEMM -DUSE_QNNPACK -DUSE_PYTORCH_QNNPACK -O2 -fPIC -Wno-narrowing -Wall -Wextra -Wno-missing-field-initializers -Wno-type-limits -Wno-array-bounds -Wno-unknown-pragmas -Wno-sign-compare -Wno-unused-parameter -Wno-unused-variable -Wno-unused-function -Wno-unused-result -Wno-strict-overflow -Wno-strict-aliasing -Wno-error=deprecated-declarations -Wno-stringop-overflow -Wno-error=pedantic -Wno-error=redundant-decls -Wno-error=old-style-cast -fdiagnostics-color=always -faligned-new -Wno-unused-but-set-variable -Wno-maybe-uninitialized -fno-math-errno -fno-trapping-math -Wno-stringop-overflow, DISABLE_NUMA=1, PERF_WITH_AVX=1, PERF_WITH_AVX2=1, PERF_WITH_AVX512=1, USE_CUDA=True, USE_EXCEPTION_PTR=1, USE_GFLAGS=OFF, USE_GLOG=OFF, USE_MKL=ON, USE_MKLDNN=ON, USE_MPI=OFF, USE_NCCL=ON, USE_NNPACK=ON, USE_OPENMP=ON, USE_STATIC_DISPATCH=OFF, 

TorchVision: 0.4.2+cu100
OpenCV: 4.4.0
MMCV: 1.0.5
MMDetection: 2.3.0+788fa8d
MMDetection Compiler: GCC 7.3
MMDetection CUDA Compiler: 10.0
------------------------------------------------------------

2020-11-06 14:12:42,490 - mmdet - INFO - Distributed training: False
2020-11-06 14:12:42,900 - mmdet - INFO - Config:
model = dict(
    type='FasterRCNN',
    pretrained='torchvision://resnet50',
    backbone=dict(
        type='ResNet',
        depth=50,
        num_stages=4,
        out_indices=(0, 1, 2, 3),
        frozen_stages=1,
        norm_cfg=dict(type='BN', requires_grad=True),
        norm_eval=True,
        style='pytorch'),
    neck=dict(
        type='FPN',
        in_channels=[256, 512, 1024, 2048],
        out_channels=256,
        num_outs=5),
    rpn_head=dict(
        type='RPNHead',
        in_channels=256,
        feat_channels=256,
        anchor_generator=dict(
            type='AnchorGenerator',
            scales=[8],
            ratios=[0.5, 1.0, 2.0],
            strides=[4, 8, 16, 32, 64]),
        bbox_coder=dict(
            type='DeltaXYWHBBoxCoder',
            target_means=[0.0, 0.0, 0.0, 0.0],
            target_stds=[1.0, 1.0, 1.0, 1.0]),
        loss_cls=dict(
            type='CrossEntropyLoss', use_sigmoid=True, loss_weight=1.0),
        loss_bbox=dict(type='L1Loss', loss_weight=1.0)),
    roi_head=dict(
        type='StandardRoIHead',
        bbox_roi_extractor=dict(
            type='SingleRoIExtractor',
            roi_layer=dict(type='RoIAlign', output_size=7, sampling_ratio=0),
            out_channels=256,
            featmap_strides=[4, 8, 16, 32]),
        bbox_head=dict(
            type='Shared2FCBBoxHead',
            in_channels=256,
            fc_out_channels=1024,
            roi_feat_size=7,
            num_classes=2,
            bbox_coder=dict(
                type='DeltaXYWHBBoxCoder',
                target_means=[0.0, 0.0, 0.0, 0.0],
                target_stds=[0.1, 0.1, 0.2, 0.2]),
            reg_class_agnostic=False,
            loss_cls=dict(
                type='CrossEntropyLoss', use_sigmoid=False, loss_weight=1.0),
            loss_bbox=dict(type='L1Loss', loss_weight=1.0))))
train_cfg = dict(
    rpn=dict(
        assigner=dict(
            type='MaxIoUAssigner',
            pos_iou_thr=0.7,
            neg_iou_thr=0.3,
            min_pos_iou=0.3,
            match_low_quality=True,
            ignore_iof_thr=-1),
        sampler=dict(
            type='RandomSampler',
            num=256,
            pos_fraction=0.5,
            neg_pos_ub=-1,
            add_gt_as_proposals=False),
        allowed_border=-1,
        pos_weight=-1,
        debug=False),
    rpn_proposal=dict(
        nms_across_levels=False,
        nms_pre=2000,
        nms_post=1000,
        max_num=1000,
        nms_thr=0.7,
        min_bbox_size=0),
    rcnn=dict(
        assigner=dict(
            type='MaxIoUAssigner',
            pos_iou_thr=0.5,
            neg_iou_thr=0.5,
            min_pos_iou=0.5,
            match_low_quality=False,
            ignore_iof_thr=-1),
        sampler=dict(
            type='RandomSampler',
            num=512,
            pos_fraction=0.25,
            neg_pos_ub=-1,
            add_gt_as_proposals=True),
        pos_weight=-1,
        debug=False))
test_cfg = dict(
    rpn=dict(
        nms_across_levels=False,
        nms_pre=1000,
        nms_post=1000,
        max_num=1000,
        nms_thr=0.7,
        min_bbox_size=0),
    rcnn=dict(
        score_thr=0.05,
        nms=dict(type='nms', iou_threshold=0.5),
        max_per_img=100))
dataset_type = 'CocoDataset'
data_root = 'data/coco/'
img_norm_cfg = dict(
    mean=[123.675, 116.28, 103.53], std=[58.395, 57.12, 57.375], to_rgb=True)
train_pipeline = [
    dict(type='LoadImageFromFile'),
    dict(type='LoadAnnotations', with_bbox=True),
    dict(type='Resize', img_scale=(1550, 1550), keep_ratio=True),
    dict(type='RandomFlip', flip_ratio=0.5),
    dict(
        type='Normalize',
        mean=[123.675, 116.28, 103.53],
        std=[58.395, 57.12, 57.375],
        to_rgb=True),
    dict(type='Pad', size_divisor=32),
    dict(type='DefaultFormatBundle'),
    dict(type='Collect', keys=['img', 'gt_bboxes', 'gt_labels'])
]
test_pipeline = [
    dict(type='LoadImageFromFile'),
    dict(
        type='MultiScaleFlipAug',
        img_scale=(1550, 1550),
        flip=False,
        transforms=[
            dict(type='Resize', keep_ratio=True),
            dict(type='RandomFlip'),
            dict(
                type='Normalize',
                mean=[123.675, 116.28, 103.53],
                std=[58.395, 57.12, 57.375],
                to_rgb=True),
            dict(type='Pad', size_divisor=32),
            dict(type='ImageToTensor', keys=['img']),
            dict(type='Collect', keys=['img'])
        ])
]
data = dict(
    samples_per_gpu=2,
    workers_per_gpu=2,
    train=dict(
        type='CocoDataset',
        ann_file='data/coco/annotations/annotations_trai.json',
        img_prefix='data/coco/img/',
        pipeline=[
            dict(type='LoadImageFromFile'),
            dict(type='LoadAnnotations', with_bbox=True),
            dict(type='Resize', img_scale=(1550, 1550), keep_ratio=True),
            dict(type='RandomFlip', flip_ratio=0.5),
            dict(
                type='Normalize',
                mean=[123.675, 116.28, 103.53],
                std=[58.395, 57.12, 57.375],
                to_rgb=True),
            dict(type='Pad', size_divisor=32),
            dict(type='DefaultFormatBundle'),
            dict(type='Collect', keys=['img', 'gt_bboxes', 'gt_labels'])
        ]),
    val=dict(
        type='CocoDataset',
        ann_file='data/coco/annotations/annotations_test.json',
        img_prefix='data/coco/img/',
        pipeline=[
            dict(type='LoadImageFromFile'),
            dict(
                type='MultiScaleFlipAug',
                img_scale=(1550, 1550),
                flip=False,
                transforms=[
                    dict(type='Resize', keep_ratio=True),
                    dict(type='RandomFlip'),
                    dict(
                        type='Normalize',
                        mean=[123.675, 116.28, 103.53],
                        std=[58.395, 57.12, 57.375],
                        to_rgb=True),
                    dict(type='Pad', size_divisor=32),
                    dict(type='ImageToTensor', keys=['img']),
                    dict(type='Collect', keys=['img'])
                ])
        ]),
    test=dict(
        type='CocoDataset',
        ann_file='data/coco/annotations/annotations_vals.json',
        img_prefix='data/coco/img/',
        pipeline=[
            dict(type='LoadImageFromFile'),
            dict(
                type='MultiScaleFlipAug',
                img_scale=(1550, 1550),
                flip=False,
                transforms=[
                    dict(type='Resize', keep_ratio=True),
                    dict(type='RandomFlip'),
                    dict(
                        type='Normalize',
                        mean=[123.675, 116.28, 103.53],
                        std=[58.395, 57.12, 57.375],
                        to_rgb=True),
                    dict(type='Pad', size_divisor=32),
                    dict(type='ImageToTensor', keys=['img']),
                    dict(type='Collect', keys=['img'])
                ])
        ]))
evaluation = dict(interval=1, metric='bbox')
optimizer = dict(type='SGD', lr=0.02, momentum=0.9, weight_decay=0.0001)
optimizer_config = dict(grad_clip=None)
lr_config = dict(
    policy='step',
    warmup='linear',
    warmup_iters=500,
    warmup_ratio=0.001,
    step=[8, 11])
total_epochs = 10
checkpoint_config = dict(interval=5)
log_config = dict(interval=50, hooks=[dict(type='TextLoggerHook')])
dist_params = dict(backend='nccl')
log_level = 'INFO'
load_from = '/home/admin/.cache/torch/checkpoints/X.pth'
resume_from = None
workflow = [('train', 2), ('val', 1)]
work_dir = '/home/admin/jupyter/SecurityAI_Round5/data/work'
gpu_ids = range(0, 1)

2020-11-06 14:12:43,399 - mmdet - INFO - load model from: torchvision://resnet50
2020-11-06 14:12:51,430 - mmdet - WARNING - The model and loaded state dict do not match exactly

unexpected key in source state_dict: fc.weight, fc.bias

2020-11-06 14:13:02,241 - mmdet - INFO - load checkpoint from /home/admin/.cache/torch/checkpoints/X.pth
2020-11-06 14:13:09,238 - mmdet - INFO - Start running, host: admin@fuxilabor_labor0_S4_Odps_S96_dsw_prepaid_cnsh_838_2020110600562, work_dir: /home/admin/jupyter/SecurityAI_Round5/data/work
2020-11-06 14:13:09,239 - mmdet - INFO - workflow: [('train', 2), ('val', 1)], max: 10 epochs
2020-11-06 14:13:49,074 - mmdet - INFO - Epoch [1][50/3085]	lr: 1.978e-03, eta: 6:47:04, time: 0.793, data_time: 0.058, memory: 8023, loss_rpn_cls: 0.0227, loss_rpn_bbox: 0.0720, loss_cls: 0.1336, acc: 94.7793, loss_bbox: 0.2126, loss: 0.4410
2020-11-06 14:14:25,901 - mmdet - INFO - Epoch [1][100/3085]	lr: 3.976e-03, eta: 6:31:56, time: 0.737, data_time: 0.013, memory: 8023, loss_rpn_cls: 0.0173, loss_rpn_bbox: 0.0553, loss_cls: 0.1043, acc: 96.0605, loss_bbox: 0.1534, loss: 0.3302
2020-11-06 14:15:02,764 - mmdet - INFO - Epoch [1][150/3085]	lr: 5.974e-03, eta: 6:26:36, time: 0.737, data_time: 0.013, memory: 8024, loss_rpn_cls: 0.0204, loss_rpn_bbox: 0.0579, loss_cls: 0.1102, acc: 95.7969, loss_bbox: 0.1748, loss: 0.3633
2020-11-06 14:15:39,820 - mmdet - INFO - Epoch [1][200/3085]	lr: 7.972e-03, eta: 6:24:08, time: 0.741, data_time: 0.013, memory: 8024, loss_rpn_cls: 0.0181, loss_rpn_bbox: 0.0568, loss_cls: 0.0940, acc: 96.3242, loss_bbox: 0.1600, loss: 0.3289
2020-11-06 14:16:16,563 - mmdet - INFO - Epoch [1][250/3085]	lr: 9.970e-03, eta: 6:21:45, time: 0.735, data_time: 0.013, memory: 8024, loss_rpn_cls: 0.0192, loss_rpn_bbox: 0.0619, loss_cls: 0.1037, acc: 95.9785, loss_bbox: 0.1662, loss: 0.3509
2020-11-06 14:16:53,630 - mmdet - INFO - Epoch [1][300/3085]	lr: 1.197e-02, eta: 6:20:31, time: 0.741, data_time: 0.014, memory: 8915, loss_rpn_cls: 0.0307, loss_rpn_bbox: 0.0670, loss_cls: 0.1119, acc: 95.6660, loss_bbox: 0.1779, loss: 0.3875
2020-11-06 14:17:30,587 - mmdet - INFO - Epoch [1][350/3085]	lr: 1.397e-02, eta: 6:19:18, time: 0.739, data_time: 0.014, memory: 8915, loss_rpn_cls: 0.0160, loss_rpn_bbox: 0.0630, loss_cls: 0.1095, acc: 95.6738, loss_bbox: 0.1750, loss: 0.3634
2020-11-06 14:18:07,593 - mmdet - INFO - Epoch [1][400/3085]	lr: 1.596e-02, eta: 6:18:17, time: 0.740, data_time: 0.014, memory: 8915, loss_rpn_cls: 0.0219, loss_rpn_bbox: 0.0678, loss_cls: 0.1165, acc: 95.5215, loss_bbox: 0.1816, loss: 0.3878
2020-11-06 14:18:44,595 - mmdet - INFO - Epoch [1][450/3085]	lr: 1.796e-02, eta: 6:17:22, time: 0.740, data_time: 0.014, memory: 8915, loss_rpn_cls: 0.0311, loss_rpn_bbox: 0.0697, loss_cls: 0.1097, acc: 95.6348, loss_bbox: 0.1660, loss: 0.3764
2020-11-06 14:19:21,638 - mmdet - INFO - Epoch [1][500/3085]	lr: 1.996e-02, eta: 6:16:33, time: 0.741, data_time: 0.014, memory: 8915, loss_rpn_cls: 0.0273, loss_rpn_bbox: 0.0732, loss_cls: 0.1218, acc: 95.1348, loss_bbox: 0.1828, loss: 0.4051
2020-11-06 14:19:58,992 - mmdet - INFO - Epoch [1][550/3085]	lr: 2.000e-02, eta: 6:16:03, time: 0.747, data_time: 0.014, memory: 11884, loss_rpn_cls: 0.0251, loss_rpn_bbox: 0.0744, loss_cls: 0.1194, acc: 95.4297, loss_bbox: 0.1706, loss: 0.3895
2020-11-06 14:20:35,935 - mmdet - INFO - Epoch [1][600/3085]	lr: 2.000e-02, eta: 6:15:11, time: 0.739, data_time: 0.014, memory: 11884, loss_rpn_cls: 0.0248, loss_rpn_bbox: 0.0657, loss_cls: 0.1094, acc: 95.7871, loss_bbox: 0.1696, loss: 0.3695
2020-11-06 14:21:12,972 - mmdet - INFO - Epoch [1][650/3085]	lr: 2.000e-02, eta: 6:14:26, time: 0.741, data_time: 0.014, memory: 11884, loss_rpn_cls: 0.0292, loss_rpn_bbox: 0.0826, loss_cls: 0.1281, acc: 95.1191, loss_bbox: 0.1781, loss: 0.4180
2020-11-06 14:21:50,110 - mmdet - INFO - Epoch [1][700/3085]	lr: 2.000e-02, eta: 6:13:46, time: 0.743, data_time: 0.014, memory: 11884, loss_rpn_cls: 0.0302, loss_rpn_bbox: 0.0764, loss_cls: 0.1106, acc: 95.7305, loss_bbox: 0.1556, loss: 0.3729
2020-11-06 14:22:27,166 - mmdet - INFO - Epoch [1][750/3085]	lr: 2.000e-02, eta: 6:13:03, time: 0.741, data_time: 0.014, memory: 11884, loss_rpn_cls: 0.0212, loss_rpn_bbox: 0.0707, loss_cls: 0.1154, acc: 95.4844, loss_bbox: 0.1805, loss: 0.3877
2020-11-06 14:23:04,134 - mmdet - INFO - Epoch [1][800/3085]	lr: 2.000e-02, eta: 6:12:18, time: 0.739, data_time: 0.014, memory: 11884, loss_rpn_cls: 0.0248, loss_rpn_bbox: 0.0678, loss_cls: 0.1270, acc: 95.0938, loss_bbox: 0.1942, loss: 0.4138
2020-11-06 14:23:41,228 - mmdet - INFO - Epoch [1][850/3085]	lr: 2.000e-02, eta: 6:11:38, time: 0.742, data_time: 0.014, memory: 11884, loss_rpn_cls: 0.0216, loss_rpn_bbox: 0.0668, loss_cls: 0.0960, acc: 96.3574, loss_bbox: 0.1590, loss: 0.3435
2020-11-06 14:24:18,270 - mmdet - INFO - Epoch [1][900/3085]	lr: 2.000e-02, eta: 6:10:57, time: 0.741, data_time: 0.014, memory: 11884, loss_rpn_cls: 0.0260, loss_rpn_bbox: 0.0750, loss_cls: 0.1329, acc: 94.9102, loss_bbox: 0.1981, loss: 0.4320
2020-11-06 14:24:55,460 - mmdet - INFO - Epoch [1][950/3085]	lr: 2.000e-02, eta: 6:10:21, time: 0.744, data_time: 0.014, memory: 11910, loss_rpn_cls: 0.0431, loss_rpn_bbox: 0.0737, loss_cls: 0.1170, acc: 95.7305, loss_bbox: 0.1585, loss: 0.3922
2020-11-06 14:25:32,459 - mmdet - INFO - Epoch [1][1000/3085]	lr: 2.000e-02, eta: 6:09:39, time: 0.740, data_time: 0.014, memory: 11910, loss_rpn_cls: 0.0388, loss_rpn_bbox: 0.0747, loss_cls: 0.1211, acc: 95.4922, loss_bbox: 0.1884, loss: 0.4230
2020-11-06 14:26:09,381 - mmdet - INFO - Epoch [1][1050/3085]	lr: 2.000e-02, eta: 6:08:55, time: 0.738, data_time: 0.014, memory: 11910, loss_rpn_cls: 0.0270, loss_rpn_bbox: 0.0770, loss_cls: 0.1303, acc: 94.9219, loss_bbox: 0.1924, loss: 0.4267
2020-11-06 14:26:46,386 - mmdet - INFO - Epoch [1][1100/3085]	lr: 2.000e-02, eta: 6:08:14, time: 0.740, data_time: 0.014, memory: 11910, loss_rpn_cls: 0.0306, loss_rpn_bbox: 0.0773, loss_cls: 0.1180, acc: 95.5156, loss_bbox: 0.1741, loss: 0.3999
2020-11-06 14:27:23,486 - mmdet - INFO - Epoch [1][1150/3085]	lr: 2.000e-02, eta: 6:07:36, time: 0.742, data_time: 0.014, memory: 11910, loss_rpn_cls: 0.0198, loss_rpn_bbox: 0.0748, loss_cls: 0.1302, acc: 94.9336, loss_bbox: 0.2035, loss: 0.4283
2020-11-06 14:28:00,438 - mmdet - INFO - Epoch [1][1200/3085]	lr: 2.000e-02, eta: 6:06:55, time: 0.739, data_time: 0.014, memory: 11910, loss_rpn_cls: 0.0176, loss_rpn_bbox: 0.0748, loss_cls: 0.1134, acc: 95.5176, loss_bbox: 0.1758, loss: 0.3816
2020-11-06 14:28:37,384 - mmdet - INFO - Epoch [1][1250/3085]	lr: 2.000e-02, eta: 6:06:13, time: 0.739, data_time: 0.014, memory: 11910, loss_rpn_cls: 0.0381, loss_rpn_bbox: 0.0656, loss_cls: 0.1173, acc: 95.6895, loss_bbox: 0.1583, loss: 0.3793
2020-11-06 14:29:14,342 - mmdet - INFO - Epoch [1][1300/3085]	lr: 2.000e-02, eta: 6:05:33, time: 0.739, data_time: 0.014, memory: 11910, loss_rpn_cls: 0.0216, loss_rpn_bbox: 0.0663, loss_cls: 0.1125, acc: 95.5801, loss_bbox: 0.1791, loss: 0.3795
2020-11-06 14:29:51,511 - mmdet - INFO - Epoch [1][1350/3085]	lr: 2.000e-02, eta: 6:04:57, time: 0.743, data_time: 0.014, memory: 11910, loss_rpn_cls: 0.0326, loss_rpn_bbox: 0.0815, loss_cls: 0.1232, acc: 95.2988, loss_bbox: 0.1859, loss: 0.4232
2020-11-06 14:30:28,711 - mmdet - INFO - Epoch [1][1400/3085]	lr: 2.000e-02, eta: 6:04:21, time: 0.744, data_time: 0.014, memory: 11910, loss_rpn_cls: 0.0168, loss_rpn_bbox: 0.0738, loss_cls: 0.1163, acc: 95.2109, loss_bbox: 0.1867, loss: 0.3936
2020-11-06 14:31:05,906 - mmdet - INFO - Epoch [1][1450/3085]	lr: 2.000e-02, eta: 6:03:46, time: 0.744, data_time: 0.014, memory: 11910, loss_rpn_cls: 0.0303, loss_rpn_bbox: 0.0779, loss_cls: 0.1272, acc: 94.9902, loss_bbox: 0.1928, loss: 0.4281
2020-11-06 14:31:43,046 - mmdet - INFO - Epoch [1][1500/3085]	lr: 2.000e-02, eta: 6:03:09, time: 0.743, data_time: 0.014, memory: 11910, loss_rpn_cls: 0.0284, loss_rpn_bbox: 0.0770, loss_cls: 0.1175, acc: 95.3945, loss_bbox: 0.1871, loss: 0.4100
2020-11-06 14:32:20,482 - mmdet - INFO - Epoch [1][1550/3085]	lr: 2.000e-02, eta: 6:02:38, time: 0.749, data_time: 0.014, memory: 11910, loss_rpn_cls: 0.0418, loss_rpn_bbox: 0.0797, loss_cls: 0.1300, acc: 94.9883, loss_bbox: 0.1796, loss: 0.4310
2020-11-06 14:32:57,625 - mmdet - INFO - Epoch [1][1600/3085]	lr: 2.000e-02, eta: 6:02:01, time: 0.743, data_time: 0.014, memory: 11910, loss_rpn_cls: 0.0462, loss_rpn_bbox: 0.0876, loss_cls: 0.1431, acc: 94.6836, loss_bbox: 0.1983, loss: 0.4752
2020-11-06 14:33:34,617 - mmdet - INFO - Epoch [1][1650/3085]	lr: 2.000e-02, eta: 6:01:21, time: 0.740, data_time: 0.014, memory: 11910, loss_rpn_cls: 0.0228, loss_rpn_bbox: 0.0662, loss_cls: 0.1107, acc: 95.7422, loss_bbox: 0.1743, loss: 0.3740
2020-11-06 14:34:11,918 - mmdet - INFO - Epoch [1][1700/3085]	lr: 2.000e-02, eta: 6:00:47, time: 0.746, data_time: 0.014, memory: 11910, loss_rpn_cls: 0.0428, loss_rpn_bbox: 0.0758, loss_cls: 0.1325, acc: 95.1367, loss_bbox: 0.1690, loss: 0.4201
2020-11-06 14:34:48,998 - mmdet - INFO - Epoch [1][1750/3085]	lr: 2.000e-02, eta: 6:00:09, time: 0.742, data_time: 0.014, memory: 11910, loss_rpn_cls: 0.0257, loss_rpn_bbox: 0.0656, loss_cls: 0.1187, acc: 95.4434, loss_bbox: 0.1923, loss: 0.4024
2020-11-06 14:35:26,059 - mmdet - INFO - Epoch [1][1800/3085]	lr: 2.000e-02, eta: 5:59:31, time: 0.741, data_time: 0.014, memory: 11910, loss_rpn_cls: 0.0282, loss_rpn_bbox: 0.0759, loss_cls: 0.1380, acc: 94.4375, loss_bbox: 0.2074, loss: 0.4494
2020-11-06 14:36:03,210 - mmdet - INFO - Epoch [1][1850/3085]	lr: 2.000e-02, eta: 5:58:54, time: 0.743, data_time: 0.014, memory: 11910, loss_rpn_cls: 0.0233, loss_rpn_bbox: 0.0701, loss_cls: 0.1185, acc: 95.3477, loss_bbox: 0.1888, loss: 0.4007
2020-11-06 14:36:40,168 - mmdet - INFO - Epoch [1][1900/3085]	lr: 2.000e-02, eta: 5:58:14, time: 0.739, data_time: 0.014, memory: 11910, loss_rpn_cls: 0.0195, loss_rpn_bbox: 0.0686, loss_cls: 0.1231, acc: 95.3203, loss_bbox: 0.1931, loss: 0.4043
2020-11-06 14:37:17,259 - mmdet - INFO - Epoch [1][1950/3085]	lr: 2.000e-02, eta: 5:57:37, time: 0.742, data_time: 0.014, memory: 11910, loss_rpn_cls: 0.0196, loss_rpn_bbox: 0.0706, loss_cls: 0.1199, acc: 95.4199, loss_bbox: 0.1843, loss: 0.3945
2020-11-06 14:37:54,222 - mmdet - INFO - Epoch [1][2000/3085]	lr: 2.000e-02, eta: 5:56:57, time: 0.739, data_time: 0.014, memory: 11910, loss_rpn_cls: 0.0320, loss_rpn_bbox: 0.0732, loss_cls: 0.1404, acc: 94.4941, loss_bbox: 0.1909, loss: 0.4365
2020-11-06 14:38:31,183 - mmdet - INFO - Epoch [1][2050/3085]	lr: 2.000e-02, eta: 5:56:18, time: 0.739, data_time: 0.014, memory: 11910, loss_rpn_cls: 0.0258, loss_rpn_bbox: 0.0665, loss_cls: 0.1171, acc: 95.4766, loss_bbox: 0.1805, loss: 0.3900
2020-11-06 14:39:08,101 - mmdet - INFO - Epoch [1][2100/3085]	lr: 2.000e-02, eta: 5:55:38, time: 0.738, data_time: 0.014, memory: 11910, loss_rpn_cls: 0.0283, loss_rpn_bbox: 0.0682, loss_cls: 0.1288, acc: 94.9004, loss_bbox: 0.2015, loss: 0.4268
2020-11-06 14:39:45,194 - mmdet - INFO - Epoch [1][2150/3085]	lr: 2.000e-02, eta: 5:55:01, time: 0.742, data_time: 0.014, memory: 11910, loss_rpn_cls: 0.0248, loss_rpn_bbox: 0.0728, loss_cls: 0.1356, acc: 94.4785, loss_bbox: 0.2007, loss: 0.4339
2020-11-06 14:40:22,242 - mmdet - INFO - Epoch [1][2200/3085]	lr: 2.000e-02, eta: 5:54:23, time: 0.741, data_time: 0.014, memory: 11910, loss_rpn_cls: 0.0270, loss_rpn_bbox: 0.0696, loss_cls: 0.1225, acc: 95.3359, loss_bbox: 0.1889, loss: 0.4081
2020-11-06 14:40:59,309 - mmdet - INFO - Epoch [1][2250/3085]	lr: 2.000e-02, eta: 5:53:45, time: 0.741, data_time: 0.014, memory: 11910, loss_rpn_cls: 0.0388, loss_rpn_bbox: 0.0798, loss_cls: 0.1309, acc: 94.9961, loss_bbox: 0.1903, loss: 0.4398
2020-11-06 14:41:36,283 - mmdet - INFO - Epoch [1][2300/3085]	lr: 2.000e-02, eta: 5:53:07, time: 0.739, data_time: 0.014, memory: 11910, loss_rpn_cls: 0.0221, loss_rpn_bbox: 0.0623, loss_cls: 0.1118, acc: 95.8125, loss_bbox: 0.1593, loss: 0.3554
2020-11-06 14:42:13,394 - mmdet - INFO - Epoch [1][2350/3085]	lr: 2.000e-02, eta: 5:52:29, time: 0.742, data_time: 0.014, memory: 11910, loss_rpn_cls: 0.0286, loss_rpn_bbox: 0.0693, loss_cls: 0.1221, acc: 95.1758, loss_bbox: 0.1728, loss: 0.3928
2020-11-06 14:42:50,623 - mmdet - INFO - Epoch [1][2400/3085]	lr: 2.000e-02, eta: 5:51:54, time: 0.745, data_time: 0.014, memory: 11910, loss_rpn_cls: 0.0325, loss_rpn_bbox: 0.0855, loss_cls: 0.1351, acc: 94.7422, loss_bbox: 0.1939, loss: 0.4470
2020-11-06 14:43:27,592 - mmdet - INFO - Epoch [1][2450/3085]	lr: 2.000e-02, eta: 5:51:15, time: 0.739, data_time: 0.014, memory: 11910, loss_rpn_cls: 0.0253, loss_rpn_bbox: 0.0744, loss_cls: 0.1231, acc: 95.1230, loss_bbox: 0.1847, loss: 0.4074
2020-11-06 14:44:04,480 - mmdet - INFO - Epoch [1][2500/3085]	lr: 2.000e-02, eta: 5:50:36, time: 0.738, data_time: 0.014, memory: 11910, loss_rpn_cls: 0.0203, loss_rpn_bbox: 0.0711, loss_cls: 0.1310, acc: 94.8535, loss_bbox: 0.2041, loss: 0.4265
2020-11-06 14:44:41,649 - mmdet - INFO - Epoch [1][2550/3085]	lr: 2.000e-02, eta: 5:49:59, time: 0.743, data_time: 0.014, memory: 11910, loss_rpn_cls: 0.0448, loss_rpn_bbox: 0.0688, loss_cls: 0.1258, acc: 95.5723, loss_bbox: 0.1654, loss: 0.4048
2020-11-06 14:45:18,846 - mmdet - INFO - Epoch [1][2600/3085]	lr: 2.000e-02, eta: 5:49:23, time: 0.744, data_time: 0.014, memory: 11910, loss_rpn_cls: 0.0425, loss_rpn_bbox: 0.0802, loss_cls: 0.1504, acc: 94.2539, loss_bbox: 0.1955, loss: 0.4685
2020-11-06 14:45:55,894 - mmdet - INFO - Epoch [1][2650/3085]	lr: 2.000e-02, eta: 5:48:45, time: 0.741, data_time: 0.014, memory: 11910, loss_rpn_cls: 0.0301, loss_rpn_bbox: 0.0802, loss_cls: 0.1366, acc: 94.6836, loss_bbox: 0.2084, loss: 0.4554
