2020-11-18 14:44:06,867 - mmdet - INFO - Environment info:
------------------------------------------------------------
sys.platform: linux
Python: 3.6.4 |Anaconda, Inc.| (default, Jan 16 2018, 18:10:19) [GCC 7.2.0]
CUDA available: True
CUDA_HOME: /usr/local/cuda
NVCC: Cuda compilation tools, release 10.0, V10.0.130
GPU 0: Tesla P100-PCIE-16GB
GCC: gcc (GCC) 5.3.0
PyTorch: 1.3.1+cu100
PyTorch compiling details: PyTorch built with:
  - GCC 7.3
  - Intel(R) Math Kernel Library Version 2019.0.4 Product Build 20190411 for Intel(R) 64 architecture applications
  - Intel(R) MKL-DNN v0.20.5 (Git Hash 0125f28c61c1f822fd48570b4c1066f96fcb9b2e)
  - OpenMP 201511 (a.k.a. OpenMP 4.5)
  - NNPACK is enabled
  - CUDA Runtime 10.0
  - NVCC architecture flags: -gencode;arch=compute_37,code=sm_37;-gencode;arch=compute_50,code=sm_50;-gencode;arch=compute_60,code=sm_60;-gencode;arch=compute_61,code=sm_61;-gencode;arch=compute_70,code=sm_70;-gencode;arch=compute_75,code=sm_75;-gencode;arch=compute_37,code=compute_37
  - CuDNN 7.6.3
  - Magma 2.5.1
  - Build settings: BLAS=MKL, BUILD_NAMEDTENSOR=OFF, BUILD_TYPE=Release, CXX_FLAGS= -Wno-deprecated -fvisibility-inlines-hidden -fopenmp -DUSE_FBGEMM -DUSE_QNNPACK -DUSE_PYTORCH_QNNPACK -O2 -fPIC -Wno-narrowing -Wall -Wextra -Wno-missing-field-initializers -Wno-type-limits -Wno-array-bounds -Wno-unknown-pragmas -Wno-sign-compare -Wno-unused-parameter -Wno-unused-variable -Wno-unused-function -Wno-unused-result -Wno-strict-overflow -Wno-strict-aliasing -Wno-error=deprecated-declarations -Wno-stringop-overflow -Wno-error=pedantic -Wno-error=redundant-decls -Wno-error=old-style-cast -fdiagnostics-color=always -faligned-new -Wno-unused-but-set-variable -Wno-maybe-uninitialized -fno-math-errno -fno-trapping-math -Wno-stringop-overflow, DISABLE_NUMA=1, PERF_WITH_AVX=1, PERF_WITH_AVX2=1, PERF_WITH_AVX512=1, USE_CUDA=True, USE_EXCEPTION_PTR=1, USE_GFLAGS=OFF, USE_GLOG=OFF, USE_MKL=ON, USE_MKLDNN=ON, USE_MPI=OFF, USE_NCCL=ON, USE_NNPACK=ON, USE_OPENMP=ON, USE_STATIC_DISPATCH=OFF, 

TorchVision: 0.4.2+cu100
OpenCV: 4.4.0
MMCV: 1.0.5
MMDetection: 2.3.0+788fa8d
MMDetection Compiler: GCC 7.3
MMDetection CUDA Compiler: 10.0
------------------------------------------------------------

2020-11-18 14:44:06,868 - mmdet - INFO - Distributed training: False
2020-11-18 14:44:07,262 - mmdet - INFO - Config:
model = dict(
    type='FasterRCNN',
    pretrained='torchvision://resnet50',
    backbone=dict(
        type='ResNet',
        depth=50,
        num_stages=4,
        out_indices=(0, 1, 2, 3),
        frozen_stages=1,
        norm_cfg=dict(type='BN', requires_grad=True),
        norm_eval=True,
        style='pytorch'),
    neck=dict(
        type='FPN',
        in_channels=[256, 512, 1024, 2048],
        out_channels=256,
        num_outs=5),
    rpn_head=dict(
        type='RPNHead',
        in_channels=256,
        feat_channels=256,
        anchor_generator=dict(
            type='AnchorGenerator',
            scales=[8],
            ratios=[0.5, 1.0, 2.0],
            strides=[4, 8, 16, 32, 64]),
        bbox_coder=dict(
            type='DeltaXYWHBBoxCoder',
            target_means=[0.0, 0.0, 0.0, 0.0],
            target_stds=[1.0, 1.0, 1.0, 1.0]),
        loss_cls=dict(
            type='CrossEntropyLoss', use_sigmoid=True, loss_weight=1.0),
        loss_bbox=dict(type='L1Loss', loss_weight=1.0)),
    roi_head=dict(
        type='StandardRoIHead',
        bbox_roi_extractor=dict(
            type='SingleRoIExtractor',
            roi_layer=dict(type='RoIAlign', output_size=7, sampling_ratio=0),
            out_channels=256,
            featmap_strides=[4, 8, 16, 32]),
        bbox_head=dict(
            type='Shared2FCBBoxHead',
            in_channels=256,
            fc_out_channels=1024,
            roi_feat_size=7,
            num_classes=2,
            bbox_coder=dict(
                type='DeltaXYWHBBoxCoder',
                target_means=[0.0, 0.0, 0.0, 0.0],
                target_stds=[0.1, 0.1, 0.2, 0.2]),
            reg_class_agnostic=False,
            loss_cls=dict(
                type='CrossEntropyLoss', use_sigmoid=False, loss_weight=1.0),
            loss_bbox=dict(type='L1Loss', loss_weight=1.0))))
train_cfg = dict(
    rpn=dict(
        assigner=dict(
            type='MaxIoUAssigner',
            pos_iou_thr=0.7,
            neg_iou_thr=0.3,
            min_pos_iou=0.3,
            match_low_quality=True,
            ignore_iof_thr=-1),
        sampler=dict(
            type='RandomSampler',
            num=256,
            pos_fraction=0.5,
            neg_pos_ub=-1,
            add_gt_as_proposals=False),
        allowed_border=-1,
        pos_weight=-1,
        debug=False),
    rpn_proposal=dict(
        nms_across_levels=False,
        nms_pre=2000,
        nms_post=1000,
        max_num=1000,
        nms_thr=0.7,
        min_bbox_size=0),
    rcnn=dict(
        assigner=dict(
            type='MaxIoUAssigner',
            pos_iou_thr=0.5,
            neg_iou_thr=0.5,
            min_pos_iou=0.5,
            match_low_quality=False,
            ignore_iof_thr=-1),
        sampler=dict(
            type='RandomSampler',
            num=512,
            pos_fraction=0.25,
            neg_pos_ub=-1,
            add_gt_as_proposals=True),
        pos_weight=-1,
        debug=False))
test_cfg = dict(
    rpn=dict(
        nms_across_levels=False,
        nms_pre=1000,
        nms_post=1000,
        max_num=1000,
        nms_thr=0.7,
        min_bbox_size=0),
    rcnn=dict(
        score_thr=0.05,
        nms=dict(type='nms', iou_threshold=0.5),
        max_per_img=100))
dataset_type = 'CocoDataset'
data_root = 'data/coco/'
img_norm_cfg = dict(
    mean=[123.675, 116.28, 103.53], std=[58.395, 57.12, 57.375], to_rgb=True)
train_pipeline = [
    dict(type='LoadImageFromFile'),
    dict(type='LoadAnnotations', with_bbox=True),
    dict(type='Resize', img_scale=(1550, 1550), keep_ratio=True),
    dict(type='RandomFlip', flip_ratio=0.5),
    dict(
        type='Normalize',
        mean=[123.675, 116.28, 103.53],
        std=[58.395, 57.12, 57.375],
        to_rgb=True),
    dict(type='Pad', size_divisor=32),
    dict(type='DefaultFormatBundle'),
    dict(type='Collect', keys=['img', 'gt_bboxes', 'gt_labels'])
]
test_pipeline = [
    dict(type='LoadImageFromFile'),
    dict(
        type='MultiScaleFlipAug',
        img_scale=(1550, 1550),
        flip=False,
        transforms=[
            dict(type='Resize', keep_ratio=True),
            dict(type='RandomFlip'),
            dict(
                type='Normalize',
                mean=[123.675, 116.28, 103.53],
                std=[58.395, 57.12, 57.375],
                to_rgb=True),
            dict(type='Pad', size_divisor=32),
            dict(type='ImageToTensor', keys=['img']),
            dict(type='Collect', keys=['img'])
        ])
]
data = dict(
    samples_per_gpu=2,
    workers_per_gpu=2,
    train=dict(
        type='CocoDataset',
        ann_file='data/coco/annotations/annotations_trai.json',
        img_prefix='data/coco/img/',
        pipeline=[
            dict(type='LoadImageFromFile'),
            dict(type='LoadAnnotations', with_bbox=True),
            dict(type='Resize', img_scale=(1550, 1550), keep_ratio=True),
            dict(type='RandomFlip', flip_ratio=0.5),
            dict(
                type='Normalize',
                mean=[123.675, 116.28, 103.53],
                std=[58.395, 57.12, 57.375],
                to_rgb=True),
            dict(type='Pad', size_divisor=32),
            dict(type='DefaultFormatBundle'),
            dict(type='Collect', keys=['img', 'gt_bboxes', 'gt_labels'])
        ]),
    val=dict(
        type='CocoDataset',
        ann_file='data/coco/annotations/annotations_test.json',
        img_prefix='data/coco/img/',
        pipeline=[
            dict(type='LoadImageFromFile'),
            dict(
                type='MultiScaleFlipAug',
                img_scale=(1550, 1550),
                flip=False,
                transforms=[
                    dict(type='Resize', keep_ratio=True),
                    dict(type='RandomFlip'),
                    dict(
                        type='Normalize',
                        mean=[123.675, 116.28, 103.53],
                        std=[58.395, 57.12, 57.375],
                        to_rgb=True),
                    dict(type='Pad', size_divisor=32),
                    dict(type='ImageToTensor', keys=['img']),
                    dict(type='Collect', keys=['img'])
                ])
        ]),
    test=dict(
        type='CocoDataset',
        ann_file='data/coco/annotations/annotations_vals.json',
        img_prefix='data/coco/img/',
        pipeline=[
            dict(type='LoadImageFromFile'),
            dict(
                type='MultiScaleFlipAug',
                img_scale=(1550, 1550),
                flip=False,
                transforms=[
                    dict(type='Resize', keep_ratio=True),
                    dict(type='RandomFlip'),
                    dict(
                        type='Normalize',
                        mean=[123.675, 116.28, 103.53],
                        std=[58.395, 57.12, 57.375],
                        to_rgb=True),
                    dict(type='Pad', size_divisor=32),
                    dict(type='ImageToTensor', keys=['img']),
                    dict(type='Collect', keys=['img'])
                ])
        ]))
evaluation = dict(interval=1, metric='bbox')
optimizer = dict(type='SGD', lr=0.01, momentum=0.9, weight_decay=0.0001)
optimizer_config = dict(grad_clip=None)
lr_config = dict(
    policy='step',
    warmup='linear',
    warmup_iters=500,
    warmup_ratio=0.001,
    step=[8, 11])
total_epochs = 4
checkpoint_config = dict(interval=4)
log_config = dict(interval=100, hooks=[dict(type='TextLoggerHook')])
dist_params = dict(backend='nccl')
log_level = 'INFO'
load_from = '/home/admin/.cache/torch/checkpoints/X.pth'
resume_from = None
workflow = [('train', 2), ('val', 1)]
work_dir = '/home/admin/jupyter/SecurityAI_Round5/data/work'
gpu_ids = range(0, 1)

2020-11-18 14:44:07,770 - mmdet - INFO - load model from: torchvision://resnet50
2020-11-18 14:44:15,522 - mmdet - WARNING - The model and loaded state dict do not match exactly

unexpected key in source state_dict: fc.weight, fc.bias

2020-11-18 14:44:25,858 - mmdet - INFO - load checkpoint from /home/admin/.cache/torch/checkpoints/X.pth
2020-11-18 14:44:32,412 - mmdet - INFO - Start running, host: admin@fuxilabor_labor0_S4_Odps_S95_dsw_prepaid_cnsh_838_2020111802041, work_dir: /home/admin/jupyter/SecurityAI_Round5/data/work
2020-11-18 14:44:32,412 - mmdet - INFO - workflow: [('train', 2), ('val', 1)], max: 4 epochs
2020-11-18 14:45:49,939 - mmdet - INFO - Epoch [1][100/624]	lr: 1.988e-03, eta: 0:30:52, time: 0.773, data_time: 0.033, memory: 11880, loss_rpn_cls: 0.0068, loss_rpn_bbox: 0.0498, loss_cls: 0.0625, acc: 97.4277, loss_bbox: 0.1242, loss: 0.2434
2020-11-18 14:47:04,398 - mmdet - INFO - Epoch [1][200/624]	lr: 3.986e-03, eta: 0:29:02, time: 0.745, data_time: 0.012, memory: 11880, loss_rpn_cls: 0.0077, loss_rpn_bbox: 0.0447, loss_cls: 0.0605, acc: 97.4883, loss_bbox: 0.1161, loss: 0.2290
2020-11-18 14:48:18,766 - mmdet - INFO - Epoch [1][300/624]	lr: 5.984e-03, eta: 0:27:35, time: 0.744, data_time: 0.012, memory: 11880, loss_rpn_cls: 0.0060, loss_rpn_bbox: 0.0448, loss_cls: 0.0544, acc: 97.6562, loss_bbox: 0.1146, loss: 0.2198
2020-11-18 14:49:33,157 - mmdet - INFO - Epoch [1][400/624]	lr: 7.982e-03, eta: 0:26:14, time: 0.744, data_time: 0.012, memory: 11880, loss_rpn_cls: 0.0059, loss_rpn_bbox: 0.0486, loss_cls: 0.0642, acc: 97.4209, loss_bbox: 0.1316, loss: 0.2503
2020-11-18 14:50:47,577 - mmdet - INFO - Epoch [1][500/624]	lr: 9.980e-03, eta: 0:24:56, time: 0.744, data_time: 0.012, memory: 11880, loss_rpn_cls: 0.0071, loss_rpn_bbox: 0.0516, loss_cls: 0.0621, acc: 97.4521, loss_bbox: 0.1221, loss: 0.2429
2020-11-18 14:52:02,500 - mmdet - INFO - Epoch [1][600/624]	lr: 1.000e-02, eta: 0:23:41, time: 0.749, data_time: 0.012, memory: 11880, loss_rpn_cls: 0.0068, loss_rpn_bbox: 0.0528, loss_cls: 0.0547, acc: 97.8262, loss_bbox: 0.1252, loss: 0.2395
2020-11-18 14:52:44,665 - mmdet - INFO - Evaluating bbox...
2020-11-18 14:52:46,776 - mmdet - INFO - Epoch [1][624/624]	lr: 1.000e-02, bbox_mAP: 0.7690, bbox_mAP_50: 0.8700, bbox_mAP_75: 0.8350, bbox_mAP_s: 0.4840, bbox_mAP_m: 0.7770, bbox_mAP_l: 0.8320, bbox_mAP_copypaste: 0.769 0.870 0.835 0.484 0.777 0.832
2020-11-18 14:54:03,677 - mmdet - INFO - Epoch [2][100/624]	lr: 1.000e-02, eta: 0:21:28, time: 0.767, data_time: 0.033, memory: 11880, loss_rpn_cls: 0.0073, loss_rpn_bbox: 0.0477, loss_cls: 0.0467, acc: 97.9980, loss_bbox: 0.1076, loss: 0.2093
2020-11-18 14:55:18,436 - mmdet - INFO - Epoch [2][200/624]	lr: 1.000e-02, eta: 0:20:20, time: 0.748, data_time: 0.012, memory: 11880, loss_rpn_cls: 0.0104, loss_rpn_bbox: 0.0535, loss_cls: 0.0671, acc: 97.3281, loss_bbox: 0.1251, loss: 0.2560
2020-11-18 14:56:32,844 - mmdet - INFO - Epoch [2][300/624]	lr: 1.000e-02, eta: 0:19:09, time: 0.744, data_time: 0.012, memory: 11880, loss_rpn_cls: 0.0055, loss_rpn_bbox: 0.0498, loss_cls: 0.0584, acc: 97.5859, loss_bbox: 0.1231, loss: 0.2369
2020-11-18 14:57:47,619 - mmdet - INFO - Epoch [2][400/624]	lr: 1.000e-02, eta: 0:17:58, time: 0.748, data_time: 0.012, memory: 11906, loss_rpn_cls: 0.0124, loss_rpn_bbox: 0.0569, loss_cls: 0.0743, acc: 96.8477, loss_bbox: 0.1393, loss: 0.2829
2020-11-18 14:59:01,922 - mmdet - INFO - Epoch [2][500/624]	lr: 1.000e-02, eta: 0:16:46, time: 0.743, data_time: 0.012, memory: 11906, loss_rpn_cls: 0.0047, loss_rpn_bbox: 0.0532, loss_cls: 0.0589, acc: 97.5146, loss_bbox: 0.1328, loss: 0.2496
2020-11-18 15:00:16,568 - mmdet - INFO - Epoch [2][600/624]	lr: 1.000e-02, eta: 0:15:34, time: 0.746, data_time: 0.012, memory: 11906, loss_rpn_cls: 0.0066, loss_rpn_bbox: 0.0555, loss_cls: 0.0659, acc: 97.2578, loss_bbox: 0.1363, loss: 0.2644
2020-11-18 15:00:58,661 - mmdet - INFO - Evaluating bbox...
2020-11-18 15:01:00,823 - mmdet - INFO - Epoch [2][624/624]	lr: 1.000e-02, bbox_mAP: 0.7930, bbox_mAP_50: 0.9010, bbox_mAP_75: 0.8540, bbox_mAP_s: 0.4810, bbox_mAP_m: 0.7750, bbox_mAP_l: 0.8610, bbox_mAP_copypaste: 0.793 0.901 0.854 0.481 0.775 0.861
2020-11-18 15:01:31,263 - mmdet - INFO - Epoch(train) [2][76]	loss_rpn_cls: 0.0061, loss_rpn_bbox: 0.0494, loss_cls: 0.0547, acc: 97.7758, loss_bbox: 0.1239, loss: 0.2340
2020-11-18 15:02:48,105 - mmdet - INFO - Epoch [3][100/624]	lr: 1.000e-02, eta: 0:13:51, time: 0.766, data_time: 0.034, memory: 11906, loss_rpn_cls: 0.0069, loss_rpn_bbox: 0.0521, loss_cls: 0.0596, acc: 97.5039, loss_bbox: 0.1281, loss: 0.2467
2020-11-18 15:04:02,487 - mmdet - INFO - Epoch [3][200/624]	lr: 1.000e-02, eta: 0:12:40, time: 0.744, data_time: 0.012, memory: 11906, loss_rpn_cls: 0.0058, loss_rpn_bbox: 0.0486, loss_cls: 0.0550, acc: 97.7461, loss_bbox: 0.1243, loss: 0.2337
2020-11-18 15:05:16,884 - mmdet - INFO - Epoch [3][300/624]	lr: 1.000e-02, eta: 0:11:28, time: 0.744, data_time: 0.012, memory: 11906, loss_rpn_cls: 0.0080, loss_rpn_bbox: 0.0528, loss_cls: 0.0623, acc: 97.4463, loss_bbox: 0.1292, loss: 0.2523
2020-11-18 15:06:31,322 - mmdet - INFO - Epoch [3][400/624]	lr: 1.000e-02, eta: 0:10:17, time: 0.744, data_time: 0.012, memory: 11906, loss_rpn_cls: 0.0077, loss_rpn_bbox: 0.0551, loss_cls: 0.0682, acc: 97.1064, loss_bbox: 0.1303, loss: 0.2613
2020-11-18 15:07:45,715 - mmdet - INFO - Epoch [3][500/624]	lr: 1.000e-02, eta: 0:09:05, time: 0.744, data_time: 0.012, memory: 11906, loss_rpn_cls: 0.0109, loss_rpn_bbox: 0.0545, loss_cls: 0.0649, acc: 97.4785, loss_bbox: 0.1290, loss: 0.2593
2020-11-18 15:08:59,990 - mmdet - INFO - Epoch [3][600/624]	lr: 1.000e-02, eta: 0:07:52, time: 0.743, data_time: 0.012, memory: 11906, loss_rpn_cls: 0.0082, loss_rpn_bbox: 0.0509, loss_cls: 0.0661, acc: 97.3262, loss_bbox: 0.1271, loss: 0.2523
2020-11-18 15:09:42,091 - mmdet - INFO - Evaluating bbox...
2020-11-18 15:09:44,134 - mmdet - INFO - Epoch [3][624/624]	lr: 1.000e-02, bbox_mAP: 0.7690, bbox_mAP_50: 0.8700, bbox_mAP_75: 0.8300, bbox_mAP_s: 0.4560, bbox_mAP_m: 0.7680, bbox_mAP_l: 0.8460, bbox_mAP_copypaste: 0.769 0.870 0.830 0.456 0.768 0.846
2020-11-18 15:11:01,007 - mmdet - INFO - Epoch [4][100/624]	lr: 1.000e-02, eta: 0:06:18, time: 0.767, data_time: 0.033, memory: 11906, loss_rpn_cls: 0.0073, loss_rpn_bbox: 0.0531, loss_cls: 0.0618, acc: 97.5127, loss_bbox: 0.1304, loss: 0.2525
2020-11-18 15:12:15,493 - mmdet - INFO - Epoch [4][200/624]	lr: 1.000e-02, eta: 0:05:06, time: 0.745, data_time: 0.012, memory: 11906, loss_rpn_cls: 0.0154, loss_rpn_bbox: 0.0555, loss_cls: 0.0754, acc: 96.9277, loss_bbox: 0.1387, loss: 0.2850
2020-11-18 15:13:29,620 - mmdet - INFO - Epoch [4][300/624]	lr: 1.000e-02, eta: 0:03:54, time: 0.741, data_time: 0.012, memory: 11906, loss_rpn_cls: 0.0155, loss_rpn_bbox: 0.0573, loss_cls: 0.0766, acc: 97.0859, loss_bbox: 0.1345, loss: 0.2839
2020-11-18 15:14:43,922 - mmdet - INFO - Epoch [4][400/624]	lr: 1.000e-02, eta: 0:02:42, time: 0.743, data_time: 0.012, memory: 11906, loss_rpn_cls: 0.0098, loss_rpn_bbox: 0.0531, loss_cls: 0.0615, acc: 97.5996, loss_bbox: 0.1276, loss: 0.2520
2020-11-18 15:15:58,337 - mmdet - INFO - Epoch [4][500/624]	lr: 1.000e-02, eta: 0:01:30, time: 0.744, data_time: 0.012, memory: 11906, loss_rpn_cls: 0.0084, loss_rpn_bbox: 0.0560, loss_cls: 0.0593, acc: 97.6182, loss_bbox: 0.1291, loss: 0.2528
2020-11-18 15:17:12,568 - mmdet - INFO - Epoch [4][600/624]	lr: 1.000e-02, eta: 0:00:17, time: 0.742, data_time: 0.012, memory: 11906, loss_rpn_cls: 0.0111, loss_rpn_bbox: 0.0559, loss_cls: 0.0645, acc: 97.3965, loss_bbox: 0.1307, loss: 0.2621
2020-11-18 15:17:30,292 - mmdet - INFO - Saving checkpoint at 4 epochs
2020-11-18 15:17:56,407 - mmdet - INFO - Evaluating bbox...
2020-11-18 15:17:59,080 - mmdet - INFO - Epoch [4][624/624]	lr: 1.000e-02, bbox_mAP: 0.7680, bbox_mAP_50: 0.8880, bbox_mAP_75: 0.8330, bbox_mAP_s: 0.4370, bbox_mAP_m: 0.7430, bbox_mAP_l: 0.8450, bbox_mAP_copypaste: 0.768 0.888 0.833 0.437 0.743 0.845
2020-11-18 15:18:29,389 - mmdet - INFO - Epoch(train) [4][76]	loss_rpn_cls: 0.0069, loss_rpn_bbox: 0.0500, loss_cls: 0.0618, acc: 97.4635, loss_bbox: 0.1347, loss: 0.2534
