2020-11-25 01:28:36,110 - mmdet - INFO - Environment info:
------------------------------------------------------------
sys.platform: linux
Python: 3.6.4 |Anaconda, Inc.| (default, Jan 16 2018, 18:10:19) [GCC 7.2.0]
CUDA available: True
CUDA_HOME: /usr/local/cuda
NVCC: Cuda compilation tools, release 10.0, V10.0.130
GPU 0: Tesla P100-PCIE-16GB
GCC: gcc (GCC) 5.3.0
PyTorch: 1.3.1+cu100
PyTorch compiling details: PyTorch built with:
  - GCC 7.3
  - Intel(R) Math Kernel Library Version 2019.0.4 Product Build 20190411 for Intel(R) 64 architecture applications
  - Intel(R) MKL-DNN v0.20.5 (Git Hash 0125f28c61c1f822fd48570b4c1066f96fcb9b2e)
  - OpenMP 201511 (a.k.a. OpenMP 4.5)
  - NNPACK is enabled
  - CUDA Runtime 10.0
  - NVCC architecture flags: -gencode;arch=compute_37,code=sm_37;-gencode;arch=compute_50,code=sm_50;-gencode;arch=compute_60,code=sm_60;-gencode;arch=compute_61,code=sm_61;-gencode;arch=compute_70,code=sm_70;-gencode;arch=compute_75,code=sm_75;-gencode;arch=compute_37,code=compute_37
  - CuDNN 7.6.3
  - Magma 2.5.1
  - Build settings: BLAS=MKL, BUILD_NAMEDTENSOR=OFF, BUILD_TYPE=Release, CXX_FLAGS= -Wno-deprecated -fvisibility-inlines-hidden -fopenmp -DUSE_FBGEMM -DUSE_QNNPACK -DUSE_PYTORCH_QNNPACK -O2 -fPIC -Wno-narrowing -Wall -Wextra -Wno-missing-field-initializers -Wno-type-limits -Wno-array-bounds -Wno-unknown-pragmas -Wno-sign-compare -Wno-unused-parameter -Wno-unused-variable -Wno-unused-function -Wno-unused-result -Wno-strict-overflow -Wno-strict-aliasing -Wno-error=deprecated-declarations -Wno-stringop-overflow -Wno-error=pedantic -Wno-error=redundant-decls -Wno-error=old-style-cast -fdiagnostics-color=always -faligned-new -Wno-unused-but-set-variable -Wno-maybe-uninitialized -fno-math-errno -fno-trapping-math -Wno-stringop-overflow, DISABLE_NUMA=1, PERF_WITH_AVX=1, PERF_WITH_AVX2=1, PERF_WITH_AVX512=1, USE_CUDA=True, USE_EXCEPTION_PTR=1, USE_GFLAGS=OFF, USE_GLOG=OFF, USE_MKL=ON, USE_MKLDNN=ON, USE_MPI=OFF, USE_NCCL=ON, USE_NNPACK=ON, USE_OPENMP=ON, USE_STATIC_DISPATCH=OFF, 

TorchVision: 0.4.2+cu100
OpenCV: 4.4.0
MMCV: 1.0.5
MMDetection: 2.3.0+788fa8d
MMDetection Compiler: GCC 7.3
MMDetection CUDA Compiler: 10.0
------------------------------------------------------------

2020-11-25 01:28:36,110 - mmdet - INFO - Distributed training: False
2020-11-25 01:28:36,507 - mmdet - INFO - Config:
model = dict(
    type='FasterRCNN',
    pretrained='torchvision://resnet50',
    backbone=dict(
        type='ResNet',
        depth=50,
        num_stages=4,
        out_indices=(0, 1, 2, 3),
        frozen_stages=1,
        norm_cfg=dict(type='BN', requires_grad=True),
        norm_eval=True,
        style='pytorch'),
    neck=dict(
        type='FPN',
        in_channels=[256, 512, 1024, 2048],
        out_channels=256,
        num_outs=5),
    rpn_head=dict(
        type='RPNHead',
        in_channels=256,
        feat_channels=256,
        anchor_generator=dict(
            type='AnchorGenerator',
            scales=[8],
            ratios=[0.5, 1.0, 2.0],
            strides=[4, 8, 16, 32, 64]),
        bbox_coder=dict(
            type='DeltaXYWHBBoxCoder',
            target_means=[0.0, 0.0, 0.0, 0.0],
            target_stds=[1.0, 1.0, 1.0, 1.0]),
        loss_cls=dict(
            type='CrossEntropyLoss', use_sigmoid=True, loss_weight=1.0),
        loss_bbox=dict(type='L1Loss', loss_weight=1.0)),
    roi_head=dict(
        type='StandardRoIHead',
        bbox_roi_extractor=dict(
            type='SingleRoIExtractor',
            roi_layer=dict(type='RoIAlign', output_size=7, sampling_ratio=0),
            out_channels=256,
            featmap_strides=[4, 8, 16, 32]),
        bbox_head=dict(
            type='Shared2FCBBoxHead',
            in_channels=256,
            fc_out_channels=1024,
            roi_feat_size=7,
            num_classes=2,
            bbox_coder=dict(
                type='DeltaXYWHBBoxCoder',
                target_means=[0.0, 0.0, 0.0, 0.0],
                target_stds=[0.1, 0.1, 0.2, 0.2]),
            reg_class_agnostic=False,
            loss_cls=dict(
                type='CrossEntropyLoss', use_sigmoid=False, loss_weight=1.0),
            loss_bbox=dict(type='L1Loss', loss_weight=1.0))))
train_cfg = dict(
    rpn=dict(
        assigner=dict(
            type='MaxIoUAssigner',
            pos_iou_thr=0.7,
            neg_iou_thr=0.3,
            min_pos_iou=0.3,
            match_low_quality=True,
            ignore_iof_thr=-1),
        sampler=dict(
            type='RandomSampler',
            num=256,
            pos_fraction=0.5,
            neg_pos_ub=-1,
            add_gt_as_proposals=False),
        allowed_border=-1,
        pos_weight=-1,
        debug=False),
    rpn_proposal=dict(
        nms_across_levels=False,
        nms_pre=2000,
        nms_post=1000,
        max_num=1000,
        nms_thr=0.7,
        min_bbox_size=0),
    rcnn=dict(
        assigner=dict(
            type='MaxIoUAssigner',
            pos_iou_thr=0.5,
            neg_iou_thr=0.5,
            min_pos_iou=0.5,
            match_low_quality=False,
            ignore_iof_thr=-1),
        sampler=dict(
            type='RandomSampler',
            num=512,
            pos_fraction=0.25,
            neg_pos_ub=-1,
            add_gt_as_proposals=True),
        pos_weight=-1,
        debug=False))
test_cfg = dict(
    rpn=dict(
        nms_across_levels=False,
        nms_pre=1000,
        nms_post=1000,
        max_num=1000,
        nms_thr=0.7,
        min_bbox_size=0),
    rcnn=dict(
        score_thr=0.05,
        nms=dict(type='nms', iou_threshold=0.5),
        max_per_img=100))
dataset_type = 'CocoDataset'
data_root = 'data/coco/'
img_norm_cfg = dict(
    mean=[123.675, 116.28, 103.53], std=[58.395, 57.12, 57.375], to_rgb=True)
train_pipeline = [
    dict(type='LoadImageFromFile'),
    dict(type='LoadAnnotations', with_bbox=True),
    dict(type='Resize', img_scale=(1550, 1550), keep_ratio=True),
    dict(type='RandomFlip', flip_ratio=0.5),
    dict(
        type='Normalize',
        mean=[123.675, 116.28, 103.53],
        std=[58.395, 57.12, 57.375],
        to_rgb=True),
    dict(type='Pad', size_divisor=32),
    dict(type='DefaultFormatBundle'),
    dict(type='Collect', keys=['img', 'gt_bboxes', 'gt_labels'])
]
test_pipeline = [
    dict(type='LoadImageFromFile'),
    dict(
        type='MultiScaleFlipAug',
        img_scale=(1550, 1550),
        flip=False,
        transforms=[
            dict(type='Resize', keep_ratio=True),
            dict(type='RandomFlip'),
            dict(
                type='Normalize',
                mean=[123.675, 116.28, 103.53],
                std=[58.395, 57.12, 57.375],
                to_rgb=True),
            dict(type='Pad', size_divisor=32),
            dict(type='ImageToTensor', keys=['img']),
            dict(type='Collect', keys=['img'])
        ])
]
data = dict(
    samples_per_gpu=2,
    workers_per_gpu=2,
    train=dict(
        type='CocoDataset',
        ann_file='data/coco/annotations/annotations_trai.json',
        img_prefix='data/coco/img/',
        pipeline=[
            dict(type='LoadImageFromFile'),
            dict(type='LoadAnnotations', with_bbox=True),
            dict(type='Resize', img_scale=(1550, 1550), keep_ratio=True),
            dict(type='RandomFlip', flip_ratio=0.5),
            dict(
                type='Normalize',
                mean=[123.675, 116.28, 103.53],
                std=[58.395, 57.12, 57.375],
                to_rgb=True),
            dict(type='Pad', size_divisor=32),
            dict(type='DefaultFormatBundle'),
            dict(type='Collect', keys=['img', 'gt_bboxes', 'gt_labels'])
        ]),
    val=dict(
        type='CocoDataset',
        ann_file='data/coco/annotations/annotations_test.json',
        img_prefix='data/coco/img/',
        pipeline=[
            dict(type='LoadImageFromFile'),
            dict(
                type='MultiScaleFlipAug',
                img_scale=(1550, 1550),
                flip=False,
                transforms=[
                    dict(type='Resize', keep_ratio=True),
                    dict(type='RandomFlip'),
                    dict(
                        type='Normalize',
                        mean=[123.675, 116.28, 103.53],
                        std=[58.395, 57.12, 57.375],
                        to_rgb=True),
                    dict(type='Pad', size_divisor=32),
                    dict(type='ImageToTensor', keys=['img']),
                    dict(type='Collect', keys=['img'])
                ])
        ]),
    test=dict(
        type='CocoDataset',
        ann_file='data/coco/annotations/annotations_vals.json',
        img_prefix='data/coco/img/',
        pipeline=[
            dict(type='LoadImageFromFile'),
            dict(
                type='MultiScaleFlipAug',
                img_scale=(1550, 1550),
                flip=False,
                transforms=[
                    dict(type='Resize', keep_ratio=True),
                    dict(type='RandomFlip'),
                    dict(
                        type='Normalize',
                        mean=[123.675, 116.28, 103.53],
                        std=[58.395, 57.12, 57.375],
                        to_rgb=True),
                    dict(type='Pad', size_divisor=32),
                    dict(type='ImageToTensor', keys=['img']),
                    dict(type='Collect', keys=['img'])
                ])
        ]))
evaluation = dict(interval=1, metric='bbox')
optimizer = dict(type='SGD', lr=0.01, momentum=0.9, weight_decay=0.0001)
optimizer_config = dict(grad_clip=None)
lr_config = dict(
    policy='step',
    warmup='linear',
    warmup_iters=500,
    warmup_ratio=0.001,
    step=[8, 11])
total_epochs = 4
checkpoint_config = dict(interval=4)
log_config = dict(interval=100, hooks=[dict(type='TextLoggerHook')])
dist_params = dict(backend='nccl')
log_level = 'INFO'
load_from = '/home/admin/.cache/torch/checkpoints/X.pth'
resume_from = None
workflow = [('train', 2), ('val', 1)]
work_dir = '/home/admin/jupyter/SecurityAI_Round5/data/work'
gpu_ids = range(0, 1)

2020-11-25 01:28:37,016 - mmdet - INFO - load model from: torchvision://resnet50
2020-11-25 01:28:44,926 - mmdet - WARNING - The model and loaded state dict do not match exactly

unexpected key in source state_dict: fc.weight, fc.bias

2020-11-25 01:28:55,461 - mmdet - INFO - load checkpoint from /home/admin/.cache/torch/checkpoints/X.pth
2020-11-25 01:29:02,128 - mmdet - INFO - Start running, host: admin@fuxilabor_labor0_S4_Odps_S95_dsw_prepaid_cnsh_838_2020112410550, work_dir: /home/admin/jupyter/SecurityAI_Round5/data/work
2020-11-25 01:29:02,128 - mmdet - INFO - workflow: [('train', 2), ('val', 1)], max: 4 epochs
2020-11-25 01:30:19,512 - mmdet - INFO - Epoch [1][100/618]	lr: 1.988e-03, eta: 0:30:29, time: 0.771, data_time: 0.033, memory: 8020, loss_rpn_cls: 0.0021, loss_rpn_bbox: 0.0247, loss_cls: 0.0306, acc: 98.6924, loss_bbox: 0.0661, loss: 0.1235
2020-11-25 01:31:34,604 - mmdet - INFO - Epoch [1][200/618]	lr: 3.986e-03, eta: 0:28:49, time: 0.751, data_time: 0.012, memory: 10071, loss_rpn_cls: 0.0021, loss_rpn_bbox: 0.0225, loss_cls: 0.0316, acc: 98.6562, loss_bbox: 0.0619, loss: 0.1181
2020-11-25 01:32:49,818 - mmdet - INFO - Epoch [1][300/618]	lr: 5.984e-03, eta: 0:27:26, time: 0.752, data_time: 0.012, memory: 11907, loss_rpn_cls: 0.0021, loss_rpn_bbox: 0.0248, loss_cls: 0.0283, acc: 98.7539, loss_bbox: 0.0601, loss: 0.1154
2020-11-25 01:34:04,491 - mmdet - INFO - Epoch [1][400/618]	lr: 7.982e-03, eta: 0:26:04, time: 0.747, data_time: 0.012, memory: 11907, loss_rpn_cls: 0.0017, loss_rpn_bbox: 0.0240, loss_cls: 0.0263, acc: 98.8916, loss_bbox: 0.0587, loss: 0.1108
2020-11-25 01:35:19,173 - mmdet - INFO - Epoch [1][500/618]	lr: 9.980e-03, eta: 0:24:46, time: 0.747, data_time: 0.012, memory: 11907, loss_rpn_cls: 0.0014, loss_rpn_bbox: 0.0238, loss_cls: 0.0217, acc: 99.0713, loss_bbox: 0.0622, loss: 0.1091
2020-11-25 01:36:33,893 - mmdet - INFO - Epoch [1][600/618]	lr: 1.000e-02, eta: 0:23:28, time: 0.747, data_time: 0.012, memory: 11907, loss_rpn_cls: 0.0017, loss_rpn_bbox: 0.0269, loss_cls: 0.0265, acc: 98.8604, loss_bbox: 0.0655, loss: 0.1207
2020-11-25 01:37:12,545 - mmdet - INFO - Evaluating bbox...
2020-11-25 01:37:14,293 - mmdet - INFO - Epoch [1][618/618]	lr: 1.000e-02, bbox_mAP: 0.8690, bbox_mAP_50: 0.9100, bbox_mAP_75: 0.9100, bbox_mAP_s: 0.6640, bbox_mAP_m: 0.9060, bbox_mAP_l: 0.9250, bbox_mAP_copypaste: 0.869 0.910 0.910 0.664 0.906 0.925
2020-11-25 01:38:31,602 - mmdet - INFO - Epoch [2][100/618]	lr: 1.000e-02, eta: 0:21:31, time: 0.771, data_time: 0.033, memory: 11907, loss_rpn_cls: 0.0027, loss_rpn_bbox: 0.0294, loss_cls: 0.0314, acc: 98.6562, loss_bbox: 0.0700, loss: 0.1334
2020-11-25 01:39:46,207 - mmdet - INFO - Epoch [2][200/618]	lr: 1.000e-02, eta: 0:20:19, time: 0.746, data_time: 0.012, memory: 11907, loss_rpn_cls: 0.0026, loss_rpn_bbox: 0.0287, loss_cls: 0.0325, acc: 98.5625, loss_bbox: 0.0704, loss: 0.1342
2020-11-25 01:41:00,897 - mmdet - INFO - Epoch [2][300/618]	lr: 1.000e-02, eta: 0:19:07, time: 0.747, data_time: 0.012, memory: 11907, loss_rpn_cls: 0.0025, loss_rpn_bbox: 0.0277, loss_cls: 0.0282, acc: 98.7939, loss_bbox: 0.0664, loss: 0.1247
2020-11-25 01:42:15,639 - mmdet - INFO - Epoch [2][400/618]	lr: 1.000e-02, eta: 0:17:54, time: 0.747, data_time: 0.012, memory: 11907, loss_rpn_cls: 0.0020, loss_rpn_bbox: 0.0293, loss_cls: 0.0232, acc: 99.0156, loss_bbox: 0.0593, loss: 0.1138
2020-11-25 01:43:30,445 - mmdet - INFO - Epoch [2][500/618]	lr: 1.000e-02, eta: 0:16:42, time: 0.748, data_time: 0.012, memory: 11907, loss_rpn_cls: 0.0027, loss_rpn_bbox: 0.0278, loss_cls: 0.0336, acc: 98.5693, loss_bbox: 0.0685, loss: 0.1325
2020-11-25 01:44:45,378 - mmdet - INFO - Epoch [2][600/618]	lr: 1.000e-02, eta: 0:15:29, time: 0.749, data_time: 0.012, memory: 11907, loss_rpn_cls: 0.0017, loss_rpn_bbox: 0.0264, loss_cls: 0.0257, acc: 98.8799, loss_bbox: 0.0648, loss: 0.1186
2020-11-25 01:45:24,058 - mmdet - INFO - Evaluating bbox...
2020-11-25 01:45:25,841 - mmdet - INFO - Epoch [2][618/618]	lr: 1.000e-02, bbox_mAP: 0.8530, bbox_mAP_50: 0.9000, bbox_mAP_75: 0.8940, bbox_mAP_s: 0.6490, bbox_mAP_m: 0.8970, bbox_mAP_l: 0.9080, bbox_mAP_copypaste: 0.853 0.900 0.894 0.649 0.897 0.908
2020-11-25 01:45:57,256 - mmdet - INFO - Epoch(train) [2][79]	loss_rpn_cls: 0.0021, loss_rpn_bbox: 0.0276, loss_cls: 0.0331, acc: 98.5661, loss_bbox: 0.0735, loss: 0.1363
2020-11-25 01:47:14,525 - mmdet - INFO - Epoch [3][100/618]	lr: 1.000e-02, eta: 0:13:52, time: 0.770, data_time: 0.034, memory: 11907, loss_rpn_cls: 0.0023, loss_rpn_bbox: 0.0294, loss_cls: 0.0324, acc: 98.5967, loss_bbox: 0.0722, loss: 0.1362
2020-11-25 01:48:29,282 - mmdet - INFO - Epoch [3][200/618]	lr: 1.000e-02, eta: 0:12:40, time: 0.748, data_time: 0.012, memory: 11907, loss_rpn_cls: 0.0024, loss_rpn_bbox: 0.0285, loss_cls: 0.0294, acc: 98.7920, loss_bbox: 0.0706, loss: 0.1309
2020-11-25 01:49:43,907 - mmdet - INFO - Epoch [3][300/618]	lr: 1.000e-02, eta: 0:11:27, time: 0.746, data_time: 0.013, memory: 11907, loss_rpn_cls: 0.0017, loss_rpn_bbox: 0.0257, loss_cls: 0.0229, acc: 99.0068, loss_bbox: 0.0583, loss: 0.1086
2020-11-25 01:50:58,787 - mmdet - INFO - Epoch [3][400/618]	lr: 1.000e-02, eta: 0:10:15, time: 0.749, data_time: 0.012, memory: 11907, loss_rpn_cls: 0.0026, loss_rpn_bbox: 0.0310, loss_cls: 0.0308, acc: 98.7363, loss_bbox: 0.0756, loss: 0.1400
2020-11-25 01:52:13,163 - mmdet - INFO - Epoch [3][500/618]	lr: 1.000e-02, eta: 0:09:01, time: 0.744, data_time: 0.013, memory: 11907, loss_rpn_cls: 0.0523, loss_rpn_bbox: 0.0522, loss_cls: 0.0929, acc: 96.7588, loss_bbox: 0.0989, loss: 0.2963
2020-11-25 01:53:27,687 - mmdet - INFO - Epoch [3][600/618]	lr: 1.000e-02, eta: 0:07:48, time: 0.745, data_time: 0.012, memory: 11907, loss_rpn_cls: 0.0389, loss_rpn_bbox: 0.0556, loss_cls: 0.1000, acc: 96.4209, loss_bbox: 0.1163, loss: 0.3108
2020-11-25 01:54:06,492 - mmdet - INFO - Evaluating bbox...
2020-11-25 01:54:10,206 - mmdet - INFO - Epoch [3][618/618]	lr: 1.000e-02, bbox_mAP: 0.7560, bbox_mAP_50: 0.8450, bbox_mAP_75: 0.8170, bbox_mAP_s: 0.4460, bbox_mAP_m: 0.7440, bbox_mAP_l: 0.8130, bbox_mAP_copypaste: 0.756 0.845 0.817 0.446 0.744 0.813
2020-11-25 01:55:27,279 - mmdet - INFO - Epoch [4][100/618]	lr: 1.000e-02, eta: 0:06:18, time: 0.769, data_time: 0.033, memory: 11907, loss_rpn_cls: 0.0183, loss_rpn_bbox: 0.0476, loss_cls: 0.0682, acc: 97.4434, loss_bbox: 0.1056, loss: 0.2398
2020-11-25 01:56:41,789 - mmdet - INFO - Epoch [4][200/618]	lr: 1.000e-02, eta: 0:05:06, time: 0.745, data_time: 0.012, memory: 11907, loss_rpn_cls: 0.0111, loss_rpn_bbox: 0.0403, loss_cls: 0.0524, acc: 98.0674, loss_bbox: 0.0927, loss: 0.1964
2020-11-25 01:57:56,347 - mmdet - INFO - Epoch [4][300/618]	lr: 1.000e-02, eta: 0:03:53, time: 0.746, data_time: 0.012, memory: 11907, loss_rpn_cls: 0.0132, loss_rpn_bbox: 0.0434, loss_cls: 0.0536, acc: 98.0234, loss_bbox: 0.0975, loss: 0.2077
2020-11-25 01:59:10,991 - mmdet - INFO - Epoch [4][400/618]	lr: 1.000e-02, eta: 0:02:39, time: 0.746, data_time: 0.012, memory: 11907, loss_rpn_cls: 0.0074, loss_rpn_bbox: 0.0428, loss_cls: 0.0515, acc: 97.9443, loss_bbox: 0.0933, loss: 0.1950
2020-11-25 02:00:25,496 - mmdet - INFO - Epoch [4][500/618]	lr: 1.000e-02, eta: 0:01:26, time: 0.745, data_time: 0.012, memory: 11907, loss_rpn_cls: 0.0062, loss_rpn_bbox: 0.0358, loss_cls: 0.0452, acc: 98.2578, loss_bbox: 0.0927, loss: 0.1800
2020-11-25 02:01:40,344 - mmdet - INFO - Epoch [4][600/618]	lr: 1.000e-02, eta: 0:00:13, time: 0.748, data_time: 0.012, memory: 11907, loss_rpn_cls: 0.0049, loss_rpn_bbox: 0.0378, loss_cls: 0.0437, acc: 98.2061, loss_bbox: 0.0921, loss: 0.1785
2020-11-25 02:01:53,623 - mmdet - INFO - Saving checkpoint at 4 epochs
2020-11-25 02:02:20,829 - mmdet - INFO - Evaluating bbox...
2020-11-25 02:02:22,893 - mmdet - INFO - Epoch [4][618/618]	lr: 1.000e-02, bbox_mAP: 0.8350, bbox_mAP_50: 0.8980, bbox_mAP_75: 0.8920, bbox_mAP_s: 0.5870, bbox_mAP_m: 0.8520, bbox_mAP_l: 0.8970, bbox_mAP_copypaste: 0.835 0.898 0.892 0.587 0.852 0.897
2020-11-25 02:02:54,618 - mmdet - INFO - Epoch(train) [4][79]	loss_rpn_cls: 0.0042, loss_rpn_bbox: 0.0347, loss_cls: 0.0401, acc: 98.4239, loss_bbox: 0.0855, loss: 0.1646
