2020-11-24 23:22:57,935 - mmdet - INFO - Environment info:
------------------------------------------------------------
sys.platform: linux
Python: 3.6.4 |Anaconda, Inc.| (default, Jan 16 2018, 18:10:19) [GCC 7.2.0]
CUDA available: True
CUDA_HOME: /usr/local/cuda
NVCC: Cuda compilation tools, release 10.0, V10.0.130
GPU 0: Tesla P100-PCIE-16GB
GCC: gcc (GCC) 5.3.0
PyTorch: 1.3.1+cu100
PyTorch compiling details: PyTorch built with:
  - GCC 7.3
  - Intel(R) Math Kernel Library Version 2019.0.4 Product Build 20190411 for Intel(R) 64 architecture applications
  - Intel(R) MKL-DNN v0.20.5 (Git Hash 0125f28c61c1f822fd48570b4c1066f96fcb9b2e)
  - OpenMP 201511 (a.k.a. OpenMP 4.5)
  - NNPACK is enabled
  - CUDA Runtime 10.0
  - NVCC architecture flags: -gencode;arch=compute_37,code=sm_37;-gencode;arch=compute_50,code=sm_50;-gencode;arch=compute_60,code=sm_60;-gencode;arch=compute_61,code=sm_61;-gencode;arch=compute_70,code=sm_70;-gencode;arch=compute_75,code=sm_75;-gencode;arch=compute_37,code=compute_37
  - CuDNN 7.6.3
  - Magma 2.5.1
  - Build settings: BLAS=MKL, BUILD_NAMEDTENSOR=OFF, BUILD_TYPE=Release, CXX_FLAGS= -Wno-deprecated -fvisibility-inlines-hidden -fopenmp -DUSE_FBGEMM -DUSE_QNNPACK -DUSE_PYTORCH_QNNPACK -O2 -fPIC -Wno-narrowing -Wall -Wextra -Wno-missing-field-initializers -Wno-type-limits -Wno-array-bounds -Wno-unknown-pragmas -Wno-sign-compare -Wno-unused-parameter -Wno-unused-variable -Wno-unused-function -Wno-unused-result -Wno-strict-overflow -Wno-strict-aliasing -Wno-error=deprecated-declarations -Wno-stringop-overflow -Wno-error=pedantic -Wno-error=redundant-decls -Wno-error=old-style-cast -fdiagnostics-color=always -faligned-new -Wno-unused-but-set-variable -Wno-maybe-uninitialized -fno-math-errno -fno-trapping-math -Wno-stringop-overflow, DISABLE_NUMA=1, PERF_WITH_AVX=1, PERF_WITH_AVX2=1, PERF_WITH_AVX512=1, USE_CUDA=True, USE_EXCEPTION_PTR=1, USE_GFLAGS=OFF, USE_GLOG=OFF, USE_MKL=ON, USE_MKLDNN=ON, USE_MPI=OFF, USE_NCCL=ON, USE_NNPACK=ON, USE_OPENMP=ON, USE_STATIC_DISPATCH=OFF, 

TorchVision: 0.4.2+cu100
OpenCV: 4.4.0
MMCV: 1.0.5
MMDetection: 2.3.0+788fa8d
MMDetection Compiler: GCC 7.3
MMDetection CUDA Compiler: 10.0
------------------------------------------------------------

2020-11-24 23:22:57,936 - mmdet - INFO - Distributed training: False
2020-11-24 23:22:58,325 - mmdet - INFO - Config:
model = dict(
    type='FasterRCNN',
    pretrained='torchvision://resnet50',
    backbone=dict(
        type='ResNet',
        depth=50,
        num_stages=4,
        out_indices=(0, 1, 2, 3),
        frozen_stages=1,
        norm_cfg=dict(type='BN', requires_grad=True),
        norm_eval=True,
        style='pytorch'),
    neck=dict(
        type='FPN',
        in_channels=[256, 512, 1024, 2048],
        out_channels=256,
        num_outs=5),
    rpn_head=dict(
        type='RPNHead',
        in_channels=256,
        feat_channels=256,
        anchor_generator=dict(
            type='AnchorGenerator',
            scales=[8],
            ratios=[0.5, 1.0, 2.0],
            strides=[4, 8, 16, 32, 64]),
        bbox_coder=dict(
            type='DeltaXYWHBBoxCoder',
            target_means=[0.0, 0.0, 0.0, 0.0],
            target_stds=[1.0, 1.0, 1.0, 1.0]),
        loss_cls=dict(
            type='CrossEntropyLoss', use_sigmoid=True, loss_weight=1.0),
        loss_bbox=dict(type='L1Loss', loss_weight=1.0)),
    roi_head=dict(
        type='StandardRoIHead',
        bbox_roi_extractor=dict(
            type='SingleRoIExtractor',
            roi_layer=dict(type='RoIAlign', output_size=7, sampling_ratio=0),
            out_channels=256,
            featmap_strides=[4, 8, 16, 32]),
        bbox_head=dict(
            type='Shared2FCBBoxHead',
            in_channels=256,
            fc_out_channels=1024,
            roi_feat_size=7,
            num_classes=2,
            bbox_coder=dict(
                type='DeltaXYWHBBoxCoder',
                target_means=[0.0, 0.0, 0.0, 0.0],
                target_stds=[0.1, 0.1, 0.2, 0.2]),
            reg_class_agnostic=False,
            loss_cls=dict(
                type='CrossEntropyLoss', use_sigmoid=False, loss_weight=1.0),
            loss_bbox=dict(type='L1Loss', loss_weight=1.0))))
train_cfg = dict(
    rpn=dict(
        assigner=dict(
            type='MaxIoUAssigner',
            pos_iou_thr=0.7,
            neg_iou_thr=0.3,
            min_pos_iou=0.3,
            match_low_quality=True,
            ignore_iof_thr=-1),
        sampler=dict(
            type='RandomSampler',
            num=256,
            pos_fraction=0.5,
            neg_pos_ub=-1,
            add_gt_as_proposals=False),
        allowed_border=-1,
        pos_weight=-1,
        debug=False),
    rpn_proposal=dict(
        nms_across_levels=False,
        nms_pre=2000,
        nms_post=1000,
        max_num=1000,
        nms_thr=0.7,
        min_bbox_size=0),
    rcnn=dict(
        assigner=dict(
            type='MaxIoUAssigner',
            pos_iou_thr=0.5,
            neg_iou_thr=0.5,
            min_pos_iou=0.5,
            match_low_quality=False,
            ignore_iof_thr=-1),
        sampler=dict(
            type='RandomSampler',
            num=512,
            pos_fraction=0.25,
            neg_pos_ub=-1,
            add_gt_as_proposals=True),
        pos_weight=-1,
        debug=False))
test_cfg = dict(
    rpn=dict(
        nms_across_levels=False,
        nms_pre=1000,
        nms_post=1000,
        max_num=1000,
        nms_thr=0.7,
        min_bbox_size=0),
    rcnn=dict(
        score_thr=0.05,
        nms=dict(type='nms', iou_threshold=0.5),
        max_per_img=100))
dataset_type = 'CocoDataset'
data_root = 'data/coco/'
img_norm_cfg = dict(
    mean=[123.675, 116.28, 103.53], std=[58.395, 57.12, 57.375], to_rgb=True)
train_pipeline = [
    dict(type='LoadImageFromFile'),
    dict(type='LoadAnnotations', with_bbox=True),
    dict(type='Resize', img_scale=(1550, 1550), keep_ratio=True),
    dict(type='RandomFlip', flip_ratio=0.5),
    dict(
        type='Normalize',
        mean=[123.675, 116.28, 103.53],
        std=[58.395, 57.12, 57.375],
        to_rgb=True),
    dict(type='Pad', size_divisor=32),
    dict(type='DefaultFormatBundle'),
    dict(type='Collect', keys=['img', 'gt_bboxes', 'gt_labels'])
]
test_pipeline = [
    dict(type='LoadImageFromFile'),
    dict(
        type='MultiScaleFlipAug',
        img_scale=(1550, 1550),
        flip=False,
        transforms=[
            dict(type='Resize', keep_ratio=True),
            dict(type='RandomFlip'),
            dict(
                type='Normalize',
                mean=[123.675, 116.28, 103.53],
                std=[58.395, 57.12, 57.375],
                to_rgb=True),
            dict(type='Pad', size_divisor=32),
            dict(type='ImageToTensor', keys=['img']),
            dict(type='Collect', keys=['img'])
        ])
]
data = dict(
    samples_per_gpu=2,
    workers_per_gpu=2,
    train=dict(
        type='CocoDataset',
        ann_file='data/coco/annotations/annotations_trai.json',
        img_prefix='data/coco/img/',
        pipeline=[
            dict(type='LoadImageFromFile'),
            dict(type='LoadAnnotations', with_bbox=True),
            dict(type='Resize', img_scale=(1550, 1550), keep_ratio=True),
            dict(type='RandomFlip', flip_ratio=0.5),
            dict(
                type='Normalize',
                mean=[123.675, 116.28, 103.53],
                std=[58.395, 57.12, 57.375],
                to_rgb=True),
            dict(type='Pad', size_divisor=32),
            dict(type='DefaultFormatBundle'),
            dict(type='Collect', keys=['img', 'gt_bboxes', 'gt_labels'])
        ]),
    val=dict(
        type='CocoDataset',
        ann_file='data/coco/annotations/annotations_test.json',
        img_prefix='data/coco/img/',
        pipeline=[
            dict(type='LoadImageFromFile'),
            dict(
                type='MultiScaleFlipAug',
                img_scale=(1550, 1550),
                flip=False,
                transforms=[
                    dict(type='Resize', keep_ratio=True),
                    dict(type='RandomFlip'),
                    dict(
                        type='Normalize',
                        mean=[123.675, 116.28, 103.53],
                        std=[58.395, 57.12, 57.375],
                        to_rgb=True),
                    dict(type='Pad', size_divisor=32),
                    dict(type='ImageToTensor', keys=['img']),
                    dict(type='Collect', keys=['img'])
                ])
        ]),
    test=dict(
        type='CocoDataset',
        ann_file='data/coco/annotations/annotations_vals.json',
        img_prefix='data/coco/img/',
        pipeline=[
            dict(type='LoadImageFromFile'),
            dict(
                type='MultiScaleFlipAug',
                img_scale=(1550, 1550),
                flip=False,
                transforms=[
                    dict(type='Resize', keep_ratio=True),
                    dict(type='RandomFlip'),
                    dict(
                        type='Normalize',
                        mean=[123.675, 116.28, 103.53],
                        std=[58.395, 57.12, 57.375],
                        to_rgb=True),
                    dict(type='Pad', size_divisor=32),
                    dict(type='ImageToTensor', keys=['img']),
                    dict(type='Collect', keys=['img'])
                ])
        ]))
evaluation = dict(interval=1, metric='bbox')
optimizer = dict(type='SGD', lr=0.01, momentum=0.9, weight_decay=0.0001)
optimizer_config = dict(grad_clip=None)
lr_config = dict(
    policy='step',
    warmup='linear',
    warmup_iters=500,
    warmup_ratio=0.001,
    step=[8, 11])
total_epochs = 4
checkpoint_config = dict(interval=4)
log_config = dict(interval=100, hooks=[dict(type='TextLoggerHook')])
dist_params = dict(backend='nccl')
log_level = 'INFO'
load_from = '/home/admin/.cache/torch/checkpoints/X.pth'
resume_from = None
workflow = [('train', 2), ('val', 1)]
work_dir = '/home/admin/jupyter/SecurityAI_Round5/data/work'
gpu_ids = range(0, 1)

2020-11-24 23:22:58,832 - mmdet - INFO - load model from: torchvision://resnet50
2020-11-24 23:23:06,939 - mmdet - WARNING - The model and loaded state dict do not match exactly

unexpected key in source state_dict: fc.weight, fc.bias

2020-11-24 23:23:17,334 - mmdet - INFO - load checkpoint from /home/admin/.cache/torch/checkpoints/X.pth
2020-11-24 23:23:23,939 - mmdet - INFO - Start running, host: admin@fuxilabor_labor0_S4_Odps_S95_dsw_prepaid_cnsh_838_2020112410550, work_dir: /home/admin/jupyter/SecurityAI_Round5/data/work
2020-11-24 23:23:23,939 - mmdet - INFO - workflow: [('train', 2), ('val', 1)], max: 4 epochs
2020-11-24 23:24:41,472 - mmdet - INFO - Epoch [1][100/615]	lr: 1.988e-03, eta: 0:30:25, time: 0.773, data_time: 0.034, memory: 8024, loss_rpn_cls: 0.0019, loss_rpn_bbox: 0.0238, loss_cls: 0.0239, acc: 99.0332, loss_bbox: 0.0639, loss: 0.1134
2020-11-24 23:25:56,165 - mmdet - INFO - Epoch [1][200/615]	lr: 3.986e-03, eta: 0:28:38, time: 0.747, data_time: 0.012, memory: 9991, loss_rpn_cls: 0.0020, loss_rpn_bbox: 0.0209, loss_cls: 0.0241, acc: 99.0088, loss_bbox: 0.0574, loss: 0.1044
2020-11-24 23:27:10,719 - mmdet - INFO - Epoch [1][300/615]	lr: 5.984e-03, eta: 0:27:11, time: 0.746, data_time: 0.012, memory: 9991, loss_rpn_cls: 0.0022, loss_rpn_bbox: 0.0221, loss_cls: 0.0283, acc: 98.8691, loss_bbox: 0.0565, loss: 0.1091
2020-11-24 23:28:25,241 - mmdet - INFO - Epoch [1][400/615]	lr: 7.982e-03, eta: 0:25:50, time: 0.745, data_time: 0.012, memory: 9991, loss_rpn_cls: 0.0016, loss_rpn_bbox: 0.0250, loss_cls: 0.0266, acc: 98.8281, loss_bbox: 0.0592, loss: 0.1124
2020-11-24 23:29:40,133 - mmdet - INFO - Epoch [1][500/615]	lr: 9.980e-03, eta: 0:24:33, time: 0.749, data_time: 0.012, memory: 11885, loss_rpn_cls: 0.0018, loss_rpn_bbox: 0.0245, loss_cls: 0.0266, acc: 98.8086, loss_bbox: 0.0618, loss: 0.1147
2020-11-24 23:30:55,072 - mmdet - INFO - Epoch [1][600/615]	lr: 1.000e-02, eta: 0:23:17, time: 0.749, data_time: 0.012, memory: 11885, loss_rpn_cls: 0.0024, loss_rpn_bbox: 0.0333, loss_cls: 0.0305, acc: 98.6904, loss_bbox: 0.0673, loss: 0.1334
2020-11-24 23:31:32,919 - mmdet - INFO - Evaluating bbox...
2020-11-24 23:31:35,319 - mmdet - INFO - Epoch [1][615/615]	lr: 1.000e-02, bbox_mAP: 0.8530, bbox_mAP_50: 0.9100, bbox_mAP_75: 0.9040, bbox_mAP_s: 0.6110, bbox_mAP_m: 0.8740, bbox_mAP_l: 0.9220, bbox_mAP_copypaste: 0.853 0.910 0.904 0.611 0.874 0.922
2020-11-24 23:32:52,616 - mmdet - INFO - Epoch [2][100/615]	lr: 1.000e-02, eta: 0:21:28, time: 0.771, data_time: 0.033, memory: 11885, loss_rpn_cls: 0.0030, loss_rpn_bbox: 0.0302, loss_cls: 0.0325, acc: 98.6367, loss_bbox: 0.0697, loss: 0.1353
2020-11-24 23:34:07,382 - mmdet - INFO - Epoch [2][200/615]	lr: 1.000e-02, eta: 0:20:16, time: 0.748, data_time: 0.012, memory: 11885, loss_rpn_cls: 0.0024, loss_rpn_bbox: 0.0271, loss_cls: 0.0261, acc: 98.8408, loss_bbox: 0.0616, loss: 0.1171
2020-11-24 23:35:21,953 - mmdet - INFO - Epoch [2][300/615]	lr: 1.000e-02, eta: 0:19:03, time: 0.746, data_time: 0.012, memory: 11885, loss_rpn_cls: 0.0024, loss_rpn_bbox: 0.0263, loss_cls: 0.0277, acc: 98.8838, loss_bbox: 0.0639, loss: 0.1202
2020-11-24 23:36:36,551 - mmdet - INFO - Epoch [2][400/615]	lr: 1.000e-02, eta: 0:17:50, time: 0.746, data_time: 0.012, memory: 11885, loss_rpn_cls: 0.0023, loss_rpn_bbox: 0.0273, loss_cls: 0.0265, acc: 98.8438, loss_bbox: 0.0629, loss: 0.1191
2020-11-24 23:37:51,149 - mmdet - INFO - Epoch [2][500/615]	lr: 1.000e-02, eta: 0:16:37, time: 0.746, data_time: 0.012, memory: 11885, loss_rpn_cls: 0.0023, loss_rpn_bbox: 0.0282, loss_cls: 0.0255, acc: 98.9473, loss_bbox: 0.0637, loss: 0.1197
2020-11-24 23:39:06,249 - mmdet - INFO - Epoch [2][600/615]	lr: 1.000e-02, eta: 0:15:23, time: 0.751, data_time: 0.012, memory: 11885, loss_rpn_cls: 0.0025, loss_rpn_bbox: 0.0301, loss_cls: 0.0334, acc: 98.5039, loss_bbox: 0.0678, loss: 0.1338
2020-11-24 23:39:44,403 - mmdet - INFO - Evaluating bbox...
2020-11-24 23:39:46,764 - mmdet - INFO - Epoch [2][615/615]	lr: 1.000e-02, bbox_mAP: 0.8600, bbox_mAP_50: 0.9100, bbox_mAP_75: 0.9050, bbox_mAP_s: 0.6140, bbox_mAP_m: 0.9040, bbox_mAP_l: 0.9290, bbox_mAP_copypaste: 0.860 0.910 0.905 0.614 0.904 0.929
2020-11-24 23:40:20,149 - mmdet - INFO - Epoch(train) [2][84]	loss_rpn_cls: 0.0025, loss_rpn_bbox: 0.0307, loss_cls: 0.0280, acc: 98.7293, loss_bbox: 0.0664, loss: 0.1277
2020-11-24 23:41:37,151 - mmdet - INFO - Epoch [3][100/615]	lr: 1.000e-02, eta: 0:13:51, time: 0.768, data_time: 0.033, memory: 11885, loss_rpn_cls: 0.0021, loss_rpn_bbox: 0.0266, loss_cls: 0.0251, acc: 98.9502, loss_bbox: 0.0655, loss: 0.1193
2020-11-24 23:42:51,993 - mmdet - INFO - Epoch [3][200/615]	lr: 1.000e-02, eta: 0:12:38, time: 0.748, data_time: 0.012, memory: 11885, loss_rpn_cls: 0.0031, loss_rpn_bbox: 0.0290, loss_cls: 0.0306, acc: 98.7188, loss_bbox: 0.0696, loss: 0.1323
2020-11-24 23:44:06,847 - mmdet - INFO - Epoch [3][300/615]	lr: 1.000e-02, eta: 0:11:25, time: 0.749, data_time: 0.012, memory: 11885, loss_rpn_cls: 0.0027, loss_rpn_bbox: 0.0314, loss_cls: 0.0296, acc: 98.7451, loss_bbox: 0.0723, loss: 0.1360
2020-11-24 23:45:21,811 - mmdet - INFO - Epoch [3][400/615]	lr: 1.000e-02, eta: 0:10:12, time: 0.750, data_time: 0.012, memory: 11885, loss_rpn_cls: 0.0026, loss_rpn_bbox: 0.0307, loss_cls: 0.0318, acc: 98.6406, loss_bbox: 0.0708, loss: 0.1360
2020-11-24 23:46:36,440 - mmdet - INFO - Epoch [3][500/615]	lr: 1.000e-02, eta: 0:08:59, time: 0.746, data_time: 0.012, memory: 11885, loss_rpn_cls: 0.0033, loss_rpn_bbox: 0.0289, loss_cls: 0.0237, acc: 99.0684, loss_bbox: 0.0641, loss: 0.1200
2020-11-24 23:47:50,844 - mmdet - INFO - Epoch [3][600/615]	lr: 1.000e-02, eta: 0:07:45, time: 0.744, data_time: 0.012, memory: 11885, loss_rpn_cls: 0.0025, loss_rpn_bbox: 0.0278, loss_cls: 0.0299, acc: 98.7246, loss_bbox: 0.0676, loss: 0.1279
2020-11-24 23:48:28,958 - mmdet - INFO - Evaluating bbox...
2020-11-24 23:48:31,351 - mmdet - INFO - Epoch [3][615/615]	lr: 1.000e-02, bbox_mAP: 0.8510, bbox_mAP_50: 0.9090, bbox_mAP_75: 0.8990, bbox_mAP_s: 0.6120, bbox_mAP_m: 0.8780, bbox_mAP_l: 0.9150, bbox_mAP_copypaste: 0.851 0.909 0.899 0.612 0.878 0.915
2020-11-24 23:49:48,571 - mmdet - INFO - Epoch [4][100/615]	lr: 1.000e-02, eta: 0:06:18, time: 0.770, data_time: 0.034, memory: 11885, loss_rpn_cls: 0.0031, loss_rpn_bbox: 0.0289, loss_cls: 0.0302, acc: 98.7480, loss_bbox: 0.0707, loss: 0.1329
2020-11-24 23:51:03,568 - mmdet - INFO - Epoch [4][200/615]	lr: 1.000e-02, eta: 0:05:05, time: 0.750, data_time: 0.012, memory: 11885, loss_rpn_cls: 0.0026, loss_rpn_bbox: 0.0297, loss_cls: 0.0295, acc: 98.7256, loss_bbox: 0.0680, loss: 0.1298
2020-11-24 23:52:18,493 - mmdet - INFO - Epoch [4][300/615]	lr: 1.000e-02, eta: 0:03:51, time: 0.749, data_time: 0.012, memory: 11885, loss_rpn_cls: 0.0020, loss_rpn_bbox: 0.0262, loss_cls: 0.0303, acc: 98.7256, loss_bbox: 0.0669, loss: 0.1254
2020-11-24 23:53:33,250 - mmdet - INFO - Epoch [4][400/615]	lr: 1.000e-02, eta: 0:02:38, time: 0.748, data_time: 0.012, memory: 11885, loss_rpn_cls: 0.0018, loss_rpn_bbox: 0.0274, loss_cls: 0.0266, acc: 98.8730, loss_bbox: 0.0674, loss: 0.1232
2020-11-24 23:54:47,892 - mmdet - INFO - Epoch [4][500/615]	lr: 1.000e-02, eta: 0:01:24, time: 0.746, data_time: 0.012, memory: 11885, loss_rpn_cls: 0.0018, loss_rpn_bbox: 0.0272, loss_cls: 0.0270, acc: 98.9150, loss_bbox: 0.0663, loss: 0.1223
2020-11-24 23:56:02,646 - mmdet - INFO - Epoch [4][600/615]	lr: 1.000e-02, eta: 0:00:11, time: 0.748, data_time: 0.012, memory: 11885, loss_rpn_cls: 0.0021, loss_rpn_bbox: 0.0284, loss_cls: 0.0304, acc: 98.6514, loss_bbox: 0.0695, loss: 0.1305
2020-11-24 23:56:13,760 - mmdet - INFO - Saving checkpoint at 4 epochs
2020-11-24 23:56:42,432 - mmdet - INFO - Evaluating bbox...
2020-11-24 23:56:44,904 - mmdet - INFO - Epoch [4][615/615]	lr: 1.000e-02, bbox_mAP: 0.8510, bbox_mAP_50: 0.9050, bbox_mAP_75: 0.8950, bbox_mAP_s: 0.6070, bbox_mAP_m: 0.8860, bbox_mAP_l: 0.9250, bbox_mAP_copypaste: 0.851 0.905 0.895 0.607 0.886 0.925
2020-11-24 23:57:18,412 - mmdet - INFO - Epoch(train) [4][84]	loss_rpn_cls: 0.0021, loss_rpn_bbox: 0.0279, loss_cls: 0.0305, acc: 98.7142, loss_bbox: 0.0711, loss: 0.1316
