2020-11-20 12:05:26,701 - mmdet - INFO - Environment info:
------------------------------------------------------------
sys.platform: linux
Python: 3.6.4 |Anaconda, Inc.| (default, Jan 16 2018, 18:10:19) [GCC 7.2.0]
CUDA available: True
CUDA_HOME: /usr/local/cuda
NVCC: Cuda compilation tools, release 10.0, V10.0.130
GPU 0: Tesla P100-PCIE-16GB
GCC: gcc (GCC) 5.3.0
PyTorch: 1.3.1+cu100
PyTorch compiling details: PyTorch built with:
  - GCC 7.3
  - Intel(R) Math Kernel Library Version 2019.0.4 Product Build 20190411 for Intel(R) 64 architecture applications
  - Intel(R) MKL-DNN v0.20.5 (Git Hash 0125f28c61c1f822fd48570b4c1066f96fcb9b2e)
  - OpenMP 201511 (a.k.a. OpenMP 4.5)
  - NNPACK is enabled
  - CUDA Runtime 10.0
  - NVCC architecture flags: -gencode;arch=compute_37,code=sm_37;-gencode;arch=compute_50,code=sm_50;-gencode;arch=compute_60,code=sm_60;-gencode;arch=compute_61,code=sm_61;-gencode;arch=compute_70,code=sm_70;-gencode;arch=compute_75,code=sm_75;-gencode;arch=compute_37,code=compute_37
  - CuDNN 7.6.3
  - Magma 2.5.1
  - Build settings: BLAS=MKL, BUILD_NAMEDTENSOR=OFF, BUILD_TYPE=Release, CXX_FLAGS= -Wno-deprecated -fvisibility-inlines-hidden -fopenmp -DUSE_FBGEMM -DUSE_QNNPACK -DUSE_PYTORCH_QNNPACK -O2 -fPIC -Wno-narrowing -Wall -Wextra -Wno-missing-field-initializers -Wno-type-limits -Wno-array-bounds -Wno-unknown-pragmas -Wno-sign-compare -Wno-unused-parameter -Wno-unused-variable -Wno-unused-function -Wno-unused-result -Wno-strict-overflow -Wno-strict-aliasing -Wno-error=deprecated-declarations -Wno-stringop-overflow -Wno-error=pedantic -Wno-error=redundant-decls -Wno-error=old-style-cast -fdiagnostics-color=always -faligned-new -Wno-unused-but-set-variable -Wno-maybe-uninitialized -fno-math-errno -fno-trapping-math -Wno-stringop-overflow, DISABLE_NUMA=1, PERF_WITH_AVX=1, PERF_WITH_AVX2=1, PERF_WITH_AVX512=1, USE_CUDA=True, USE_EXCEPTION_PTR=1, USE_GFLAGS=OFF, USE_GLOG=OFF, USE_MKL=ON, USE_MKLDNN=ON, USE_MPI=OFF, USE_NCCL=ON, USE_NNPACK=ON, USE_OPENMP=ON, USE_STATIC_DISPATCH=OFF, 

TorchVision: 0.4.2+cu100
OpenCV: 4.4.0
MMCV: 1.0.5
MMDetection: 2.3.0+788fa8d
MMDetection Compiler: GCC 7.3
MMDetection CUDA Compiler: 10.0
------------------------------------------------------------

2020-11-20 12:05:26,701 - mmdet - INFO - Distributed training: False
2020-11-20 12:05:27,089 - mmdet - INFO - Config:
model = dict(
    type='FasterRCNN',
    pretrained='torchvision://resnet50',
    backbone=dict(
        type='ResNet',
        depth=50,
        num_stages=4,
        out_indices=(0, 1, 2, 3),
        frozen_stages=1,
        norm_cfg=dict(type='BN', requires_grad=True),
        norm_eval=True,
        style='pytorch'),
    neck=dict(
        type='FPN',
        in_channels=[256, 512, 1024, 2048],
        out_channels=256,
        num_outs=5),
    rpn_head=dict(
        type='RPNHead',
        in_channels=256,
        feat_channels=256,
        anchor_generator=dict(
            type='AnchorGenerator',
            scales=[8],
            ratios=[0.5, 1.0, 2.0],
            strides=[4, 8, 16, 32, 64]),
        bbox_coder=dict(
            type='DeltaXYWHBBoxCoder',
            target_means=[0.0, 0.0, 0.0, 0.0],
            target_stds=[1.0, 1.0, 1.0, 1.0]),
        loss_cls=dict(
            type='CrossEntropyLoss', use_sigmoid=True, loss_weight=1.0),
        loss_bbox=dict(type='L1Loss', loss_weight=1.0)),
    roi_head=dict(
        type='StandardRoIHead',
        bbox_roi_extractor=dict(
            type='SingleRoIExtractor',
            roi_layer=dict(type='RoIAlign', output_size=7, sampling_ratio=0),
            out_channels=256,
            featmap_strides=[4, 8, 16, 32]),
        bbox_head=dict(
            type='Shared2FCBBoxHead',
            in_channels=256,
            fc_out_channels=1024,
            roi_feat_size=7,
            num_classes=2,
            bbox_coder=dict(
                type='DeltaXYWHBBoxCoder',
                target_means=[0.0, 0.0, 0.0, 0.0],
                target_stds=[0.1, 0.1, 0.2, 0.2]),
            reg_class_agnostic=False,
            loss_cls=dict(
                type='CrossEntropyLoss', use_sigmoid=False, loss_weight=1.0),
            loss_bbox=dict(type='L1Loss', loss_weight=1.0))))
train_cfg = dict(
    rpn=dict(
        assigner=dict(
            type='MaxIoUAssigner',
            pos_iou_thr=0.7,
            neg_iou_thr=0.3,
            min_pos_iou=0.3,
            match_low_quality=True,
            ignore_iof_thr=-1),
        sampler=dict(
            type='RandomSampler',
            num=256,
            pos_fraction=0.5,
            neg_pos_ub=-1,
            add_gt_as_proposals=False),
        allowed_border=-1,
        pos_weight=-1,
        debug=False),
    rpn_proposal=dict(
        nms_across_levels=False,
        nms_pre=2000,
        nms_post=1000,
        max_num=1000,
        nms_thr=0.7,
        min_bbox_size=0),
    rcnn=dict(
        assigner=dict(
            type='MaxIoUAssigner',
            pos_iou_thr=0.5,
            neg_iou_thr=0.5,
            min_pos_iou=0.5,
            match_low_quality=False,
            ignore_iof_thr=-1),
        sampler=dict(
            type='RandomSampler',
            num=512,
            pos_fraction=0.25,
            neg_pos_ub=-1,
            add_gt_as_proposals=True),
        pos_weight=-1,
        debug=False))
test_cfg = dict(
    rpn=dict(
        nms_across_levels=False,
        nms_pre=1000,
        nms_post=1000,
        max_num=1000,
        nms_thr=0.7,
        min_bbox_size=0),
    rcnn=dict(
        score_thr=0.05,
        nms=dict(type='nms', iou_threshold=0.5),
        max_per_img=100))
dataset_type = 'CocoDataset'
data_root = 'data/coco/'
img_norm_cfg = dict(
    mean=[123.675, 116.28, 103.53], std=[58.395, 57.12, 57.375], to_rgb=True)
train_pipeline = [
    dict(type='LoadImageFromFile'),
    dict(type='LoadAnnotations', with_bbox=True),
    dict(type='Resize', img_scale=(1550, 1550), keep_ratio=True),
    dict(type='RandomFlip', flip_ratio=0.5),
    dict(
        type='Normalize',
        mean=[123.675, 116.28, 103.53],
        std=[58.395, 57.12, 57.375],
        to_rgb=True),
    dict(type='Pad', size_divisor=32),
    dict(type='DefaultFormatBundle'),
    dict(type='Collect', keys=['img', 'gt_bboxes', 'gt_labels'])
]
test_pipeline = [
    dict(type='LoadImageFromFile'),
    dict(
        type='MultiScaleFlipAug',
        img_scale=(1550, 1550),
        flip=False,
        transforms=[
            dict(type='Resize', keep_ratio=True),
            dict(type='RandomFlip'),
            dict(
                type='Normalize',
                mean=[123.675, 116.28, 103.53],
                std=[58.395, 57.12, 57.375],
                to_rgb=True),
            dict(type='Pad', size_divisor=32),
            dict(type='ImageToTensor', keys=['img']),
            dict(type='Collect', keys=['img'])
        ])
]
data = dict(
    samples_per_gpu=2,
    workers_per_gpu=2,
    train=dict(
        type='CocoDataset',
        ann_file='data/coco/annotations/annotations_trai.json',
        img_prefix='data/coco/img/',
        pipeline=[
            dict(type='LoadImageFromFile'),
            dict(type='LoadAnnotations', with_bbox=True),
            dict(type='Resize', img_scale=(1550, 1550), keep_ratio=True),
            dict(type='RandomFlip', flip_ratio=0.5),
            dict(
                type='Normalize',
                mean=[123.675, 116.28, 103.53],
                std=[58.395, 57.12, 57.375],
                to_rgb=True),
            dict(type='Pad', size_divisor=32),
            dict(type='DefaultFormatBundle'),
            dict(type='Collect', keys=['img', 'gt_bboxes', 'gt_labels'])
        ]),
    val=dict(
        type='CocoDataset',
        ann_file='data/coco/annotations/annotations_test.json',
        img_prefix='data/coco/img/',
        pipeline=[
            dict(type='LoadImageFromFile'),
            dict(
                type='MultiScaleFlipAug',
                img_scale=(1550, 1550),
                flip=False,
                transforms=[
                    dict(type='Resize', keep_ratio=True),
                    dict(type='RandomFlip'),
                    dict(
                        type='Normalize',
                        mean=[123.675, 116.28, 103.53],
                        std=[58.395, 57.12, 57.375],
                        to_rgb=True),
                    dict(type='Pad', size_divisor=32),
                    dict(type='ImageToTensor', keys=['img']),
                    dict(type='Collect', keys=['img'])
                ])
        ]),
    test=dict(
        type='CocoDataset',
        ann_file='data/coco/annotations/annotations_vals.json',
        img_prefix='data/coco/img/',
        pipeline=[
            dict(type='LoadImageFromFile'),
            dict(
                type='MultiScaleFlipAug',
                img_scale=(1550, 1550),
                flip=False,
                transforms=[
                    dict(type='Resize', keep_ratio=True),
                    dict(type='RandomFlip'),
                    dict(
                        type='Normalize',
                        mean=[123.675, 116.28, 103.53],
                        std=[58.395, 57.12, 57.375],
                        to_rgb=True),
                    dict(type='Pad', size_divisor=32),
                    dict(type='ImageToTensor', keys=['img']),
                    dict(type='Collect', keys=['img'])
                ])
        ]))
evaluation = dict(interval=1, metric='bbox')
optimizer = dict(type='SGD', lr=0.01, momentum=0.9, weight_decay=0.0001)
optimizer_config = dict(grad_clip=None)
lr_config = dict(
    policy='step',
    warmup='linear',
    warmup_iters=500,
    warmup_ratio=0.001,
    step=[8, 11])
total_epochs = 4
checkpoint_config = dict(interval=4)
log_config = dict(interval=100, hooks=[dict(type='TextLoggerHook')])
dist_params = dict(backend='nccl')
log_level = 'INFO'
load_from = '/home/admin/.cache/torch/checkpoints/X.pth'
resume_from = None
workflow = [('train', 2), ('val', 1)]
work_dir = '/home/admin/jupyter/SecurityAI_Round5/data/work'
gpu_ids = range(0, 1)

2020-11-20 12:05:27,577 - mmdet - INFO - load model from: torchvision://resnet50
2020-11-20 12:05:35,250 - mmdet - WARNING - The model and loaded state dict do not match exactly

unexpected key in source state_dict: fc.weight, fc.bias

2020-11-20 12:05:45,327 - mmdet - INFO - load checkpoint from /home/admin/.cache/torch/checkpoints/X.pth
2020-11-20 12:05:51,714 - mmdet - INFO - Start running, host: admin@fuxilabor_labor0_S4_Odps_S96_dsw_prepaid_cnsh_838_2020112000281, work_dir: /home/admin/jupyter/SecurityAI_Round5/data/work
2020-11-20 12:05:51,715 - mmdet - INFO - workflow: [('train', 2), ('val', 1)], max: 4 epochs
2020-11-20 12:07:09,392 - mmdet - INFO - Epoch [1][100/619]	lr: 1.988e-03, eta: 0:30:41, time: 0.775, data_time: 0.034, memory: 9824, loss_rpn_cls: 0.0033, loss_rpn_bbox: 0.0319, loss_cls: 0.0388, acc: 98.3428, loss_bbox: 0.0907, loss: 0.1647
2020-11-20 12:08:24,317 - mmdet - INFO - Epoch [1][200/619]	lr: 3.986e-03, eta: 0:28:54, time: 0.749, data_time: 0.012, memory: 11914, loss_rpn_cls: 0.0027, loss_rpn_bbox: 0.0293, loss_cls: 0.0367, acc: 98.4121, loss_bbox: 0.0817, loss: 0.1504
2020-11-20 12:09:39,098 - mmdet - INFO - Epoch [1][300/619]	lr: 5.984e-03, eta: 0:27:27, time: 0.748, data_time: 0.012, memory: 11914, loss_rpn_cls: 0.0025, loss_rpn_bbox: 0.0316, loss_cls: 0.0336, acc: 98.5742, loss_bbox: 0.0736, loss: 0.1413
2020-11-20 12:10:53,953 - mmdet - INFO - Epoch [1][400/619]	lr: 7.982e-03, eta: 0:26:07, time: 0.749, data_time: 0.012, memory: 11914, loss_rpn_cls: 0.0030, loss_rpn_bbox: 0.0312, loss_cls: 0.0341, acc: 98.6162, loss_bbox: 0.0736, loss: 0.1418
2020-11-20 12:12:08,906 - mmdet - INFO - Epoch [1][500/619]	lr: 9.980e-03, eta: 0:24:49, time: 0.750, data_time: 0.012, memory: 11914, loss_rpn_cls: 0.0025, loss_rpn_bbox: 0.0344, loss_cls: 0.0323, acc: 98.6357, loss_bbox: 0.0777, loss: 0.1469
2020-11-20 12:13:23,800 - mmdet - INFO - Epoch [1][600/619]	lr: 1.000e-02, eta: 0:23:32, time: 0.749, data_time: 0.012, memory: 11914, loss_rpn_cls: 0.0031, loss_rpn_bbox: 0.0363, loss_cls: 0.0357, acc: 98.5654, loss_bbox: 0.0877, loss: 0.1627
2020-11-20 12:14:03,766 - mmdet - INFO - Evaluating bbox...
2020-11-20 12:14:05,631 - mmdet - INFO - Epoch [1][619/619]	lr: 1.000e-02, bbox_mAP: 0.8340, bbox_mAP_50: 0.8990, bbox_mAP_75: 0.8880, bbox_mAP_s: 0.6190, bbox_mAP_m: 0.8600, bbox_mAP_l: 0.8880, bbox_mAP_copypaste: 0.834 0.899 0.888 0.619 0.860 0.888
2020-11-20 12:15:23,096 - mmdet - INFO - Epoch [2][100/619]	lr: 1.000e-02, eta: 0:21:33, time: 0.773, data_time: 0.033, memory: 11914, loss_rpn_cls: 0.0031, loss_rpn_bbox: 0.0391, loss_cls: 0.0434, acc: 98.2031, loss_bbox: 0.0906, loss: 0.1762
2020-11-20 12:16:38,169 - mmdet - INFO - Epoch [2][200/619]	lr: 1.000e-02, eta: 0:20:22, time: 0.751, data_time: 0.012, memory: 11914, loss_rpn_cls: 0.0030, loss_rpn_bbox: 0.0365, loss_cls: 0.0362, acc: 98.4678, loss_bbox: 0.0815, loss: 0.1571
2020-11-20 12:17:53,069 - mmdet - INFO - Epoch [2][300/619]	lr: 1.000e-02, eta: 0:19:10, time: 0.749, data_time: 0.012, memory: 11914, loss_rpn_cls: 0.0027, loss_rpn_bbox: 0.0378, loss_cls: 0.0419, acc: 98.2383, loss_bbox: 0.0954, loss: 0.1778
2020-11-20 12:19:07,833 - mmdet - INFO - Epoch [2][400/619]	lr: 1.000e-02, eta: 0:17:57, time: 0.748, data_time: 0.012, memory: 11914, loss_rpn_cls: 0.0026, loss_rpn_bbox: 0.0350, loss_cls: 0.0336, acc: 98.6055, loss_bbox: 0.0792, loss: 0.1504
2020-11-20 12:20:22,684 - mmdet - INFO - Epoch [2][500/619]	lr: 1.000e-02, eta: 0:16:45, time: 0.749, data_time: 0.012, memory: 11914, loss_rpn_cls: 0.0028, loss_rpn_bbox: 0.0339, loss_cls: 0.0368, acc: 98.3906, loss_bbox: 0.0839, loss: 0.1574
2020-11-20 12:21:37,545 - mmdet - INFO - Epoch [2][600/619]	lr: 1.000e-02, eta: 0:15:31, time: 0.749, data_time: 0.012, memory: 11914, loss_rpn_cls: 0.0039, loss_rpn_bbox: 0.0374, loss_cls: 0.0361, acc: 98.5527, loss_bbox: 0.0873, loss: 0.1646
2020-11-20 12:22:17,412 - mmdet - INFO - Evaluating bbox...
2020-11-20 12:22:19,304 - mmdet - INFO - Epoch [2][619/619]	lr: 1.000e-02, bbox_mAP: 0.8260, bbox_mAP_50: 0.9030, bbox_mAP_75: 0.8920, bbox_mAP_s: 0.5950, bbox_mAP_m: 0.8510, bbox_mAP_l: 0.8800, bbox_mAP_copypaste: 0.826 0.903 0.892 0.595 0.851 0.880
2020-11-20 12:22:51,319 - mmdet - INFO - Epoch(train) [2][80]	loss_rpn_cls: 0.0030, loss_rpn_bbox: 0.0422, loss_cls: 0.0450, acc: 98.2092, loss_bbox: 0.0967, loss: 0.1868
2020-11-20 12:24:08,648 - mmdet - INFO - Epoch [3][100/619]	lr: 1.000e-02, eta: 0:13:54, time: 0.771, data_time: 0.033, memory: 11914, loss_rpn_cls: 0.0027, loss_rpn_bbox: 0.0366, loss_cls: 0.0387, acc: 98.3555, loss_bbox: 0.0881, loss: 0.1661
2020-11-20 12:25:23,540 - mmdet - INFO - Epoch [3][200/619]	lr: 1.000e-02, eta: 0:12:41, time: 0.749, data_time: 0.012, memory: 11914, loss_rpn_cls: 0.0042, loss_rpn_bbox: 0.0372, loss_cls: 0.0358, acc: 98.5693, loss_bbox: 0.0845, loss: 0.1616
2020-11-20 12:26:38,209 - mmdet - INFO - Epoch [3][300/619]	lr: 1.000e-02, eta: 0:11:29, time: 0.747, data_time: 0.012, memory: 11914, loss_rpn_cls: 0.0034, loss_rpn_bbox: 0.0349, loss_cls: 0.0331, acc: 98.7031, loss_bbox: 0.0826, loss: 0.1540
2020-11-20 12:27:53,062 - mmdet - INFO - Epoch [3][400/619]	lr: 1.000e-02, eta: 0:10:16, time: 0.749, data_time: 0.012, memory: 11914, loss_rpn_cls: 0.0032, loss_rpn_bbox: 0.0394, loss_cls: 0.0348, acc: 98.5391, loss_bbox: 0.0863, loss: 0.1637
2020-11-20 12:29:08,100 - mmdet - INFO - Epoch [3][500/619]	lr: 1.000e-02, eta: 0:09:03, time: 0.750, data_time: 0.012, memory: 11914, loss_rpn_cls: 0.0028, loss_rpn_bbox: 0.0356, loss_cls: 0.0450, acc: 98.0928, loss_bbox: 0.0899, loss: 0.1734
2020-11-20 12:30:23,012 - mmdet - INFO - Epoch [3][600/619]	lr: 1.000e-02, eta: 0:07:50, time: 0.749, data_time: 0.012, memory: 11914, loss_rpn_cls: 0.0041, loss_rpn_bbox: 0.0394, loss_cls: 0.0452, acc: 98.0693, loss_bbox: 0.0959, loss: 0.1846
2020-11-20 12:31:02,858 - mmdet - INFO - Evaluating bbox...
2020-11-20 12:31:04,731 - mmdet - INFO - Epoch [3][619/619]	lr: 1.000e-02, bbox_mAP: 0.8320, bbox_mAP_50: 0.8980, bbox_mAP_75: 0.8870, bbox_mAP_s: 0.6090, bbox_mAP_m: 0.8570, bbox_mAP_l: 0.8890, bbox_mAP_copypaste: 0.832 0.898 0.887 0.609 0.857 0.889
2020-11-20 12:32:21,986 - mmdet - INFO - Epoch [4][100/619]	lr: 1.000e-02, eta: 0:06:19, time: 0.771, data_time: 0.033, memory: 11914, loss_rpn_cls: 0.0033, loss_rpn_bbox: 0.0375, loss_cls: 0.0396, acc: 98.3994, loss_bbox: 0.0894, loss: 0.1698
2020-11-20 12:33:36,785 - mmdet - INFO - Epoch [4][200/619]	lr: 1.000e-02, eta: 0:05:06, time: 0.748, data_time: 0.012, memory: 11914, loss_rpn_cls: 0.0040, loss_rpn_bbox: 0.0405, loss_cls: 0.0462, acc: 97.9893, loss_bbox: 0.0934, loss: 0.1841
2020-11-20 12:34:51,757 - mmdet - INFO - Epoch [4][300/619]	lr: 1.000e-02, eta: 0:03:53, time: 0.750, data_time: 0.012, memory: 11914, loss_rpn_cls: 0.0025, loss_rpn_bbox: 0.0365, loss_cls: 0.0315, acc: 98.7119, loss_bbox: 0.0852, loss: 0.1558
2020-11-20 12:36:06,751 - mmdet - INFO - Epoch [4][400/619]	lr: 1.000e-02, eta: 0:02:40, time: 0.750, data_time: 0.012, memory: 11914, loss_rpn_cls: 0.0037, loss_rpn_bbox: 0.0336, loss_cls: 0.0361, acc: 98.5254, loss_bbox: 0.0844, loss: 0.1578
2020-11-20 12:37:21,692 - mmdet - INFO - Epoch [4][500/619]	lr: 1.000e-02, eta: 0:01:27, time: 0.749, data_time: 0.012, memory: 11914, loss_rpn_cls: 0.0027, loss_rpn_bbox: 0.0353, loss_cls: 0.0365, acc: 98.4688, loss_bbox: 0.0857, loss: 0.1602
2020-11-20 12:38:36,465 - mmdet - INFO - Epoch [4][600/619]	lr: 1.000e-02, eta: 0:00:13, time: 0.748, data_time: 0.012, memory: 11914, loss_rpn_cls: 0.0031, loss_rpn_bbox: 0.0366, loss_cls: 0.0326, acc: 98.6768, loss_bbox: 0.0796, loss: 0.1519
2020-11-20 12:38:50,579 - mmdet - INFO - Saving checkpoint at 4 epochs
2020-11-20 12:39:18,082 - mmdet - INFO - Evaluating bbox...
2020-11-20 12:39:19,977 - mmdet - INFO - Epoch [4][619/619]	lr: 1.000e-02, bbox_mAP: 0.8330, bbox_mAP_50: 0.8980, bbox_mAP_75: 0.8880, bbox_mAP_s: 0.6020, bbox_mAP_m: 0.8580, bbox_mAP_l: 0.8910, bbox_mAP_copypaste: 0.833 0.898 0.888 0.602 0.858 0.891
2020-11-20 12:39:52,259 - mmdet - INFO - Epoch(train) [4][80]	loss_rpn_cls: 0.0025, loss_rpn_bbox: 0.0376, loss_cls: 0.0473, acc: 97.8638, loss_bbox: 0.0926, loss: 0.1800
