2020-11-17 20:50:49,620 - mmdet - INFO - Environment info:
------------------------------------------------------------
sys.platform: linux
Python: 3.6.4 |Anaconda, Inc.| (default, Jan 16 2018, 18:10:19) [GCC 7.2.0]
CUDA available: True
CUDA_HOME: /usr/local/cuda
NVCC: Cuda compilation tools, release 10.0, V10.0.130
GPU 0: Tesla P100-PCIE-16GB
GCC: gcc (GCC) 5.3.0
PyTorch: 1.3.1+cu100
PyTorch compiling details: PyTorch built with:
  - GCC 7.3
  - Intel(R) Math Kernel Library Version 2019.0.4 Product Build 20190411 for Intel(R) 64 architecture applications
  - Intel(R) MKL-DNN v0.20.5 (Git Hash 0125f28c61c1f822fd48570b4c1066f96fcb9b2e)
  - OpenMP 201511 (a.k.a. OpenMP 4.5)
  - NNPACK is enabled
  - CUDA Runtime 10.0
  - NVCC architecture flags: -gencode;arch=compute_37,code=sm_37;-gencode;arch=compute_50,code=sm_50;-gencode;arch=compute_60,code=sm_60;-gencode;arch=compute_61,code=sm_61;-gencode;arch=compute_70,code=sm_70;-gencode;arch=compute_75,code=sm_75;-gencode;arch=compute_37,code=compute_37
  - CuDNN 7.6.3
  - Magma 2.5.1
  - Build settings: BLAS=MKL, BUILD_NAMEDTENSOR=OFF, BUILD_TYPE=Release, CXX_FLAGS= -Wno-deprecated -fvisibility-inlines-hidden -fopenmp -DUSE_FBGEMM -DUSE_QNNPACK -DUSE_PYTORCH_QNNPACK -O2 -fPIC -Wno-narrowing -Wall -Wextra -Wno-missing-field-initializers -Wno-type-limits -Wno-array-bounds -Wno-unknown-pragmas -Wno-sign-compare -Wno-unused-parameter -Wno-unused-variable -Wno-unused-function -Wno-unused-result -Wno-strict-overflow -Wno-strict-aliasing -Wno-error=deprecated-declarations -Wno-stringop-overflow -Wno-error=pedantic -Wno-error=redundant-decls -Wno-error=old-style-cast -fdiagnostics-color=always -faligned-new -Wno-unused-but-set-variable -Wno-maybe-uninitialized -fno-math-errno -fno-trapping-math -Wno-stringop-overflow, DISABLE_NUMA=1, PERF_WITH_AVX=1, PERF_WITH_AVX2=1, PERF_WITH_AVX512=1, USE_CUDA=True, USE_EXCEPTION_PTR=1, USE_GFLAGS=OFF, USE_GLOG=OFF, USE_MKL=ON, USE_MKLDNN=ON, USE_MPI=OFF, USE_NCCL=ON, USE_NNPACK=ON, USE_OPENMP=ON, USE_STATIC_DISPATCH=OFF, 

TorchVision: 0.4.2+cu100
OpenCV: 4.4.0
MMCV: 1.0.5
MMDetection: 2.3.0+788fa8d
MMDetection Compiler: GCC 7.3
MMDetection CUDA Compiler: 10.0
------------------------------------------------------------

2020-11-17 20:50:49,620 - mmdet - INFO - Distributed training: False
2020-11-17 20:50:50,045 - mmdet - INFO - Config:
model = dict(
    type='FasterRCNN',
    pretrained='torchvision://resnet50',
    backbone=dict(
        type='ResNet',
        depth=50,
        num_stages=4,
        out_indices=(0, 1, 2, 3),
        frozen_stages=1,
        norm_cfg=dict(type='BN', requires_grad=True),
        norm_eval=True,
        style='pytorch'),
    neck=dict(
        type='FPN',
        in_channels=[256, 512, 1024, 2048],
        out_channels=256,
        num_outs=5),
    rpn_head=dict(
        type='RPNHead',
        in_channels=256,
        feat_channels=256,
        anchor_generator=dict(
            type='AnchorGenerator',
            scales=[8],
            ratios=[0.5, 1.0, 2.0],
            strides=[4, 8, 16, 32, 64]),
        bbox_coder=dict(
            type='DeltaXYWHBBoxCoder',
            target_means=[0.0, 0.0, 0.0, 0.0],
            target_stds=[1.0, 1.0, 1.0, 1.0]),
        loss_cls=dict(
            type='CrossEntropyLoss', use_sigmoid=True, loss_weight=1.0),
        loss_bbox=dict(type='L1Loss', loss_weight=1.0)),
    roi_head=dict(
        type='StandardRoIHead',
        bbox_roi_extractor=dict(
            type='SingleRoIExtractor',
            roi_layer=dict(type='RoIAlign', output_size=7, sampling_ratio=0),
            out_channels=256,
            featmap_strides=[4, 8, 16, 32]),
        bbox_head=dict(
            type='Shared2FCBBoxHead',
            in_channels=256,
            fc_out_channels=1024,
            roi_feat_size=7,
            num_classes=2,
            bbox_coder=dict(
                type='DeltaXYWHBBoxCoder',
                target_means=[0.0, 0.0, 0.0, 0.0],
                target_stds=[0.1, 0.1, 0.2, 0.2]),
            reg_class_agnostic=False,
            loss_cls=dict(
                type='CrossEntropyLoss', use_sigmoid=False, loss_weight=1.0),
            loss_bbox=dict(type='L1Loss', loss_weight=1.0))))
train_cfg = dict(
    rpn=dict(
        assigner=dict(
            type='MaxIoUAssigner',
            pos_iou_thr=0.7,
            neg_iou_thr=0.3,
            min_pos_iou=0.3,
            match_low_quality=True,
            ignore_iof_thr=-1),
        sampler=dict(
            type='RandomSampler',
            num=256,
            pos_fraction=0.5,
            neg_pos_ub=-1,
            add_gt_as_proposals=False),
        allowed_border=-1,
        pos_weight=-1,
        debug=False),
    rpn_proposal=dict(
        nms_across_levels=False,
        nms_pre=2000,
        nms_post=1000,
        max_num=1000,
        nms_thr=0.7,
        min_bbox_size=0),
    rcnn=dict(
        assigner=dict(
            type='MaxIoUAssigner',
            pos_iou_thr=0.5,
            neg_iou_thr=0.5,
            min_pos_iou=0.5,
            match_low_quality=False,
            ignore_iof_thr=-1),
        sampler=dict(
            type='RandomSampler',
            num=512,
            pos_fraction=0.25,
            neg_pos_ub=-1,
            add_gt_as_proposals=True),
        pos_weight=-1,
        debug=False))
test_cfg = dict(
    rpn=dict(
        nms_across_levels=False,
        nms_pre=1000,
        nms_post=1000,
        max_num=1000,
        nms_thr=0.7,
        min_bbox_size=0),
    rcnn=dict(
        score_thr=0.05,
        nms=dict(type='nms', iou_threshold=0.5),
        max_per_img=100))
dataset_type = 'CocoDataset'
data_root = 'data/coco/'
img_norm_cfg = dict(
    mean=[123.675, 116.28, 103.53], std=[58.395, 57.12, 57.375], to_rgb=True)
train_pipeline = [
    dict(type='LoadImageFromFile'),
    dict(type='LoadAnnotations', with_bbox=True),
    dict(type='Resize', img_scale=(1550, 1550), keep_ratio=True),
    dict(type='RandomFlip', flip_ratio=0.5),
    dict(
        type='Normalize',
        mean=[123.675, 116.28, 103.53],
        std=[58.395, 57.12, 57.375],
        to_rgb=True),
    dict(type='Pad', size_divisor=32),
    dict(type='DefaultFormatBundle'),
    dict(type='Collect', keys=['img', 'gt_bboxes', 'gt_labels'])
]
test_pipeline = [
    dict(type='LoadImageFromFile'),
    dict(
        type='MultiScaleFlipAug',
        img_scale=(1550, 1550),
        flip=False,
        transforms=[
            dict(type='Resize', keep_ratio=True),
            dict(type='RandomFlip'),
            dict(
                type='Normalize',
                mean=[123.675, 116.28, 103.53],
                std=[58.395, 57.12, 57.375],
                to_rgb=True),
            dict(type='Pad', size_divisor=32),
            dict(type='ImageToTensor', keys=['img']),
            dict(type='Collect', keys=['img'])
        ])
]
data = dict(
    samples_per_gpu=2,
    workers_per_gpu=2,
    train=dict(
        type='CocoDataset',
        ann_file='data/coco/annotations/annotations_trai.json',
        img_prefix='data/coco/img/',
        pipeline=[
            dict(type='LoadImageFromFile'),
            dict(type='LoadAnnotations', with_bbox=True),
            dict(type='Resize', img_scale=(1550, 1550), keep_ratio=True),
            dict(type='RandomFlip', flip_ratio=0.5),
            dict(
                type='Normalize',
                mean=[123.675, 116.28, 103.53],
                std=[58.395, 57.12, 57.375],
                to_rgb=True),
            dict(type='Pad', size_divisor=32),
            dict(type='DefaultFormatBundle'),
            dict(type='Collect', keys=['img', 'gt_bboxes', 'gt_labels'])
        ]),
    val=dict(
        type='CocoDataset',
        ann_file='data/coco/annotations/annotations_test.json',
        img_prefix='data/coco/img/',
        pipeline=[
            dict(type='LoadImageFromFile'),
            dict(
                type='MultiScaleFlipAug',
                img_scale=(1550, 1550),
                flip=False,
                transforms=[
                    dict(type='Resize', keep_ratio=True),
                    dict(type='RandomFlip'),
                    dict(
                        type='Normalize',
                        mean=[123.675, 116.28, 103.53],
                        std=[58.395, 57.12, 57.375],
                        to_rgb=True),
                    dict(type='Pad', size_divisor=32),
                    dict(type='ImageToTensor', keys=['img']),
                    dict(type='Collect', keys=['img'])
                ])
        ]),
    test=dict(
        type='CocoDataset',
        ann_file='data/coco/annotations/annotations_vals.json',
        img_prefix='data/coco/img/',
        pipeline=[
            dict(type='LoadImageFromFile'),
            dict(
                type='MultiScaleFlipAug',
                img_scale=(1550, 1550),
                flip=False,
                transforms=[
                    dict(type='Resize', keep_ratio=True),
                    dict(type='RandomFlip'),
                    dict(
                        type='Normalize',
                        mean=[123.675, 116.28, 103.53],
                        std=[58.395, 57.12, 57.375],
                        to_rgb=True),
                    dict(type='Pad', size_divisor=32),
                    dict(type='ImageToTensor', keys=['img']),
                    dict(type='Collect', keys=['img'])
                ])
        ]))
evaluation = dict(interval=1, metric='bbox')
optimizer = dict(type='SGD', lr=0.01, momentum=0.9, weight_decay=0.0001)
optimizer_config = dict(grad_clip=None)
lr_config = dict(
    policy='step',
    warmup='linear',
    warmup_iters=500,
    warmup_ratio=0.001,
    step=[8, 11])
total_epochs = 4
checkpoint_config = dict(interval=4)
log_config = dict(interval=100, hooks=[dict(type='TextLoggerHook')])
dist_params = dict(backend='nccl')
log_level = 'INFO'
load_from = '/home/admin/.cache/torch/checkpoints/X.pth'
resume_from = None
workflow = [('train', 2), ('val', 1)]
work_dir = '/home/admin/jupyter/SecurityAI_Round5/data/work'
gpu_ids = range(0, 1)

2020-11-17 20:50:50,548 - mmdet - INFO - load model from: torchvision://resnet50
2020-11-17 20:50:58,814 - mmdet - WARNING - The model and loaded state dict do not match exactly

unexpected key in source state_dict: fc.weight, fc.bias

2020-11-17 20:51:09,349 - mmdet - INFO - load checkpoint from /home/admin/.cache/torch/checkpoints/X.pth
2020-11-17 20:51:16,188 - mmdet - INFO - Start running, host: admin@fuxilabor_labor0_S4_Odps_S96_dsw_prepaid_cnsh_838_2020111707413, work_dir: /home/admin/jupyter/SecurityAI_Round5/data/work
2020-11-17 20:51:16,188 - mmdet - INFO - workflow: [('train', 2), ('val', 1)], max: 4 epochs
2020-11-17 20:52:33,483 - mmdet - INFO - Epoch [1][100/622]	lr: 1.988e-03, eta: 0:30:41, time: 0.771, data_time: 0.034, memory: 8023, loss_rpn_cls: 0.0380, loss_rpn_bbox: 0.0821, loss_cls: 0.1459, acc: 94.4160, loss_bbox: 0.2259, loss: 0.4919
2020-11-17 20:53:48,300 - mmdet - INFO - Epoch [1][200/622]	lr: 3.986e-03, eta: 0:28:57, time: 0.748, data_time: 0.012, memory: 11885, loss_rpn_cls: 0.0301, loss_rpn_bbox: 0.0789, loss_cls: 0.1385, acc: 94.5586, loss_bbox: 0.2172, loss: 0.4647
2020-11-17 20:55:03,102 - mmdet - INFO - Epoch [1][300/622]	lr: 5.984e-03, eta: 0:27:33, time: 0.748, data_time: 0.013, memory: 11885, loss_rpn_cls: 0.0275, loss_rpn_bbox: 0.0783, loss_cls: 0.1382, acc: 94.5635, loss_bbox: 0.2271, loss: 0.4711
2020-11-17 20:56:17,989 - mmdet - INFO - Epoch [1][400/622]	lr: 7.982e-03, eta: 0:26:14, time: 0.749, data_time: 0.012, memory: 11885, loss_rpn_cls: 0.0238, loss_rpn_bbox: 0.0812, loss_cls: 0.1455, acc: 94.3848, loss_bbox: 0.2252, loss: 0.4756
2020-11-17 20:57:32,068 - mmdet - INFO - Epoch [1][500/622]	lr: 9.980e-03, eta: 0:24:53, time: 0.741, data_time: 0.012, memory: 11885, loss_rpn_cls: 0.0263, loss_rpn_bbox: 0.0770, loss_cls: 0.1303, acc: 95.0596, loss_bbox: 0.2029, loss: 0.4365
2020-11-17 20:58:46,278 - mmdet - INFO - Epoch [1][600/622]	lr: 1.000e-02, eta: 0:23:35, time: 0.742, data_time: 0.012, memory: 11885, loss_rpn_cls: 0.0424, loss_rpn_bbox: 0.0884, loss_cls: 0.1463, acc: 94.5479, loss_bbox: 0.2158, loss: 0.4929
2020-11-17 20:59:26,809 - mmdet - INFO - Evaluating bbox...
2020-11-17 20:59:31,967 - mmdet - INFO - Epoch [1][622/622]	lr: 1.000e-02, bbox_mAP: 0.5440, bbox_mAP_50: 0.6520, bbox_mAP_75: 0.5630, bbox_mAP_s: 0.0950, bbox_mAP_m: 0.3940, bbox_mAP_l: 0.6490, bbox_mAP_copypaste: 0.544 0.652 0.563 0.095 0.394 0.649
2020-11-17 21:00:48,981 - mmdet - INFO - Epoch [2][100/622]	lr: 1.000e-02, eta: 0:21:28, time: 0.768, data_time: 0.034, memory: 11885, loss_rpn_cls: 0.0358, loss_rpn_bbox: 0.0897, loss_cls: 0.1505, acc: 94.2979, loss_bbox: 0.2318, loss: 0.5079
2020-11-17 21:02:03,730 - mmdet - INFO - Epoch [2][200/622]	lr: 1.000e-02, eta: 0:20:18, time: 0.747, data_time: 0.013, memory: 11912, loss_rpn_cls: 0.0298, loss_rpn_bbox: 0.0859, loss_cls: 0.1477, acc: 94.2051, loss_bbox: 0.2300, loss: 0.4933
2020-11-17 21:03:18,615 - mmdet - INFO - Epoch [2][300/622]	lr: 1.000e-02, eta: 0:19:08, time: 0.749, data_time: 0.012, memory: 11912, loss_rpn_cls: 0.0278, loss_rpn_bbox: 0.0908, loss_cls: 0.1562, acc: 94.0195, loss_bbox: 0.2378, loss: 0.5126
2020-11-17 21:04:33,254 - mmdet - INFO - Epoch [2][400/622]	lr: 1.000e-02, eta: 0:17:57, time: 0.746, data_time: 0.013, memory: 11912, loss_rpn_cls: 0.0312, loss_rpn_bbox: 0.0870, loss_cls: 0.1419, acc: 94.5244, loss_bbox: 0.2202, loss: 0.4804
2020-11-17 21:05:48,051 - mmdet - INFO - Epoch [2][500/622]	lr: 1.000e-02, eta: 0:16:45, time: 0.748, data_time: 0.013, memory: 11912, loss_rpn_cls: 0.0275, loss_rpn_bbox: 0.0778, loss_cls: 0.1327, acc: 94.8379, loss_bbox: 0.2075, loss: 0.4454
2020-11-17 21:07:02,635 - mmdet - INFO - Epoch [2][600/622]	lr: 1.000e-02, eta: 0:15:32, time: 0.746, data_time: 0.013, memory: 11912, loss_rpn_cls: 0.0434, loss_rpn_bbox: 0.0931, loss_cls: 0.1642, acc: 93.6680, loss_bbox: 0.2348, loss: 0.5355
2020-11-17 21:07:43,628 - mmdet - INFO - Evaluating bbox...
2020-11-17 21:07:50,148 - mmdet - INFO - Epoch [2][622/622]	lr: 1.000e-02, bbox_mAP: 0.5440, bbox_mAP_50: 0.6520, bbox_mAP_75: 0.5630, bbox_mAP_s: 0.0920, bbox_mAP_m: 0.3690, bbox_mAP_l: 0.6520, bbox_mAP_copypaste: 0.544 0.652 0.563 0.092 0.369 0.652
2020-11-17 21:08:20,350 - mmdet - INFO - Epoch(train) [2][75]	loss_rpn_cls: 0.0565, loss_rpn_bbox: 0.0963, loss_cls: 0.1537, acc: 94.2148, loss_bbox: 0.1867, loss: 0.4932
2020-11-17 21:09:37,438 - mmdet - INFO - Epoch [3][100/622]	lr: 1.000e-02, eta: 0:13:51, time: 0.769, data_time: 0.034, memory: 11912, loss_rpn_cls: 0.0361, loss_rpn_bbox: 0.0867, loss_cls: 0.1445, acc: 94.4727, loss_bbox: 0.2126, loss: 0.4800
2020-11-17 21:10:52,238 - mmdet - INFO - Epoch [3][200/622]	lr: 1.000e-02, eta: 0:12:40, time: 0.748, data_time: 0.013, memory: 11912, loss_rpn_cls: 0.0284, loss_rpn_bbox: 0.0845, loss_cls: 0.1441, acc: 94.3994, loss_bbox: 0.2206, loss: 0.4776
2020-11-17 21:12:06,983 - mmdet - INFO - Epoch [3][300/622]	lr: 1.000e-02, eta: 0:11:28, time: 0.747, data_time: 0.013, memory: 11912, loss_rpn_cls: 0.0280, loss_rpn_bbox: 0.0882, loss_cls: 0.1573, acc: 93.9307, loss_bbox: 0.2397, loss: 0.5132
2020-11-17 21:13:21,619 - mmdet - INFO - Epoch [3][400/622]	lr: 1.000e-02, eta: 0:10:16, time: 0.746, data_time: 0.013, memory: 11912, loss_rpn_cls: 0.0306, loss_rpn_bbox: 0.0879, loss_cls: 0.1492, acc: 94.2949, loss_bbox: 0.2250, loss: 0.4927
2020-11-17 21:14:36,342 - mmdet - INFO - Epoch [3][500/622]	lr: 1.000e-02, eta: 0:09:04, time: 0.747, data_time: 0.013, memory: 11912, loss_rpn_cls: 0.0235, loss_rpn_bbox: 0.0841, loss_cls: 0.1434, acc: 94.4180, loss_bbox: 0.2233, loss: 0.4743
2020-11-17 21:15:51,340 - mmdet - INFO - Epoch [3][600/622]	lr: 1.000e-02, eta: 0:07:51, time: 0.750, data_time: 0.013, memory: 11912, loss_rpn_cls: 0.0360, loss_rpn_bbox: 0.0863, loss_cls: 0.1401, acc: 94.6455, loss_bbox: 0.2176, loss: 0.4800
2020-11-17 21:16:32,396 - mmdet - INFO - Evaluating bbox...
2020-11-17 21:16:38,991 - mmdet - INFO - Epoch [3][622/622]	lr: 1.000e-02, bbox_mAP: 0.5540, bbox_mAP_50: 0.6590, bbox_mAP_75: 0.5670, bbox_mAP_s: 0.0970, bbox_mAP_m: 0.4020, bbox_mAP_l: 0.6640, bbox_mAP_copypaste: 0.554 0.659 0.567 0.097 0.402 0.664
2020-11-17 21:17:56,228 - mmdet - INFO - Epoch [4][100/622]	lr: 1.000e-02, eta: 0:06:19, time: 0.770, data_time: 0.034, memory: 11912, loss_rpn_cls: 0.0733, loss_rpn_bbox: 0.0946, loss_cls: 0.1598, acc: 94.1660, loss_bbox: 0.2295, loss: 0.5572
2020-11-17 21:19:10,899 - mmdet - INFO - Epoch [4][200/622]	lr: 1.000e-02, eta: 0:05:06, time: 0.747, data_time: 0.012, memory: 11912, loss_rpn_cls: 0.0720, loss_rpn_bbox: 0.1012, loss_cls: 0.1683, acc: 93.7441, loss_bbox: 0.2192, loss: 0.5608
2020-11-17 21:20:25,683 - mmdet - INFO - Epoch [4][300/622]	lr: 1.000e-02, eta: 0:03:54, time: 0.748, data_time: 0.013, memory: 11912, loss_rpn_cls: 0.0313, loss_rpn_bbox: 0.0882, loss_cls: 0.1518, acc: 94.0918, loss_bbox: 0.2229, loss: 0.4942
2020-11-17 21:21:40,542 - mmdet - INFO - Epoch [4][400/622]	lr: 1.000e-02, eta: 0:02:41, time: 0.749, data_time: 0.013, memory: 11912, loss_rpn_cls: 0.0403, loss_rpn_bbox: 0.0853, loss_cls: 0.1552, acc: 94.1182, loss_bbox: 0.2187, loss: 0.4994
2020-11-17 21:22:55,183 - mmdet - INFO - Epoch [4][500/622]	lr: 1.000e-02, eta: 0:01:29, time: 0.746, data_time: 0.013, memory: 11912, loss_rpn_cls: 0.0406, loss_rpn_bbox: 0.0910, loss_cls: 0.1476, acc: 94.5693, loss_bbox: 0.2025, loss: 0.4818
2020-11-17 21:24:09,856 - mmdet - INFO - Epoch [4][600/622]	lr: 1.000e-02, eta: 0:00:16, time: 0.747, data_time: 0.013, memory: 11912, loss_rpn_cls: 0.0295, loss_rpn_bbox: 0.0892, loss_cls: 0.1477, acc: 94.2881, loss_bbox: 0.2192, loss: 0.4855
2020-11-17 21:24:26,248 - mmdet - INFO - Saving checkpoint at 4 epochs
2020-11-17 21:24:52,763 - mmdet - INFO - Evaluating bbox...
2020-11-17 21:24:58,575 - mmdet - INFO - Epoch [4][622/622]	lr: 1.000e-02, bbox_mAP: 0.5500, bbox_mAP_50: 0.6580, bbox_mAP_75: 0.5700, bbox_mAP_s: 0.0850, bbox_mAP_m: 0.3570, bbox_mAP_l: 0.6620, bbox_mAP_copypaste: 0.550 0.658 0.570 0.085 0.357 0.662
2020-11-17 21:25:29,586 - mmdet - INFO - Epoch(train) [4][75]	loss_rpn_cls: 0.0751, loss_rpn_bbox: 0.0959, loss_cls: 0.1561, acc: 93.9635, loss_bbox: 0.2111, loss: 0.5383
