2020-11-17 18:03:50,151 - mmdet - INFO - Environment info:
------------------------------------------------------------
sys.platform: linux
Python: 3.6.4 |Anaconda, Inc.| (default, Jan 16 2018, 18:10:19) [GCC 7.2.0]
CUDA available: True
CUDA_HOME: /usr/local/cuda
NVCC: Cuda compilation tools, release 10.0, V10.0.130
GPU 0: Tesla P100-PCIE-16GB
GCC: gcc (GCC) 5.3.0
PyTorch: 1.3.1+cu100
PyTorch compiling details: PyTorch built with:
  - GCC 7.3
  - Intel(R) Math Kernel Library Version 2019.0.4 Product Build 20190411 for Intel(R) 64 architecture applications
  - Intel(R) MKL-DNN v0.20.5 (Git Hash 0125f28c61c1f822fd48570b4c1066f96fcb9b2e)
  - OpenMP 201511 (a.k.a. OpenMP 4.5)
  - NNPACK is enabled
  - CUDA Runtime 10.0
  - NVCC architecture flags: -gencode;arch=compute_37,code=sm_37;-gencode;arch=compute_50,code=sm_50;-gencode;arch=compute_60,code=sm_60;-gencode;arch=compute_61,code=sm_61;-gencode;arch=compute_70,code=sm_70;-gencode;arch=compute_75,code=sm_75;-gencode;arch=compute_37,code=compute_37
  - CuDNN 7.6.3
  - Magma 2.5.1
  - Build settings: BLAS=MKL, BUILD_NAMEDTENSOR=OFF, BUILD_TYPE=Release, CXX_FLAGS= -Wno-deprecated -fvisibility-inlines-hidden -fopenmp -DUSE_FBGEMM -DUSE_QNNPACK -DUSE_PYTORCH_QNNPACK -O2 -fPIC -Wno-narrowing -Wall -Wextra -Wno-missing-field-initializers -Wno-type-limits -Wno-array-bounds -Wno-unknown-pragmas -Wno-sign-compare -Wno-unused-parameter -Wno-unused-variable -Wno-unused-function -Wno-unused-result -Wno-strict-overflow -Wno-strict-aliasing -Wno-error=deprecated-declarations -Wno-stringop-overflow -Wno-error=pedantic -Wno-error=redundant-decls -Wno-error=old-style-cast -fdiagnostics-color=always -faligned-new -Wno-unused-but-set-variable -Wno-maybe-uninitialized -fno-math-errno -fno-trapping-math -Wno-stringop-overflow, DISABLE_NUMA=1, PERF_WITH_AVX=1, PERF_WITH_AVX2=1, PERF_WITH_AVX512=1, USE_CUDA=True, USE_EXCEPTION_PTR=1, USE_GFLAGS=OFF, USE_GLOG=OFF, USE_MKL=ON, USE_MKLDNN=ON, USE_MPI=OFF, USE_NCCL=ON, USE_NNPACK=ON, USE_OPENMP=ON, USE_STATIC_DISPATCH=OFF, 

TorchVision: 0.4.2+cu100
OpenCV: 4.4.0
MMCV: 1.0.5
MMDetection: 2.3.0+788fa8d
MMDetection Compiler: GCC 7.3
MMDetection CUDA Compiler: 10.0
------------------------------------------------------------

2020-11-17 18:03:50,151 - mmdet - INFO - Distributed training: False
2020-11-17 18:03:50,545 - mmdet - INFO - Config:
model = dict(
    type='FasterRCNN',
    pretrained='torchvision://resnet50',
    backbone=dict(
        type='ResNet',
        depth=50,
        num_stages=4,
        out_indices=(0, 1, 2, 3),
        frozen_stages=1,
        norm_cfg=dict(type='BN', requires_grad=True),
        norm_eval=True,
        style='pytorch'),
    neck=dict(
        type='FPN',
        in_channels=[256, 512, 1024, 2048],
        out_channels=256,
        num_outs=5),
    rpn_head=dict(
        type='RPNHead',
        in_channels=256,
        feat_channels=256,
        anchor_generator=dict(
            type='AnchorGenerator',
            scales=[8],
            ratios=[0.5, 1.0, 2.0],
            strides=[4, 8, 16, 32, 64]),
        bbox_coder=dict(
            type='DeltaXYWHBBoxCoder',
            target_means=[0.0, 0.0, 0.0, 0.0],
            target_stds=[1.0, 1.0, 1.0, 1.0]),
        loss_cls=dict(
            type='CrossEntropyLoss', use_sigmoid=True, loss_weight=1.0),
        loss_bbox=dict(type='L1Loss', loss_weight=1.0)),
    roi_head=dict(
        type='StandardRoIHead',
        bbox_roi_extractor=dict(
            type='SingleRoIExtractor',
            roi_layer=dict(type='RoIAlign', output_size=7, sampling_ratio=0),
            out_channels=256,
            featmap_strides=[4, 8, 16, 32]),
        bbox_head=dict(
            type='Shared2FCBBoxHead',
            in_channels=256,
            fc_out_channels=1024,
            roi_feat_size=7,
            num_classes=2,
            bbox_coder=dict(
                type='DeltaXYWHBBoxCoder',
                target_means=[0.0, 0.0, 0.0, 0.0],
                target_stds=[0.1, 0.1, 0.2, 0.2]),
            reg_class_agnostic=False,
            loss_cls=dict(
                type='CrossEntropyLoss', use_sigmoid=False, loss_weight=1.0),
            loss_bbox=dict(type='L1Loss', loss_weight=1.0))))
train_cfg = dict(
    rpn=dict(
        assigner=dict(
            type='MaxIoUAssigner',
            pos_iou_thr=0.7,
            neg_iou_thr=0.3,
            min_pos_iou=0.3,
            match_low_quality=True,
            ignore_iof_thr=-1),
        sampler=dict(
            type='RandomSampler',
            num=256,
            pos_fraction=0.5,
            neg_pos_ub=-1,
            add_gt_as_proposals=False),
        allowed_border=-1,
        pos_weight=-1,
        debug=False),
    rpn_proposal=dict(
        nms_across_levels=False,
        nms_pre=2000,
        nms_post=1000,
        max_num=1000,
        nms_thr=0.7,
        min_bbox_size=0),
    rcnn=dict(
        assigner=dict(
            type='MaxIoUAssigner',
            pos_iou_thr=0.5,
            neg_iou_thr=0.5,
            min_pos_iou=0.5,
            match_low_quality=False,
            ignore_iof_thr=-1),
        sampler=dict(
            type='RandomSampler',
            num=512,
            pos_fraction=0.25,
            neg_pos_ub=-1,
            add_gt_as_proposals=True),
        pos_weight=-1,
        debug=False))
test_cfg = dict(
    rpn=dict(
        nms_across_levels=False,
        nms_pre=1000,
        nms_post=1000,
        max_num=1000,
        nms_thr=0.7,
        min_bbox_size=0),
    rcnn=dict(
        score_thr=0.05,
        nms=dict(type='nms', iou_threshold=0.5),
        max_per_img=100))
dataset_type = 'CocoDataset'
data_root = 'data/coco/'
img_norm_cfg = dict(
    mean=[123.675, 116.28, 103.53], std=[58.395, 57.12, 57.375], to_rgb=True)
train_pipeline = [
    dict(type='LoadImageFromFile'),
    dict(type='LoadAnnotations', with_bbox=True),
    dict(type='Resize', img_scale=(1550, 1550), keep_ratio=True),
    dict(type='RandomFlip', flip_ratio=0.5),
    dict(
        type='Normalize',
        mean=[123.675, 116.28, 103.53],
        std=[58.395, 57.12, 57.375],
        to_rgb=True),
    dict(type='Pad', size_divisor=32),
    dict(type='DefaultFormatBundle'),
    dict(type='Collect', keys=['img', 'gt_bboxes', 'gt_labels'])
]
test_pipeline = [
    dict(type='LoadImageFromFile'),
    dict(
        type='MultiScaleFlipAug',
        img_scale=(1550, 1550),
        flip=False,
        transforms=[
            dict(type='Resize', keep_ratio=True),
            dict(type='RandomFlip'),
            dict(
                type='Normalize',
                mean=[123.675, 116.28, 103.53],
                std=[58.395, 57.12, 57.375],
                to_rgb=True),
            dict(type='Pad', size_divisor=32),
            dict(type='ImageToTensor', keys=['img']),
            dict(type='Collect', keys=['img'])
        ])
]
data = dict(
    samples_per_gpu=2,
    workers_per_gpu=2,
    train=dict(
        type='CocoDataset',
        ann_file='data/coco/annotations/annotations_trai.json',
        img_prefix='data/coco/img/',
        pipeline=[
            dict(type='LoadImageFromFile'),
            dict(type='LoadAnnotations', with_bbox=True),
            dict(type='Resize', img_scale=(1550, 1550), keep_ratio=True),
            dict(type='RandomFlip', flip_ratio=0.5),
            dict(
                type='Normalize',
                mean=[123.675, 116.28, 103.53],
                std=[58.395, 57.12, 57.375],
                to_rgb=True),
            dict(type='Pad', size_divisor=32),
            dict(type='DefaultFormatBundle'),
            dict(type='Collect', keys=['img', 'gt_bboxes', 'gt_labels'])
        ]),
    val=dict(
        type='CocoDataset',
        ann_file='data/coco/annotations/annotations_test.json',
        img_prefix='data/coco/img/',
        pipeline=[
            dict(type='LoadImageFromFile'),
            dict(
                type='MultiScaleFlipAug',
                img_scale=(1550, 1550),
                flip=False,
                transforms=[
                    dict(type='Resize', keep_ratio=True),
                    dict(type='RandomFlip'),
                    dict(
                        type='Normalize',
                        mean=[123.675, 116.28, 103.53],
                        std=[58.395, 57.12, 57.375],
                        to_rgb=True),
                    dict(type='Pad', size_divisor=32),
                    dict(type='ImageToTensor', keys=['img']),
                    dict(type='Collect', keys=['img'])
                ])
        ]),
    test=dict(
        type='CocoDataset',
        ann_file='data/coco/annotations/annotations_vals.json',
        img_prefix='data/coco/img/',
        pipeline=[
            dict(type='LoadImageFromFile'),
            dict(
                type='MultiScaleFlipAug',
                img_scale=(1550, 1550),
                flip=False,
                transforms=[
                    dict(type='Resize', keep_ratio=True),
                    dict(type='RandomFlip'),
                    dict(
                        type='Normalize',
                        mean=[123.675, 116.28, 103.53],
                        std=[58.395, 57.12, 57.375],
                        to_rgb=True),
                    dict(type='Pad', size_divisor=32),
                    dict(type='ImageToTensor', keys=['img']),
                    dict(type='Collect', keys=['img'])
                ])
        ]))
evaluation = dict(interval=1, metric='bbox')
optimizer = dict(type='SGD', lr=0.01, momentum=0.9, weight_decay=0.0001)
optimizer_config = dict(grad_clip=None)
lr_config = dict(
    policy='step',
    warmup='linear',
    warmup_iters=500,
    warmup_ratio=0.001,
    step=[8, 11])
total_epochs = 4
checkpoint_config = dict(interval=4)
log_config = dict(interval=100, hooks=[dict(type='TextLoggerHook')])
dist_params = dict(backend='nccl')
log_level = 'INFO'
load_from = '/home/admin/.cache/torch/checkpoints/X.pth'
resume_from = None
workflow = [('train', 2), ('val', 1)]
work_dir = '/home/admin/jupyter/SecurityAI_Round5/data/work'
gpu_ids = range(0, 1)

2020-11-17 18:03:51,077 - mmdet - INFO - load model from: torchvision://resnet50
2020-11-17 18:03:59,597 - mmdet - WARNING - The model and loaded state dict do not match exactly

unexpected key in source state_dict: fc.weight, fc.bias

2020-11-17 18:04:10,102 - mmdet - INFO - load checkpoint from /home/admin/.cache/torch/checkpoints/X.pth
2020-11-17 18:04:17,382 - mmdet - INFO - Start running, host: admin@fuxilabor_labor0_S4_Odps_S96_dsw_prepaid_cnsh_838_2020111707413, work_dir: /home/admin/jupyter/SecurityAI_Round5/data/work
2020-11-17 18:04:17,382 - mmdet - INFO - workflow: [('train', 2), ('val', 1)], max: 4 epochs
2020-11-17 18:05:34,653 - mmdet - INFO - Epoch [1][100/614]	lr: 1.988e-03, eta: 0:30:15, time: 0.771, data_time: 0.034, memory: 8114, loss_rpn_cls: 0.0695, loss_rpn_bbox: 0.1066, loss_cls: 0.1691, acc: 94.0684, loss_bbox: 0.2035, loss: 0.5488
2020-11-17 18:06:49,508 - mmdet - INFO - Epoch [1][200/614]	lr: 3.986e-03, eta: 0:28:33, time: 0.749, data_time: 0.012, memory: 9805, loss_rpn_cls: 0.0550, loss_rpn_bbox: 0.0964, loss_cls: 0.1743, acc: 93.4824, loss_bbox: 0.2203, loss: 0.5459
2020-11-17 18:08:04,174 - mmdet - INFO - Epoch [1][300/614]	lr: 5.984e-03, eta: 0:27:08, time: 0.747, data_time: 0.012, memory: 11914, loss_rpn_cls: 0.0573, loss_rpn_bbox: 0.0936, loss_cls: 0.1755, acc: 93.3135, loss_bbox: 0.2256, loss: 0.5521
2020-11-17 18:09:18,663 - mmdet - INFO - Epoch [1][400/614]	lr: 7.982e-03, eta: 0:25:47, time: 0.745, data_time: 0.012, memory: 11914, loss_rpn_cls: 0.0564, loss_rpn_bbox: 0.0982, loss_cls: 0.1741, acc: 93.6006, loss_bbox: 0.2221, loss: 0.5507
2020-11-17 18:10:33,100 - mmdet - INFO - Epoch [1][500/614]	lr: 9.980e-03, eta: 0:24:29, time: 0.744, data_time: 0.012, memory: 11914, loss_rpn_cls: 0.0680, loss_rpn_bbox: 0.0999, loss_cls: 0.1772, acc: 93.4727, loss_bbox: 0.2187, loss: 0.5638
2020-11-17 18:11:47,790 - mmdet - INFO - Epoch [1][600/614]	lr: 1.000e-02, eta: 0:23:12, time: 0.747, data_time: 0.012, memory: 11914, loss_rpn_cls: 0.0680, loss_rpn_bbox: 0.1075, loss_cls: 0.1893, acc: 93.0244, loss_bbox: 0.2313, loss: 0.5961
2020-11-17 18:12:24,135 - mmdet - INFO - Evaluating bbox...
2020-11-17 18:12:31,547 - mmdet - INFO - Epoch [1][614/614]	lr: 1.000e-02, bbox_mAP: 0.5160, bbox_mAP_50: 0.6160, bbox_mAP_75: 0.5200, bbox_mAP_s: 0.0420, bbox_mAP_m: 0.2580, bbox_mAP_l: 0.5830, bbox_mAP_copypaste: 0.516 0.616 0.520 0.042 0.258 0.583
2020-11-17 18:13:48,896 - mmdet - INFO - Epoch [2][100/614]	lr: 1.000e-02, eta: 0:21:26, time: 0.772, data_time: 0.034, memory: 11914, loss_rpn_cls: 0.0831, loss_rpn_bbox: 0.1169, loss_cls: 0.1844, acc: 93.2373, loss_bbox: 0.2229, loss: 0.6073
2020-11-17 18:15:03,550 - mmdet - INFO - Epoch [2][200/614]	lr: 1.000e-02, eta: 0:20:14, time: 0.747, data_time: 0.012, memory: 11914, loss_rpn_cls: 0.0543, loss_rpn_bbox: 0.1128, loss_cls: 0.1776, acc: 93.3027, loss_bbox: 0.2309, loss: 0.5757
2020-11-17 18:16:18,135 - mmdet - INFO - Epoch [2][300/614]	lr: 1.000e-02, eta: 0:19:01, time: 0.746, data_time: 0.012, memory: 11914, loss_rpn_cls: 0.0760, loss_rpn_bbox: 0.1082, loss_cls: 0.1866, acc: 93.2842, loss_bbox: 0.2159, loss: 0.5867
2020-11-17 18:17:32,761 - mmdet - INFO - Epoch [2][400/614]	lr: 1.000e-02, eta: 0:17:48, time: 0.746, data_time: 0.012, memory: 11914, loss_rpn_cls: 0.0806, loss_rpn_bbox: 0.1128, loss_cls: 0.1921, acc: 93.0859, loss_bbox: 0.2219, loss: 0.6073
2020-11-17 18:18:47,219 - mmdet - INFO - Epoch [2][500/614]	lr: 1.000e-02, eta: 0:16:34, time: 0.745, data_time: 0.012, memory: 11914, loss_rpn_cls: 0.0675, loss_rpn_bbox: 0.0985, loss_cls: 0.1648, acc: 94.1367, loss_bbox: 0.2011, loss: 0.5318
2020-11-17 18:20:01,644 - mmdet - INFO - Epoch [2][600/614]	lr: 1.000e-02, eta: 0:15:20, time: 0.744, data_time: 0.012, memory: 11914, loss_rpn_cls: 0.0639, loss_rpn_bbox: 0.1075, loss_cls: 0.1840, acc: 93.2275, loss_bbox: 0.2285, loss: 0.5840
2020-11-17 18:20:38,127 - mmdet - INFO - Evaluating bbox...
2020-11-17 18:20:44,848 - mmdet - INFO - Epoch [2][614/614]	lr: 1.000e-02, bbox_mAP: 0.5290, bbox_mAP_50: 0.6310, bbox_mAP_75: 0.5410, bbox_mAP_s: 0.0470, bbox_mAP_m: 0.3020, bbox_mAP_l: 0.6120, bbox_mAP_copypaste: 0.529 0.631 0.541 0.047 0.302 0.612
2020-11-17 18:21:17,217 - mmdet - INFO - Epoch(train) [2][79]	loss_rpn_cls: 0.0753, loss_rpn_bbox: 0.1159, loss_cls: 0.1785, acc: 93.5621, loss_bbox: 0.2249, loss: 0.5947
2020-11-17 18:22:34,523 - mmdet - INFO - Epoch [3][100/614]	lr: 1.000e-02, eta: 0:13:50, time: 0.771, data_time: 0.035, memory: 11914, loss_rpn_cls: 0.0656, loss_rpn_bbox: 0.1048, loss_cls: 0.1778, acc: 93.3662, loss_bbox: 0.2254, loss: 0.5736
2020-11-17 18:23:49,460 - mmdet - INFO - Epoch [3][200/614]	lr: 1.000e-02, eta: 0:12:37, time: 0.749, data_time: 0.013, memory: 11914, loss_rpn_cls: 0.0636, loss_rpn_bbox: 0.1007, loss_cls: 0.1783, acc: 93.5781, loss_bbox: 0.2257, loss: 0.5684
2020-11-17 18:25:04,806 - mmdet - INFO - Epoch [3][300/614]	lr: 1.000e-02, eta: 0:11:24, time: 0.753, data_time: 0.013, memory: 11914, loss_rpn_cls: 0.0905, loss_rpn_bbox: 0.1120, loss_cls: 0.1702, acc: 93.8730, loss_bbox: 0.2001, loss: 0.5728
2020-11-17 18:26:19,547 - mmdet - INFO - Epoch [3][400/614]	lr: 1.000e-02, eta: 0:10:11, time: 0.747, data_time: 0.012, memory: 11914, loss_rpn_cls: 0.0725, loss_rpn_bbox: 0.1101, loss_cls: 0.1843, acc: 93.2305, loss_bbox: 0.2142, loss: 0.5812
2020-11-17 18:27:34,429 - mmdet - INFO - Epoch [3][500/614]	lr: 1.000e-02, eta: 0:08:58, time: 0.749, data_time: 0.013, memory: 11914, loss_rpn_cls: 0.0582, loss_rpn_bbox: 0.0978, loss_cls: 0.1760, acc: 93.5732, loss_bbox: 0.2200, loss: 0.5521
2020-11-17 18:28:49,312 - mmdet - INFO - Epoch [3][600/614]	lr: 1.000e-02, eta: 0:07:44, time: 0.749, data_time: 0.013, memory: 11914, loss_rpn_cls: 0.0493, loss_rpn_bbox: 0.1036, loss_cls: 0.1737, acc: 93.3232, loss_bbox: 0.2289, loss: 0.5555
2020-11-17 18:29:26,075 - mmdet - INFO - Evaluating bbox...
2020-11-17 18:29:33,629 - mmdet - INFO - Epoch [3][614/614]	lr: 1.000e-02, bbox_mAP: 0.5310, bbox_mAP_50: 0.6250, bbox_mAP_75: 0.5390, bbox_mAP_s: 0.0550, bbox_mAP_m: 0.2980, bbox_mAP_l: 0.6130, bbox_mAP_copypaste: 0.531 0.625 0.539 0.055 0.298 0.613
2020-11-17 18:30:50,562 - mmdet - INFO - Epoch [4][100/614]	lr: 1.000e-02, eta: 0:06:18, time: 0.767, data_time: 0.035, memory: 11914, loss_rpn_cls: 0.0674, loss_rpn_bbox: 0.1051, loss_cls: 0.1678, acc: 93.8545, loss_bbox: 0.2097, loss: 0.5501
2020-11-17 18:32:05,575 - mmdet - INFO - Epoch [4][200/614]	lr: 1.000e-02, eta: 0:05:04, time: 0.750, data_time: 0.013, memory: 11914, loss_rpn_cls: 0.0592, loss_rpn_bbox: 0.1087, loss_cls: 0.1836, acc: 93.0615, loss_bbox: 0.2417, loss: 0.5932
2020-11-17 18:33:20,478 - mmdet - INFO - Epoch [4][300/614]	lr: 1.000e-02, eta: 0:03:51, time: 0.749, data_time: 0.013, memory: 11914, loss_rpn_cls: 0.0487, loss_rpn_bbox: 0.1044, loss_cls: 0.1829, acc: 93.2305, loss_bbox: 0.2280, loss: 0.5640
2020-11-17 18:34:35,255 - mmdet - INFO - Epoch [4][400/614]	lr: 1.000e-02, eta: 0:02:37, time: 0.748, data_time: 0.013, memory: 11914, loss_rpn_cls: 0.0550, loss_rpn_bbox: 0.0961, loss_cls: 0.1711, acc: 93.5186, loss_bbox: 0.2314, loss: 0.5537
2020-11-17 18:35:50,375 - mmdet - INFO - Epoch [4][500/614]	lr: 1.000e-02, eta: 0:01:24, time: 0.751, data_time: 0.013, memory: 11914, loss_rpn_cls: 0.0594, loss_rpn_bbox: 0.1010, loss_cls: 0.1773, acc: 93.4033, loss_bbox: 0.2180, loss: 0.5558
2020-11-17 18:37:05,439 - mmdet - INFO - Epoch [4][600/614]	lr: 1.000e-02, eta: 0:00:10, time: 0.751, data_time: 0.013, memory: 11914, loss_rpn_cls: 0.0517, loss_rpn_bbox: 0.0931, loss_cls: 0.1527, acc: 94.2676, loss_bbox: 0.2081, loss: 0.5055
2020-11-17 18:37:15,824 - mmdet - INFO - Saving checkpoint at 4 epochs
2020-11-17 18:37:43,688 - mmdet - INFO - Evaluating bbox...
2020-11-17 18:37:50,603 - mmdet - INFO - Epoch [4][614/614]	lr: 1.000e-02, bbox_mAP: 0.5380, bbox_mAP_50: 0.6320, bbox_mAP_75: 0.5510, bbox_mAP_s: 0.0410, bbox_mAP_m: 0.3060, bbox_mAP_l: 0.6130, bbox_mAP_copypaste: 0.538 0.632 0.551 0.041 0.306 0.613
2020-11-17 18:38:22,758 - mmdet - INFO - Epoch(train) [4][79]	loss_rpn_cls: 0.0806, loss_rpn_bbox: 0.1130, loss_cls: 0.1921, acc: 92.7092, loss_bbox: 0.2345, loss: 0.6202
