2020-11-20 17:44:21,809 - mmdet - INFO - Environment info:
------------------------------------------------------------
sys.platform: linux
Python: 3.6.4 |Anaconda, Inc.| (default, Jan 16 2018, 18:10:19) [GCC 7.2.0]
CUDA available: True
CUDA_HOME: /usr/local/cuda
NVCC: Cuda compilation tools, release 10.0, V10.0.130
GPU 0: Tesla P100-PCIE-16GB
GCC: gcc (GCC) 5.3.0
PyTorch: 1.3.1+cu100
PyTorch compiling details: PyTorch built with:
  - GCC 7.3
  - Intel(R) Math Kernel Library Version 2019.0.4 Product Build 20190411 for Intel(R) 64 architecture applications
  - Intel(R) MKL-DNN v0.20.5 (Git Hash 0125f28c61c1f822fd48570b4c1066f96fcb9b2e)
  - OpenMP 201511 (a.k.a. OpenMP 4.5)
  - NNPACK is enabled
  - CUDA Runtime 10.0
  - NVCC architecture flags: -gencode;arch=compute_37,code=sm_37;-gencode;arch=compute_50,code=sm_50;-gencode;arch=compute_60,code=sm_60;-gencode;arch=compute_61,code=sm_61;-gencode;arch=compute_70,code=sm_70;-gencode;arch=compute_75,code=sm_75;-gencode;arch=compute_37,code=compute_37
  - CuDNN 7.6.3
  - Magma 2.5.1
  - Build settings: BLAS=MKL, BUILD_NAMEDTENSOR=OFF, BUILD_TYPE=Release, CXX_FLAGS= -Wno-deprecated -fvisibility-inlines-hidden -fopenmp -DUSE_FBGEMM -DUSE_QNNPACK -DUSE_PYTORCH_QNNPACK -O2 -fPIC -Wno-narrowing -Wall -Wextra -Wno-missing-field-initializers -Wno-type-limits -Wno-array-bounds -Wno-unknown-pragmas -Wno-sign-compare -Wno-unused-parameter -Wno-unused-variable -Wno-unused-function -Wno-unused-result -Wno-strict-overflow -Wno-strict-aliasing -Wno-error=deprecated-declarations -Wno-stringop-overflow -Wno-error=pedantic -Wno-error=redundant-decls -Wno-error=old-style-cast -fdiagnostics-color=always -faligned-new -Wno-unused-but-set-variable -Wno-maybe-uninitialized -fno-math-errno -fno-trapping-math -Wno-stringop-overflow, DISABLE_NUMA=1, PERF_WITH_AVX=1, PERF_WITH_AVX2=1, PERF_WITH_AVX512=1, USE_CUDA=True, USE_EXCEPTION_PTR=1, USE_GFLAGS=OFF, USE_GLOG=OFF, USE_MKL=ON, USE_MKLDNN=ON, USE_MPI=OFF, USE_NCCL=ON, USE_NNPACK=ON, USE_OPENMP=ON, USE_STATIC_DISPATCH=OFF, 

TorchVision: 0.4.2+cu100
OpenCV: 4.4.0
MMCV: 1.0.5
MMDetection: 2.3.0+788fa8d
MMDetection Compiler: GCC 7.3
MMDetection CUDA Compiler: 10.0
------------------------------------------------------------

2020-11-20 17:44:21,810 - mmdet - INFO - Distributed training: False
2020-11-20 17:44:22,197 - mmdet - INFO - Config:
model = dict(
    type='FasterRCNN',
    pretrained='torchvision://resnet50',
    backbone=dict(
        type='ResNet',
        depth=50,
        num_stages=4,
        out_indices=(0, 1, 2, 3),
        frozen_stages=1,
        norm_cfg=dict(type='BN', requires_grad=True),
        norm_eval=True,
        style='pytorch'),
    neck=dict(
        type='FPN',
        in_channels=[256, 512, 1024, 2048],
        out_channels=256,
        num_outs=5),
    rpn_head=dict(
        type='RPNHead',
        in_channels=256,
        feat_channels=256,
        anchor_generator=dict(
            type='AnchorGenerator',
            scales=[8],
            ratios=[0.5, 1.0, 2.0],
            strides=[4, 8, 16, 32, 64]),
        bbox_coder=dict(
            type='DeltaXYWHBBoxCoder',
            target_means=[0.0, 0.0, 0.0, 0.0],
            target_stds=[1.0, 1.0, 1.0, 1.0]),
        loss_cls=dict(
            type='CrossEntropyLoss', use_sigmoid=True, loss_weight=1.0),
        loss_bbox=dict(type='L1Loss', loss_weight=1.0)),
    roi_head=dict(
        type='StandardRoIHead',
        bbox_roi_extractor=dict(
            type='SingleRoIExtractor',
            roi_layer=dict(type='RoIAlign', output_size=7, sampling_ratio=0),
            out_channels=256,
            featmap_strides=[4, 8, 16, 32]),
        bbox_head=dict(
            type='Shared2FCBBoxHead',
            in_channels=256,
            fc_out_channels=1024,
            roi_feat_size=7,
            num_classes=2,
            bbox_coder=dict(
                type='DeltaXYWHBBoxCoder',
                target_means=[0.0, 0.0, 0.0, 0.0],
                target_stds=[0.1, 0.1, 0.2, 0.2]),
            reg_class_agnostic=False,
            loss_cls=dict(
                type='CrossEntropyLoss', use_sigmoid=False, loss_weight=1.0),
            loss_bbox=dict(type='L1Loss', loss_weight=1.0))))
train_cfg = dict(
    rpn=dict(
        assigner=dict(
            type='MaxIoUAssigner',
            pos_iou_thr=0.7,
            neg_iou_thr=0.3,
            min_pos_iou=0.3,
            match_low_quality=True,
            ignore_iof_thr=-1),
        sampler=dict(
            type='RandomSampler',
            num=256,
            pos_fraction=0.5,
            neg_pos_ub=-1,
            add_gt_as_proposals=False),
        allowed_border=-1,
        pos_weight=-1,
        debug=False),
    rpn_proposal=dict(
        nms_across_levels=False,
        nms_pre=2000,
        nms_post=1000,
        max_num=1000,
        nms_thr=0.7,
        min_bbox_size=0),
    rcnn=dict(
        assigner=dict(
            type='MaxIoUAssigner',
            pos_iou_thr=0.5,
            neg_iou_thr=0.5,
            min_pos_iou=0.5,
            match_low_quality=False,
            ignore_iof_thr=-1),
        sampler=dict(
            type='RandomSampler',
            num=512,
            pos_fraction=0.25,
            neg_pos_ub=-1,
            add_gt_as_proposals=True),
        pos_weight=-1,
        debug=False))
test_cfg = dict(
    rpn=dict(
        nms_across_levels=False,
        nms_pre=1000,
        nms_post=1000,
        max_num=1000,
        nms_thr=0.7,
        min_bbox_size=0),
    rcnn=dict(
        score_thr=0.05,
        nms=dict(type='nms', iou_threshold=0.5),
        max_per_img=100))
dataset_type = 'CocoDataset'
data_root = 'data/coco/'
img_norm_cfg = dict(
    mean=[123.675, 116.28, 103.53], std=[58.395, 57.12, 57.375], to_rgb=True)
train_pipeline = [
    dict(type='LoadImageFromFile'),
    dict(type='LoadAnnotations', with_bbox=True),
    dict(type='Resize', img_scale=(1550, 1550), keep_ratio=True),
    dict(type='RandomFlip', flip_ratio=0.5),
    dict(
        type='Normalize',
        mean=[123.675, 116.28, 103.53],
        std=[58.395, 57.12, 57.375],
        to_rgb=True),
    dict(type='Pad', size_divisor=32),
    dict(type='DefaultFormatBundle'),
    dict(type='Collect', keys=['img', 'gt_bboxes', 'gt_labels'])
]
test_pipeline = [
    dict(type='LoadImageFromFile'),
    dict(
        type='MultiScaleFlipAug',
        img_scale=(1550, 1550),
        flip=False,
        transforms=[
            dict(type='Resize', keep_ratio=True),
            dict(type='RandomFlip'),
            dict(
                type='Normalize',
                mean=[123.675, 116.28, 103.53],
                std=[58.395, 57.12, 57.375],
                to_rgb=True),
            dict(type='Pad', size_divisor=32),
            dict(type='ImageToTensor', keys=['img']),
            dict(type='Collect', keys=['img'])
        ])
]
data = dict(
    samples_per_gpu=2,
    workers_per_gpu=2,
    train=dict(
        type='CocoDataset',
        ann_file='data/coco/annotations/annotations_trai.json',
        img_prefix='data/coco/img/',
        pipeline=[
            dict(type='LoadImageFromFile'),
            dict(type='LoadAnnotations', with_bbox=True),
            dict(type='Resize', img_scale=(1550, 1550), keep_ratio=True),
            dict(type='RandomFlip', flip_ratio=0.5),
            dict(
                type='Normalize',
                mean=[123.675, 116.28, 103.53],
                std=[58.395, 57.12, 57.375],
                to_rgb=True),
            dict(type='Pad', size_divisor=32),
            dict(type='DefaultFormatBundle'),
            dict(type='Collect', keys=['img', 'gt_bboxes', 'gt_labels'])
        ]),
    val=dict(
        type='CocoDataset',
        ann_file='data/coco/annotations/annotations_test.json',
        img_prefix='data/coco/img/',
        pipeline=[
            dict(type='LoadImageFromFile'),
            dict(
                type='MultiScaleFlipAug',
                img_scale=(1550, 1550),
                flip=False,
                transforms=[
                    dict(type='Resize', keep_ratio=True),
                    dict(type='RandomFlip'),
                    dict(
                        type='Normalize',
                        mean=[123.675, 116.28, 103.53],
                        std=[58.395, 57.12, 57.375],
                        to_rgb=True),
                    dict(type='Pad', size_divisor=32),
                    dict(type='ImageToTensor', keys=['img']),
                    dict(type='Collect', keys=['img'])
                ])
        ]),
    test=dict(
        type='CocoDataset',
        ann_file='data/coco/annotations/annotations_vals.json',
        img_prefix='data/coco/img/',
        pipeline=[
            dict(type='LoadImageFromFile'),
            dict(
                type='MultiScaleFlipAug',
                img_scale=(1550, 1550),
                flip=False,
                transforms=[
                    dict(type='Resize', keep_ratio=True),
                    dict(type='RandomFlip'),
                    dict(
                        type='Normalize',
                        mean=[123.675, 116.28, 103.53],
                        std=[58.395, 57.12, 57.375],
                        to_rgb=True),
                    dict(type='Pad', size_divisor=32),
                    dict(type='ImageToTensor', keys=['img']),
                    dict(type='Collect', keys=['img'])
                ])
        ]))
evaluation = dict(interval=1, metric='bbox')
optimizer = dict(type='SGD', lr=0.01, momentum=0.9, weight_decay=0.0001)
optimizer_config = dict(grad_clip=None)
lr_config = dict(
    policy='step',
    warmup='linear',
    warmup_iters=500,
    warmup_ratio=0.001,
    step=[8, 11])
total_epochs = 4
checkpoint_config = dict(interval=4)
log_config = dict(interval=100, hooks=[dict(type='TextLoggerHook')])
dist_params = dict(backend='nccl')
log_level = 'INFO'
load_from = '/home/admin/.cache/torch/checkpoints/X.pth'
resume_from = None
workflow = [('train', 2), ('val', 1)]
work_dir = '/home/admin/jupyter/SecurityAI_Round5/data/work'
gpu_ids = range(0, 1)

2020-11-20 17:44:22,703 - mmdet - INFO - load model from: torchvision://resnet50
2020-11-20 17:44:30,404 - mmdet - WARNING - The model and loaded state dict do not match exactly

unexpected key in source state_dict: fc.weight, fc.bias

2020-11-20 17:44:40,677 - mmdet - INFO - load checkpoint from /home/admin/.cache/torch/checkpoints/X.pth
2020-11-20 17:44:47,494 - mmdet - INFO - Start running, host: admin@fuxilabor_labor0_S4_Odps_S96_dsw_prepaid_cnsh_838_2020112007575, work_dir: /home/admin/jupyter/SecurityAI_Round5/data/work
2020-11-20 17:44:47,494 - mmdet - INFO - workflow: [('train', 2), ('val', 1)], max: 4 epochs
2020-11-20 17:46:05,307 - mmdet - INFO - Epoch [1][100/623]	lr: 1.988e-03, eta: 0:30:56, time: 0.776, data_time: 0.033, memory: 10052, loss_rpn_cls: 0.0033, loss_rpn_bbox: 0.0353, loss_cls: 0.0459, acc: 98.0615, loss_bbox: 0.0961, loss: 0.1806
2020-11-20 17:47:19,918 - mmdet - INFO - Epoch [1][200/623]	lr: 3.986e-03, eta: 0:29:04, time: 0.746, data_time: 0.012, memory: 10052, loss_rpn_cls: 0.0016, loss_rpn_bbox: 0.0283, loss_cls: 0.0306, acc: 98.7217, loss_bbox: 0.0738, loss: 0.1344
2020-11-20 17:48:34,608 - mmdet - INFO - Epoch [1][300/623]	lr: 5.984e-03, eta: 0:27:38, time: 0.747, data_time: 0.012, memory: 10052, loss_rpn_cls: 0.0024, loss_rpn_bbox: 0.0296, loss_cls: 0.0317, acc: 98.6592, loss_bbox: 0.0754, loss: 0.1392
2020-11-20 17:49:49,193 - mmdet - INFO - Epoch [1][400/623]	lr: 7.982e-03, eta: 0:26:16, time: 0.746, data_time: 0.012, memory: 10052, loss_rpn_cls: 0.0027, loss_rpn_bbox: 0.0291, loss_cls: 0.0297, acc: 98.7432, loss_bbox: 0.0689, loss: 0.1305
2020-11-20 17:51:03,686 - mmdet - INFO - Epoch [1][500/623]	lr: 9.980e-03, eta: 0:24:57, time: 0.745, data_time: 0.012, memory: 10052, loss_rpn_cls: 0.0026, loss_rpn_bbox: 0.0332, loss_cls: 0.0357, acc: 98.4053, loss_bbox: 0.0776, loss: 0.1491
2020-11-20 17:52:18,407 - mmdet - INFO - Epoch [1][600/623]	lr: 1.000e-02, eta: 0:23:41, time: 0.747, data_time: 0.012, memory: 11886, loss_rpn_cls: 0.0027, loss_rpn_bbox: 0.0349, loss_cls: 0.0362, acc: 98.4756, loss_bbox: 0.0856, loss: 0.1594
2020-11-20 17:52:58,889 - mmdet - INFO - Evaluating bbox...
2020-11-20 17:53:01,624 - mmdet - INFO - Epoch [1][623/623]	lr: 1.000e-02, bbox_mAP: 0.7660, bbox_mAP_50: 0.8390, bbox_mAP_75: 0.8140, bbox_mAP_s: 0.4410, bbox_mAP_m: 0.8030, bbox_mAP_l: 0.8760, bbox_mAP_copypaste: 0.766 0.839 0.814 0.441 0.803 0.876
2020-11-20 17:54:18,554 - mmdet - INFO - Epoch [2][100/623]	lr: 1.000e-02, eta: 0:21:30, time: 0.767, data_time: 0.034, memory: 11886, loss_rpn_cls: 0.0018, loss_rpn_bbox: 0.0320, loss_cls: 0.0311, acc: 98.5947, loss_bbox: 0.0792, loss: 0.1440
2020-11-20 17:55:33,135 - mmdet - INFO - Epoch [2][200/623]	lr: 1.000e-02, eta: 0:20:20, time: 0.746, data_time: 0.012, memory: 11886, loss_rpn_cls: 0.0027, loss_rpn_bbox: 0.0381, loss_cls: 0.0372, acc: 98.4775, loss_bbox: 0.0853, loss: 0.1632
2020-11-20 17:56:47,770 - mmdet - INFO - Epoch [2][300/623]	lr: 1.000e-02, eta: 0:19:10, time: 0.746, data_time: 0.012, memory: 11886, loss_rpn_cls: 0.0033, loss_rpn_bbox: 0.0344, loss_cls: 0.0357, acc: 98.4717, loss_bbox: 0.0803, loss: 0.1538
2020-11-20 17:58:02,454 - mmdet - INFO - Epoch [2][400/623]	lr: 1.000e-02, eta: 0:17:58, time: 0.747, data_time: 0.012, memory: 11886, loss_rpn_cls: 0.0025, loss_rpn_bbox: 0.0377, loss_cls: 0.0373, acc: 98.4053, loss_bbox: 0.0857, loss: 0.1631
2020-11-20 17:59:17,145 - mmdet - INFO - Epoch [2][500/623]	lr: 1.000e-02, eta: 0:16:46, time: 0.747, data_time: 0.012, memory: 11886, loss_rpn_cls: 0.0029, loss_rpn_bbox: 0.0332, loss_cls: 0.0352, acc: 98.4922, loss_bbox: 0.0814, loss: 0.1527
2020-11-20 18:00:31,831 - mmdet - INFO - Epoch [2][600/623]	lr: 1.000e-02, eta: 0:15:34, time: 0.747, data_time: 0.012, memory: 11912, loss_rpn_cls: 0.0041, loss_rpn_bbox: 0.0363, loss_cls: 0.0383, acc: 98.3965, loss_bbox: 0.0854, loss: 0.1640
2020-11-20 18:01:12,135 - mmdet - INFO - Evaluating bbox...
2020-11-20 18:01:14,870 - mmdet - INFO - Epoch [2][623/623]	lr: 1.000e-02, bbox_mAP: 0.7790, bbox_mAP_50: 0.8440, bbox_mAP_75: 0.8230, bbox_mAP_s: 0.4340, bbox_mAP_m: 0.8160, bbox_mAP_l: 0.8940, bbox_mAP_copypaste: 0.779 0.844 0.823 0.434 0.816 0.894
2020-11-20 18:01:43,894 - mmdet - INFO - Epoch(train) [2][72]	loss_rpn_cls: 0.0035, loss_rpn_bbox: 0.0331, loss_cls: 0.0375, acc: 98.3805, loss_bbox: 0.0791, loss: 0.1532
2020-11-20 18:03:00,849 - mmdet - INFO - Epoch [3][100/623]	lr: 1.000e-02, eta: 0:13:52, time: 0.767, data_time: 0.033, memory: 11912, loss_rpn_cls: 0.0028, loss_rpn_bbox: 0.0337, loss_cls: 0.0336, acc: 98.5361, loss_bbox: 0.0827, loss: 0.1528
2020-11-20 18:04:15,424 - mmdet - INFO - Epoch [3][200/623]	lr: 1.000e-02, eta: 0:12:41, time: 0.746, data_time: 0.012, memory: 11912, loss_rpn_cls: 0.0039, loss_rpn_bbox: 0.0365, loss_cls: 0.0402, acc: 98.3271, loss_bbox: 0.0903, loss: 0.1708
2020-11-20 18:05:29,974 - mmdet - INFO - Epoch [3][300/623]	lr: 1.000e-02, eta: 0:11:29, time: 0.745, data_time: 0.012, memory: 11912, loss_rpn_cls: 0.0045, loss_rpn_bbox: 0.0360, loss_cls: 0.0346, acc: 98.6191, loss_bbox: 0.0846, loss: 0.1597
2020-11-20 18:06:44,557 - mmdet - INFO - Epoch [3][400/623]	lr: 1.000e-02, eta: 0:10:17, time: 0.746, data_time: 0.012, memory: 11912, loss_rpn_cls: 0.0031, loss_rpn_bbox: 0.0363, loss_cls: 0.0347, acc: 98.5264, loss_bbox: 0.0837, loss: 0.1577
2020-11-20 18:07:59,226 - mmdet - INFO - Epoch [3][500/623]	lr: 1.000e-02, eta: 0:09:05, time: 0.747, data_time: 0.012, memory: 11912, loss_rpn_cls: 0.0031, loss_rpn_bbox: 0.0371, loss_cls: 0.0410, acc: 98.1758, loss_bbox: 0.0869, loss: 0.1681
2020-11-20 18:09:13,857 - mmdet - INFO - Epoch [3][600/623]	lr: 1.000e-02, eta: 0:07:52, time: 0.746, data_time: 0.012, memory: 11912, loss_rpn_cls: 0.0029, loss_rpn_bbox: 0.0381, loss_cls: 0.0335, acc: 98.5703, loss_bbox: 0.0834, loss: 0.1579
2020-11-20 18:09:54,256 - mmdet - INFO - Evaluating bbox...
2020-11-20 18:09:56,919 - mmdet - INFO - Epoch [3][623/623]	lr: 1.000e-02, bbox_mAP: 0.7710, bbox_mAP_50: 0.8430, bbox_mAP_75: 0.8170, bbox_mAP_s: 0.4230, bbox_mAP_m: 0.7850, bbox_mAP_l: 0.8890, bbox_mAP_copypaste: 0.771 0.843 0.817 0.423 0.785 0.889
2020-11-20 18:11:14,003 - mmdet - INFO - Epoch [4][100/623]	lr: 1.000e-02, eta: 0:06:19, time: 0.769, data_time: 0.033, memory: 11912, loss_rpn_cls: 0.0031, loss_rpn_bbox: 0.0366, loss_cls: 0.0343, acc: 98.5342, loss_bbox: 0.0840, loss: 0.1580
2020-11-20 18:12:28,527 - mmdet - INFO - Epoch [4][200/623]	lr: 1.000e-02, eta: 0:05:07, time: 0.745, data_time: 0.012, memory: 11912, loss_rpn_cls: 0.0030, loss_rpn_bbox: 0.0367, loss_cls: 0.0341, acc: 98.6211, loss_bbox: 0.0845, loss: 0.1583
2020-11-20 18:13:42,994 - mmdet - INFO - Epoch [4][300/623]	lr: 1.000e-02, eta: 0:03:54, time: 0.745, data_time: 0.012, memory: 11912, loss_rpn_cls: 0.0029, loss_rpn_bbox: 0.0317, loss_cls: 0.0338, acc: 98.6396, loss_bbox: 0.0794, loss: 0.1479
2020-11-20 18:14:57,598 - mmdet - INFO - Epoch [4][400/623]	lr: 1.000e-02, eta: 0:02:42, time: 0.746, data_time: 0.012, memory: 11912, loss_rpn_cls: 0.0047, loss_rpn_bbox: 0.0390, loss_cls: 0.0401, acc: 98.3838, loss_bbox: 0.0831, loss: 0.1669
2020-11-20 18:16:12,421 - mmdet - INFO - Epoch [4][500/623]	lr: 1.000e-02, eta: 0:01:29, time: 0.748, data_time: 0.012, memory: 11912, loss_rpn_cls: 0.0026, loss_rpn_bbox: 0.0349, loss_cls: 0.0349, acc: 98.4766, loss_bbox: 0.0878, loss: 0.1602
2020-11-20 18:17:26,841 - mmdet - INFO - Epoch [4][600/623]	lr: 1.000e-02, eta: 0:00:16, time: 0.744, data_time: 0.012, memory: 11912, loss_rpn_cls: 0.0025, loss_rpn_bbox: 0.0372, loss_cls: 0.0356, acc: 98.4375, loss_bbox: 0.0850, loss: 0.1602
2020-11-20 18:17:43,831 - mmdet - INFO - Saving checkpoint at 4 epochs
2020-11-20 18:18:08,684 - mmdet - INFO - Evaluating bbox...
2020-11-20 18:18:11,332 - mmdet - INFO - Epoch [4][623/623]	lr: 1.000e-02, bbox_mAP: 0.7730, bbox_mAP_50: 0.8420, bbox_mAP_75: 0.8220, bbox_mAP_s: 0.4210, bbox_mAP_m: 0.7890, bbox_mAP_l: 0.8900, bbox_mAP_copypaste: 0.773 0.842 0.822 0.421 0.789 0.890
2020-11-20 18:18:40,264 - mmdet - INFO - Epoch(train) [4][72]	loss_rpn_cls: 0.0038, loss_rpn_bbox: 0.0344, loss_cls: 0.0445, acc: 98.1554, loss_bbox: 0.0867, loss: 0.1694
