2020-11-22 21:00:58,718 - mmdet - INFO - Environment info:
------------------------------------------------------------
sys.platform: linux
Python: 3.6.4 |Anaconda, Inc.| (default, Jan 16 2018, 18:10:19) [GCC 7.2.0]
CUDA available: True
CUDA_HOME: /usr/local/cuda
NVCC: Cuda compilation tools, release 10.0, V10.0.130
GPU 0: Tesla P100-PCIE-16GB
GCC: gcc (GCC) 5.3.0
PyTorch: 1.3.1+cu100
PyTorch compiling details: PyTorch built with:
  - GCC 7.3
  - Intel(R) Math Kernel Library Version 2019.0.4 Product Build 20190411 for Intel(R) 64 architecture applications
  - Intel(R) MKL-DNN v0.20.5 (Git Hash 0125f28c61c1f822fd48570b4c1066f96fcb9b2e)
  - OpenMP 201511 (a.k.a. OpenMP 4.5)
  - NNPACK is enabled
  - CUDA Runtime 10.0
  - NVCC architecture flags: -gencode;arch=compute_37,code=sm_37;-gencode;arch=compute_50,code=sm_50;-gencode;arch=compute_60,code=sm_60;-gencode;arch=compute_61,code=sm_61;-gencode;arch=compute_70,code=sm_70;-gencode;arch=compute_75,code=sm_75;-gencode;arch=compute_37,code=compute_37
  - CuDNN 7.6.3
  - Magma 2.5.1
  - Build settings: BLAS=MKL, BUILD_NAMEDTENSOR=OFF, BUILD_TYPE=Release, CXX_FLAGS= -Wno-deprecated -fvisibility-inlines-hidden -fopenmp -DUSE_FBGEMM -DUSE_QNNPACK -DUSE_PYTORCH_QNNPACK -O2 -fPIC -Wno-narrowing -Wall -Wextra -Wno-missing-field-initializers -Wno-type-limits -Wno-array-bounds -Wno-unknown-pragmas -Wno-sign-compare -Wno-unused-parameter -Wno-unused-variable -Wno-unused-function -Wno-unused-result -Wno-strict-overflow -Wno-strict-aliasing -Wno-error=deprecated-declarations -Wno-stringop-overflow -Wno-error=pedantic -Wno-error=redundant-decls -Wno-error=old-style-cast -fdiagnostics-color=always -faligned-new -Wno-unused-but-set-variable -Wno-maybe-uninitialized -fno-math-errno -fno-trapping-math -Wno-stringop-overflow, DISABLE_NUMA=1, PERF_WITH_AVX=1, PERF_WITH_AVX2=1, PERF_WITH_AVX512=1, USE_CUDA=True, USE_EXCEPTION_PTR=1, USE_GFLAGS=OFF, USE_GLOG=OFF, USE_MKL=ON, USE_MKLDNN=ON, USE_MPI=OFF, USE_NCCL=ON, USE_NNPACK=ON, USE_OPENMP=ON, USE_STATIC_DISPATCH=OFF, 

TorchVision: 0.4.2+cu100
OpenCV: 4.4.0
MMCV: 1.0.5
MMDetection: 2.3.0+788fa8d
MMDetection Compiler: GCC 7.3
MMDetection CUDA Compiler: 10.0
------------------------------------------------------------

2020-11-22 21:00:58,719 - mmdet - INFO - Distributed training: False
2020-11-22 21:00:59,109 - mmdet - INFO - Config:
model = dict(
    type='FasterRCNN',
    pretrained='torchvision://resnet50',
    backbone=dict(
        type='ResNet',
        depth=50,
        num_stages=4,
        out_indices=(0, 1, 2, 3),
        frozen_stages=1,
        norm_cfg=dict(type='BN', requires_grad=True),
        norm_eval=True,
        style='pytorch'),
    neck=dict(
        type='FPN',
        in_channels=[256, 512, 1024, 2048],
        out_channels=256,
        num_outs=5),
    rpn_head=dict(
        type='RPNHead',
        in_channels=256,
        feat_channels=256,
        anchor_generator=dict(
            type='AnchorGenerator',
            scales=[8],
            ratios=[0.5, 1.0, 2.0],
            strides=[4, 8, 16, 32, 64]),
        bbox_coder=dict(
            type='DeltaXYWHBBoxCoder',
            target_means=[0.0, 0.0, 0.0, 0.0],
            target_stds=[1.0, 1.0, 1.0, 1.0]),
        loss_cls=dict(
            type='CrossEntropyLoss', use_sigmoid=True, loss_weight=1.0),
        loss_bbox=dict(type='L1Loss', loss_weight=1.0)),
    roi_head=dict(
        type='StandardRoIHead',
        bbox_roi_extractor=dict(
            type='SingleRoIExtractor',
            roi_layer=dict(type='RoIAlign', output_size=7, sampling_ratio=0),
            out_channels=256,
            featmap_strides=[4, 8, 16, 32]),
        bbox_head=dict(
            type='Shared2FCBBoxHead',
            in_channels=256,
            fc_out_channels=1024,
            roi_feat_size=7,
            num_classes=2,
            bbox_coder=dict(
                type='DeltaXYWHBBoxCoder',
                target_means=[0.0, 0.0, 0.0, 0.0],
                target_stds=[0.1, 0.1, 0.2, 0.2]),
            reg_class_agnostic=False,
            loss_cls=dict(
                type='CrossEntropyLoss', use_sigmoid=False, loss_weight=1.0),
            loss_bbox=dict(type='L1Loss', loss_weight=1.0))))
train_cfg = dict(
    rpn=dict(
        assigner=dict(
            type='MaxIoUAssigner',
            pos_iou_thr=0.7,
            neg_iou_thr=0.3,
            min_pos_iou=0.3,
            match_low_quality=True,
            ignore_iof_thr=-1),
        sampler=dict(
            type='RandomSampler',
            num=256,
            pos_fraction=0.5,
            neg_pos_ub=-1,
            add_gt_as_proposals=False),
        allowed_border=-1,
        pos_weight=-1,
        debug=False),
    rpn_proposal=dict(
        nms_across_levels=False,
        nms_pre=2000,
        nms_post=1000,
        max_num=1000,
        nms_thr=0.7,
        min_bbox_size=0),
    rcnn=dict(
        assigner=dict(
            type='MaxIoUAssigner',
            pos_iou_thr=0.5,
            neg_iou_thr=0.5,
            min_pos_iou=0.5,
            match_low_quality=False,
            ignore_iof_thr=-1),
        sampler=dict(
            type='RandomSampler',
            num=512,
            pos_fraction=0.25,
            neg_pos_ub=-1,
            add_gt_as_proposals=True),
        pos_weight=-1,
        debug=False))
test_cfg = dict(
    rpn=dict(
        nms_across_levels=False,
        nms_pre=1000,
        nms_post=1000,
        max_num=1000,
        nms_thr=0.7,
        min_bbox_size=0),
    rcnn=dict(
        score_thr=0.05,
        nms=dict(type='nms', iou_threshold=0.5),
        max_per_img=100))
dataset_type = 'CocoDataset'
data_root = 'data/coco/'
img_norm_cfg = dict(
    mean=[123.675, 116.28, 103.53], std=[58.395, 57.12, 57.375], to_rgb=True)
train_pipeline = [
    dict(type='LoadImageFromFile'),
    dict(type='LoadAnnotations', with_bbox=True),
    dict(type='Resize', img_scale=(1550, 1550), keep_ratio=True),
    dict(type='RandomFlip', flip_ratio=0.5),
    dict(
        type='Normalize',
        mean=[123.675, 116.28, 103.53],
        std=[58.395, 57.12, 57.375],
        to_rgb=True),
    dict(type='Pad', size_divisor=32),
    dict(type='DefaultFormatBundle'),
    dict(type='Collect', keys=['img', 'gt_bboxes', 'gt_labels'])
]
test_pipeline = [
    dict(type='LoadImageFromFile'),
    dict(
        type='MultiScaleFlipAug',
        img_scale=(1550, 1550),
        flip=False,
        transforms=[
            dict(type='Resize', keep_ratio=True),
            dict(type='RandomFlip'),
            dict(
                type='Normalize',
                mean=[123.675, 116.28, 103.53],
                std=[58.395, 57.12, 57.375],
                to_rgb=True),
            dict(type='Pad', size_divisor=32),
            dict(type='ImageToTensor', keys=['img']),
            dict(type='Collect', keys=['img'])
        ])
]
data = dict(
    samples_per_gpu=2,
    workers_per_gpu=2,
    train=dict(
        type='CocoDataset',
        ann_file='data/coco/annotations/annotations_trai.json',
        img_prefix='data/coco/img/',
        pipeline=[
            dict(type='LoadImageFromFile'),
            dict(type='LoadAnnotations', with_bbox=True),
            dict(type='Resize', img_scale=(1550, 1550), keep_ratio=True),
            dict(type='RandomFlip', flip_ratio=0.5),
            dict(
                type='Normalize',
                mean=[123.675, 116.28, 103.53],
                std=[58.395, 57.12, 57.375],
                to_rgb=True),
            dict(type='Pad', size_divisor=32),
            dict(type='DefaultFormatBundle'),
            dict(type='Collect', keys=['img', 'gt_bboxes', 'gt_labels'])
        ]),
    val=dict(
        type='CocoDataset',
        ann_file='data/coco/annotations/annotations_test.json',
        img_prefix='data/coco/img/',
        pipeline=[
            dict(type='LoadImageFromFile'),
            dict(
                type='MultiScaleFlipAug',
                img_scale=(1550, 1550),
                flip=False,
                transforms=[
                    dict(type='Resize', keep_ratio=True),
                    dict(type='RandomFlip'),
                    dict(
                        type='Normalize',
                        mean=[123.675, 116.28, 103.53],
                        std=[58.395, 57.12, 57.375],
                        to_rgb=True),
                    dict(type='Pad', size_divisor=32),
                    dict(type='ImageToTensor', keys=['img']),
                    dict(type='Collect', keys=['img'])
                ])
        ]),
    test=dict(
        type='CocoDataset',
        ann_file='data/coco/annotations/annotations_vals.json',
        img_prefix='data/coco/img/',
        pipeline=[
            dict(type='LoadImageFromFile'),
            dict(
                type='MultiScaleFlipAug',
                img_scale=(1550, 1550),
                flip=False,
                transforms=[
                    dict(type='Resize', keep_ratio=True),
                    dict(type='RandomFlip'),
                    dict(
                        type='Normalize',
                        mean=[123.675, 116.28, 103.53],
                        std=[58.395, 57.12, 57.375],
                        to_rgb=True),
                    dict(type='Pad', size_divisor=32),
                    dict(type='ImageToTensor', keys=['img']),
                    dict(type='Collect', keys=['img'])
                ])
        ]))
evaluation = dict(interval=1, metric='bbox')
optimizer = dict(type='SGD', lr=0.01, momentum=0.9, weight_decay=0.0001)
optimizer_config = dict(grad_clip=None)
lr_config = dict(
    policy='step',
    warmup='linear',
    warmup_iters=500,
    warmup_ratio=0.001,
    step=[8, 11])
total_epochs = 4
checkpoint_config = dict(interval=4)
log_config = dict(interval=100, hooks=[dict(type='TextLoggerHook')])
dist_params = dict(backend='nccl')
log_level = 'INFO'
load_from = '/home/admin/.cache/torch/checkpoints/X.pth'
resume_from = None
workflow = [('train', 2), ('val', 1)]
work_dir = '/home/admin/jupyter/SecurityAI_Round5/data/work'
gpu_ids = range(0, 1)

2020-11-22 21:00:59,619 - mmdet - INFO - load model from: torchvision://resnet50
2020-11-22 21:01:07,694 - mmdet - WARNING - The model and loaded state dict do not match exactly

unexpected key in source state_dict: fc.weight, fc.bias

2020-11-22 21:01:18,183 - mmdet - INFO - load checkpoint from /home/admin/.cache/torch/checkpoints/X.pth
2020-11-22 21:01:24,921 - mmdet - INFO - Start running, host: admin@fuxilabor_labor0_S4_Odps_S96_dsw_prepaid_cnsh_838_2020112209220, work_dir: /home/admin/jupyter/SecurityAI_Round5/data/work
2020-11-22 21:01:24,921 - mmdet - INFO - workflow: [('train', 2), ('val', 1)], max: 4 epochs
2020-11-22 21:02:42,453 - mmdet - INFO - Epoch [1][100/631]	lr: 1.988e-03, eta: 0:31:14, time: 0.773, data_time: 0.033, memory: 11909, loss_rpn_cls: 0.0300, loss_rpn_bbox: 0.0570, loss_cls: 0.0921, acc: 96.5967, loss_bbox: 0.1294, loss: 0.3086
2020-11-22 21:03:57,108 - mmdet - INFO - Epoch [1][200/631]	lr: 3.986e-03, eta: 0:29:26, time: 0.747, data_time: 0.012, memory: 11909, loss_rpn_cls: 0.0173, loss_rpn_bbox: 0.0474, loss_cls: 0.0626, acc: 97.7275, loss_bbox: 0.1057, loss: 0.2330
2020-11-22 21:05:11,833 - mmdet - INFO - Epoch [1][300/631]	lr: 5.984e-03, eta: 0:28:00, time: 0.747, data_time: 0.012, memory: 11909, loss_rpn_cls: 0.0098, loss_rpn_bbox: 0.0461, loss_cls: 0.0596, acc: 97.5791, loss_bbox: 0.1081, loss: 0.2236
2020-11-22 21:06:26,497 - mmdet - INFO - Epoch [1][400/631]	lr: 7.982e-03, eta: 0:26:40, time: 0.747, data_time: 0.012, memory: 11909, loss_rpn_cls: 0.0101, loss_rpn_bbox: 0.0511, loss_cls: 0.0676, acc: 97.3320, loss_bbox: 0.1231, loss: 0.2519
2020-11-22 21:07:41,037 - mmdet - INFO - Epoch [1][500/631]	lr: 9.980e-03, eta: 0:25:21, time: 0.745, data_time: 0.012, memory: 11909, loss_rpn_cls: 0.0111, loss_rpn_bbox: 0.0486, loss_cls: 0.0527, acc: 97.9561, loss_bbox: 0.1033, loss: 0.2157
2020-11-22 21:08:56,002 - mmdet - INFO - Epoch [1][600/631]	lr: 1.000e-02, eta: 0:24:05, time: 0.750, data_time: 0.012, memory: 11909, loss_rpn_cls: 0.0141, loss_rpn_bbox: 0.0560, loss_cls: 0.0725, acc: 97.1465, loss_bbox: 0.1271, loss: 0.2696
2020-11-22 21:09:42,840 - mmdet - INFO - Evaluating bbox...
2020-11-22 21:09:45,513 - mmdet - INFO - Epoch [1][631/631]	lr: 1.000e-02, bbox_mAP: 0.7620, bbox_mAP_50: 0.8610, bbox_mAP_75: 0.8240, bbox_mAP_s: 0.4720, bbox_mAP_m: 0.7120, bbox_mAP_l: 0.8470, bbox_mAP_copypaste: 0.762 0.861 0.824 0.472 0.712 0.847
2020-11-22 21:11:02,748 - mmdet - INFO - Epoch [2][100/631]	lr: 1.000e-02, eta: 0:21:34, time: 0.770, data_time: 0.034, memory: 11909, loss_rpn_cls: 0.0103, loss_rpn_bbox: 0.0486, loss_cls: 0.0639, acc: 97.4160, loss_bbox: 0.1207, loss: 0.2435
2020-11-22 21:12:17,516 - mmdet - INFO - Epoch [2][200/631]	lr: 1.000e-02, eta: 0:20:27, time: 0.748, data_time: 0.012, memory: 11909, loss_rpn_cls: 0.0157, loss_rpn_bbox: 0.0491, loss_cls: 0.0680, acc: 97.4463, loss_bbox: 0.1171, loss: 0.2498
2020-11-22 21:13:32,180 - mmdet - INFO - Epoch [2][300/631]	lr: 1.000e-02, eta: 0:19:18, time: 0.747, data_time: 0.012, memory: 11909, loss_rpn_cls: 0.0098, loss_rpn_bbox: 0.0506, loss_cls: 0.0707, acc: 97.2090, loss_bbox: 0.1250, loss: 0.2560
2020-11-22 21:14:46,725 - mmdet - INFO - Epoch [2][400/631]	lr: 1.000e-02, eta: 0:18:08, time: 0.745, data_time: 0.012, memory: 11909, loss_rpn_cls: 0.0488, loss_rpn_bbox: 0.0644, loss_cls: 0.1163, acc: 95.8320, loss_bbox: 0.1405, loss: 0.3700
2020-11-22 21:16:01,486 - mmdet - INFO - Epoch [2][500/631]	lr: 1.000e-02, eta: 0:16:58, time: 0.748, data_time: 0.012, memory: 11909, loss_rpn_cls: 0.0233, loss_rpn_bbox: 0.0625, loss_cls: 0.0985, acc: 96.2393, loss_bbox: 0.1395, loss: 0.3237
2020-11-22 21:17:16,413 - mmdet - INFO - Epoch [2][600/631]	lr: 1.000e-02, eta: 0:15:46, time: 0.749, data_time: 0.012, memory: 11909, loss_rpn_cls: 0.0160, loss_rpn_bbox: 0.0557, loss_cls: 0.0844, acc: 96.7012, loss_bbox: 0.1311, loss: 0.2873
2020-11-22 21:18:03,334 - mmdet - INFO - Evaluating bbox...
2020-11-22 21:18:06,634 - mmdet - INFO - Epoch [2][631/631]	lr: 1.000e-02, bbox_mAP: 0.7510, bbox_mAP_50: 0.8620, bbox_mAP_75: 0.8180, bbox_mAP_s: 0.4490, bbox_mAP_m: 0.7000, bbox_mAP_l: 0.8380, bbox_mAP_copypaste: 0.751 0.862 0.818 0.449 0.700 0.838
2020-11-22 21:18:36,459 - mmdet - INFO - Epoch(train) [2][74]	loss_rpn_cls: 0.0142, loss_rpn_bbox: 0.0525, loss_cls: 0.0801, acc: 97.0254, loss_bbox: 0.1338, loss: 0.2806
2020-11-22 21:19:53,539 - mmdet - INFO - Epoch [3][100/631]	lr: 1.000e-02, eta: 0:13:54, time: 0.769, data_time: 0.033, memory: 11909, loss_rpn_cls: 0.0124, loss_rpn_bbox: 0.0506, loss_cls: 0.0685, acc: 97.3965, loss_bbox: 0.1240, loss: 0.2556
2020-11-22 21:21:08,425 - mmdet - INFO - Epoch [3][200/631]	lr: 1.000e-02, eta: 0:12:45, time: 0.749, data_time: 0.012, memory: 11909, loss_rpn_cls: 0.0091, loss_rpn_bbox: 0.0475, loss_cls: 0.0602, acc: 97.6514, loss_bbox: 0.1109, loss: 0.2276
2020-11-22 21:22:23,185 - mmdet - INFO - Epoch [3][300/631]	lr: 1.000e-02, eta: 0:11:34, time: 0.748, data_time: 0.012, memory: 11909, loss_rpn_cls: 0.0072, loss_rpn_bbox: 0.0483, loss_cls: 0.0555, acc: 97.7783, loss_bbox: 0.1108, loss: 0.2218
2020-11-22 21:23:38,232 - mmdet - INFO - Epoch [3][400/631]	lr: 1.000e-02, eta: 0:10:24, time: 0.750, data_time: 0.012, memory: 11909, loss_rpn_cls: 0.0079, loss_rpn_bbox: 0.0506, loss_cls: 0.0593, acc: 97.6338, loss_bbox: 0.1152, loss: 0.2330
2020-11-22 21:24:53,160 - mmdet - INFO - Epoch [3][500/631]	lr: 1.000e-02, eta: 0:09:12, time: 0.749, data_time: 0.012, memory: 11909, loss_rpn_cls: 0.0093, loss_rpn_bbox: 0.0480, loss_cls: 0.0628, acc: 97.4209, loss_bbox: 0.1131, loss: 0.2332
2020-11-22 21:26:08,043 - mmdet - INFO - Epoch [3][600/631]	lr: 1.000e-02, eta: 0:08:01, time: 0.749, data_time: 0.012, memory: 11909, loss_rpn_cls: 0.0092, loss_rpn_bbox: 0.0511, loss_cls: 0.0677, acc: 97.2334, loss_bbox: 0.1220, loss: 0.2500
2020-11-22 21:26:54,939 - mmdet - INFO - Evaluating bbox...
2020-11-22 21:26:57,654 - mmdet - INFO - Epoch [3][631/631]	lr: 1.000e-02, bbox_mAP: 0.7680, bbox_mAP_50: 0.8620, bbox_mAP_75: 0.8350, bbox_mAP_s: 0.4940, bbox_mAP_m: 0.7510, bbox_mAP_l: 0.8420, bbox_mAP_copypaste: 0.768 0.862 0.835 0.494 0.751 0.842
2020-11-22 21:28:14,644 - mmdet - INFO - Epoch [4][100/631]	lr: 1.000e-02, eta: 0:06:20, time: 0.768, data_time: 0.034, memory: 11909, loss_rpn_cls: 0.0063, loss_rpn_bbox: 0.0434, loss_cls: 0.0512, acc: 97.9062, loss_bbox: 0.1019, loss: 0.2028
2020-11-22 21:29:29,596 - mmdet - INFO - Epoch [4][200/631]	lr: 1.000e-02, eta: 0:05:09, time: 0.750, data_time: 0.012, memory: 11909, loss_rpn_cls: 0.0061, loss_rpn_bbox: 0.0454, loss_cls: 0.0553, acc: 97.7451, loss_bbox: 0.1178, loss: 0.2246
2020-11-22 21:30:44,296 - mmdet - INFO - Epoch [4][300/631]	lr: 1.000e-02, eta: 0:03:58, time: 0.747, data_time: 0.012, memory: 11909, loss_rpn_cls: 0.0069, loss_rpn_bbox: 0.0449, loss_cls: 0.0567, acc: 97.7432, loss_bbox: 0.1087, loss: 0.2173
2020-11-22 21:31:59,328 - mmdet - INFO - Epoch [4][400/631]	lr: 1.000e-02, eta: 0:02:46, time: 0.750, data_time: 0.012, memory: 11909, loss_rpn_cls: 0.0067, loss_rpn_bbox: 0.0477, loss_cls: 0.0539, acc: 97.7178, loss_bbox: 0.1084, loss: 0.2167
2020-11-22 21:33:14,155 - mmdet - INFO - Epoch [4][500/631]	lr: 1.000e-02, eta: 0:01:34, time: 0.748, data_time: 0.012, memory: 11909, loss_rpn_cls: 0.0057, loss_rpn_bbox: 0.0396, loss_cls: 0.0441, acc: 98.1504, loss_bbox: 0.0919, loss: 0.1813
2020-11-22 21:34:29,141 - mmdet - INFO - Epoch [4][600/631]	lr: 1.000e-02, eta: 0:00:22, time: 0.750, data_time: 0.012, memory: 11909, loss_rpn_cls: 0.0058, loss_rpn_bbox: 0.0423, loss_cls: 0.0532, acc: 97.7969, loss_bbox: 0.1074, loss: 0.2086
2020-11-22 21:34:52,247 - mmdet - INFO - Saving checkpoint at 4 epochs
2020-11-22 21:35:17,889 - mmdet - INFO - Evaluating bbox...
2020-11-22 21:35:20,191 - mmdet - INFO - Epoch [4][631/631]	lr: 1.000e-02, bbox_mAP: 0.7780, bbox_mAP_50: 0.8710, bbox_mAP_75: 0.8390, bbox_mAP_s: 0.5020, bbox_mAP_m: 0.7520, bbox_mAP_l: 0.8680, bbox_mAP_copypaste: 0.778 0.871 0.839 0.502 0.752 0.868
2020-11-22 21:35:50,042 - mmdet - INFO - Epoch(train) [4][74]	loss_rpn_cls: 0.0115, loss_rpn_bbox: 0.0430, loss_cls: 0.0768, acc: 96.9806, loss_bbox: 0.1200, loss: 0.2513
