2020-11-06 15:26:20,524 - mmdet - INFO - Environment info:
------------------------------------------------------------
sys.platform: linux
Python: 3.6.4 |Anaconda, Inc.| (default, Jan 16 2018, 18:10:19) [GCC 7.2.0]
CUDA available: True
CUDA_HOME: /usr/local/cuda
NVCC: Cuda compilation tools, release 10.0, V10.0.130
GPU 0: Tesla P100-PCIE-16GB
GCC: gcc (GCC) 5.3.0
PyTorch: 1.3.1+cu100
PyTorch compiling details: PyTorch built with:
  - GCC 7.3
  - Intel(R) Math Kernel Library Version 2019.0.4 Product Build 20190411 for Intel(R) 64 architecture applications
  - Intel(R) MKL-DNN v0.20.5 (Git Hash 0125f28c61c1f822fd48570b4c1066f96fcb9b2e)
  - OpenMP 201511 (a.k.a. OpenMP 4.5)
  - NNPACK is enabled
  - CUDA Runtime 10.0
  - NVCC architecture flags: -gencode;arch=compute_37,code=sm_37;-gencode;arch=compute_50,code=sm_50;-gencode;arch=compute_60,code=sm_60;-gencode;arch=compute_61,code=sm_61;-gencode;arch=compute_70,code=sm_70;-gencode;arch=compute_75,code=sm_75;-gencode;arch=compute_37,code=compute_37
  - CuDNN 7.6.3
  - Magma 2.5.1
  - Build settings: BLAS=MKL, BUILD_NAMEDTENSOR=OFF, BUILD_TYPE=Release, CXX_FLAGS= -Wno-deprecated -fvisibility-inlines-hidden -fopenmp -DUSE_FBGEMM -DUSE_QNNPACK -DUSE_PYTORCH_QNNPACK -O2 -fPIC -Wno-narrowing -Wall -Wextra -Wno-missing-field-initializers -Wno-type-limits -Wno-array-bounds -Wno-unknown-pragmas -Wno-sign-compare -Wno-unused-parameter -Wno-unused-variable -Wno-unused-function -Wno-unused-result -Wno-strict-overflow -Wno-strict-aliasing -Wno-error=deprecated-declarations -Wno-stringop-overflow -Wno-error=pedantic -Wno-error=redundant-decls -Wno-error=old-style-cast -fdiagnostics-color=always -faligned-new -Wno-unused-but-set-variable -Wno-maybe-uninitialized -fno-math-errno -fno-trapping-math -Wno-stringop-overflow, DISABLE_NUMA=1, PERF_WITH_AVX=1, PERF_WITH_AVX2=1, PERF_WITH_AVX512=1, USE_CUDA=True, USE_EXCEPTION_PTR=1, USE_GFLAGS=OFF, USE_GLOG=OFF, USE_MKL=ON, USE_MKLDNN=ON, USE_MPI=OFF, USE_NCCL=ON, USE_NNPACK=ON, USE_OPENMP=ON, USE_STATIC_DISPATCH=OFF, 

TorchVision: 0.4.2+cu100
OpenCV: 4.4.0
MMCV: 1.0.5
MMDetection: 2.3.0+788fa8d
MMDetection Compiler: GCC 7.3
MMDetection CUDA Compiler: 10.0
------------------------------------------------------------

2020-11-06 15:26:20,525 - mmdet - INFO - Distributed training: False
2020-11-06 15:26:20,919 - mmdet - INFO - Config:
model = dict(
    type='FasterRCNN',
    pretrained='torchvision://resnet50',
    backbone=dict(
        type='ResNet',
        depth=50,
        num_stages=4,
        out_indices=(0, 1, 2, 3),
        frozen_stages=1,
        norm_cfg=dict(type='BN', requires_grad=True),
        norm_eval=True,
        style='pytorch'),
    neck=dict(
        type='FPN',
        in_channels=[256, 512, 1024, 2048],
        out_channels=256,
        num_outs=5),
    rpn_head=dict(
        type='RPNHead',
        in_channels=256,
        feat_channels=256,
        anchor_generator=dict(
            type='AnchorGenerator',
            scales=[8],
            ratios=[0.5, 1.0, 2.0],
            strides=[4, 8, 16, 32, 64]),
        bbox_coder=dict(
            type='DeltaXYWHBBoxCoder',
            target_means=[0.0, 0.0, 0.0, 0.0],
            target_stds=[1.0, 1.0, 1.0, 1.0]),
        loss_cls=dict(
            type='CrossEntropyLoss', use_sigmoid=True, loss_weight=1.0),
        loss_bbox=dict(type='L1Loss', loss_weight=1.0)),
    roi_head=dict(
        type='StandardRoIHead',
        bbox_roi_extractor=dict(
            type='SingleRoIExtractor',
            roi_layer=dict(type='RoIAlign', output_size=7, sampling_ratio=0),
            out_channels=256,
            featmap_strides=[4, 8, 16, 32]),
        bbox_head=dict(
            type='Shared2FCBBoxHead',
            in_channels=256,
            fc_out_channels=1024,
            roi_feat_size=7,
            num_classes=2,
            bbox_coder=dict(
                type='DeltaXYWHBBoxCoder',
                target_means=[0.0, 0.0, 0.0, 0.0],
                target_stds=[0.1, 0.1, 0.2, 0.2]),
            reg_class_agnostic=False,
            loss_cls=dict(
                type='CrossEntropyLoss', use_sigmoid=False, loss_weight=1.0),
            loss_bbox=dict(type='L1Loss', loss_weight=1.0))))
train_cfg = dict(
    rpn=dict(
        assigner=dict(
            type='MaxIoUAssigner',
            pos_iou_thr=0.7,
            neg_iou_thr=0.3,
            min_pos_iou=0.3,
            match_low_quality=True,
            ignore_iof_thr=-1),
        sampler=dict(
            type='RandomSampler',
            num=256,
            pos_fraction=0.5,
            neg_pos_ub=-1,
            add_gt_as_proposals=False),
        allowed_border=-1,
        pos_weight=-1,
        debug=False),
    rpn_proposal=dict(
        nms_across_levels=False,
        nms_pre=2000,
        nms_post=1000,
        max_num=1000,
        nms_thr=0.7,
        min_bbox_size=0),
    rcnn=dict(
        assigner=dict(
            type='MaxIoUAssigner',
            pos_iou_thr=0.5,
            neg_iou_thr=0.5,
            min_pos_iou=0.5,
            match_low_quality=False,
            ignore_iof_thr=-1),
        sampler=dict(
            type='RandomSampler',
            num=512,
            pos_fraction=0.25,
            neg_pos_ub=-1,
            add_gt_as_proposals=True),
        pos_weight=-1,
        debug=False))
test_cfg = dict(
    rpn=dict(
        nms_across_levels=False,
        nms_pre=1000,
        nms_post=1000,
        max_num=1000,
        nms_thr=0.7,
        min_bbox_size=0),
    rcnn=dict(
        score_thr=0.05,
        nms=dict(type='nms', iou_threshold=0.5),
        max_per_img=100))
dataset_type = 'CocoDataset'
data_root = 'data/coco/'
img_norm_cfg = dict(
    mean=[123.675, 116.28, 103.53], std=[58.395, 57.12, 57.375], to_rgb=True)
train_pipeline = [
    dict(type='LoadImageFromFile'),
    dict(type='LoadAnnotations', with_bbox=True),
    dict(type='Resize', img_scale=(775, 775), keep_ratio=True),
    dict(type='RandomFlip', flip_ratio=0.5),
    dict(
        type='Normalize',
        mean=[123.675, 116.28, 103.53],
        std=[58.395, 57.12, 57.375],
        to_rgb=True),
    dict(type='Pad', size_divisor=32),
    dict(type='DefaultFormatBundle'),
    dict(type='Collect', keys=['img', 'gt_bboxes', 'gt_labels'])
]
test_pipeline = [
    dict(type='LoadImageFromFile'),
    dict(
        type='MultiScaleFlipAug',
        img_scale=(775, 775),
        flip=False,
        transforms=[
            dict(type='Resize', keep_ratio=True),
            dict(type='RandomFlip'),
            dict(
                type='Normalize',
                mean=[123.675, 116.28, 103.53],
                std=[58.395, 57.12, 57.375],
                to_rgb=True),
            dict(type='Pad', size_divisor=32),
            dict(type='ImageToTensor', keys=['img']),
            dict(type='Collect', keys=['img'])
        ])
]
data = dict(
    samples_per_gpu=2,
    workers_per_gpu=2,
    train=dict(
        type='CocoDataset',
        ann_file='data/coco/annotations/annotations_trai.json',
        img_prefix='data/coco/img/',
        pipeline=[
            dict(type='LoadImageFromFile'),
            dict(type='LoadAnnotations', with_bbox=True),
            dict(type='Resize', img_scale=(775, 775), keep_ratio=True),
            dict(type='RandomFlip', flip_ratio=0.5),
            dict(
                type='Normalize',
                mean=[123.675, 116.28, 103.53],
                std=[58.395, 57.12, 57.375],
                to_rgb=True),
            dict(type='Pad', size_divisor=32),
            dict(type='DefaultFormatBundle'),
            dict(type='Collect', keys=['img', 'gt_bboxes', 'gt_labels'])
        ]),
    val=dict(
        type='CocoDataset',
        ann_file='data/coco/annotations/annotations_test.json',
        img_prefix='data/coco/img/',
        pipeline=[
            dict(type='LoadImageFromFile'),
            dict(
                type='MultiScaleFlipAug',
                img_scale=(775, 775),
                flip=False,
                transforms=[
                    dict(type='Resize', keep_ratio=True),
                    dict(type='RandomFlip'),
                    dict(
                        type='Normalize',
                        mean=[123.675, 116.28, 103.53],
                        std=[58.395, 57.12, 57.375],
                        to_rgb=True),
                    dict(type='Pad', size_divisor=32),
                    dict(type='ImageToTensor', keys=['img']),
                    dict(type='Collect', keys=['img'])
                ])
        ]),
    test=dict(
        type='CocoDataset',
        ann_file='data/coco/annotations/annotations_vals.json',
        img_prefix='data/coco/img/',
        pipeline=[
            dict(type='LoadImageFromFile'),
            dict(
                type='MultiScaleFlipAug',
                img_scale=(775, 775),
                flip=False,
                transforms=[
                    dict(type='Resize', keep_ratio=True),
                    dict(type='RandomFlip'),
                    dict(
                        type='Normalize',
                        mean=[123.675, 116.28, 103.53],
                        std=[58.395, 57.12, 57.375],
                        to_rgb=True),
                    dict(type='Pad', size_divisor=32),
                    dict(type='ImageToTensor', keys=['img']),
                    dict(type='Collect', keys=['img'])
                ])
        ]))
evaluation = dict(interval=1, metric='bbox')
optimizer = dict(type='SGD', lr=0.02, momentum=0.9, weight_decay=0.0001)
optimizer_config = dict(grad_clip=None)
lr_config = dict(
    policy='step',
    warmup='linear',
    warmup_iters=500,
    warmup_ratio=0.001,
    step=[8, 11])
total_epochs = 10
checkpoint_config = dict(interval=5)
log_config = dict(interval=50, hooks=[dict(type='TextLoggerHook')])
dist_params = dict(backend='nccl')
log_level = 'INFO'
load_from = None
resume_from = None
workflow = [('train', 2), ('val', 1)]
work_dir = '/home/admin/jupyter/SecurityAI_Round5/data/work'
gpu_ids = range(0, 1)

2020-11-06 15:26:21,413 - mmdet - INFO - load model from: torchvision://resnet50
2020-11-06 15:26:29,621 - mmdet - WARNING - The model and loaded state dict do not match exactly

unexpected key in source state_dict: fc.weight, fc.bias

2020-11-06 15:26:39,874 - mmdet - INFO - Start running, host: admin@fuxilabor_labor0_S4_Odps_S96_dsw_prepaid_cnsh_838_2020110600562, work_dir: /home/admin/jupyter/SecurityAI_Round5/data/work
2020-11-06 15:26:39,874 - mmdet - INFO - workflow: [('train', 2), ('val', 1)], max: 10 epochs
2020-11-06 15:26:56,436 - mmdet - INFO - Epoch [1][50/200]	lr: 1.978e-03, eta: 0:10:43, time: 0.330, data_time: 0.048, memory: 2598, loss_rpn_cls: 0.6212, loss_rpn_bbox: 0.2045, loss_cls: 0.3479, acc: 91.8105, loss_bbox: 0.0589, loss: 1.2326
2020-11-06 15:27:11,008 - mmdet - INFO - Epoch [1][100/200]	lr: 3.976e-03, eta: 0:09:50, time: 0.291, data_time: 0.006, memory: 2598, loss_rpn_cls: 0.3965, loss_rpn_bbox: 0.1932, loss_cls: 0.2300, acc: 94.7070, loss_bbox: 0.1198, loss: 0.9395
2020-11-06 15:27:25,324 - mmdet - INFO - Epoch [1][150/200]	lr: 5.974e-03, eta: 0:09:19, time: 0.286, data_time: 0.006, memory: 2598, loss_rpn_cls: 0.3318, loss_rpn_bbox: 0.1869, loss_cls: 0.1901, acc: 94.4219, loss_bbox: 0.1411, loss: 0.8499
2020-11-06 15:27:39,426 - mmdet - INFO - Epoch [1][200/200]	lr: 7.972e-03, eta: 0:08:55, time: 0.282, data_time: 0.006, memory: 2598, loss_rpn_cls: 0.2803, loss_rpn_bbox: 0.1921, loss_cls: 0.1834, acc: 94.4316, loss_bbox: 0.1431, loss: 0.7989
2020-11-06 15:27:42,208 - mmdet - INFO - Evaluating bbox...
2020-11-06 15:27:43,182 - mmdet - INFO - Epoch [1][200/200]	lr: 7.972e-03, bbox_mAP: 0.1850, bbox_mAP_50: 0.3770, bbox_mAP_75: 0.1940, bbox_mAP_s: 0.0000, bbox_mAP_m: 0.0090, bbox_mAP_l: 0.1840, bbox_mAP_copypaste: 0.185 0.377 0.194 0.000 0.009 0.184
2020-11-06 15:27:59,691 - mmdet - INFO - Epoch [2][50/200]	lr: 9.970e-03, eta: 0:08:51, time: 0.329, data_time: 0.048, memory: 2598, loss_rpn_cls: 0.2848, loss_rpn_bbox: 0.1822, loss_cls: 0.2216, acc: 93.5996, loss_bbox: 0.1659, loss: 0.8546
2020-11-06 15:28:13,664 - mmdet - INFO - Epoch [2][100/200]	lr: 1.197e-02, eta: 0:08:29, time: 0.279, data_time: 0.006, memory: 2598, loss_rpn_cls: 0.2486, loss_rpn_bbox: 0.1833, loss_cls: 0.2158, acc: 93.5449, loss_bbox: 0.1805, loss: 0.8282
2020-11-06 15:28:27,733 - mmdet - INFO - Epoch [2][150/200]	lr: 1.397e-02, eta: 0:08:10, time: 0.281, data_time: 0.006, memory: 2598, loss_rpn_cls: 0.2262, loss_rpn_bbox: 0.1565, loss_cls: 0.2200, acc: 93.5000, loss_bbox: 0.1852, loss: 0.7880
2020-11-06 15:28:42,141 - mmdet - INFO - Epoch [2][200/200]	lr: 1.596e-02, eta: 0:07:53, time: 0.288, data_time: 0.006, memory: 2598, loss_rpn_cls: 0.2677, loss_rpn_bbox: 0.1750, loss_cls: 0.2029, acc: 94.4727, loss_bbox: 0.1506, loss: 0.7962
2020-11-06 15:28:45,022 - mmdet - INFO - Evaluating bbox...
2020-11-06 15:28:46,531 - mmdet - INFO - Epoch [2][200/200]	lr: 1.596e-02, bbox_mAP: 0.1970, bbox_mAP_50: 0.4710, bbox_mAP_75: 0.1050, bbox_mAP_s: 0.0090, bbox_mAP_m: 0.0090, bbox_mAP_l: 0.1960, bbox_mAP_copypaste: 0.197 0.471 0.105 0.009 0.009 0.196
2020-11-06 15:28:51,625 - mmdet - INFO - Epoch(train) [2][20]	loss_rpn_cls: 0.2360, loss_rpn_bbox: 0.1596, loss_cls: 0.2820, acc: 92.9590, loss_bbox: 0.2036, loss: 0.8813
2020-11-06 15:29:07,587 - mmdet - INFO - Epoch [3][50/200]	lr: 1.796e-02, eta: 0:07:42, time: 0.318, data_time: 0.047, memory: 2598, loss_rpn_cls: 0.2294, loss_rpn_bbox: 0.1521, loss_cls: 0.2188, acc: 93.6562, loss_bbox: 0.1775, loss: 0.7779
2020-11-06 15:29:21,789 - mmdet - INFO - Epoch [3][100/200]	lr: 1.996e-02, eta: 0:07:25, time: 0.284, data_time: 0.006, memory: 2598, loss_rpn_cls: 0.3510, loss_rpn_bbox: 0.1948, loss_cls: 0.2097, acc: 94.6602, loss_bbox: 0.1377, loss: 0.8931
2020-11-06 15:29:36,103 - mmdet - INFO - Epoch [3][150/200]	lr: 2.000e-02, eta: 0:07:09, time: 0.286, data_time: 0.006, memory: 2598, loss_rpn_cls: 0.2920, loss_rpn_bbox: 0.2068, loss_cls: 0.2233, acc: 93.5176, loss_bbox: 0.1612, loss: 0.8832
2020-11-06 15:29:50,070 - mmdet - INFO - Epoch [3][200/200]	lr: 2.000e-02, eta: 0:06:52, time: 0.279, data_time: 0.006, memory: 2598, loss_rpn_cls: 0.2562, loss_rpn_bbox: 0.1962, loss_cls: 0.2144, acc: 93.7578, loss_bbox: 0.1543, loss: 0.8211
2020-11-06 15:29:52,927 - mmdet - INFO - Evaluating bbox...
2020-11-06 15:29:54,364 - mmdet - INFO - Epoch [3][200/200]	lr: 2.000e-02, bbox_mAP: 0.2280, bbox_mAP_50: 0.4090, bbox_mAP_75: 0.1520, bbox_mAP_s: 0.0130, bbox_mAP_m: 0.0360, bbox_mAP_l: 0.2220, bbox_mAP_copypaste: 0.228 0.409 0.152 0.013 0.036 0.222
2020-11-06 15:30:10,494 - mmdet - INFO - Epoch [4][50/200]	lr: 2.000e-02, eta: 0:06:40, time: 0.321, data_time: 0.047, memory: 2598, loss_rpn_cls: 0.2371, loss_rpn_bbox: 0.1736, loss_cls: 0.2000, acc: 94.0605, loss_bbox: 0.1585, loss: 0.7692
2020-11-06 15:30:24,433 - mmdet - INFO - Epoch [4][100/200]	lr: 2.000e-02, eta: 0:06:23, time: 0.279, data_time: 0.007, memory: 2598, loss_rpn_cls: 0.2263, loss_rpn_bbox: 0.1600, loss_cls: 0.1883, acc: 94.3906, loss_bbox: 0.1463, loss: 0.7209
2020-11-06 15:30:38,203 - mmdet - INFO - Epoch [4][150/200]	lr: 2.000e-02, eta: 0:06:07, time: 0.275, data_time: 0.006, memory: 2598, loss_rpn_cls: 0.1990, loss_rpn_bbox: 0.1564, loss_cls: 0.2181, acc: 93.2754, loss_bbox: 0.1845, loss: 0.7581
2020-11-06 15:30:52,343 - mmdet - INFO - Epoch [4][200/200]	lr: 2.000e-02, eta: 0:05:51, time: 0.283, data_time: 0.006, memory: 2598, loss_rpn_cls: 0.1955, loss_rpn_bbox: 0.1581, loss_cls: 0.1975, acc: 93.7324, loss_bbox: 0.1659, loss: 0.7169
2020-11-06 15:30:55,145 - mmdet - INFO - Evaluating bbox...
2020-11-06 15:30:56,619 - mmdet - INFO - Epoch [4][200/200]	lr: 2.000e-02, bbox_mAP: 0.3290, bbox_mAP_50: 0.4930, bbox_mAP_75: 0.4130, bbox_mAP_s: 0.0260, bbox_mAP_m: 0.0100, bbox_mAP_l: 0.3240, bbox_mAP_copypaste: 0.329 0.493 0.413 0.026 0.010 0.324
2020-11-06 15:31:01,743 - mmdet - INFO - Epoch(train) [4][20]	loss_rpn_cls: 0.1752, loss_rpn_bbox: 0.1516, loss_cls: 0.1995, acc: 93.3984, loss_bbox: 0.1718, loss: 0.6982
2020-11-06 15:31:18,049 - mmdet - INFO - Epoch [5][50/200]	lr: 2.000e-02, eta: 0:05:39, time: 0.325, data_time: 0.048, memory: 2598, loss_rpn_cls: 0.1820, loss_rpn_bbox: 0.1587, loss_cls: 0.2155, acc: 92.9316, loss_bbox: 0.1847, loss: 0.7409
2020-11-06 15:31:31,804 - mmdet - INFO - Epoch [5][100/200]	lr: 2.000e-02, eta: 0:05:23, time: 0.275, data_time: 0.006, memory: 2598, loss_rpn_cls: 0.1671, loss_rpn_bbox: 0.1453, loss_cls: 0.2012, acc: 93.4355, loss_bbox: 0.1743, loss: 0.6880
2020-11-06 15:31:45,670 - mmdet - INFO - Epoch [5][150/200]	lr: 2.000e-02, eta: 0:05:07, time: 0.277, data_time: 0.006, memory: 2598, loss_rpn_cls: 0.1644, loss_rpn_bbox: 0.1474, loss_cls: 0.2101, acc: 93.1133, loss_bbox: 0.1810, loss: 0.7029
2020-11-06 15:31:59,436 - mmdet - INFO - Epoch [5][200/200]	lr: 2.000e-02, eta: 0:04:52, time: 0.275, data_time: 0.007, memory: 2598, loss_rpn_cls: 0.1294, loss_rpn_bbox: 0.1279, loss_cls: 0.1937, acc: 93.6035, loss_bbox: 0.1838, loss: 0.6348
2020-11-06 15:31:59,518 - mmdet - INFO - Saving checkpoint at 5 epochs
2020-11-06 15:32:03,909 - mmdet - INFO - Evaluating bbox...
2020-11-06 15:32:05,275 - mmdet - INFO - Epoch [5][200/200]	lr: 2.000e-02, bbox_mAP: 0.4260, bbox_mAP_50: 0.5140, bbox_mAP_75: 0.4680, bbox_mAP_s: 0.0150, bbox_mAP_m: 0.0180, bbox_mAP_l: 0.4410, bbox_mAP_copypaste: 0.426 0.514 0.468 0.015 0.018 0.441
2020-11-06 15:32:21,258 - mmdet - INFO - Epoch [6][50/200]	lr: 2.000e-02, eta: 0:04:38, time: 0.318, data_time: 0.047, memory: 2598, loss_rpn_cls: 0.1505, loss_rpn_bbox: 0.1435, loss_cls: 0.2179, acc: 92.4121, loss_bbox: 0.2021, loss: 0.7140
2020-11-06 15:32:35,315 - mmdet - INFO - Epoch [6][100/200]	lr: 2.000e-02, eta: 0:04:23, time: 0.281, data_time: 0.007, memory: 2598, loss_rpn_cls: 0.1501, loss_rpn_bbox: 0.1313, loss_cls: 0.2144, acc: 92.7617, loss_bbox: 0.1905, loss: 0.6863
2020-11-06 15:32:49,140 - mmdet - INFO - Epoch [6][150/200]	lr: 2.000e-02, eta: 0:04:08, time: 0.276, data_time: 0.006, memory: 2598, loss_rpn_cls: 0.1332, loss_rpn_bbox: 0.1339, loss_cls: 0.2016, acc: 93.4219, loss_bbox: 0.1786, loss: 0.6473
2020-11-06 15:33:02,983 - mmdet - INFO - Epoch [6][200/200]	lr: 2.000e-02, eta: 0:03:53, time: 0.277, data_time: 0.006, memory: 2598, loss_rpn_cls: 0.1517, loss_rpn_bbox: 0.1459, loss_cls: 0.2231, acc: 92.5996, loss_bbox: 0.1936, loss: 0.7143
2020-11-06 15:33:05,853 - mmdet - INFO - Evaluating bbox...
2020-11-06 15:33:07,320 - mmdet - INFO - Epoch [6][200/200]	lr: 2.000e-02, bbox_mAP: 0.4920, bbox_mAP_50: 0.5410, bbox_mAP_75: 0.5140, bbox_mAP_s: 0.0310, bbox_mAP_m: 0.0290, bbox_mAP_l: 0.5400, bbox_mAP_copypaste: 0.492 0.541 0.514 0.031 0.029 0.540
2020-11-06 15:33:12,452 - mmdet - INFO - Epoch(train) [6][20]	loss_rpn_cls: 0.1606, loss_rpn_bbox: 0.1501, loss_cls: 0.2063, acc: 94.3701, loss_bbox: 0.1582, loss: 0.6751
2020-11-06 15:33:28,371 - mmdet - INFO - Epoch [7][50/200]	lr: 2.000e-02, eta: 0:03:39, time: 0.317, data_time: 0.048, memory: 2598, loss_rpn_cls: 0.1216, loss_rpn_bbox: 0.1259, loss_cls: 0.2084, acc: 93.1426, loss_bbox: 0.1895, loss: 0.6454
2020-11-06 15:33:42,333 - mmdet - INFO - Epoch [7][100/200]	lr: 2.000e-02, eta: 0:03:24, time: 0.279, data_time: 0.006, memory: 2598, loss_rpn_cls: 0.1616, loss_rpn_bbox: 0.1421, loss_cls: 0.2199, acc: 92.3750, loss_bbox: 0.2049, loss: 0.7286
2020-11-06 15:33:56,230 - mmdet - INFO - Epoch [7][150/200]	lr: 2.000e-02, eta: 0:03:09, time: 0.278, data_time: 0.006, memory: 2598, loss_rpn_cls: 0.1244, loss_rpn_bbox: 0.1305, loss_cls: 0.2137, acc: 92.7285, loss_bbox: 0.2061, loss: 0.6747
2020-11-06 15:34:09,955 - mmdet - INFO - Epoch [7][200/200]	lr: 2.000e-02, eta: 0:02:54, time: 0.274, data_time: 0.006, memory: 2598, loss_rpn_cls: 0.1241, loss_rpn_bbox: 0.1273, loss_cls: 0.2173, acc: 92.4590, loss_bbox: 0.2069, loss: 0.6755
2020-11-06 15:34:12,776 - mmdet - INFO - Evaluating bbox...
2020-11-06 15:34:14,137 - mmdet - INFO - Epoch [7][200/200]	lr: 2.000e-02, bbox_mAP: 0.5020, bbox_mAP_50: 0.5600, bbox_mAP_75: 0.4980, bbox_mAP_s: 0.0300, bbox_mAP_m: 0.0640, bbox_mAP_l: 0.5330, bbox_mAP_copypaste: 0.502 0.560 0.498 0.030 0.064 0.533
2020-11-06 15:34:30,031 - mmdet - INFO - Epoch [8][50/200]	lr: 2.000e-02, eta: 0:02:40, time: 0.316, data_time: 0.047, memory: 2598, loss_rpn_cls: 0.1307, loss_rpn_bbox: 0.1302, loss_cls: 0.2240, acc: 92.1348, loss_bbox: 0.2141, loss: 0.6990
2020-11-06 15:34:43,912 - mmdet - INFO - Epoch [8][100/200]	lr: 2.000e-02, eta: 0:02:25, time: 0.278, data_time: 0.006, memory: 2598, loss_rpn_cls: 0.1100, loss_rpn_bbox: 0.1274, loss_cls: 0.2375, acc: 91.3770, loss_bbox: 0.2384, loss: 0.7132
2020-11-06 15:34:57,671 - mmdet - INFO - Epoch [8][150/200]	lr: 2.000e-02, eta: 0:02:10, time: 0.275, data_time: 0.006, memory: 2598, loss_rpn_cls: 0.0970, loss_rpn_bbox: 0.1150, loss_cls: 0.1990, acc: 92.9141, loss_bbox: 0.2026, loss: 0.6137
2020-11-06 15:35:11,359 - mmdet - INFO - Epoch [8][200/200]	lr: 2.000e-02, eta: 0:01:56, time: 0.274, data_time: 0.006, memory: 2598, loss_rpn_cls: 0.0972, loss_rpn_bbox: 0.1191, loss_cls: 0.1892, acc: 93.4805, loss_bbox: 0.1869, loss: 0.5924
2020-11-06 15:35:14,175 - mmdet - INFO - Evaluating bbox...
2020-11-06 15:35:15,375 - mmdet - INFO - Epoch [8][200/200]	lr: 2.000e-02, bbox_mAP: 0.4950, bbox_mAP_50: 0.5510, bbox_mAP_75: 0.4860, bbox_mAP_s: 0.0260, bbox_mAP_m: 0.0510, bbox_mAP_l: 0.5310, bbox_mAP_copypaste: 0.495 0.551 0.486 0.026 0.051 0.531
2020-11-06 15:35:20,496 - mmdet - INFO - Epoch(train) [8][20]	loss_rpn_cls: 0.1936, loss_rpn_bbox: 0.1290, loss_cls: 0.2224, acc: 92.9736, loss_bbox: 0.2076, loss: 0.7527
2020-11-06 15:35:36,590 - mmdet - INFO - Epoch [9][50/200]	lr: 2.000e-03, eta: 0:01:41, time: 0.321, data_time: 0.048, memory: 2598, loss_rpn_cls: 0.1034, loss_rpn_bbox: 0.1129, loss_cls: 0.2198, acc: 91.9004, loss_bbox: 0.2300, loss: 0.6660
2020-11-06 15:35:50,266 - mmdet - INFO - Epoch [9][100/200]	lr: 2.000e-03, eta: 0:01:27, time: 0.274, data_time: 0.006, memory: 2598, loss_rpn_cls: 0.0832, loss_rpn_bbox: 0.0978, loss_cls: 0.2181, acc: 91.6348, loss_bbox: 0.2342, loss: 0.6333
2020-11-06 15:36:03,954 - mmdet - INFO - Epoch [9][150/200]	lr: 2.000e-03, eta: 0:01:12, time: 0.274, data_time: 0.006, memory: 2598, loss_rpn_cls: 0.0666, loss_rpn_bbox: 0.0950, loss_cls: 0.1897, acc: 93.0137, loss_bbox: 0.2018, loss: 0.5530
2020-11-06 15:36:17,700 - mmdet - INFO - Epoch [9][200/200]	lr: 2.000e-03, eta: 0:00:57, time: 0.275, data_time: 0.006, memory: 2598, loss_rpn_cls: 0.0766, loss_rpn_bbox: 0.0984, loss_cls: 0.2154, acc: 91.7480, loss_bbox: 0.2360, loss: 0.6264
2020-11-06 15:36:20,495 - mmdet - INFO - Evaluating bbox...
2020-11-06 15:36:21,856 - mmdet - INFO - Epoch [9][200/200]	lr: 2.000e-03, bbox_mAP: 0.5150, bbox_mAP_50: 0.5920, bbox_mAP_75: 0.5270, bbox_mAP_s: 0.0490, bbox_mAP_m: 0.0820, bbox_mAP_l: 0.5890, bbox_mAP_copypaste: 0.515 0.592 0.527 0.049 0.082 0.589
2020-11-06 15:36:37,739 - mmdet - INFO - Epoch [10][50/200]	lr: 2.000e-03, eta: 0:00:43, time: 0.316, data_time: 0.048, memory: 2598, loss_rpn_cls: 0.0706, loss_rpn_bbox: 0.1021, loss_cls: 0.2169, acc: 91.5566, loss_bbox: 0.2444, loss: 0.6340
2020-11-06 15:36:51,424 - mmdet - INFO - Epoch [10][100/200]	lr: 2.000e-03, eta: 0:00:29, time: 0.274, data_time: 0.006, memory: 2598, loss_rpn_cls: 0.0690, loss_rpn_bbox: 0.0931, loss_cls: 0.2102, acc: 92.0293, loss_bbox: 0.2401, loss: 0.6125
2020-11-06 15:37:05,031 - mmdet - INFO - Epoch [10][150/200]	lr: 2.000e-03, eta: 0:00:14, time: 0.272, data_time: 0.006, memory: 2598, loss_rpn_cls: 0.0594, loss_rpn_bbox: 0.0794, loss_cls: 0.1967, acc: 92.3242, loss_bbox: 0.2207, loss: 0.5562
2020-11-06 15:37:18,586 - mmdet - INFO - Epoch [10][200/200]	lr: 2.000e-03, eta: 0:00:00, time: 0.271, data_time: 0.006, memory: 2598, loss_rpn_cls: 0.0630, loss_rpn_bbox: 0.0912, loss_cls: 0.1936, acc: 92.6387, loss_bbox: 0.2175, loss: 0.5653
2020-11-06 15:37:18,625 - mmdet - INFO - Saving checkpoint at 10 epochs
2020-11-06 15:37:22,972 - mmdet - INFO - Evaluating bbox...
2020-11-06 15:37:24,352 - mmdet - INFO - Epoch [10][200/200]	lr: 2.000e-03, bbox_mAP: 0.5220, bbox_mAP_50: 0.5900, bbox_mAP_75: 0.5170, bbox_mAP_s: 0.0480, bbox_mAP_m: 0.0850, bbox_mAP_l: 0.5750, bbox_mAP_copypaste: 0.522 0.590 0.517 0.048 0.085 0.575
2020-11-06 15:37:29,442 - mmdet - INFO - Epoch(train) [10][20]	loss_rpn_cls: 0.1541, loss_rpn_bbox: 0.1167, loss_cls: 0.2041, acc: 92.9053, loss_bbox: 0.2063, loss: 0.6812
