2020-11-18 04:17:03,338 - mmdet - INFO - Environment info:
------------------------------------------------------------
sys.platform: linux
Python: 3.6.4 |Anaconda, Inc.| (default, Jan 16 2018, 18:10:19) [GCC 7.2.0]
CUDA available: True
CUDA_HOME: /usr/local/cuda
NVCC: Cuda compilation tools, release 10.0, V10.0.130
GPU 0: Tesla P100-PCIE-16GB
GCC: gcc (GCC) 5.3.0
PyTorch: 1.3.1+cu100
PyTorch compiling details: PyTorch built with:
  - GCC 7.3
  - Intel(R) Math Kernel Library Version 2019.0.4 Product Build 20190411 for Intel(R) 64 architecture applications
  - Intel(R) MKL-DNN v0.20.5 (Git Hash 0125f28c61c1f822fd48570b4c1066f96fcb9b2e)
  - OpenMP 201511 (a.k.a. OpenMP 4.5)
  - NNPACK is enabled
  - CUDA Runtime 10.0
  - NVCC architecture flags: -gencode;arch=compute_37,code=sm_37;-gencode;arch=compute_50,code=sm_50;-gencode;arch=compute_60,code=sm_60;-gencode;arch=compute_61,code=sm_61;-gencode;arch=compute_70,code=sm_70;-gencode;arch=compute_75,code=sm_75;-gencode;arch=compute_37,code=compute_37
  - CuDNN 7.6.3
  - Magma 2.5.1
  - Build settings: BLAS=MKL, BUILD_NAMEDTENSOR=OFF, BUILD_TYPE=Release, CXX_FLAGS= -Wno-deprecated -fvisibility-inlines-hidden -fopenmp -DUSE_FBGEMM -DUSE_QNNPACK -DUSE_PYTORCH_QNNPACK -O2 -fPIC -Wno-narrowing -Wall -Wextra -Wno-missing-field-initializers -Wno-type-limits -Wno-array-bounds -Wno-unknown-pragmas -Wno-sign-compare -Wno-unused-parameter -Wno-unused-variable -Wno-unused-function -Wno-unused-result -Wno-strict-overflow -Wno-strict-aliasing -Wno-error=deprecated-declarations -Wno-stringop-overflow -Wno-error=pedantic -Wno-error=redundant-decls -Wno-error=old-style-cast -fdiagnostics-color=always -faligned-new -Wno-unused-but-set-variable -Wno-maybe-uninitialized -fno-math-errno -fno-trapping-math -Wno-stringop-overflow, DISABLE_NUMA=1, PERF_WITH_AVX=1, PERF_WITH_AVX2=1, PERF_WITH_AVX512=1, USE_CUDA=True, USE_EXCEPTION_PTR=1, USE_GFLAGS=OFF, USE_GLOG=OFF, USE_MKL=ON, USE_MKLDNN=ON, USE_MPI=OFF, USE_NCCL=ON, USE_NNPACK=ON, USE_OPENMP=ON, USE_STATIC_DISPATCH=OFF, 

TorchVision: 0.4.2+cu100
OpenCV: 4.4.0
MMCV: 1.0.5
MMDetection: 2.3.0+788fa8d
MMDetection Compiler: GCC 7.3
MMDetection CUDA Compiler: 10.0
------------------------------------------------------------

2020-11-18 04:17:03,338 - mmdet - INFO - Distributed training: False
2020-11-18 04:17:03,731 - mmdet - INFO - Config:
model = dict(
    type='FasterRCNN',
    pretrained='torchvision://resnet50',
    backbone=dict(
        type='ResNet',
        depth=50,
        num_stages=4,
        out_indices=(0, 1, 2, 3),
        frozen_stages=1,
        norm_cfg=dict(type='BN', requires_grad=True),
        norm_eval=True,
        style='pytorch'),
    neck=dict(
        type='FPN',
        in_channels=[256, 512, 1024, 2048],
        out_channels=256,
        num_outs=5),
    rpn_head=dict(
        type='RPNHead',
        in_channels=256,
        feat_channels=256,
        anchor_generator=dict(
            type='AnchorGenerator',
            scales=[8],
            ratios=[0.5, 1.0, 2.0],
            strides=[4, 8, 16, 32, 64]),
        bbox_coder=dict(
            type='DeltaXYWHBBoxCoder',
            target_means=[0.0, 0.0, 0.0, 0.0],
            target_stds=[1.0, 1.0, 1.0, 1.0]),
        loss_cls=dict(
            type='CrossEntropyLoss', use_sigmoid=True, loss_weight=1.0),
        loss_bbox=dict(type='L1Loss', loss_weight=1.0)),
    roi_head=dict(
        type='StandardRoIHead',
        bbox_roi_extractor=dict(
            type='SingleRoIExtractor',
            roi_layer=dict(type='RoIAlign', output_size=7, sampling_ratio=0),
            out_channels=256,
            featmap_strides=[4, 8, 16, 32]),
        bbox_head=dict(
            type='Shared2FCBBoxHead',
            in_channels=256,
            fc_out_channels=1024,
            roi_feat_size=7,
            num_classes=2,
            bbox_coder=dict(
                type='DeltaXYWHBBoxCoder',
                target_means=[0.0, 0.0, 0.0, 0.0],
                target_stds=[0.1, 0.1, 0.2, 0.2]),
            reg_class_agnostic=False,
            loss_cls=dict(
                type='CrossEntropyLoss', use_sigmoid=False, loss_weight=1.0),
            loss_bbox=dict(type='L1Loss', loss_weight=1.0))))
train_cfg = dict(
    rpn=dict(
        assigner=dict(
            type='MaxIoUAssigner',
            pos_iou_thr=0.7,
            neg_iou_thr=0.3,
            min_pos_iou=0.3,
            match_low_quality=True,
            ignore_iof_thr=-1),
        sampler=dict(
            type='RandomSampler',
            num=256,
            pos_fraction=0.5,
            neg_pos_ub=-1,
            add_gt_as_proposals=False),
        allowed_border=-1,
        pos_weight=-1,
        debug=False),
    rpn_proposal=dict(
        nms_across_levels=False,
        nms_pre=2000,
        nms_post=1000,
        max_num=1000,
        nms_thr=0.7,
        min_bbox_size=0),
    rcnn=dict(
        assigner=dict(
            type='MaxIoUAssigner',
            pos_iou_thr=0.5,
            neg_iou_thr=0.5,
            min_pos_iou=0.5,
            match_low_quality=False,
            ignore_iof_thr=-1),
        sampler=dict(
            type='RandomSampler',
            num=512,
            pos_fraction=0.25,
            neg_pos_ub=-1,
            add_gt_as_proposals=True),
        pos_weight=-1,
        debug=False))
test_cfg = dict(
    rpn=dict(
        nms_across_levels=False,
        nms_pre=1000,
        nms_post=1000,
        max_num=1000,
        nms_thr=0.7,
        min_bbox_size=0),
    rcnn=dict(
        score_thr=0.05,
        nms=dict(type='nms', iou_threshold=0.5),
        max_per_img=100))
dataset_type = 'CocoDataset'
data_root = 'data/coco/'
img_norm_cfg = dict(
    mean=[123.675, 116.28, 103.53], std=[58.395, 57.12, 57.375], to_rgb=True)
train_pipeline = [
    dict(type='LoadImageFromFile'),
    dict(type='LoadAnnotations', with_bbox=True),
    dict(type='Resize', img_scale=(1550, 1550), keep_ratio=True),
    dict(type='RandomFlip', flip_ratio=0.5),
    dict(
        type='Normalize',
        mean=[123.675, 116.28, 103.53],
        std=[58.395, 57.12, 57.375],
        to_rgb=True),
    dict(type='Pad', size_divisor=32),
    dict(type='DefaultFormatBundle'),
    dict(type='Collect', keys=['img', 'gt_bboxes', 'gt_labels'])
]
test_pipeline = [
    dict(type='LoadImageFromFile'),
    dict(
        type='MultiScaleFlipAug',
        img_scale=(1550, 1550),
        flip=False,
        transforms=[
            dict(type='Resize', keep_ratio=True),
            dict(type='RandomFlip'),
            dict(
                type='Normalize',
                mean=[123.675, 116.28, 103.53],
                std=[58.395, 57.12, 57.375],
                to_rgb=True),
            dict(type='Pad', size_divisor=32),
            dict(type='ImageToTensor', keys=['img']),
            dict(type='Collect', keys=['img'])
        ])
]
data = dict(
    samples_per_gpu=2,
    workers_per_gpu=2,
    train=dict(
        type='CocoDataset',
        ann_file='data/coco/annotations/annotations_trai.json',
        img_prefix='data/coco/img/',
        pipeline=[
            dict(type='LoadImageFromFile'),
            dict(type='LoadAnnotations', with_bbox=True),
            dict(type='Resize', img_scale=(1550, 1550), keep_ratio=True),
            dict(type='RandomFlip', flip_ratio=0.5),
            dict(
                type='Normalize',
                mean=[123.675, 116.28, 103.53],
                std=[58.395, 57.12, 57.375],
                to_rgb=True),
            dict(type='Pad', size_divisor=32),
            dict(type='DefaultFormatBundle'),
            dict(type='Collect', keys=['img', 'gt_bboxes', 'gt_labels'])
        ]),
    val=dict(
        type='CocoDataset',
        ann_file='data/coco/annotations/annotations_test.json',
        img_prefix='data/coco/img/',
        pipeline=[
            dict(type='LoadImageFromFile'),
            dict(
                type='MultiScaleFlipAug',
                img_scale=(1550, 1550),
                flip=False,
                transforms=[
                    dict(type='Resize', keep_ratio=True),
                    dict(type='RandomFlip'),
                    dict(
                        type='Normalize',
                        mean=[123.675, 116.28, 103.53],
                        std=[58.395, 57.12, 57.375],
                        to_rgb=True),
                    dict(type='Pad', size_divisor=32),
                    dict(type='ImageToTensor', keys=['img']),
                    dict(type='Collect', keys=['img'])
                ])
        ]),
    test=dict(
        type='CocoDataset',
        ann_file='data/coco/annotations/annotations_vals.json',
        img_prefix='data/coco/img/',
        pipeline=[
            dict(type='LoadImageFromFile'),
            dict(
                type='MultiScaleFlipAug',
                img_scale=(1550, 1550),
                flip=False,
                transforms=[
                    dict(type='Resize', keep_ratio=True),
                    dict(type='RandomFlip'),
                    dict(
                        type='Normalize',
                        mean=[123.675, 116.28, 103.53],
                        std=[58.395, 57.12, 57.375],
                        to_rgb=True),
                    dict(type='Pad', size_divisor=32),
                    dict(type='ImageToTensor', keys=['img']),
                    dict(type='Collect', keys=['img'])
                ])
        ]))
evaluation = dict(interval=1, metric='bbox')
optimizer = dict(type='SGD', lr=0.01, momentum=0.9, weight_decay=0.0001)
optimizer_config = dict(grad_clip=None)
lr_config = dict(
    policy='step',
    warmup='linear',
    warmup_iters=500,
    warmup_ratio=0.001,
    step=[8, 11])
total_epochs = 4
checkpoint_config = dict(interval=4)
log_config = dict(interval=100, hooks=[dict(type='TextLoggerHook')])
dist_params = dict(backend='nccl')
log_level = 'INFO'
load_from = '/home/admin/.cache/torch/checkpoints/X.pth'
resume_from = None
workflow = [('train', 2), ('val', 1)]
work_dir = '/home/admin/jupyter/SecurityAI_Round5/data/work'
gpu_ids = range(0, 1)

2020-11-18 04:17:04,232 - mmdet - INFO - load model from: torchvision://resnet50
2020-11-18 04:17:12,327 - mmdet - WARNING - The model and loaded state dict do not match exactly

unexpected key in source state_dict: fc.weight, fc.bias

2020-11-18 04:17:22,813 - mmdet - INFO - load checkpoint from /home/admin/.cache/torch/checkpoints/X.pth
2020-11-18 04:17:29,946 - mmdet - INFO - Start running, host: admin@fuxilabor_labor0_S4_Odps_S96_dsw_prepaid_cnsh_838_2020111715115, work_dir: /home/admin/jupyter/SecurityAI_Round5/data/work
2020-11-18 04:17:29,946 - mmdet - INFO - workflow: [('train', 2), ('val', 1)], max: 4 epochs
2020-11-18 04:18:47,311 - mmdet - INFO - Epoch [1][100/626]	lr: 1.988e-03, eta: 0:30:55, time: 0.772, data_time: 0.033, memory: 8918, loss_rpn_cls: 0.0117, loss_rpn_bbox: 0.0585, loss_cls: 0.0782, acc: 96.8271, loss_bbox: 0.1453, loss: 0.2937
2020-11-18 04:20:02,063 - mmdet - INFO - Epoch [1][200/626]	lr: 3.986e-03, eta: 0:29:10, time: 0.748, data_time: 0.012, memory: 9530, loss_rpn_cls: 0.0143, loss_rpn_bbox: 0.0582, loss_cls: 0.0861, acc: 96.4941, loss_bbox: 0.1609, loss: 0.3195
2020-11-18 04:21:16,746 - mmdet - INFO - Epoch [1][300/626]	lr: 5.984e-03, eta: 0:27:44, time: 0.747, data_time: 0.012, memory: 9530, loss_rpn_cls: 0.0084, loss_rpn_bbox: 0.0546, loss_cls: 0.0761, acc: 96.8682, loss_bbox: 0.1590, loss: 0.2980
2020-11-18 04:22:31,187 - mmdet - INFO - Epoch [1][400/626]	lr: 7.982e-03, eta: 0:26:23, time: 0.744, data_time: 0.012, memory: 9530, loss_rpn_cls: 0.0053, loss_rpn_bbox: 0.0518, loss_cls: 0.0731, acc: 97.0449, loss_bbox: 0.1544, loss: 0.2847
2020-11-18 04:23:45,621 - mmdet - INFO - Epoch [1][500/626]	lr: 9.980e-03, eta: 0:25:04, time: 0.744, data_time: 0.012, memory: 10052, loss_rpn_cls: 0.0093, loss_rpn_bbox: 0.0560, loss_cls: 0.0717, acc: 97.0371, loss_bbox: 0.1488, loss: 0.2857
2020-11-18 04:25:00,006 - mmdet - INFO - Epoch [1][600/626]	lr: 1.000e-02, eta: 0:23:47, time: 0.744, data_time: 0.012, memory: 10052, loss_rpn_cls: 0.0092, loss_rpn_bbox: 0.0555, loss_cls: 0.0775, acc: 96.7441, loss_bbox: 0.1606, loss: 0.3027
2020-11-18 04:25:43,855 - mmdet - INFO - Evaluating bbox...
2020-11-18 04:25:47,102 - mmdet - INFO - Epoch [1][626/626]	lr: 1.000e-02, bbox_mAP: 0.7030, bbox_mAP_50: 0.8260, bbox_mAP_75: 0.7660, bbox_mAP_s: 0.3410, bbox_mAP_m: 0.6570, bbox_mAP_l: 0.8080, bbox_mAP_copypaste: 0.703 0.826 0.766 0.341 0.657 0.808
2020-11-18 04:27:04,304 - mmdet - INFO - Epoch [2][100/626]	lr: 1.000e-02, eta: 0:21:30, time: 0.770, data_time: 0.034, memory: 10052, loss_rpn_cls: 0.0160, loss_rpn_bbox: 0.0601, loss_cls: 0.0865, acc: 96.5381, loss_bbox: 0.1653, loss: 0.3279
2020-11-18 04:28:19,007 - mmdet - INFO - Epoch [2][200/626]	lr: 1.000e-02, eta: 0:20:22, time: 0.747, data_time: 0.012, memory: 10052, loss_rpn_cls: 0.0088, loss_rpn_bbox: 0.0592, loss_cls: 0.0750, acc: 97.0029, loss_bbox: 0.1481, loss: 0.2910
2020-11-18 04:29:33,588 - mmdet - INFO - Epoch [2][300/626]	lr: 1.000e-02, eta: 0:19:12, time: 0.746, data_time: 0.012, memory: 10052, loss_rpn_cls: 0.0134, loss_rpn_bbox: 0.0601, loss_cls: 0.0952, acc: 96.1562, loss_bbox: 0.1664, loss: 0.3351
2020-11-18 04:30:47,943 - mmdet - INFO - Epoch [2][400/626]	lr: 1.000e-02, eta: 0:18:01, time: 0.744, data_time: 0.012, memory: 10052, loss_rpn_cls: 0.0065, loss_rpn_bbox: 0.0600, loss_cls: 0.0743, acc: 96.9160, loss_bbox: 0.1542, loss: 0.2950
2020-11-18 04:32:02,695 - mmdet - INFO - Epoch [2][500/626]	lr: 1.000e-02, eta: 0:16:49, time: 0.748, data_time: 0.012, memory: 10052, loss_rpn_cls: 0.0077, loss_rpn_bbox: 0.0666, loss_cls: 0.0873, acc: 96.3838, loss_bbox: 0.1748, loss: 0.3364
2020-11-18 04:33:17,154 - mmdet - INFO - Epoch [2][600/626]	lr: 1.000e-02, eta: 0:15:37, time: 0.745, data_time: 0.012, memory: 10052, loss_rpn_cls: 0.0102, loss_rpn_bbox: 0.0662, loss_cls: 0.0856, acc: 96.5215, loss_bbox: 0.1778, loss: 0.3398
2020-11-18 04:34:00,829 - mmdet - INFO - Evaluating bbox...
2020-11-18 04:34:03,920 - mmdet - INFO - Epoch [2][626/626]	lr: 1.000e-02, bbox_mAP: 0.6990, bbox_mAP_50: 0.8200, bbox_mAP_75: 0.7510, bbox_mAP_s: 0.3240, bbox_mAP_m: 0.6510, bbox_mAP_l: 0.8090, bbox_mAP_copypaste: 0.699 0.820 0.751 0.324 0.651 0.809
2020-11-18 04:34:34,475 - mmdet - INFO - Epoch(train) [2][76]	loss_rpn_cls: 0.0095, loss_rpn_bbox: 0.0664, loss_cls: 0.0978, acc: 96.0012, loss_bbox: 0.1831, loss: 0.3568
2020-11-18 04:35:51,223 - mmdet - INFO - Epoch [3][100/626]	lr: 1.000e-02, eta: 0:13:51, time: 0.766, data_time: 0.033, memory: 10078, loss_rpn_cls: 0.0136, loss_rpn_bbox: 0.0650, loss_cls: 0.0867, acc: 96.3447, loss_bbox: 0.1742, loss: 0.3395
2020-11-18 04:37:05,727 - mmdet - INFO - Epoch [3][200/626]	lr: 1.000e-02, eta: 0:12:41, time: 0.745, data_time: 0.012, memory: 10078, loss_rpn_cls: 0.0093, loss_rpn_bbox: 0.0601, loss_cls: 0.0769, acc: 96.8203, loss_bbox: 0.1548, loss: 0.3011
2020-11-18 04:38:20,354 - mmdet - INFO - Epoch [3][300/626]	lr: 1.000e-02, eta: 0:11:30, time: 0.746, data_time: 0.012, memory: 10078, loss_rpn_cls: 0.0100, loss_rpn_bbox: 0.0637, loss_cls: 0.0933, acc: 96.1416, loss_bbox: 0.1722, loss: 0.3392
2020-11-18 04:39:34,755 - mmdet - INFO - Epoch [3][400/626]	lr: 1.000e-02, eta: 0:10:18, time: 0.744, data_time: 0.012, memory: 10078, loss_rpn_cls: 0.0109, loss_rpn_bbox: 0.0606, loss_cls: 0.0769, acc: 96.8291, loss_bbox: 0.1568, loss: 0.3051
2020-11-18 04:40:48,985 - mmdet - INFO - Epoch [3][500/626]	lr: 1.000e-02, eta: 0:09:06, time: 0.742, data_time: 0.012, memory: 10078, loss_rpn_cls: 0.0214, loss_rpn_bbox: 0.0629, loss_cls: 0.1059, acc: 96.0762, loss_bbox: 0.1691, loss: 0.3593
2020-11-18 04:42:03,201 - mmdet - INFO - Epoch [3][600/626]	lr: 1.000e-02, eta: 0:07:54, time: 0.742, data_time: 0.012, memory: 10078, loss_rpn_cls: 0.0196, loss_rpn_bbox: 0.0609, loss_cls: 0.0892, acc: 96.5215, loss_bbox: 0.1569, loss: 0.3267
2020-11-18 04:42:46,910 - mmdet - INFO - Evaluating bbox...
2020-11-18 04:42:51,605 - mmdet - INFO - Epoch [3][626/626]	lr: 1.000e-02, bbox_mAP: 0.6680, bbox_mAP_50: 0.8000, bbox_mAP_75: 0.7260, bbox_mAP_s: 0.2780, bbox_mAP_m: 0.5890, bbox_mAP_l: 0.7640, bbox_mAP_copypaste: 0.668 0.800 0.726 0.278 0.589 0.764
2020-11-18 04:44:08,467 - mmdet - INFO - Epoch [4][100/626]	lr: 1.000e-02, eta: 0:06:18, time: 0.767, data_time: 0.034, memory: 10078, loss_rpn_cls: 0.0147, loss_rpn_bbox: 0.0599, loss_cls: 0.0717, acc: 97.1445, loss_bbox: 0.1509, loss: 0.2973
2020-11-18 04:45:23,016 - mmdet - INFO - Epoch [4][200/626]	lr: 1.000e-02, eta: 0:05:07, time: 0.745, data_time: 0.012, memory: 10078, loss_rpn_cls: 0.0171, loss_rpn_bbox: 0.0633, loss_cls: 0.0883, acc: 96.6260, loss_bbox: 0.1674, loss: 0.3361
2020-11-18 04:46:38,036 - mmdet - INFO - Epoch [4][300/626]	lr: 1.000e-02, eta: 0:03:55, time: 0.750, data_time: 0.012, memory: 10078, loss_rpn_cls: 0.0084, loss_rpn_bbox: 0.0625, loss_cls: 0.0848, acc: 96.4912, loss_bbox: 0.1663, loss: 0.3219
2020-11-18 04:47:52,540 - mmdet - INFO - Epoch [4][400/626]	lr: 1.000e-02, eta: 0:02:43, time: 0.745, data_time: 0.012, memory: 10078, loss_rpn_cls: 0.0116, loss_rpn_bbox: 0.0611, loss_cls: 0.0832, acc: 96.6543, loss_bbox: 0.1575, loss: 0.3134
2020-11-18 04:49:07,101 - mmdet - INFO - Epoch [4][500/626]	lr: 1.000e-02, eta: 0:01:31, time: 0.746, data_time: 0.012, memory: 10078, loss_rpn_cls: 0.0119, loss_rpn_bbox: 0.0598, loss_cls: 0.0782, acc: 96.8672, loss_bbox: 0.1550, loss: 0.3049
2020-11-18 04:50:21,680 - mmdet - INFO - Epoch [4][600/626]	lr: 1.000e-02, eta: 0:00:18, time: 0.746, data_time: 0.012, memory: 10078, loss_rpn_cls: 0.0080, loss_rpn_bbox: 0.0626, loss_cls: 0.0811, acc: 96.6455, loss_bbox: 0.1670, loss: 0.3188
2020-11-18 04:50:40,929 - mmdet - INFO - Saving checkpoint at 4 epochs
2020-11-18 04:51:07,361 - mmdet - INFO - Evaluating bbox...
2020-11-18 04:51:10,555 - mmdet - INFO - Epoch [4][626/626]	lr: 1.000e-02, bbox_mAP: 0.7050, bbox_mAP_50: 0.8200, bbox_mAP_75: 0.7550, bbox_mAP_s: 0.3100, bbox_mAP_m: 0.6550, bbox_mAP_l: 0.8200, bbox_mAP_copypaste: 0.705 0.820 0.755 0.310 0.655 0.820
2020-11-18 04:51:41,368 - mmdet - INFO - Epoch(train) [4][76]	loss_rpn_cls: 0.0095, loss_rpn_bbox: 0.0669, loss_cls: 0.0990, acc: 95.9306, loss_bbox: 0.1800, loss: 0.3554
