2020-11-18 02:12:29,830 - mmdet - INFO - Environment info:
------------------------------------------------------------
sys.platform: linux
Python: 3.6.4 |Anaconda, Inc.| (default, Jan 16 2018, 18:10:19) [GCC 7.2.0]
CUDA available: True
CUDA_HOME: /usr/local/cuda
NVCC: Cuda compilation tools, release 10.0, V10.0.130
GPU 0: Tesla P100-PCIE-16GB
GCC: gcc (GCC) 5.3.0
PyTorch: 1.3.1+cu100
PyTorch compiling details: PyTorch built with:
  - GCC 7.3
  - Intel(R) Math Kernel Library Version 2019.0.4 Product Build 20190411 for Intel(R) 64 architecture applications
  - Intel(R) MKL-DNN v0.20.5 (Git Hash 0125f28c61c1f822fd48570b4c1066f96fcb9b2e)
  - OpenMP 201511 (a.k.a. OpenMP 4.5)
  - NNPACK is enabled
  - CUDA Runtime 10.0
  - NVCC architecture flags: -gencode;arch=compute_37,code=sm_37;-gencode;arch=compute_50,code=sm_50;-gencode;arch=compute_60,code=sm_60;-gencode;arch=compute_61,code=sm_61;-gencode;arch=compute_70,code=sm_70;-gencode;arch=compute_75,code=sm_75;-gencode;arch=compute_37,code=compute_37
  - CuDNN 7.6.3
  - Magma 2.5.1
  - Build settings: BLAS=MKL, BUILD_NAMEDTENSOR=OFF, BUILD_TYPE=Release, CXX_FLAGS= -Wno-deprecated -fvisibility-inlines-hidden -fopenmp -DUSE_FBGEMM -DUSE_QNNPACK -DUSE_PYTORCH_QNNPACK -O2 -fPIC -Wno-narrowing -Wall -Wextra -Wno-missing-field-initializers -Wno-type-limits -Wno-array-bounds -Wno-unknown-pragmas -Wno-sign-compare -Wno-unused-parameter -Wno-unused-variable -Wno-unused-function -Wno-unused-result -Wno-strict-overflow -Wno-strict-aliasing -Wno-error=deprecated-declarations -Wno-stringop-overflow -Wno-error=pedantic -Wno-error=redundant-decls -Wno-error=old-style-cast -fdiagnostics-color=always -faligned-new -Wno-unused-but-set-variable -Wno-maybe-uninitialized -fno-math-errno -fno-trapping-math -Wno-stringop-overflow, DISABLE_NUMA=1, PERF_WITH_AVX=1, PERF_WITH_AVX2=1, PERF_WITH_AVX512=1, USE_CUDA=True, USE_EXCEPTION_PTR=1, USE_GFLAGS=OFF, USE_GLOG=OFF, USE_MKL=ON, USE_MKLDNN=ON, USE_MPI=OFF, USE_NCCL=ON, USE_NNPACK=ON, USE_OPENMP=ON, USE_STATIC_DISPATCH=OFF, 

TorchVision: 0.4.2+cu100
OpenCV: 4.4.0
MMCV: 1.0.5
MMDetection: 2.3.0+788fa8d
MMDetection Compiler: GCC 7.3
MMDetection CUDA Compiler: 10.0
------------------------------------------------------------

2020-11-18 02:12:29,830 - mmdet - INFO - Distributed training: False
2020-11-18 02:12:30,229 - mmdet - INFO - Config:
model = dict(
    type='FasterRCNN',
    pretrained='torchvision://resnet50',
    backbone=dict(
        type='ResNet',
        depth=50,
        num_stages=4,
        out_indices=(0, 1, 2, 3),
        frozen_stages=1,
        norm_cfg=dict(type='BN', requires_grad=True),
        norm_eval=True,
        style='pytorch'),
    neck=dict(
        type='FPN',
        in_channels=[256, 512, 1024, 2048],
        out_channels=256,
        num_outs=5),
    rpn_head=dict(
        type='RPNHead',
        in_channels=256,
        feat_channels=256,
        anchor_generator=dict(
            type='AnchorGenerator',
            scales=[8],
            ratios=[0.5, 1.0, 2.0],
            strides=[4, 8, 16, 32, 64]),
        bbox_coder=dict(
            type='DeltaXYWHBBoxCoder',
            target_means=[0.0, 0.0, 0.0, 0.0],
            target_stds=[1.0, 1.0, 1.0, 1.0]),
        loss_cls=dict(
            type='CrossEntropyLoss', use_sigmoid=True, loss_weight=1.0),
        loss_bbox=dict(type='L1Loss', loss_weight=1.0)),
    roi_head=dict(
        type='StandardRoIHead',
        bbox_roi_extractor=dict(
            type='SingleRoIExtractor',
            roi_layer=dict(type='RoIAlign', output_size=7, sampling_ratio=0),
            out_channels=256,
            featmap_strides=[4, 8, 16, 32]),
        bbox_head=dict(
            type='Shared2FCBBoxHead',
            in_channels=256,
            fc_out_channels=1024,
            roi_feat_size=7,
            num_classes=2,
            bbox_coder=dict(
                type='DeltaXYWHBBoxCoder',
                target_means=[0.0, 0.0, 0.0, 0.0],
                target_stds=[0.1, 0.1, 0.2, 0.2]),
            reg_class_agnostic=False,
            loss_cls=dict(
                type='CrossEntropyLoss', use_sigmoid=False, loss_weight=1.0),
            loss_bbox=dict(type='L1Loss', loss_weight=1.0))))
train_cfg = dict(
    rpn=dict(
        assigner=dict(
            type='MaxIoUAssigner',
            pos_iou_thr=0.7,
            neg_iou_thr=0.3,
            min_pos_iou=0.3,
            match_low_quality=True,
            ignore_iof_thr=-1),
        sampler=dict(
            type='RandomSampler',
            num=256,
            pos_fraction=0.5,
            neg_pos_ub=-1,
            add_gt_as_proposals=False),
        allowed_border=-1,
        pos_weight=-1,
        debug=False),
    rpn_proposal=dict(
        nms_across_levels=False,
        nms_pre=2000,
        nms_post=1000,
        max_num=1000,
        nms_thr=0.7,
        min_bbox_size=0),
    rcnn=dict(
        assigner=dict(
            type='MaxIoUAssigner',
            pos_iou_thr=0.5,
            neg_iou_thr=0.5,
            min_pos_iou=0.5,
            match_low_quality=False,
            ignore_iof_thr=-1),
        sampler=dict(
            type='RandomSampler',
            num=512,
            pos_fraction=0.25,
            neg_pos_ub=-1,
            add_gt_as_proposals=True),
        pos_weight=-1,
        debug=False))
test_cfg = dict(
    rpn=dict(
        nms_across_levels=False,
        nms_pre=1000,
        nms_post=1000,
        max_num=1000,
        nms_thr=0.7,
        min_bbox_size=0),
    rcnn=dict(
        score_thr=0.05,
        nms=dict(type='nms', iou_threshold=0.5),
        max_per_img=100))
dataset_type = 'CocoDataset'
data_root = 'data/coco/'
img_norm_cfg = dict(
    mean=[123.675, 116.28, 103.53], std=[58.395, 57.12, 57.375], to_rgb=True)
train_pipeline = [
    dict(type='LoadImageFromFile'),
    dict(type='LoadAnnotations', with_bbox=True),
    dict(type='Resize', img_scale=(1550, 1550), keep_ratio=True),
    dict(type='RandomFlip', flip_ratio=0.5),
    dict(
        type='Normalize',
        mean=[123.675, 116.28, 103.53],
        std=[58.395, 57.12, 57.375],
        to_rgb=True),
    dict(type='Pad', size_divisor=32),
    dict(type='DefaultFormatBundle'),
    dict(type='Collect', keys=['img', 'gt_bboxes', 'gt_labels'])
]
test_pipeline = [
    dict(type='LoadImageFromFile'),
    dict(
        type='MultiScaleFlipAug',
        img_scale=(1550, 1550),
        flip=False,
        transforms=[
            dict(type='Resize', keep_ratio=True),
            dict(type='RandomFlip'),
            dict(
                type='Normalize',
                mean=[123.675, 116.28, 103.53],
                std=[58.395, 57.12, 57.375],
                to_rgb=True),
            dict(type='Pad', size_divisor=32),
            dict(type='ImageToTensor', keys=['img']),
            dict(type='Collect', keys=['img'])
        ])
]
data = dict(
    samples_per_gpu=2,
    workers_per_gpu=2,
    train=dict(
        type='CocoDataset',
        ann_file='data/coco/annotations/annotations_trai.json',
        img_prefix='data/coco/img/',
        pipeline=[
            dict(type='LoadImageFromFile'),
            dict(type='LoadAnnotations', with_bbox=True),
            dict(type='Resize', img_scale=(1550, 1550), keep_ratio=True),
            dict(type='RandomFlip', flip_ratio=0.5),
            dict(
                type='Normalize',
                mean=[123.675, 116.28, 103.53],
                std=[58.395, 57.12, 57.375],
                to_rgb=True),
            dict(type='Pad', size_divisor=32),
            dict(type='DefaultFormatBundle'),
            dict(type='Collect', keys=['img', 'gt_bboxes', 'gt_labels'])
        ]),
    val=dict(
        type='CocoDataset',
        ann_file='data/coco/annotations/annotations_test.json',
        img_prefix='data/coco/img/',
        pipeline=[
            dict(type='LoadImageFromFile'),
            dict(
                type='MultiScaleFlipAug',
                img_scale=(1550, 1550),
                flip=False,
                transforms=[
                    dict(type='Resize', keep_ratio=True),
                    dict(type='RandomFlip'),
                    dict(
                        type='Normalize',
                        mean=[123.675, 116.28, 103.53],
                        std=[58.395, 57.12, 57.375],
                        to_rgb=True),
                    dict(type='Pad', size_divisor=32),
                    dict(type='ImageToTensor', keys=['img']),
                    dict(type='Collect', keys=['img'])
                ])
        ]),
    test=dict(
        type='CocoDataset',
        ann_file='data/coco/annotations/annotations_vals.json',
        img_prefix='data/coco/img/',
        pipeline=[
            dict(type='LoadImageFromFile'),
            dict(
                type='MultiScaleFlipAug',
                img_scale=(1550, 1550),
                flip=False,
                transforms=[
                    dict(type='Resize', keep_ratio=True),
                    dict(type='RandomFlip'),
                    dict(
                        type='Normalize',
                        mean=[123.675, 116.28, 103.53],
                        std=[58.395, 57.12, 57.375],
                        to_rgb=True),
                    dict(type='Pad', size_divisor=32),
                    dict(type='ImageToTensor', keys=['img']),
                    dict(type='Collect', keys=['img'])
                ])
        ]))
evaluation = dict(interval=1, metric='bbox')
optimizer = dict(type='SGD', lr=0.01, momentum=0.9, weight_decay=0.0001)
optimizer_config = dict(grad_clip=None)
lr_config = dict(
    policy='step',
    warmup='linear',
    warmup_iters=500,
    warmup_ratio=0.001,
    step=[8, 11])
total_epochs = 4
checkpoint_config = dict(interval=4)
log_config = dict(interval=100, hooks=[dict(type='TextLoggerHook')])
dist_params = dict(backend='nccl')
log_level = 'INFO'
load_from = '/home/admin/.cache/torch/checkpoints/X.pth'
resume_from = None
workflow = [('train', 2), ('val', 1)]
work_dir = '/home/admin/jupyter/SecurityAI_Round5/data/work'
gpu_ids = range(0, 1)

2020-11-18 02:12:30,733 - mmdet - INFO - load model from: torchvision://resnet50
2020-11-18 02:12:39,270 - mmdet - WARNING - The model and loaded state dict do not match exactly

unexpected key in source state_dict: fc.weight, fc.bias

2020-11-18 02:12:50,113 - mmdet - INFO - load checkpoint from /home/admin/.cache/torch/checkpoints/X.pth
2020-11-18 02:12:57,191 - mmdet - INFO - Start running, host: admin@fuxilabor_labor0_S4_Odps_S96_dsw_prepaid_cnsh_838_2020111715115, work_dir: /home/admin/jupyter/SecurityAI_Round5/data/work
2020-11-18 02:12:57,192 - mmdet - INFO - workflow: [('train', 2), ('val', 1)], max: 4 epochs
2020-11-18 02:14:14,451 - mmdet - INFO - Epoch [1][100/629]	lr: 1.988e-03, eta: 0:31:02, time: 0.771, data_time: 0.034, memory: 11911, loss_rpn_cls: 0.0168, loss_rpn_bbox: 0.0615, loss_cls: 0.0914, acc: 96.4453, loss_bbox: 0.1680, loss: 0.3376
2020-11-18 02:15:28,984 - mmdet - INFO - Epoch [1][200/629]	lr: 3.986e-03, eta: 0:29:15, time: 0.745, data_time: 0.012, memory: 11911, loss_rpn_cls: 0.0114, loss_rpn_bbox: 0.0575, loss_cls: 0.0883, acc: 96.4443, loss_bbox: 0.1717, loss: 0.3289
2020-11-18 02:16:43,296 - mmdet - INFO - Epoch [1][300/629]	lr: 5.984e-03, eta: 0:27:48, time: 0.743, data_time: 0.012, memory: 11911, loss_rpn_cls: 0.0149, loss_rpn_bbox: 0.0619, loss_cls: 0.1031, acc: 95.8154, loss_bbox: 0.1853, loss: 0.3651
2020-11-18 02:17:57,381 - mmdet - INFO - Epoch [1][400/629]	lr: 7.982e-03, eta: 0:26:26, time: 0.741, data_time: 0.012, memory: 11911, loss_rpn_cls: 0.0121, loss_rpn_bbox: 0.0642, loss_cls: 0.0980, acc: 96.0898, loss_bbox: 0.1822, loss: 0.3564
2020-11-18 02:19:11,828 - mmdet - INFO - Epoch [1][500/629]	lr: 9.980e-03, eta: 0:25:09, time: 0.744, data_time: 0.012, memory: 11911, loss_rpn_cls: 0.0138, loss_rpn_bbox: 0.0649, loss_cls: 0.0911, acc: 96.4131, loss_bbox: 0.1706, loss: 0.3404
2020-11-18 02:20:25,917 - mmdet - INFO - Epoch [1][600/629]	lr: 1.000e-02, eta: 0:23:52, time: 0.741, data_time: 0.012, memory: 11911, loss_rpn_cls: 0.0195, loss_rpn_bbox: 0.0705, loss_cls: 0.1055, acc: 95.8457, loss_bbox: 0.1839, loss: 0.3794
2020-11-18 02:21:10,201 - mmdet - INFO - Evaluating bbox...
2020-11-18 02:21:12,865 - mmdet - INFO - Epoch [1][629/629]	lr: 1.000e-02, bbox_mAP: 0.6960, bbox_mAP_50: 0.8200, bbox_mAP_75: 0.7480, bbox_mAP_s: 0.2740, bbox_mAP_m: 0.6420, bbox_mAP_l: 0.8060, bbox_mAP_copypaste: 0.696 0.820 0.748 0.274 0.642 0.806
2020-11-18 02:22:29,778 - mmdet - INFO - Epoch [2][100/629]	lr: 1.000e-02, eta: 0:21:27, time: 0.767, data_time: 0.034, memory: 11911, loss_rpn_cls: 0.0145, loss_rpn_bbox: 0.0702, loss_cls: 0.0993, acc: 95.9482, loss_bbox: 0.1793, loss: 0.3632
2020-11-18 02:23:44,000 - mmdet - INFO - Epoch [2][200/629]	lr: 1.000e-02, eta: 0:20:19, time: 0.742, data_time: 0.012, memory: 11911, loss_rpn_cls: 0.0131, loss_rpn_bbox: 0.0704, loss_cls: 0.0869, acc: 96.5527, loss_bbox: 0.1779, loss: 0.3482
2020-11-18 02:24:58,162 - mmdet - INFO - Epoch [2][300/629]	lr: 1.000e-02, eta: 0:19:10, time: 0.742, data_time: 0.012, memory: 11911, loss_rpn_cls: 0.0118, loss_rpn_bbox: 0.0674, loss_cls: 0.0896, acc: 96.3721, loss_bbox: 0.1708, loss: 0.3397
2020-11-18 02:26:12,271 - mmdet - INFO - Epoch [2][400/629]	lr: 1.000e-02, eta: 0:18:00, time: 0.741, data_time: 0.012, memory: 11911, loss_rpn_cls: 0.0155, loss_rpn_bbox: 0.0632, loss_cls: 0.0991, acc: 96.0703, loss_bbox: 0.1816, loss: 0.3592
2020-11-18 02:27:26,503 - mmdet - INFO - Epoch [2][500/629]	lr: 1.000e-02, eta: 0:16:49, time: 0.742, data_time: 0.012, memory: 11911, loss_rpn_cls: 0.0145, loss_rpn_bbox: 0.0704, loss_cls: 0.1091, acc: 95.4971, loss_bbox: 0.2001, loss: 0.3941
2020-11-18 02:28:40,776 - mmdet - INFO - Epoch [2][600/629]	lr: 1.000e-02, eta: 0:15:38, time: 0.743, data_time: 0.012, memory: 11911, loss_rpn_cls: 0.0175, loss_rpn_bbox: 0.0677, loss_cls: 0.1120, acc: 95.5596, loss_bbox: 0.1859, loss: 0.3831
2020-11-18 02:29:24,931 - mmdet - INFO - Evaluating bbox...
2020-11-18 02:29:27,539 - mmdet - INFO - Epoch [2][629/629]	lr: 1.000e-02, bbox_mAP: 0.6990, bbox_mAP_50: 0.8310, bbox_mAP_75: 0.7450, bbox_mAP_s: 0.2810, bbox_mAP_m: 0.6560, bbox_mAP_l: 0.8070, bbox_mAP_copypaste: 0.699 0.831 0.745 0.281 0.656 0.807
2020-11-18 02:29:56,167 - mmdet - INFO - Epoch(train) [2][71]	loss_rpn_cls: 0.0145, loss_rpn_bbox: 0.0668, loss_cls: 0.0875, acc: 96.4280, loss_bbox: 0.1695, loss: 0.3383
2020-11-18 02:31:13,074 - mmdet - INFO - Epoch [3][100/629]	lr: 1.000e-02, eta: 0:13:49, time: 0.767, data_time: 0.033, memory: 11911, loss_rpn_cls: 0.0111, loss_rpn_bbox: 0.0666, loss_cls: 0.1016, acc: 95.8242, loss_bbox: 0.1938, loss: 0.3730
2020-11-18 02:32:27,333 - mmdet - INFO - Epoch [3][200/629]	lr: 1.000e-02, eta: 0:12:39, time: 0.743, data_time: 0.012, memory: 11911, loss_rpn_cls: 0.0157, loss_rpn_bbox: 0.0665, loss_cls: 0.1025, acc: 95.9912, loss_bbox: 0.1784, loss: 0.3631
2020-11-18 02:33:41,717 - mmdet - INFO - Epoch [3][300/629]	lr: 1.000e-02, eta: 0:11:29, time: 0.744, data_time: 0.012, memory: 11911, loss_rpn_cls: 0.0086, loss_rpn_bbox: 0.0679, loss_cls: 0.0918, acc: 96.2148, loss_bbox: 0.1862, loss: 0.3545
2020-11-18 02:34:55,951 - mmdet - INFO - Epoch [3][400/629]	lr: 1.000e-02, eta: 0:10:18, time: 0.742, data_time: 0.012, memory: 11911, loss_rpn_cls: 0.0130, loss_rpn_bbox: 0.0666, loss_cls: 0.0936, acc: 96.2783, loss_bbox: 0.1757, loss: 0.3488
2020-11-18 02:36:10,106 - mmdet - INFO - Epoch [3][500/629]	lr: 1.000e-02, eta: 0:09:07, time: 0.742, data_time: 0.012, memory: 11911, loss_rpn_cls: 0.0229, loss_rpn_bbox: 0.0729, loss_cls: 0.1127, acc: 95.6006, loss_bbox: 0.1848, loss: 0.3933
2020-11-18 02:37:24,358 - mmdet - INFO - Epoch [3][600/629]	lr: 1.000e-02, eta: 0:07:56, time: 0.743, data_time: 0.012, memory: 11911, loss_rpn_cls: 0.0272, loss_rpn_bbox: 0.0717, loss_cls: 0.1071, acc: 95.8730, loss_bbox: 0.1797, loss: 0.3856
2020-11-18 02:38:08,498 - mmdet - INFO - Evaluating bbox...
2020-11-18 02:38:11,829 - mmdet - INFO - Epoch [3][629/629]	lr: 1.000e-02, bbox_mAP: 0.6540, bbox_mAP_50: 0.7830, bbox_mAP_75: 0.6910, bbox_mAP_s: 0.2420, bbox_mAP_m: 0.6110, bbox_mAP_l: 0.7640, bbox_mAP_copypaste: 0.654 0.783 0.691 0.242 0.611 0.764
2020-11-18 02:39:28,532 - mmdet - INFO - Epoch [4][100/629]	lr: 1.000e-02, eta: 0:06:18, time: 0.765, data_time: 0.034, memory: 11911, loss_rpn_cls: 0.0183, loss_rpn_bbox: 0.0670, loss_cls: 0.0994, acc: 95.9912, loss_bbox: 0.1772, loss: 0.3618
2020-11-18 02:40:42,864 - mmdet - INFO - Epoch [4][200/629]	lr: 1.000e-02, eta: 0:05:07, time: 0.743, data_time: 0.012, memory: 11911, loss_rpn_cls: 0.0158, loss_rpn_bbox: 0.0701, loss_cls: 0.0993, acc: 96.0273, loss_bbox: 0.1740, loss: 0.3593
2020-11-18 02:41:57,165 - mmdet - INFO - Epoch [4][300/629]	lr: 1.000e-02, eta: 0:03:56, time: 0.743, data_time: 0.012, memory: 11911, loss_rpn_cls: 0.0144, loss_rpn_bbox: 0.0710, loss_cls: 0.1012, acc: 95.9619, loss_bbox: 0.1887, loss: 0.3753
2020-11-18 02:43:11,622 - mmdet - INFO - Epoch [4][400/629]	lr: 1.000e-02, eta: 0:02:44, time: 0.745, data_time: 0.012, memory: 11911, loss_rpn_cls: 0.0106, loss_rpn_bbox: 0.0685, loss_cls: 0.0884, acc: 96.4092, loss_bbox: 0.1787, loss: 0.3462
2020-11-18 02:44:25,874 - mmdet - INFO - Epoch [4][500/629]	lr: 1.000e-02, eta: 0:01:32, time: 0.743, data_time: 0.012, memory: 11911, loss_rpn_cls: 0.0122, loss_rpn_bbox: 0.0661, loss_cls: 0.1015, acc: 95.8779, loss_bbox: 0.1873, loss: 0.3672
2020-11-18 02:45:40,068 - mmdet - INFO - Epoch [4][600/629]	lr: 1.000e-02, eta: 0:00:20, time: 0.742, data_time: 0.012, memory: 11911, loss_rpn_cls: 0.0272, loss_rpn_bbox: 0.0728, loss_cls: 0.1053, acc: 95.7529, loss_bbox: 0.1748, loss: 0.3800
2020-11-18 02:46:01,446 - mmdet - INFO - Saving checkpoint at 4 epochs
2020-11-18 02:46:26,222 - mmdet - INFO - Evaluating bbox...
2020-11-18 02:46:29,014 - mmdet - INFO - Epoch [4][629/629]	lr: 1.000e-02, bbox_mAP: 0.6900, bbox_mAP_50: 0.8140, bbox_mAP_75: 0.7380, bbox_mAP_s: 0.2570, bbox_mAP_m: 0.6300, bbox_mAP_l: 0.8010, bbox_mAP_copypaste: 0.690 0.814 0.738 0.257 0.630 0.801
2020-11-18 02:46:57,445 - mmdet - INFO - Epoch(train) [4][71]	loss_rpn_cls: 0.0182, loss_rpn_bbox: 0.0656, loss_cls: 0.0922, acc: 96.3730, loss_bbox: 0.1767, loss: 0.3528
