2020-11-18 15:25:01,735 - mmdet - INFO - Environment info:
------------------------------------------------------------
sys.platform: linux
Python: 3.6.4 |Anaconda, Inc.| (default, Jan 16 2018, 18:10:19) [GCC 7.2.0]
CUDA available: True
CUDA_HOME: /usr/local/cuda
NVCC: Cuda compilation tools, release 10.0, V10.0.130
GPU 0: Tesla P100-PCIE-16GB
GCC: gcc (GCC) 5.3.0
PyTorch: 1.3.1+cu100
PyTorch compiling details: PyTorch built with:
  - GCC 7.3
  - Intel(R) Math Kernel Library Version 2019.0.4 Product Build 20190411 for Intel(R) 64 architecture applications
  - Intel(R) MKL-DNN v0.20.5 (Git Hash 0125f28c61c1f822fd48570b4c1066f96fcb9b2e)
  - OpenMP 201511 (a.k.a. OpenMP 4.5)
  - NNPACK is enabled
  - CUDA Runtime 10.0
  - NVCC architecture flags: -gencode;arch=compute_37,code=sm_37;-gencode;arch=compute_50,code=sm_50;-gencode;arch=compute_60,code=sm_60;-gencode;arch=compute_61,code=sm_61;-gencode;arch=compute_70,code=sm_70;-gencode;arch=compute_75,code=sm_75;-gencode;arch=compute_37,code=compute_37
  - CuDNN 7.6.3
  - Magma 2.5.1
  - Build settings: BLAS=MKL, BUILD_NAMEDTENSOR=OFF, BUILD_TYPE=Release, CXX_FLAGS= -Wno-deprecated -fvisibility-inlines-hidden -fopenmp -DUSE_FBGEMM -DUSE_QNNPACK -DUSE_PYTORCH_QNNPACK -O2 -fPIC -Wno-narrowing -Wall -Wextra -Wno-missing-field-initializers -Wno-type-limits -Wno-array-bounds -Wno-unknown-pragmas -Wno-sign-compare -Wno-unused-parameter -Wno-unused-variable -Wno-unused-function -Wno-unused-result -Wno-strict-overflow -Wno-strict-aliasing -Wno-error=deprecated-declarations -Wno-stringop-overflow -Wno-error=pedantic -Wno-error=redundant-decls -Wno-error=old-style-cast -fdiagnostics-color=always -faligned-new -Wno-unused-but-set-variable -Wno-maybe-uninitialized -fno-math-errno -fno-trapping-math -Wno-stringop-overflow, DISABLE_NUMA=1, PERF_WITH_AVX=1, PERF_WITH_AVX2=1, PERF_WITH_AVX512=1, USE_CUDA=True, USE_EXCEPTION_PTR=1, USE_GFLAGS=OFF, USE_GLOG=OFF, USE_MKL=ON, USE_MKLDNN=ON, USE_MPI=OFF, USE_NCCL=ON, USE_NNPACK=ON, USE_OPENMP=ON, USE_STATIC_DISPATCH=OFF, 

TorchVision: 0.4.2+cu100
OpenCV: 4.4.0
MMCV: 1.0.5
MMDetection: 2.3.0+788fa8d
MMDetection Compiler: GCC 7.3
MMDetection CUDA Compiler: 10.0
------------------------------------------------------------

2020-11-18 15:25:01,735 - mmdet - INFO - Distributed training: False
2020-11-18 15:25:02,131 - mmdet - INFO - Config:
model = dict(
    type='FasterRCNN',
    pretrained='torchvision://resnet50',
    backbone=dict(
        type='ResNet',
        depth=50,
        num_stages=4,
        out_indices=(0, 1, 2, 3),
        frozen_stages=1,
        norm_cfg=dict(type='BN', requires_grad=True),
        norm_eval=True,
        style='pytorch'),
    neck=dict(
        type='FPN',
        in_channels=[256, 512, 1024, 2048],
        out_channels=256,
        num_outs=5),
    rpn_head=dict(
        type='RPNHead',
        in_channels=256,
        feat_channels=256,
        anchor_generator=dict(
            type='AnchorGenerator',
            scales=[8],
            ratios=[0.5, 1.0, 2.0],
            strides=[4, 8, 16, 32, 64]),
        bbox_coder=dict(
            type='DeltaXYWHBBoxCoder',
            target_means=[0.0, 0.0, 0.0, 0.0],
            target_stds=[1.0, 1.0, 1.0, 1.0]),
        loss_cls=dict(
            type='CrossEntropyLoss', use_sigmoid=True, loss_weight=1.0),
        loss_bbox=dict(type='L1Loss', loss_weight=1.0)),
    roi_head=dict(
        type='StandardRoIHead',
        bbox_roi_extractor=dict(
            type='SingleRoIExtractor',
            roi_layer=dict(type='RoIAlign', output_size=7, sampling_ratio=0),
            out_channels=256,
            featmap_strides=[4, 8, 16, 32]),
        bbox_head=dict(
            type='Shared2FCBBoxHead',
            in_channels=256,
            fc_out_channels=1024,
            roi_feat_size=7,
            num_classes=2,
            bbox_coder=dict(
                type='DeltaXYWHBBoxCoder',
                target_means=[0.0, 0.0, 0.0, 0.0],
                target_stds=[0.1, 0.1, 0.2, 0.2]),
            reg_class_agnostic=False,
            loss_cls=dict(
                type='CrossEntropyLoss', use_sigmoid=False, loss_weight=1.0),
            loss_bbox=dict(type='L1Loss', loss_weight=1.0))))
train_cfg = dict(
    rpn=dict(
        assigner=dict(
            type='MaxIoUAssigner',
            pos_iou_thr=0.7,
            neg_iou_thr=0.3,
            min_pos_iou=0.3,
            match_low_quality=True,
            ignore_iof_thr=-1),
        sampler=dict(
            type='RandomSampler',
            num=256,
            pos_fraction=0.5,
            neg_pos_ub=-1,
            add_gt_as_proposals=False),
        allowed_border=-1,
        pos_weight=-1,
        debug=False),
    rpn_proposal=dict(
        nms_across_levels=False,
        nms_pre=2000,
        nms_post=1000,
        max_num=1000,
        nms_thr=0.7,
        min_bbox_size=0),
    rcnn=dict(
        assigner=dict(
            type='MaxIoUAssigner',
            pos_iou_thr=0.5,
            neg_iou_thr=0.5,
            min_pos_iou=0.5,
            match_low_quality=False,
            ignore_iof_thr=-1),
        sampler=dict(
            type='RandomSampler',
            num=512,
            pos_fraction=0.25,
            neg_pos_ub=-1,
            add_gt_as_proposals=True),
        pos_weight=-1,
        debug=False))
test_cfg = dict(
    rpn=dict(
        nms_across_levels=False,
        nms_pre=1000,
        nms_post=1000,
        max_num=1000,
        nms_thr=0.7,
        min_bbox_size=0),
    rcnn=dict(
        score_thr=0.05,
        nms=dict(type='nms', iou_threshold=0.5),
        max_per_img=100))
dataset_type = 'CocoDataset'
data_root = 'data/coco/'
img_norm_cfg = dict(
    mean=[123.675, 116.28, 103.53], std=[58.395, 57.12, 57.375], to_rgb=True)
train_pipeline = [
    dict(type='LoadImageFromFile'),
    dict(type='LoadAnnotations', with_bbox=True),
    dict(type='Resize', img_scale=(1550, 1550), keep_ratio=True),
    dict(type='RandomFlip', flip_ratio=0.5),
    dict(
        type='Normalize',
        mean=[123.675, 116.28, 103.53],
        std=[58.395, 57.12, 57.375],
        to_rgb=True),
    dict(type='Pad', size_divisor=32),
    dict(type='DefaultFormatBundle'),
    dict(type='Collect', keys=['img', 'gt_bboxes', 'gt_labels'])
]
test_pipeline = [
    dict(type='LoadImageFromFile'),
    dict(
        type='MultiScaleFlipAug',
        img_scale=(1550, 1550),
        flip=False,
        transforms=[
            dict(type='Resize', keep_ratio=True),
            dict(type='RandomFlip'),
            dict(
                type='Normalize',
                mean=[123.675, 116.28, 103.53],
                std=[58.395, 57.12, 57.375],
                to_rgb=True),
            dict(type='Pad', size_divisor=32),
            dict(type='ImageToTensor', keys=['img']),
            dict(type='Collect', keys=['img'])
        ])
]
data = dict(
    samples_per_gpu=2,
    workers_per_gpu=2,
    train=dict(
        type='CocoDataset',
        ann_file='data/coco/annotations/annotations_trai.json',
        img_prefix='data/coco/img/',
        pipeline=[
            dict(type='LoadImageFromFile'),
            dict(type='LoadAnnotations', with_bbox=True),
            dict(type='Resize', img_scale=(1550, 1550), keep_ratio=True),
            dict(type='RandomFlip', flip_ratio=0.5),
            dict(
                type='Normalize',
                mean=[123.675, 116.28, 103.53],
                std=[58.395, 57.12, 57.375],
                to_rgb=True),
            dict(type='Pad', size_divisor=32),
            dict(type='DefaultFormatBundle'),
            dict(type='Collect', keys=['img', 'gt_bboxes', 'gt_labels'])
        ]),
    val=dict(
        type='CocoDataset',
        ann_file='data/coco/annotations/annotations_test.json',
        img_prefix='data/coco/img/',
        pipeline=[
            dict(type='LoadImageFromFile'),
            dict(
                type='MultiScaleFlipAug',
                img_scale=(1550, 1550),
                flip=False,
                transforms=[
                    dict(type='Resize', keep_ratio=True),
                    dict(type='RandomFlip'),
                    dict(
                        type='Normalize',
                        mean=[123.675, 116.28, 103.53],
                        std=[58.395, 57.12, 57.375],
                        to_rgb=True),
                    dict(type='Pad', size_divisor=32),
                    dict(type='ImageToTensor', keys=['img']),
                    dict(type='Collect', keys=['img'])
                ])
        ]),
    test=dict(
        type='CocoDataset',
        ann_file='data/coco/annotations/annotations_vals.json',
        img_prefix='data/coco/img/',
        pipeline=[
            dict(type='LoadImageFromFile'),
            dict(
                type='MultiScaleFlipAug',
                img_scale=(1550, 1550),
                flip=False,
                transforms=[
                    dict(type='Resize', keep_ratio=True),
                    dict(type='RandomFlip'),
                    dict(
                        type='Normalize',
                        mean=[123.675, 116.28, 103.53],
                        std=[58.395, 57.12, 57.375],
                        to_rgb=True),
                    dict(type='Pad', size_divisor=32),
                    dict(type='ImageToTensor', keys=['img']),
                    dict(type='Collect', keys=['img'])
                ])
        ]))
evaluation = dict(interval=1, metric='bbox')
optimizer = dict(type='SGD', lr=0.01, momentum=0.9, weight_decay=0.0001)
optimizer_config = dict(grad_clip=None)
lr_config = dict(
    policy='step',
    warmup='linear',
    warmup_iters=500,
    warmup_ratio=0.001,
    step=[8, 11])
total_epochs = 4
checkpoint_config = dict(interval=4)
log_config = dict(interval=100, hooks=[dict(type='TextLoggerHook')])
dist_params = dict(backend='nccl')
log_level = 'INFO'
load_from = '/home/admin/.cache/torch/checkpoints/X.pth'
resume_from = None
workflow = [('train', 2), ('val', 1)]
work_dir = '/home/admin/jupyter/SecurityAI_Round5/data/work'
gpu_ids = range(0, 1)

2020-11-18 15:25:02,640 - mmdet - INFO - load model from: torchvision://resnet50
2020-11-18 15:25:10,487 - mmdet - WARNING - The model and loaded state dict do not match exactly

unexpected key in source state_dict: fc.weight, fc.bias

2020-11-18 15:25:20,783 - mmdet - INFO - load checkpoint from /home/admin/.cache/torch/checkpoints/X.pth
2020-11-18 15:25:27,251 - mmdet - INFO - Start running, host: admin@fuxilabor_labor0_S4_Odps_S95_dsw_prepaid_cnsh_838_2020111802041, work_dir: /home/admin/jupyter/SecurityAI_Round5/data/work
2020-11-18 15:25:27,252 - mmdet - INFO - workflow: [('train', 2), ('val', 1)], max: 4 epochs
2020-11-18 15:26:44,210 - mmdet - INFO - Epoch [1][100/626]	lr: 1.988e-03, eta: 0:30:45, time: 0.768, data_time: 0.034, memory: 8728, loss_rpn_cls: 0.0058, loss_rpn_bbox: 0.0460, loss_cls: 0.0561, acc: 97.7783, loss_bbox: 0.1239, loss: 0.2318
2020-11-18 15:27:58,572 - mmdet - INFO - Epoch [1][200/626]	lr: 3.986e-03, eta: 0:29:01, time: 0.744, data_time: 0.012, memory: 8918, loss_rpn_cls: 0.0058, loss_rpn_bbox: 0.0415, loss_cls: 0.0446, acc: 98.1592, loss_bbox: 0.1032, loss: 0.1952
2020-11-18 15:29:13,202 - mmdet - INFO - Epoch [1][300/626]	lr: 5.984e-03, eta: 0:27:38, time: 0.746, data_time: 0.012, memory: 11887, loss_rpn_cls: 0.0059, loss_rpn_bbox: 0.0415, loss_cls: 0.0588, acc: 97.4531, loss_bbox: 0.1124, loss: 0.2185
2020-11-18 15:30:27,711 - mmdet - INFO - Epoch [1][400/626]	lr: 7.982e-03, eta: 0:26:19, time: 0.745, data_time: 0.012, memory: 11887, loss_rpn_cls: 0.0063, loss_rpn_bbox: 0.0489, loss_cls: 0.0605, acc: 97.4756, loss_bbox: 0.1217, loss: 0.2374
2020-11-18 15:31:42,350 - mmdet - INFO - Epoch [1][500/626]	lr: 9.980e-03, eta: 0:25:02, time: 0.746, data_time: 0.012, memory: 11887, loss_rpn_cls: 0.0087, loss_rpn_bbox: 0.0525, loss_cls: 0.0624, acc: 97.4951, loss_bbox: 0.1276, loss: 0.2511
2020-11-18 15:32:56,957 - mmdet - INFO - Epoch [1][600/626]	lr: 1.000e-02, eta: 0:23:46, time: 0.746, data_time: 0.012, memory: 11887, loss_rpn_cls: 0.0084, loss_rpn_bbox: 0.0535, loss_cls: 0.0592, acc: 97.5625, loss_bbox: 0.1249, loss: 0.2461
2020-11-18 15:33:40,653 - mmdet - INFO - Evaluating bbox...
2020-11-18 15:33:42,383 - mmdet - INFO - Epoch [1][626/626]	lr: 1.000e-02, bbox_mAP: 0.7770, bbox_mAP_50: 0.8770, bbox_mAP_75: 0.8420, bbox_mAP_s: 0.4960, bbox_mAP_m: 0.8040, bbox_mAP_l: 0.8550, bbox_mAP_copypaste: 0.777 0.877 0.842 0.496 0.804 0.855
2020-11-18 15:34:59,307 - mmdet - INFO - Epoch [2][100/626]	lr: 1.000e-02, eta: 0:21:28, time: 0.767, data_time: 0.034, memory: 11887, loss_rpn_cls: 0.0125, loss_rpn_bbox: 0.0559, loss_cls: 0.0712, acc: 97.1650, loss_bbox: 0.1368, loss: 0.2764
2020-11-18 15:36:13,742 - mmdet - INFO - Epoch [2][200/626]	lr: 1.000e-02, eta: 0:20:20, time: 0.744, data_time: 0.012, memory: 11887, loss_rpn_cls: 0.0062, loss_rpn_bbox: 0.0519, loss_cls: 0.0556, acc: 97.8008, loss_bbox: 0.1219, loss: 0.2356
2020-11-18 15:37:28,166 - mmdet - INFO - Epoch [2][300/626]	lr: 1.000e-02, eta: 0:19:10, time: 0.744, data_time: 0.012, memory: 11913, loss_rpn_cls: 0.0072, loss_rpn_bbox: 0.0505, loss_cls: 0.0621, acc: 97.4131, loss_bbox: 0.1274, loss: 0.2473
2020-11-18 15:38:42,657 - mmdet - INFO - Epoch [2][400/626]	lr: 1.000e-02, eta: 0:17:59, time: 0.745, data_time: 0.012, memory: 11913, loss_rpn_cls: 0.0106, loss_rpn_bbox: 0.0539, loss_cls: 0.0638, acc: 97.2666, loss_bbox: 0.1242, loss: 0.2525
2020-11-18 15:39:57,478 - mmdet - INFO - Epoch [2][500/626]	lr: 1.000e-02, eta: 0:16:48, time: 0.748, data_time: 0.012, memory: 11913, loss_rpn_cls: 0.0049, loss_rpn_bbox: 0.0505, loss_cls: 0.0562, acc: 97.6855, loss_bbox: 0.1226, loss: 0.2342
2020-11-18 15:41:11,932 - mmdet - INFO - Epoch [2][600/626]	lr: 1.000e-02, eta: 0:15:36, time: 0.745, data_time: 0.012, memory: 11913, loss_rpn_cls: 0.0070, loss_rpn_bbox: 0.0549, loss_cls: 0.0668, acc: 97.3320, loss_bbox: 0.1353, loss: 0.2640
2020-11-18 15:41:55,370 - mmdet - INFO - Evaluating bbox...
2020-11-18 15:41:56,927 - mmdet - INFO - Epoch [2][626/626]	lr: 1.000e-02, bbox_mAP: 0.7730, bbox_mAP_50: 0.8740, bbox_mAP_75: 0.8430, bbox_mAP_s: 0.4820, bbox_mAP_m: 0.7930, bbox_mAP_l: 0.8510, bbox_mAP_copypaste: 0.773 0.874 0.843 0.482 0.793 0.851
2020-11-18 15:42:26,871 - mmdet - INFO - Epoch(train) [2][75]	loss_rpn_cls: 0.0057, loss_rpn_bbox: 0.0545, loss_cls: 0.0563, acc: 97.7031, loss_bbox: 0.1272, loss: 0.2437
2020-11-18 15:43:43,733 - mmdet - INFO - Epoch [3][100/626]	lr: 1.000e-02, eta: 0:13:51, time: 0.767, data_time: 0.033, memory: 11913, loss_rpn_cls: 0.0083, loss_rpn_bbox: 0.0513, loss_cls: 0.0625, acc: 97.3662, loss_bbox: 0.1281, loss: 0.2502
2020-11-18 15:44:58,665 - mmdet - INFO - Epoch [3][200/626]	lr: 1.000e-02, eta: 0:12:41, time: 0.749, data_time: 0.012, memory: 11913, loss_rpn_cls: 0.0087, loss_rpn_bbox: 0.0553, loss_cls: 0.0658, acc: 97.3242, loss_bbox: 0.1326, loss: 0.2624
2020-11-18 15:46:12,934 - mmdet - INFO - Epoch [3][300/626]	lr: 1.000e-02, eta: 0:11:29, time: 0.743, data_time: 0.012, memory: 11913, loss_rpn_cls: 0.0054, loss_rpn_bbox: 0.0510, loss_cls: 0.0656, acc: 97.1699, loss_bbox: 0.1290, loss: 0.2510
2020-11-18 15:47:27,249 - mmdet - INFO - Epoch [3][400/626]	lr: 1.000e-02, eta: 0:10:18, time: 0.743, data_time: 0.012, memory: 11913, loss_rpn_cls: 0.0071, loss_rpn_bbox: 0.0513, loss_cls: 0.0583, acc: 97.6738, loss_bbox: 0.1298, loss: 0.2465
2020-11-18 15:48:41,808 - mmdet - INFO - Epoch [3][500/626]	lr: 1.000e-02, eta: 0:09:06, time: 0.746, data_time: 0.012, memory: 11913, loss_rpn_cls: 0.0055, loss_rpn_bbox: 0.0512, loss_cls: 0.0530, acc: 97.8057, loss_bbox: 0.1224, loss: 0.2321
2020-11-18 15:49:56,172 - mmdet - INFO - Epoch [3][600/626]	lr: 1.000e-02, eta: 0:07:54, time: 0.744, data_time: 0.012, memory: 11913, loss_rpn_cls: 0.0063, loss_rpn_bbox: 0.0507, loss_cls: 0.0626, acc: 97.4404, loss_bbox: 0.1253, loss: 0.2448
2020-11-18 15:50:39,495 - mmdet - INFO - Evaluating bbox...
2020-11-18 15:50:41,012 - mmdet - INFO - Epoch [3][626/626]	lr: 1.000e-02, bbox_mAP: 0.7580, bbox_mAP_50: 0.8570, bbox_mAP_75: 0.8300, bbox_mAP_s: 0.4650, bbox_mAP_m: 0.7850, bbox_mAP_l: 0.8400, bbox_mAP_copypaste: 0.758 0.857 0.830 0.465 0.785 0.840
2020-11-18 15:51:57,984 - mmdet - INFO - Epoch [4][100/626]	lr: 1.000e-02, eta: 0:06:18, time: 0.768, data_time: 0.034, memory: 11913, loss_rpn_cls: 0.0046, loss_rpn_bbox: 0.0483, loss_cls: 0.0494, acc: 97.9365, loss_bbox: 0.1125, loss: 0.2148
2020-11-18 15:53:12,397 - mmdet - INFO - Epoch [4][200/626]	lr: 1.000e-02, eta: 0:05:07, time: 0.744, data_time: 0.012, memory: 11913, loss_rpn_cls: 0.0059, loss_rpn_bbox: 0.0537, loss_cls: 0.0582, acc: 97.5596, loss_bbox: 0.1241, loss: 0.2418
2020-11-18 15:54:27,009 - mmdet - INFO - Epoch [4][300/626]	lr: 1.000e-02, eta: 0:03:55, time: 0.746, data_time: 0.012, memory: 11913, loss_rpn_cls: 0.0082, loss_rpn_bbox: 0.0527, loss_cls: 0.0648, acc: 97.3281, loss_bbox: 0.1317, loss: 0.2574
2020-11-18 15:55:41,562 - mmdet - INFO - Epoch [4][400/626]	lr: 1.000e-02, eta: 0:02:43, time: 0.746, data_time: 0.012, memory: 11913, loss_rpn_cls: 0.0077, loss_rpn_bbox: 0.0474, loss_cls: 0.0590, acc: 97.6299, loss_bbox: 0.1252, loss: 0.2394
2020-11-18 15:56:56,106 - mmdet - INFO - Epoch [4][500/626]	lr: 1.000e-02, eta: 0:01:31, time: 0.745, data_time: 0.012, memory: 11913, loss_rpn_cls: 0.0076, loss_rpn_bbox: 0.0531, loss_cls: 0.0600, acc: 97.5635, loss_bbox: 0.1287, loss: 0.2494
2020-11-18 15:58:10,411 - mmdet - INFO - Epoch [4][600/626]	lr: 1.000e-02, eta: 0:00:18, time: 0.743, data_time: 0.012, memory: 11913, loss_rpn_cls: 0.0086, loss_rpn_bbox: 0.0525, loss_cls: 0.0648, acc: 97.2988, loss_bbox: 0.1288, loss: 0.2547
2020-11-18 15:58:29,813 - mmdet - INFO - Saving checkpoint at 4 epochs
2020-11-18 15:58:55,683 - mmdet - INFO - Evaluating bbox...
2020-11-18 15:58:57,471 - mmdet - INFO - Epoch [4][626/626]	lr: 1.000e-02, bbox_mAP: 0.7710, bbox_mAP_50: 0.8770, bbox_mAP_75: 0.8410, bbox_mAP_s: 0.4860, bbox_mAP_m: 0.7850, bbox_mAP_l: 0.8490, bbox_mAP_copypaste: 0.771 0.877 0.841 0.486 0.785 0.849
2020-11-18 15:59:27,488 - mmdet - INFO - Epoch(train) [4][75]	loss_rpn_cls: 0.0056, loss_rpn_bbox: 0.0496, loss_cls: 0.0555, acc: 97.6615, loss_bbox: 0.1276, loss: 0.2384
