2020-11-21 15:29:21,816 - mmdet - INFO - Environment info:
------------------------------------------------------------
sys.platform: linux
Python: 3.6.4 |Anaconda, Inc.| (default, Jan 16 2018, 18:10:19) [GCC 7.2.0]
CUDA available: True
CUDA_HOME: /usr/local/cuda
NVCC: Cuda compilation tools, release 10.0, V10.0.130
GPU 0: Tesla P100-PCIE-16GB
GCC: gcc (GCC) 5.3.0
PyTorch: 1.3.1+cu100
PyTorch compiling details: PyTorch built with:
  - GCC 7.3
  - Intel(R) Math Kernel Library Version 2019.0.4 Product Build 20190411 for Intel(R) 64 architecture applications
  - Intel(R) MKL-DNN v0.20.5 (Git Hash 0125f28c61c1f822fd48570b4c1066f96fcb9b2e)
  - OpenMP 201511 (a.k.a. OpenMP 4.5)
  - NNPACK is enabled
  - CUDA Runtime 10.0
  - NVCC architecture flags: -gencode;arch=compute_37,code=sm_37;-gencode;arch=compute_50,code=sm_50;-gencode;arch=compute_60,code=sm_60;-gencode;arch=compute_61,code=sm_61;-gencode;arch=compute_70,code=sm_70;-gencode;arch=compute_75,code=sm_75;-gencode;arch=compute_37,code=compute_37
  - CuDNN 7.6.3
  - Magma 2.5.1
  - Build settings: BLAS=MKL, BUILD_NAMEDTENSOR=OFF, BUILD_TYPE=Release, CXX_FLAGS= -Wno-deprecated -fvisibility-inlines-hidden -fopenmp -DUSE_FBGEMM -DUSE_QNNPACK -DUSE_PYTORCH_QNNPACK -O2 -fPIC -Wno-narrowing -Wall -Wextra -Wno-missing-field-initializers -Wno-type-limits -Wno-array-bounds -Wno-unknown-pragmas -Wno-sign-compare -Wno-unused-parameter -Wno-unused-variable -Wno-unused-function -Wno-unused-result -Wno-strict-overflow -Wno-strict-aliasing -Wno-error=deprecated-declarations -Wno-stringop-overflow -Wno-error=pedantic -Wno-error=redundant-decls -Wno-error=old-style-cast -fdiagnostics-color=always -faligned-new -Wno-unused-but-set-variable -Wno-maybe-uninitialized -fno-math-errno -fno-trapping-math -Wno-stringop-overflow, DISABLE_NUMA=1, PERF_WITH_AVX=1, PERF_WITH_AVX2=1, PERF_WITH_AVX512=1, USE_CUDA=True, USE_EXCEPTION_PTR=1, USE_GFLAGS=OFF, USE_GLOG=OFF, USE_MKL=ON, USE_MKLDNN=ON, USE_MPI=OFF, USE_NCCL=ON, USE_NNPACK=ON, USE_OPENMP=ON, USE_STATIC_DISPATCH=OFF, 

TorchVision: 0.4.2+cu100
OpenCV: 4.4.0
MMCV: 1.0.5
MMDetection: 2.3.0+788fa8d
MMDetection Compiler: GCC 7.3
MMDetection CUDA Compiler: 10.0
------------------------------------------------------------

2020-11-21 15:29:21,816 - mmdet - INFO - Distributed training: False
2020-11-21 15:29:22,207 - mmdet - INFO - Config:
model = dict(
    type='FasterRCNN',
    pretrained='torchvision://resnet50',
    backbone=dict(
        type='ResNet',
        depth=50,
        num_stages=4,
        out_indices=(0, 1, 2, 3),
        frozen_stages=1,
        norm_cfg=dict(type='BN', requires_grad=True),
        norm_eval=True,
        style='pytorch'),
    neck=dict(
        type='FPN',
        in_channels=[256, 512, 1024, 2048],
        out_channels=256,
        num_outs=5),
    rpn_head=dict(
        type='RPNHead',
        in_channels=256,
        feat_channels=256,
        anchor_generator=dict(
            type='AnchorGenerator',
            scales=[8],
            ratios=[0.5, 1.0, 2.0],
            strides=[4, 8, 16, 32, 64]),
        bbox_coder=dict(
            type='DeltaXYWHBBoxCoder',
            target_means=[0.0, 0.0, 0.0, 0.0],
            target_stds=[1.0, 1.0, 1.0, 1.0]),
        loss_cls=dict(
            type='CrossEntropyLoss', use_sigmoid=True, loss_weight=1.0),
        loss_bbox=dict(type='L1Loss', loss_weight=1.0)),
    roi_head=dict(
        type='StandardRoIHead',
        bbox_roi_extractor=dict(
            type='SingleRoIExtractor',
            roi_layer=dict(type='RoIAlign', output_size=7, sampling_ratio=0),
            out_channels=256,
            featmap_strides=[4, 8, 16, 32]),
        bbox_head=dict(
            type='Shared2FCBBoxHead',
            in_channels=256,
            fc_out_channels=1024,
            roi_feat_size=7,
            num_classes=2,
            bbox_coder=dict(
                type='DeltaXYWHBBoxCoder',
                target_means=[0.0, 0.0, 0.0, 0.0],
                target_stds=[0.1, 0.1, 0.2, 0.2]),
            reg_class_agnostic=False,
            loss_cls=dict(
                type='CrossEntropyLoss', use_sigmoid=False, loss_weight=1.0),
            loss_bbox=dict(type='L1Loss', loss_weight=1.0))))
train_cfg = dict(
    rpn=dict(
        assigner=dict(
            type='MaxIoUAssigner',
            pos_iou_thr=0.7,
            neg_iou_thr=0.3,
            min_pos_iou=0.3,
            match_low_quality=True,
            ignore_iof_thr=-1),
        sampler=dict(
            type='RandomSampler',
            num=256,
            pos_fraction=0.5,
            neg_pos_ub=-1,
            add_gt_as_proposals=False),
        allowed_border=-1,
        pos_weight=-1,
        debug=False),
    rpn_proposal=dict(
        nms_across_levels=False,
        nms_pre=2000,
        nms_post=1000,
        max_num=1000,
        nms_thr=0.7,
        min_bbox_size=0),
    rcnn=dict(
        assigner=dict(
            type='MaxIoUAssigner',
            pos_iou_thr=0.5,
            neg_iou_thr=0.5,
            min_pos_iou=0.5,
            match_low_quality=False,
            ignore_iof_thr=-1),
        sampler=dict(
            type='RandomSampler',
            num=512,
            pos_fraction=0.25,
            neg_pos_ub=-1,
            add_gt_as_proposals=True),
        pos_weight=-1,
        debug=False))
test_cfg = dict(
    rpn=dict(
        nms_across_levels=False,
        nms_pre=1000,
        nms_post=1000,
        max_num=1000,
        nms_thr=0.7,
        min_bbox_size=0),
    rcnn=dict(
        score_thr=0.05,
        nms=dict(type='nms', iou_threshold=0.5),
        max_per_img=100))
dataset_type = 'CocoDataset'
data_root = 'data/coco/'
img_norm_cfg = dict(
    mean=[123.675, 116.28, 103.53], std=[58.395, 57.12, 57.375], to_rgb=True)
train_pipeline = [
    dict(type='LoadImageFromFile'),
    dict(type='LoadAnnotations', with_bbox=True),
    dict(type='Resize', img_scale=(1550, 1550), keep_ratio=True),
    dict(type='RandomFlip', flip_ratio=0.5),
    dict(
        type='Normalize',
        mean=[123.675, 116.28, 103.53],
        std=[58.395, 57.12, 57.375],
        to_rgb=True),
    dict(type='Pad', size_divisor=32),
    dict(type='DefaultFormatBundle'),
    dict(type='Collect', keys=['img', 'gt_bboxes', 'gt_labels'])
]
test_pipeline = [
    dict(type='LoadImageFromFile'),
    dict(
        type='MultiScaleFlipAug',
        img_scale=(1550, 1550),
        flip=False,
        transforms=[
            dict(type='Resize', keep_ratio=True),
            dict(type='RandomFlip'),
            dict(
                type='Normalize',
                mean=[123.675, 116.28, 103.53],
                std=[58.395, 57.12, 57.375],
                to_rgb=True),
            dict(type='Pad', size_divisor=32),
            dict(type='ImageToTensor', keys=['img']),
            dict(type='Collect', keys=['img'])
        ])
]
data = dict(
    samples_per_gpu=2,
    workers_per_gpu=2,
    train=dict(
        type='CocoDataset',
        ann_file='data/coco/annotations/annotations_trai.json',
        img_prefix='data/coco/img/',
        pipeline=[
            dict(type='LoadImageFromFile'),
            dict(type='LoadAnnotations', with_bbox=True),
            dict(type='Resize', img_scale=(1550, 1550), keep_ratio=True),
            dict(type='RandomFlip', flip_ratio=0.5),
            dict(
                type='Normalize',
                mean=[123.675, 116.28, 103.53],
                std=[58.395, 57.12, 57.375],
                to_rgb=True),
            dict(type='Pad', size_divisor=32),
            dict(type='DefaultFormatBundle'),
            dict(type='Collect', keys=['img', 'gt_bboxes', 'gt_labels'])
        ]),
    val=dict(
        type='CocoDataset',
        ann_file='data/coco/annotations/annotations_test.json',
        img_prefix='data/coco/img/',
        pipeline=[
            dict(type='LoadImageFromFile'),
            dict(
                type='MultiScaleFlipAug',
                img_scale=(1550, 1550),
                flip=False,
                transforms=[
                    dict(type='Resize', keep_ratio=True),
                    dict(type='RandomFlip'),
                    dict(
                        type='Normalize',
                        mean=[123.675, 116.28, 103.53],
                        std=[58.395, 57.12, 57.375],
                        to_rgb=True),
                    dict(type='Pad', size_divisor=32),
                    dict(type='ImageToTensor', keys=['img']),
                    dict(type='Collect', keys=['img'])
                ])
        ]),
    test=dict(
        type='CocoDataset',
        ann_file='data/coco/annotations/annotations_vals.json',
        img_prefix='data/coco/img/',
        pipeline=[
            dict(type='LoadImageFromFile'),
            dict(
                type='MultiScaleFlipAug',
                img_scale=(1550, 1550),
                flip=False,
                transforms=[
                    dict(type='Resize', keep_ratio=True),
                    dict(type='RandomFlip'),
                    dict(
                        type='Normalize',
                        mean=[123.675, 116.28, 103.53],
                        std=[58.395, 57.12, 57.375],
                        to_rgb=True),
                    dict(type='Pad', size_divisor=32),
                    dict(type='ImageToTensor', keys=['img']),
                    dict(type='Collect', keys=['img'])
                ])
        ]))
evaluation = dict(interval=1, metric='bbox')
optimizer = dict(type='SGD', lr=0.01, momentum=0.9, weight_decay=0.0001)
optimizer_config = dict(grad_clip=None)
lr_config = dict(
    policy='step',
    warmup='linear',
    warmup_iters=500,
    warmup_ratio=0.001,
    step=[8, 11])
total_epochs = 4
checkpoint_config = dict(interval=4)
log_config = dict(interval=100, hooks=[dict(type='TextLoggerHook')])
dist_params = dict(backend='nccl')
log_level = 'INFO'
load_from = '/home/admin/.cache/torch/checkpoints/X.pth'
resume_from = None
workflow = [('train', 2), ('val', 1)]
work_dir = '/home/admin/jupyter/SecurityAI_Round5/data/work'
gpu_ids = range(0, 1)

2020-11-21 15:29:22,709 - mmdet - INFO - load model from: torchvision://resnet50
2020-11-21 15:29:30,414 - mmdet - WARNING - The model and loaded state dict do not match exactly

unexpected key in source state_dict: fc.weight, fc.bias

2020-11-21 15:29:40,764 - mmdet - INFO - load checkpoint from /home/admin/.cache/torch/checkpoints/X.pth
2020-11-21 15:29:47,310 - mmdet - INFO - Start running, host: admin@fuxilabor_labor0_S4_Odps_S96_dsw_prepaid_cnsh_838_2020112106175, work_dir: /home/admin/jupyter/SecurityAI_Round5/data/work
2020-11-21 15:29:47,311 - mmdet - INFO - workflow: [('train', 2), ('val', 1)], max: 4 epochs
2020-11-21 15:31:04,911 - mmdet - INFO - Epoch [1][100/618]	lr: 1.988e-03, eta: 0:30:36, time: 0.774, data_time: 0.033, memory: 9824, loss_rpn_cls: 0.0037, loss_rpn_bbox: 0.0290, loss_cls: 0.0304, acc: 98.7812, loss_bbox: 0.0741, loss: 0.1372
2020-11-21 15:32:19,631 - mmdet - INFO - Epoch [1][200/618]	lr: 3.986e-03, eta: 0:28:48, time: 0.747, data_time: 0.012, memory: 9824, loss_rpn_cls: 0.0031, loss_rpn_bbox: 0.0279, loss_cls: 0.0346, acc: 98.5322, loss_bbox: 0.0788, loss: 0.1445
2020-11-21 15:33:34,974 - mmdet - INFO - Epoch [1][300/618]	lr: 5.984e-03, eta: 0:27:26, time: 0.753, data_time: 0.012, memory: 10079, loss_rpn_cls: 0.0039, loss_rpn_bbox: 0.0260, loss_cls: 0.0298, acc: 98.7539, loss_bbox: 0.0699, loss: 0.1297
2020-11-21 15:34:49,812 - mmdet - INFO - Epoch [1][400/618]	lr: 7.982e-03, eta: 0:26:05, time: 0.748, data_time: 0.012, memory: 10079, loss_rpn_cls: 0.0024, loss_rpn_bbox: 0.0297, loss_cls: 0.0273, acc: 98.8457, loss_bbox: 0.0665, loss: 0.1259
2020-11-21 15:36:04,687 - mmdet - INFO - Epoch [1][500/618]	lr: 9.980e-03, eta: 0:24:47, time: 0.749, data_time: 0.012, memory: 10079, loss_rpn_cls: 0.0036, loss_rpn_bbox: 0.0301, loss_cls: 0.0355, acc: 98.5439, loss_bbox: 0.0769, loss: 0.1462
2020-11-21 15:37:19,526 - mmdet - INFO - Epoch [1][600/618]	lr: 1.000e-02, eta: 0:23:30, time: 0.748, data_time: 0.012, memory: 10079, loss_rpn_cls: 0.0023, loss_rpn_bbox: 0.0350, loss_cls: 0.0305, acc: 98.7773, loss_bbox: 0.0816, loss: 0.1494
2020-11-21 15:38:01,735 - mmdet - INFO - Evaluating bbox...
2020-11-21 15:38:05,061 - mmdet - INFO - Epoch [1][618/618]	lr: 1.000e-02, bbox_mAP: 0.7610, bbox_mAP_50: 0.8240, bbox_mAP_75: 0.8100, bbox_mAP_s: 0.4760, bbox_mAP_m: 0.8250, bbox_mAP_l: 0.8420, bbox_mAP_copypaste: 0.761 0.824 0.810 0.476 0.825 0.842
2020-11-21 15:39:22,403 - mmdet - INFO - Epoch [2][100/618]	lr: 1.000e-02, eta: 0:21:32, time: 0.771, data_time: 0.033, memory: 10079, loss_rpn_cls: 0.0031, loss_rpn_bbox: 0.0351, loss_cls: 0.0355, acc: 98.5234, loss_bbox: 0.0780, loss: 0.1516
2020-11-21 15:40:37,317 - mmdet - INFO - Epoch [2][200/618]	lr: 1.000e-02, eta: 0:20:21, time: 0.749, data_time: 0.012, memory: 10079, loss_rpn_cls: 0.0031, loss_rpn_bbox: 0.0342, loss_cls: 0.0309, acc: 98.7422, loss_bbox: 0.0741, loss: 0.1422
2020-11-21 15:41:52,307 - mmdet - INFO - Epoch [2][300/618]	lr: 1.000e-02, eta: 0:19:09, time: 0.750, data_time: 0.012, memory: 10079, loss_rpn_cls: 0.0039, loss_rpn_bbox: 0.0372, loss_cls: 0.0356, acc: 98.5723, loss_bbox: 0.0876, loss: 0.1643
2020-11-21 15:43:07,009 - mmdet - INFO - Epoch [2][400/618]	lr: 1.000e-02, eta: 0:17:56, time: 0.747, data_time: 0.012, memory: 10079, loss_rpn_cls: 0.0027, loss_rpn_bbox: 0.0332, loss_cls: 0.0335, acc: 98.5312, loss_bbox: 0.0809, loss: 0.1502
2020-11-21 15:44:21,906 - mmdet - INFO - Epoch [2][500/618]	lr: 1.000e-02, eta: 0:16:43, time: 0.749, data_time: 0.012, memory: 10079, loss_rpn_cls: 0.0022, loss_rpn_bbox: 0.0318, loss_cls: 0.0305, acc: 98.6943, loss_bbox: 0.0783, loss: 0.1428
2020-11-21 15:45:36,318 - mmdet - INFO - Epoch [2][600/618]	lr: 1.000e-02, eta: 0:15:29, time: 0.744, data_time: 0.012, memory: 10079, loss_rpn_cls: 0.0026, loss_rpn_bbox: 0.0326, loss_cls: 0.0345, acc: 98.5127, loss_bbox: 0.0791, loss: 0.1488
2020-11-21 15:46:18,533 - mmdet - INFO - Evaluating bbox...
2020-11-21 15:46:21,619 - mmdet - INFO - Epoch [2][618/618]	lr: 1.000e-02, bbox_mAP: 0.7890, bbox_mAP_50: 0.8480, bbox_mAP_75: 0.8370, bbox_mAP_s: 0.4800, bbox_mAP_m: 0.8280, bbox_mAP_l: 0.8850, bbox_mAP_copypaste: 0.789 0.848 0.837 0.480 0.828 0.885
2020-11-21 15:46:58,714 - mmdet - INFO - Epoch(train) [2][90]	loss_rpn_cls: 0.0040, loss_rpn_bbox: 0.0343, loss_cls: 0.0410, acc: 98.2997, loss_bbox: 0.0831, loss: 0.1624
2020-11-21 15:48:15,805 - mmdet - INFO - Epoch [3][100/618]	lr: 1.000e-02, eta: 0:13:53, time: 0.769, data_time: 0.033, memory: 10079, loss_rpn_cls: 0.0027, loss_rpn_bbox: 0.0327, loss_cls: 0.0315, acc: 98.6895, loss_bbox: 0.0863, loss: 0.1532
2020-11-21 15:49:30,750 - mmdet - INFO - Epoch [3][200/618]	lr: 1.000e-02, eta: 0:12:41, time: 0.749, data_time: 0.012, memory: 10079, loss_rpn_cls: 0.0032, loss_rpn_bbox: 0.0348, loss_cls: 0.0344, acc: 98.5781, loss_bbox: 0.0843, loss: 0.1566
2020-11-21 15:50:46,138 - mmdet - INFO - Epoch [3][300/618]	lr: 1.000e-02, eta: 0:11:28, time: 0.754, data_time: 0.012, memory: 10079, loss_rpn_cls: 0.0028, loss_rpn_bbox: 0.0318, loss_cls: 0.0342, acc: 98.4854, loss_bbox: 0.0764, loss: 0.1452
2020-11-21 15:52:01,017 - mmdet - INFO - Epoch [3][400/618]	lr: 1.000e-02, eta: 0:10:15, time: 0.749, data_time: 0.012, memory: 10079, loss_rpn_cls: 0.0025, loss_rpn_bbox: 0.0332, loss_cls: 0.0303, acc: 98.8701, loss_bbox: 0.0791, loss: 0.1452
2020-11-21 15:53:16,137 - mmdet - INFO - Epoch [3][500/618]	lr: 1.000e-02, eta: 0:09:02, time: 0.751, data_time: 0.012, memory: 10079, loss_rpn_cls: 0.0032, loss_rpn_bbox: 0.0349, loss_cls: 0.0337, acc: 98.5537, loss_bbox: 0.0823, loss: 0.1541
2020-11-21 15:54:31,029 - mmdet - INFO - Epoch [3][600/618]	lr: 1.000e-02, eta: 0:07:49, time: 0.749, data_time: 0.012, memory: 10079, loss_rpn_cls: 0.0030, loss_rpn_bbox: 0.0340, loss_cls: 0.0368, acc: 98.4951, loss_bbox: 0.0851, loss: 0.1589
2020-11-21 15:55:13,388 - mmdet - INFO - Evaluating bbox...
2020-11-21 15:55:17,051 - mmdet - INFO - Epoch [3][618/618]	lr: 1.000e-02, bbox_mAP: 0.7640, bbox_mAP_50: 0.8430, bbox_mAP_75: 0.8160, bbox_mAP_s: 0.4580, bbox_mAP_m: 0.7880, bbox_mAP_l: 0.8510, bbox_mAP_copypaste: 0.764 0.843 0.816 0.458 0.788 0.851
2020-11-21 15:56:34,291 - mmdet - INFO - Epoch [4][100/618]	lr: 1.000e-02, eta: 0:06:19, time: 0.770, data_time: 0.034, memory: 10079, loss_rpn_cls: 0.0046, loss_rpn_bbox: 0.0368, loss_cls: 0.0355, acc: 98.5439, loss_bbox: 0.0855, loss: 0.1624
2020-11-21 15:57:49,233 - mmdet - INFO - Epoch [4][200/618]	lr: 1.000e-02, eta: 0:05:06, time: 0.749, data_time: 0.012, memory: 10079, loss_rpn_cls: 0.0033, loss_rpn_bbox: 0.0361, loss_cls: 0.0409, acc: 98.2295, loss_bbox: 0.0904, loss: 0.1707
2020-11-21 15:59:04,096 - mmdet - INFO - Epoch [4][300/618]	lr: 1.000e-02, eta: 0:03:53, time: 0.749, data_time: 0.012, memory: 10079, loss_rpn_cls: 0.0023, loss_rpn_bbox: 0.0357, loss_cls: 0.0318, acc: 98.7295, loss_bbox: 0.0849, loss: 0.1547
2020-11-21 16:00:19,130 - mmdet - INFO - Epoch [4][400/618]	lr: 1.000e-02, eta: 0:02:40, time: 0.750, data_time: 0.012, memory: 10079, loss_rpn_cls: 0.0041, loss_rpn_bbox: 0.0353, loss_cls: 0.0338, acc: 98.5928, loss_bbox: 0.0820, loss: 0.1552
2020-11-21 16:01:34,100 - mmdet - INFO - Epoch [4][500/618]	lr: 1.000e-02, eta: 0:01:26, time: 0.750, data_time: 0.012, memory: 10079, loss_rpn_cls: 0.0043, loss_rpn_bbox: 0.0347, loss_cls: 0.0395, acc: 98.3467, loss_bbox: 0.0863, loss: 0.1648
2020-11-21 16:02:49,065 - mmdet - INFO - Epoch [4][600/618]	lr: 1.000e-02, eta: 0:00:13, time: 0.750, data_time: 0.012, memory: 10079, loss_rpn_cls: 0.0075, loss_rpn_bbox: 0.0365, loss_cls: 0.0364, acc: 98.5371, loss_bbox: 0.0862, loss: 0.1666
2020-11-21 16:03:02,767 - mmdet - INFO - Saving checkpoint at 4 epochs
2020-11-21 16:03:33,391 - mmdet - INFO - Evaluating bbox...
2020-11-21 16:03:36,680 - mmdet - INFO - Epoch [4][618/618]	lr: 1.000e-02, bbox_mAP: 0.7530, bbox_mAP_50: 0.8180, bbox_mAP_75: 0.8020, bbox_mAP_s: 0.4480, bbox_mAP_m: 0.8030, bbox_mAP_l: 0.8370, bbox_mAP_copypaste: 0.753 0.818 0.802 0.448 0.803 0.837
2020-11-21 16:04:12,408 - mmdet - INFO - Epoch(train) [4][90]	loss_rpn_cls: 0.0135, loss_rpn_bbox: 0.0378, loss_cls: 0.0527, acc: 97.8819, loss_bbox: 0.0902, loss: 0.1943
