2020-11-21 23:12:43,656 - mmdet - INFO - Environment info:
------------------------------------------------------------
sys.platform: linux
Python: 3.6.4 |Anaconda, Inc.| (default, Jan 16 2018, 18:10:19) [GCC 7.2.0]
CUDA available: True
CUDA_HOME: /usr/local/cuda
NVCC: Cuda compilation tools, release 10.0, V10.0.130
GPU 0: Tesla P100-PCIE-16GB
GCC: gcc (GCC) 5.3.0
PyTorch: 1.3.1+cu100
PyTorch compiling details: PyTorch built with:
  - GCC 7.3
  - Intel(R) Math Kernel Library Version 2019.0.4 Product Build 20190411 for Intel(R) 64 architecture applications
  - Intel(R) MKL-DNN v0.20.5 (Git Hash 0125f28c61c1f822fd48570b4c1066f96fcb9b2e)
  - OpenMP 201511 (a.k.a. OpenMP 4.5)
  - NNPACK is enabled
  - CUDA Runtime 10.0
  - NVCC architecture flags: -gencode;arch=compute_37,code=sm_37;-gencode;arch=compute_50,code=sm_50;-gencode;arch=compute_60,code=sm_60;-gencode;arch=compute_61,code=sm_61;-gencode;arch=compute_70,code=sm_70;-gencode;arch=compute_75,code=sm_75;-gencode;arch=compute_37,code=compute_37
  - CuDNN 7.6.3
  - Magma 2.5.1
  - Build settings: BLAS=MKL, BUILD_NAMEDTENSOR=OFF, BUILD_TYPE=Release, CXX_FLAGS= -Wno-deprecated -fvisibility-inlines-hidden -fopenmp -DUSE_FBGEMM -DUSE_QNNPACK -DUSE_PYTORCH_QNNPACK -O2 -fPIC -Wno-narrowing -Wall -Wextra -Wno-missing-field-initializers -Wno-type-limits -Wno-array-bounds -Wno-unknown-pragmas -Wno-sign-compare -Wno-unused-parameter -Wno-unused-variable -Wno-unused-function -Wno-unused-result -Wno-strict-overflow -Wno-strict-aliasing -Wno-error=deprecated-declarations -Wno-stringop-overflow -Wno-error=pedantic -Wno-error=redundant-decls -Wno-error=old-style-cast -fdiagnostics-color=always -faligned-new -Wno-unused-but-set-variable -Wno-maybe-uninitialized -fno-math-errno -fno-trapping-math -Wno-stringop-overflow, DISABLE_NUMA=1, PERF_WITH_AVX=1, PERF_WITH_AVX2=1, PERF_WITH_AVX512=1, USE_CUDA=True, USE_EXCEPTION_PTR=1, USE_GFLAGS=OFF, USE_GLOG=OFF, USE_MKL=ON, USE_MKLDNN=ON, USE_MPI=OFF, USE_NCCL=ON, USE_NNPACK=ON, USE_OPENMP=ON, USE_STATIC_DISPATCH=OFF, 

TorchVision: 0.4.2+cu100
OpenCV: 4.4.0
MMCV: 1.0.5
MMDetection: 2.3.0+788fa8d
MMDetection Compiler: GCC 7.3
MMDetection CUDA Compiler: 10.0
------------------------------------------------------------

2020-11-21 23:12:43,656 - mmdet - INFO - Distributed training: False
2020-11-21 23:12:44,048 - mmdet - INFO - Config:
model = dict(
    type='FasterRCNN',
    pretrained='torchvision://resnet50',
    backbone=dict(
        type='ResNet',
        depth=50,
        num_stages=4,
        out_indices=(0, 1, 2, 3),
        frozen_stages=1,
        norm_cfg=dict(type='BN', requires_grad=True),
        norm_eval=True,
        style='pytorch'),
    neck=dict(
        type='FPN',
        in_channels=[256, 512, 1024, 2048],
        out_channels=256,
        num_outs=5),
    rpn_head=dict(
        type='RPNHead',
        in_channels=256,
        feat_channels=256,
        anchor_generator=dict(
            type='AnchorGenerator',
            scales=[8],
            ratios=[0.5, 1.0, 2.0],
            strides=[4, 8, 16, 32, 64]),
        bbox_coder=dict(
            type='DeltaXYWHBBoxCoder',
            target_means=[0.0, 0.0, 0.0, 0.0],
            target_stds=[1.0, 1.0, 1.0, 1.0]),
        loss_cls=dict(
            type='CrossEntropyLoss', use_sigmoid=True, loss_weight=1.0),
        loss_bbox=dict(type='L1Loss', loss_weight=1.0)),
    roi_head=dict(
        type='StandardRoIHead',
        bbox_roi_extractor=dict(
            type='SingleRoIExtractor',
            roi_layer=dict(type='RoIAlign', output_size=7, sampling_ratio=0),
            out_channels=256,
            featmap_strides=[4, 8, 16, 32]),
        bbox_head=dict(
            type='Shared2FCBBoxHead',
            in_channels=256,
            fc_out_channels=1024,
            roi_feat_size=7,
            num_classes=2,
            bbox_coder=dict(
                type='DeltaXYWHBBoxCoder',
                target_means=[0.0, 0.0, 0.0, 0.0],
                target_stds=[0.1, 0.1, 0.2, 0.2]),
            reg_class_agnostic=False,
            loss_cls=dict(
                type='CrossEntropyLoss', use_sigmoid=False, loss_weight=1.0),
            loss_bbox=dict(type='L1Loss', loss_weight=1.0))))
train_cfg = dict(
    rpn=dict(
        assigner=dict(
            type='MaxIoUAssigner',
            pos_iou_thr=0.7,
            neg_iou_thr=0.3,
            min_pos_iou=0.3,
            match_low_quality=True,
            ignore_iof_thr=-1),
        sampler=dict(
            type='RandomSampler',
            num=256,
            pos_fraction=0.5,
            neg_pos_ub=-1,
            add_gt_as_proposals=False),
        allowed_border=-1,
        pos_weight=-1,
        debug=False),
    rpn_proposal=dict(
        nms_across_levels=False,
        nms_pre=2000,
        nms_post=1000,
        max_num=1000,
        nms_thr=0.7,
        min_bbox_size=0),
    rcnn=dict(
        assigner=dict(
            type='MaxIoUAssigner',
            pos_iou_thr=0.5,
            neg_iou_thr=0.5,
            min_pos_iou=0.5,
            match_low_quality=False,
            ignore_iof_thr=-1),
        sampler=dict(
            type='RandomSampler',
            num=512,
            pos_fraction=0.25,
            neg_pos_ub=-1,
            add_gt_as_proposals=True),
        pos_weight=-1,
        debug=False))
test_cfg = dict(
    rpn=dict(
        nms_across_levels=False,
        nms_pre=1000,
        nms_post=1000,
        max_num=1000,
        nms_thr=0.7,
        min_bbox_size=0),
    rcnn=dict(
        score_thr=0.05,
        nms=dict(type='nms', iou_threshold=0.5),
        max_per_img=100))
dataset_type = 'CocoDataset'
data_root = 'data/coco/'
img_norm_cfg = dict(
    mean=[123.675, 116.28, 103.53], std=[58.395, 57.12, 57.375], to_rgb=True)
train_pipeline = [
    dict(type='LoadImageFromFile'),
    dict(type='LoadAnnotations', with_bbox=True),
    dict(type='Resize', img_scale=(1550, 1550), keep_ratio=True),
    dict(type='RandomFlip', flip_ratio=0.5),
    dict(
        type='Normalize',
        mean=[123.675, 116.28, 103.53],
        std=[58.395, 57.12, 57.375],
        to_rgb=True),
    dict(type='Pad', size_divisor=32),
    dict(type='DefaultFormatBundle'),
    dict(type='Collect', keys=['img', 'gt_bboxes', 'gt_labels'])
]
test_pipeline = [
    dict(type='LoadImageFromFile'),
    dict(
        type='MultiScaleFlipAug',
        img_scale=(1550, 1550),
        flip=False,
        transforms=[
            dict(type='Resize', keep_ratio=True),
            dict(type='RandomFlip'),
            dict(
                type='Normalize',
                mean=[123.675, 116.28, 103.53],
                std=[58.395, 57.12, 57.375],
                to_rgb=True),
            dict(type='Pad', size_divisor=32),
            dict(type='ImageToTensor', keys=['img']),
            dict(type='Collect', keys=['img'])
        ])
]
data = dict(
    samples_per_gpu=2,
    workers_per_gpu=2,
    train=dict(
        type='CocoDataset',
        ann_file='data/coco/annotations/annotations_trai.json',
        img_prefix='data/coco/img/',
        pipeline=[
            dict(type='LoadImageFromFile'),
            dict(type='LoadAnnotations', with_bbox=True),
            dict(type='Resize', img_scale=(1550, 1550), keep_ratio=True),
            dict(type='RandomFlip', flip_ratio=0.5),
            dict(
                type='Normalize',
                mean=[123.675, 116.28, 103.53],
                std=[58.395, 57.12, 57.375],
                to_rgb=True),
            dict(type='Pad', size_divisor=32),
            dict(type='DefaultFormatBundle'),
            dict(type='Collect', keys=['img', 'gt_bboxes', 'gt_labels'])
        ]),
    val=dict(
        type='CocoDataset',
        ann_file='data/coco/annotations/annotations_test.json',
        img_prefix='data/coco/img/',
        pipeline=[
            dict(type='LoadImageFromFile'),
            dict(
                type='MultiScaleFlipAug',
                img_scale=(1550, 1550),
                flip=False,
                transforms=[
                    dict(type='Resize', keep_ratio=True),
                    dict(type='RandomFlip'),
                    dict(
                        type='Normalize',
                        mean=[123.675, 116.28, 103.53],
                        std=[58.395, 57.12, 57.375],
                        to_rgb=True),
                    dict(type='Pad', size_divisor=32),
                    dict(type='ImageToTensor', keys=['img']),
                    dict(type='Collect', keys=['img'])
                ])
        ]),
    test=dict(
        type='CocoDataset',
        ann_file='data/coco/annotations/annotations_vals.json',
        img_prefix='data/coco/img/',
        pipeline=[
            dict(type='LoadImageFromFile'),
            dict(
                type='MultiScaleFlipAug',
                img_scale=(1550, 1550),
                flip=False,
                transforms=[
                    dict(type='Resize', keep_ratio=True),
                    dict(type='RandomFlip'),
                    dict(
                        type='Normalize',
                        mean=[123.675, 116.28, 103.53],
                        std=[58.395, 57.12, 57.375],
                        to_rgb=True),
                    dict(type='Pad', size_divisor=32),
                    dict(type='ImageToTensor', keys=['img']),
                    dict(type='Collect', keys=['img'])
                ])
        ]))
evaluation = dict(interval=1, metric='bbox')
optimizer = dict(type='SGD', lr=0.01, momentum=0.9, weight_decay=0.0001)
optimizer_config = dict(grad_clip=None)
lr_config = dict(
    policy='step',
    warmup='linear',
    warmup_iters=500,
    warmup_ratio=0.001,
    step=[8, 11])
total_epochs = 4
checkpoint_config = dict(interval=4)
log_config = dict(interval=100, hooks=[dict(type='TextLoggerHook')])
dist_params = dict(backend='nccl')
log_level = 'INFO'
load_from = '/home/admin/.cache/torch/checkpoints/X.pth'
resume_from = None
workflow = [('train', 2), ('val', 1)]
work_dir = '/home/admin/jupyter/SecurityAI_Round5/data/work'
gpu_ids = range(0, 1)

2020-11-21 23:12:44,544 - mmdet - INFO - load model from: torchvision://resnet50
2020-11-21 23:12:52,486 - mmdet - WARNING - The model and loaded state dict do not match exactly

unexpected key in source state_dict: fc.weight, fc.bias

2020-11-21 23:13:02,630 - mmdet - INFO - load checkpoint from /home/admin/.cache/torch/checkpoints/X.pth
2020-11-21 23:13:09,158 - mmdet - INFO - Start running, host: admin@fuxilabor_labor0_S4_Odps_S96_dsw_prepaid_cnsh_838_2020112114585, work_dir: /home/admin/jupyter/SecurityAI_Round5/data/work
2020-11-21 23:13:09,158 - mmdet - INFO - workflow: [('train', 2), ('val', 1)], max: 4 epochs
2020-11-21 23:14:26,617 - mmdet - INFO - Epoch [1][100/638]	lr: 1.988e-03, eta: 0:31:34, time: 0.773, data_time: 0.033, memory: 11887, loss_rpn_cls: 0.0023, loss_rpn_bbox: 0.0255, loss_cls: 0.0275, acc: 98.8594, loss_bbox: 0.0675, loss: 0.1228
2020-11-21 23:15:41,439 - mmdet - INFO - Epoch [1][200/638]	lr: 3.986e-03, eta: 0:29:48, time: 0.748, data_time: 0.012, memory: 11887, loss_rpn_cls: 0.0021, loss_rpn_bbox: 0.0265, loss_cls: 0.0309, acc: 98.6865, loss_bbox: 0.0701, loss: 0.1296
2020-11-21 23:16:56,461 - mmdet - INFO - Epoch [1][300/638]	lr: 5.984e-03, eta: 0:28:24, time: 0.750, data_time: 0.012, memory: 11887, loss_rpn_cls: 0.0023, loss_rpn_bbox: 0.0279, loss_cls: 0.0361, acc: 98.4648, loss_bbox: 0.0736, loss: 0.1398
2020-11-21 23:18:11,143 - mmdet - INFO - Epoch [1][400/638]	lr: 7.982e-03, eta: 0:27:03, time: 0.747, data_time: 0.012, memory: 11887, loss_rpn_cls: 0.0018, loss_rpn_bbox: 0.0272, loss_cls: 0.0285, acc: 98.7812, loss_bbox: 0.0670, loss: 0.1245
2020-11-21 23:19:25,991 - mmdet - INFO - Epoch [1][500/638]	lr: 9.980e-03, eta: 0:25:45, time: 0.748, data_time: 0.012, memory: 11887, loss_rpn_cls: 0.0025, loss_rpn_bbox: 0.0291, loss_cls: 0.0332, acc: 98.6016, loss_bbox: 0.0717, loss: 0.1366
2020-11-21 23:20:40,910 - mmdet - INFO - Epoch [1][600/638]	lr: 1.000e-02, eta: 0:24:29, time: 0.749, data_time: 0.012, memory: 11887, loss_rpn_cls: 0.0024, loss_rpn_bbox: 0.0324, loss_cls: 0.0333, acc: 98.6104, loss_bbox: 0.0758, loss: 0.1439
2020-11-21 23:21:31,392 - mmdet - INFO - Evaluating bbox...
2020-11-21 23:21:33,571 - mmdet - INFO - Epoch [1][638/638]	lr: 1.000e-02, bbox_mAP: 0.8460, bbox_mAP_50: 0.9150, bbox_mAP_75: 0.9050, bbox_mAP_s: 0.5980, bbox_mAP_m: 0.8710, bbox_mAP_l: 0.9200, bbox_mAP_copypaste: 0.846 0.915 0.905 0.598 0.871 0.920
2020-11-21 23:22:51,038 - mmdet - INFO - Epoch [2][100/638]	lr: 1.000e-02, eta: 0:21:39, time: 0.773, data_time: 0.033, memory: 11887, loss_rpn_cls: 0.0025, loss_rpn_bbox: 0.0331, loss_cls: 0.0403, acc: 98.1982, loss_bbox: 0.0867, loss: 0.1628
2020-11-21 23:24:05,855 - mmdet - INFO - Epoch [2][200/638]	lr: 1.000e-02, eta: 0:20:34, time: 0.748, data_time: 0.012, memory: 11887, loss_rpn_cls: 0.0025, loss_rpn_bbox: 0.0299, loss_cls: 0.0329, acc: 98.6865, loss_bbox: 0.0754, loss: 0.1408
2020-11-21 23:25:20,737 - mmdet - INFO - Epoch [2][300/638]	lr: 1.000e-02, eta: 0:19:27, time: 0.749, data_time: 0.012, memory: 11887, loss_rpn_cls: 0.0029, loss_rpn_bbox: 0.0313, loss_cls: 0.0385, acc: 98.4316, loss_bbox: 0.0801, loss: 0.1527
2020-11-21 23:26:35,812 - mmdet - INFO - Epoch [2][400/638]	lr: 1.000e-02, eta: 0:18:19, time: 0.751, data_time: 0.012, memory: 11913, loss_rpn_cls: 0.0025, loss_rpn_bbox: 0.0355, loss_cls: 0.0322, acc: 98.6338, loss_bbox: 0.0792, loss: 0.1495
2020-11-21 23:27:50,709 - mmdet - INFO - Epoch [2][500/638]	lr: 1.000e-02, eta: 0:17:09, time: 0.749, data_time: 0.012, memory: 11913, loss_rpn_cls: 0.0041, loss_rpn_bbox: 0.0323, loss_cls: 0.0355, acc: 98.6172, loss_bbox: 0.0741, loss: 0.1459
2020-11-21 23:29:05,242 - mmdet - INFO - Epoch [2][600/638]	lr: 1.000e-02, eta: 0:15:58, time: 0.745, data_time: 0.012, memory: 11913, loss_rpn_cls: 0.0031, loss_rpn_bbox: 0.0345, loss_cls: 0.0253, acc: 99.0020, loss_bbox: 0.0678, loss: 0.1306
2020-11-21 23:29:55,630 - mmdet - INFO - Evaluating bbox...
2020-11-21 23:29:57,799 - mmdet - INFO - Epoch [2][638/638]	lr: 1.000e-02, bbox_mAP: 0.8450, bbox_mAP_50: 0.9090, bbox_mAP_75: 0.8940, bbox_mAP_s: 0.5770, bbox_mAP_m: 0.8840, bbox_mAP_l: 0.9220, bbox_mAP_copypaste: 0.845 0.909 0.894 0.577 0.884 0.922
2020-11-21 23:30:25,763 - mmdet - INFO - Epoch(train) [2][69]	loss_rpn_cls: 0.0036, loss_rpn_bbox: 0.0340, loss_cls: 0.0331, acc: 98.6611, loss_bbox: 0.0820, loss: 0.1528
2020-11-21 23:31:42,672 - mmdet - INFO - Epoch [3][100/638]	lr: 1.000e-02, eta: 0:13:57, time: 0.767, data_time: 0.033, memory: 11913, loss_rpn_cls: 0.0033, loss_rpn_bbox: 0.0328, loss_cls: 0.0393, acc: 98.3232, loss_bbox: 0.0833, loss: 0.1587
2020-11-21 23:32:57,511 - mmdet - INFO - Epoch [3][200/638]	lr: 1.000e-02, eta: 0:12:48, time: 0.748, data_time: 0.012, memory: 11913, loss_rpn_cls: 0.0028, loss_rpn_bbox: 0.0301, loss_cls: 0.0297, acc: 98.7607, loss_bbox: 0.0741, loss: 0.1367
2020-11-21 23:34:12,195 - mmdet - INFO - Epoch [3][300/638]	lr: 1.000e-02, eta: 0:11:39, time: 0.747, data_time: 0.012, memory: 11913, loss_rpn_cls: 0.0034, loss_rpn_bbox: 0.0337, loss_cls: 0.0376, acc: 98.4854, loss_bbox: 0.0824, loss: 0.1570
2020-11-21 23:35:26,956 - mmdet - INFO - Epoch [3][400/638]	lr: 1.000e-02, eta: 0:10:29, time: 0.748, data_time: 0.012, memory: 11913, loss_rpn_cls: 0.0029, loss_rpn_bbox: 0.0337, loss_cls: 0.0375, acc: 98.4619, loss_bbox: 0.0873, loss: 0.1614
2020-11-21 23:36:41,690 - mmdet - INFO - Epoch [3][500/638]	lr: 1.000e-02, eta: 0:09:18, time: 0.747, data_time: 0.012, memory: 11913, loss_rpn_cls: 0.0035, loss_rpn_bbox: 0.0353, loss_cls: 0.0331, acc: 98.6387, loss_bbox: 0.0807, loss: 0.1525
2020-11-21 23:37:56,429 - mmdet - INFO - Epoch [3][600/638]	lr: 1.000e-02, eta: 0:08:07, time: 0.747, data_time: 0.012, memory: 11913, loss_rpn_cls: 0.0038, loss_rpn_bbox: 0.0320, loss_cls: 0.0342, acc: 98.5674, loss_bbox: 0.0754, loss: 0.1455
2020-11-21 23:38:47,242 - mmdet - INFO - Evaluating bbox...
2020-11-21 23:38:49,467 - mmdet - INFO - Epoch [3][638/638]	lr: 1.000e-02, bbox_mAP: 0.8370, bbox_mAP_50: 0.8950, bbox_mAP_75: 0.8900, bbox_mAP_s: 0.5770, bbox_mAP_m: 0.8860, bbox_mAP_l: 0.9180, bbox_mAP_copypaste: 0.837 0.895 0.890 0.577 0.886 0.918
2020-11-21 23:40:06,788 - mmdet - INFO - Epoch [4][100/638]	lr: 1.000e-02, eta: 0:06:22, time: 0.771, data_time: 0.033, memory: 11913, loss_rpn_cls: 0.0031, loss_rpn_bbox: 0.0343, loss_cls: 0.0326, acc: 98.6592, loss_bbox: 0.0790, loss: 0.1490
2020-11-21 23:41:21,782 - mmdet - INFO - Epoch [4][200/638]	lr: 1.000e-02, eta: 0:05:11, time: 0.750, data_time: 0.012, memory: 11913, loss_rpn_cls: 0.0039, loss_rpn_bbox: 0.0321, loss_cls: 0.0317, acc: 98.6025, loss_bbox: 0.0808, loss: 0.1486
2020-11-21 23:42:36,687 - mmdet - INFO - Epoch [4][300/638]	lr: 1.000e-02, eta: 0:04:01, time: 0.749, data_time: 0.012, memory: 11913, loss_rpn_cls: 0.0036, loss_rpn_bbox: 0.0305, loss_cls: 0.0311, acc: 98.6367, loss_bbox: 0.0702, loss: 0.1354
2020-11-21 23:43:51,684 - mmdet - INFO - Epoch [4][400/638]	lr: 1.000e-02, eta: 0:02:50, time: 0.750, data_time: 0.012, memory: 11913, loss_rpn_cls: 0.0028, loss_rpn_bbox: 0.0343, loss_cls: 0.0365, acc: 98.4336, loss_bbox: 0.0822, loss: 0.1558
2020-11-21 23:45:06,511 - mmdet - INFO - Epoch [4][500/638]	lr: 1.000e-02, eta: 0:01:38, time: 0.748, data_time: 0.012, memory: 11913, loss_rpn_cls: 0.0026, loss_rpn_bbox: 0.0344, loss_cls: 0.0344, acc: 98.6162, loss_bbox: 0.0768, loss: 0.1483
2020-11-21 23:46:21,466 - mmdet - INFO - Epoch [4][600/638]	lr: 1.000e-02, eta: 0:00:27, time: 0.750, data_time: 0.012, memory: 11913, loss_rpn_cls: 0.0025, loss_rpn_bbox: 0.0329, loss_cls: 0.0328, acc: 98.6357, loss_bbox: 0.0802, loss: 0.1483
2020-11-21 23:46:49,832 - mmdet - INFO - Saving checkpoint at 4 epochs
2020-11-21 23:47:13,864 - mmdet - INFO - Evaluating bbox...
2020-11-21 23:47:16,151 - mmdet - INFO - Epoch [4][638/638]	lr: 1.000e-02, bbox_mAP: 0.8380, bbox_mAP_50: 0.9090, bbox_mAP_75: 0.8990, bbox_mAP_s: 0.5780, bbox_mAP_m: 0.8690, bbox_mAP_l: 0.9160, bbox_mAP_copypaste: 0.838 0.909 0.899 0.578 0.869 0.916
2020-11-21 23:47:44,177 - mmdet - INFO - Epoch(train) [4][69]	loss_rpn_cls: 0.0028, loss_rpn_bbox: 0.0342, loss_cls: 0.0345, acc: 98.6144, loss_bbox: 0.0847, loss: 0.1561
