2020-11-20 14:50:10,189 - mmdet - INFO - Environment info:
------------------------------------------------------------
sys.platform: linux
Python: 3.6.4 |Anaconda, Inc.| (default, Jan 16 2018, 18:10:19) [GCC 7.2.0]
CUDA available: True
CUDA_HOME: /usr/local/cuda
NVCC: Cuda compilation tools, release 10.0, V10.0.130
GPU 0: Tesla P100-PCIE-16GB
GCC: gcc (GCC) 5.3.0
PyTorch: 1.3.1+cu100
PyTorch compiling details: PyTorch built with:
  - GCC 7.3
  - Intel(R) Math Kernel Library Version 2019.0.4 Product Build 20190411 for Intel(R) 64 architecture applications
  - Intel(R) MKL-DNN v0.20.5 (Git Hash 0125f28c61c1f822fd48570b4c1066f96fcb9b2e)
  - OpenMP 201511 (a.k.a. OpenMP 4.5)
  - NNPACK is enabled
  - CUDA Runtime 10.0
  - NVCC architecture flags: -gencode;arch=compute_37,code=sm_37;-gencode;arch=compute_50,code=sm_50;-gencode;arch=compute_60,code=sm_60;-gencode;arch=compute_61,code=sm_61;-gencode;arch=compute_70,code=sm_70;-gencode;arch=compute_75,code=sm_75;-gencode;arch=compute_37,code=compute_37
  - CuDNN 7.6.3
  - Magma 2.5.1
  - Build settings: BLAS=MKL, BUILD_NAMEDTENSOR=OFF, BUILD_TYPE=Release, CXX_FLAGS= -Wno-deprecated -fvisibility-inlines-hidden -fopenmp -DUSE_FBGEMM -DUSE_QNNPACK -DUSE_PYTORCH_QNNPACK -O2 -fPIC -Wno-narrowing -Wall -Wextra -Wno-missing-field-initializers -Wno-type-limits -Wno-array-bounds -Wno-unknown-pragmas -Wno-sign-compare -Wno-unused-parameter -Wno-unused-variable -Wno-unused-function -Wno-unused-result -Wno-strict-overflow -Wno-strict-aliasing -Wno-error=deprecated-declarations -Wno-stringop-overflow -Wno-error=pedantic -Wno-error=redundant-decls -Wno-error=old-style-cast -fdiagnostics-color=always -faligned-new -Wno-unused-but-set-variable -Wno-maybe-uninitialized -fno-math-errno -fno-trapping-math -Wno-stringop-overflow, DISABLE_NUMA=1, PERF_WITH_AVX=1, PERF_WITH_AVX2=1, PERF_WITH_AVX512=1, USE_CUDA=True, USE_EXCEPTION_PTR=1, USE_GFLAGS=OFF, USE_GLOG=OFF, USE_MKL=ON, USE_MKLDNN=ON, USE_MPI=OFF, USE_NCCL=ON, USE_NNPACK=ON, USE_OPENMP=ON, USE_STATIC_DISPATCH=OFF, 

TorchVision: 0.4.2+cu100
OpenCV: 4.4.0
MMCV: 1.0.5
MMDetection: 2.3.0+788fa8d
MMDetection Compiler: GCC 7.3
MMDetection CUDA Compiler: 10.0
------------------------------------------------------------

2020-11-20 14:50:10,190 - mmdet - INFO - Distributed training: False
2020-11-20 14:50:10,590 - mmdet - INFO - Config:
model = dict(
    type='FasterRCNN',
    pretrained='torchvision://resnet50',
    backbone=dict(
        type='ResNet',
        depth=50,
        num_stages=4,
        out_indices=(0, 1, 2, 3),
        frozen_stages=1,
        norm_cfg=dict(type='BN', requires_grad=True),
        norm_eval=True,
        style='pytorch'),
    neck=dict(
        type='FPN',
        in_channels=[256, 512, 1024, 2048],
        out_channels=256,
        num_outs=5),
    rpn_head=dict(
        type='RPNHead',
        in_channels=256,
        feat_channels=256,
        anchor_generator=dict(
            type='AnchorGenerator',
            scales=[8],
            ratios=[0.5, 1.0, 2.0],
            strides=[4, 8, 16, 32, 64]),
        bbox_coder=dict(
            type='DeltaXYWHBBoxCoder',
            target_means=[0.0, 0.0, 0.0, 0.0],
            target_stds=[1.0, 1.0, 1.0, 1.0]),
        loss_cls=dict(
            type='CrossEntropyLoss', use_sigmoid=True, loss_weight=1.0),
        loss_bbox=dict(type='L1Loss', loss_weight=1.0)),
    roi_head=dict(
        type='StandardRoIHead',
        bbox_roi_extractor=dict(
            type='SingleRoIExtractor',
            roi_layer=dict(type='RoIAlign', output_size=7, sampling_ratio=0),
            out_channels=256,
            featmap_strides=[4, 8, 16, 32]),
        bbox_head=dict(
            type='Shared2FCBBoxHead',
            in_channels=256,
            fc_out_channels=1024,
            roi_feat_size=7,
            num_classes=2,
            bbox_coder=dict(
                type='DeltaXYWHBBoxCoder',
                target_means=[0.0, 0.0, 0.0, 0.0],
                target_stds=[0.1, 0.1, 0.2, 0.2]),
            reg_class_agnostic=False,
            loss_cls=dict(
                type='CrossEntropyLoss', use_sigmoid=False, loss_weight=1.0),
            loss_bbox=dict(type='L1Loss', loss_weight=1.0))))
train_cfg = dict(
    rpn=dict(
        assigner=dict(
            type='MaxIoUAssigner',
            pos_iou_thr=0.7,
            neg_iou_thr=0.3,
            min_pos_iou=0.3,
            match_low_quality=True,
            ignore_iof_thr=-1),
        sampler=dict(
            type='RandomSampler',
            num=256,
            pos_fraction=0.5,
            neg_pos_ub=-1,
            add_gt_as_proposals=False),
        allowed_border=-1,
        pos_weight=-1,
        debug=False),
    rpn_proposal=dict(
        nms_across_levels=False,
        nms_pre=2000,
        nms_post=1000,
        max_num=1000,
        nms_thr=0.7,
        min_bbox_size=0),
    rcnn=dict(
        assigner=dict(
            type='MaxIoUAssigner',
            pos_iou_thr=0.5,
            neg_iou_thr=0.5,
            min_pos_iou=0.5,
            match_low_quality=False,
            ignore_iof_thr=-1),
        sampler=dict(
            type='RandomSampler',
            num=512,
            pos_fraction=0.25,
            neg_pos_ub=-1,
            add_gt_as_proposals=True),
        pos_weight=-1,
        debug=False))
test_cfg = dict(
    rpn=dict(
        nms_across_levels=False,
        nms_pre=1000,
        nms_post=1000,
        max_num=1000,
        nms_thr=0.7,
        min_bbox_size=0),
    rcnn=dict(
        score_thr=0.05,
        nms=dict(type='nms', iou_threshold=0.5),
        max_per_img=100))
dataset_type = 'CocoDataset'
data_root = 'data/coco/'
img_norm_cfg = dict(
    mean=[123.675, 116.28, 103.53], std=[58.395, 57.12, 57.375], to_rgb=True)
train_pipeline = [
    dict(type='LoadImageFromFile'),
    dict(type='LoadAnnotations', with_bbox=True),
    dict(type='Resize', img_scale=(1550, 1550), keep_ratio=True),
    dict(type='RandomFlip', flip_ratio=0.5),
    dict(
        type='Normalize',
        mean=[123.675, 116.28, 103.53],
        std=[58.395, 57.12, 57.375],
        to_rgb=True),
    dict(type='Pad', size_divisor=32),
    dict(type='DefaultFormatBundle'),
    dict(type='Collect', keys=['img', 'gt_bboxes', 'gt_labels'])
]
test_pipeline = [
    dict(type='LoadImageFromFile'),
    dict(
        type='MultiScaleFlipAug',
        img_scale=(1550, 1550),
        flip=False,
        transforms=[
            dict(type='Resize', keep_ratio=True),
            dict(type='RandomFlip'),
            dict(
                type='Normalize',
                mean=[123.675, 116.28, 103.53],
                std=[58.395, 57.12, 57.375],
                to_rgb=True),
            dict(type='Pad', size_divisor=32),
            dict(type='ImageToTensor', keys=['img']),
            dict(type='Collect', keys=['img'])
        ])
]
data = dict(
    samples_per_gpu=2,
    workers_per_gpu=2,
    train=dict(
        type='CocoDataset',
        ann_file='data/coco/annotations/annotations_trai.json',
        img_prefix='data/coco/img/',
        pipeline=[
            dict(type='LoadImageFromFile'),
            dict(type='LoadAnnotations', with_bbox=True),
            dict(type='Resize', img_scale=(1550, 1550), keep_ratio=True),
            dict(type='RandomFlip', flip_ratio=0.5),
            dict(
                type='Normalize',
                mean=[123.675, 116.28, 103.53],
                std=[58.395, 57.12, 57.375],
                to_rgb=True),
            dict(type='Pad', size_divisor=32),
            dict(type='DefaultFormatBundle'),
            dict(type='Collect', keys=['img', 'gt_bboxes', 'gt_labels'])
        ]),
    val=dict(
        type='CocoDataset',
        ann_file='data/coco/annotations/annotations_test.json',
        img_prefix='data/coco/img/',
        pipeline=[
            dict(type='LoadImageFromFile'),
            dict(
                type='MultiScaleFlipAug',
                img_scale=(1550, 1550),
                flip=False,
                transforms=[
                    dict(type='Resize', keep_ratio=True),
                    dict(type='RandomFlip'),
                    dict(
                        type='Normalize',
                        mean=[123.675, 116.28, 103.53],
                        std=[58.395, 57.12, 57.375],
                        to_rgb=True),
                    dict(type='Pad', size_divisor=32),
                    dict(type='ImageToTensor', keys=['img']),
                    dict(type='Collect', keys=['img'])
                ])
        ]),
    test=dict(
        type='CocoDataset',
        ann_file='data/coco/annotations/annotations_vals.json',
        img_prefix='data/coco/img/',
        pipeline=[
            dict(type='LoadImageFromFile'),
            dict(
                type='MultiScaleFlipAug',
                img_scale=(1550, 1550),
                flip=False,
                transforms=[
                    dict(type='Resize', keep_ratio=True),
                    dict(type='RandomFlip'),
                    dict(
                        type='Normalize',
                        mean=[123.675, 116.28, 103.53],
                        std=[58.395, 57.12, 57.375],
                        to_rgb=True),
                    dict(type='Pad', size_divisor=32),
                    dict(type='ImageToTensor', keys=['img']),
                    dict(type='Collect', keys=['img'])
                ])
        ]))
evaluation = dict(interval=1, metric='bbox')
optimizer = dict(type='SGD', lr=0.01, momentum=0.9, weight_decay=0.0001)
optimizer_config = dict(grad_clip=None)
lr_config = dict(
    policy='step',
    warmup='linear',
    warmup_iters=500,
    warmup_ratio=0.001,
    step=[8, 11])
total_epochs = 4
checkpoint_config = dict(interval=4)
log_config = dict(interval=100, hooks=[dict(type='TextLoggerHook')])
dist_params = dict(backend='nccl')
log_level = 'INFO'
load_from = '/home/admin/.cache/torch/checkpoints/X.pth'
resume_from = None
workflow = [('train', 2), ('val', 1)]
work_dir = '/home/admin/jupyter/SecurityAI_Round5/data/work'
gpu_ids = range(0, 1)

2020-11-20 14:50:11,089 - mmdet - INFO - load model from: torchvision://resnet50
2020-11-20 14:50:18,919 - mmdet - WARNING - The model and loaded state dict do not match exactly

unexpected key in source state_dict: fc.weight, fc.bias

2020-11-20 14:50:28,998 - mmdet - INFO - load checkpoint from /home/admin/.cache/torch/checkpoints/X.pth
2020-11-20 14:50:35,512 - mmdet - INFO - Start running, host: admin@fuxilabor_labor0_S4_Odps_S96_dsw_prepaid_cnsh_838_2020112000281, work_dir: /home/admin/jupyter/SecurityAI_Round5/data/work
2020-11-20 14:50:35,513 - mmdet - INFO - workflow: [('train', 2), ('val', 1)], max: 4 epochs
2020-11-20 14:51:53,331 - mmdet - INFO - Epoch [1][100/625]	lr: 1.988e-03, eta: 0:31:02, time: 0.776, data_time: 0.033, memory: 9990, loss_rpn_cls: 0.0030, loss_rpn_bbox: 0.0321, loss_cls: 0.0398, acc: 98.3379, loss_bbox: 0.0857, loss: 0.1605
2020-11-20 14:53:08,447 - mmdet - INFO - Epoch [1][200/625]	lr: 3.986e-03, eta: 0:29:16, time: 0.751, data_time: 0.012, memory: 9990, loss_rpn_cls: 0.0024, loss_rpn_bbox: 0.0277, loss_cls: 0.0303, acc: 98.7354, loss_bbox: 0.0725, loss: 0.1330
2020-11-20 14:54:23,638 - mmdet - INFO - Epoch [1][300/625]	lr: 5.984e-03, eta: 0:27:51, time: 0.752, data_time: 0.012, memory: 9990, loss_rpn_cls: 0.0031, loss_rpn_bbox: 0.0288, loss_cls: 0.0373, acc: 98.4092, loss_bbox: 0.0764, loss: 0.1456
2020-11-20 14:55:38,587 - mmdet - INFO - Epoch [1][400/625]	lr: 7.982e-03, eta: 0:26:30, time: 0.749, data_time: 0.012, memory: 9990, loss_rpn_cls: 0.0030, loss_rpn_bbox: 0.0288, loss_cls: 0.0365, acc: 98.5684, loss_bbox: 0.0755, loss: 0.1438
2020-11-20 14:56:53,821 - mmdet - INFO - Epoch [1][500/625]	lr: 9.980e-03, eta: 0:25:12, time: 0.752, data_time: 0.012, memory: 11883, loss_rpn_cls: 0.0027, loss_rpn_bbox: 0.0310, loss_cls: 0.0309, acc: 98.6963, loss_bbox: 0.0727, loss: 0.1372
2020-11-20 14:58:09,076 - mmdet - INFO - Epoch [1][600/625]	lr: 1.000e-02, eta: 0:23:55, time: 0.753, data_time: 0.012, memory: 11883, loss_rpn_cls: 0.0029, loss_rpn_bbox: 0.0377, loss_cls: 0.0388, acc: 98.2939, loss_bbox: 0.0848, loss: 0.1641
2020-11-20 14:58:50,402 - mmdet - INFO - Evaluating bbox...
2020-11-20 14:58:52,260 - mmdet - INFO - Epoch [1][625/625]	lr: 1.000e-02, bbox_mAP: 0.8290, bbox_mAP_50: 0.9000, bbox_mAP_75: 0.8900, bbox_mAP_s: 0.5940, bbox_mAP_m: 0.8720, bbox_mAP_l: 0.8870, bbox_mAP_copypaste: 0.829 0.900 0.890 0.594 0.872 0.887
2020-11-20 15:00:10,059 - mmdet - INFO - Epoch [2][100/625]	lr: 1.000e-02, eta: 0:21:39, time: 0.776, data_time: 0.033, memory: 11883, loss_rpn_cls: 0.0023, loss_rpn_bbox: 0.0346, loss_cls: 0.0345, acc: 98.5195, loss_bbox: 0.0837, loss: 0.1551
2020-11-20 15:01:25,024 - mmdet - INFO - Epoch [2][200/625]	lr: 1.000e-02, eta: 0:20:30, time: 0.750, data_time: 0.012, memory: 11883, loss_rpn_cls: 0.0032, loss_rpn_bbox: 0.0334, loss_cls: 0.0338, acc: 98.5967, loss_bbox: 0.0805, loss: 0.1508
2020-11-20 15:02:40,066 - mmdet - INFO - Epoch [2][300/625]	lr: 1.000e-02, eta: 0:19:19, time: 0.750, data_time: 0.012, memory: 11883, loss_rpn_cls: 0.0027, loss_rpn_bbox: 0.0354, loss_cls: 0.0400, acc: 98.3271, loss_bbox: 0.0853, loss: 0.1635
2020-11-20 15:03:55,019 - mmdet - INFO - Epoch [2][400/625]	lr: 1.000e-02, eta: 0:18:07, time: 0.750, data_time: 0.012, memory: 11883, loss_rpn_cls: 0.0026, loss_rpn_bbox: 0.0335, loss_cls: 0.0338, acc: 98.5684, loss_bbox: 0.0783, loss: 0.1484
2020-11-20 15:05:10,051 - mmdet - INFO - Epoch [2][500/625]	lr: 1.000e-02, eta: 0:16:55, time: 0.750, data_time: 0.012, memory: 11883, loss_rpn_cls: 0.0044, loss_rpn_bbox: 0.0357, loss_cls: 0.0405, acc: 98.2715, loss_bbox: 0.0846, loss: 0.1652
2020-11-20 15:06:25,169 - mmdet - INFO - Epoch [2][600/625]	lr: 1.000e-02, eta: 0:15:43, time: 0.751, data_time: 0.012, memory: 11883, loss_rpn_cls: 0.0033, loss_rpn_bbox: 0.0378, loss_cls: 0.0382, acc: 98.3809, loss_bbox: 0.0827, loss: 0.1621
2020-11-20 15:07:06,481 - mmdet - INFO - Evaluating bbox...
2020-11-20 15:07:08,336 - mmdet - INFO - Epoch [2][625/625]	lr: 1.000e-02, bbox_mAP: 0.8320, bbox_mAP_50: 0.9050, bbox_mAP_75: 0.8950, bbox_mAP_s: 0.5990, bbox_mAP_m: 0.8660, bbox_mAP_l: 0.8910, bbox_mAP_copypaste: 0.832 0.905 0.895 0.599 0.866 0.891
2020-11-20 15:07:36,906 - mmdet - INFO - Epoch(train) [2][70]	loss_rpn_cls: 0.0032, loss_rpn_bbox: 0.0388, loss_cls: 0.0365, acc: 98.4863, loss_bbox: 0.0939, loss: 0.1725
2020-11-20 15:08:54,183 - mmdet - INFO - Epoch [3][100/625]	lr: 1.000e-02, eta: 0:13:57, time: 0.771, data_time: 0.033, memory: 11883, loss_rpn_cls: 0.0047, loss_rpn_bbox: 0.0373, loss_cls: 0.0415, acc: 98.2314, loss_bbox: 0.0857, loss: 0.1692
2020-11-20 15:10:09,184 - mmdet - INFO - Epoch [3][200/625]	lr: 1.000e-02, eta: 0:12:46, time: 0.750, data_time: 0.012, memory: 11883, loss_rpn_cls: 0.0038, loss_rpn_bbox: 0.0404, loss_cls: 0.0369, acc: 98.4355, loss_bbox: 0.0851, loss: 0.1662
2020-11-20 15:11:24,116 - mmdet - INFO - Epoch [3][300/625]	lr: 1.000e-02, eta: 0:11:34, time: 0.749, data_time: 0.012, memory: 11883, loss_rpn_cls: 0.0025, loss_rpn_bbox: 0.0315, loss_cls: 0.0341, acc: 98.5664, loss_bbox: 0.0751, loss: 0.1432
2020-11-20 15:12:39,269 - mmdet - INFO - Epoch [3][400/625]	lr: 1.000e-02, eta: 0:10:22, time: 0.752, data_time: 0.012, memory: 11883, loss_rpn_cls: 0.0030, loss_rpn_bbox: 0.0358, loss_cls: 0.0383, acc: 98.4150, loss_bbox: 0.0837, loss: 0.1607
2020-11-20 15:13:54,281 - mmdet - INFO - Epoch [3][500/625]	lr: 1.000e-02, eta: 0:09:09, time: 0.750, data_time: 0.012, memory: 11883, loss_rpn_cls: 0.0029, loss_rpn_bbox: 0.0347, loss_cls: 0.0412, acc: 98.2461, loss_bbox: 0.0862, loss: 0.1650
2020-11-20 15:15:09,575 - mmdet - INFO - Epoch [3][600/625]	lr: 1.000e-02, eta: 0:07:57, time: 0.753, data_time: 0.012, memory: 11883, loss_rpn_cls: 0.0032, loss_rpn_bbox: 0.0397, loss_cls: 0.0432, acc: 98.1689, loss_bbox: 0.0984, loss: 0.1845
2020-11-20 15:15:50,845 - mmdet - INFO - Evaluating bbox...
2020-11-20 15:15:52,953 - mmdet - INFO - Epoch [3][625/625]	lr: 1.000e-02, bbox_mAP: 0.8200, bbox_mAP_50: 0.8940, bbox_mAP_75: 0.8830, bbox_mAP_s: 0.5850, bbox_mAP_m: 0.8680, bbox_mAP_l: 0.8830, bbox_mAP_copypaste: 0.820 0.894 0.883 0.585 0.868 0.883
2020-11-20 15:17:10,114 - mmdet - INFO - Epoch [4][100/625]	lr: 1.000e-02, eta: 0:06:21, time: 0.770, data_time: 0.033, memory: 11883, loss_rpn_cls: 0.0028, loss_rpn_bbox: 0.0335, loss_cls: 0.0321, acc: 98.6436, loss_bbox: 0.0776, loss: 0.1459
2020-11-20 15:18:25,202 - mmdet - INFO - Epoch [4][200/625]	lr: 1.000e-02, eta: 0:05:09, time: 0.751, data_time: 0.012, memory: 11883, loss_rpn_cls: 0.0033, loss_rpn_bbox: 0.0353, loss_cls: 0.0381, acc: 98.4043, loss_bbox: 0.0871, loss: 0.1638
2020-11-20 15:19:40,196 - mmdet - INFO - Epoch [4][300/625]	lr: 1.000e-02, eta: 0:03:56, time: 0.750, data_time: 0.012, memory: 11883, loss_rpn_cls: 0.0031, loss_rpn_bbox: 0.0355, loss_cls: 0.0377, acc: 98.4414, loss_bbox: 0.0819, loss: 0.1582
2020-11-20 15:20:55,587 - mmdet - INFO - Epoch [4][400/625]	lr: 1.000e-02, eta: 0:02:44, time: 0.754, data_time: 0.012, memory: 11883, loss_rpn_cls: 0.0034, loss_rpn_bbox: 0.0373, loss_cls: 0.0433, acc: 98.1143, loss_bbox: 0.0912, loss: 0.1751
2020-11-20 15:22:10,508 - mmdet - INFO - Epoch [4][500/625]	lr: 1.000e-02, eta: 0:01:31, time: 0.749, data_time: 0.012, memory: 11883, loss_rpn_cls: 0.0042, loss_rpn_bbox: 0.0379, loss_cls: 0.0404, acc: 98.2324, loss_bbox: 0.0961, loss: 0.1786
2020-11-20 15:23:25,514 - mmdet - INFO - Epoch [4][600/625]	lr: 1.000e-02, eta: 0:00:18, time: 0.750, data_time: 0.012, memory: 11883, loss_rpn_cls: 0.0027, loss_rpn_bbox: 0.0344, loss_cls: 0.0334, acc: 98.5977, loss_bbox: 0.0817, loss: 0.1522
2020-11-20 15:23:44,274 - mmdet - INFO - Saving checkpoint at 4 epochs
2020-11-20 15:24:08,573 - mmdet - INFO - Evaluating bbox...
2020-11-20 15:24:10,668 - mmdet - INFO - Epoch [4][625/625]	lr: 1.000e-02, bbox_mAP: 0.8230, bbox_mAP_50: 0.8990, bbox_mAP_75: 0.8890, bbox_mAP_s: 0.5830, bbox_mAP_m: 0.8470, bbox_mAP_l: 0.8780, bbox_mAP_copypaste: 0.823 0.899 0.889 0.583 0.847 0.878
2020-11-20 15:24:39,299 - mmdet - INFO - Epoch(train) [4][70]	loss_rpn_cls: 0.0054, loss_rpn_bbox: 0.0398, loss_cls: 0.0360, acc: 98.5756, loss_bbox: 0.1018, loss: 0.1831
