2020-11-23 14:24:09,221 - mmdet - INFO - Environment info:
------------------------------------------------------------
sys.platform: linux
Python: 3.6.4 |Anaconda, Inc.| (default, Jan 16 2018, 18:10:19) [GCC 7.2.0]
CUDA available: True
CUDA_HOME: /usr/local/cuda
NVCC: Cuda compilation tools, release 10.0, V10.0.130
GPU 0: Tesla P100-PCIE-16GB
GCC: gcc (GCC) 5.3.0
PyTorch: 1.3.1+cu100
PyTorch compiling details: PyTorch built with:
  - GCC 7.3
  - Intel(R) Math Kernel Library Version 2019.0.4 Product Build 20190411 for Intel(R) 64 architecture applications
  - Intel(R) MKL-DNN v0.20.5 (Git Hash 0125f28c61c1f822fd48570b4c1066f96fcb9b2e)
  - OpenMP 201511 (a.k.a. OpenMP 4.5)
  - NNPACK is enabled
  - CUDA Runtime 10.0
  - NVCC architecture flags: -gencode;arch=compute_37,code=sm_37;-gencode;arch=compute_50,code=sm_50;-gencode;arch=compute_60,code=sm_60;-gencode;arch=compute_61,code=sm_61;-gencode;arch=compute_70,code=sm_70;-gencode;arch=compute_75,code=sm_75;-gencode;arch=compute_37,code=compute_37
  - CuDNN 7.6.3
  - Magma 2.5.1
  - Build settings: BLAS=MKL, BUILD_NAMEDTENSOR=OFF, BUILD_TYPE=Release, CXX_FLAGS= -Wno-deprecated -fvisibility-inlines-hidden -fopenmp -DUSE_FBGEMM -DUSE_QNNPACK -DUSE_PYTORCH_QNNPACK -O2 -fPIC -Wno-narrowing -Wall -Wextra -Wno-missing-field-initializers -Wno-type-limits -Wno-array-bounds -Wno-unknown-pragmas -Wno-sign-compare -Wno-unused-parameter -Wno-unused-variable -Wno-unused-function -Wno-unused-result -Wno-strict-overflow -Wno-strict-aliasing -Wno-error=deprecated-declarations -Wno-stringop-overflow -Wno-error=pedantic -Wno-error=redundant-decls -Wno-error=old-style-cast -fdiagnostics-color=always -faligned-new -Wno-unused-but-set-variable -Wno-maybe-uninitialized -fno-math-errno -fno-trapping-math -Wno-stringop-overflow, DISABLE_NUMA=1, PERF_WITH_AVX=1, PERF_WITH_AVX2=1, PERF_WITH_AVX512=1, USE_CUDA=True, USE_EXCEPTION_PTR=1, USE_GFLAGS=OFF, USE_GLOG=OFF, USE_MKL=ON, USE_MKLDNN=ON, USE_MPI=OFF, USE_NCCL=ON, USE_NNPACK=ON, USE_OPENMP=ON, USE_STATIC_DISPATCH=OFF, 

TorchVision: 0.4.2+cu100
OpenCV: 4.4.0
MMCV: 1.0.5
MMDetection: 2.3.0+788fa8d
MMDetection Compiler: GCC 7.3
MMDetection CUDA Compiler: 10.0
------------------------------------------------------------

2020-11-23 14:24:09,221 - mmdet - INFO - Distributed training: False
2020-11-23 14:24:09,627 - mmdet - INFO - Config:
model = dict(
    type='FasterRCNN',
    pretrained='torchvision://resnet50',
    backbone=dict(
        type='ResNet',
        depth=50,
        num_stages=4,
        out_indices=(0, 1, 2, 3),
        frozen_stages=1,
        norm_cfg=dict(type='BN', requires_grad=True),
        norm_eval=True,
        style='pytorch'),
    neck=dict(
        type='FPN',
        in_channels=[256, 512, 1024, 2048],
        out_channels=256,
        num_outs=5),
    rpn_head=dict(
        type='RPNHead',
        in_channels=256,
        feat_channels=256,
        anchor_generator=dict(
            type='AnchorGenerator',
            scales=[8],
            ratios=[0.5, 1.0, 2.0],
            strides=[4, 8, 16, 32, 64]),
        bbox_coder=dict(
            type='DeltaXYWHBBoxCoder',
            target_means=[0.0, 0.0, 0.0, 0.0],
            target_stds=[1.0, 1.0, 1.0, 1.0]),
        loss_cls=dict(
            type='CrossEntropyLoss', use_sigmoid=True, loss_weight=1.0),
        loss_bbox=dict(type='L1Loss', loss_weight=1.0)),
    roi_head=dict(
        type='StandardRoIHead',
        bbox_roi_extractor=dict(
            type='SingleRoIExtractor',
            roi_layer=dict(type='RoIAlign', output_size=7, sampling_ratio=0),
            out_channels=256,
            featmap_strides=[4, 8, 16, 32]),
        bbox_head=dict(
            type='Shared2FCBBoxHead',
            in_channels=256,
            fc_out_channels=1024,
            roi_feat_size=7,
            num_classes=2,
            bbox_coder=dict(
                type='DeltaXYWHBBoxCoder',
                target_means=[0.0, 0.0, 0.0, 0.0],
                target_stds=[0.1, 0.1, 0.2, 0.2]),
            reg_class_agnostic=False,
            loss_cls=dict(
                type='CrossEntropyLoss', use_sigmoid=False, loss_weight=1.0),
            loss_bbox=dict(type='L1Loss', loss_weight=1.0))))
train_cfg = dict(
    rpn=dict(
        assigner=dict(
            type='MaxIoUAssigner',
            pos_iou_thr=0.7,
            neg_iou_thr=0.3,
            min_pos_iou=0.3,
            match_low_quality=True,
            ignore_iof_thr=-1),
        sampler=dict(
            type='RandomSampler',
            num=256,
            pos_fraction=0.5,
            neg_pos_ub=-1,
            add_gt_as_proposals=False),
        allowed_border=-1,
        pos_weight=-1,
        debug=False),
    rpn_proposal=dict(
        nms_across_levels=False,
        nms_pre=2000,
        nms_post=1000,
        max_num=1000,
        nms_thr=0.7,
        min_bbox_size=0),
    rcnn=dict(
        assigner=dict(
            type='MaxIoUAssigner',
            pos_iou_thr=0.5,
            neg_iou_thr=0.5,
            min_pos_iou=0.5,
            match_low_quality=False,
            ignore_iof_thr=-1),
        sampler=dict(
            type='RandomSampler',
            num=512,
            pos_fraction=0.25,
            neg_pos_ub=-1,
            add_gt_as_proposals=True),
        pos_weight=-1,
        debug=False))
test_cfg = dict(
    rpn=dict(
        nms_across_levels=False,
        nms_pre=1000,
        nms_post=1000,
        max_num=1000,
        nms_thr=0.7,
        min_bbox_size=0),
    rcnn=dict(
        score_thr=0.05,
        nms=dict(type='nms', iou_threshold=0.5),
        max_per_img=100))
dataset_type = 'CocoDataset'
data_root = 'data/coco/'
img_norm_cfg = dict(
    mean=[123.675, 116.28, 103.53], std=[58.395, 57.12, 57.375], to_rgb=True)
train_pipeline = [
    dict(type='LoadImageFromFile'),
    dict(type='LoadAnnotations', with_bbox=True),
    dict(type='Resize', img_scale=(1550, 1550), keep_ratio=True),
    dict(type='RandomFlip', flip_ratio=0.5),
    dict(
        type='Normalize',
        mean=[123.675, 116.28, 103.53],
        std=[58.395, 57.12, 57.375],
        to_rgb=True),
    dict(type='Pad', size_divisor=32),
    dict(type='DefaultFormatBundle'),
    dict(type='Collect', keys=['img', 'gt_bboxes', 'gt_labels'])
]
test_pipeline = [
    dict(type='LoadImageFromFile'),
    dict(
        type='MultiScaleFlipAug',
        img_scale=(1550, 1550),
        flip=False,
        transforms=[
            dict(type='Resize', keep_ratio=True),
            dict(type='RandomFlip'),
            dict(
                type='Normalize',
                mean=[123.675, 116.28, 103.53],
                std=[58.395, 57.12, 57.375],
                to_rgb=True),
            dict(type='Pad', size_divisor=32),
            dict(type='ImageToTensor', keys=['img']),
            dict(type='Collect', keys=['img'])
        ])
]
data = dict(
    samples_per_gpu=2,
    workers_per_gpu=2,
    train=dict(
        type='CocoDataset',
        ann_file='data/coco/annotations/annotations_trai.json',
        img_prefix='data/coco/img/',
        pipeline=[
            dict(type='LoadImageFromFile'),
            dict(type='LoadAnnotations', with_bbox=True),
            dict(type='Resize', img_scale=(1550, 1550), keep_ratio=True),
            dict(type='RandomFlip', flip_ratio=0.5),
            dict(
                type='Normalize',
                mean=[123.675, 116.28, 103.53],
                std=[58.395, 57.12, 57.375],
                to_rgb=True),
            dict(type='Pad', size_divisor=32),
            dict(type='DefaultFormatBundle'),
            dict(type='Collect', keys=['img', 'gt_bboxes', 'gt_labels'])
        ]),
    val=dict(
        type='CocoDataset',
        ann_file='data/coco/annotations/annotations_test.json',
        img_prefix='data/coco/img/',
        pipeline=[
            dict(type='LoadImageFromFile'),
            dict(
                type='MultiScaleFlipAug',
                img_scale=(1550, 1550),
                flip=False,
                transforms=[
                    dict(type='Resize', keep_ratio=True),
                    dict(type='RandomFlip'),
                    dict(
                        type='Normalize',
                        mean=[123.675, 116.28, 103.53],
                        std=[58.395, 57.12, 57.375],
                        to_rgb=True),
                    dict(type='Pad', size_divisor=32),
                    dict(type='ImageToTensor', keys=['img']),
                    dict(type='Collect', keys=['img'])
                ])
        ]),
    test=dict(
        type='CocoDataset',
        ann_file='data/coco/annotations/annotations_vals.json',
        img_prefix='data/coco/img/',
        pipeline=[
            dict(type='LoadImageFromFile'),
            dict(
                type='MultiScaleFlipAug',
                img_scale=(1550, 1550),
                flip=False,
                transforms=[
                    dict(type='Resize', keep_ratio=True),
                    dict(type='RandomFlip'),
                    dict(
                        type='Normalize',
                        mean=[123.675, 116.28, 103.53],
                        std=[58.395, 57.12, 57.375],
                        to_rgb=True),
                    dict(type='Pad', size_divisor=32),
                    dict(type='ImageToTensor', keys=['img']),
                    dict(type='Collect', keys=['img'])
                ])
        ]))
evaluation = dict(interval=1, metric='bbox')
optimizer = dict(type='SGD', lr=0.01, momentum=0.9, weight_decay=0.0001)
optimizer_config = dict(grad_clip=None)
lr_config = dict(
    policy='step',
    warmup='linear',
    warmup_iters=500,
    warmup_ratio=0.001,
    step=[8, 11])
total_epochs = 4
checkpoint_config = dict(interval=4)
log_config = dict(interval=100, hooks=[dict(type='TextLoggerHook')])
dist_params = dict(backend='nccl')
log_level = 'INFO'
load_from = '/home/admin/.cache/torch/checkpoints/X.pth'
resume_from = None
workflow = [('train', 2), ('val', 1)]
work_dir = '/home/admin/jupyter/SecurityAI_Round5/data/work'
gpu_ids = range(0, 1)

2020-11-23 14:24:10,121 - mmdet - INFO - load model from: torchvision://resnet50
2020-11-23 14:24:18,117 - mmdet - WARNING - The model and loaded state dict do not match exactly

unexpected key in source state_dict: fc.weight, fc.bias

2020-11-23 14:24:28,458 - mmdet - INFO - load checkpoint from /home/admin/.cache/torch/checkpoints/X.pth
2020-11-23 14:24:35,068 - mmdet - INFO - Start running, host: admin@fuxilabor_labor0_S4_Odps_S96_dsw_prepaid_cnsh_838_2020112301033, work_dir: /home/admin/jupyter/SecurityAI_Round5/data/work
2020-11-23 14:24:35,068 - mmdet - INFO - workflow: [('train', 2), ('val', 1)], max: 4 epochs
2020-11-23 14:25:52,671 - mmdet - INFO - Epoch [1][100/621]	lr: 1.988e-03, eta: 0:30:45, time: 0.774, data_time: 0.033, memory: 9529, loss_rpn_cls: 0.0020, loss_rpn_bbox: 0.0270, loss_cls: 0.0318, acc: 98.7061, loss_bbox: 0.0691, loss: 0.1299
2020-11-23 14:27:07,552 - mmdet - INFO - Epoch [1][200/621]	lr: 3.986e-03, eta: 0:28:59, time: 0.749, data_time: 0.012, memory: 9529, loss_rpn_cls: 0.0019, loss_rpn_bbox: 0.0222, loss_cls: 0.0233, acc: 99.0488, loss_bbox: 0.0570, loss: 0.1043
2020-11-23 14:28:22,802 - mmdet - INFO - Epoch [1][300/621]	lr: 5.984e-03, eta: 0:27:36, time: 0.752, data_time: 0.012, memory: 10077, loss_rpn_cls: 0.0022, loss_rpn_bbox: 0.0242, loss_cls: 0.0289, acc: 98.7441, loss_bbox: 0.0678, loss: 0.1231
2020-11-23 14:29:37,748 - mmdet - INFO - Epoch [1][400/621]	lr: 7.982e-03, eta: 0:26:15, time: 0.749, data_time: 0.012, memory: 10077, loss_rpn_cls: 0.0021, loss_rpn_bbox: 0.0246, loss_cls: 0.0241, acc: 99.0234, loss_bbox: 0.0576, loss: 0.1084
2020-11-23 14:30:52,960 - mmdet - INFO - Epoch [1][500/621]	lr: 9.980e-03, eta: 0:24:58, time: 0.752, data_time: 0.012, memory: 11886, loss_rpn_cls: 0.0023, loss_rpn_bbox: 0.0289, loss_cls: 0.0306, acc: 98.6426, loss_bbox: 0.0710, loss: 0.1328
2020-11-23 14:32:07,944 - mmdet - INFO - Epoch [1][600/621]	lr: 1.000e-02, eta: 0:23:41, time: 0.750, data_time: 0.012, memory: 11886, loss_rpn_cls: 0.0023, loss_rpn_bbox: 0.0300, loss_cls: 0.0312, acc: 98.7090, loss_bbox: 0.0674, loss: 0.1309
2020-11-23 14:32:48,570 - mmdet - INFO - Evaluating bbox...
2020-11-23 14:32:51,062 - mmdet - INFO - Epoch [1][621/621]	lr: 1.000e-02, bbox_mAP: 0.8210, bbox_mAP_50: 0.8790, bbox_mAP_75: 0.8690, bbox_mAP_s: 0.5580, bbox_mAP_m: 0.8530, bbox_mAP_l: 0.8950, bbox_mAP_copypaste: 0.821 0.879 0.869 0.558 0.853 0.895
2020-11-23 14:34:08,479 - mmdet - INFO - Epoch [2][100/621]	lr: 1.000e-02, eta: 0:21:35, time: 0.772, data_time: 0.033, memory: 11886, loss_rpn_cls: 0.0026, loss_rpn_bbox: 0.0288, loss_cls: 0.0290, acc: 98.7793, loss_bbox: 0.0707, loss: 0.1311
2020-11-23 14:35:23,146 - mmdet - INFO - Epoch [2][200/621]	lr: 1.000e-02, eta: 0:20:24, time: 0.747, data_time: 0.012, memory: 11886, loss_rpn_cls: 0.0022, loss_rpn_bbox: 0.0277, loss_cls: 0.0222, acc: 99.0684, loss_bbox: 0.0631, loss: 0.1152
2020-11-23 14:36:38,005 - mmdet - INFO - Epoch [2][300/621]	lr: 1.000e-02, eta: 0:19:12, time: 0.749, data_time: 0.012, memory: 11886, loss_rpn_cls: 0.0033, loss_rpn_bbox: 0.0306, loss_cls: 0.0358, acc: 98.4023, loss_bbox: 0.0721, loss: 0.1419
2020-11-23 14:37:52,793 - mmdet - INFO - Epoch [2][400/621]	lr: 1.000e-02, eta: 0:18:00, time: 0.748, data_time: 0.012, memory: 11886, loss_rpn_cls: 0.0111, loss_rpn_bbox: 0.0353, loss_cls: 0.0409, acc: 98.3174, loss_bbox: 0.0818, loss: 0.1690
2020-11-23 14:39:07,463 - mmdet - INFO - Epoch [2][500/621]	lr: 1.000e-02, eta: 0:16:47, time: 0.747, data_time: 0.012, memory: 11886, loss_rpn_cls: 0.0090, loss_rpn_bbox: 0.0373, loss_cls: 0.0386, acc: 98.4541, loss_bbox: 0.0815, loss: 0.1664
2020-11-23 14:40:22,491 - mmdet - INFO - Epoch [2][600/621]	lr: 1.000e-02, eta: 0:15:34, time: 0.750, data_time: 0.012, memory: 11886, loss_rpn_cls: 0.0040, loss_rpn_bbox: 0.0354, loss_cls: 0.0321, acc: 98.6377, loss_bbox: 0.0776, loss: 0.1491
2020-11-23 14:41:02,861 - mmdet - INFO - Evaluating bbox...
2020-11-23 14:41:05,417 - mmdet - INFO - Epoch [2][621/621]	lr: 1.000e-02, bbox_mAP: 0.8170, bbox_mAP_50: 0.8830, bbox_mAP_75: 0.8730, bbox_mAP_s: 0.5400, bbox_mAP_m: 0.8490, bbox_mAP_l: 0.8870, bbox_mAP_copypaste: 0.817 0.883 0.873 0.540 0.849 0.887
2020-11-23 14:41:35,898 - mmdet - INFO - Epoch(train) [2][76]	loss_rpn_cls: 0.0036, loss_rpn_bbox: 0.0314, loss_cls: 0.0342, acc: 98.5814, loss_bbox: 0.0771, loss: 0.1464
2020-11-23 14:42:53,601 - mmdet - INFO - Epoch [3][100/621]	lr: 1.000e-02, eta: 0:13:54, time: 0.773, data_time: 0.034, memory: 11886, loss_rpn_cls: 0.0033, loss_rpn_bbox: 0.0301, loss_cls: 0.0287, acc: 98.8154, loss_bbox: 0.0712, loss: 0.1333
2020-11-23 14:44:08,711 - mmdet - INFO - Epoch [3][200/621]	lr: 1.000e-02, eta: 0:12:43, time: 0.751, data_time: 0.012, memory: 11886, loss_rpn_cls: 0.0030, loss_rpn_bbox: 0.0326, loss_cls: 0.0324, acc: 98.7188, loss_bbox: 0.0758, loss: 0.1437
2020-11-23 14:45:23,637 - mmdet - INFO - Epoch [3][300/621]	lr: 1.000e-02, eta: 0:11:31, time: 0.749, data_time: 0.012, memory: 11886, loss_rpn_cls: 0.0042, loss_rpn_bbox: 0.0363, loss_cls: 0.0401, acc: 98.2549, loss_bbox: 0.0810, loss: 0.1616
2020-11-23 14:46:38,510 - mmdet - INFO - Epoch [3][400/621]	lr: 1.000e-02, eta: 0:10:18, time: 0.749, data_time: 0.012, memory: 11886, loss_rpn_cls: 0.0035, loss_rpn_bbox: 0.0332, loss_cls: 0.0315, acc: 98.6318, loss_bbox: 0.0753, loss: 0.1435
2020-11-23 14:47:53,353 - mmdet - INFO - Epoch [3][500/621]	lr: 1.000e-02, eta: 0:09:05, time: 0.748, data_time: 0.012, memory: 11886, loss_rpn_cls: 0.0028, loss_rpn_bbox: 0.0297, loss_cls: 0.0309, acc: 98.6914, loss_bbox: 0.0716, loss: 0.1350
2020-11-23 14:49:08,194 - mmdet - INFO - Epoch [3][600/621]	lr: 1.000e-02, eta: 0:07:52, time: 0.748, data_time: 0.012, memory: 11886, loss_rpn_cls: 0.0022, loss_rpn_bbox: 0.0275, loss_cls: 0.0247, acc: 99.0410, loss_bbox: 0.0663, loss: 0.1207
2020-11-23 14:49:48,527 - mmdet - INFO - Evaluating bbox...
2020-11-23 14:49:51,075 - mmdet - INFO - Epoch [3][621/621]	lr: 1.000e-02, bbox_mAP: 0.8130, bbox_mAP_50: 0.8770, bbox_mAP_75: 0.8680, bbox_mAP_s: 0.5440, bbox_mAP_m: 0.8390, bbox_mAP_l: 0.8910, bbox_mAP_copypaste: 0.813 0.877 0.868 0.544 0.839 0.891
2020-11-23 14:51:08,208 - mmdet - INFO - Epoch [4][100/621]	lr: 1.000e-02, eta: 0:06:20, time: 0.769, data_time: 0.034, memory: 11886, loss_rpn_cls: 0.0031, loss_rpn_bbox: 0.0302, loss_cls: 0.0301, acc: 98.7305, loss_bbox: 0.0774, loss: 0.1408
2020-11-23 14:52:23,152 - mmdet - INFO - Epoch [4][200/621]	lr: 1.000e-02, eta: 0:05:07, time: 0.749, data_time: 0.012, memory: 11886, loss_rpn_cls: 0.0032, loss_rpn_bbox: 0.0286, loss_cls: 0.0344, acc: 98.5850, loss_bbox: 0.0744, loss: 0.1405
2020-11-23 14:53:38,052 - mmdet - INFO - Epoch [4][300/621]	lr: 1.000e-02, eta: 0:03:54, time: 0.749, data_time: 0.012, memory: 11886, loss_rpn_cls: 0.0022, loss_rpn_bbox: 0.0300, loss_cls: 0.0270, acc: 98.8818, loss_bbox: 0.0724, loss: 0.1316
2020-11-23 14:54:53,238 - mmdet - INFO - Epoch [4][400/621]	lr: 1.000e-02, eta: 0:02:41, time: 0.752, data_time: 0.012, memory: 11886, loss_rpn_cls: 0.0029, loss_rpn_bbox: 0.0299, loss_cls: 0.0285, acc: 98.8467, loss_bbox: 0.0704, loss: 0.1316
2020-11-23 14:56:08,502 - mmdet - INFO - Epoch [4][500/621]	lr: 1.000e-02, eta: 0:01:28, time: 0.753, data_time: 0.012, memory: 11886, loss_rpn_cls: 0.0026, loss_rpn_bbox: 0.0331, loss_cls: 0.0308, acc: 98.7295, loss_bbox: 0.0744, loss: 0.1409
2020-11-23 14:57:23,348 - mmdet - INFO - Epoch [4][600/621]	lr: 1.000e-02, eta: 0:00:15, time: 0.748, data_time: 0.012, memory: 11912, loss_rpn_cls: 0.0037, loss_rpn_bbox: 0.0352, loss_cls: 0.0450, acc: 98.1436, loss_bbox: 0.0884, loss: 0.1722
2020-11-23 14:57:38,906 - mmdet - INFO - Saving checkpoint at 4 epochs
2020-11-23 14:58:05,081 - mmdet - INFO - Evaluating bbox...
2020-11-23 14:58:07,477 - mmdet - INFO - Epoch [4][621/621]	lr: 1.000e-02, bbox_mAP: 0.8080, bbox_mAP_50: 0.8730, bbox_mAP_75: 0.8630, bbox_mAP_s: 0.5290, bbox_mAP_m: 0.8370, bbox_mAP_l: 0.8840, bbox_mAP_copypaste: 0.808 0.873 0.863 0.529 0.837 0.884
2020-11-23 14:58:38,200 - mmdet - INFO - Epoch(train) [4][76]	loss_rpn_cls: 0.0040, loss_rpn_bbox: 0.0348, loss_cls: 0.0367, acc: 98.4966, loss_bbox: 0.0798, loss: 0.1553
