2020-11-10 15:33:47,369 - mmdet - INFO - Environment info:
------------------------------------------------------------
sys.platform: linux
Python: 3.6.4 |Anaconda, Inc.| (default, Jan 16 2018, 18:10:19) [GCC 7.2.0]
CUDA available: True
CUDA_HOME: /usr/local/cuda
NVCC: Cuda compilation tools, release 10.0, V10.0.130
GPU 0: Tesla P100-PCIE-16GB
GCC: gcc (GCC) 5.3.0
PyTorch: 1.3.1+cu100
PyTorch compiling details: PyTorch built with:
  - GCC 7.3
  - Intel(R) Math Kernel Library Version 2019.0.4 Product Build 20190411 for Intel(R) 64 architecture applications
  - Intel(R) MKL-DNN v0.20.5 (Git Hash 0125f28c61c1f822fd48570b4c1066f96fcb9b2e)
  - OpenMP 201511 (a.k.a. OpenMP 4.5)
  - NNPACK is enabled
  - CUDA Runtime 10.0
  - NVCC architecture flags: -gencode;arch=compute_37,code=sm_37;-gencode;arch=compute_50,code=sm_50;-gencode;arch=compute_60,code=sm_60;-gencode;arch=compute_61,code=sm_61;-gencode;arch=compute_70,code=sm_70;-gencode;arch=compute_75,code=sm_75;-gencode;arch=compute_37,code=compute_37
  - CuDNN 7.6.3
  - Magma 2.5.1
  - Build settings: BLAS=MKL, BUILD_NAMEDTENSOR=OFF, BUILD_TYPE=Release, CXX_FLAGS= -Wno-deprecated -fvisibility-inlines-hidden -fopenmp -DUSE_FBGEMM -DUSE_QNNPACK -DUSE_PYTORCH_QNNPACK -O2 -fPIC -Wno-narrowing -Wall -Wextra -Wno-missing-field-initializers -Wno-type-limits -Wno-array-bounds -Wno-unknown-pragmas -Wno-sign-compare -Wno-unused-parameter -Wno-unused-variable -Wno-unused-function -Wno-unused-result -Wno-strict-overflow -Wno-strict-aliasing -Wno-error=deprecated-declarations -Wno-stringop-overflow -Wno-error=pedantic -Wno-error=redundant-decls -Wno-error=old-style-cast -fdiagnostics-color=always -faligned-new -Wno-unused-but-set-variable -Wno-maybe-uninitialized -fno-math-errno -fno-trapping-math -Wno-stringop-overflow, DISABLE_NUMA=1, PERF_WITH_AVX=1, PERF_WITH_AVX2=1, PERF_WITH_AVX512=1, USE_CUDA=True, USE_EXCEPTION_PTR=1, USE_GFLAGS=OFF, USE_GLOG=OFF, USE_MKL=ON, USE_MKLDNN=ON, USE_MPI=OFF, USE_NCCL=ON, USE_NNPACK=ON, USE_OPENMP=ON, USE_STATIC_DISPATCH=OFF, 

TorchVision: 0.4.2+cu100
OpenCV: 4.4.0
MMCV: 1.0.5
MMDetection: 2.3.0+788fa8d
MMDetection Compiler: GCC 7.3
MMDetection CUDA Compiler: 10.0
------------------------------------------------------------

2020-11-10 15:33:47,370 - mmdet - INFO - Distributed training: False
2020-11-10 15:33:47,763 - mmdet - INFO - Config:
model = dict(
    type='FasterRCNN',
    pretrained='torchvision://resnet50',
    backbone=dict(
        type='ResNet',
        depth=50,
        num_stages=4,
        out_indices=(0, 1, 2, 3),
        frozen_stages=1,
        norm_cfg=dict(type='BN', requires_grad=True),
        norm_eval=True,
        style='pytorch'),
    neck=dict(
        type='FPN',
        in_channels=[256, 512, 1024, 2048],
        out_channels=256,
        num_outs=5),
    rpn_head=dict(
        type='RPNHead',
        in_channels=256,
        feat_channels=256,
        anchor_generator=dict(
            type='AnchorGenerator',
            scales=[8],
            ratios=[0.5, 1.0, 2.0],
            strides=[4, 8, 16, 32, 64]),
        bbox_coder=dict(
            type='DeltaXYWHBBoxCoder',
            target_means=[0.0, 0.0, 0.0, 0.0],
            target_stds=[1.0, 1.0, 1.0, 1.0]),
        loss_cls=dict(
            type='CrossEntropyLoss', use_sigmoid=True, loss_weight=1.0),
        loss_bbox=dict(type='L1Loss', loss_weight=1.0)),
    roi_head=dict(
        type='StandardRoIHead',
        bbox_roi_extractor=dict(
            type='SingleRoIExtractor',
            roi_layer=dict(type='RoIAlign', output_size=7, sampling_ratio=0),
            out_channels=256,
            featmap_strides=[4, 8, 16, 32]),
        bbox_head=dict(
            type='Shared2FCBBoxHead',
            in_channels=256,
            fc_out_channels=1024,
            roi_feat_size=7,
            num_classes=2,
            bbox_coder=dict(
                type='DeltaXYWHBBoxCoder',
                target_means=[0.0, 0.0, 0.0, 0.0],
                target_stds=[0.1, 0.1, 0.2, 0.2]),
            reg_class_agnostic=False,
            loss_cls=dict(
                type='CrossEntropyLoss', use_sigmoid=False, loss_weight=1.0),
            loss_bbox=dict(type='L1Loss', loss_weight=1.0))))
train_cfg = dict(
    rpn=dict(
        assigner=dict(
            type='MaxIoUAssigner',
            pos_iou_thr=0.7,
            neg_iou_thr=0.3,
            min_pos_iou=0.3,
            match_low_quality=True,
            ignore_iof_thr=-1),
        sampler=dict(
            type='RandomSampler',
            num=256,
            pos_fraction=0.5,
            neg_pos_ub=-1,
            add_gt_as_proposals=False),
        allowed_border=-1,
        pos_weight=-1,
        debug=False),
    rpn_proposal=dict(
        nms_across_levels=False,
        nms_pre=2000,
        nms_post=1000,
        max_num=1000,
        nms_thr=0.7,
        min_bbox_size=0),
    rcnn=dict(
        assigner=dict(
            type='MaxIoUAssigner',
            pos_iou_thr=0.5,
            neg_iou_thr=0.5,
            min_pos_iou=0.5,
            match_low_quality=False,
            ignore_iof_thr=-1),
        sampler=dict(
            type='RandomSampler',
            num=512,
            pos_fraction=0.25,
            neg_pos_ub=-1,
            add_gt_as_proposals=True),
        pos_weight=-1,
        debug=False))
test_cfg = dict(
    rpn=dict(
        nms_across_levels=False,
        nms_pre=1000,
        nms_post=1000,
        max_num=1000,
        nms_thr=0.7,
        min_bbox_size=0),
    rcnn=dict(
        score_thr=0.05,
        nms=dict(type='nms', iou_threshold=0.5),
        max_per_img=100))
dataset_type = 'CocoDataset'
data_root = 'data/coco/'
img_norm_cfg = dict(
    mean=[123.675, 116.28, 103.53], std=[58.395, 57.12, 57.375], to_rgb=True)
train_pipeline = [
    dict(type='LoadImageFromFile'),
    dict(type='LoadAnnotations', with_bbox=True),
    dict(type='Resize', img_scale=(2015, 2015), keep_ratio=True),
    dict(type='RandomFlip', flip_ratio=0.5),
    dict(
        type='Normalize',
        mean=[123.675, 116.28, 103.53],
        std=[58.395, 57.12, 57.375],
        to_rgb=True),
    dict(type='Pad', size_divisor=32),
    dict(type='DefaultFormatBundle'),
    dict(type='Collect', keys=['img', 'gt_bboxes', 'gt_labels'])
]
test_pipeline = [
    dict(type='LoadImageFromFile'),
    dict(
        type='MultiScaleFlipAug',
        img_scale=(2015, 2015),
        flip=False,
        transforms=[
            dict(type='Resize', keep_ratio=True),
            dict(type='RandomFlip'),
            dict(
                type='Normalize',
                mean=[123.675, 116.28, 103.53],
                std=[58.395, 57.12, 57.375],
                to_rgb=True),
            dict(type='Pad', size_divisor=32),
            dict(type='ImageToTensor', keys=['img']),
            dict(type='Collect', keys=['img'])
        ])
]
data = dict(
    samples_per_gpu=1,
    workers_per_gpu=1,
    train=dict(
        type='CocoDataset',
        ann_file='data/coco/annotations/annotations_trai.json',
        img_prefix='data/coco/img/',
        pipeline=[
            dict(type='LoadImageFromFile'),
            dict(type='LoadAnnotations', with_bbox=True),
            dict(type='Resize', img_scale=(2015, 2015), keep_ratio=True),
            dict(type='RandomFlip', flip_ratio=0.5),
            dict(
                type='Normalize',
                mean=[123.675, 116.28, 103.53],
                std=[58.395, 57.12, 57.375],
                to_rgb=True),
            dict(type='Pad', size_divisor=32),
            dict(type='DefaultFormatBundle'),
            dict(type='Collect', keys=['img', 'gt_bboxes', 'gt_labels'])
        ]),
    val=dict(
        type='CocoDataset',
        ann_file='data/coco/annotations/annotations_test.json',
        img_prefix='data/coco/img/',
        pipeline=[
            dict(type='LoadImageFromFile'),
            dict(
                type='MultiScaleFlipAug',
                img_scale=(2015, 2015),
                flip=False,
                transforms=[
                    dict(type='Resize', keep_ratio=True),
                    dict(type='RandomFlip'),
                    dict(
                        type='Normalize',
                        mean=[123.675, 116.28, 103.53],
                        std=[58.395, 57.12, 57.375],
                        to_rgb=True),
                    dict(type='Pad', size_divisor=32),
                    dict(type='ImageToTensor', keys=['img']),
                    dict(type='Collect', keys=['img'])
                ])
        ]),
    test=dict(
        type='CocoDataset',
        ann_file='data/coco/annotations/annotations_vals.json',
        img_prefix='data/coco/img/',
        pipeline=[
            dict(type='LoadImageFromFile'),
            dict(
                type='MultiScaleFlipAug',
                img_scale=(2015, 2015),
                flip=False,
                transforms=[
                    dict(type='Resize', keep_ratio=True),
                    dict(type='RandomFlip'),
                    dict(
                        type='Normalize',
                        mean=[123.675, 116.28, 103.53],
                        std=[58.395, 57.12, 57.375],
                        to_rgb=True),
                    dict(type='Pad', size_divisor=32),
                    dict(type='ImageToTensor', keys=['img']),
                    dict(type='Collect', keys=['img'])
                ])
        ]))
evaluation = dict(interval=1, metric='bbox')
optimizer = dict(type='SGD', lr=0.02, momentum=0.9, weight_decay=0.0001)
optimizer_config = dict(grad_clip=None)
lr_config = dict(
    policy='step',
    warmup='linear',
    warmup_iters=500,
    warmup_ratio=0.001,
    step=[8, 11])
total_epochs = 4
checkpoint_config = dict(interval=2)
log_config = dict(interval=10, hooks=[dict(type='TextLoggerHook')])
dist_params = dict(backend='nccl')
log_level = 'INFO'
load_from = None
resume_from = None
workflow = [('train', 2), ('val', 1)]
work_dir = '/home/admin/jupyter/SecurityAI_Round5/data/work'
gpu_ids = range(0, 1)

2020-11-10 15:33:48,272 - mmdet - INFO - load model from: torchvision://resnet50
2020-11-10 15:33:56,262 - mmdet - WARNING - The model and loaded state dict do not match exactly

unexpected key in source state_dict: fc.weight, fc.bias

2020-11-10 15:34:07,519 - mmdet - INFO - Start running, host: admin@fuxilabor_labor0_S4_Odps_S96_dsw_prepaid_cnsh_838_2020111006405, work_dir: /home/admin/jupyter/SecurityAI_Round5/data/work
2020-11-10 15:34:07,519 - mmdet - INFO - workflow: [('train', 2), ('val', 1)], max: 4 epochs
2020-11-10 15:34:16,393 - mmdet - INFO - Epoch [1][10/8883]	lr: 3.796e-04, eta: 8:35:47, time: 0.871, data_time: 0.243, memory: 7197, loss_rpn_cls: 0.6871, loss_rpn_bbox: 0.3325, loss_cls: 0.7097, acc: 83.5352, loss_bbox: 0.0152, loss: 1.7445
2020-11-10 15:34:22,496 - mmdet - INFO - Epoch [1][20/8883]	lr: 7.792e-04, eta: 7:18:25, time: 0.610, data_time: 0.024, memory: 7790, loss_rpn_cls: 0.6708, loss_rpn_bbox: 0.1829, loss_cls: 0.3004, acc: 96.2891, loss_bbox: 0.0215, loss: 1.1757
2020-11-10 15:34:28,624 - mmdet - INFO - Epoch [1][30/8883]	lr: 1.179e-03, eta: 6:53:04, time: 0.613, data_time: 0.024, memory: 9672, loss_rpn_cls: 0.6076, loss_rpn_bbox: 0.2362, loss_cls: 0.2470, acc: 95.6641, loss_bbox: 0.0230, loss: 1.1138
2020-11-10 15:34:34,740 - mmdet - INFO - Epoch [1][40/8883]	lr: 1.578e-03, eta: 6:40:09, time: 0.612, data_time: 0.024, memory: 9672, loss_rpn_cls: 0.4759, loss_rpn_bbox: 0.2306, loss_cls: 0.1760, acc: 96.9141, loss_bbox: 0.0379, loss: 0.9204
2020-11-10 15:34:40,820 - mmdet - INFO - Epoch [1][50/8883]	lr: 1.978e-03, eta: 6:31:56, time: 0.608, data_time: 0.024, memory: 9672, loss_rpn_cls: 0.3662, loss_rpn_bbox: 0.1627, loss_cls: 0.1693, acc: 97.0117, loss_bbox: 0.0588, loss: 0.7569
2020-11-10 15:34:46,916 - mmdet - INFO - Epoch [1][60/8883]	lr: 2.378e-03, eta: 6:26:35, time: 0.610, data_time: 0.024, memory: 9672, loss_rpn_cls: 0.2914, loss_rpn_bbox: 0.0990, loss_cls: 0.1633, acc: 97.0312, loss_bbox: 0.0712, loss: 0.6249
2020-11-10 15:34:53,036 - mmdet - INFO - Epoch [1][70/8883]	lr: 2.777e-03, eta: 6:22:56, time: 0.612, data_time: 0.024, memory: 9672, loss_rpn_cls: 0.4310, loss_rpn_bbox: 0.2127, loss_cls: 0.1681, acc: 95.8789, loss_bbox: 0.0697, loss: 0.8816
2020-11-10 15:34:59,153 - mmdet - INFO - Epoch [1][80/8883]	lr: 3.177e-03, eta: 6:20:09, time: 0.612, data_time: 0.024, memory: 9672, loss_rpn_cls: 0.3999, loss_rpn_bbox: 0.2074, loss_cls: 0.0897, acc: 97.4023, loss_bbox: 0.0272, loss: 0.7242
2020-11-10 15:35:05,255 - mmdet - INFO - Epoch [1][90/8883]	lr: 3.576e-03, eta: 6:17:52, time: 0.610, data_time: 0.024, memory: 9672, loss_rpn_cls: 0.4305, loss_rpn_bbox: 0.1752, loss_cls: 0.1154, acc: 96.5234, loss_bbox: 0.0239, loss: 0.7451
2020-11-10 15:35:11,374 - mmdet - INFO - Epoch [1][100/8883]	lr: 3.976e-03, eta: 6:16:07, time: 0.612, data_time: 0.024, memory: 9672, loss_rpn_cls: 0.3448, loss_rpn_bbox: 0.2473, loss_cls: 0.1225, acc: 97.4414, loss_bbox: 0.0406, loss: 0.7551
2020-11-10 15:35:17,539 - mmdet - INFO - Epoch [1][110/8883]	lr: 4.376e-03, eta: 6:14:55, time: 0.616, data_time: 0.024, memory: 9672, loss_rpn_cls: 0.4195, loss_rpn_bbox: 0.2877, loss_cls: 0.1647, acc: 94.9414, loss_bbox: 0.0747, loss: 0.9466
2020-11-10 15:35:23,753 - mmdet - INFO - Epoch [1][120/8883]	lr: 4.775e-03, eta: 6:14:08, time: 0.621, data_time: 0.024, memory: 9672, loss_rpn_cls: 0.4984, loss_rpn_bbox: 0.2428, loss_cls: 0.1407, acc: 95.9766, loss_bbox: 0.0659, loss: 0.9478
2020-11-10 15:35:29,853 - mmdet - INFO - Epoch [1][130/8883]	lr: 5.175e-03, eta: 6:12:57, time: 0.610, data_time: 0.025, memory: 9672, loss_rpn_cls: 0.2271, loss_rpn_bbox: 0.1940, loss_cls: 0.1232, acc: 96.1328, loss_bbox: 0.0486, loss: 0.5929
2020-11-10 15:35:35,966 - mmdet - INFO - Epoch [1][140/8883]	lr: 5.574e-03, eta: 6:11:58, time: 0.611, data_time: 0.024, memory: 9672, loss_rpn_cls: 0.2334, loss_rpn_bbox: 0.1020, loss_cls: 0.0800, acc: 98.0273, loss_bbox: 0.0321, loss: 0.4476
2020-11-10 15:35:42,043 - mmdet - INFO - Epoch [1][150/8883]	lr: 5.974e-03, eta: 6:10:57, time: 0.608, data_time: 0.024, memory: 9672, loss_rpn_cls: 0.3163, loss_rpn_bbox: 0.1663, loss_cls: 0.0950, acc: 97.8125, loss_bbox: 0.0382, loss: 0.6157
2020-11-10 15:35:48,129 - mmdet - INFO - Epoch [1][160/8883]	lr: 6.374e-03, eta: 6:10:06, time: 0.609, data_time: 0.024, memory: 9672, loss_rpn_cls: 0.2004, loss_rpn_bbox: 0.1126, loss_cls: 0.0693, acc: 97.7148, loss_bbox: 0.0178, loss: 0.4001
2020-11-10 15:35:54,239 - mmdet - INFO - Epoch [1][170/8883]	lr: 6.773e-03, eta: 6:09:25, time: 0.611, data_time: 0.024, memory: 9672, loss_rpn_cls: 0.2967, loss_rpn_bbox: 0.2394, loss_cls: 0.1029, acc: 97.0117, loss_bbox: 0.0384, loss: 0.6773
2020-11-10 15:36:00,436 - mmdet - INFO - Epoch [1][180/8883]	lr: 7.173e-03, eta: 6:09:04, time: 0.620, data_time: 0.024, memory: 9672, loss_rpn_cls: 0.3316, loss_rpn_bbox: 0.1905, loss_cls: 0.0919, acc: 97.4414, loss_bbox: 0.0297, loss: 0.6436
2020-11-10 15:36:06,642 - mmdet - INFO - Epoch [1][190/8883]	lr: 7.572e-03, eta: 6:08:47, time: 0.621, data_time: 0.024, memory: 9672, loss_rpn_cls: 0.4197, loss_rpn_bbox: 0.2118, loss_cls: 0.1368, acc: 96.7188, loss_bbox: 0.0505, loss: 0.8188
2020-11-10 15:36:12,795 - mmdet - INFO - Epoch [1][200/8883]	lr: 7.972e-03, eta: 6:08:22, time: 0.615, data_time: 0.024, memory: 9672, loss_rpn_cls: 0.3468, loss_rpn_bbox: 0.2310, loss_cls: 0.1858, acc: 95.7031, loss_bbox: 0.0621, loss: 0.8256
2020-11-10 15:36:19,019 - mmdet - INFO - Epoch [1][210/8883]	lr: 8.372e-03, eta: 6:08:10, time: 0.622, data_time: 0.024, memory: 9672, loss_rpn_cls: 0.9085, loss_rpn_bbox: 0.2966, loss_cls: 0.4243, acc: 85.1758, loss_bbox: 0.0897, loss: 1.7190
2020-11-10 15:36:25,092 - mmdet - INFO - Epoch [1][220/8883]	lr: 8.771e-03, eta: 6:07:35, time: 0.607, data_time: 0.024, memory: 9672, loss_rpn_cls: 0.4525, loss_rpn_bbox: 0.2538, loss_cls: 0.2256, acc: 97.7930, loss_bbox: 0.0601, loss: 0.9919
2020-11-10 15:36:31,262 - mmdet - INFO - Epoch [1][230/8883]	lr: 9.171e-03, eta: 6:07:17, time: 0.617, data_time: 0.024, memory: 9672, loss_rpn_cls: 0.4449, loss_rpn_bbox: 0.4206, loss_cls: 0.5044, acc: 91.0742, loss_bbox: 0.1661, loss: 1.5360
2020-11-10 15:36:37,384 - mmdet - INFO - Epoch [1][240/8883]	lr: 9.570e-03, eta: 6:06:53, time: 0.612, data_time: 0.024, memory: 9672, loss_rpn_cls: 0.3969, loss_rpn_bbox: 0.2978, loss_cls: 0.6624, acc: 93.1445, loss_bbox: 0.1934, loss: 1.5504
2020-11-10 15:36:43,504 - mmdet - INFO - Epoch [1][250/8883]	lr: 9.970e-03, eta: 6:06:30, time: 0.612, data_time: 0.024, memory: 9672, loss_rpn_cls: 0.4804, loss_rpn_bbox: 0.2697, loss_cls: 0.3697, acc: 97.6367, loss_bbox: 0.2784, loss: 1.3982
2020-11-10 15:36:49,510 - mmdet - INFO - Epoch [1][260/8883]	lr: 1.037e-02, eta: 6:05:53, time: 0.600, data_time: 0.024, memory: 9672, loss_rpn_cls: nan, loss_rpn_bbox: nan, loss_cls: nan, acc: 29.3945, loss_bbox: nan, loss: nan
2020-11-10 15:36:55,485 - mmdet - INFO - Epoch [1][270/8883]	lr: 1.077e-02, eta: 6:05:14, time: 0.597, data_time: 0.024, memory: 9672, loss_rpn_cls: nan, loss_rpn_bbox: nan, loss_cls: nan, acc: 5.1172, loss_bbox: nan, loss: nan
2020-11-10 15:37:01,451 - mmdet - INFO - Epoch [1][280/8883]	lr: 1.117e-02, eta: 6:04:37, time: 0.597, data_time: 0.025, memory: 9672, loss_rpn_cls: nan, loss_rpn_bbox: nan, loss_cls: nan, acc: 0.4102, loss_bbox: nan, loss: nan
2020-11-10 15:37:07,467 - mmdet - INFO - Epoch [1][290/8883]	lr: 1.157e-02, eta: 6:04:07, time: 0.601, data_time: 0.024, memory: 9672, loss_rpn_cls: nan, loss_rpn_bbox: nan, loss_cls: nan, acc: 15.0586, loss_bbox: nan, loss: nan
2020-11-10 15:37:13,478 - mmdet - INFO - Epoch [1][300/8883]	lr: 1.197e-02, eta: 6:03:39, time: 0.601, data_time: 0.025, memory: 9672, loss_rpn_cls: nan, loss_rpn_bbox: nan, loss_cls: nan, acc: 5.1953, loss_bbox: nan, loss: nan
2020-11-10 15:37:19,461 - mmdet - INFO - Epoch [1][310/8883]	lr: 1.237e-02, eta: 6:03:09, time: 0.598, data_time: 0.024, memory: 9672, loss_rpn_cls: nan, loss_rpn_bbox: nan, loss_cls: nan, acc: 5.2148, loss_bbox: nan, loss: nan
2020-11-10 15:37:25,448 - mmdet - INFO - Epoch [1][320/8883]	lr: 1.277e-02, eta: 6:02:41, time: 0.599, data_time: 0.024, memory: 9672, loss_rpn_cls: nan, loss_rpn_bbox: nan, loss_cls: nan, acc: 0.0586, loss_bbox: nan, loss: nan
2020-11-10 15:37:31,439 - mmdet - INFO - Epoch [1][330/8883]	lr: 1.317e-02, eta: 6:02:14, time: 0.599, data_time: 0.024, memory: 9672, loss_rpn_cls: nan, loss_rpn_bbox: nan, loss_cls: nan, acc: 15.0781, loss_bbox: nan, loss: nan
2020-11-10 15:37:37,470 - mmdet - INFO - Epoch [1][340/8883]	lr: 1.357e-02, eta: 6:01:53, time: 0.603, data_time: 0.024, memory: 9672, loss_rpn_cls: nan, loss_rpn_bbox: nan, loss_cls: nan, acc: 5.1953, loss_bbox: nan, loss: nan
2020-11-10 15:37:43,444 - mmdet - INFO - Epoch [1][350/8883]	lr: 1.397e-02, eta: 6:01:28, time: 0.598, data_time: 0.024, memory: 9672, loss_rpn_cls: nan, loss_rpn_bbox: nan, loss_cls: nan, acc: 5.1953, loss_bbox: nan, loss: nan
2020-11-10 15:37:49,462 - mmdet - INFO - Epoch [1][360/8883]	lr: 1.437e-02, eta: 6:01:07, time: 0.602, data_time: 0.024, memory: 9672, loss_rpn_cls: nan, loss_rpn_bbox: nan, loss_cls: nan, acc: 5.4297, loss_bbox: nan, loss: nan
2020-11-10 15:37:55,409 - mmdet - INFO - Epoch [1][370/8883]	lr: 1.477e-02, eta: 6:00:41, time: 0.595, data_time: 0.024, memory: 9672, loss_rpn_cls: nan, loss_rpn_bbox: nan, loss_cls: nan, acc: 5.1172, loss_bbox: nan, loss: nan
2020-11-10 15:38:01,419 - mmdet - INFO - Epoch [1][380/8883]	lr: 1.516e-02, eta: 6:00:21, time: 0.601, data_time: 0.024, memory: 9672, loss_rpn_cls: nan, loss_rpn_bbox: nan, loss_cls: nan, acc: 5.1562, loss_bbox: nan, loss: nan
2020-11-10 15:38:07,377 - mmdet - INFO - Epoch [1][390/8883]	lr: 1.556e-02, eta: 5:59:58, time: 0.596, data_time: 0.024, memory: 9672, loss_rpn_cls: nan, loss_rpn_bbox: nan, loss_cls: nan, acc: 0.2344, loss_bbox: nan, loss: nan
2020-11-10 15:38:13,451 - mmdet - INFO - Epoch [1][400/8883]	lr: 1.596e-02, eta: 5:59:45, time: 0.607, data_time: 0.024, memory: 9672, loss_rpn_cls: nan, loss_rpn_bbox: nan, loss_cls: nan, acc: 12.2461, loss_bbox: nan, loss: nan
2020-11-10 15:38:19,465 - mmdet - INFO - Epoch [1][410/8883]	lr: 1.636e-02, eta: 5:59:28, time: 0.601, data_time: 0.025, memory: 9672, loss_rpn_cls: nan, loss_rpn_bbox: nan, loss_cls: nan, acc: 0.1367, loss_bbox: nan, loss: nan
2020-11-10 15:38:25,445 - mmdet - INFO - Epoch [1][420/8883]	lr: 1.676e-02, eta: 5:59:08, time: 0.598, data_time: 0.024, memory: 9672, loss_rpn_cls: nan, loss_rpn_bbox: nan, loss_cls: nan, acc: 5.1953, loss_bbox: nan, loss: nan
2020-11-10 15:38:31,475 - mmdet - INFO - Epoch [1][430/8883]	lr: 1.716e-02, eta: 5:58:53, time: 0.603, data_time: 0.024, memory: 9672, loss_rpn_cls: nan, loss_rpn_bbox: nan, loss_cls: nan, acc: 0.6250, loss_bbox: nan, loss: nan
2020-11-10 15:38:37,559 - mmdet - INFO - Epoch [1][440/8883]	lr: 1.756e-02, eta: 5:58:43, time: 0.608, data_time: 0.024, memory: 9672, loss_rpn_cls: nan, loss_rpn_bbox: nan, loss_cls: nan, acc: 10.0586, loss_bbox: nan, loss: nan
2020-11-10 15:38:43,528 - mmdet - INFO - Epoch [1][450/8883]	lr: 1.796e-02, eta: 5:58:24, time: 0.597, data_time: 0.024, memory: 9672, loss_rpn_cls: nan, loss_rpn_bbox: nan, loss_cls: nan, acc: 10.0781, loss_bbox: nan, loss: nan
2020-11-10 15:38:49,513 - mmdet - INFO - Epoch [1][460/8883]	lr: 1.836e-02, eta: 5:58:07, time: 0.599, data_time: 0.024, memory: 9672, loss_rpn_cls: nan, loss_rpn_bbox: nan, loss_cls: nan, acc: 10.0781, loss_bbox: nan, loss: nan
2020-11-10 15:38:55,493 - mmdet - INFO - Epoch [1][470/8883]	lr: 1.876e-02, eta: 5:57:50, time: 0.598, data_time: 0.024, memory: 9672, loss_rpn_cls: nan, loss_rpn_bbox: nan, loss_cls: nan, acc: 10.0977, loss_bbox: nan, loss: nan
2020-11-10 15:39:01,500 - mmdet - INFO - Epoch [1][480/8883]	lr: 1.916e-02, eta: 5:57:35, time: 0.601, data_time: 0.024, memory: 9672, loss_rpn_cls: nan, loss_rpn_bbox: nan, loss_cls: nan, acc: 15.0781, loss_bbox: nan, loss: nan
2020-11-10 15:39:07,623 - mmdet - INFO - Epoch [1][490/8883]	lr: 1.956e-02, eta: 5:57:29, time: 0.612, data_time: 0.024, memory: 9672, loss_rpn_cls: nan, loss_rpn_bbox: nan, loss_cls: nan, acc: 10.4492, loss_bbox: nan, loss: nan
2020-11-10 15:39:13,597 - mmdet - INFO - Epoch [1][500/8883]	lr: 1.996e-02, eta: 5:57:13, time: 0.597, data_time: 0.025, memory: 9672, loss_rpn_cls: nan, loss_rpn_bbox: nan, loss_cls: nan, acc: 5.0781, loss_bbox: nan, loss: nan
2020-11-10 15:39:19,709 - mmdet - INFO - Epoch [1][510/8883]	lr: 2.000e-02, eta: 5:57:06, time: 0.611, data_time: 0.025, memory: 9672, loss_rpn_cls: nan, loss_rpn_bbox: nan, loss_cls: nan, acc: 5.1367, loss_bbox: nan, loss: nan
2020-11-10 15:39:25,735 - mmdet - INFO - Epoch [1][520/8883]	lr: 2.000e-02, eta: 5:56:54, time: 0.603, data_time: 0.025, memory: 9672, loss_rpn_cls: nan, loss_rpn_bbox: nan, loss_cls: nan, acc: 10.0586, loss_bbox: nan, loss: nan
2020-11-10 15:39:31,727 - mmdet - INFO - Epoch [1][530/8883]	lr: 2.000e-02, eta: 5:56:40, time: 0.599, data_time: 0.024, memory: 9672, loss_rpn_cls: nan, loss_rpn_bbox: nan, loss_cls: nan, acc: 0.1758, loss_bbox: nan, loss: nan
2020-11-10 15:39:37,787 - mmdet - INFO - Epoch [1][540/8883]	lr: 2.000e-02, eta: 5:56:30, time: 0.606, data_time: 0.024, memory: 9672, loss_rpn_cls: nan, loss_rpn_bbox: nan, loss_cls: nan, acc: 0.3125, loss_bbox: nan, loss: nan
2020-11-10 15:39:43,866 - mmdet - INFO - Epoch [1][550/8883]	lr: 2.000e-02, eta: 5:56:22, time: 0.608, data_time: 0.024, memory: 9672, loss_rpn_cls: nan, loss_rpn_bbox: nan, loss_cls: nan, acc: 5.0781, loss_bbox: nan, loss: nan
2020-11-10 15:39:49,857 - mmdet - INFO - Epoch [1][560/8883]	lr: 2.000e-02, eta: 5:56:08, time: 0.599, data_time: 0.024, memory: 9672, loss_rpn_cls: nan, loss_rpn_bbox: nan, loss_cls: nan, acc: 5.1562, loss_bbox: nan, loss: nan
2020-11-10 15:39:55,849 - mmdet - INFO - Epoch [1][570/8883]	lr: 2.000e-02, eta: 5:55:55, time: 0.599, data_time: 0.024, memory: 9672, loss_rpn_cls: nan, loss_rpn_bbox: nan, loss_cls: nan, acc: 0.0977, loss_bbox: nan, loss: nan
2020-11-10 15:40:01,922 - mmdet - INFO - Epoch [1][580/8883]	lr: 2.000e-02, eta: 5:55:46, time: 0.607, data_time: 0.025, memory: 9672, loss_rpn_cls: nan, loss_rpn_bbox: nan, loss_cls: nan, acc: 15.0391, loss_bbox: nan, loss: nan
2020-11-10 15:40:07,971 - mmdet - INFO - Epoch [1][590/8883]	lr: 2.000e-02, eta: 5:55:37, time: 0.605, data_time: 0.025, memory: 9672, loss_rpn_cls: nan, loss_rpn_bbox: nan, loss_cls: nan, acc: 10.1172, loss_bbox: nan, loss: nan
2020-11-10 15:40:13,973 - mmdet - INFO - Epoch [1][600/8883]	lr: 2.000e-02, eta: 5:55:25, time: 0.600, data_time: 0.025, memory: 9672, loss_rpn_cls: nan, loss_rpn_bbox: nan, loss_cls: nan, acc: 15.0391, loss_bbox: nan, loss: nan
2020-11-10 15:40:19,975 - mmdet - INFO - Epoch [1][610/8883]	lr: 2.000e-02, eta: 5:55:13, time: 0.600, data_time: 0.025, memory: 9672, loss_rpn_cls: nan, loss_rpn_bbox: nan, loss_cls: nan, acc: 0.0977, loss_bbox: nan, loss: nan
2020-11-10 15:40:25,986 - mmdet - INFO - Epoch [1][620/8883]	lr: 2.000e-02, eta: 5:55:01, time: 0.601, data_time: 0.025, memory: 9672, loss_rpn_cls: nan, loss_rpn_bbox: nan, loss_cls: nan, acc: 10.0000, loss_bbox: nan, loss: nan
2020-11-10 15:40:32,229 - mmdet - INFO - Epoch [1][630/8883]	lr: 2.000e-02, eta: 5:55:03, time: 0.624, data_time: 0.024, memory: 10301, loss_rpn_cls: nan, loss_rpn_bbox: nan, loss_cls: nan, acc: 0.0781, loss_bbox: nan, loss: nan
2020-11-10 15:40:38,238 - mmdet - INFO - Epoch [1][640/8883]	lr: 2.000e-02, eta: 5:54:52, time: 0.601, data_time: 0.024, memory: 10301, loss_rpn_cls: nan, loss_rpn_bbox: nan, loss_cls: nan, acc: 5.4102, loss_bbox: nan, loss: nan
2020-11-10 15:40:44,242 - mmdet - INFO - Epoch [1][650/8883]	lr: 2.000e-02, eta: 5:54:40, time: 0.600, data_time: 0.025, memory: 10301, loss_rpn_cls: nan, loss_rpn_bbox: nan, loss_cls: nan, acc: 10.0781, loss_bbox: nan, loss: nan
2020-11-10 15:40:50,220 - mmdet - INFO - Epoch [1][660/8883]	lr: 2.000e-02, eta: 5:54:28, time: 0.598, data_time: 0.024, memory: 10301, loss_rpn_cls: nan, loss_rpn_bbox: nan, loss_cls: nan, acc: 10.0391, loss_bbox: nan, loss: nan
2020-11-10 15:40:56,244 - mmdet - INFO - Epoch [1][670/8883]	lr: 2.000e-02, eta: 5:54:18, time: 0.602, data_time: 0.024, memory: 10301, loss_rpn_cls: nan, loss_rpn_bbox: nan, loss_cls: nan, acc: 5.1953, loss_bbox: nan, loss: nan
2020-11-10 15:41:02,275 - mmdet - INFO - Epoch [1][680/8883]	lr: 2.000e-02, eta: 5:54:08, time: 0.603, data_time: 0.025, memory: 10301, loss_rpn_cls: nan, loss_rpn_bbox: nan, loss_cls: nan, acc: 0.2734, loss_bbox: nan, loss: nan
2020-11-10 15:41:08,261 - mmdet - INFO - Epoch [1][690/8883]	lr: 2.000e-02, eta: 5:53:57, time: 0.599, data_time: 0.025, memory: 10301, loss_rpn_cls: nan, loss_rpn_bbox: nan, loss_cls: nan, acc: 19.9805, loss_bbox: nan, loss: nan
2020-11-10 15:41:14,269 - mmdet - INFO - Epoch [1][700/8883]	lr: 2.000e-02, eta: 5:53:46, time: 0.601, data_time: 0.025, memory: 10301, loss_rpn_cls: nan, loss_rpn_bbox: nan, loss_cls: nan, acc: 0.5664, loss_bbox: nan, loss: nan
2020-11-10 15:41:20,374 - mmdet - INFO - Epoch [1][710/8883]	lr: 2.000e-02, eta: 5:53:41, time: 0.611, data_time: 0.026, memory: 10301, loss_rpn_cls: nan, loss_rpn_bbox: nan, loss_cls: nan, acc: 5.1172, loss_bbox: nan, loss: nan
2020-11-10 15:41:26,653 - mmdet - INFO - Epoch [1][720/8883]	lr: 2.000e-02, eta: 5:53:43, time: 0.628, data_time: 0.025, memory: 11067, loss_rpn_cls: nan, loss_rpn_bbox: nan, loss_cls: nan, acc: 7.5781, loss_bbox: nan, loss: nan
2020-11-10 15:41:32,649 - mmdet - INFO - Epoch [1][730/8883]	lr: 2.000e-02, eta: 5:53:32, time: 0.600, data_time: 0.024, memory: 11067, loss_rpn_cls: nan, loss_rpn_bbox: nan, loss_cls: nan, acc: 5.1953, loss_bbox: nan, loss: nan
2020-11-10 15:41:38,698 - mmdet - INFO - Epoch [1][740/8883]	lr: 2.000e-02, eta: 5:53:24, time: 0.605, data_time: 0.025, memory: 11067, loss_rpn_cls: nan, loss_rpn_bbox: nan, loss_cls: nan, acc: 0.6836, loss_bbox: nan, loss: nan
2020-11-10 15:41:44,741 - mmdet - INFO - Epoch [1][750/8883]	lr: 2.000e-02, eta: 5:53:16, time: 0.604, data_time: 0.024, memory: 11067, loss_rpn_cls: nan, loss_rpn_bbox: nan, loss_cls: nan, acc: 10.0391, loss_bbox: nan, loss: nan
2020-11-10 15:41:50,718 - mmdet - INFO - Epoch [1][760/8883]	lr: 2.000e-02, eta: 5:53:04, time: 0.598, data_time: 0.024, memory: 11067, loss_rpn_cls: nan, loss_rpn_bbox: nan, loss_cls: nan, acc: 0.1367, loss_bbox: nan, loss: nan
2020-11-10 15:41:56,698 - mmdet - INFO - Epoch [1][770/8883]	lr: 2.000e-02, eta: 5:52:53, time: 0.598, data_time: 0.024, memory: 11067, loss_rpn_cls: nan, loss_rpn_bbox: nan, loss_cls: nan, acc: 5.1758, loss_bbox: nan, loss: nan
2020-11-10 15:42:02,708 - mmdet - INFO - Epoch [1][780/8883]	lr: 2.000e-02, eta: 5:52:43, time: 0.601, data_time: 0.025, memory: 11067, loss_rpn_cls: nan, loss_rpn_bbox: nan, loss_cls: nan, acc: 0.1172, loss_bbox: nan, loss: nan
2020-11-10 15:42:08,697 - mmdet - INFO - Epoch [1][790/8883]	lr: 2.000e-02, eta: 5:52:33, time: 0.599, data_time: 0.025, memory: 11067, loss_rpn_cls: nan, loss_rpn_bbox: nan, loss_cls: nan, acc: 14.9805, loss_bbox: nan, loss: nan
2020-11-10 15:42:14,659 - mmdet - INFO - Epoch [1][800/8883]	lr: 2.000e-02, eta: 5:52:21, time: 0.596, data_time: 0.024, memory: 11067, loss_rpn_cls: nan, loss_rpn_bbox: nan, loss_cls: nan, acc: 0.0977, loss_bbox: nan, loss: nan
2020-11-10 15:42:20,679 - mmdet - INFO - Epoch [1][810/8883]	lr: 2.000e-02, eta: 5:52:12, time: 0.602, data_time: 0.024, memory: 11067, loss_rpn_cls: nan, loss_rpn_bbox: nan, loss_cls: nan, acc: 5.1953, loss_bbox: nan, loss: nan
2020-11-10 15:42:26,815 - mmdet - INFO - Epoch [1][820/8883]	lr: 2.000e-02, eta: 5:52:08, time: 0.614, data_time: 0.025, memory: 11067, loss_rpn_cls: nan, loss_rpn_bbox: nan, loss_cls: nan, acc: 0.1562, loss_bbox: nan, loss: nan
2020-11-10 15:42:32,788 - mmdet - INFO - Epoch [1][830/8883]	lr: 2.000e-02, eta: 5:51:57, time: 0.597, data_time: 0.025, memory: 11067, loss_rpn_cls: nan, loss_rpn_bbox: nan, loss_cls: nan, acc: 0.0586, loss_bbox: nan, loss: nan
2020-11-10 15:42:38,771 - mmdet - INFO - Epoch [1][840/8883]	lr: 2.000e-02, eta: 5:51:47, time: 0.598, data_time: 0.025, memory: 11067, loss_rpn_cls: nan, loss_rpn_bbox: nan, loss_cls: nan, acc: 5.0586, loss_bbox: nan, loss: nan
2020-11-10 15:42:44,783 - mmdet - INFO - Epoch [1][850/8883]	lr: 2.000e-02, eta: 5:51:38, time: 0.601, data_time: 0.025, memory: 11067, loss_rpn_cls: nan, loss_rpn_bbox: nan, loss_cls: nan, acc: 5.1562, loss_bbox: nan, loss: nan
2020-11-10 15:42:50,892 - mmdet - INFO - Epoch [1][860/8883]	lr: 2.000e-02, eta: 5:51:33, time: 0.611, data_time: 0.024, memory: 11067, loss_rpn_cls: nan, loss_rpn_bbox: nan, loss_cls: nan, acc: 0.0195, loss_bbox: nan, loss: nan
2020-11-10 15:42:56,915 - mmdet - INFO - Epoch [1][870/8883]	lr: 2.000e-02, eta: 5:51:25, time: 0.602, data_time: 0.024, memory: 11067, loss_rpn_cls: nan, loss_rpn_bbox: nan, loss_cls: nan, acc: 5.3125, loss_bbox: nan, loss: nan
2020-11-10 15:43:02,939 - mmdet - INFO - Epoch [1][880/8883]	lr: 2.000e-02, eta: 5:51:16, time: 0.602, data_time: 0.025, memory: 11067, loss_rpn_cls: nan, loss_rpn_bbox: nan, loss_cls: nan, acc: 10.1172, loss_bbox: nan, loss: nan
2020-11-10 15:43:08,977 - mmdet - INFO - Epoch [1][890/8883]	lr: 2.000e-02, eta: 5:51:08, time: 0.604, data_time: 0.025, memory: 11067, loss_rpn_cls: nan, loss_rpn_bbox: nan, loss_cls: nan, acc: 10.0781, loss_bbox: nan, loss: nan
2020-11-10 15:43:14,977 - mmdet - INFO - Epoch [1][900/8883]	lr: 2.000e-02, eta: 5:50:59, time: 0.600, data_time: 0.025, memory: 11067, loss_rpn_cls: nan, loss_rpn_bbox: nan, loss_cls: nan, acc: 10.1172, loss_bbox: nan, loss: nan
2020-11-10 15:43:20,978 - mmdet - INFO - Epoch [1][910/8883]	lr: 2.000e-02, eta: 5:50:50, time: 0.600, data_time: 0.025, memory: 11067, loss_rpn_cls: nan, loss_rpn_bbox: nan, loss_cls: nan, acc: 0.1367, loss_bbox: nan, loss: nan
2020-11-10 15:43:27,008 - mmdet - INFO - Epoch [1][920/8883]	lr: 2.000e-02, eta: 5:50:42, time: 0.603, data_time: 0.025, memory: 11067, loss_rpn_cls: nan, loss_rpn_bbox: nan, loss_cls: nan, acc: 5.6250, loss_bbox: nan, loss: nan
2020-11-10 15:43:33,027 - mmdet - INFO - Epoch [1][930/8883]	lr: 2.000e-02, eta: 5:50:34, time: 0.602, data_time: 0.024, memory: 11067, loss_rpn_cls: nan, loss_rpn_bbox: nan, loss_cls: nan, acc: 5.2344, loss_bbox: nan, loss: nan
2020-11-10 15:43:39,005 - mmdet - INFO - Epoch [1][940/8883]	lr: 2.000e-02, eta: 5:50:24, time: 0.598, data_time: 0.024, memory: 11067, loss_rpn_cls: nan, loss_rpn_bbox: nan, loss_cls: nan, acc: 0.1562, loss_bbox: nan, loss: nan
2020-11-10 15:43:44,949 - mmdet - INFO - Epoch [1][950/8883]	lr: 2.000e-02, eta: 5:50:13, time: 0.594, data_time: 0.024, memory: 11067, loss_rpn_cls: nan, loss_rpn_bbox: nan, loss_cls: nan, acc: 5.1562, loss_bbox: nan, loss: nan
2020-11-10 15:43:50,975 - mmdet - INFO - Epoch [1][960/8883]	lr: 2.000e-02, eta: 5:50:05, time: 0.603, data_time: 0.024, memory: 11067, loss_rpn_cls: nan, loss_rpn_bbox: nan, loss_cls: nan, acc: 0.1172, loss_bbox: nan, loss: nan
2020-11-10 15:43:56,996 - mmdet - INFO - Epoch [1][970/8883]	lr: 2.000e-02, eta: 5:49:57, time: 0.602, data_time: 0.024, memory: 11067, loss_rpn_cls: nan, loss_rpn_bbox: nan, loss_cls: nan, acc: 10.1172, loss_bbox: nan, loss: nan
2020-11-10 15:44:03,063 - mmdet - INFO - Epoch [1][980/8883]	lr: 2.000e-02, eta: 5:49:51, time: 0.607, data_time: 0.025, memory: 11067, loss_rpn_cls: nan, loss_rpn_bbox: nan, loss_cls: nan, acc: 15.0781, loss_bbox: nan, loss: nan
2020-11-10 15:44:09,032 - mmdet - INFO - Epoch [1][990/8883]	lr: 2.000e-02, eta: 5:49:41, time: 0.597, data_time: 0.024, memory: 11067, loss_rpn_cls: nan, loss_rpn_bbox: nan, loss_cls: nan, acc: 5.1367, loss_bbox: nan, loss: nan
2020-11-10 15:44:15,020 - mmdet - INFO - Epoch [1][1000/8883]	lr: 2.000e-02, eta: 5:49:32, time: 0.599, data_time: 0.025, memory: 11067, loss_rpn_cls: nan, loss_rpn_bbox: nan, loss_cls: nan, acc: 5.5273, loss_bbox: nan, loss: nan
2020-11-10 15:44:21,005 - mmdet - INFO - Epoch [1][1010/8883]	lr: 2.000e-02, eta: 5:49:23, time: 0.599, data_time: 0.024, memory: 11067, loss_rpn_cls: nan, loss_rpn_bbox: nan, loss_cls: nan, acc: 5.2539, loss_bbox: nan, loss: nan
2020-11-10 15:44:27,011 - mmdet - INFO - Epoch [1][1020/8883]	lr: 2.000e-02, eta: 5:49:14, time: 0.601, data_time: 0.025, memory: 11067, loss_rpn_cls: nan, loss_rpn_bbox: nan, loss_cls: nan, acc: 10.0391, loss_bbox: nan, loss: nan
2020-11-10 15:44:33,053 - mmdet - INFO - Epoch [1][1030/8883]	lr: 2.000e-02, eta: 5:49:07, time: 0.604, data_time: 0.025, memory: 11067, loss_rpn_cls: nan, loss_rpn_bbox: nan, loss_cls: nan, acc: 10.0391, loss_bbox: nan, loss: nan
2020-11-10 15:44:39,037 - mmdet - INFO - Epoch [1][1040/8883]	lr: 2.000e-02, eta: 5:48:58, time: 0.598, data_time: 0.024, memory: 11067, loss_rpn_cls: nan, loss_rpn_bbox: nan, loss_cls: nan, acc: 5.1172, loss_bbox: nan, loss: nan
2020-11-10 15:44:45,148 - mmdet - INFO - Epoch [1][1050/8883]	lr: 2.000e-02, eta: 5:48:54, time: 0.611, data_time: 0.025, memory: 11067, loss_rpn_cls: nan, loss_rpn_bbox: nan, loss_cls: nan, acc: 0.0977, loss_bbox: nan, loss: nan
2020-11-10 15:44:51,246 - mmdet - INFO - Epoch [1][1060/8883]	lr: 2.000e-02, eta: 5:48:48, time: 0.610, data_time: 0.025, memory: 11067, loss_rpn_cls: nan, loss_rpn_bbox: nan, loss_cls: nan, acc: 10.0781, loss_bbox: nan, loss: nan
2020-11-10 15:44:57,242 - mmdet - INFO - Epoch [1][1070/8883]	lr: 2.000e-02, eta: 5:48:40, time: 0.600, data_time: 0.024, memory: 11067, loss_rpn_cls: nan, loss_rpn_bbox: nan, loss_cls: nan, acc: 10.1562, loss_bbox: nan, loss: nan
2020-11-10 15:45:03,217 - mmdet - INFO - Epoch [1][1080/8883]	lr: 2.000e-02, eta: 5:48:31, time: 0.598, data_time: 0.027, memory: 11067, loss_rpn_cls: nan, loss_rpn_bbox: nan, loss_cls: nan, acc: 10.0586, loss_bbox: nan, loss: nan
2020-11-10 15:45:09,200 - mmdet - INFO - Epoch [1][1090/8883]	lr: 2.000e-02, eta: 5:48:22, time: 0.598, data_time: 0.024, memory: 11067, loss_rpn_cls: nan, loss_rpn_bbox: nan, loss_cls: nan, acc: 10.0977, loss_bbox: nan, loss: nan
2020-11-10 15:45:15,329 - mmdet - INFO - Epoch [1][1100/8883]	lr: 2.000e-02, eta: 5:48:18, time: 0.613, data_time: 0.025, memory: 11067, loss_rpn_cls: nan, loss_rpn_bbox: nan, loss_cls: nan, acc: 5.0781, loss_bbox: nan, loss: nan
2020-11-10 15:45:21,350 - mmdet - INFO - Epoch [1][1110/8883]	lr: 2.000e-02, eta: 5:48:10, time: 0.602, data_time: 0.025, memory: 11067, loss_rpn_cls: nan, loss_rpn_bbox: nan, loss_cls: nan, acc: 15.0391, loss_bbox: nan, loss: nan
2020-11-10 15:45:27,391 - mmdet - INFO - Epoch [1][1120/8883]	lr: 2.000e-02, eta: 5:48:03, time: 0.604, data_time: 0.025, memory: 11067, loss_rpn_cls: nan, loss_rpn_bbox: nan, loss_cls: nan, acc: 0.1758, loss_bbox: nan, loss: nan
2020-11-10 15:45:33,349 - mmdet - INFO - Epoch [1][1130/8883]	lr: 2.000e-02, eta: 5:47:54, time: 0.596, data_time: 0.025, memory: 11067, loss_rpn_cls: nan, loss_rpn_bbox: nan, loss_cls: nan, acc: 5.0781, loss_bbox: nan, loss: nan
2020-11-10 15:45:39,337 - mmdet - INFO - Epoch [1][1140/8883]	lr: 2.000e-02, eta: 5:47:45, time: 0.599, data_time: 0.025, memory: 11067, loss_rpn_cls: nan, loss_rpn_bbox: nan, loss_cls: nan, acc: 0.1953, loss_bbox: nan, loss: nan
2020-11-10 15:45:45,357 - mmdet - INFO - Epoch [1][1150/8883]	lr: 2.000e-02, eta: 5:47:38, time: 0.602, data_time: 0.025, memory: 11067, loss_rpn_cls: nan, loss_rpn_bbox: nan, loss_cls: nan, acc: 0.0977, loss_bbox: nan, loss: nan
2020-11-10 15:45:51,340 - mmdet - INFO - Epoch [1][1160/8883]	lr: 2.000e-02, eta: 5:47:29, time: 0.598, data_time: 0.026, memory: 11067, loss_rpn_cls: nan, loss_rpn_bbox: nan, loss_cls: nan, acc: 15.0391, loss_bbox: nan, loss: nan
2020-11-10 15:45:57,319 - mmdet - INFO - Epoch [1][1170/8883]	lr: 2.000e-02, eta: 5:47:21, time: 0.598, data_time: 0.025, memory: 11067, loss_rpn_cls: nan, loss_rpn_bbox: nan, loss_cls: nan, acc: 0.0586, loss_bbox: nan, loss: nan
2020-11-10 15:46:03,314 - mmdet - INFO - Epoch [1][1180/8883]	lr: 2.000e-02, eta: 5:47:13, time: 0.600, data_time: 0.025, memory: 11067, loss_rpn_cls: nan, loss_rpn_bbox: nan, loss_cls: nan, acc: 5.1367, loss_bbox: nan, loss: nan
2020-11-10 15:46:09,328 - mmdet - INFO - Epoch [1][1190/8883]	lr: 2.000e-02, eta: 5:47:05, time: 0.601, data_time: 0.024, memory: 11067, loss_rpn_cls: nan, loss_rpn_bbox: nan, loss_cls: nan, acc: 5.1172, loss_bbox: nan, loss: nan
2020-11-10 15:46:15,448 - mmdet - INFO - Epoch [1][1200/8883]	lr: 2.000e-02, eta: 5:47:01, time: 0.612, data_time: 0.025, memory: 11067, loss_rpn_cls: nan, loss_rpn_bbox: nan, loss_cls: nan, acc: 0.1953, loss_bbox: nan, loss: nan
2020-11-10 15:46:21,425 - mmdet - INFO - Epoch [1][1210/8883]	lr: 2.000e-02, eta: 5:46:52, time: 0.598, data_time: 0.024, memory: 11067, loss_rpn_cls: nan, loss_rpn_bbox: nan, loss_cls: nan, acc: 5.0195, loss_bbox: nan, loss: nan
2020-11-10 15:46:27,420 - mmdet - INFO - Epoch [1][1220/8883]	lr: 2.000e-02, eta: 5:46:44, time: 0.600, data_time: 0.025, memory: 11067, loss_rpn_cls: nan, loss_rpn_bbox: nan, loss_cls: nan, acc: 0.1172, loss_bbox: nan, loss: nan
2020-11-10 15:46:33,376 - mmdet - INFO - Epoch [1][1230/8883]	lr: 2.000e-02, eta: 5:46:35, time: 0.596, data_time: 0.024, memory: 11067, loss_rpn_cls: nan, loss_rpn_bbox: nan, loss_cls: nan, acc: 0.4102, loss_bbox: nan, loss: nan
2020-11-10 15:46:39,433 - mmdet - INFO - Epoch [1][1240/8883]	lr: 2.000e-02, eta: 5:46:29, time: 0.606, data_time: 0.024, memory: 11067, loss_rpn_cls: nan, loss_rpn_bbox: nan, loss_cls: nan, acc: 10.0977, loss_bbox: nan, loss: nan
2020-11-10 15:46:45,533 - mmdet - INFO - Epoch [1][1250/8883]	lr: 2.000e-02, eta: 5:46:24, time: 0.610, data_time: 0.025, memory: 11067, loss_rpn_cls: nan, loss_rpn_bbox: nan, loss_cls: nan, acc: 0.3125, loss_bbox: nan, loss: nan
2020-11-10 15:46:51,566 - mmdet - INFO - Epoch [1][1260/8883]	lr: 2.000e-02, eta: 5:46:17, time: 0.603, data_time: 0.025, memory: 11067, loss_rpn_cls: nan, loss_rpn_bbox: nan, loss_cls: nan, acc: 0.2539, loss_bbox: nan, loss: nan
2020-11-10 15:46:57,608 - mmdet - INFO - Epoch [1][1270/8883]	lr: 2.000e-02, eta: 5:46:10, time: 0.604, data_time: 0.025, memory: 11067, loss_rpn_cls: nan, loss_rpn_bbox: nan, loss_cls: nan, acc: 10.0781, loss_bbox: nan, loss: nan
2020-11-10 15:47:03,652 - mmdet - INFO - Epoch [1][1280/8883]	lr: 2.000e-02, eta: 5:46:04, time: 0.604, data_time: 0.027, memory: 11067, loss_rpn_cls: nan, loss_rpn_bbox: nan, loss_cls: nan, acc: 5.1367, loss_bbox: nan, loss: nan
2020-11-10 15:47:09,670 - mmdet - INFO - Epoch [1][1290/8883]	lr: 2.000e-02, eta: 5:45:56, time: 0.602, data_time: 0.025, memory: 11067, loss_rpn_cls: nan, loss_rpn_bbox: nan, loss_cls: nan, acc: 5.1367, loss_bbox: nan, loss: nan
2020-11-10 15:47:15,759 - mmdet - INFO - Epoch [1][1300/8883]	lr: 2.000e-02, eta: 5:45:51, time: 0.609, data_time: 0.025, memory: 11067, loss_rpn_cls: nan, loss_rpn_bbox: nan, loss_cls: nan, acc: 10.1172, loss_bbox: nan, loss: nan
2020-11-10 15:47:21,724 - mmdet - INFO - Epoch [1][1310/8883]	lr: 2.000e-02, eta: 5:45:42, time: 0.597, data_time: 0.025, memory: 11067, loss_rpn_cls: nan, loss_rpn_bbox: nan, loss_cls: nan, acc: 0.2344, loss_bbox: nan, loss: nan
2020-11-10 15:47:27,741 - mmdet - INFO - Epoch [1][1320/8883]	lr: 2.000e-02, eta: 5:45:35, time: 0.602, data_time: 0.025, memory: 11067, loss_rpn_cls: nan, loss_rpn_bbox: nan, loss_cls: nan, acc: 5.1758, loss_bbox: nan, loss: nan
2020-11-10 15:47:33,747 - mmdet - INFO - Epoch [1][1330/8883]	lr: 2.000e-02, eta: 5:45:28, time: 0.601, data_time: 0.025, memory: 11067, loss_rpn_cls: nan, loss_rpn_bbox: nan, loss_cls: nan, acc: 5.1172, loss_bbox: nan, loss: nan
2020-11-10 15:47:39,864 - mmdet - INFO - Epoch [1][1340/8883]	lr: 2.000e-02, eta: 5:45:23, time: 0.612, data_time: 0.025, memory: 11067, loss_rpn_cls: nan, loss_rpn_bbox: nan, loss_cls: nan, acc: 0.9180, loss_bbox: nan, loss: nan
2020-11-10 15:47:45,897 - mmdet - INFO - Epoch [1][1350/8883]	lr: 2.000e-02, eta: 5:45:16, time: 0.603, data_time: 0.025, memory: 11067, loss_rpn_cls: nan, loss_rpn_bbox: nan, loss_cls: nan, acc: 5.4492, loss_bbox: nan, loss: nan
2020-11-10 15:47:51,884 - mmdet - INFO - Epoch [1][1360/8883]	lr: 2.000e-02, eta: 5:45:08, time: 0.599, data_time: 0.025, memory: 11067, loss_rpn_cls: nan, loss_rpn_bbox: nan, loss_cls: nan, acc: 0.1367, loss_bbox: nan, loss: nan
2020-11-10 15:47:57,897 - mmdet - INFO - Epoch [1][1370/8883]	lr: 2.000e-02, eta: 5:45:01, time: 0.601, data_time: 0.025, memory: 11067, loss_rpn_cls: nan, loss_rpn_bbox: nan, loss_cls: nan, acc: 0.2734, loss_bbox: nan, loss: nan
2020-11-10 15:48:04,095 - mmdet - INFO - Epoch [1][1380/8883]	lr: 2.000e-02, eta: 5:44:59, time: 0.620, data_time: 0.025, memory: 11067, loss_rpn_cls: nan, loss_rpn_bbox: nan, loss_cls: nan, acc: 5.0586, loss_bbox: nan, loss: nan
2020-11-10 15:48:10,120 - mmdet - INFO - Epoch [1][1390/8883]	lr: 2.000e-02, eta: 5:44:52, time: 0.602, data_time: 0.029, memory: 11067, loss_rpn_cls: nan, loss_rpn_bbox: nan, loss_cls: nan, acc: 0.6445, loss_bbox: nan, loss: nan
2020-11-10 15:48:16,116 - mmdet - INFO - Epoch [1][1400/8883]	lr: 2.000e-02, eta: 5:44:44, time: 0.600, data_time: 0.025, memory: 11067, loss_rpn_cls: nan, loss_rpn_bbox: nan, loss_cls: nan, acc: 15.0391, loss_bbox: nan, loss: nan
2020-11-10 15:48:22,131 - mmdet - INFO - Epoch [1][1410/8883]	lr: 2.000e-02, eta: 5:44:37, time: 0.601, data_time: 0.024, memory: 11067, loss_rpn_cls: nan, loss_rpn_bbox: nan, loss_cls: nan, acc: 0.1562, loss_bbox: nan, loss: nan
2020-11-10 15:48:28,107 - mmdet - INFO - Epoch [1][1420/8883]	lr: 2.000e-02, eta: 5:44:29, time: 0.598, data_time: 0.025, memory: 11067, loss_rpn_cls: nan, loss_rpn_bbox: nan, loss_cls: nan, acc: 0.3125, loss_bbox: nan, loss: nan
2020-11-10 15:48:34,134 - mmdet - INFO - Epoch [1][1430/8883]	lr: 2.000e-02, eta: 5:44:22, time: 0.603, data_time: 0.025, memory: 11067, loss_rpn_cls: nan, loss_rpn_bbox: nan, loss_cls: nan, acc: 15.1562, loss_bbox: nan, loss: nan
2020-11-10 15:48:40,156 - mmdet - INFO - Epoch [1][1440/8883]	lr: 2.000e-02, eta: 5:44:15, time: 0.602, data_time: 0.025, memory: 11067, loss_rpn_cls: nan, loss_rpn_bbox: nan, loss_cls: nan, acc: 0.1367, loss_bbox: nan, loss: nan
2020-11-10 15:48:46,165 - mmdet - INFO - Epoch [1][1450/8883]	lr: 2.000e-02, eta: 5:44:08, time: 0.601, data_time: 0.025, memory: 11067, loss_rpn_cls: nan, loss_rpn_bbox: nan, loss_cls: nan, acc: 0.1758, loss_bbox: nan, loss: nan
2020-11-10 15:48:52,157 - mmdet - INFO - Epoch [1][1460/8883]	lr: 2.000e-02, eta: 5:44:00, time: 0.599, data_time: 0.025, memory: 11067, loss_rpn_cls: nan, loss_rpn_bbox: nan, loss_cls: nan, acc: 5.1172, loss_bbox: nan, loss: nan
2020-11-10 15:48:58,245 - mmdet - INFO - Epoch [1][1470/8883]	lr: 2.000e-02, eta: 5:43:55, time: 0.609, data_time: 0.025, memory: 11067, loss_rpn_cls: nan, loss_rpn_bbox: nan, loss_cls: nan, acc: 5.0977, loss_bbox: nan, loss: nan
2020-11-10 15:49:04,224 - mmdet - INFO - Epoch [1][1480/8883]	lr: 2.000e-02, eta: 5:43:47, time: 0.598, data_time: 0.025, memory: 11067, loss_rpn_cls: nan, loss_rpn_bbox: nan, loss_cls: nan, acc: 5.1562, loss_bbox: nan, loss: nan
2020-11-10 15:49:10,307 - mmdet - INFO - Epoch [1][1490/8883]	lr: 2.000e-02, eta: 5:43:41, time: 0.608, data_time: 0.024, memory: 11067, loss_rpn_cls: nan, loss_rpn_bbox: nan, loss_cls: nan, acc: 5.1953, loss_bbox: nan, loss: nan
2020-11-10 15:49:16,302 - mmdet - INFO - Epoch [1][1500/8883]	lr: 2.000e-02, eta: 5:43:34, time: 0.600, data_time: 0.025, memory: 11067, loss_rpn_cls: nan, loss_rpn_bbox: nan, loss_cls: nan, acc: 5.1953, loss_bbox: nan, loss: nan
2020-11-10 15:49:22,397 - mmdet - INFO - Epoch [1][1510/8883]	lr: 2.000e-02, eta: 5:43:29, time: 0.609, data_time: 0.025, memory: 11067, loss_rpn_cls: nan, loss_rpn_bbox: nan, loss_cls: nan, acc: 0.1562, loss_bbox: nan, loss: nan
2020-11-10 15:49:28,388 - mmdet - INFO - Epoch [1][1520/8883]	lr: 2.000e-02, eta: 5:43:21, time: 0.599, data_time: 0.025, memory: 11067, loss_rpn_cls: nan, loss_rpn_bbox: nan, loss_cls: nan, acc: 5.5469, loss_bbox: nan, loss: nan
2020-11-10 15:49:34,502 - mmdet - INFO - Epoch [1][1530/8883]	lr: 2.000e-02, eta: 5:43:16, time: 0.611, data_time: 0.025, memory: 11067, loss_rpn_cls: nan, loss_rpn_bbox: nan, loss_cls: nan, acc: 5.1367, loss_bbox: nan, loss: nan
2020-11-10 15:49:40,466 - mmdet - INFO - Epoch [1][1540/8883]	lr: 2.000e-02, eta: 5:43:08, time: 0.596, data_time: 0.024, memory: 11067, loss_rpn_cls: nan, loss_rpn_bbox: nan, loss_cls: nan, acc: 5.1758, loss_bbox: nan, loss: nan
2020-11-10 15:49:46,481 - mmdet - INFO - Epoch [1][1550/8883]	lr: 2.000e-02, eta: 5:43:01, time: 0.601, data_time: 0.025, memory: 11067, loss_rpn_cls: nan, loss_rpn_bbox: nan, loss_cls: nan, acc: 0.1953, loss_bbox: nan, loss: nan
2020-11-10 15:49:52,468 - mmdet - INFO - Epoch [1][1560/8883]	lr: 2.000e-02, eta: 5:42:54, time: 0.599, data_time: 0.025, memory: 11067, loss_rpn_cls: nan, loss_rpn_bbox: nan, loss_cls: nan, acc: 10.0586, loss_bbox: nan, loss: nan
2020-11-10 15:49:58,448 - mmdet - INFO - Epoch [1][1570/8883]	lr: 2.000e-02, eta: 5:42:46, time: 0.598, data_time: 0.025, memory: 11067, loss_rpn_cls: nan, loss_rpn_bbox: nan, loss_cls: nan, acc: 0.1953, loss_bbox: nan, loss: nan
2020-11-10 15:50:04,536 - mmdet - INFO - Epoch [1][1580/8883]	lr: 2.000e-02, eta: 5:42:41, time: 0.609, data_time: 0.025, memory: 11067, loss_rpn_cls: nan, loss_rpn_bbox: nan, loss_cls: nan, acc: 5.1953, loss_bbox: nan, loss: nan
2020-11-10 15:50:10,555 - mmdet - INFO - Epoch [1][1590/8883]	lr: 2.000e-02, eta: 5:42:34, time: 0.602, data_time: 0.025, memory: 11067, loss_rpn_cls: nan, loss_rpn_bbox: nan, loss_cls: nan, acc: 15.0000, loss_bbox: nan, loss: nan
2020-11-10 15:50:16,544 - mmdet - INFO - Epoch [1][1600/8883]	lr: 2.000e-02, eta: 5:42:26, time: 0.599, data_time: 0.025, memory: 11067, loss_rpn_cls: nan, loss_rpn_bbox: nan, loss_cls: nan, acc: 0.1562, loss_bbox: nan, loss: nan
2020-11-10 15:50:22,529 - mmdet - INFO - Epoch [1][1610/8883]	lr: 2.000e-02, eta: 5:42:19, time: 0.598, data_time: 0.025, memory: 11067, loss_rpn_cls: nan, loss_rpn_bbox: nan, loss_cls: nan, acc: 15.1367, loss_bbox: nan, loss: nan
2020-11-10 15:50:28,519 - mmdet - INFO - Epoch [1][1620/8883]	lr: 2.000e-02, eta: 5:42:11, time: 0.599, data_time: 0.025, memory: 11067, loss_rpn_cls: nan, loss_rpn_bbox: nan, loss_cls: nan, acc: 0.1367, loss_bbox: nan, loss: nan
2020-11-10 15:50:34,518 - mmdet - INFO - Epoch [1][1630/8883]	lr: 2.000e-02, eta: 5:42:04, time: 0.600, data_time: 0.025, memory: 11067, loss_rpn_cls: nan, loss_rpn_bbox: nan, loss_cls: nan, acc: 0.1758, loss_bbox: nan, loss: nan
2020-11-10 15:50:40,549 - mmdet - INFO - Epoch [1][1640/8883]	lr: 2.000e-02, eta: 5:41:58, time: 0.603, data_time: 0.025, memory: 11067, loss_rpn_cls: nan, loss_rpn_bbox: nan, loss_cls: nan, acc: 0.5273, loss_bbox: nan, loss: nan
2020-11-10 15:50:46,612 - mmdet - INFO - Epoch [1][1650/8883]	lr: 2.000e-02, eta: 5:41:52, time: 0.606, data_time: 0.025, memory: 11067, loss_rpn_cls: nan, loss_rpn_bbox: nan, loss_cls: nan, acc: 5.1953, loss_bbox: nan, loss: nan
2020-11-10 15:50:52,677 - mmdet - INFO - Epoch [1][1660/8883]	lr: 2.000e-02, eta: 5:41:46, time: 0.606, data_time: 0.025, memory: 11067, loss_rpn_cls: nan, loss_rpn_bbox: nan, loss_cls: nan, acc: 5.6055, loss_bbox: nan, loss: nan
2020-11-10 15:50:58,656 - mmdet - INFO - Epoch [1][1670/8883]	lr: 2.000e-02, eta: 5:41:38, time: 0.598, data_time: 0.025, memory: 11067, loss_rpn_cls: nan, loss_rpn_bbox: nan, loss_cls: nan, acc: 10.1953, loss_bbox: nan, loss: nan
2020-11-10 15:51:04,683 - mmdet - INFO - Epoch [1][1680/8883]	lr: 2.000e-02, eta: 5:41:32, time: 0.603, data_time: 0.025, memory: 11067, loss_rpn_cls: nan, loss_rpn_bbox: nan, loss_cls: nan, acc: 0.1367, loss_bbox: nan, loss: nan
2020-11-10 15:51:10,700 - mmdet - INFO - Epoch [1][1690/8883]	lr: 2.000e-02, eta: 5:41:25, time: 0.602, data_time: 0.025, memory: 11067, loss_rpn_cls: nan, loss_rpn_bbox: nan, loss_cls: nan, acc: 5.1172, loss_bbox: nan, loss: nan
2020-11-10 15:51:16,693 - mmdet - INFO - Epoch [1][1700/8883]	lr: 2.000e-02, eta: 5:41:18, time: 0.599, data_time: 0.025, memory: 11067, loss_rpn_cls: nan, loss_rpn_bbox: nan, loss_cls: nan, acc: 0.1758, loss_bbox: nan, loss: nan
2020-11-10 15:51:22,711 - mmdet - INFO - Epoch [1][1710/8883]	lr: 2.000e-02, eta: 5:41:11, time: 0.602, data_time: 0.025, memory: 11067, loss_rpn_cls: nan, loss_rpn_bbox: nan, loss_cls: nan, acc: 5.0391, loss_bbox: nan, loss: nan
