2020-11-05 14:48:00,677 - mmdet - INFO - Environment info:
------------------------------------------------------------
sys.platform: linux
Python: 3.6.4 |Anaconda, Inc.| (default, Jan 16 2018, 18:10:19) [GCC 7.2.0]
CUDA available: True
CUDA_HOME: /usr/local/cuda
NVCC: Cuda compilation tools, release 10.0, V10.0.130
GPU 0: Tesla P100-PCIE-16GB
GCC: gcc (GCC) 5.3.0
PyTorch: 1.3.1+cu100
PyTorch compiling details: PyTorch built with:
  - GCC 7.3
  - Intel(R) Math Kernel Library Version 2019.0.4 Product Build 20190411 for Intel(R) 64 architecture applications
  - Intel(R) MKL-DNN v0.20.5 (Git Hash 0125f28c61c1f822fd48570b4c1066f96fcb9b2e)
  - OpenMP 201511 (a.k.a. OpenMP 4.5)
  - NNPACK is enabled
  - CUDA Runtime 10.0
  - NVCC architecture flags: -gencode;arch=compute_37,code=sm_37;-gencode;arch=compute_50,code=sm_50;-gencode;arch=compute_60,code=sm_60;-gencode;arch=compute_61,code=sm_61;-gencode;arch=compute_70,code=sm_70;-gencode;arch=compute_75,code=sm_75;-gencode;arch=compute_37,code=compute_37
  - CuDNN 7.6.3
  - Magma 2.5.1
  - Build settings: BLAS=MKL, BUILD_NAMEDTENSOR=OFF, BUILD_TYPE=Release, CXX_FLAGS= -Wno-deprecated -fvisibility-inlines-hidden -fopenmp -DUSE_FBGEMM -DUSE_QNNPACK -DUSE_PYTORCH_QNNPACK -O2 -fPIC -Wno-narrowing -Wall -Wextra -Wno-missing-field-initializers -Wno-type-limits -Wno-array-bounds -Wno-unknown-pragmas -Wno-sign-compare -Wno-unused-parameter -Wno-unused-variable -Wno-unused-function -Wno-unused-result -Wno-strict-overflow -Wno-strict-aliasing -Wno-error=deprecated-declarations -Wno-stringop-overflow -Wno-error=pedantic -Wno-error=redundant-decls -Wno-error=old-style-cast -fdiagnostics-color=always -faligned-new -Wno-unused-but-set-variable -Wno-maybe-uninitialized -fno-math-errno -fno-trapping-math -Wno-stringop-overflow, DISABLE_NUMA=1, PERF_WITH_AVX=1, PERF_WITH_AVX2=1, PERF_WITH_AVX512=1, USE_CUDA=True, USE_EXCEPTION_PTR=1, USE_GFLAGS=OFF, USE_GLOG=OFF, USE_MKL=ON, USE_MKLDNN=ON, USE_MPI=OFF, USE_NCCL=ON, USE_NNPACK=ON, USE_OPENMP=ON, USE_STATIC_DISPATCH=OFF, 

TorchVision: 0.4.2+cu100
OpenCV: 4.4.0
MMCV: 1.0.5
MMDetection: 2.3.0+788fa8d
MMDetection Compiler: GCC 7.3
MMDetection CUDA Compiler: 10.0
------------------------------------------------------------

2020-11-05 14:48:00,678 - mmdet - INFO - Distributed training: False
2020-11-05 14:48:01,069 - mmdet - INFO - Config:
model = dict(
    type='FasterRCNN',
    pretrained='torchvision://resnet50',
    backbone=dict(
        type='ResNet',
        depth=50,
        num_stages=4,
        out_indices=(0, 1, 2, 3),
        frozen_stages=1,
        norm_cfg=dict(type='BN', requires_grad=True),
        norm_eval=True,
        style='pytorch'),
    neck=dict(
        type='FPN',
        in_channels=[256, 512, 1024, 2048],
        out_channels=256,
        num_outs=5),
    rpn_head=dict(
        type='RPNHead',
        in_channels=256,
        feat_channels=256,
        anchor_generator=dict(
            type='AnchorGenerator',
            scales=[8],
            ratios=[0.5, 1.0, 2.0],
            strides=[4, 8, 16, 32, 64]),
        bbox_coder=dict(
            type='DeltaXYWHBBoxCoder',
            target_means=[0.0, 0.0, 0.0, 0.0],
            target_stds=[1.0, 1.0, 1.0, 1.0]),
        loss_cls=dict(
            type='CrossEntropyLoss', use_sigmoid=True, loss_weight=1.0),
        loss_bbox=dict(type='L1Loss', loss_weight=1.0)),
    roi_head=dict(
        type='StandardRoIHead',
        bbox_roi_extractor=dict(
            type='SingleRoIExtractor',
            roi_layer=dict(type='RoIAlign', output_size=7, sampling_ratio=0),
            out_channels=256,
            featmap_strides=[4, 8, 16, 32]),
        bbox_head=dict(
            type='Shared2FCBBoxHead',
            in_channels=256,
            fc_out_channels=1024,
            roi_feat_size=7,
            num_classes=2,
            bbox_coder=dict(
                type='DeltaXYWHBBoxCoder',
                target_means=[0.0, 0.0, 0.0, 0.0],
                target_stds=[0.1, 0.1, 0.2, 0.2]),
            reg_class_agnostic=False,
            loss_cls=dict(
                type='CrossEntropyLoss', use_sigmoid=False, loss_weight=1.0),
            loss_bbox=dict(type='L1Loss', loss_weight=1.0))))
train_cfg = dict(
    rpn=dict(
        assigner=dict(
            type='MaxIoUAssigner',
            pos_iou_thr=0.7,
            neg_iou_thr=0.3,
            min_pos_iou=0.3,
            match_low_quality=True,
            ignore_iof_thr=-1),
        sampler=dict(
            type='RandomSampler',
            num=256,
            pos_fraction=0.5,
            neg_pos_ub=-1,
            add_gt_as_proposals=False),
        allowed_border=-1,
        pos_weight=-1,
        debug=False),
    rpn_proposal=dict(
        nms_across_levels=False,
        nms_pre=2000,
        nms_post=1000,
        max_num=1000,
        nms_thr=0.7,
        min_bbox_size=0),
    rcnn=dict(
        assigner=dict(
            type='MaxIoUAssigner',
            pos_iou_thr=0.5,
            neg_iou_thr=0.5,
            min_pos_iou=0.5,
            match_low_quality=False,
            ignore_iof_thr=-1),
        sampler=dict(
            type='RandomSampler',
            num=512,
            pos_fraction=0.25,
            neg_pos_ub=-1,
            add_gt_as_proposals=True),
        pos_weight=-1,
        debug=False))
test_cfg = dict(
    rpn=dict(
        nms_across_levels=False,
        nms_pre=1000,
        nms_post=1000,
        max_num=1000,
        nms_thr=0.7,
        min_bbox_size=0),
    rcnn=dict(
        score_thr=0.05,
        nms=dict(type='nms', iou_threshold=0.5),
        max_per_img=100))
dataset_type = 'CocoDataset'
data_root = 'data/coco/'
img_norm_cfg = dict(
    mean=[123.675, 116.28, 103.53], std=[58.395, 57.12, 57.375], to_rgb=True)
train_pipeline = [
    dict(type='LoadImageFromFile'),
    dict(type='LoadAnnotations', with_bbox=True),
    dict(type='Resize', img_scale=(1550, 1550), keep_ratio=True),
    dict(type='RandomFlip', flip_ratio=0.5),
    dict(
        type='Normalize',
        mean=[123.675, 116.28, 103.53],
        std=[58.395, 57.12, 57.375],
        to_rgb=True),
    dict(type='Pad', size_divisor=32),
    dict(type='DefaultFormatBundle'),
    dict(type='Collect', keys=['img', 'gt_bboxes', 'gt_labels'])
]
test_pipeline = [
    dict(type='LoadImageFromFile'),
    dict(
        type='MultiScaleFlipAug',
        img_scale=(1550, 1550),
        flip=False,
        transforms=[
            dict(type='Resize', keep_ratio=True),
            dict(type='RandomFlip'),
            dict(
                type='Normalize',
                mean=[123.675, 116.28, 103.53],
                std=[58.395, 57.12, 57.375],
                to_rgb=True),
            dict(type='Pad', size_divisor=32),
            dict(type='ImageToTensor', keys=['img']),
            dict(type='Collect', keys=['img'])
        ])
]
data = dict(
    samples_per_gpu=2,
    workers_per_gpu=2,
    train=dict(
        type='CocoDataset',
        ann_file='data/coco/annotations/annotations_trai.json',
        img_prefix='data/coco/img/',
        pipeline=[
            dict(type='LoadImageFromFile'),
            dict(type='LoadAnnotations', with_bbox=True),
            dict(type='Resize', img_scale=(1550, 1550), keep_ratio=True),
            dict(type='RandomFlip', flip_ratio=0.5),
            dict(
                type='Normalize',
                mean=[123.675, 116.28, 103.53],
                std=[58.395, 57.12, 57.375],
                to_rgb=True),
            dict(type='Pad', size_divisor=32),
            dict(type='DefaultFormatBundle'),
            dict(type='Collect', keys=['img', 'gt_bboxes', 'gt_labels'])
        ]),
    val=dict(
        type='CocoDataset',
        ann_file='data/coco/annotations/annotations_test.json',
        img_prefix='data/coco/img/',
        pipeline=[
            dict(type='LoadImageFromFile'),
            dict(
                type='MultiScaleFlipAug',
                img_scale=(1550, 1550),
                flip=False,
                transforms=[
                    dict(type='Resize', keep_ratio=True),
                    dict(type='RandomFlip'),
                    dict(
                        type='Normalize',
                        mean=[123.675, 116.28, 103.53],
                        std=[58.395, 57.12, 57.375],
                        to_rgb=True),
                    dict(type='Pad', size_divisor=32),
                    dict(type='ImageToTensor', keys=['img']),
                    dict(type='Collect', keys=['img'])
                ])
        ]),
    test=dict(
        type='CocoDataset',
        ann_file='data/coco/annotations/annotations_vals.json',
        img_prefix='data/coco/img/',
        pipeline=[
            dict(type='LoadImageFromFile'),
            dict(
                type='MultiScaleFlipAug',
                img_scale=(1550, 1550),
                flip=False,
                transforms=[
                    dict(type='Resize', keep_ratio=True),
                    dict(type='RandomFlip'),
                    dict(
                        type='Normalize',
                        mean=[123.675, 116.28, 103.53],
                        std=[58.395, 57.12, 57.375],
                        to_rgb=True),
                    dict(type='Pad', size_divisor=32),
                    dict(type='ImageToTensor', keys=['img']),
                    dict(type='Collect', keys=['img'])
                ])
        ]))
evaluation = dict(interval=1, metric='bbox')
optimizer = dict(type='SGD', lr=0.02, momentum=0.9, weight_decay=0.0001)
optimizer_config = dict(grad_clip=None)
lr_config = dict(
    policy='step',
    warmup='linear',
    warmup_iters=500,
    warmup_ratio=0.001,
    step=[8, 11])
total_epochs = 100
checkpoint_config = dict(interval=2)
log_config = dict(interval=50, hooks=[dict(type='TextLoggerHook')])
dist_params = dict(backend='nccl')
log_level = 'INFO'
load_from = None
resume_from = None
workflow = [('train', 2), ('val', 1)]
work_dir = '/home/admin/jupyter/SecurityAI_Round5/data/work'
gpu_ids = range(0, 1)

2020-11-05 14:48:01,567 - mmdet - INFO - load model from: torchvision://resnet50
2020-11-05 14:48:09,275 - mmdet - WARNING - The model and loaded state dict do not match exactly

unexpected key in source state_dict: fc.weight, fc.bias

2020-11-05 14:48:20,635 - mmdet - INFO - Start running, host: admin@fuxilabor_labor0_S4_Odps_S96_dsw_prepaid_cnsh_838_2020110505410, work_dir: /home/admin/jupyter/SecurityAI_Round5/data/work
2020-11-05 14:48:20,635 - mmdet - INFO - workflow: [('train', 2), ('val', 1)], max: 100 epochs
2020-11-05 14:48:57,989 - mmdet - INFO - Epoch [1][50/3623]	lr: 1.978e-03, eta: 3 days, 2:47:46, time: 0.743, data_time: 0.055, memory: 8027, loss_rpn_cls: 0.2784, loss_rpn_bbox: 0.0000, loss_cls: 0.2663, acc: 92.7539, loss_bbox: 0.0000, loss: 0.5448
2020-11-05 14:49:32,493 - mmdet - INFO - Epoch [1][100/3623]	lr: 3.976e-03, eta: 3 days, 0:06:28, time: 0.690, data_time: 0.012, memory: 8027, loss_rpn_cls: 0.0000, loss_rpn_bbox: 0.0000, loss_cls: 0.3181, acc: 100.0000, loss_bbox: 0.0000, loss: 0.3181
2020-11-05 14:50:06,988 - mmdet - INFO - Epoch [1][150/3623]	lr: 5.974e-03, eta: 2 days, 23:11:55, time: 0.690, data_time: 0.012, memory: 8027, loss_rpn_cls: 0.0000, loss_rpn_bbox: 0.0000, loss_cls: 0.1241, acc: 100.0000, loss_bbox: 0.0000, loss: 0.1241
2020-11-05 14:50:41,427 - mmdet - INFO - Epoch [1][200/3623]	lr: 7.972e-03, eta: 2 days, 22:42:41, time: 0.689, data_time: 0.012, memory: 8027, loss_rpn_cls: 0.0000, loss_rpn_bbox: 0.0000, loss_cls: 0.0306, acc: 100.0000, loss_bbox: 0.0000, loss: 0.0306
2020-11-05 14:51:15,891 - mmdet - INFO - Epoch [1][250/3623]	lr: 9.970e-03, eta: 2 days, 22:25:31, time: 0.689, data_time: 0.012, memory: 8027, loss_rpn_cls: 0.0000, loss_rpn_bbox: 0.0000, loss_cls: 0.0104, acc: 100.0000, loss_bbox: 0.0000, loss: 0.0104
2020-11-05 14:51:50,315 - mmdet - INFO - Epoch [1][300/3623]	lr: 1.197e-02, eta: 2 days, 22:13:05, time: 0.688, data_time: 0.012, memory: 8027, loss_rpn_cls: 0.0000, loss_rpn_bbox: 0.0000, loss_cls: 0.0051, acc: 100.0000, loss_bbox: 0.0000, loss: 0.0051
2020-11-05 14:52:24,771 - mmdet - INFO - Epoch [1][350/3623]	lr: 1.397e-02, eta: 2 days, 22:04:34, time: 0.689, data_time: 0.012, memory: 8027, loss_rpn_cls: 0.0000, loss_rpn_bbox: 0.0000, loss_cls: 0.0029, acc: 100.0000, loss_bbox: 0.0000, loss: 0.0029
2020-11-05 14:52:59,276 - mmdet - INFO - Epoch [1][400/3623]	lr: 1.596e-02, eta: 2 days, 21:58:47, time: 0.690, data_time: 0.012, memory: 8027, loss_rpn_cls: 0.0000, loss_rpn_bbox: 0.0000, loss_cls: 0.0018, acc: 100.0000, loss_bbox: 0.0000, loss: 0.0018
2020-11-05 14:53:33,735 - mmdet - INFO - Epoch [1][450/3623]	lr: 1.796e-02, eta: 2 days, 21:53:33, time: 0.689, data_time: 0.012, memory: 8027, loss_rpn_cls: 0.0000, loss_rpn_bbox: 0.0000, loss_cls: 0.0013, acc: 100.0000, loss_bbox: 0.0000, loss: 0.0013
2020-11-05 14:54:08,216 - mmdet - INFO - Epoch [1][500/3623]	lr: 1.996e-02, eta: 2 days, 21:49:30, time: 0.690, data_time: 0.012, memory: 8027, loss_rpn_cls: 0.0000, loss_rpn_bbox: 0.0000, loss_cls: 0.0010, acc: 100.0000, loss_bbox: 0.0000, loss: 0.0010
2020-11-05 14:54:42,711 - mmdet - INFO - Epoch [1][550/3623]	lr: 2.000e-02, eta: 2 days, 21:46:15, time: 0.690, data_time: 0.012, memory: 8027, loss_rpn_cls: 0.0000, loss_rpn_bbox: 0.0000, loss_cls: 0.0007, acc: 100.0000, loss_bbox: 0.0000, loss: 0.0007
2020-11-05 14:55:17,081 - mmdet - INFO - Epoch [1][600/3623]	lr: 2.000e-02, eta: 2 days, 21:42:11, time: 0.687, data_time: 0.012, memory: 8027, loss_rpn_cls: 0.0000, loss_rpn_bbox: 0.0000, loss_cls: 0.0006, acc: 100.0000, loss_bbox: 0.0000, loss: 0.0006
2020-11-05 14:55:51,649 - mmdet - INFO - Epoch [1][650/3623]	lr: 2.000e-02, eta: 2 days, 21:40:29, time: 0.691, data_time: 0.012, memory: 8027, loss_rpn_cls: 0.0000, loss_rpn_bbox: 0.0000, loss_cls: 0.0005, acc: 100.0000, loss_bbox: 0.0000, loss: 0.0005
2020-11-05 14:56:26,126 - mmdet - INFO - Epoch [1][700/3623]	lr: 2.000e-02, eta: 2 days, 21:38:10, time: 0.690, data_time: 0.012, memory: 8027, loss_rpn_cls: 0.0000, loss_rpn_bbox: 0.0000, loss_cls: 0.0004, acc: 100.0000, loss_bbox: 0.0000, loss: 0.0004
2020-11-05 14:57:00,610 - mmdet - INFO - Epoch [1][750/3623]	lr: 2.000e-02, eta: 2 days, 21:36:09, time: 0.690, data_time: 0.012, memory: 8027, loss_rpn_cls: 0.0000, loss_rpn_bbox: 0.0000, loss_cls: 0.0004, acc: 100.0000, loss_bbox: 0.0000, loss: 0.0004
2020-11-05 14:57:35,138 - mmdet - INFO - Epoch [1][800/3623]	lr: 2.000e-02, eta: 2 days, 21:34:38, time: 0.691, data_time: 0.012, memory: 8027, loss_rpn_cls: 0.0000, loss_rpn_bbox: 0.0000, loss_cls: 0.0003, acc: 100.0000, loss_bbox: 0.0000, loss: 0.0003
2020-11-05 14:58:09,655 - mmdet - INFO - Epoch [1][850/3623]	lr: 2.000e-02, eta: 2 days, 21:33:09, time: 0.690, data_time: 0.012, memory: 8027, loss_rpn_cls: 0.0000, loss_rpn_bbox: 0.0000, loss_cls: 0.0003, acc: 100.0000, loss_bbox: 0.0000, loss: 0.0003
2020-11-05 14:58:44,178 - mmdet - INFO - Epoch [1][900/3623]	lr: 2.000e-02, eta: 2 days, 21:31:48, time: 0.690, data_time: 0.012, memory: 8027, loss_rpn_cls: 0.0000, loss_rpn_bbox: 0.0000, loss_cls: 0.0003, acc: 100.0000, loss_bbox: 0.0000, loss: 0.0003
2020-11-05 14:59:18,701 - mmdet - INFO - Epoch [1][950/3623]	lr: 2.000e-02, eta: 2 days, 21:30:33, time: 0.690, data_time: 0.012, memory: 8027, loss_rpn_cls: 0.0000, loss_rpn_bbox: 0.0000, loss_cls: 0.0002, acc: 100.0000, loss_bbox: 0.0000, loss: 0.0002
2020-11-05 14:59:53,208 - mmdet - INFO - Epoch [1][1000/3623]	lr: 2.000e-02, eta: 2 days, 21:29:15, time: 0.690, data_time: 0.012, memory: 8027, loss_rpn_cls: 0.0000, loss_rpn_bbox: 0.0000, loss_cls: 0.0002, acc: 100.0000, loss_bbox: 0.0000, loss: 0.0002
2020-11-05 15:00:27,757 - mmdet - INFO - Epoch [1][1050/3623]	lr: 2.000e-02, eta: 2 days, 21:28:16, time: 0.691, data_time: 0.012, memory: 8027, loss_rpn_cls: 0.0000, loss_rpn_bbox: 0.0000, loss_cls: 0.0002, acc: 100.0000, loss_bbox: 0.0000, loss: 0.0002
2020-11-05 15:01:02,325 - mmdet - INFO - Epoch [1][1100/3623]	lr: 2.000e-02, eta: 2 days, 21:27:26, time: 0.691, data_time: 0.012, memory: 8027, loss_rpn_cls: 0.0000, loss_rpn_bbox: 0.0000, loss_cls: 0.0002, acc: 100.0000, loss_bbox: 0.0000, loss: 0.0002
2020-11-05 15:01:36,790 - mmdet - INFO - Epoch [1][1150/3623]	lr: 2.000e-02, eta: 2 days, 21:26:05, time: 0.689, data_time: 0.012, memory: 8027, loss_rpn_cls: 0.0000, loss_rpn_bbox: 0.0000, loss_cls: 0.0002, acc: 100.0000, loss_bbox: 0.0000, loss: 0.0002
2020-11-05 15:02:11,294 - mmdet - INFO - Epoch [1][1200/3623]	lr: 2.000e-02, eta: 2 days, 21:24:59, time: 0.690, data_time: 0.012, memory: 8027, loss_rpn_cls: 0.0000, loss_rpn_bbox: 0.0000, loss_cls: 0.0002, acc: 100.0000, loss_bbox: 0.0000, loss: 0.0002
