2020-11-09 15:06:34,085 - mmdet - INFO - Environment info:
------------------------------------------------------------
sys.platform: linux
Python: 3.6.4 |Anaconda, Inc.| (default, Jan 16 2018, 18:10:19) [GCC 7.2.0]
CUDA available: True
CUDA_HOME: /usr/local/cuda
NVCC: Cuda compilation tools, release 10.0, V10.0.130
GPU 0: Tesla P100-PCIE-16GB
GCC: gcc (GCC) 5.3.0
PyTorch: 1.3.1+cu100
PyTorch compiling details: PyTorch built with:
  - GCC 7.3
  - Intel(R) Math Kernel Library Version 2019.0.4 Product Build 20190411 for Intel(R) 64 architecture applications
  - Intel(R) MKL-DNN v0.20.5 (Git Hash 0125f28c61c1f822fd48570b4c1066f96fcb9b2e)
  - OpenMP 201511 (a.k.a. OpenMP 4.5)
  - NNPACK is enabled
  - CUDA Runtime 10.0
  - NVCC architecture flags: -gencode;arch=compute_37,code=sm_37;-gencode;arch=compute_50,code=sm_50;-gencode;arch=compute_60,code=sm_60;-gencode;arch=compute_61,code=sm_61;-gencode;arch=compute_70,code=sm_70;-gencode;arch=compute_75,code=sm_75;-gencode;arch=compute_37,code=compute_37
  - CuDNN 7.6.3
  - Magma 2.5.1
  - Build settings: BLAS=MKL, BUILD_NAMEDTENSOR=OFF, BUILD_TYPE=Release, CXX_FLAGS= -Wno-deprecated -fvisibility-inlines-hidden -fopenmp -DUSE_FBGEMM -DUSE_QNNPACK -DUSE_PYTORCH_QNNPACK -O2 -fPIC -Wno-narrowing -Wall -Wextra -Wno-missing-field-initializers -Wno-type-limits -Wno-array-bounds -Wno-unknown-pragmas -Wno-sign-compare -Wno-unused-parameter -Wno-unused-variable -Wno-unused-function -Wno-unused-result -Wno-strict-overflow -Wno-strict-aliasing -Wno-error=deprecated-declarations -Wno-stringop-overflow -Wno-error=pedantic -Wno-error=redundant-decls -Wno-error=old-style-cast -fdiagnostics-color=always -faligned-new -Wno-unused-but-set-variable -Wno-maybe-uninitialized -fno-math-errno -fno-trapping-math -Wno-stringop-overflow, DISABLE_NUMA=1, PERF_WITH_AVX=1, PERF_WITH_AVX2=1, PERF_WITH_AVX512=1, USE_CUDA=True, USE_EXCEPTION_PTR=1, USE_GFLAGS=OFF, USE_GLOG=OFF, USE_MKL=ON, USE_MKLDNN=ON, USE_MPI=OFF, USE_NCCL=ON, USE_NNPACK=ON, USE_OPENMP=ON, USE_STATIC_DISPATCH=OFF, 

TorchVision: 0.4.2+cu100
OpenCV: 4.4.0
MMCV: 1.0.5
MMDetection: 2.3.0+788fa8d
MMDetection Compiler: GCC 7.3
MMDetection CUDA Compiler: 10.0
------------------------------------------------------------

2020-11-09 15:06:34,085 - mmdet - INFO - Distributed training: False
2020-11-09 15:06:34,484 - mmdet - INFO - Config:
model = dict(
    type='FasterRCNN',
    pretrained='torchvision://resnet50',
    backbone=dict(
        type='ResNet',
        depth=50,
        num_stages=4,
        out_indices=(0, 1, 2, 3),
        frozen_stages=1,
        norm_cfg=dict(type='BN', requires_grad=True),
        norm_eval=True,
        style='pytorch'),
    neck=dict(
        type='FPN',
        in_channels=[256, 512, 1024, 2048],
        out_channels=256,
        num_outs=5),
    rpn_head=dict(
        type='RPNHead',
        in_channels=256,
        feat_channels=256,
        anchor_generator=dict(
            type='AnchorGenerator',
            scales=[8],
            ratios=[0.5, 1.0, 2.0],
            strides=[4, 8, 16, 32, 64]),
        bbox_coder=dict(
            type='DeltaXYWHBBoxCoder',
            target_means=[0.0, 0.0, 0.0, 0.0],
            target_stds=[1.0, 1.0, 1.0, 1.0]),
        loss_cls=dict(
            type='CrossEntropyLoss', use_sigmoid=True, loss_weight=1.0),
        loss_bbox=dict(type='L1Loss', loss_weight=1.0)),
    roi_head=dict(
        type='StandardRoIHead',
        bbox_roi_extractor=dict(
            type='SingleRoIExtractor',
            roi_layer=dict(type='RoIAlign', output_size=7, sampling_ratio=0),
            out_channels=256,
            featmap_strides=[4, 8, 16, 32]),
        bbox_head=dict(
            type='Shared2FCBBoxHead',
            in_channels=256,
            fc_out_channels=1024,
            roi_feat_size=7,
            num_classes=2,
            bbox_coder=dict(
                type='DeltaXYWHBBoxCoder',
                target_means=[0.0, 0.0, 0.0, 0.0],
                target_stds=[0.1, 0.1, 0.2, 0.2]),
            reg_class_agnostic=False,
            loss_cls=dict(
                type='CrossEntropyLoss', use_sigmoid=False, loss_weight=1.0),
            loss_bbox=dict(type='L1Loss', loss_weight=1.0))))
train_cfg = dict(
    rpn=dict(
        assigner=dict(
            type='MaxIoUAssigner',
            pos_iou_thr=0.7,
            neg_iou_thr=0.3,
            min_pos_iou=0.3,
            match_low_quality=True,
            ignore_iof_thr=-1),
        sampler=dict(
            type='RandomSampler',
            num=256,
            pos_fraction=0.5,
            neg_pos_ub=-1,
            add_gt_as_proposals=False),
        allowed_border=-1,
        pos_weight=-1,
        debug=False),
    rpn_proposal=dict(
        nms_across_levels=False,
        nms_pre=2000,
        nms_post=1000,
        max_num=1000,
        nms_thr=0.7,
        min_bbox_size=0),
    rcnn=dict(
        assigner=dict(
            type='MaxIoUAssigner',
            pos_iou_thr=0.5,
            neg_iou_thr=0.5,
            min_pos_iou=0.5,
            match_low_quality=False,
            ignore_iof_thr=-1),
        sampler=dict(
            type='RandomSampler',
            num=512,
            pos_fraction=0.25,
            neg_pos_ub=-1,
            add_gt_as_proposals=True),
        pos_weight=-1,
        debug=False))
test_cfg = dict(
    rpn=dict(
        nms_across_levels=False,
        nms_pre=1000,
        nms_post=1000,
        max_num=1000,
        nms_thr=0.7,
        min_bbox_size=0),
    rcnn=dict(
        score_thr=0.05,
        nms=dict(type='nms', iou_threshold=0.5),
        max_per_img=100))
dataset_type = 'CocoDataset'
data_root = 'data/coco/'
img_norm_cfg = dict(
    mean=[123.675, 116.28, 103.53], std=[58.395, 57.12, 57.375], to_rgb=True)
train_pipeline = [
    dict(type='LoadImageFromFile'),
    dict(type='LoadAnnotations', with_bbox=True),
    dict(type='Resize', img_scale=(310, 310), keep_ratio=True),
    dict(type='RandomFlip', flip_ratio=0.5),
    dict(
        type='Normalize',
        mean=[123.675, 116.28, 103.53],
        std=[58.395, 57.12, 57.375],
        to_rgb=True),
    dict(type='Pad', size_divisor=32),
    dict(type='DefaultFormatBundle'),
    dict(type='Collect', keys=['img', 'gt_bboxes', 'gt_labels'])
]
test_pipeline = [
    dict(type='LoadImageFromFile'),
    dict(
        type='MultiScaleFlipAug',
        img_scale=(310, 310),
        flip=False,
        transforms=[
            dict(type='Resize', keep_ratio=True),
            dict(type='RandomFlip'),
            dict(
                type='Normalize',
                mean=[123.675, 116.28, 103.53],
                std=[58.395, 57.12, 57.375],
                to_rgb=True),
            dict(type='Pad', size_divisor=32),
            dict(type='ImageToTensor', keys=['img']),
            dict(type='Collect', keys=['img'])
        ])
]
data = dict(
    samples_per_gpu=2,
    workers_per_gpu=24,
    train=dict(
        type='CocoDataset',
        ann_file='data/coco/annotations/annotations_trai.json',
        img_prefix='data/coco/img/',
        pipeline=[
            dict(type='LoadImageFromFile'),
            dict(type='LoadAnnotations', with_bbox=True),
            dict(type='Resize', img_scale=(310, 310), keep_ratio=True),
            dict(type='RandomFlip', flip_ratio=0.5),
            dict(
                type='Normalize',
                mean=[123.675, 116.28, 103.53],
                std=[58.395, 57.12, 57.375],
                to_rgb=True),
            dict(type='Pad', size_divisor=32),
            dict(type='DefaultFormatBundle'),
            dict(type='Collect', keys=['img', 'gt_bboxes', 'gt_labels'])
        ]),
    val=dict(
        type='CocoDataset',
        ann_file='data/coco/annotations/annotations_test.json',
        img_prefix='data/coco/img/',
        pipeline=[
            dict(type='LoadImageFromFile'),
            dict(
                type='MultiScaleFlipAug',
                img_scale=(310, 310),
                flip=False,
                transforms=[
                    dict(type='Resize', keep_ratio=True),
                    dict(type='RandomFlip'),
                    dict(
                        type='Normalize',
                        mean=[123.675, 116.28, 103.53],
                        std=[58.395, 57.12, 57.375],
                        to_rgb=True),
                    dict(type='Pad', size_divisor=32),
                    dict(type='ImageToTensor', keys=['img']),
                    dict(type='Collect', keys=['img'])
                ])
        ]),
    test=dict(
        type='CocoDataset',
        ann_file='data/coco/annotations/annotations_vals.json',
        img_prefix='data/coco/img/',
        pipeline=[
            dict(type='LoadImageFromFile'),
            dict(
                type='MultiScaleFlipAug',
                img_scale=(310, 310),
                flip=False,
                transforms=[
                    dict(type='Resize', keep_ratio=True),
                    dict(type='RandomFlip'),
                    dict(
                        type='Normalize',
                        mean=[123.675, 116.28, 103.53],
                        std=[58.395, 57.12, 57.375],
                        to_rgb=True),
                    dict(type='Pad', size_divisor=32),
                    dict(type='ImageToTensor', keys=['img']),
                    dict(type='Collect', keys=['img'])
                ])
        ]))
evaluation = dict(interval=1, metric='bbox')
optimizer = dict(type='SGD', lr=0.02, momentum=0.9, weight_decay=0.0001)
optimizer_config = dict(grad_clip=None)
lr_config = dict(
    policy='step',
    warmup='linear',
    warmup_iters=500,
    warmup_ratio=0.001,
    step=[8, 11])
total_epochs = 50
checkpoint_config = dict(interval=25)
log_config = dict(interval=2, hooks=[dict(type='TextLoggerHook')])
dist_params = dict(backend='nccl')
log_level = 'INFO'
load_from = None
resume_from = None
workflow = [('train', 2), ('val', 1)]
work_dir = '/home/admin/jupyter/SecurityAI_Round5/data/work'
gpu_ids = range(0, 1)

2020-11-09 15:06:34,987 - mmdet - INFO - load model from: torchvision://resnet50
2020-11-09 15:06:43,366 - mmdet - WARNING - The model and loaded state dict do not match exactly

unexpected key in source state_dict: fc.weight, fc.bias

2020-11-09 15:06:54,907 - mmdet - INFO - Start running, host: admin@fuxilabor_labor0_S4_Odps_S96_dsw_prepaid_cnsh_838_2020110906395, work_dir: /home/admin/jupyter/SecurityAI_Round5/data/work
2020-11-09 15:06:54,907 - mmdet - INFO - workflow: [('train', 2), ('val', 1)], max: 50 epochs
2020-11-09 15:06:58,311 - mmdet - INFO - Epoch [1][2/5544]	lr: 5.996e-05, eta: 5 days, 10:20:14, time: 1.693, data_time: 1.330, memory: 876, loss_rpn_cls: 0.6963, loss_rpn_bbox: 0.1803, loss_cls: 1.2442, acc: 4.1992, loss_bbox: 0.0239, loss: 2.1448
2020-11-09 15:06:58,571 - mmdet - INFO - Epoch [1][4/5544]	lr: 1.399e-04, eta: 2 days, 22:06:41, time: 0.128, data_time: 0.009, memory: 876, loss_rpn_cls: 0.6972, loss_rpn_bbox: 0.2233, loss_cls: 1.1454, acc: 21.2891, loss_bbox: 0.0234, loss: 2.0894
2020-11-09 15:06:58,849 - mmdet - INFO - Epoch [1][6/5544]	lr: 2.198e-04, eta: 2 days, 2:19:33, time: 0.140, data_time: 0.022, memory: 876, loss_rpn_cls: 0.6961, loss_rpn_bbox: 0.2672, loss_cls: 0.9259, acc: 84.5215, loss_bbox: 0.0084, loss: 1.8975
2020-11-09 15:06:59,127 - mmdet - INFO - Epoch [1][8/5544]	lr: 2.997e-04, eta: 1 day, 16:24:25, time: 0.138, data_time: 0.020, memory: 876, loss_rpn_cls: 0.6952, loss_rpn_bbox: 0.2001, loss_cls: 0.4827, acc: 98.0957, loss_bbox: 0.0244, loss: 1.4023
2020-11-09 15:06:59,424 - mmdet - INFO - Epoch [1][10/5544]	lr: 3.796e-04, eta: 1 day, 10:36:00, time: 0.148, data_time: 0.034, memory: 876, loss_rpn_cls: 0.6931, loss_rpn_bbox: 0.1531, loss_cls: 0.2084, acc: 97.1680, loss_bbox: 0.0360, loss: 1.0907
2020-11-09 15:06:59,678 - mmdet - INFO - Epoch [1][12/5544]	lr: 4.596e-04, eta: 1 day, 6:28:06, time: 0.127, data_time: 0.011, memory: 876, loss_rpn_cls: 0.6913, loss_rpn_bbox: 0.1263, loss_cls: 0.1772, acc: 97.0703, loss_bbox: 0.0332, loss: 1.0281
2020-11-09 15:06:59,935 - mmdet - INFO - Epoch [1][14/5544]	lr: 5.395e-04, eta: 1 day, 3:31:48, time: 0.129, data_time: 0.010, memory: 876, loss_rpn_cls: 0.6796, loss_rpn_bbox: 0.0966, loss_cls: 0.1445, acc: 97.9980, loss_bbox: 0.0250, loss: 0.9456
2020-11-09 15:07:00,196 - mmdet - INFO - Epoch [1][16/5544]	lr: 6.194e-04, eta: 1 day, 1:19:51, time: 0.129, data_time: 0.010, memory: 876, loss_rpn_cls: 0.6706, loss_rpn_bbox: 0.0993, loss_cls: 0.4098, acc: 95.6543, loss_bbox: 0.0805, loss: 1.2602
2020-11-09 15:07:00,457 - mmdet - INFO - Epoch [1][18/5544]	lr: 6.993e-04, eta: 23:37:37, time: 0.130, data_time: 0.011, memory: 876, loss_rpn_cls: 0.6544, loss_rpn_bbox: 0.0615, loss_cls: 0.2370, acc: 97.7051, loss_bbox: 0.0322, loss: 0.9852
2020-11-09 15:07:00,731 - mmdet - INFO - Epoch [1][20/5544]	lr: 7.792e-04, eta: 22:18:43, time: 0.136, data_time: 0.013, memory: 876, loss_rpn_cls: 0.6466, loss_rpn_bbox: 0.2068, loss_cls: 0.4110, acc: 94.9219, loss_bbox: 0.1124, loss: 1.3768
2020-11-09 15:07:01,000 - mmdet - INFO - Epoch [1][22/5544]	lr: 8.592e-04, eta: 21:13:05, time: 0.134, data_time: 0.013, memory: 876, loss_rpn_cls: 0.6316, loss_rpn_bbox: 0.0510, loss_cls: 0.3628, acc: 95.4590, loss_bbox: 0.0955, loss: 1.1409
2020-11-09 15:07:01,310 - mmdet - INFO - Epoch [1][24/5544]	lr: 9.391e-04, eta: 20:26:33, time: 0.155, data_time: 0.031, memory: 876, loss_rpn_cls: 0.6374, loss_rpn_bbox: 0.2357, loss_cls: 0.3114, acc: 95.1660, loss_bbox: 0.1063, loss: 1.2907
2020-11-09 15:07:01,586 - mmdet - INFO - Epoch [1][26/5544]	lr: 1.019e-03, eta: 19:41:20, time: 0.138, data_time: 0.014, memory: 876, loss_rpn_cls: 0.6259, loss_rpn_bbox: 0.1571, loss_cls: 0.2851, acc: 94.7266, loss_bbox: 0.1438, loss: 1.2119
2020-11-09 15:07:02,073 - mmdet - INFO - Epoch [1][28/5544]	lr: 1.099e-03, eta: 19:37:17, time: 0.243, data_time: 0.117, memory: 876, loss_rpn_cls: 0.6349, loss_rpn_bbox: 0.2333, loss_cls: 0.1932, acc: 96.6797, loss_bbox: 0.0316, loss: 1.0930
2020-11-09 15:07:02,356 - mmdet - INFO - Epoch [1][30/5544]	lr: 1.179e-03, eta: 19:02:24, time: 0.142, data_time: 0.014, memory: 876, loss_rpn_cls: 0.6436, loss_rpn_bbox: 0.2866, loss_cls: 0.2498, acc: 95.0684, loss_bbox: 0.0692, loss: 1.2492
2020-11-09 15:07:02,645 - mmdet - INFO - Epoch [1][32/5544]	lr: 1.259e-03, eta: 18:32:41, time: 0.144, data_time: 0.015, memory: 876, loss_rpn_cls: 0.6229, loss_rpn_bbox: 0.2387, loss_cls: 0.5614, acc: 87.7441, loss_bbox: 0.0931, loss: 1.5161
2020-11-09 15:07:02,933 - mmdet - INFO - Epoch [1][34/5544]	lr: 1.339e-03, eta: 18:06:25, time: 0.144, data_time: 0.024, memory: 876, loss_rpn_cls: 0.5765, loss_rpn_bbox: 0.1002, loss_cls: 0.2043, acc: 96.1914, loss_bbox: 0.1075, loss: 0.9885
2020-11-09 15:07:03,215 - mmdet - INFO - Epoch [1][36/5544]	lr: 1.419e-03, eta: 17:42:07, time: 0.141, data_time: 0.015, memory: 876, loss_rpn_cls: 0.5574, loss_rpn_bbox: 0.1419, loss_cls: 0.1834, acc: 96.4844, loss_bbox: 0.1262, loss: 1.0089
2020-11-09 15:07:03,496 - mmdet - INFO - Epoch [1][38/5544]	lr: 1.499e-03, eta: 17:20:20, time: 0.140, data_time: 0.016, memory: 876, loss_rpn_cls: 0.5532, loss_rpn_bbox: 0.1933, loss_cls: 0.2068, acc: 95.7520, loss_bbox: 0.0560, loss: 1.0094
2020-11-09 15:07:03,770 - mmdet - INFO - Epoch [1][40/5544]	lr: 1.578e-03, eta: 17:00:01, time: 0.137, data_time: 0.015, memory: 876, loss_rpn_cls: 0.4706, loss_rpn_bbox: 0.0650, loss_cls: 0.1930, acc: 95.7520, loss_bbox: 0.0905, loss: 0.8190
2020-11-09 15:07:04,041 - mmdet - INFO - Epoch [1][42/5544]	lr: 1.658e-03, eta: 16:41:13, time: 0.135, data_time: 0.015, memory: 876, loss_rpn_cls: 0.4073, loss_rpn_bbox: 0.0664, loss_cls: 0.2193, acc: 95.7031, loss_bbox: 0.0772, loss: 0.7702
2020-11-09 15:07:04,320 - mmdet - INFO - Epoch [1][44/5544]	lr: 1.738e-03, eta: 16:24:58, time: 0.139, data_time: 0.015, memory: 876, loss_rpn_cls: 0.3178, loss_rpn_bbox: 0.0514, loss_cls: 0.1800, acc: 96.5332, loss_bbox: 0.1172, loss: 0.6665
2020-11-09 15:07:04,601 - mmdet - INFO - Epoch [1][46/5544]	lr: 1.818e-03, eta: 16:10:22, time: 0.141, data_time: 0.016, memory: 876, loss_rpn_cls: 0.2742, loss_rpn_bbox: 0.0881, loss_cls: 0.2245, acc: 95.7031, loss_bbox: 0.1551, loss: 0.7418
2020-11-09 15:07:04,878 - mmdet - INFO - Epoch [1][48/5544]	lr: 1.898e-03, eta: 15:56:37, time: 0.139, data_time: 0.015, memory: 876, loss_rpn_cls: 0.3106, loss_rpn_bbox: 0.1794, loss_cls: 0.2328, acc: 95.3125, loss_bbox: 0.1347, loss: 0.8575
2020-11-09 15:07:05,154 - mmdet - INFO - Epoch [1][50/5544]	lr: 1.978e-03, eta: 15:43:46, time: 0.138, data_time: 0.017, memory: 876, loss_rpn_cls: 0.4193, loss_rpn_bbox: 0.2086, loss_cls: 0.1730, acc: 95.9961, loss_bbox: 0.1365, loss: 0.9374
2020-11-09 15:07:05,436 - mmdet - INFO - Epoch [1][52/5544]	lr: 2.058e-03, eta: 15:32:30, time: 0.141, data_time: 0.017, memory: 876, loss_rpn_cls: 0.4117, loss_rpn_bbox: 0.1625, loss_cls: 0.3137, acc: 91.4062, loss_bbox: 0.0981, loss: 0.9860
2020-11-09 15:07:05,726 - mmdet - INFO - Epoch [1][54/5544]	lr: 2.138e-03, eta: 15:22:51, time: 0.145, data_time: 0.018, memory: 876, loss_rpn_cls: 0.4818, loss_rpn_bbox: 0.1908, loss_cls: 0.3251, acc: 90.9668, loss_bbox: 0.0755, loss: 1.0732
2020-11-09 15:07:06,001 - mmdet - INFO - Epoch [1][56/5544]	lr: 2.218e-03, eta: 15:12:32, time: 0.137, data_time: 0.017, memory: 876, loss_rpn_cls: 0.2569, loss_rpn_bbox: 0.0575, loss_cls: 0.2450, acc: 94.1895, loss_bbox: 0.2185, loss: 0.7779
2020-11-09 15:07:06,269 - mmdet - INFO - Epoch [1][58/5544]	lr: 2.298e-03, eta: 15:02:29, time: 0.134, data_time: 0.016, memory: 876, loss_rpn_cls: 0.3508, loss_rpn_bbox: 0.1437, loss_cls: 0.2123, acc: 95.7031, loss_bbox: 0.1039, loss: 0.8107
2020-11-09 15:07:06,542 - mmdet - INFO - Epoch [1][60/5544]	lr: 2.378e-03, eta: 14:53:20, time: 0.136, data_time: 0.016, memory: 876, loss_rpn_cls: 0.2656, loss_rpn_bbox: 0.1745, loss_cls: 0.2124, acc: 94.3359, loss_bbox: 0.1873, loss: 0.8397
2020-11-09 15:07:06,813 - mmdet - INFO - Epoch [1][62/5544]	lr: 2.458e-03, eta: 14:44:51, time: 0.137, data_time: 0.017, memory: 876, loss_rpn_cls: 0.2328, loss_rpn_bbox: 0.1111, loss_cls: 0.2017, acc: 94.9219, loss_bbox: 0.1501, loss: 0.6958
2020-11-09 15:07:07,088 - mmdet - INFO - Epoch [1][64/5544]	lr: 2.537e-03, eta: 14:37:03, time: 0.138, data_time: 0.016, memory: 876, loss_rpn_cls: 0.2606, loss_rpn_bbox: 0.1111, loss_cls: 0.3068, acc: 90.5762, loss_bbox: 0.1615, loss: 0.8400
2020-11-09 15:07:07,353 - mmdet - INFO - Epoch [1][66/5544]	lr: 2.617e-03, eta: 14:29:08, time: 0.133, data_time: 0.016, memory: 876, loss_rpn_cls: 0.1764, loss_rpn_bbox: 0.0473, loss_cls: 0.1299, acc: 96.4844, loss_bbox: 0.1538, loss: 0.5074
2020-11-09 15:07:07,623 - mmdet - INFO - Epoch [1][68/5544]	lr: 2.697e-03, eta: 14:21:59, time: 0.136, data_time: 0.015, memory: 876, loss_rpn_cls: 0.2500, loss_rpn_bbox: 0.0768, loss_cls: 0.1923, acc: 95.2637, loss_bbox: 0.1703, loss: 0.6893
2020-11-09 15:07:07,893 - mmdet - INFO - Epoch [1][70/5544]	lr: 2.777e-03, eta: 14:15:14, time: 0.136, data_time: 0.015, memory: 876, loss_rpn_cls: 0.2179, loss_rpn_bbox: 0.0770, loss_cls: 0.1899, acc: 93.9453, loss_bbox: 0.1780, loss: 0.6626
2020-11-09 15:07:08,158 - mmdet - INFO - Epoch [1][72/5544]	lr: 2.857e-03, eta: 14:08:19, time: 0.131, data_time: 0.014, memory: 876, loss_rpn_cls: 0.1868, loss_rpn_bbox: 0.0865, loss_cls: 0.2214, acc: 94.0918, loss_bbox: 0.1800, loss: 0.6748
2020-11-09 15:07:08,417 - mmdet - INFO - Epoch [1][74/5544]	lr: 2.937e-03, eta: 14:01:37, time: 0.130, data_time: 0.014, memory: 876, loss_rpn_cls: 0.2764, loss_rpn_bbox: 0.1207, loss_cls: 0.1835, acc: 94.7754, loss_bbox: 0.1453, loss: 0.7259
2020-11-09 15:07:08,722 - mmdet - INFO - Epoch [1][76/5544]	lr: 3.017e-03, eta: 13:58:25, time: 0.156, data_time: 0.015, memory: 876, loss_rpn_cls: 0.2612, loss_rpn_bbox: 0.1493, loss_cls: 0.2179, acc: 93.1641, loss_bbox: 0.3037, loss: 0.9321
2020-11-09 15:07:08,987 - mmdet - INFO - Epoch [1][78/5544]	lr: 3.097e-03, eta: 13:52:18, time: 0.130, data_time: 0.011, memory: 876, loss_rpn_cls: 0.3266, loss_rpn_bbox: 0.1171, loss_cls: 0.1608, acc: 95.8984, loss_bbox: 0.1765, loss: 0.7810
2020-11-09 15:07:09,266 - mmdet - INFO - Epoch [1][80/5544]	lr: 3.177e-03, eta: 13:47:35, time: 0.139, data_time: 0.015, memory: 876, loss_rpn_cls: 0.3218, loss_rpn_bbox: 0.1857, loss_cls: 0.4362, acc: 89.4531, loss_bbox: 0.1458, loss: 1.0895
2020-11-09 15:07:09,527 - mmdet - INFO - Epoch [1][82/5544]	lr: 3.257e-03, eta: 13:42:06, time: 0.130, data_time: 0.013, memory: 876, loss_rpn_cls: 0.1856, loss_rpn_bbox: 0.0610, loss_cls: 0.2296, acc: 94.1895, loss_bbox: 0.2299, loss: 0.7062
2020-11-09 15:07:09,793 - mmdet - INFO - Epoch [1][84/5544]	lr: 3.337e-03, eta: 13:37:24, time: 0.135, data_time: 0.014, memory: 876, loss_rpn_cls: 0.2817, loss_rpn_bbox: 0.1193, loss_cls: 0.2300, acc: 93.6035, loss_bbox: 0.2252, loss: 0.8562
2020-11-09 15:07:10,055 - mmdet - INFO - Epoch [1][86/5544]	lr: 3.417e-03, eta: 13:32:14, time: 0.129, data_time: 0.012, memory: 876, loss_rpn_cls: 0.3922, loss_rpn_bbox: 0.2248, loss_cls: 0.2478, acc: 93.4082, loss_bbox: 0.2141, loss: 1.0788
2020-11-09 15:07:10,328 - mmdet - INFO - Epoch [1][88/5544]	lr: 3.497e-03, eta: 13:28:03, time: 0.136, data_time: 0.014, memory: 876, loss_rpn_cls: 0.3320, loss_rpn_bbox: 0.1334, loss_cls: 0.3594, acc: 89.0137, loss_bbox: 0.2262, loss: 1.0510
2020-11-09 15:07:10,595 - mmdet - INFO - Epoch [1][90/5544]	lr: 3.576e-03, eta: 13:23:59, time: 0.135, data_time: 0.013, memory: 876, loss_rpn_cls: 0.1886, loss_rpn_bbox: 0.0659, loss_cls: 0.2001, acc: 94.4824, loss_bbox: 0.1868, loss: 0.6414
2020-11-09 15:07:10,862 - mmdet - INFO - Epoch [1][92/5544]	lr: 3.656e-03, eta: 13:19:40, time: 0.131, data_time: 0.012, memory: 876, loss_rpn_cls: 0.1895, loss_rpn_bbox: 0.0912, loss_cls: 0.1664, acc: 95.4590, loss_bbox: 0.1319, loss: 0.5790
2020-11-09 15:07:11,132 - mmdet - INFO - Epoch [1][94/5544]	lr: 3.736e-03, eta: 13:15:55, time: 0.135, data_time: 0.014, memory: 876, loss_rpn_cls: 0.2590, loss_rpn_bbox: 0.1207, loss_cls: 0.1972, acc: 94.8242, loss_bbox: 0.1417, loss: 0.7186
2020-11-09 15:07:11,401 - mmdet - INFO - Epoch [1][96/5544]	lr: 3.816e-03, eta: 13:12:14, time: 0.134, data_time: 0.014, memory: 876, loss_rpn_cls: 0.1690, loss_rpn_bbox: 0.0733, loss_cls: 0.1779, acc: 94.6289, loss_bbox: 0.1766, loss: 0.5968
2020-11-09 15:07:11,664 - mmdet - INFO - Epoch [1][98/5544]	lr: 3.896e-03, eta: 13:08:26, time: 0.131, data_time: 0.014, memory: 876, loss_rpn_cls: 0.2217, loss_rpn_bbox: 0.0595, loss_cls: 0.0932, acc: 96.7285, loss_bbox: 0.1179, loss: 0.4923
2020-11-09 15:07:11,931 - mmdet - INFO - Epoch [1][100/5544]	lr: 3.976e-03, eta: 13:04:57, time: 0.133, data_time: 0.015, memory: 876, loss_rpn_cls: 0.1987, loss_rpn_bbox: 0.0960, loss_cls: 0.1459, acc: 96.9238, loss_bbox: 0.0767, loss: 0.5174
2020-11-09 15:07:12,198 - mmdet - INFO - Epoch [1][102/5544]	lr: 4.056e-03, eta: 13:01:39, time: 0.134, data_time: 0.015, memory: 876, loss_rpn_cls: 0.2789, loss_rpn_bbox: 0.1181, loss_cls: 0.2057, acc: 95.1172, loss_bbox: 0.0926, loss: 0.6953
2020-11-09 15:07:12,481 - mmdet - INFO - Epoch [1][104/5544]	lr: 4.136e-03, eta: 12:59:16, time: 0.142, data_time: 0.016, memory: 876, loss_rpn_cls: 0.2658, loss_rpn_bbox: 0.1434, loss_cls: 0.4554, acc: 86.0352, loss_bbox: 0.1741, loss: 1.0386
2020-11-09 15:07:12,748 - mmdet - INFO - Epoch [1][106/5544]	lr: 4.216e-03, eta: 12:56:10, time: 0.133, data_time: 0.015, memory: 876, loss_rpn_cls: 0.1826, loss_rpn_bbox: 0.1116, loss_cls: 0.1494, acc: 96.5820, loss_bbox: 0.0741, loss: 0.5176
2020-11-09 15:07:13,017 - mmdet - INFO - Epoch [1][108/5544]	lr: 4.296e-03, eta: 12:53:20, time: 0.135, data_time: 0.014, memory: 876, loss_rpn_cls: 0.2940, loss_rpn_bbox: 0.1381, loss_cls: 0.2032, acc: 95.4590, loss_bbox: 0.1189, loss: 0.7543
2020-11-09 15:07:13,287 - mmdet - INFO - Epoch [1][110/5544]	lr: 4.376e-03, eta: 12:50:28, time: 0.133, data_time: 0.014, memory: 876, loss_rpn_cls: 0.2783, loss_rpn_bbox: 0.1530, loss_cls: 0.1685, acc: 94.9219, loss_bbox: 0.1184, loss: 0.7182
2020-11-09 15:07:13,556 - mmdet - INFO - Epoch [1][112/5544]	lr: 4.456e-03, eta: 12:48:05, time: 0.138, data_time: 0.017, memory: 876, loss_rpn_cls: 0.2333, loss_rpn_bbox: 0.0849, loss_cls: 0.1680, acc: 95.0195, loss_bbox: 0.1258, loss: 0.6121
2020-11-09 15:07:13,824 - mmdet - INFO - Epoch [1][114/5544]	lr: 4.535e-03, eta: 12:45:18, time: 0.132, data_time: 0.013, memory: 876, loss_rpn_cls: 0.1765, loss_rpn_bbox: 0.0581, loss_cls: 0.2092, acc: 94.4336, loss_bbox: 0.1465, loss: 0.5902
2020-11-09 15:07:14,102 - mmdet - INFO - Epoch [1][116/5544]	lr: 4.615e-03, eta: 12:43:10, time: 0.139, data_time: 0.015, memory: 876, loss_rpn_cls: 0.2894, loss_rpn_bbox: 0.1291, loss_cls: 0.2396, acc: 93.6035, loss_bbox: 0.0990, loss: 0.7570
2020-11-09 15:07:14,364 - mmdet - INFO - Epoch [1][118/5544]	lr: 4.695e-03, eta: 12:40:29, time: 0.131, data_time: 0.014, memory: 876, loss_rpn_cls: 0.1958, loss_rpn_bbox: 0.0845, loss_cls: 0.1644, acc: 96.0938, loss_bbox: 0.1476, loss: 0.5923
2020-11-09 15:07:14,622 - mmdet - INFO - Epoch [1][120/5544]	lr: 4.775e-03, eta: 12:37:44, time: 0.129, data_time: 0.014, memory: 876, loss_rpn_cls: 0.2107, loss_rpn_bbox: 0.1197, loss_cls: 0.2222, acc: 93.1641, loss_bbox: 0.1820, loss: 0.7346
2020-11-09 15:07:14,906 - mmdet - INFO - Epoch [1][122/5544]	lr: 4.855e-03, eta: 12:36:05, time: 0.142, data_time: 0.022, memory: 876, loss_rpn_cls: 0.3028, loss_rpn_bbox: 0.1172, loss_cls: 0.2280, acc: 92.4805, loss_bbox: 0.2090, loss: 0.8569
2020-11-09 15:07:15,186 - mmdet - INFO - Epoch [1][124/5544]	lr: 4.935e-03, eta: 12:34:27, time: 0.142, data_time: 0.018, memory: 876, loss_rpn_cls: 0.2163, loss_rpn_bbox: 0.1375, loss_cls: 0.1874, acc: 93.7988, loss_bbox: 0.2556, loss: 0.7967
2020-11-09 15:07:15,449 - mmdet - INFO - Epoch [1][126/5544]	lr: 5.015e-03, eta: 12:31:54, time: 0.129, data_time: 0.011, memory: 876, loss_rpn_cls: 0.3018, loss_rpn_bbox: 0.1753, loss_cls: 0.2481, acc: 91.6992, loss_bbox: 0.1948, loss: 0.9200
2020-11-09 15:07:15,715 - mmdet - INFO - Epoch [1][128/5544]	lr: 5.095e-03, eta: 12:29:47, time: 0.133, data_time: 0.015, memory: 876, loss_rpn_cls: 0.2030, loss_rpn_bbox: 0.1077, loss_cls: 0.1579, acc: 94.9707, loss_bbox: 0.1673, loss: 0.6358
2020-11-09 15:07:15,978 - mmdet - INFO - Epoch [1][130/5544]	lr: 5.175e-03, eta: 12:27:35, time: 0.132, data_time: 0.015, memory: 876, loss_rpn_cls: 0.2694, loss_rpn_bbox: 0.1017, loss_cls: 0.2204, acc: 93.1641, loss_bbox: 0.1768, loss: 0.7683
2020-11-09 15:07:16,238 - mmdet - INFO - Epoch [1][132/5544]	lr: 5.255e-03, eta: 12:25:20, time: 0.130, data_time: 0.015, memory: 876, loss_rpn_cls: 0.1141, loss_rpn_bbox: 0.0443, loss_cls: 0.1295, acc: 95.0195, loss_bbox: 0.2088, loss: 0.4967
2020-11-09 15:07:16,500 - mmdet - INFO - Epoch [1][134/5544]	lr: 5.335e-03, eta: 12:23:10, time: 0.130, data_time: 0.014, memory: 876, loss_rpn_cls: 0.1679, loss_rpn_bbox: 0.0713, loss_cls: 0.1863, acc: 96.6309, loss_bbox: 0.0927, loss: 0.5182
2020-11-09 15:07:16,766 - mmdet - INFO - Epoch [1][136/5544]	lr: 5.415e-03, eta: 12:21:29, time: 0.136, data_time: 0.016, memory: 876, loss_rpn_cls: 0.0661, loss_rpn_bbox: 0.0129, loss_cls: 0.2472, acc: 88.3301, loss_bbox: 0.2266, loss: 0.5527
2020-11-09 15:07:17,032 - mmdet - INFO - Epoch [1][138/5544]	lr: 5.495e-03, eta: 12:19:36, time: 0.133, data_time: 0.013, memory: 876, loss_rpn_cls: 0.1361, loss_rpn_bbox: 0.0653, loss_cls: 0.1760, acc: 95.4102, loss_bbox: 0.1323, loss: 0.5097
2020-11-09 15:07:17,299 - mmdet - INFO - Epoch [1][140/5544]	lr: 5.574e-03, eta: 12:17:41, time: 0.131, data_time: 0.013, memory: 876, loss_rpn_cls: 0.2156, loss_rpn_bbox: 0.1176, loss_cls: 0.2209, acc: 93.2129, loss_bbox: 0.1878, loss: 0.7419
2020-11-09 15:07:17,577 - mmdet - INFO - Epoch [1][142/5544]	lr: 5.654e-03, eta: 12:16:37, time: 0.143, data_time: 0.015, memory: 876, loss_rpn_cls: 0.2807, loss_rpn_bbox: 0.1278, loss_cls: 0.2011, acc: 94.3359, loss_bbox: 0.1436, loss: 0.7532
2020-11-09 15:07:17,874 - mmdet - INFO - Epoch [1][144/5544]	lr: 5.734e-03, eta: 12:15:51, time: 0.148, data_time: 0.011, memory: 876, loss_rpn_cls: 0.1842, loss_rpn_bbox: 0.0640, loss_cls: 0.1950, acc: 92.5293, loss_bbox: 0.2590, loss: 0.7022
2020-11-09 15:07:18,148 - mmdet - INFO - Epoch [1][146/5544]	lr: 5.814e-03, eta: 12:14:26, time: 0.137, data_time: 0.012, memory: 876, loss_rpn_cls: 0.2605, loss_rpn_bbox: 0.1564, loss_cls: 0.1856, acc: 93.9941, loss_bbox: 0.1547, loss: 0.7572
2020-11-09 15:07:18,421 - mmdet - INFO - Epoch [1][148/5544]	lr: 5.894e-03, eta: 12:12:43, time: 0.132, data_time: 0.012, memory: 876, loss_rpn_cls: 0.2031, loss_rpn_bbox: 0.1271, loss_cls: 0.2190, acc: 93.6035, loss_bbox: 0.2037, loss: 0.7529
2020-11-09 15:07:18,694 - mmdet - INFO - Epoch [1][150/5544]	lr: 5.974e-03, eta: 12:11:24, time: 0.137, data_time: 0.017, memory: 876, loss_rpn_cls: 0.1598, loss_rpn_bbox: 0.1517, loss_cls: 0.1340, acc: 97.1191, loss_bbox: 0.0939, loss: 0.5394
2020-11-09 15:07:18,962 - mmdet - INFO - Epoch [1][152/5544]	lr: 6.054e-03, eta: 12:09:56, time: 0.134, data_time: 0.015, memory: 876, loss_rpn_cls: 0.1802, loss_rpn_bbox: 0.0843, loss_cls: 0.1496, acc: 95.4590, loss_bbox: 0.1168, loss: 0.5309
2020-11-09 15:07:19,233 - mmdet - INFO - Epoch [1][154/5544]	lr: 6.134e-03, eta: 12:08:33, time: 0.135, data_time: 0.015, memory: 876, loss_rpn_cls: 0.2630, loss_rpn_bbox: 0.1105, loss_cls: 0.1550, acc: 95.4590, loss_bbox: 0.1300, loss: 0.6585
2020-11-09 15:07:19,515 - mmdet - INFO - Epoch [1][156/5544]	lr: 6.214e-03, eta: 12:07:36, time: 0.142, data_time: 0.016, memory: 876, loss_rpn_cls: 0.1654, loss_rpn_bbox: 0.1155, loss_cls: 0.2158, acc: 93.1641, loss_bbox: 0.1988, loss: 0.6955
2020-11-09 15:07:19,788 - mmdet - INFO - Epoch [1][158/5544]	lr: 6.294e-03, eta: 12:06:21, time: 0.136, data_time: 0.015, memory: 876, loss_rpn_cls: 0.1786, loss_rpn_bbox: 0.1016, loss_cls: 0.2368, acc: 93.0176, loss_bbox: 0.2611, loss: 0.7782
2020-11-09 15:07:20,050 - mmdet - INFO - Epoch [1][160/5544]	lr: 6.374e-03, eta: 12:04:50, time: 0.131, data_time: 0.014, memory: 876, loss_rpn_cls: 0.1369, loss_rpn_bbox: 0.1119, loss_cls: 0.1722, acc: 94.2871, loss_bbox: 0.1332, loss: 0.5541
2020-11-09 15:07:20,313 - mmdet - INFO - Epoch [1][162/5544]	lr: 6.454e-03, eta: 12:03:26, time: 0.133, data_time: 0.014, memory: 876, loss_rpn_cls: 0.2440, loss_rpn_bbox: 0.2317, loss_cls: 0.1416, acc: 95.7031, loss_bbox: 0.1592, loss: 0.7764
2020-11-09 15:07:20,582 - mmdet - INFO - Epoch [1][164/5544]	lr: 6.533e-03, eta: 12:02:21, time: 0.137, data_time: 0.013, memory: 876, loss_rpn_cls: 0.1210, loss_rpn_bbox: 0.0590, loss_cls: 0.1094, acc: 96.3379, loss_bbox: 0.1648, loss: 0.4541
2020-11-09 15:07:20,851 - mmdet - INFO - Epoch [1][166/5544]	lr: 6.613e-03, eta: 12:00:59, time: 0.132, data_time: 0.011, memory: 876, loss_rpn_cls: 0.1421, loss_rpn_bbox: 0.0710, loss_cls: 0.1795, acc: 93.2617, loss_bbox: 0.1994, loss: 0.5920
2020-11-09 15:07:21,152 - mmdet - INFO - Epoch [1][168/5544]	lr: 6.693e-03, eta: 12:00:38, time: 0.150, data_time: 0.013, memory: 876, loss_rpn_cls: 0.2226, loss_rpn_bbox: 0.1252, loss_cls: 0.3128, acc: 91.3086, loss_bbox: 0.1726, loss: 0.8333
2020-11-09 15:07:21,437 - mmdet - INFO - Epoch [1][170/5544]	lr: 6.773e-03, eta: 12:00:08, time: 0.147, data_time: 0.014, memory: 876, loss_rpn_cls: 0.1075, loss_rpn_bbox: 0.0639, loss_cls: 0.1760, acc: 95.8496, loss_bbox: 0.2037, loss: 0.5510
2020-11-09 15:07:21,732 - mmdet - INFO - Epoch [1][172/5544]	lr: 6.853e-03, eta: 11:59:26, time: 0.143, data_time: 0.009, memory: 876, loss_rpn_cls: 0.2530, loss_rpn_bbox: 0.0812, loss_cls: 0.1988, acc: 93.1641, loss_bbox: 0.1729, loss: 0.7059
2020-11-09 15:07:22,027 - mmdet - INFO - Epoch [1][174/5544]	lr: 6.933e-03, eta: 11:59:01, time: 0.148, data_time: 0.014, memory: 876, loss_rpn_cls: 0.1401, loss_rpn_bbox: 0.0996, loss_cls: 0.2199, acc: 93.5059, loss_bbox: 0.1824, loss: 0.6420
2020-11-09 15:07:22,289 - mmdet - INFO - Epoch [1][176/5544]	lr: 7.013e-03, eta: 11:57:38, time: 0.130, data_time: 0.013, memory: 876, loss_rpn_cls: 0.0872, loss_rpn_bbox: 0.0522, loss_cls: 0.1475, acc: 95.5566, loss_bbox: 0.1601, loss: 0.4470
2020-11-09 15:07:22,555 - mmdet - INFO - Epoch [1][178/5544]	lr: 7.093e-03, eta: 11:56:28, time: 0.133, data_time: 0.014, memory: 876, loss_rpn_cls: 0.1961, loss_rpn_bbox: 0.0777, loss_cls: 0.2057, acc: 93.2617, loss_bbox: 0.1796, loss: 0.6590
2020-11-09 15:07:22,822 - mmdet - INFO - Epoch [1][180/5544]	lr: 7.173e-03, eta: 11:55:19, time: 0.133, data_time: 0.014, memory: 876, loss_rpn_cls: 0.2491, loss_rpn_bbox: 0.1620, loss_cls: 0.1825, acc: 94.5312, loss_bbox: 0.1574, loss: 0.7510
2020-11-09 15:07:23,094 - mmdet - INFO - Epoch [1][182/5544]	lr: 7.253e-03, eta: 11:54:21, time: 0.136, data_time: 0.016, memory: 876, loss_rpn_cls: 0.1670, loss_rpn_bbox: 0.1371, loss_cls: 0.1542, acc: 94.6289, loss_bbox: 0.1267, loss: 0.5850
2020-11-09 15:07:23,358 - mmdet - INFO - Epoch [1][184/5544]	lr: 7.333e-03, eta: 11:53:10, time: 0.131, data_time: 0.014, memory: 876, loss_rpn_cls: 0.1797, loss_rpn_bbox: 0.1115, loss_cls: 0.2052, acc: 93.1641, loss_bbox: 0.2022, loss: 0.6986
2020-11-09 15:07:23,620 - mmdet - INFO - Epoch [1][186/5544]	lr: 7.413e-03, eta: 11:52:07, time: 0.133, data_time: 0.015, memory: 876, loss_rpn_cls: 0.2044, loss_rpn_bbox: 0.0450, loss_cls: 0.2002, acc: 93.2129, loss_bbox: 0.1891, loss: 0.6387
2020-11-09 15:07:23,889 - mmdet - INFO - Epoch [1][188/5544]	lr: 7.493e-03, eta: 11:51:05, time: 0.133, data_time: 0.014, memory: 876, loss_rpn_cls: 0.1441, loss_rpn_bbox: 0.0556, loss_cls: 0.1513, acc: 94.8242, loss_bbox: 0.1797, loss: 0.5308
2020-11-09 15:07:24,155 - mmdet - INFO - Epoch [1][190/5544]	lr: 7.572e-03, eta: 11:50:04, time: 0.133, data_time: 0.015, memory: 876, loss_rpn_cls: 0.1004, loss_rpn_bbox: 0.0879, loss_cls: 0.2055, acc: 94.0918, loss_bbox: 0.2417, loss: 0.6354
2020-11-09 15:07:24,430 - mmdet - INFO - Epoch [1][192/5544]	lr: 7.652e-03, eta: 11:49:17, time: 0.138, data_time: 0.014, memory: 876, loss_rpn_cls: 0.3611, loss_rpn_bbox: 0.1631, loss_cls: 0.3252, acc: 89.7461, loss_bbox: 0.2400, loss: 1.0893
2020-11-09 15:07:24,686 - mmdet - INFO - Epoch [1][194/5544]	lr: 7.732e-03, eta: 11:48:03, time: 0.128, data_time: 0.013, memory: 876, loss_rpn_cls: 0.1032, loss_rpn_bbox: 0.0369, loss_cls: 0.1997, acc: 96.2891, loss_bbox: 0.1289, loss: 0.4686
2020-11-09 15:07:24,941 - mmdet - INFO - Epoch [1][196/5544]	lr: 7.812e-03, eta: 11:46:53, time: 0.129, data_time: 0.013, memory: 876, loss_rpn_cls: 0.1861, loss_rpn_bbox: 0.1397, loss_cls: 0.1585, acc: 96.3867, loss_bbox: 0.1177, loss: 0.6021
2020-11-09 15:07:25,204 - mmdet - INFO - Epoch [1][198/5544]	lr: 7.892e-03, eta: 11:45:58, time: 0.133, data_time: 0.013, memory: 876, loss_rpn_cls: 0.1842, loss_rpn_bbox: 0.0969, loss_cls: 0.1916, acc: 94.8242, loss_bbox: 0.1282, loss: 0.6009
2020-11-09 15:07:25,468 - mmdet - INFO - Epoch [1][200/5544]	lr: 7.972e-03, eta: 11:45:00, time: 0.132, data_time: 0.011, memory: 876, loss_rpn_cls: 0.1968, loss_rpn_bbox: 0.1017, loss_cls: 0.2609, acc: 93.6523, loss_bbox: 0.1928, loss: 0.7522
2020-11-09 15:07:25,732 - mmdet - INFO - Epoch [1][202/5544]	lr: 8.052e-03, eta: 11:43:53, time: 0.128, data_time: 0.011, memory: 876, loss_rpn_cls: 0.1223, loss_rpn_bbox: 0.0910, loss_cls: 0.0955, acc: 96.9238, loss_bbox: 0.1485, loss: 0.4574
2020-11-09 15:07:25,992 - mmdet - INFO - Epoch [1][204/5544]	lr: 8.132e-03, eta: 11:42:52, time: 0.130, data_time: 0.015, memory: 876, loss_rpn_cls: 0.1076, loss_rpn_bbox: 0.0565, loss_cls: 0.1780, acc: 94.0430, loss_bbox: 0.1957, loss: 0.5378
2020-11-09 15:07:26,249 - mmdet - INFO - Epoch [1][206/5544]	lr: 8.212e-03, eta: 11:41:49, time: 0.129, data_time: 0.014, memory: 876, loss_rpn_cls: 0.1864, loss_rpn_bbox: 0.0997, loss_cls: 0.1633, acc: 94.9707, loss_bbox: 0.1853, loss: 0.6347
2020-11-09 15:07:26,512 - mmdet - INFO - Epoch [1][208/5544]	lr: 8.292e-03, eta: 11:40:55, time: 0.132, data_time: 0.014, memory: 876, loss_rpn_cls: 0.1692, loss_rpn_bbox: 0.0946, loss_cls: 0.1751, acc: 94.1406, loss_bbox: 0.1950, loss: 0.6338
