2020-11-18 23:47:28,684 - mmdet - INFO - Environment info:
------------------------------------------------------------
sys.platform: linux
Python: 3.6.4 |Anaconda, Inc.| (default, Jan 16 2018, 18:10:19) [GCC 7.2.0]
CUDA available: True
CUDA_HOME: /usr/local/cuda
NVCC: Cuda compilation tools, release 10.0, V10.0.130
GPU 0: Tesla P100-PCIE-16GB
GCC: gcc (GCC) 5.3.0
PyTorch: 1.3.1+cu100
PyTorch compiling details: PyTorch built with:
  - GCC 7.3
  - Intel(R) Math Kernel Library Version 2019.0.4 Product Build 20190411 for Intel(R) 64 architecture applications
  - Intel(R) MKL-DNN v0.20.5 (Git Hash 0125f28c61c1f822fd48570b4c1066f96fcb9b2e)
  - OpenMP 201511 (a.k.a. OpenMP 4.5)
  - NNPACK is enabled
  - CUDA Runtime 10.0
  - NVCC architecture flags: -gencode;arch=compute_37,code=sm_37;-gencode;arch=compute_50,code=sm_50;-gencode;arch=compute_60,code=sm_60;-gencode;arch=compute_61,code=sm_61;-gencode;arch=compute_70,code=sm_70;-gencode;arch=compute_75,code=sm_75;-gencode;arch=compute_37,code=compute_37
  - CuDNN 7.6.3
  - Magma 2.5.1
  - Build settings: BLAS=MKL, BUILD_NAMEDTENSOR=OFF, BUILD_TYPE=Release, CXX_FLAGS= -Wno-deprecated -fvisibility-inlines-hidden -fopenmp -DUSE_FBGEMM -DUSE_QNNPACK -DUSE_PYTORCH_QNNPACK -O2 -fPIC -Wno-narrowing -Wall -Wextra -Wno-missing-field-initializers -Wno-type-limits -Wno-array-bounds -Wno-unknown-pragmas -Wno-sign-compare -Wno-unused-parameter -Wno-unused-variable -Wno-unused-function -Wno-unused-result -Wno-strict-overflow -Wno-strict-aliasing -Wno-error=deprecated-declarations -Wno-stringop-overflow -Wno-error=pedantic -Wno-error=redundant-decls -Wno-error=old-style-cast -fdiagnostics-color=always -faligned-new -Wno-unused-but-set-variable -Wno-maybe-uninitialized -fno-math-errno -fno-trapping-math -Wno-stringop-overflow, DISABLE_NUMA=1, PERF_WITH_AVX=1, PERF_WITH_AVX2=1, PERF_WITH_AVX512=1, USE_CUDA=True, USE_EXCEPTION_PTR=1, USE_GFLAGS=OFF, USE_GLOG=OFF, USE_MKL=ON, USE_MKLDNN=ON, USE_MPI=OFF, USE_NCCL=ON, USE_NNPACK=ON, USE_OPENMP=ON, USE_STATIC_DISPATCH=OFF, 

TorchVision: 0.4.2+cu100
OpenCV: 4.4.0
MMCV: 1.0.5
MMDetection: 2.3.0+788fa8d
MMDetection Compiler: GCC 7.3
MMDetection CUDA Compiler: 10.0
------------------------------------------------------------

2020-11-18 23:47:28,685 - mmdet - INFO - Distributed training: False
2020-11-18 23:47:29,080 - mmdet - INFO - Config:
model = dict(
    type='FasterRCNN',
    pretrained='torchvision://resnet50',
    backbone=dict(
        type='ResNet',
        depth=50,
        num_stages=4,
        out_indices=(0, 1, 2, 3),
        frozen_stages=1,
        norm_cfg=dict(type='BN', requires_grad=True),
        norm_eval=True,
        style='pytorch'),
    neck=dict(
        type='FPN',
        in_channels=[256, 512, 1024, 2048],
        out_channels=256,
        num_outs=5),
    rpn_head=dict(
        type='RPNHead',
        in_channels=256,
        feat_channels=256,
        anchor_generator=dict(
            type='AnchorGenerator',
            scales=[8],
            ratios=[0.5, 1.0, 2.0],
            strides=[4, 8, 16, 32, 64]),
        bbox_coder=dict(
            type='DeltaXYWHBBoxCoder',
            target_means=[0.0, 0.0, 0.0, 0.0],
            target_stds=[1.0, 1.0, 1.0, 1.0]),
        loss_cls=dict(
            type='CrossEntropyLoss', use_sigmoid=True, loss_weight=1.0),
        loss_bbox=dict(type='L1Loss', loss_weight=1.0)),
    roi_head=dict(
        type='StandardRoIHead',
        bbox_roi_extractor=dict(
            type='SingleRoIExtractor',
            roi_layer=dict(type='RoIAlign', output_size=7, sampling_ratio=0),
            out_channels=256,
            featmap_strides=[4, 8, 16, 32]),
        bbox_head=dict(
            type='Shared2FCBBoxHead',
            in_channels=256,
            fc_out_channels=1024,
            roi_feat_size=7,
            num_classes=2,
            bbox_coder=dict(
                type='DeltaXYWHBBoxCoder',
                target_means=[0.0, 0.0, 0.0, 0.0],
                target_stds=[0.1, 0.1, 0.2, 0.2]),
            reg_class_agnostic=False,
            loss_cls=dict(
                type='CrossEntropyLoss', use_sigmoid=False, loss_weight=1.0),
            loss_bbox=dict(type='L1Loss', loss_weight=1.0))))
train_cfg = dict(
    rpn=dict(
        assigner=dict(
            type='MaxIoUAssigner',
            pos_iou_thr=0.7,
            neg_iou_thr=0.3,
            min_pos_iou=0.3,
            match_low_quality=True,
            ignore_iof_thr=-1),
        sampler=dict(
            type='RandomSampler',
            num=256,
            pos_fraction=0.5,
            neg_pos_ub=-1,
            add_gt_as_proposals=False),
        allowed_border=-1,
        pos_weight=-1,
        debug=False),
    rpn_proposal=dict(
        nms_across_levels=False,
        nms_pre=2000,
        nms_post=1000,
        max_num=1000,
        nms_thr=0.7,
        min_bbox_size=0),
    rcnn=dict(
        assigner=dict(
            type='MaxIoUAssigner',
            pos_iou_thr=0.5,
            neg_iou_thr=0.5,
            min_pos_iou=0.5,
            match_low_quality=False,
            ignore_iof_thr=-1),
        sampler=dict(
            type='RandomSampler',
            num=512,
            pos_fraction=0.25,
            neg_pos_ub=-1,
            add_gt_as_proposals=True),
        pos_weight=-1,
        debug=False))
test_cfg = dict(
    rpn=dict(
        nms_across_levels=False,
        nms_pre=1000,
        nms_post=1000,
        max_num=1000,
        nms_thr=0.7,
        min_bbox_size=0),
    rcnn=dict(
        score_thr=0.05,
        nms=dict(type='nms', iou_threshold=0.5),
        max_per_img=100))
dataset_type = 'CocoDataset'
data_root = 'data/coco/'
img_norm_cfg = dict(
    mean=[123.675, 116.28, 103.53], std=[58.395, 57.12, 57.375], to_rgb=True)
train_pipeline = [
    dict(type='LoadImageFromFile'),
    dict(type='LoadAnnotations', with_bbox=True),
    dict(type='Resize', img_scale=(1550, 1550), keep_ratio=True),
    dict(type='RandomFlip', flip_ratio=0.5),
    dict(
        type='Normalize',
        mean=[123.675, 116.28, 103.53],
        std=[58.395, 57.12, 57.375],
        to_rgb=True),
    dict(type='Pad', size_divisor=32),
    dict(type='DefaultFormatBundle'),
    dict(type='Collect', keys=['img', 'gt_bboxes', 'gt_labels'])
]
test_pipeline = [
    dict(type='LoadImageFromFile'),
    dict(
        type='MultiScaleFlipAug',
        img_scale=(1550, 1550),
        flip=False,
        transforms=[
            dict(type='Resize', keep_ratio=True),
            dict(type='RandomFlip'),
            dict(
                type='Normalize',
                mean=[123.675, 116.28, 103.53],
                std=[58.395, 57.12, 57.375],
                to_rgb=True),
            dict(type='Pad', size_divisor=32),
            dict(type='ImageToTensor', keys=['img']),
            dict(type='Collect', keys=['img'])
        ])
]
data = dict(
    samples_per_gpu=2,
    workers_per_gpu=2,
    train=dict(
        type='CocoDataset',
        ann_file='data/coco/annotations/annotations_trai.json',
        img_prefix='data/coco/img/',
        pipeline=[
            dict(type='LoadImageFromFile'),
            dict(type='LoadAnnotations', with_bbox=True),
            dict(type='Resize', img_scale=(1550, 1550), keep_ratio=True),
            dict(type='RandomFlip', flip_ratio=0.5),
            dict(
                type='Normalize',
                mean=[123.675, 116.28, 103.53],
                std=[58.395, 57.12, 57.375],
                to_rgb=True),
            dict(type='Pad', size_divisor=32),
            dict(type='DefaultFormatBundle'),
            dict(type='Collect', keys=['img', 'gt_bboxes', 'gt_labels'])
        ]),
    val=dict(
        type='CocoDataset',
        ann_file='data/coco/annotations/annotations_test.json',
        img_prefix='data/coco/img/',
        pipeline=[
            dict(type='LoadImageFromFile'),
            dict(
                type='MultiScaleFlipAug',
                img_scale=(1550, 1550),
                flip=False,
                transforms=[
                    dict(type='Resize', keep_ratio=True),
                    dict(type='RandomFlip'),
                    dict(
                        type='Normalize',
                        mean=[123.675, 116.28, 103.53],
                        std=[58.395, 57.12, 57.375],
                        to_rgb=True),
                    dict(type='Pad', size_divisor=32),
                    dict(type='ImageToTensor', keys=['img']),
                    dict(type='Collect', keys=['img'])
                ])
        ]),
    test=dict(
        type='CocoDataset',
        ann_file='data/coco/annotations/annotations_vals.json',
        img_prefix='data/coco/img/',
        pipeline=[
            dict(type='LoadImageFromFile'),
            dict(
                type='MultiScaleFlipAug',
                img_scale=(1550, 1550),
                flip=False,
                transforms=[
                    dict(type='Resize', keep_ratio=True),
                    dict(type='RandomFlip'),
                    dict(
                        type='Normalize',
                        mean=[123.675, 116.28, 103.53],
                        std=[58.395, 57.12, 57.375],
                        to_rgb=True),
                    dict(type='Pad', size_divisor=32),
                    dict(type='ImageToTensor', keys=['img']),
                    dict(type='Collect', keys=['img'])
                ])
        ]))
evaluation = dict(interval=1, metric='bbox')
optimizer = dict(type='SGD', lr=0.01, momentum=0.9, weight_decay=0.0001)
optimizer_config = dict(grad_clip=None)
lr_config = dict(
    policy='step',
    warmup='linear',
    warmup_iters=500,
    warmup_ratio=0.001,
    step=[8, 11])
total_epochs = 4
checkpoint_config = dict(interval=4)
log_config = dict(interval=100, hooks=[dict(type='TextLoggerHook')])
dist_params = dict(backend='nccl')
log_level = 'INFO'
load_from = '/home/admin/.cache/torch/checkpoints/X.pth'
resume_from = None
workflow = [('train', 2), ('val', 1)]
work_dir = '/home/admin/jupyter/SecurityAI_Round5/data/work'
gpu_ids = range(0, 1)

2020-11-18 23:47:29,574 - mmdet - INFO - load model from: torchvision://resnet50
2020-11-18 23:47:37,494 - mmdet - WARNING - The model and loaded state dict do not match exactly

unexpected key in source state_dict: fc.weight, fc.bias

2020-11-18 23:47:47,803 - mmdet - INFO - load checkpoint from /home/admin/.cache/torch/checkpoints/X.pth
2020-11-18 23:47:54,664 - mmdet - INFO - Start running, host: admin@fuxilabor_labor0_S4_Odps_S96_dsw_prepaid_cnsh_838_2020111813282, work_dir: /home/admin/jupyter/SecurityAI_Round5/data/work
2020-11-18 23:47:54,664 - mmdet - INFO - workflow: [('train', 2), ('val', 1)], max: 4 epochs
2020-11-18 23:49:11,869 - mmdet - INFO - Epoch [1][100/621]	lr: 1.988e-03, eta: 0:30:35, time: 0.770, data_time: 0.034, memory: 9821, loss_rpn_cls: 0.0069, loss_rpn_bbox: 0.0423, loss_cls: 0.0486, acc: 98.0117, loss_bbox: 0.1043, loss: 0.2021
2020-11-18 23:50:26,768 - mmdet - INFO - Epoch [1][200/621]	lr: 3.986e-03, eta: 0:28:54, time: 0.749, data_time: 0.012, memory: 9993, loss_rpn_cls: 0.0057, loss_rpn_bbox: 0.0401, loss_cls: 0.0541, acc: 97.7871, loss_bbox: 0.1146, loss: 0.2146
2020-11-18 23:51:42,035 - mmdet - INFO - Epoch [1][300/621]	lr: 5.984e-03, eta: 0:27:33, time: 0.753, data_time: 0.013, memory: 10051, loss_rpn_cls: 0.0043, loss_rpn_bbox: 0.0404, loss_cls: 0.0523, acc: 97.8330, loss_bbox: 0.1071, loss: 0.2041
2020-11-18 23:52:56,637 - mmdet - INFO - Epoch [1][400/621]	lr: 7.982e-03, eta: 0:26:12, time: 0.746, data_time: 0.012, memory: 10051, loss_rpn_cls: 0.0027, loss_rpn_bbox: 0.0381, loss_cls: 0.0398, acc: 98.3633, loss_bbox: 0.0971, loss: 0.1776
2020-11-18 23:54:11,192 - mmdet - INFO - Epoch [1][500/621]	lr: 9.980e-03, eta: 0:24:53, time: 0.746, data_time: 0.012, memory: 10051, loss_rpn_cls: 0.0045, loss_rpn_bbox: 0.0432, loss_cls: 0.0400, acc: 98.3818, loss_bbox: 0.0903, loss: 0.1781
2020-11-18 23:55:25,879 - mmdet - INFO - Epoch [1][600/621]	lr: 1.000e-02, eta: 0:23:36, time: 0.747, data_time: 0.012, memory: 10051, loss_rpn_cls: 0.0062, loss_rpn_bbox: 0.0472, loss_cls: 0.0571, acc: 97.6074, loss_bbox: 0.1151, loss: 0.2256
2020-11-18 23:56:07,637 - mmdet - INFO - Evaluating bbox...
2020-11-18 23:56:09,388 - mmdet - INFO - Epoch [1][621/621]	lr: 1.000e-02, bbox_mAP: 0.8180, bbox_mAP_50: 0.9070, bbox_mAP_75: 0.8850, bbox_mAP_s: 0.5270, bbox_mAP_m: 0.8100, bbox_mAP_l: 0.8920, bbox_mAP_copypaste: 0.818 0.907 0.885 0.527 0.810 0.892
2020-11-18 23:57:26,628 - mmdet - INFO - Epoch [2][100/621]	lr: 1.000e-02, eta: 0:21:31, time: 0.770, data_time: 0.034, memory: 11911, loss_rpn_cls: 0.0046, loss_rpn_bbox: 0.0465, loss_cls: 0.0438, acc: 98.2021, loss_bbox: 0.1050, loss: 0.2000
2020-11-18 23:58:41,155 - mmdet - INFO - Epoch [2][200/621]	lr: 1.000e-02, eta: 0:20:20, time: 0.745, data_time: 0.012, memory: 11911, loss_rpn_cls: 0.0075, loss_rpn_bbox: 0.0454, loss_cls: 0.0458, acc: 98.1650, loss_bbox: 0.1058, loss: 0.2045
2020-11-18 23:59:55,901 - mmdet - INFO - Epoch [2][300/621]	lr: 1.000e-02, eta: 0:19:09, time: 0.747, data_time: 0.012, memory: 11911, loss_rpn_cls: 0.0054, loss_rpn_bbox: 0.0470, loss_cls: 0.0590, acc: 97.5312, loss_bbox: 0.1279, loss: 0.2393
2020-11-19 00:01:10,721 - mmdet - INFO - Epoch [2][400/621]	lr: 1.000e-02, eta: 0:17:57, time: 0.748, data_time: 0.012, memory: 11911, loss_rpn_cls: 0.0066, loss_rpn_bbox: 0.0474, loss_cls: 0.0522, acc: 97.8193, loss_bbox: 0.1038, loss: 0.2101
2020-11-19 00:02:25,554 - mmdet - INFO - Epoch [2][500/621]	lr: 1.000e-02, eta: 0:16:45, time: 0.748, data_time: 0.012, memory: 11911, loss_rpn_cls: 0.0040, loss_rpn_bbox: 0.0464, loss_cls: 0.0544, acc: 97.6318, loss_bbox: 0.1155, loss: 0.2203
2020-11-19 00:03:40,481 - mmdet - INFO - Epoch [2][600/621]	lr: 1.000e-02, eta: 0:15:32, time: 0.749, data_time: 0.012, memory: 11911, loss_rpn_cls: 0.0042, loss_rpn_bbox: 0.0478, loss_cls: 0.0538, acc: 97.7695, loss_bbox: 0.1151, loss: 0.2209
2020-11-19 00:04:22,318 - mmdet - INFO - Evaluating bbox...
2020-11-19 00:04:24,366 - mmdet - INFO - Epoch [2][621/621]	lr: 1.000e-02, bbox_mAP: 0.8130, bbox_mAP_50: 0.9020, bbox_mAP_75: 0.8790, bbox_mAP_s: 0.5180, bbox_mAP_m: 0.7970, bbox_mAP_l: 0.8820, bbox_mAP_copypaste: 0.813 0.902 0.879 0.518 0.797 0.882
2020-11-19 00:04:56,719 - mmdet - INFO - Epoch(train) [2][81]	loss_rpn_cls: 0.0059, loss_rpn_bbox: 0.0531, loss_cls: 0.0520, acc: 97.8455, loss_bbox: 0.1146, loss: 0.2256
2020-11-19 00:06:13,831 - mmdet - INFO - Epoch [3][100/621]	lr: 1.000e-02, eta: 0:13:52, time: 0.769, data_time: 0.034, memory: 11911, loss_rpn_cls: 0.0054, loss_rpn_bbox: 0.0457, loss_cls: 0.0486, acc: 98.0586, loss_bbox: 0.1065, loss: 0.2062
2020-11-19 00:07:28,652 - mmdet - INFO - Epoch [3][200/621]	lr: 1.000e-02, eta: 0:12:41, time: 0.748, data_time: 0.012, memory: 11911, loss_rpn_cls: 0.0041, loss_rpn_bbox: 0.0420, loss_cls: 0.0458, acc: 98.1123, loss_bbox: 0.1086, loss: 0.2006
2020-11-19 00:08:43,706 - mmdet - INFO - Epoch [3][300/621]	lr: 1.000e-02, eta: 0:11:29, time: 0.751, data_time: 0.012, memory: 11911, loss_rpn_cls: 0.0056, loss_rpn_bbox: 0.0528, loss_cls: 0.0587, acc: 97.5371, loss_bbox: 0.1297, loss: 0.2468
2020-11-19 00:09:58,455 - mmdet - INFO - Epoch [3][400/621]	lr: 1.000e-02, eta: 0:10:17, time: 0.747, data_time: 0.012, memory: 11911, loss_rpn_cls: 0.0070, loss_rpn_bbox: 0.0424, loss_cls: 0.0569, acc: 97.6484, loss_bbox: 0.1163, loss: 0.2226
2020-11-19 00:11:12,898 - mmdet - INFO - Epoch [3][500/621]	lr: 1.000e-02, eta: 0:09:04, time: 0.744, data_time: 0.012, memory: 11911, loss_rpn_cls: 0.0145, loss_rpn_bbox: 0.0513, loss_cls: 0.0700, acc: 97.3584, loss_bbox: 0.1255, loss: 0.2613
2020-11-19 00:12:27,682 - mmdet - INFO - Epoch [3][600/621]	lr: 1.000e-02, eta: 0:07:51, time: 0.748, data_time: 0.012, memory: 11911, loss_rpn_cls: 0.0087, loss_rpn_bbox: 0.0559, loss_cls: 0.0715, acc: 96.9990, loss_bbox: 0.1341, loss: 0.2703
2020-11-19 00:13:09,380 - mmdet - INFO - Evaluating bbox...
2020-11-19 00:13:11,059 - mmdet - INFO - Epoch [3][621/621]	lr: 1.000e-02, bbox_mAP: 0.8140, bbox_mAP_50: 0.9010, bbox_mAP_75: 0.8760, bbox_mAP_s: 0.5170, bbox_mAP_m: 0.8070, bbox_mAP_l: 0.8830, bbox_mAP_copypaste: 0.814 0.901 0.876 0.517 0.807 0.883
2020-11-19 00:14:28,235 - mmdet - INFO - Epoch [4][100/621]	lr: 1.000e-02, eta: 0:06:19, time: 0.770, data_time: 0.034, memory: 11911, loss_rpn_cls: 0.0054, loss_rpn_bbox: 0.0464, loss_cls: 0.0499, acc: 97.9863, loss_bbox: 0.1126, loss: 0.2142
2020-11-19 00:15:43,419 - mmdet - INFO - Epoch [4][200/621]	lr: 1.000e-02, eta: 0:05:07, time: 0.752, data_time: 0.012, memory: 11911, loss_rpn_cls: 0.0124, loss_rpn_bbox: 0.0470, loss_cls: 0.0579, acc: 97.6670, loss_bbox: 0.1061, loss: 0.2234
2020-11-19 00:16:57,992 - mmdet - INFO - Epoch [4][300/621]	lr: 1.000e-02, eta: 0:03:54, time: 0.746, data_time: 0.012, memory: 11911, loss_rpn_cls: 0.0058, loss_rpn_bbox: 0.0472, loss_cls: 0.0534, acc: 97.8203, loss_bbox: 0.1214, loss: 0.2278
2020-11-19 00:18:12,750 - mmdet - INFO - Epoch [4][400/621]	lr: 1.000e-02, eta: 0:02:41, time: 0.748, data_time: 0.012, memory: 11911, loss_rpn_cls: 0.0053, loss_rpn_bbox: 0.0498, loss_cls: 0.0573, acc: 97.6143, loss_bbox: 0.1261, loss: 0.2384
2020-11-19 00:19:27,263 - mmdet - INFO - Epoch [4][500/621]	lr: 1.000e-02, eta: 0:01:28, time: 0.745, data_time: 0.012, memory: 11911, loss_rpn_cls: 0.0066, loss_rpn_bbox: 0.0485, loss_cls: 0.0535, acc: 97.7920, loss_bbox: 0.1179, loss: 0.2264
2020-11-19 00:20:41,915 - mmdet - INFO - Epoch [4][600/621]	lr: 1.000e-02, eta: 0:00:15, time: 0.747, data_time: 0.012, memory: 11911, loss_rpn_cls: 0.0078, loss_rpn_bbox: 0.0480, loss_cls: 0.0567, acc: 97.6162, loss_bbox: 0.1154, loss: 0.2279
2020-11-19 00:20:57,524 - mmdet - INFO - Saving checkpoint at 4 epochs
2020-11-19 00:21:26,848 - mmdet - INFO - Evaluating bbox...
2020-11-19 00:21:28,730 - mmdet - INFO - Epoch [4][621/621]	lr: 1.000e-02, bbox_mAP: 0.8210, bbox_mAP_50: 0.9060, bbox_mAP_75: 0.8810, bbox_mAP_s: 0.5200, bbox_mAP_m: 0.8170, bbox_mAP_l: 0.8940, bbox_mAP_copypaste: 0.821 0.906 0.881 0.520 0.817 0.894
2020-11-19 00:22:01,068 - mmdet - INFO - Epoch(train) [4][81]	loss_rpn_cls: 0.0053, loss_rpn_bbox: 0.0476, loss_cls: 0.0527, acc: 97.8359, loss_bbox: 0.1093, loss: 0.2149
