2020-11-24 11:43:32,597 - mmdet - INFO - Environment info:
------------------------------------------------------------
sys.platform: linux
Python: 3.6.4 |Anaconda, Inc.| (default, Jan 16 2018, 18:10:19) [GCC 7.2.0]
CUDA available: True
CUDA_HOME: /usr/local/cuda
NVCC: Cuda compilation tools, release 10.0, V10.0.130
GPU 0: Tesla P100-PCIE-16GB
GCC: gcc (GCC) 5.3.0
PyTorch: 1.3.1+cu100
PyTorch compiling details: PyTorch built with:
  - GCC 7.3
  - Intel(R) Math Kernel Library Version 2019.0.4 Product Build 20190411 for Intel(R) 64 architecture applications
  - Intel(R) MKL-DNN v0.20.5 (Git Hash 0125f28c61c1f822fd48570b4c1066f96fcb9b2e)
  - OpenMP 201511 (a.k.a. OpenMP 4.5)
  - NNPACK is enabled
  - CUDA Runtime 10.0
  - NVCC architecture flags: -gencode;arch=compute_37,code=sm_37;-gencode;arch=compute_50,code=sm_50;-gencode;arch=compute_60,code=sm_60;-gencode;arch=compute_61,code=sm_61;-gencode;arch=compute_70,code=sm_70;-gencode;arch=compute_75,code=sm_75;-gencode;arch=compute_37,code=compute_37
  - CuDNN 7.6.3
  - Magma 2.5.1
  - Build settings: BLAS=MKL, BUILD_NAMEDTENSOR=OFF, BUILD_TYPE=Release, CXX_FLAGS= -Wno-deprecated -fvisibility-inlines-hidden -fopenmp -DUSE_FBGEMM -DUSE_QNNPACK -DUSE_PYTORCH_QNNPACK -O2 -fPIC -Wno-narrowing -Wall -Wextra -Wno-missing-field-initializers -Wno-type-limits -Wno-array-bounds -Wno-unknown-pragmas -Wno-sign-compare -Wno-unused-parameter -Wno-unused-variable -Wno-unused-function -Wno-unused-result -Wno-strict-overflow -Wno-strict-aliasing -Wno-error=deprecated-declarations -Wno-stringop-overflow -Wno-error=pedantic -Wno-error=redundant-decls -Wno-error=old-style-cast -fdiagnostics-color=always -faligned-new -Wno-unused-but-set-variable -Wno-maybe-uninitialized -fno-math-errno -fno-trapping-math -Wno-stringop-overflow, DISABLE_NUMA=1, PERF_WITH_AVX=1, PERF_WITH_AVX2=1, PERF_WITH_AVX512=1, USE_CUDA=True, USE_EXCEPTION_PTR=1, USE_GFLAGS=OFF, USE_GLOG=OFF, USE_MKL=ON, USE_MKLDNN=ON, USE_MPI=OFF, USE_NCCL=ON, USE_NNPACK=ON, USE_OPENMP=ON, USE_STATIC_DISPATCH=OFF, 

TorchVision: 0.4.2+cu100
OpenCV: 4.4.0
MMCV: 1.0.5
MMDetection: 2.3.0+788fa8d
MMDetection Compiler: GCC 7.3
MMDetection CUDA Compiler: 10.0
------------------------------------------------------------

2020-11-24 11:43:32,597 - mmdet - INFO - Distributed training: False
2020-11-24 11:43:32,996 - mmdet - INFO - Config:
model = dict(
    type='FasterRCNN',
    pretrained='torchvision://resnet50',
    backbone=dict(
        type='ResNet',
        depth=50,
        num_stages=4,
        out_indices=(0, 1, 2, 3),
        frozen_stages=1,
        norm_cfg=dict(type='BN', requires_grad=True),
        norm_eval=True,
        style='pytorch'),
    neck=dict(
        type='FPN',
        in_channels=[256, 512, 1024, 2048],
        out_channels=256,
        num_outs=5),
    rpn_head=dict(
        type='RPNHead',
        in_channels=256,
        feat_channels=256,
        anchor_generator=dict(
            type='AnchorGenerator',
            scales=[8],
            ratios=[0.5, 1.0, 2.0],
            strides=[4, 8, 16, 32, 64]),
        bbox_coder=dict(
            type='DeltaXYWHBBoxCoder',
            target_means=[0.0, 0.0, 0.0, 0.0],
            target_stds=[1.0, 1.0, 1.0, 1.0]),
        loss_cls=dict(
            type='CrossEntropyLoss', use_sigmoid=True, loss_weight=1.0),
        loss_bbox=dict(type='L1Loss', loss_weight=1.0)),
    roi_head=dict(
        type='StandardRoIHead',
        bbox_roi_extractor=dict(
            type='SingleRoIExtractor',
            roi_layer=dict(type='RoIAlign', output_size=7, sampling_ratio=0),
            out_channels=256,
            featmap_strides=[4, 8, 16, 32]),
        bbox_head=dict(
            type='Shared2FCBBoxHead',
            in_channels=256,
            fc_out_channels=1024,
            roi_feat_size=7,
            num_classes=2,
            bbox_coder=dict(
                type='DeltaXYWHBBoxCoder',
                target_means=[0.0, 0.0, 0.0, 0.0],
                target_stds=[0.1, 0.1, 0.2, 0.2]),
            reg_class_agnostic=False,
            loss_cls=dict(
                type='CrossEntropyLoss', use_sigmoid=False, loss_weight=1.0),
            loss_bbox=dict(type='L1Loss', loss_weight=1.0))))
train_cfg = dict(
    rpn=dict(
        assigner=dict(
            type='MaxIoUAssigner',
            pos_iou_thr=0.7,
            neg_iou_thr=0.3,
            min_pos_iou=0.3,
            match_low_quality=True,
            ignore_iof_thr=-1),
        sampler=dict(
            type='RandomSampler',
            num=256,
            pos_fraction=0.5,
            neg_pos_ub=-1,
            add_gt_as_proposals=False),
        allowed_border=-1,
        pos_weight=-1,
        debug=False),
    rpn_proposal=dict(
        nms_across_levels=False,
        nms_pre=2000,
        nms_post=1000,
        max_num=1000,
        nms_thr=0.7,
        min_bbox_size=0),
    rcnn=dict(
        assigner=dict(
            type='MaxIoUAssigner',
            pos_iou_thr=0.5,
            neg_iou_thr=0.5,
            min_pos_iou=0.5,
            match_low_quality=False,
            ignore_iof_thr=-1),
        sampler=dict(
            type='RandomSampler',
            num=512,
            pos_fraction=0.25,
            neg_pos_ub=-1,
            add_gt_as_proposals=True),
        pos_weight=-1,
        debug=False))
test_cfg = dict(
    rpn=dict(
        nms_across_levels=False,
        nms_pre=1000,
        nms_post=1000,
        max_num=1000,
        nms_thr=0.7,
        min_bbox_size=0),
    rcnn=dict(
        score_thr=0.05,
        nms=dict(type='nms', iou_threshold=0.5),
        max_per_img=100))
dataset_type = 'CocoDataset'
data_root = 'data/coco/'
img_norm_cfg = dict(
    mean=[123.675, 116.28, 103.53], std=[58.395, 57.12, 57.375], to_rgb=True)
train_pipeline = [
    dict(type='LoadImageFromFile'),
    dict(type='LoadAnnotations', with_bbox=True),
    dict(type='Resize', img_scale=(1550, 1550), keep_ratio=True),
    dict(type='RandomFlip', flip_ratio=0.5),
    dict(
        type='Normalize',
        mean=[123.675, 116.28, 103.53],
        std=[58.395, 57.12, 57.375],
        to_rgb=True),
    dict(type='Pad', size_divisor=32),
    dict(type='DefaultFormatBundle'),
    dict(type='Collect', keys=['img', 'gt_bboxes', 'gt_labels'])
]
test_pipeline = [
    dict(type='LoadImageFromFile'),
    dict(
        type='MultiScaleFlipAug',
        img_scale=(1550, 1550),
        flip=False,
        transforms=[
            dict(type='Resize', keep_ratio=True),
            dict(type='RandomFlip'),
            dict(
                type='Normalize',
                mean=[123.675, 116.28, 103.53],
                std=[58.395, 57.12, 57.375],
                to_rgb=True),
            dict(type='Pad', size_divisor=32),
            dict(type='ImageToTensor', keys=['img']),
            dict(type='Collect', keys=['img'])
        ])
]
data = dict(
    samples_per_gpu=2,
    workers_per_gpu=2,
    train=dict(
        type='CocoDataset',
        ann_file='data/coco/annotations/annotations_trai.json',
        img_prefix='data/coco/img/',
        pipeline=[
            dict(type='LoadImageFromFile'),
            dict(type='LoadAnnotations', with_bbox=True),
            dict(type='Resize', img_scale=(1550, 1550), keep_ratio=True),
            dict(type='RandomFlip', flip_ratio=0.5),
            dict(
                type='Normalize',
                mean=[123.675, 116.28, 103.53],
                std=[58.395, 57.12, 57.375],
                to_rgb=True),
            dict(type='Pad', size_divisor=32),
            dict(type='DefaultFormatBundle'),
            dict(type='Collect', keys=['img', 'gt_bboxes', 'gt_labels'])
        ]),
    val=dict(
        type='CocoDataset',
        ann_file='data/coco/annotations/annotations_test.json',
        img_prefix='data/coco/img/',
        pipeline=[
            dict(type='LoadImageFromFile'),
            dict(
                type='MultiScaleFlipAug',
                img_scale=(1550, 1550),
                flip=False,
                transforms=[
                    dict(type='Resize', keep_ratio=True),
                    dict(type='RandomFlip'),
                    dict(
                        type='Normalize',
                        mean=[123.675, 116.28, 103.53],
                        std=[58.395, 57.12, 57.375],
                        to_rgb=True),
                    dict(type='Pad', size_divisor=32),
                    dict(type='ImageToTensor', keys=['img']),
                    dict(type='Collect', keys=['img'])
                ])
        ]),
    test=dict(
        type='CocoDataset',
        ann_file='data/coco/annotations/annotations_vals.json',
        img_prefix='data/coco/img/',
        pipeline=[
            dict(type='LoadImageFromFile'),
            dict(
                type='MultiScaleFlipAug',
                img_scale=(1550, 1550),
                flip=False,
                transforms=[
                    dict(type='Resize', keep_ratio=True),
                    dict(type='RandomFlip'),
                    dict(
                        type='Normalize',
                        mean=[123.675, 116.28, 103.53],
                        std=[58.395, 57.12, 57.375],
                        to_rgb=True),
                    dict(type='Pad', size_divisor=32),
                    dict(type='ImageToTensor', keys=['img']),
                    dict(type='Collect', keys=['img'])
                ])
        ]))
evaluation = dict(interval=1, metric='bbox')
optimizer = dict(type='SGD', lr=0.01, momentum=0.9, weight_decay=0.0001)
optimizer_config = dict(grad_clip=None)
lr_config = dict(
    policy='step',
    warmup='linear',
    warmup_iters=500,
    warmup_ratio=0.001,
    step=[8, 11])
total_epochs = 4
checkpoint_config = dict(interval=4)
log_config = dict(interval=100, hooks=[dict(type='TextLoggerHook')])
dist_params = dict(backend='nccl')
log_level = 'INFO'
load_from = '/home/admin/.cache/torch/checkpoints/X.pth'
resume_from = None
workflow = [('train', 2), ('val', 1)]
work_dir = '/home/admin/jupyter/SecurityAI_Round5/data/work'
gpu_ids = range(0, 1)

2020-11-24 11:43:33,499 - mmdet - INFO - load model from: torchvision://resnet50
2020-11-24 11:43:41,383 - mmdet - WARNING - The model and loaded state dict do not match exactly

unexpected key in source state_dict: fc.weight, fc.bias

2020-11-24 11:43:51,919 - mmdet - INFO - load checkpoint from /home/admin/.cache/torch/checkpoints/X.pth
2020-11-24 11:43:58,618 - mmdet - INFO - Start running, host: admin@fuxilabor_labor0_S4_Odps_S96_dsw_prepaid_cnsh_838_2020112401190, work_dir: /home/admin/jupyter/SecurityAI_Round5/data/work
2020-11-24 11:43:58,618 - mmdet - INFO - workflow: [('train', 2), ('val', 1)], max: 4 epochs
2020-11-24 11:45:16,455 - mmdet - INFO - Epoch [1][100/618]	lr: 1.988e-03, eta: 0:30:41, time: 0.776, data_time: 0.034, memory: 10079, loss_rpn_cls: 0.0032, loss_rpn_bbox: 0.0262, loss_cls: 0.0361, acc: 98.5254, loss_bbox: 0.0725, loss: 0.1380
2020-11-24 11:46:31,473 - mmdet - INFO - Epoch [1][200/618]	lr: 3.986e-03, eta: 0:28:54, time: 0.750, data_time: 0.012, memory: 10079, loss_rpn_cls: 0.0019, loss_rpn_bbox: 0.0234, loss_cls: 0.0228, acc: 99.0693, loss_bbox: 0.0578, loss: 0.1059
2020-11-24 11:47:47,134 - mmdet - INFO - Epoch [1][300/618]	lr: 5.984e-03, eta: 0:27:33, time: 0.757, data_time: 0.012, memory: 11914, loss_rpn_cls: 0.0027, loss_rpn_bbox: 0.0225, loss_cls: 0.0280, acc: 98.8438, loss_bbox: 0.0633, loss: 0.1165
2020-11-24 11:49:02,113 - mmdet - INFO - Epoch [1][400/618]	lr: 7.982e-03, eta: 0:26:11, time: 0.750, data_time: 0.012, memory: 11914, loss_rpn_cls: 0.0018, loss_rpn_bbox: 0.0241, loss_cls: 0.0254, acc: 98.9014, loss_bbox: 0.0627, loss: 0.1140
2020-11-24 11:50:17,107 - mmdet - INFO - Epoch [1][500/618]	lr: 9.980e-03, eta: 0:24:51, time: 0.750, data_time: 0.012, memory: 11914, loss_rpn_cls: 0.0025, loss_rpn_bbox: 0.0259, loss_cls: 0.0290, acc: 98.7090, loss_bbox: 0.0632, loss: 0.1206
2020-11-24 11:51:31,822 - mmdet - INFO - Epoch [1][600/618]	lr: 1.000e-02, eta: 0:23:33, time: 0.747, data_time: 0.012, memory: 11914, loss_rpn_cls: 0.0021, loss_rpn_bbox: 0.0275, loss_cls: 0.0304, acc: 98.7285, loss_bbox: 0.0701, loss: 0.1301
2020-11-24 11:52:10,193 - mmdet - INFO - Evaluating bbox...
2020-11-24 11:52:11,552 - mmdet - INFO - Epoch [1][618/618]	lr: 1.000e-02, bbox_mAP: 0.8750, bbox_mAP_50: 0.9200, bbox_mAP_75: 0.9200, bbox_mAP_s: 0.6540, bbox_mAP_m: 0.9120, bbox_mAP_l: 0.9350, bbox_mAP_copypaste: 0.875 0.920 0.920 0.654 0.912 0.935
2020-11-24 11:53:28,841 - mmdet - INFO - Epoch [2][100/618]	lr: 1.000e-02, eta: 0:21:34, time: 0.771, data_time: 0.034, memory: 11914, loss_rpn_cls: 0.0024, loss_rpn_bbox: 0.0292, loss_cls: 0.0323, acc: 98.7031, loss_bbox: 0.0684, loss: 0.1323
2020-11-24 11:54:44,057 - mmdet - INFO - Epoch [2][200/618]	lr: 1.000e-02, eta: 0:20:23, time: 0.752, data_time: 0.012, memory: 11914, loss_rpn_cls: 0.0028, loss_rpn_bbox: 0.0319, loss_cls: 0.0383, acc: 98.3242, loss_bbox: 0.0761, loss: 0.1491
2020-11-24 11:55:59,123 - mmdet - INFO - Epoch [2][300/618]	lr: 1.000e-02, eta: 0:19:11, time: 0.751, data_time: 0.012, memory: 11914, loss_rpn_cls: 0.0020, loss_rpn_bbox: 0.0272, loss_cls: 0.0300, acc: 98.6904, loss_bbox: 0.0644, loss: 0.1236
2020-11-24 11:57:14,175 - mmdet - INFO - Epoch [2][400/618]	lr: 1.000e-02, eta: 0:17:58, time: 0.751, data_time: 0.012, memory: 11914, loss_rpn_cls: 0.0026, loss_rpn_bbox: 0.0258, loss_cls: 0.0243, acc: 99.0068, loss_bbox: 0.0656, loss: 0.1184
2020-11-24 11:58:29,025 - mmdet - INFO - Epoch [2][500/618]	lr: 1.000e-02, eta: 0:16:45, time: 0.748, data_time: 0.012, memory: 11914, loss_rpn_cls: 0.0018, loss_rpn_bbox: 0.0293, loss_cls: 0.0259, acc: 98.9561, loss_bbox: 0.0668, loss: 0.1238
2020-11-24 11:59:43,809 - mmdet - INFO - Epoch [2][600/618]	lr: 1.000e-02, eta: 0:15:31, time: 0.748, data_time: 0.012, memory: 11914, loss_rpn_cls: 0.0026, loss_rpn_bbox: 0.0294, loss_cls: 0.0333, acc: 98.4854, loss_bbox: 0.0707, loss: 0.1360
2020-11-24 12:00:22,210 - mmdet - INFO - Evaluating bbox...
2020-11-24 12:00:23,599 - mmdet - INFO - Epoch [2][618/618]	lr: 1.000e-02, bbox_mAP: 0.8700, bbox_mAP_50: 0.9200, bbox_mAP_75: 0.9200, bbox_mAP_s: 0.6430, bbox_mAP_m: 0.9060, bbox_mAP_l: 0.9300, bbox_mAP_copypaste: 0.870 0.920 0.920 0.643 0.906 0.930
2020-11-24 12:00:54,374 - mmdet - INFO - Epoch(train) [2][77]	loss_rpn_cls: 0.0022, loss_rpn_bbox: 0.0276, loss_cls: 0.0248, acc: 98.9829, loss_bbox: 0.0683, loss: 0.1229
2020-11-24 12:02:11,528 - mmdet - INFO - Epoch [3][100/618]	lr: 1.000e-02, eta: 0:13:55, time: 0.769, data_time: 0.034, memory: 11914, loss_rpn_cls: 0.0019, loss_rpn_bbox: 0.0294, loss_cls: 0.0241, acc: 98.9795, loss_bbox: 0.0680, loss: 0.1234
2020-11-24 12:03:26,278 - mmdet - INFO - Epoch [3][200/618]	lr: 1.000e-02, eta: 0:12:42, time: 0.747, data_time: 0.012, memory: 11914, loss_rpn_cls: 0.0052, loss_rpn_bbox: 0.0300, loss_cls: 0.0346, acc: 98.4395, loss_bbox: 0.0732, loss: 0.1430
2020-11-24 12:04:41,086 - mmdet - INFO - Epoch [3][300/618]	lr: 1.000e-02, eta: 0:11:29, time: 0.748, data_time: 0.012, memory: 11914, loss_rpn_cls: 0.0027, loss_rpn_bbox: 0.0292, loss_cls: 0.0313, acc: 98.6455, loss_bbox: 0.0760, loss: 0.1393
2020-11-24 12:05:56,012 - mmdet - INFO - Epoch [3][400/618]	lr: 1.000e-02, eta: 0:10:16, time: 0.749, data_time: 0.012, memory: 11914, loss_rpn_cls: 0.0028, loss_rpn_bbox: 0.0280, loss_cls: 0.0310, acc: 98.6074, loss_bbox: 0.0681, loss: 0.1299
2020-11-24 12:07:11,013 - mmdet - INFO - Epoch [3][500/618]	lr: 1.000e-02, eta: 0:09:03, time: 0.750, data_time: 0.012, memory: 11914, loss_rpn_cls: 0.0028, loss_rpn_bbox: 0.0297, loss_cls: 0.0361, acc: 98.4131, loss_bbox: 0.0783, loss: 0.1468
2020-11-24 12:08:26,131 - mmdet - INFO - Epoch [3][600/618]	lr: 1.000e-02, eta: 0:07:49, time: 0.751, data_time: 0.012, memory: 11914, loss_rpn_cls: 0.0033, loss_rpn_bbox: 0.0309, loss_cls: 0.0294, acc: 98.7705, loss_bbox: 0.0689, loss: 0.1324
2020-11-24 12:09:04,503 - mmdet - INFO - Evaluating bbox...
2020-11-24 12:09:05,879 - mmdet - INFO - Epoch [3][618/618]	lr: 1.000e-02, bbox_mAP: 0.8730, bbox_mAP_50: 0.9200, bbox_mAP_75: 0.9150, bbox_mAP_s: 0.6490, bbox_mAP_m: 0.9130, bbox_mAP_l: 0.9320, bbox_mAP_copypaste: 0.873 0.920 0.915 0.649 0.913 0.932
2020-11-24 12:10:23,387 - mmdet - INFO - Epoch [4][100/618]	lr: 1.000e-02, eta: 0:06:20, time: 0.773, data_time: 0.034, memory: 11914, loss_rpn_cls: 0.0034, loss_rpn_bbox: 0.0308, loss_cls: 0.0313, acc: 98.7412, loss_bbox: 0.0736, loss: 0.1390
2020-11-24 12:11:38,217 - mmdet - INFO - Epoch [4][200/618]	lr: 1.000e-02, eta: 0:05:07, time: 0.748, data_time: 0.012, memory: 11914, loss_rpn_cls: 0.0031, loss_rpn_bbox: 0.0272, loss_cls: 0.0305, acc: 98.7021, loss_bbox: 0.0712, loss: 0.1319
2020-11-24 12:12:53,218 - mmdet - INFO - Epoch [4][300/618]	lr: 1.000e-02, eta: 0:03:53, time: 0.750, data_time: 0.012, memory: 11914, loss_rpn_cls: 0.0020, loss_rpn_bbox: 0.0324, loss_cls: 0.0321, acc: 98.6494, loss_bbox: 0.0734, loss: 0.1399
2020-11-24 12:14:08,537 - mmdet - INFO - Epoch [4][400/618]	lr: 1.000e-02, eta: 0:02:40, time: 0.753, data_time: 0.012, memory: 11914, loss_rpn_cls: 0.0037, loss_rpn_bbox: 0.0319, loss_cls: 0.0397, acc: 98.2383, loss_bbox: 0.0740, loss: 0.1493
2020-11-24 12:15:23,417 - mmdet - INFO - Epoch [4][500/618]	lr: 1.000e-02, eta: 0:01:26, time: 0.749, data_time: 0.013, memory: 11914, loss_rpn_cls: 0.0028, loss_rpn_bbox: 0.0266, loss_cls: 0.0270, acc: 98.9619, loss_bbox: 0.0681, loss: 0.1244
2020-11-24 12:16:38,263 - mmdet - INFO - Epoch [4][600/618]	lr: 1.000e-02, eta: 0:00:13, time: 0.748, data_time: 0.012, memory: 11914, loss_rpn_cls: 0.0027, loss_rpn_bbox: 0.0275, loss_cls: 0.0285, acc: 98.7471, loss_bbox: 0.0705, loss: 0.1292
2020-11-24 12:16:51,540 - mmdet - INFO - Saving checkpoint at 4 epochs
2020-11-24 12:17:18,248 - mmdet - INFO - Evaluating bbox...
2020-11-24 12:17:19,647 - mmdet - INFO - Epoch [4][618/618]	lr: 1.000e-02, bbox_mAP: 0.8670, bbox_mAP_50: 0.9200, bbox_mAP_75: 0.9150, bbox_mAP_s: 0.6410, bbox_mAP_m: 0.8900, bbox_mAP_l: 0.9230, bbox_mAP_copypaste: 0.867 0.920 0.915 0.641 0.890 0.923
2020-11-24 12:17:50,573 - mmdet - INFO - Epoch(train) [4][77]	loss_rpn_cls: 0.0028, loss_rpn_bbox: 0.0269, loss_cls: 0.0285, acc: 98.8269, loss_bbox: 0.0722, loss: 0.1305
