2020-11-10 13:46:53,967 - mmdet - INFO - Environment info:
------------------------------------------------------------
sys.platform: linux
Python: 3.6.4 |Anaconda, Inc.| (default, Jan 16 2018, 18:10:19) [GCC 7.2.0]
CUDA available: True
CUDA_HOME: /usr/local/cuda
NVCC: Cuda compilation tools, release 10.0, V10.0.130
GPU 0: Tesla P100-PCIE-16GB
GCC: gcc (GCC) 5.3.0
PyTorch: 1.3.1+cu100
PyTorch compiling details: PyTorch built with:
  - GCC 7.3
  - Intel(R) Math Kernel Library Version 2019.0.4 Product Build 20190411 for Intel(R) 64 architecture applications
  - Intel(R) MKL-DNN v0.20.5 (Git Hash 0125f28c61c1f822fd48570b4c1066f96fcb9b2e)
  - OpenMP 201511 (a.k.a. OpenMP 4.5)
  - NNPACK is enabled
  - CUDA Runtime 10.0
  - NVCC architecture flags: -gencode;arch=compute_37,code=sm_37;-gencode;arch=compute_50,code=sm_50;-gencode;arch=compute_60,code=sm_60;-gencode;arch=compute_61,code=sm_61;-gencode;arch=compute_70,code=sm_70;-gencode;arch=compute_75,code=sm_75;-gencode;arch=compute_37,code=compute_37
  - CuDNN 7.6.3
  - Magma 2.5.1
  - Build settings: BLAS=MKL, BUILD_NAMEDTENSOR=OFF, BUILD_TYPE=Release, CXX_FLAGS= -Wno-deprecated -fvisibility-inlines-hidden -fopenmp -DUSE_FBGEMM -DUSE_QNNPACK -DUSE_PYTORCH_QNNPACK -O2 -fPIC -Wno-narrowing -Wall -Wextra -Wno-missing-field-initializers -Wno-type-limits -Wno-array-bounds -Wno-unknown-pragmas -Wno-sign-compare -Wno-unused-parameter -Wno-unused-variable -Wno-unused-function -Wno-unused-result -Wno-strict-overflow -Wno-strict-aliasing -Wno-error=deprecated-declarations -Wno-stringop-overflow -Wno-error=pedantic -Wno-error=redundant-decls -Wno-error=old-style-cast -fdiagnostics-color=always -faligned-new -Wno-unused-but-set-variable -Wno-maybe-uninitialized -fno-math-errno -fno-trapping-math -Wno-stringop-overflow, DISABLE_NUMA=1, PERF_WITH_AVX=1, PERF_WITH_AVX2=1, PERF_WITH_AVX512=1, USE_CUDA=True, USE_EXCEPTION_PTR=1, USE_GFLAGS=OFF, USE_GLOG=OFF, USE_MKL=ON, USE_MKLDNN=ON, USE_MPI=OFF, USE_NCCL=ON, USE_NNPACK=ON, USE_OPENMP=ON, USE_STATIC_DISPATCH=OFF, 

TorchVision: 0.4.2+cu100
OpenCV: 4.4.0
MMCV: 1.0.5
MMDetection: 2.3.0+788fa8d
MMDetection Compiler: GCC 7.3
MMDetection CUDA Compiler: 10.0
------------------------------------------------------------

2020-11-10 13:46:53,967 - mmdet - INFO - Distributed training: False
2020-11-10 13:46:54,371 - mmdet - INFO - Config:
model = dict(
    type='FasterRCNN',
    pretrained='torchvision://resnet50',
    backbone=dict(
        type='ResNet',
        depth=50,
        num_stages=4,
        out_indices=(0, 1, 2, 3),
        frozen_stages=1,
        norm_cfg=dict(type='BN', requires_grad=True),
        norm_eval=True,
        style='pytorch'),
    neck=dict(
        type='FPN',
        in_channels=[256, 512, 1024, 2048],
        out_channels=256,
        num_outs=5),
    rpn_head=dict(
        type='RPNHead',
        in_channels=256,
        feat_channels=256,
        anchor_generator=dict(
            type='AnchorGenerator',
            scales=[8],
            ratios=[0.5, 1.0, 2.0],
            strides=[4, 8, 16, 32, 64]),
        bbox_coder=dict(
            type='DeltaXYWHBBoxCoder',
            target_means=[0.0, 0.0, 0.0, 0.0],
            target_stds=[1.0, 1.0, 1.0, 1.0]),
        loss_cls=dict(
            type='CrossEntropyLoss', use_sigmoid=True, loss_weight=1.0),
        loss_bbox=dict(type='L1Loss', loss_weight=1.0)),
    roi_head=dict(
        type='StandardRoIHead',
        bbox_roi_extractor=dict(
            type='SingleRoIExtractor',
            roi_layer=dict(type='RoIAlign', output_size=7, sampling_ratio=0),
            out_channels=256,
            featmap_strides=[4, 8, 16, 32]),
        bbox_head=dict(
            type='Shared2FCBBoxHead',
            in_channels=256,
            fc_out_channels=1024,
            roi_feat_size=7,
            num_classes=2,
            bbox_coder=dict(
                type='DeltaXYWHBBoxCoder',
                target_means=[0.0, 0.0, 0.0, 0.0],
                target_stds=[0.1, 0.1, 0.2, 0.2]),
            reg_class_agnostic=False,
            loss_cls=dict(
                type='CrossEntropyLoss', use_sigmoid=False, loss_weight=1.0),
            loss_bbox=dict(type='L1Loss', loss_weight=1.0))))
train_cfg = dict(
    rpn=dict(
        assigner=dict(
            type='MaxIoUAssigner',
            pos_iou_thr=0.7,
            neg_iou_thr=0.3,
            min_pos_iou=0.3,
            match_low_quality=True,
            ignore_iof_thr=-1),
        sampler=dict(
            type='RandomSampler',
            num=256,
            pos_fraction=0.5,
            neg_pos_ub=-1,
            add_gt_as_proposals=False),
        allowed_border=-1,
        pos_weight=-1,
        debug=False),
    rpn_proposal=dict(
        nms_across_levels=False,
        nms_pre=2000,
        nms_post=1000,
        max_num=1000,
        nms_thr=0.7,
        min_bbox_size=0),
    rcnn=dict(
        assigner=dict(
            type='MaxIoUAssigner',
            pos_iou_thr=0.5,
            neg_iou_thr=0.5,
            min_pos_iou=0.5,
            match_low_quality=False,
            ignore_iof_thr=-1),
        sampler=dict(
            type='RandomSampler',
            num=512,
            pos_fraction=0.25,
            neg_pos_ub=-1,
            add_gt_as_proposals=True),
        pos_weight=-1,
        debug=False))
test_cfg = dict(
    rpn=dict(
        nms_across_levels=False,
        nms_pre=1000,
        nms_post=1000,
        max_num=1000,
        nms_thr=0.7,
        min_bbox_size=0),
    rcnn=dict(
        score_thr=0.05,
        nms=dict(type='nms', iou_threshold=0.5),
        max_per_img=100))
dataset_type = 'CocoDataset'
data_root = 'data/coco/'
img_norm_cfg = dict(
    mean=[123.675, 116.28, 103.53], std=[58.395, 57.12, 57.375], to_rgb=True)
train_pipeline = [
    dict(type='LoadImageFromFile'),
    dict(type='LoadAnnotations', with_bbox=True),
    dict(type='Resize', img_scale=(3100, 3100), keep_ratio=True),
    dict(type='RandomFlip', flip_ratio=0.5),
    dict(
        type='Normalize',
        mean=[123.675, 116.28, 103.53],
        std=[58.395, 57.12, 57.375],
        to_rgb=True),
    dict(type='Pad', size_divisor=32),
    dict(type='DefaultFormatBundle'),
    dict(type='Collect', keys=['img', 'gt_bboxes', 'gt_labels'])
]
test_pipeline = [
    dict(type='LoadImageFromFile'),
    dict(
        type='MultiScaleFlipAug',
        img_scale=(3100, 3100),
        flip=False,
        transforms=[
            dict(type='Resize', keep_ratio=True),
            dict(type='RandomFlip'),
            dict(
                type='Normalize',
                mean=[123.675, 116.28, 103.53],
                std=[58.395, 57.12, 57.375],
                to_rgb=True),
            dict(type='Pad', size_divisor=32),
            dict(type='ImageToTensor', keys=['img']),
            dict(type='Collect', keys=['img'])
        ])
]
data = dict(
    samples_per_gpu=1,
    workers_per_gpu=1,
    train=dict(
        type='CocoDataset',
        ann_file='data/coco/annotations/annotations_trai.json',
        img_prefix='data/coco/img/',
        pipeline=[
            dict(type='LoadImageFromFile'),
            dict(type='LoadAnnotations', with_bbox=True),
            dict(type='Resize', img_scale=(3100, 3100), keep_ratio=True),
            dict(type='RandomFlip', flip_ratio=0.5),
            dict(
                type='Normalize',
                mean=[123.675, 116.28, 103.53],
                std=[58.395, 57.12, 57.375],
                to_rgb=True),
            dict(type='Pad', size_divisor=32),
            dict(type='DefaultFormatBundle'),
            dict(type='Collect', keys=['img', 'gt_bboxes', 'gt_labels'])
        ]),
    val=dict(
        type='CocoDataset',
        ann_file='data/coco/annotations/annotations_test.json',
        img_prefix='data/coco/img/',
        pipeline=[
            dict(type='LoadImageFromFile'),
            dict(
                type='MultiScaleFlipAug',
                img_scale=(3100, 3100),
                flip=False,
                transforms=[
                    dict(type='Resize', keep_ratio=True),
                    dict(type='RandomFlip'),
                    dict(
                        type='Normalize',
                        mean=[123.675, 116.28, 103.53],
                        std=[58.395, 57.12, 57.375],
                        to_rgb=True),
                    dict(type='Pad', size_divisor=32),
                    dict(type='ImageToTensor', keys=['img']),
                    dict(type='Collect', keys=['img'])
                ])
        ]),
    test=dict(
        type='CocoDataset',
        ann_file='data/coco/annotations/annotations_vals.json',
        img_prefix='data/coco/img/',
        pipeline=[
            dict(type='LoadImageFromFile'),
            dict(
                type='MultiScaleFlipAug',
                img_scale=(3100, 3100),
                flip=False,
                transforms=[
                    dict(type='Resize', keep_ratio=True),
                    dict(type='RandomFlip'),
                    dict(
                        type='Normalize',
                        mean=[123.675, 116.28, 103.53],
                        std=[58.395, 57.12, 57.375],
                        to_rgb=True),
                    dict(type='Pad', size_divisor=32),
                    dict(type='ImageToTensor', keys=['img']),
                    dict(type='Collect', keys=['img'])
                ])
        ]))
evaluation = dict(interval=1, metric='bbox')
optimizer = dict(type='SGD', lr=0.02, momentum=0.9, weight_decay=0.0001)
optimizer_config = dict(grad_clip=None)
lr_config = dict(
    policy='step',
    warmup='linear',
    warmup_iters=500,
    warmup_ratio=0.001,
    step=[8, 11])
total_epochs = 1
checkpoint_config = dict(interval=1)
log_config = dict(interval=2, hooks=[dict(type='TextLoggerHook')])
dist_params = dict(backend='nccl')
log_level = 'INFO'
load_from = None
resume_from = None
workflow = [('train', 2), ('val', 1)]
work_dir = '/home/admin/jupyter/SecurityAI_Round5/data/work'
gpu_ids = range(0, 1)

2020-11-10 13:46:54,870 - mmdet - INFO - load model from: torchvision://resnet50
2020-11-10 13:47:02,968 - mmdet - WARNING - The model and loaded state dict do not match exactly

unexpected key in source state_dict: fc.weight, fc.bias

2020-11-10 13:47:13,980 - mmdet - INFO - Start running, host: admin@fuxilabor_labor0_S4_Odps_S96_dsw_prepaid_cnsh_838_2020111001323, work_dir: /home/admin/jupyter/SecurityAI_Round5/data/work
2020-11-10 13:47:13,980 - mmdet - INFO - workflow: [('train', 2), ('val', 1)], max: 1 epochs
2020-11-10 13:47:20,133 - mmdet - INFO - Epoch [1][2/8687]	lr: 5.996e-05, eta: 6:59:59, time: 2.902, data_time: 1.340, memory: 14956, loss_rpn_cls: 0.7027, loss_rpn_bbox: 0.1991, loss_cls: 1.3051, acc: 11.9141, loss_bbox: 0.0065, loss: 2.2133
2020-11-10 13:47:23,251 - mmdet - INFO - Epoch [1][4/8687]	lr: 1.399e-04, eta: 5:22:44, time: 1.559, data_time: 0.189, memory: 14956, loss_rpn_cls: 0.7005, loss_rpn_bbox: 0.2775, loss_cls: 1.0381, acc: 45.6055, loss_bbox: 0.0019, loss: 2.0180
2020-11-10 13:47:26,374 - mmdet - INFO - Epoch [1][6/8687]	lr: 2.198e-04, eta: 4:50:26, time: 1.562, data_time: 0.199, memory: 14956, loss_rpn_cls: 0.7020, loss_rpn_bbox: 0.1577, loss_cls: 0.5752, acc: 97.0703, loss_bbox: 0.0120, loss: 1.4469
2020-11-10 13:47:29,470 - mmdet - INFO - Epoch [1][8/8687]	lr: 2.997e-04, eta: 4:33:44, time: 1.547, data_time: 0.190, memory: 14956, loss_rpn_cls: 0.6985, loss_rpn_bbox: 0.1705, loss_cls: 0.2573, acc: 98.1445, loss_bbox: 0.0007, loss: 1.1270
2020-11-10 13:47:32,579 - mmdet - INFO - Epoch [1][10/8687]	lr: 3.796e-04, eta: 4:23:54, time: 1.555, data_time: 0.189, memory: 14956, loss_rpn_cls: 0.6974, loss_rpn_bbox: 0.3808, loss_cls: 0.0722, acc: 97.3633, loss_bbox: 0.0014, loss: 1.1518
2020-11-10 13:47:35,672 - mmdet - INFO - Epoch [1][12/8687]	lr: 4.596e-04, eta: 4:17:08, time: 1.546, data_time: 0.189, memory: 14956, loss_rpn_cls: 0.6934, loss_rpn_bbox: 0.2116, loss_cls: 0.0694, acc: 97.8516, loss_bbox: 0.0013, loss: 0.9758
2020-11-10 13:47:38,757 - mmdet - INFO - Epoch [1][14/8687]	lr: 5.395e-04, eta: 4:12:11, time: 1.542, data_time: 0.191, memory: 14956, loss_rpn_cls: 0.6829, loss_rpn_bbox: 0.0165, loss_cls: 0.0366, acc: 99.1211, loss_bbox: 0.0006, loss: 0.7366
2020-11-10 13:47:41,851 - mmdet - INFO - Epoch [1][16/8687]	lr: 6.194e-04, eta: 4:08:34, time: 1.548, data_time: 0.190, memory: 14956, loss_rpn_cls: 0.6784, loss_rpn_bbox: 0.4201, loss_cls: 0.0756, acc: 97.9492, loss_bbox: 0.0011, loss: 1.1752
2020-11-10 13:47:44,972 - mmdet - INFO - Epoch [1][18/8687]	lr: 6.993e-04, eta: 4:05:57, time: 1.561, data_time: 0.198, memory: 14956, loss_rpn_cls: 0.6596, loss_rpn_bbox: 0.2797, loss_cls: 0.3347, acc: 97.3633, loss_bbox: 0.0031, loss: 1.2771
2020-11-10 13:47:48,047 - mmdet - INFO - Epoch [1][20/8687]	lr: 7.792e-04, eta: 4:03:30, time: 1.537, data_time: 0.190, memory: 14956, loss_rpn_cls: 0.6512, loss_rpn_bbox: 0.0000, loss_cls: 0.0242, acc: 99.6094, loss_bbox: 0.0001, loss: 0.6756
2020-11-10 13:47:51,148 - mmdet - INFO - Epoch [1][22/8687]	lr: 8.592e-04, eta: 4:01:41, time: 1.551, data_time: 0.189, memory: 14956, loss_rpn_cls: 0.6160, loss_rpn_bbox: 0.1155, loss_cls: 0.2019, acc: 97.8516, loss_bbox: 0.0174, loss: 0.9508
2020-11-10 13:47:54,270 - mmdet - INFO - Epoch [1][24/8687]	lr: 9.391e-04, eta: 4:00:16, time: 1.561, data_time: 0.190, memory: 14956, loss_rpn_cls: 0.6058, loss_rpn_bbox: 0.0950, loss_cls: 0.2569, acc: 96.7773, loss_bbox: 0.0556, loss: 1.0134
2020-11-10 13:47:57,396 - mmdet - INFO - Epoch [1][26/8687]	lr: 1.019e-03, eta: 3:59:05, time: 1.563, data_time: 0.190, memory: 14956, loss_rpn_cls: 0.5882, loss_rpn_bbox: 0.1489, loss_cls: 0.1560, acc: 97.3633, loss_bbox: 0.0176, loss: 0.9107
2020-11-10 13:48:00,501 - mmdet - INFO - Epoch [1][28/8687]	lr: 1.099e-03, eta: 3:57:58, time: 1.552, data_time: 0.190, memory: 14956, loss_rpn_cls: 0.5267, loss_rpn_bbox: 0.0888, loss_cls: 0.1614, acc: 98.1445, loss_bbox: 0.0345, loss: 0.8114
2020-11-10 13:48:03,619 - mmdet - INFO - Epoch [1][30/8687]	lr: 1.179e-03, eta: 3:57:03, time: 1.560, data_time: 0.190, memory: 14956, loss_rpn_cls: 0.4787, loss_rpn_bbox: 0.3297, loss_cls: 0.2725, acc: 97.4609, loss_bbox: 0.0138, loss: 1.0947
2020-11-10 13:48:06,739 - mmdet - INFO - Epoch [1][32/8687]	lr: 1.259e-03, eta: 3:56:15, time: 1.560, data_time: 0.190, memory: 14956, loss_rpn_cls: 0.4507, loss_rpn_bbox: 0.1785, loss_cls: 0.3163, acc: 96.6797, loss_bbox: 0.0536, loss: 0.9992
2020-11-10 13:48:09,837 - mmdet - INFO - Epoch [1][34/8687]	lr: 1.339e-03, eta: 3:55:26, time: 1.549, data_time: 0.189, memory: 14956, loss_rpn_cls: 0.3374, loss_rpn_bbox: 0.0257, loss_cls: 0.0921, acc: 99.0234, loss_bbox: 0.0008, loss: 0.4560
