2020-11-22 19:38:05,363 - mmdet - INFO - Environment info:
------------------------------------------------------------
sys.platform: linux
Python: 3.6.4 |Anaconda, Inc.| (default, Jan 16 2018, 18:10:19) [GCC 7.2.0]
CUDA available: True
CUDA_HOME: /usr/local/cuda
NVCC: Cuda compilation tools, release 10.0, V10.0.130
GPU 0: Tesla P100-PCIE-16GB
GCC: gcc (GCC) 5.3.0
PyTorch: 1.3.1+cu100
PyTorch compiling details: PyTorch built with:
  - GCC 7.3
  - Intel(R) Math Kernel Library Version 2019.0.4 Product Build 20190411 for Intel(R) 64 architecture applications
  - Intel(R) MKL-DNN v0.20.5 (Git Hash 0125f28c61c1f822fd48570b4c1066f96fcb9b2e)
  - OpenMP 201511 (a.k.a. OpenMP 4.5)
  - NNPACK is enabled
  - CUDA Runtime 10.0
  - NVCC architecture flags: -gencode;arch=compute_37,code=sm_37;-gencode;arch=compute_50,code=sm_50;-gencode;arch=compute_60,code=sm_60;-gencode;arch=compute_61,code=sm_61;-gencode;arch=compute_70,code=sm_70;-gencode;arch=compute_75,code=sm_75;-gencode;arch=compute_37,code=compute_37
  - CuDNN 7.6.3
  - Magma 2.5.1
  - Build settings: BLAS=MKL, BUILD_NAMEDTENSOR=OFF, BUILD_TYPE=Release, CXX_FLAGS= -Wno-deprecated -fvisibility-inlines-hidden -fopenmp -DUSE_FBGEMM -DUSE_QNNPACK -DUSE_PYTORCH_QNNPACK -O2 -fPIC -Wno-narrowing -Wall -Wextra -Wno-missing-field-initializers -Wno-type-limits -Wno-array-bounds -Wno-unknown-pragmas -Wno-sign-compare -Wno-unused-parameter -Wno-unused-variable -Wno-unused-function -Wno-unused-result -Wno-strict-overflow -Wno-strict-aliasing -Wno-error=deprecated-declarations -Wno-stringop-overflow -Wno-error=pedantic -Wno-error=redundant-decls -Wno-error=old-style-cast -fdiagnostics-color=always -faligned-new -Wno-unused-but-set-variable -Wno-maybe-uninitialized -fno-math-errno -fno-trapping-math -Wno-stringop-overflow, DISABLE_NUMA=1, PERF_WITH_AVX=1, PERF_WITH_AVX2=1, PERF_WITH_AVX512=1, USE_CUDA=True, USE_EXCEPTION_PTR=1, USE_GFLAGS=OFF, USE_GLOG=OFF, USE_MKL=ON, USE_MKLDNN=ON, USE_MPI=OFF, USE_NCCL=ON, USE_NNPACK=ON, USE_OPENMP=ON, USE_STATIC_DISPATCH=OFF, 

TorchVision: 0.4.2+cu100
OpenCV: 4.4.0
MMCV: 1.0.5
MMDetection: 2.3.0+788fa8d
MMDetection Compiler: GCC 7.3
MMDetection CUDA Compiler: 10.0
------------------------------------------------------------

2020-11-22 19:38:05,363 - mmdet - INFO - Distributed training: False
2020-11-22 19:38:05,754 - mmdet - INFO - Config:
model = dict(
    type='FasterRCNN',
    pretrained='torchvision://resnet50',
    backbone=dict(
        type='ResNet',
        depth=50,
        num_stages=4,
        out_indices=(0, 1, 2, 3),
        frozen_stages=1,
        norm_cfg=dict(type='BN', requires_grad=True),
        norm_eval=True,
        style='pytorch'),
    neck=dict(
        type='FPN',
        in_channels=[256, 512, 1024, 2048],
        out_channels=256,
        num_outs=5),
    rpn_head=dict(
        type='RPNHead',
        in_channels=256,
        feat_channels=256,
        anchor_generator=dict(
            type='AnchorGenerator',
            scales=[8],
            ratios=[0.5, 1.0, 2.0],
            strides=[4, 8, 16, 32, 64]),
        bbox_coder=dict(
            type='DeltaXYWHBBoxCoder',
            target_means=[0.0, 0.0, 0.0, 0.0],
            target_stds=[1.0, 1.0, 1.0, 1.0]),
        loss_cls=dict(
            type='CrossEntropyLoss', use_sigmoid=True, loss_weight=1.0),
        loss_bbox=dict(type='L1Loss', loss_weight=1.0)),
    roi_head=dict(
        type='StandardRoIHead',
        bbox_roi_extractor=dict(
            type='SingleRoIExtractor',
            roi_layer=dict(type='RoIAlign', output_size=7, sampling_ratio=0),
            out_channels=256,
            featmap_strides=[4, 8, 16, 32]),
        bbox_head=dict(
            type='Shared2FCBBoxHead',
            in_channels=256,
            fc_out_channels=1024,
            roi_feat_size=7,
            num_classes=2,
            bbox_coder=dict(
                type='DeltaXYWHBBoxCoder',
                target_means=[0.0, 0.0, 0.0, 0.0],
                target_stds=[0.1, 0.1, 0.2, 0.2]),
            reg_class_agnostic=False,
            loss_cls=dict(
                type='CrossEntropyLoss', use_sigmoid=False, loss_weight=1.0),
            loss_bbox=dict(type='L1Loss', loss_weight=1.0))))
train_cfg = dict(
    rpn=dict(
        assigner=dict(
            type='MaxIoUAssigner',
            pos_iou_thr=0.7,
            neg_iou_thr=0.3,
            min_pos_iou=0.3,
            match_low_quality=True,
            ignore_iof_thr=-1),
        sampler=dict(
            type='RandomSampler',
            num=256,
            pos_fraction=0.5,
            neg_pos_ub=-1,
            add_gt_as_proposals=False),
        allowed_border=-1,
        pos_weight=-1,
        debug=False),
    rpn_proposal=dict(
        nms_across_levels=False,
        nms_pre=2000,
        nms_post=1000,
        max_num=1000,
        nms_thr=0.7,
        min_bbox_size=0),
    rcnn=dict(
        assigner=dict(
            type='MaxIoUAssigner',
            pos_iou_thr=0.5,
            neg_iou_thr=0.5,
            min_pos_iou=0.5,
            match_low_quality=False,
            ignore_iof_thr=-1),
        sampler=dict(
            type='RandomSampler',
            num=512,
            pos_fraction=0.25,
            neg_pos_ub=-1,
            add_gt_as_proposals=True),
        pos_weight=-1,
        debug=False))
test_cfg = dict(
    rpn=dict(
        nms_across_levels=False,
        nms_pre=1000,
        nms_post=1000,
        max_num=1000,
        nms_thr=0.7,
        min_bbox_size=0),
    rcnn=dict(
        score_thr=0.05,
        nms=dict(type='nms', iou_threshold=0.5),
        max_per_img=100))
dataset_type = 'CocoDataset'
data_root = 'data/coco/'
img_norm_cfg = dict(
    mean=[123.675, 116.28, 103.53], std=[58.395, 57.12, 57.375], to_rgb=True)
train_pipeline = [
    dict(type='LoadImageFromFile'),
    dict(type='LoadAnnotations', with_bbox=True),
    dict(type='Resize', img_scale=(1550, 1550), keep_ratio=True),
    dict(type='RandomFlip', flip_ratio=0.5),
    dict(
        type='Normalize',
        mean=[123.675, 116.28, 103.53],
        std=[58.395, 57.12, 57.375],
        to_rgb=True),
    dict(type='Pad', size_divisor=32),
    dict(type='DefaultFormatBundle'),
    dict(type='Collect', keys=['img', 'gt_bboxes', 'gt_labels'])
]
test_pipeline = [
    dict(type='LoadImageFromFile'),
    dict(
        type='MultiScaleFlipAug',
        img_scale=(1550, 1550),
        flip=False,
        transforms=[
            dict(type='Resize', keep_ratio=True),
            dict(type='RandomFlip'),
            dict(
                type='Normalize',
                mean=[123.675, 116.28, 103.53],
                std=[58.395, 57.12, 57.375],
                to_rgb=True),
            dict(type='Pad', size_divisor=32),
            dict(type='ImageToTensor', keys=['img']),
            dict(type='Collect', keys=['img'])
        ])
]
data = dict(
    samples_per_gpu=2,
    workers_per_gpu=2,
    train=dict(
        type='CocoDataset',
        ann_file='data/coco/annotations/annotations_trai.json',
        img_prefix='data/coco/img/',
        pipeline=[
            dict(type='LoadImageFromFile'),
            dict(type='LoadAnnotations', with_bbox=True),
            dict(type='Resize', img_scale=(1550, 1550), keep_ratio=True),
            dict(type='RandomFlip', flip_ratio=0.5),
            dict(
                type='Normalize',
                mean=[123.675, 116.28, 103.53],
                std=[58.395, 57.12, 57.375],
                to_rgb=True),
            dict(type='Pad', size_divisor=32),
            dict(type='DefaultFormatBundle'),
            dict(type='Collect', keys=['img', 'gt_bboxes', 'gt_labels'])
        ]),
    val=dict(
        type='CocoDataset',
        ann_file='data/coco/annotations/annotations_test.json',
        img_prefix='data/coco/img/',
        pipeline=[
            dict(type='LoadImageFromFile'),
            dict(
                type='MultiScaleFlipAug',
                img_scale=(1550, 1550),
                flip=False,
                transforms=[
                    dict(type='Resize', keep_ratio=True),
                    dict(type='RandomFlip'),
                    dict(
                        type='Normalize',
                        mean=[123.675, 116.28, 103.53],
                        std=[58.395, 57.12, 57.375],
                        to_rgb=True),
                    dict(type='Pad', size_divisor=32),
                    dict(type='ImageToTensor', keys=['img']),
                    dict(type='Collect', keys=['img'])
                ])
        ]),
    test=dict(
        type='CocoDataset',
        ann_file='data/coco/annotations/annotations_vals.json',
        img_prefix='data/coco/img/',
        pipeline=[
            dict(type='LoadImageFromFile'),
            dict(
                type='MultiScaleFlipAug',
                img_scale=(1550, 1550),
                flip=False,
                transforms=[
                    dict(type='Resize', keep_ratio=True),
                    dict(type='RandomFlip'),
                    dict(
                        type='Normalize',
                        mean=[123.675, 116.28, 103.53],
                        std=[58.395, 57.12, 57.375],
                        to_rgb=True),
                    dict(type='Pad', size_divisor=32),
                    dict(type='ImageToTensor', keys=['img']),
                    dict(type='Collect', keys=['img'])
                ])
        ]))
evaluation = dict(interval=1, metric='bbox')
optimizer = dict(type='SGD', lr=0.01, momentum=0.9, weight_decay=0.0001)
optimizer_config = dict(grad_clip=None)
lr_config = dict(
    policy='step',
    warmup='linear',
    warmup_iters=500,
    warmup_ratio=0.001,
    step=[8, 11])
total_epochs = 4
checkpoint_config = dict(interval=4)
log_config = dict(interval=100, hooks=[dict(type='TextLoggerHook')])
dist_params = dict(backend='nccl')
log_level = 'INFO'
load_from = '/home/admin/.cache/torch/checkpoints/X.pth'
resume_from = None
workflow = [('train', 2), ('val', 1)]
work_dir = '/home/admin/jupyter/SecurityAI_Round5/data/work'
gpu_ids = range(0, 1)

2020-11-22 19:38:06,266 - mmdet - INFO - load model from: torchvision://resnet50
2020-11-22 19:38:14,164 - mmdet - WARNING - The model and loaded state dict do not match exactly

unexpected key in source state_dict: fc.weight, fc.bias

2020-11-22 19:38:24,754 - mmdet - INFO - load checkpoint from /home/admin/.cache/torch/checkpoints/X.pth
2020-11-22 19:38:31,674 - mmdet - INFO - Start running, host: admin@fuxilabor_labor0_S4_Odps_S96_dsw_prepaid_cnsh_838_2020112209220, work_dir: /home/admin/jupyter/SecurityAI_Round5/data/work
2020-11-22 19:38:31,674 - mmdet - INFO - workflow: [('train', 2), ('val', 1)], max: 4 epochs
2020-11-22 19:39:49,241 - mmdet - INFO - Epoch [1][100/634]	lr: 1.988e-03, eta: 0:31:24, time: 0.774, data_time: 0.033, memory: 8024, loss_rpn_cls: 0.0023, loss_rpn_bbox: 0.0254, loss_cls: 0.0296, acc: 98.7568, loss_bbox: 0.0684, loss: 0.1256
2020-11-22 19:41:03,997 - mmdet - INFO - Epoch [1][200/634]	lr: 3.986e-03, eta: 0:29:36, time: 0.748, data_time: 0.012, memory: 8685, loss_rpn_cls: 0.0022, loss_rpn_bbox: 0.0237, loss_cls: 0.0294, acc: 98.7295, loss_bbox: 0.0678, loss: 0.1230
2020-11-22 19:42:18,506 - mmdet - INFO - Epoch [1][300/634]	lr: 5.984e-03, eta: 0:28:09, time: 0.745, data_time: 0.012, memory: 11911, loss_rpn_cls: 0.0037, loss_rpn_bbox: 0.0263, loss_cls: 0.0339, acc: 98.6875, loss_bbox: 0.0657, loss: 0.1296
2020-11-22 19:43:33,345 - mmdet - INFO - Epoch [1][400/634]	lr: 7.982e-03, eta: 0:26:49, time: 0.748, data_time: 0.012, memory: 11911, loss_rpn_cls: 0.0024, loss_rpn_bbox: 0.0288, loss_cls: 0.0281, acc: 98.8271, loss_bbox: 0.0687, loss: 0.1280
2020-11-22 19:44:48,285 - mmdet - INFO - Epoch [1][500/634]	lr: 9.980e-03, eta: 0:25:32, time: 0.749, data_time: 0.012, memory: 11911, loss_rpn_cls: 0.0035, loss_rpn_bbox: 0.0324, loss_cls: 0.0385, acc: 98.3740, loss_bbox: 0.0793, loss: 0.1537
2020-11-22 19:46:03,058 - mmdet - INFO - Epoch [1][600/634]	lr: 1.000e-02, eta: 0:24:15, time: 0.748, data_time: 0.012, memory: 11911, loss_rpn_cls: 0.0022, loss_rpn_bbox: 0.0325, loss_cls: 0.0366, acc: 98.4297, loss_bbox: 0.0820, loss: 0.1532
2020-11-22 19:46:52,061 - mmdet - INFO - Evaluating bbox...
2020-11-22 19:46:53,865 - mmdet - INFO - Epoch [1][634/634]	lr: 1.000e-02, bbox_mAP: 0.8390, bbox_mAP_50: 0.8940, bbox_mAP_75: 0.8790, bbox_mAP_s: 0.6380, bbox_mAP_m: 0.8670, bbox_mAP_l: 0.8970, bbox_mAP_copypaste: 0.839 0.894 0.879 0.638 0.867 0.897
2020-11-22 19:48:11,140 - mmdet - INFO - Epoch [2][100/634]	lr: 1.000e-02, eta: 0:21:36, time: 0.771, data_time: 0.033, memory: 11911, loss_rpn_cls: 0.0022, loss_rpn_bbox: 0.0331, loss_cls: 0.0319, acc: 98.7041, loss_bbox: 0.0809, loss: 0.1481
2020-11-22 19:49:26,009 - mmdet - INFO - Epoch [2][200/634]	lr: 1.000e-02, eta: 0:20:30, time: 0.749, data_time: 0.012, memory: 11911, loss_rpn_cls: 0.0032, loss_rpn_bbox: 0.0311, loss_cls: 0.0358, acc: 98.5518, loss_bbox: 0.0789, loss: 0.1491
2020-11-22 19:50:40,877 - mmdet - INFO - Epoch [2][300/634]	lr: 1.000e-02, eta: 0:19:22, time: 0.749, data_time: 0.012, memory: 11911, loss_rpn_cls: 0.0024, loss_rpn_bbox: 0.0323, loss_cls: 0.0349, acc: 98.5254, loss_bbox: 0.0795, loss: 0.1490
2020-11-22 19:51:55,820 - mmdet - INFO - Epoch [2][400/634]	lr: 1.000e-02, eta: 0:18:13, time: 0.749, data_time: 0.012, memory: 11911, loss_rpn_cls: 0.0030, loss_rpn_bbox: 0.0329, loss_cls: 0.0403, acc: 98.3477, loss_bbox: 0.0809, loss: 0.1571
2020-11-22 19:53:10,636 - mmdet - INFO - Epoch [2][500/634]	lr: 1.000e-02, eta: 0:17:03, time: 0.748, data_time: 0.012, memory: 11911, loss_rpn_cls: 0.0021, loss_rpn_bbox: 0.0302, loss_cls: 0.0332, acc: 98.6104, loss_bbox: 0.0774, loss: 0.1430
2020-11-22 19:54:25,407 - mmdet - INFO - Epoch [2][600/634]	lr: 1.000e-02, eta: 0:15:52, time: 0.748, data_time: 0.012, memory: 11911, loss_rpn_cls: 0.0025, loss_rpn_bbox: 0.0298, loss_cls: 0.0318, acc: 98.6172, loss_bbox: 0.0778, loss: 0.1418
2020-11-22 19:55:14,310 - mmdet - INFO - Evaluating bbox...
2020-11-22 19:55:16,133 - mmdet - INFO - Epoch [2][634/634]	lr: 1.000e-02, bbox_mAP: 0.8340, bbox_mAP_50: 0.8930, bbox_mAP_75: 0.8820, bbox_mAP_s: 0.6270, bbox_mAP_m: 0.8490, bbox_mAP_l: 0.8980, bbox_mAP_copypaste: 0.834 0.893 0.882 0.627 0.849 0.898
2020-11-22 19:55:45,424 - mmdet - INFO - Epoch(train) [2][73]	loss_rpn_cls: 0.0037, loss_rpn_bbox: 0.0332, loss_cls: 0.0338, acc: 98.6020, loss_bbox: 0.0743, loss: 0.1450
2020-11-22 19:57:02,779 - mmdet - INFO - Epoch [3][100/634]	lr: 1.000e-02, eta: 0:13:56, time: 0.771, data_time: 0.033, memory: 11911, loss_rpn_cls: 0.0024, loss_rpn_bbox: 0.0329, loss_cls: 0.0362, acc: 98.4492, loss_bbox: 0.0807, loss: 0.1521
2020-11-22 19:58:17,636 - mmdet - INFO - Epoch [3][200/634]	lr: 1.000e-02, eta: 0:12:47, time: 0.749, data_time: 0.012, memory: 11911, loss_rpn_cls: 0.0029, loss_rpn_bbox: 0.0317, loss_cls: 0.0329, acc: 98.6621, loss_bbox: 0.0796, loss: 0.1470
2020-11-22 19:59:32,506 - mmdet - INFO - Epoch [3][300/634]	lr: 1.000e-02, eta: 0:11:37, time: 0.749, data_time: 0.012, memory: 11911, loss_rpn_cls: 0.0035, loss_rpn_bbox: 0.0326, loss_cls: 0.0388, acc: 98.3564, loss_bbox: 0.0800, loss: 0.1550
2020-11-22 20:00:47,067 - mmdet - INFO - Epoch [3][400/634]	lr: 1.000e-02, eta: 0:10:26, time: 0.746, data_time: 0.012, memory: 11911, loss_rpn_cls: 0.0021, loss_rpn_bbox: 0.0294, loss_cls: 0.0318, acc: 98.6660, loss_bbox: 0.0828, loss: 0.1460
2020-11-22 20:02:01,727 - mmdet - INFO - Epoch [3][500/634]	lr: 1.000e-02, eta: 0:09:15, time: 0.747, data_time: 0.012, memory: 11911, loss_rpn_cls: 0.0032, loss_rpn_bbox: 0.0321, loss_cls: 0.0376, acc: 98.5078, loss_bbox: 0.0809, loss: 0.1538
2020-11-22 20:03:16,588 - mmdet - INFO - Epoch [3][600/634]	lr: 1.000e-02, eta: 0:08:04, time: 0.749, data_time: 0.012, memory: 11911, loss_rpn_cls: 0.0036, loss_rpn_bbox: 0.0346, loss_cls: 0.0398, acc: 98.3164, loss_bbox: 0.0868, loss: 0.1649
2020-11-22 20:04:05,753 - mmdet - INFO - Evaluating bbox...
2020-11-22 20:04:07,575 - mmdet - INFO - Epoch [3][634/634]	lr: 1.000e-02, bbox_mAP: 0.8270, bbox_mAP_50: 0.8920, bbox_mAP_75: 0.8780, bbox_mAP_s: 0.6150, bbox_mAP_m: 0.8350, bbox_mAP_l: 0.8940, bbox_mAP_copypaste: 0.827 0.892 0.878 0.615 0.835 0.894
2020-11-22 20:05:24,865 - mmdet - INFO - Epoch [4][100/634]	lr: 1.000e-02, eta: 0:06:21, time: 0.771, data_time: 0.033, memory: 11911, loss_rpn_cls: 0.0032, loss_rpn_bbox: 0.0322, loss_cls: 0.0377, acc: 98.3877, loss_bbox: 0.0825, loss: 0.1556
2020-11-22 20:06:39,812 - mmdet - INFO - Epoch [4][200/634]	lr: 1.000e-02, eta: 0:05:10, time: 0.749, data_time: 0.012, memory: 11911, loss_rpn_cls: 0.0023, loss_rpn_bbox: 0.0341, loss_cls: 0.0328, acc: 98.6357, loss_bbox: 0.0856, loss: 0.1548
2020-11-22 20:07:54,605 - mmdet - INFO - Epoch [4][300/634]	lr: 1.000e-02, eta: 0:03:59, time: 0.748, data_time: 0.012, memory: 11911, loss_rpn_cls: 0.0028, loss_rpn_bbox: 0.0315, loss_cls: 0.0301, acc: 98.7705, loss_bbox: 0.0760, loss: 0.1404
2020-11-22 20:09:09,434 - mmdet - INFO - Epoch [4][400/634]	lr: 1.000e-02, eta: 0:02:48, time: 0.748, data_time: 0.012, memory: 11911, loss_rpn_cls: 0.0035, loss_rpn_bbox: 0.0355, loss_cls: 0.0342, acc: 98.5996, loss_bbox: 0.0778, loss: 0.1510
2020-11-22 20:10:24,194 - mmdet - INFO - Epoch [4][500/634]	lr: 1.000e-02, eta: 0:01:36, time: 0.748, data_time: 0.012, memory: 11911, loss_rpn_cls: 0.0027, loss_rpn_bbox: 0.0317, loss_cls: 0.0357, acc: 98.5381, loss_bbox: 0.0769, loss: 0.1470
2020-11-22 20:11:39,055 - mmdet - INFO - Epoch [4][600/634]	lr: 1.000e-02, eta: 0:00:24, time: 0.749, data_time: 0.012, memory: 11911, loss_rpn_cls: 0.0029, loss_rpn_bbox: 0.0336, loss_cls: 0.0363, acc: 98.4385, loss_bbox: 0.0795, loss: 0.1523
2020-11-22 20:12:04,321 - mmdet - INFO - Saving checkpoint at 4 epochs
2020-11-22 20:12:29,699 - mmdet - INFO - Evaluating bbox...
2020-11-22 20:12:31,542 - mmdet - INFO - Epoch [4][634/634]	lr: 1.000e-02, bbox_mAP: 0.8220, bbox_mAP_50: 0.8860, bbox_mAP_75: 0.8720, bbox_mAP_s: 0.5990, bbox_mAP_m: 0.8290, bbox_mAP_l: 0.8900, bbox_mAP_copypaste: 0.822 0.886 0.872 0.599 0.829 0.890
2020-11-22 20:13:00,886 - mmdet - INFO - Epoch(train) [4][73]	loss_rpn_cls: 0.0046, loss_rpn_bbox: 0.0325, loss_cls: 0.0405, acc: 98.2944, loss_bbox: 0.0811, loss: 0.1587
