2020-11-23 10:16:07,953 - mmdet - INFO - Environment info:
------------------------------------------------------------
sys.platform: linux
Python: 3.6.4 |Anaconda, Inc.| (default, Jan 16 2018, 18:10:19) [GCC 7.2.0]
CUDA available: True
CUDA_HOME: /usr/local/cuda
NVCC: Cuda compilation tools, release 10.0, V10.0.130
GPU 0: Tesla P100-PCIE-16GB
GCC: gcc (GCC) 5.3.0
PyTorch: 1.3.1+cu100
PyTorch compiling details: PyTorch built with:
  - GCC 7.3
  - Intel(R) Math Kernel Library Version 2019.0.4 Product Build 20190411 for Intel(R) 64 architecture applications
  - Intel(R) MKL-DNN v0.20.5 (Git Hash 0125f28c61c1f822fd48570b4c1066f96fcb9b2e)
  - OpenMP 201511 (a.k.a. OpenMP 4.5)
  - NNPACK is enabled
  - CUDA Runtime 10.0
  - NVCC architecture flags: -gencode;arch=compute_37,code=sm_37;-gencode;arch=compute_50,code=sm_50;-gencode;arch=compute_60,code=sm_60;-gencode;arch=compute_61,code=sm_61;-gencode;arch=compute_70,code=sm_70;-gencode;arch=compute_75,code=sm_75;-gencode;arch=compute_37,code=compute_37
  - CuDNN 7.6.3
  - Magma 2.5.1
  - Build settings: BLAS=MKL, BUILD_NAMEDTENSOR=OFF, BUILD_TYPE=Release, CXX_FLAGS= -Wno-deprecated -fvisibility-inlines-hidden -fopenmp -DUSE_FBGEMM -DUSE_QNNPACK -DUSE_PYTORCH_QNNPACK -O2 -fPIC -Wno-narrowing -Wall -Wextra -Wno-missing-field-initializers -Wno-type-limits -Wno-array-bounds -Wno-unknown-pragmas -Wno-sign-compare -Wno-unused-parameter -Wno-unused-variable -Wno-unused-function -Wno-unused-result -Wno-strict-overflow -Wno-strict-aliasing -Wno-error=deprecated-declarations -Wno-stringop-overflow -Wno-error=pedantic -Wno-error=redundant-decls -Wno-error=old-style-cast -fdiagnostics-color=always -faligned-new -Wno-unused-but-set-variable -Wno-maybe-uninitialized -fno-math-errno -fno-trapping-math -Wno-stringop-overflow, DISABLE_NUMA=1, PERF_WITH_AVX=1, PERF_WITH_AVX2=1, PERF_WITH_AVX512=1, USE_CUDA=True, USE_EXCEPTION_PTR=1, USE_GFLAGS=OFF, USE_GLOG=OFF, USE_MKL=ON, USE_MKLDNN=ON, USE_MPI=OFF, USE_NCCL=ON, USE_NNPACK=ON, USE_OPENMP=ON, USE_STATIC_DISPATCH=OFF, 

TorchVision: 0.4.2+cu100
OpenCV: 4.4.0
MMCV: 1.0.5
MMDetection: 2.3.0+788fa8d
MMDetection Compiler: GCC 7.3
MMDetection CUDA Compiler: 10.0
------------------------------------------------------------

2020-11-23 10:16:07,953 - mmdet - INFO - Distributed training: False
2020-11-23 10:16:08,351 - mmdet - INFO - Config:
model = dict(
    type='FasterRCNN',
    pretrained='torchvision://resnet50',
    backbone=dict(
        type='ResNet',
        depth=50,
        num_stages=4,
        out_indices=(0, 1, 2, 3),
        frozen_stages=1,
        norm_cfg=dict(type='BN', requires_grad=True),
        norm_eval=True,
        style='pytorch'),
    neck=dict(
        type='FPN',
        in_channels=[256, 512, 1024, 2048],
        out_channels=256,
        num_outs=5),
    rpn_head=dict(
        type='RPNHead',
        in_channels=256,
        feat_channels=256,
        anchor_generator=dict(
            type='AnchorGenerator',
            scales=[8],
            ratios=[0.5, 1.0, 2.0],
            strides=[4, 8, 16, 32, 64]),
        bbox_coder=dict(
            type='DeltaXYWHBBoxCoder',
            target_means=[0.0, 0.0, 0.0, 0.0],
            target_stds=[1.0, 1.0, 1.0, 1.0]),
        loss_cls=dict(
            type='CrossEntropyLoss', use_sigmoid=True, loss_weight=1.0),
        loss_bbox=dict(type='L1Loss', loss_weight=1.0)),
    roi_head=dict(
        type='StandardRoIHead',
        bbox_roi_extractor=dict(
            type='SingleRoIExtractor',
            roi_layer=dict(type='RoIAlign', output_size=7, sampling_ratio=0),
            out_channels=256,
            featmap_strides=[4, 8, 16, 32]),
        bbox_head=dict(
            type='Shared2FCBBoxHead',
            in_channels=256,
            fc_out_channels=1024,
            roi_feat_size=7,
            num_classes=2,
            bbox_coder=dict(
                type='DeltaXYWHBBoxCoder',
                target_means=[0.0, 0.0, 0.0, 0.0],
                target_stds=[0.1, 0.1, 0.2, 0.2]),
            reg_class_agnostic=False,
            loss_cls=dict(
                type='CrossEntropyLoss', use_sigmoid=False, loss_weight=1.0),
            loss_bbox=dict(type='L1Loss', loss_weight=1.0))))
train_cfg = dict(
    rpn=dict(
        assigner=dict(
            type='MaxIoUAssigner',
            pos_iou_thr=0.7,
            neg_iou_thr=0.3,
            min_pos_iou=0.3,
            match_low_quality=True,
            ignore_iof_thr=-1),
        sampler=dict(
            type='RandomSampler',
            num=256,
            pos_fraction=0.5,
            neg_pos_ub=-1,
            add_gt_as_proposals=False),
        allowed_border=-1,
        pos_weight=-1,
        debug=False),
    rpn_proposal=dict(
        nms_across_levels=False,
        nms_pre=2000,
        nms_post=1000,
        max_num=1000,
        nms_thr=0.7,
        min_bbox_size=0),
    rcnn=dict(
        assigner=dict(
            type='MaxIoUAssigner',
            pos_iou_thr=0.5,
            neg_iou_thr=0.5,
            min_pos_iou=0.5,
            match_low_quality=False,
            ignore_iof_thr=-1),
        sampler=dict(
            type='RandomSampler',
            num=512,
            pos_fraction=0.25,
            neg_pos_ub=-1,
            add_gt_as_proposals=True),
        pos_weight=-1,
        debug=False))
test_cfg = dict(
    rpn=dict(
        nms_across_levels=False,
        nms_pre=1000,
        nms_post=1000,
        max_num=1000,
        nms_thr=0.7,
        min_bbox_size=0),
    rcnn=dict(
        score_thr=0.05,
        nms=dict(type='nms', iou_threshold=0.5),
        max_per_img=100))
dataset_type = 'CocoDataset'
data_root = 'data/coco/'
img_norm_cfg = dict(
    mean=[123.675, 116.28, 103.53], std=[58.395, 57.12, 57.375], to_rgb=True)
train_pipeline = [
    dict(type='LoadImageFromFile'),
    dict(type='LoadAnnotations', with_bbox=True),
    dict(type='Resize', img_scale=(1550, 1550), keep_ratio=True),
    dict(type='RandomFlip', flip_ratio=0.5),
    dict(
        type='Normalize',
        mean=[123.675, 116.28, 103.53],
        std=[58.395, 57.12, 57.375],
        to_rgb=True),
    dict(type='Pad', size_divisor=32),
    dict(type='DefaultFormatBundle'),
    dict(type='Collect', keys=['img', 'gt_bboxes', 'gt_labels'])
]
test_pipeline = [
    dict(type='LoadImageFromFile'),
    dict(
        type='MultiScaleFlipAug',
        img_scale=(1550, 1550),
        flip=False,
        transforms=[
            dict(type='Resize', keep_ratio=True),
            dict(type='RandomFlip'),
            dict(
                type='Normalize',
                mean=[123.675, 116.28, 103.53],
                std=[58.395, 57.12, 57.375],
                to_rgb=True),
            dict(type='Pad', size_divisor=32),
            dict(type='ImageToTensor', keys=['img']),
            dict(type='Collect', keys=['img'])
        ])
]
data = dict(
    samples_per_gpu=2,
    workers_per_gpu=2,
    train=dict(
        type='CocoDataset',
        ann_file='data/coco/annotations/annotations_trai.json',
        img_prefix='data/coco/img/',
        pipeline=[
            dict(type='LoadImageFromFile'),
            dict(type='LoadAnnotations', with_bbox=True),
            dict(type='Resize', img_scale=(1550, 1550), keep_ratio=True),
            dict(type='RandomFlip', flip_ratio=0.5),
            dict(
                type='Normalize',
                mean=[123.675, 116.28, 103.53],
                std=[58.395, 57.12, 57.375],
                to_rgb=True),
            dict(type='Pad', size_divisor=32),
            dict(type='DefaultFormatBundle'),
            dict(type='Collect', keys=['img', 'gt_bboxes', 'gt_labels'])
        ]),
    val=dict(
        type='CocoDataset',
        ann_file='data/coco/annotations/annotations_test.json',
        img_prefix='data/coco/img/',
        pipeline=[
            dict(type='LoadImageFromFile'),
            dict(
                type='MultiScaleFlipAug',
                img_scale=(1550, 1550),
                flip=False,
                transforms=[
                    dict(type='Resize', keep_ratio=True),
                    dict(type='RandomFlip'),
                    dict(
                        type='Normalize',
                        mean=[123.675, 116.28, 103.53],
                        std=[58.395, 57.12, 57.375],
                        to_rgb=True),
                    dict(type='Pad', size_divisor=32),
                    dict(type='ImageToTensor', keys=['img']),
                    dict(type='Collect', keys=['img'])
                ])
        ]),
    test=dict(
        type='CocoDataset',
        ann_file='data/coco/annotations/annotations_vals.json',
        img_prefix='data/coco/img/',
        pipeline=[
            dict(type='LoadImageFromFile'),
            dict(
                type='MultiScaleFlipAug',
                img_scale=(1550, 1550),
                flip=False,
                transforms=[
                    dict(type='Resize', keep_ratio=True),
                    dict(type='RandomFlip'),
                    dict(
                        type='Normalize',
                        mean=[123.675, 116.28, 103.53],
                        std=[58.395, 57.12, 57.375],
                        to_rgb=True),
                    dict(type='Pad', size_divisor=32),
                    dict(type='ImageToTensor', keys=['img']),
                    dict(type='Collect', keys=['img'])
                ])
        ]))
evaluation = dict(interval=1, metric='bbox')
optimizer = dict(type='SGD', lr=0.01, momentum=0.9, weight_decay=0.0001)
optimizer_config = dict(grad_clip=None)
lr_config = dict(
    policy='step',
    warmup='linear',
    warmup_iters=500,
    warmup_ratio=0.001,
    step=[8, 11])
total_epochs = 4
checkpoint_config = dict(interval=4)
log_config = dict(interval=100, hooks=[dict(type='TextLoggerHook')])
dist_params = dict(backend='nccl')
log_level = 'INFO'
load_from = '/home/admin/.cache/torch/checkpoints/X.pth'
resume_from = None
workflow = [('train', 2), ('val', 1)]
work_dir = '/home/admin/jupyter/SecurityAI_Round5/data/work'
gpu_ids = range(0, 1)

2020-11-23 10:16:08,864 - mmdet - INFO - load model from: torchvision://resnet50
2020-11-23 10:16:16,835 - mmdet - WARNING - The model and loaded state dict do not match exactly

unexpected key in source state_dict: fc.weight, fc.bias

2020-11-23 10:16:26,897 - mmdet - INFO - load checkpoint from /home/admin/.cache/torch/checkpoints/X.pth
2020-11-23 10:16:33,428 - mmdet - INFO - Start running, host: admin@fuxilabor_labor0_S4_Odps_S96_dsw_prepaid_cnsh_838_2020112301033, work_dir: /home/admin/jupyter/SecurityAI_Round5/data/work
2020-11-23 10:16:33,428 - mmdet - INFO - workflow: [('train', 2), ('val', 1)], max: 4 epochs
2020-11-23 10:17:51,142 - mmdet - INFO - Epoch [1][100/619]	lr: 1.988e-03, eta: 0:30:41, time: 0.775, data_time: 0.033, memory: 10077, loss_rpn_cls: 0.0024, loss_rpn_bbox: 0.0259, loss_cls: 0.0320, acc: 98.6133, loss_bbox: 0.0697, loss: 0.1300
2020-11-23 10:19:06,468 - mmdet - INFO - Epoch [1][200/619]	lr: 3.986e-03, eta: 0:28:59, time: 0.753, data_time: 0.012, memory: 11887, loss_rpn_cls: 0.0020, loss_rpn_bbox: 0.0243, loss_cls: 0.0285, acc: 98.7988, loss_bbox: 0.0629, loss: 0.1177
2020-11-23 10:20:21,288 - mmdet - INFO - Epoch [1][300/619]	lr: 5.984e-03, eta: 0:27:31, time: 0.748, data_time: 0.012, memory: 11887, loss_rpn_cls: 0.0017, loss_rpn_bbox: 0.0205, loss_cls: 0.0335, acc: 98.5459, loss_bbox: 0.0651, loss: 0.1209
2020-11-23 10:21:36,342 - mmdet - INFO - Epoch [1][400/619]	lr: 7.982e-03, eta: 0:26:11, time: 0.751, data_time: 0.012, memory: 11887, loss_rpn_cls: 0.0025, loss_rpn_bbox: 0.0326, loss_cls: 0.0315, acc: 98.6494, loss_bbox: 0.0697, loss: 0.1363
2020-11-23 10:22:51,370 - mmdet - INFO - Epoch [1][500/619]	lr: 9.980e-03, eta: 0:24:52, time: 0.750, data_time: 0.012, memory: 11887, loss_rpn_cls: 0.0018, loss_rpn_bbox: 0.0273, loss_cls: 0.0238, acc: 99.0254, loss_bbox: 0.0600, loss: 0.1129
2020-11-23 10:24:06,292 - mmdet - INFO - Epoch [1][600/619]	lr: 1.000e-02, eta: 0:23:35, time: 0.749, data_time: 0.012, memory: 11887, loss_rpn_cls: 0.0022, loss_rpn_bbox: 0.0334, loss_cls: 0.0279, acc: 98.8418, loss_bbox: 0.0704, loss: 0.1339
2020-11-23 10:24:45,550 - mmdet - INFO - Evaluating bbox...
2020-11-23 10:24:48,819 - mmdet - INFO - Epoch [1][619/619]	lr: 1.000e-02, bbox_mAP: 0.7970, bbox_mAP_50: 0.8540, bbox_mAP_75: 0.8380, bbox_mAP_s: 0.5130, bbox_mAP_m: 0.8660, bbox_mAP_l: 0.9000, bbox_mAP_copypaste: 0.797 0.854 0.838 0.513 0.866 0.900
2020-11-23 10:26:06,097 - mmdet - INFO - Epoch [2][100/619]	lr: 1.000e-02, eta: 0:21:34, time: 0.771, data_time: 0.033, memory: 11887, loss_rpn_cls: 0.0027, loss_rpn_bbox: 0.0329, loss_cls: 0.0323, acc: 98.6455, loss_bbox: 0.0729, loss: 0.1407
2020-11-23 10:27:21,125 - mmdet - INFO - Epoch [2][200/619]	lr: 1.000e-02, eta: 0:20:23, time: 0.750, data_time: 0.012, memory: 11887, loss_rpn_cls: 0.0018, loss_rpn_bbox: 0.0271, loss_cls: 0.0278, acc: 98.8018, loss_bbox: 0.0690, loss: 0.1257
2020-11-23 10:28:36,023 - mmdet - INFO - Epoch [2][300/619]	lr: 1.000e-02, eta: 0:19:11, time: 0.749, data_time: 0.012, memory: 11887, loss_rpn_cls: 0.0020, loss_rpn_bbox: 0.0285, loss_cls: 0.0253, acc: 98.9482, loss_bbox: 0.0626, loss: 0.1184
2020-11-23 10:29:51,131 - mmdet - INFO - Epoch [2][400/619]	lr: 1.000e-02, eta: 0:17:59, time: 0.751, data_time: 0.012, memory: 11887, loss_rpn_cls: 0.0023, loss_rpn_bbox: 0.0305, loss_cls: 0.0293, acc: 98.7852, loss_bbox: 0.0701, loss: 0.1321
2020-11-23 10:31:06,032 - mmdet - INFO - Epoch [2][500/619]	lr: 1.000e-02, eta: 0:16:46, time: 0.749, data_time: 0.012, memory: 11912, loss_rpn_cls: 0.0034, loss_rpn_bbox: 0.0300, loss_cls: 0.0296, acc: 98.7432, loss_bbox: 0.0673, loss: 0.1303
2020-11-23 10:32:20,962 - mmdet - INFO - Epoch [2][600/619]	lr: 1.000e-02, eta: 0:15:32, time: 0.749, data_time: 0.012, memory: 11912, loss_rpn_cls: 0.0038, loss_rpn_bbox: 0.0315, loss_cls: 0.0340, acc: 98.4619, loss_bbox: 0.0723, loss: 0.1417
2020-11-23 10:33:00,296 - mmdet - INFO - Evaluating bbox...
2020-11-23 10:33:03,587 - mmdet - INFO - Epoch [2][619/619]	lr: 1.000e-02, bbox_mAP: 0.7940, bbox_mAP_50: 0.8590, bbox_mAP_75: 0.8430, bbox_mAP_s: 0.5030, bbox_mAP_m: 0.8570, bbox_mAP_l: 0.8860, bbox_mAP_copypaste: 0.794 0.859 0.843 0.503 0.857 0.886
2020-11-23 10:33:34,968 - mmdet - INFO - Epoch(train) [2][78]	loss_rpn_cls: 0.0029, loss_rpn_bbox: 0.0328, loss_cls: 0.0339, acc: 98.4963, loss_bbox: 0.0786, loss: 0.1482
2020-11-23 10:34:52,556 - mmdet - INFO - Epoch [3][100/619]	lr: 1.000e-02, eta: 0:13:55, time: 0.774, data_time: 0.033, memory: 11912, loss_rpn_cls: 0.0020, loss_rpn_bbox: 0.0301, loss_cls: 0.0269, acc: 98.9307, loss_bbox: 0.0690, loss: 0.1280
2020-11-23 10:36:07,637 - mmdet - INFO - Epoch [3][200/619]	lr: 1.000e-02, eta: 0:12:43, time: 0.751, data_time: 0.012, memory: 11912, loss_rpn_cls: 0.0026, loss_rpn_bbox: 0.0334, loss_cls: 0.0302, acc: 98.7412, loss_bbox: 0.0751, loss: 0.1414
2020-11-23 10:37:23,210 - mmdet - INFO - Epoch [3][300/619]	lr: 1.000e-02, eta: 0:11:30, time: 0.756, data_time: 0.012, memory: 11912, loss_rpn_cls: 0.0028, loss_rpn_bbox: 0.0322, loss_cls: 0.0289, acc: 98.8252, loss_bbox: 0.0710, loss: 0.1349
2020-11-23 10:38:38,252 - mmdet - INFO - Epoch [3][400/619]	lr: 1.000e-02, eta: 0:10:17, time: 0.750, data_time: 0.012, memory: 11912, loss_rpn_cls: 0.0027, loss_rpn_bbox: 0.0301, loss_cls: 0.0289, acc: 98.7939, loss_bbox: 0.0684, loss: 0.1301
2020-11-23 10:39:53,208 - mmdet - INFO - Epoch [3][500/619]	lr: 1.000e-02, eta: 0:09:04, time: 0.750, data_time: 0.012, memory: 11912, loss_rpn_cls: 0.0023, loss_rpn_bbox: 0.0303, loss_cls: 0.0312, acc: 98.6670, loss_bbox: 0.0738, loss: 0.1375
2020-11-23 10:41:08,461 - mmdet - INFO - Epoch [3][600/619]	lr: 1.000e-02, eta: 0:07:51, time: 0.753, data_time: 0.012, memory: 11912, loss_rpn_cls: 0.0020, loss_rpn_bbox: 0.0290, loss_cls: 0.0321, acc: 98.6338, loss_bbox: 0.0752, loss: 0.1382
2020-11-23 10:41:47,628 - mmdet - INFO - Evaluating bbox...
2020-11-23 10:41:50,939 - mmdet - INFO - Epoch [3][619/619]	lr: 1.000e-02, bbox_mAP: 0.7830, bbox_mAP_50: 0.8480, bbox_mAP_75: 0.8280, bbox_mAP_s: 0.4880, bbox_mAP_m: 0.8350, bbox_mAP_l: 0.8780, bbox_mAP_copypaste: 0.783 0.848 0.828 0.488 0.835 0.878
2020-11-23 10:43:08,363 - mmdet - INFO - Epoch [4][100/619]	lr: 1.000e-02, eta: 0:06:20, time: 0.772, data_time: 0.033, memory: 11912, loss_rpn_cls: 0.0031, loss_rpn_bbox: 0.0324, loss_cls: 0.0351, acc: 98.4512, loss_bbox: 0.0798, loss: 0.1503
2020-11-23 10:44:23,114 - mmdet - INFO - Epoch [4][200/619]	lr: 1.000e-02, eta: 0:05:07, time: 0.747, data_time: 0.012, memory: 11912, loss_rpn_cls: 0.0030, loss_rpn_bbox: 0.0309, loss_cls: 0.0325, acc: 98.6777, loss_bbox: 0.0759, loss: 0.1423
2020-11-23 10:45:38,109 - mmdet - INFO - Epoch [4][300/619]	lr: 1.000e-02, eta: 0:03:54, time: 0.750, data_time: 0.012, memory: 11912, loss_rpn_cls: 0.0026, loss_rpn_bbox: 0.0324, loss_cls: 0.0316, acc: 98.6816, loss_bbox: 0.0754, loss: 0.1420
2020-11-23 10:46:53,101 - mmdet - INFO - Epoch [4][400/619]	lr: 1.000e-02, eta: 0:02:41, time: 0.750, data_time: 0.012, memory: 11912, loss_rpn_cls: 0.0021, loss_rpn_bbox: 0.0281, loss_cls: 0.0242, acc: 99.0166, loss_bbox: 0.0645, loss: 0.1189
2020-11-23 10:48:07,874 - mmdet - INFO - Epoch [4][500/619]	lr: 1.000e-02, eta: 0:01:27, time: 0.748, data_time: 0.012, memory: 11912, loss_rpn_cls: 0.0024, loss_rpn_bbox: 0.0295, loss_cls: 0.0276, acc: 98.7998, loss_bbox: 0.0641, loss: 0.1236
2020-11-23 10:49:22,703 - mmdet - INFO - Epoch [4][600/619]	lr: 1.000e-02, eta: 0:00:13, time: 0.748, data_time: 0.012, memory: 11912, loss_rpn_cls: 0.0021, loss_rpn_bbox: 0.0279, loss_cls: 0.0265, acc: 98.8701, loss_bbox: 0.0673, loss: 0.1238
2020-11-23 10:49:36,876 - mmdet - INFO - Saving checkpoint at 4 epochs
2020-11-23 10:50:03,557 - mmdet - INFO - Evaluating bbox...
2020-11-23 10:50:07,018 - mmdet - INFO - Epoch [4][619/619]	lr: 1.000e-02, bbox_mAP: 0.7820, bbox_mAP_50: 0.8420, bbox_mAP_75: 0.8270, bbox_mAP_s: 0.4740, bbox_mAP_m: 0.8400, bbox_mAP_l: 0.8920, bbox_mAP_copypaste: 0.782 0.842 0.827 0.474 0.840 0.892
2020-11-23 10:50:38,567 - mmdet - INFO - Epoch(train) [4][78]	loss_rpn_cls: 0.0034, loss_rpn_bbox: 0.0322, loss_cls: 0.0403, acc: 98.2722, loss_bbox: 0.0793, loss: 0.1553
