2020-11-21 03:31:27,884 - mmdet - INFO - Environment info:
------------------------------------------------------------
sys.platform: linux
Python: 3.6.4 |Anaconda, Inc.| (default, Jan 16 2018, 18:10:19) [GCC 7.2.0]
CUDA available: True
CUDA_HOME: /usr/local/cuda
NVCC: Cuda compilation tools, release 10.0, V10.0.130
GPU 0: Tesla P100-PCIE-16GB
GCC: gcc (GCC) 5.3.0
PyTorch: 1.3.1+cu100
PyTorch compiling details: PyTorch built with:
  - GCC 7.3
  - Intel(R) Math Kernel Library Version 2019.0.4 Product Build 20190411 for Intel(R) 64 architecture applications
  - Intel(R) MKL-DNN v0.20.5 (Git Hash 0125f28c61c1f822fd48570b4c1066f96fcb9b2e)
  - OpenMP 201511 (a.k.a. OpenMP 4.5)
  - NNPACK is enabled
  - CUDA Runtime 10.0
  - NVCC architecture flags: -gencode;arch=compute_37,code=sm_37;-gencode;arch=compute_50,code=sm_50;-gencode;arch=compute_60,code=sm_60;-gencode;arch=compute_61,code=sm_61;-gencode;arch=compute_70,code=sm_70;-gencode;arch=compute_75,code=sm_75;-gencode;arch=compute_37,code=compute_37
  - CuDNN 7.6.3
  - Magma 2.5.1
  - Build settings: BLAS=MKL, BUILD_NAMEDTENSOR=OFF, BUILD_TYPE=Release, CXX_FLAGS= -Wno-deprecated -fvisibility-inlines-hidden -fopenmp -DUSE_FBGEMM -DUSE_QNNPACK -DUSE_PYTORCH_QNNPACK -O2 -fPIC -Wno-narrowing -Wall -Wextra -Wno-missing-field-initializers -Wno-type-limits -Wno-array-bounds -Wno-unknown-pragmas -Wno-sign-compare -Wno-unused-parameter -Wno-unused-variable -Wno-unused-function -Wno-unused-result -Wno-strict-overflow -Wno-strict-aliasing -Wno-error=deprecated-declarations -Wno-stringop-overflow -Wno-error=pedantic -Wno-error=redundant-decls -Wno-error=old-style-cast -fdiagnostics-color=always -faligned-new -Wno-unused-but-set-variable -Wno-maybe-uninitialized -fno-math-errno -fno-trapping-math -Wno-stringop-overflow, DISABLE_NUMA=1, PERF_WITH_AVX=1, PERF_WITH_AVX2=1, PERF_WITH_AVX512=1, USE_CUDA=True, USE_EXCEPTION_PTR=1, USE_GFLAGS=OFF, USE_GLOG=OFF, USE_MKL=ON, USE_MKLDNN=ON, USE_MPI=OFF, USE_NCCL=ON, USE_NNPACK=ON, USE_OPENMP=ON, USE_STATIC_DISPATCH=OFF, 

TorchVision: 0.4.2+cu100
OpenCV: 4.4.0
MMCV: 1.0.5
MMDetection: 2.3.0+788fa8d
MMDetection Compiler: GCC 7.3
MMDetection CUDA Compiler: 10.0
------------------------------------------------------------

2020-11-21 03:31:27,884 - mmdet - INFO - Distributed training: False
2020-11-21 03:31:28,271 - mmdet - INFO - Config:
model = dict(
    type='FasterRCNN',
    pretrained='torchvision://resnet50',
    backbone=dict(
        type='ResNet',
        depth=50,
        num_stages=4,
        out_indices=(0, 1, 2, 3),
        frozen_stages=1,
        norm_cfg=dict(type='BN', requires_grad=True),
        norm_eval=True,
        style='pytorch'),
    neck=dict(
        type='FPN',
        in_channels=[256, 512, 1024, 2048],
        out_channels=256,
        num_outs=5),
    rpn_head=dict(
        type='RPNHead',
        in_channels=256,
        feat_channels=256,
        anchor_generator=dict(
            type='AnchorGenerator',
            scales=[8],
            ratios=[0.5, 1.0, 2.0],
            strides=[4, 8, 16, 32, 64]),
        bbox_coder=dict(
            type='DeltaXYWHBBoxCoder',
            target_means=[0.0, 0.0, 0.0, 0.0],
            target_stds=[1.0, 1.0, 1.0, 1.0]),
        loss_cls=dict(
            type='CrossEntropyLoss', use_sigmoid=True, loss_weight=1.0),
        loss_bbox=dict(type='L1Loss', loss_weight=1.0)),
    roi_head=dict(
        type='StandardRoIHead',
        bbox_roi_extractor=dict(
            type='SingleRoIExtractor',
            roi_layer=dict(type='RoIAlign', output_size=7, sampling_ratio=0),
            out_channels=256,
            featmap_strides=[4, 8, 16, 32]),
        bbox_head=dict(
            type='Shared2FCBBoxHead',
            in_channels=256,
            fc_out_channels=1024,
            roi_feat_size=7,
            num_classes=2,
            bbox_coder=dict(
                type='DeltaXYWHBBoxCoder',
                target_means=[0.0, 0.0, 0.0, 0.0],
                target_stds=[0.1, 0.1, 0.2, 0.2]),
            reg_class_agnostic=False,
            loss_cls=dict(
                type='CrossEntropyLoss', use_sigmoid=False, loss_weight=1.0),
            loss_bbox=dict(type='L1Loss', loss_weight=1.0))))
train_cfg = dict(
    rpn=dict(
        assigner=dict(
            type='MaxIoUAssigner',
            pos_iou_thr=0.7,
            neg_iou_thr=0.3,
            min_pos_iou=0.3,
            match_low_quality=True,
            ignore_iof_thr=-1),
        sampler=dict(
            type='RandomSampler',
            num=256,
            pos_fraction=0.5,
            neg_pos_ub=-1,
            add_gt_as_proposals=False),
        allowed_border=-1,
        pos_weight=-1,
        debug=False),
    rpn_proposal=dict(
        nms_across_levels=False,
        nms_pre=2000,
        nms_post=1000,
        max_num=1000,
        nms_thr=0.7,
        min_bbox_size=0),
    rcnn=dict(
        assigner=dict(
            type='MaxIoUAssigner',
            pos_iou_thr=0.5,
            neg_iou_thr=0.5,
            min_pos_iou=0.5,
            match_low_quality=False,
            ignore_iof_thr=-1),
        sampler=dict(
            type='RandomSampler',
            num=512,
            pos_fraction=0.25,
            neg_pos_ub=-1,
            add_gt_as_proposals=True),
        pos_weight=-1,
        debug=False))
test_cfg = dict(
    rpn=dict(
        nms_across_levels=False,
        nms_pre=1000,
        nms_post=1000,
        max_num=1000,
        nms_thr=0.7,
        min_bbox_size=0),
    rcnn=dict(
        score_thr=0.05,
        nms=dict(type='nms', iou_threshold=0.5),
        max_per_img=100))
dataset_type = 'CocoDataset'
data_root = 'data/coco/'
img_norm_cfg = dict(
    mean=[123.675, 116.28, 103.53], std=[58.395, 57.12, 57.375], to_rgb=True)
train_pipeline = [
    dict(type='LoadImageFromFile'),
    dict(type='LoadAnnotations', with_bbox=True),
    dict(type='Resize', img_scale=(1550, 1550), keep_ratio=True),
    dict(type='RandomFlip', flip_ratio=0.5),
    dict(
        type='Normalize',
        mean=[123.675, 116.28, 103.53],
        std=[58.395, 57.12, 57.375],
        to_rgb=True),
    dict(type='Pad', size_divisor=32),
    dict(type='DefaultFormatBundle'),
    dict(type='Collect', keys=['img', 'gt_bboxes', 'gt_labels'])
]
test_pipeline = [
    dict(type='LoadImageFromFile'),
    dict(
        type='MultiScaleFlipAug',
        img_scale=(1550, 1550),
        flip=False,
        transforms=[
            dict(type='Resize', keep_ratio=True),
            dict(type='RandomFlip'),
            dict(
                type='Normalize',
                mean=[123.675, 116.28, 103.53],
                std=[58.395, 57.12, 57.375],
                to_rgb=True),
            dict(type='Pad', size_divisor=32),
            dict(type='ImageToTensor', keys=['img']),
            dict(type='Collect', keys=['img'])
        ])
]
data = dict(
    samples_per_gpu=2,
    workers_per_gpu=2,
    train=dict(
        type='CocoDataset',
        ann_file='data/coco/annotations/annotations_trai.json',
        img_prefix='data/coco/img/',
        pipeline=[
            dict(type='LoadImageFromFile'),
            dict(type='LoadAnnotations', with_bbox=True),
            dict(type='Resize', img_scale=(1550, 1550), keep_ratio=True),
            dict(type='RandomFlip', flip_ratio=0.5),
            dict(
                type='Normalize',
                mean=[123.675, 116.28, 103.53],
                std=[58.395, 57.12, 57.375],
                to_rgb=True),
            dict(type='Pad', size_divisor=32),
            dict(type='DefaultFormatBundle'),
            dict(type='Collect', keys=['img', 'gt_bboxes', 'gt_labels'])
        ]),
    val=dict(
        type='CocoDataset',
        ann_file='data/coco/annotations/annotations_test.json',
        img_prefix='data/coco/img/',
        pipeline=[
            dict(type='LoadImageFromFile'),
            dict(
                type='MultiScaleFlipAug',
                img_scale=(1550, 1550),
                flip=False,
                transforms=[
                    dict(type='Resize', keep_ratio=True),
                    dict(type='RandomFlip'),
                    dict(
                        type='Normalize',
                        mean=[123.675, 116.28, 103.53],
                        std=[58.395, 57.12, 57.375],
                        to_rgb=True),
                    dict(type='Pad', size_divisor=32),
                    dict(type='ImageToTensor', keys=['img']),
                    dict(type='Collect', keys=['img'])
                ])
        ]),
    test=dict(
        type='CocoDataset',
        ann_file='data/coco/annotations/annotations_vals.json',
        img_prefix='data/coco/img/',
        pipeline=[
            dict(type='LoadImageFromFile'),
            dict(
                type='MultiScaleFlipAug',
                img_scale=(1550, 1550),
                flip=False,
                transforms=[
                    dict(type='Resize', keep_ratio=True),
                    dict(type='RandomFlip'),
                    dict(
                        type='Normalize',
                        mean=[123.675, 116.28, 103.53],
                        std=[58.395, 57.12, 57.375],
                        to_rgb=True),
                    dict(type='Pad', size_divisor=32),
                    dict(type='ImageToTensor', keys=['img']),
                    dict(type='Collect', keys=['img'])
                ])
        ]))
evaluation = dict(interval=1, metric='bbox')
optimizer = dict(type='SGD', lr=0.01, momentum=0.9, weight_decay=0.0001)
optimizer_config = dict(grad_clip=None)
lr_config = dict(
    policy='step',
    warmup='linear',
    warmup_iters=500,
    warmup_ratio=0.001,
    step=[8, 11])
total_epochs = 4
checkpoint_config = dict(interval=4)
log_config = dict(interval=100, hooks=[dict(type='TextLoggerHook')])
dist_params = dict(backend='nccl')
log_level = 'INFO'
load_from = '/home/admin/.cache/torch/checkpoints/X.pth'
resume_from = None
workflow = [('train', 2), ('val', 1)]
work_dir = '/home/admin/jupyter/SecurityAI_Round5/data/work'
gpu_ids = range(0, 1)

2020-11-21 03:31:28,853 - mmdet - INFO - load model from: torchvision://resnet50
2020-11-21 03:31:36,886 - mmdet - WARNING - The model and loaded state dict do not match exactly

unexpected key in source state_dict: fc.weight, fc.bias

2020-11-21 03:31:47,728 - mmdet - INFO - load checkpoint from /home/admin/.cache/torch/checkpoints/X.pth
2020-11-21 03:31:54,667 - mmdet - INFO - Start running, host: admin@fuxilabor_labor0_S4_Odps_S96_dsw_prepaid_cnsh_838_2020112019152, work_dir: /home/admin/jupyter/SecurityAI_Round5/data/work
2020-11-21 03:31:54,668 - mmdet - INFO - workflow: [('train', 2), ('val', 1)], max: 4 epochs
2020-11-21 03:33:11,959 - mmdet - INFO - Epoch [1][100/619]	lr: 1.988e-03, eta: 0:30:31, time: 0.771, data_time: 0.033, memory: 9821, loss_rpn_cls: 0.0043, loss_rpn_bbox: 0.0320, loss_cls: 0.0433, acc: 98.2256, loss_bbox: 0.0867, loss: 0.1663
2020-11-21 03:34:26,447 - mmdet - INFO - Epoch [1][200/619]	lr: 3.986e-03, eta: 0:28:45, time: 0.745, data_time: 0.012, memory: 9821, loss_rpn_cls: 0.0032, loss_rpn_bbox: 0.0309, loss_cls: 0.0361, acc: 98.5996, loss_bbox: 0.0794, loss: 0.1496
2020-11-21 03:35:40,949 - mmdet - INFO - Epoch [1][300/619]	lr: 5.984e-03, eta: 0:27:19, time: 0.745, data_time: 0.012, memory: 9821, loss_rpn_cls: 0.0026, loss_rpn_bbox: 0.0308, loss_cls: 0.0337, acc: 98.6436, loss_bbox: 0.0777, loss: 0.1448
2020-11-21 03:36:55,623 - mmdet - INFO - Epoch [1][400/619]	lr: 7.982e-03, eta: 0:26:00, time: 0.747, data_time: 0.012, memory: 11885, loss_rpn_cls: 0.0032, loss_rpn_bbox: 0.0319, loss_cls: 0.0398, acc: 98.2900, loss_bbox: 0.0833, loss: 0.1581
2020-11-21 03:38:10,153 - mmdet - INFO - Epoch [1][500/619]	lr: 9.980e-03, eta: 0:24:43, time: 0.745, data_time: 0.012, memory: 11885, loss_rpn_cls: 0.0023, loss_rpn_bbox: 0.0309, loss_cls: 0.0307, acc: 98.7275, loss_bbox: 0.0757, loss: 0.1396
2020-11-21 03:39:24,979 - mmdet - INFO - Epoch [1][600/619]	lr: 1.000e-02, eta: 0:23:27, time: 0.748, data_time: 0.012, memory: 11885, loss_rpn_cls: 0.0041, loss_rpn_bbox: 0.0377, loss_cls: 0.0391, acc: 98.3848, loss_bbox: 0.0894, loss: 0.1703
2020-11-21 03:40:04,246 - mmdet - INFO - Evaluating bbox...
2020-11-21 03:40:06,916 - mmdet - INFO - Epoch [1][619/619]	lr: 1.000e-02, bbox_mAP: 0.8010, bbox_mAP_50: 0.8650, bbox_mAP_75: 0.8550, bbox_mAP_s: 0.4880, bbox_mAP_m: 0.8650, bbox_mAP_l: 0.8960, bbox_mAP_copypaste: 0.801 0.865 0.855 0.488 0.865 0.896
2020-11-21 03:41:24,062 - mmdet - INFO - Epoch [2][100/619]	lr: 1.000e-02, eta: 0:21:27, time: 0.770, data_time: 0.034, memory: 11885, loss_rpn_cls: 0.0030, loss_rpn_bbox: 0.0340, loss_cls: 0.0364, acc: 98.4727, loss_bbox: 0.0905, loss: 0.1638
2020-11-21 03:42:38,854 - mmdet - INFO - Epoch [2][200/619]	lr: 1.000e-02, eta: 0:20:17, time: 0.748, data_time: 0.012, memory: 11885, loss_rpn_cls: 0.0032, loss_rpn_bbox: 0.0352, loss_cls: 0.0387, acc: 98.4824, loss_bbox: 0.0815, loss: 0.1586
2020-11-21 03:43:53,431 - mmdet - INFO - Epoch [2][300/619]	lr: 1.000e-02, eta: 0:19:06, time: 0.746, data_time: 0.012, memory: 11885, loss_rpn_cls: 0.0029, loss_rpn_bbox: 0.0344, loss_cls: 0.0391, acc: 98.3545, loss_bbox: 0.0869, loss: 0.1633
2020-11-21 03:45:07,919 - mmdet - INFO - Epoch [2][400/619]	lr: 1.000e-02, eta: 0:17:53, time: 0.745, data_time: 0.012, memory: 11885, loss_rpn_cls: 0.0036, loss_rpn_bbox: 0.0372, loss_cls: 0.0421, acc: 98.2422, loss_bbox: 0.0893, loss: 0.1723
2020-11-21 03:46:22,804 - mmdet - INFO - Epoch [2][500/619]	lr: 1.000e-02, eta: 0:16:41, time: 0.749, data_time: 0.012, memory: 11885, loss_rpn_cls: 0.0039, loss_rpn_bbox: 0.0385, loss_cls: 0.0334, acc: 98.6045, loss_bbox: 0.0830, loss: 0.1589
2020-11-21 03:47:37,443 - mmdet - INFO - Epoch [2][600/619]	lr: 1.000e-02, eta: 0:15:28, time: 0.746, data_time: 0.012, memory: 11885, loss_rpn_cls: 0.0025, loss_rpn_bbox: 0.0337, loss_cls: 0.0297, acc: 98.7656, loss_bbox: 0.0790, loss: 0.1449
2020-11-21 03:48:16,600 - mmdet - INFO - Evaluating bbox...
2020-11-21 03:48:19,306 - mmdet - INFO - Epoch [2][619/619]	lr: 1.000e-02, bbox_mAP: 0.7990, bbox_mAP_50: 0.8650, bbox_mAP_75: 0.8490, bbox_mAP_s: 0.4800, bbox_mAP_m: 0.8540, bbox_mAP_l: 0.9000, bbox_mAP_copypaste: 0.799 0.865 0.849 0.480 0.854 0.900
2020-11-21 03:48:51,058 - mmdet - INFO - Epoch(train) [2][78]	loss_rpn_cls: 0.0038, loss_rpn_bbox: 0.0374, loss_cls: 0.0401, acc: 98.3060, loss_bbox: 0.0862, loss: 0.1675
2020-11-21 03:50:08,059 - mmdet - INFO - Epoch [3][100/619]	lr: 1.000e-02, eta: 0:13:51, time: 0.768, data_time: 0.033, memory: 11885, loss_rpn_cls: 0.0033, loss_rpn_bbox: 0.0364, loss_cls: 0.0419, acc: 98.2197, loss_bbox: 0.0933, loss: 0.1748
2020-11-21 03:51:22,832 - mmdet - INFO - Epoch [3][200/619]	lr: 1.000e-02, eta: 0:12:39, time: 0.748, data_time: 0.012, memory: 11885, loss_rpn_cls: 0.0053, loss_rpn_bbox: 0.0365, loss_cls: 0.0409, acc: 98.3037, loss_bbox: 0.0930, loss: 0.1757
2020-11-21 03:52:37,466 - mmdet - INFO - Epoch [3][300/619]	lr: 1.000e-02, eta: 0:11:27, time: 0.746, data_time: 0.012, memory: 11885, loss_rpn_cls: 0.0037, loss_rpn_bbox: 0.0360, loss_cls: 0.0364, acc: 98.5381, loss_bbox: 0.0845, loss: 0.1606
2020-11-21 03:53:52,659 - mmdet - INFO - Epoch [3][400/619]	lr: 1.000e-02, eta: 0:10:14, time: 0.752, data_time: 0.012, memory: 11885, loss_rpn_cls: 0.0034, loss_rpn_bbox: 0.0391, loss_cls: 0.0406, acc: 98.2588, loss_bbox: 0.0942, loss: 0.1772
2020-11-21 03:55:07,281 - mmdet - INFO - Epoch [3][500/619]	lr: 1.000e-02, eta: 0:09:02, time: 0.746, data_time: 0.012, memory: 11885, loss_rpn_cls: 0.0051, loss_rpn_bbox: 0.0335, loss_cls: 0.0411, acc: 98.2363, loss_bbox: 0.0870, loss: 0.1667
2020-11-21 03:56:22,022 - mmdet - INFO - Epoch [3][600/619]	lr: 1.000e-02, eta: 0:07:49, time: 0.747, data_time: 0.012, memory: 11885, loss_rpn_cls: 0.0041, loss_rpn_bbox: 0.0370, loss_cls: 0.0342, acc: 98.6299, loss_bbox: 0.0800, loss: 0.1553
2020-11-21 03:57:01,310 - mmdet - INFO - Evaluating bbox...
2020-11-21 03:57:04,035 - mmdet - INFO - Epoch [3][619/619]	lr: 1.000e-02, bbox_mAP: 0.8040, bbox_mAP_50: 0.8690, bbox_mAP_75: 0.8540, bbox_mAP_s: 0.4780, bbox_mAP_m: 0.8560, bbox_mAP_l: 0.8960, bbox_mAP_copypaste: 0.804 0.869 0.854 0.478 0.856 0.896
2020-11-21 03:58:21,431 - mmdet - INFO - Epoch [4][100/619]	lr: 1.000e-02, eta: 0:06:18, time: 0.772, data_time: 0.034, memory: 11911, loss_rpn_cls: 0.0057, loss_rpn_bbox: 0.0389, loss_cls: 0.0480, acc: 97.9980, loss_bbox: 0.0958, loss: 0.1884
2020-11-21 03:59:35,860 - mmdet - INFO - Epoch [4][200/619]	lr: 1.000e-02, eta: 0:05:06, time: 0.744, data_time: 0.012, memory: 11911, loss_rpn_cls: 0.0077, loss_rpn_bbox: 0.0408, loss_cls: 0.0493, acc: 98.1670, loss_bbox: 0.0929, loss: 0.1907
2020-11-21 04:00:50,692 - mmdet - INFO - Epoch [4][300/619]	lr: 1.000e-02, eta: 0:03:53, time: 0.748, data_time: 0.012, memory: 11911, loss_rpn_cls: 0.0045, loss_rpn_bbox: 0.0385, loss_cls: 0.0415, acc: 98.3008, loss_bbox: 0.0914, loss: 0.1759
2020-11-21 04:02:05,301 - mmdet - INFO - Epoch [4][400/619]	lr: 1.000e-02, eta: 0:02:40, time: 0.746, data_time: 0.012, memory: 11911, loss_rpn_cls: 0.0041, loss_rpn_bbox: 0.0354, loss_cls: 0.0392, acc: 98.4014, loss_bbox: 0.0850, loss: 0.1636
2020-11-21 04:03:19,835 - mmdet - INFO - Epoch [4][500/619]	lr: 1.000e-02, eta: 0:01:27, time: 0.745, data_time: 0.012, memory: 11911, loss_rpn_cls: 0.0047, loss_rpn_bbox: 0.0377, loss_cls: 0.0437, acc: 98.1709, loss_bbox: 0.0907, loss: 0.1768
2020-11-21 04:04:34,332 - mmdet - INFO - Epoch [4][600/619]	lr: 1.000e-02, eta: 0:00:13, time: 0.745, data_time: 0.012, memory: 11911, loss_rpn_cls: 0.0039, loss_rpn_bbox: 0.0385, loss_cls: 0.0368, acc: 98.4355, loss_bbox: 0.0853, loss: 0.1644
2020-11-21 04:04:48,474 - mmdet - INFO - Saving checkpoint at 4 epochs
2020-11-21 04:05:15,539 - mmdet - INFO - Evaluating bbox...
2020-11-21 04:05:18,137 - mmdet - INFO - Epoch [4][619/619]	lr: 1.000e-02, bbox_mAP: 0.8020, bbox_mAP_50: 0.8730, bbox_mAP_75: 0.8580, bbox_mAP_s: 0.4710, bbox_mAP_m: 0.8360, bbox_mAP_l: 0.9000, bbox_mAP_copypaste: 0.802 0.873 0.858 0.471 0.836 0.900
2020-11-21 04:05:49,345 - mmdet - INFO - Epoch(train) [4][78]	loss_rpn_cls: 0.0044, loss_rpn_bbox: 0.0366, loss_cls: 0.0452, acc: 98.1045, loss_bbox: 0.0922, loss: 0.1785
