2020-11-19 11:19:40,723 - mmdet - INFO - Environment info:
------------------------------------------------------------
sys.platform: linux
Python: 3.6.4 |Anaconda, Inc.| (default, Jan 16 2018, 18:10:19) [GCC 7.2.0]
CUDA available: True
CUDA_HOME: /usr/local/cuda
NVCC: Cuda compilation tools, release 10.0, V10.0.130
GPU 0: Tesla P100-PCIE-16GB
GCC: gcc (GCC) 5.3.0
PyTorch: 1.3.1+cu100
PyTorch compiling details: PyTorch built with:
  - GCC 7.3
  - Intel(R) Math Kernel Library Version 2019.0.4 Product Build 20190411 for Intel(R) 64 architecture applications
  - Intel(R) MKL-DNN v0.20.5 (Git Hash 0125f28c61c1f822fd48570b4c1066f96fcb9b2e)
  - OpenMP 201511 (a.k.a. OpenMP 4.5)
  - NNPACK is enabled
  - CUDA Runtime 10.0
  - NVCC architecture flags: -gencode;arch=compute_37,code=sm_37;-gencode;arch=compute_50,code=sm_50;-gencode;arch=compute_60,code=sm_60;-gencode;arch=compute_61,code=sm_61;-gencode;arch=compute_70,code=sm_70;-gencode;arch=compute_75,code=sm_75;-gencode;arch=compute_37,code=compute_37
  - CuDNN 7.6.3
  - Magma 2.5.1
  - Build settings: BLAS=MKL, BUILD_NAMEDTENSOR=OFF, BUILD_TYPE=Release, CXX_FLAGS= -Wno-deprecated -fvisibility-inlines-hidden -fopenmp -DUSE_FBGEMM -DUSE_QNNPACK -DUSE_PYTORCH_QNNPACK -O2 -fPIC -Wno-narrowing -Wall -Wextra -Wno-missing-field-initializers -Wno-type-limits -Wno-array-bounds -Wno-unknown-pragmas -Wno-sign-compare -Wno-unused-parameter -Wno-unused-variable -Wno-unused-function -Wno-unused-result -Wno-strict-overflow -Wno-strict-aliasing -Wno-error=deprecated-declarations -Wno-stringop-overflow -Wno-error=pedantic -Wno-error=redundant-decls -Wno-error=old-style-cast -fdiagnostics-color=always -faligned-new -Wno-unused-but-set-variable -Wno-maybe-uninitialized -fno-math-errno -fno-trapping-math -Wno-stringop-overflow, DISABLE_NUMA=1, PERF_WITH_AVX=1, PERF_WITH_AVX2=1, PERF_WITH_AVX512=1, USE_CUDA=True, USE_EXCEPTION_PTR=1, USE_GFLAGS=OFF, USE_GLOG=OFF, USE_MKL=ON, USE_MKLDNN=ON, USE_MPI=OFF, USE_NCCL=ON, USE_NNPACK=ON, USE_OPENMP=ON, USE_STATIC_DISPATCH=OFF, 

TorchVision: 0.4.2+cu100
OpenCV: 4.4.0
MMCV: 1.0.5
MMDetection: 2.3.0+788fa8d
MMDetection Compiler: GCC 7.3
MMDetection CUDA Compiler: 10.0
------------------------------------------------------------

2020-11-19 11:19:40,724 - mmdet - INFO - Distributed training: False
2020-11-19 11:19:41,132 - mmdet - INFO - Config:
model = dict(
    type='FasterRCNN',
    pretrained='torchvision://resnet50',
    backbone=dict(
        type='ResNet',
        depth=50,
        num_stages=4,
        out_indices=(0, 1, 2, 3),
        frozen_stages=1,
        norm_cfg=dict(type='BN', requires_grad=True),
        norm_eval=True,
        style='pytorch'),
    neck=dict(
        type='FPN',
        in_channels=[256, 512, 1024, 2048],
        out_channels=256,
        num_outs=5),
    rpn_head=dict(
        type='RPNHead',
        in_channels=256,
        feat_channels=256,
        anchor_generator=dict(
            type='AnchorGenerator',
            scales=[8],
            ratios=[0.5, 1.0, 2.0],
            strides=[4, 8, 16, 32, 64]),
        bbox_coder=dict(
            type='DeltaXYWHBBoxCoder',
            target_means=[0.0, 0.0, 0.0, 0.0],
            target_stds=[1.0, 1.0, 1.0, 1.0]),
        loss_cls=dict(
            type='CrossEntropyLoss', use_sigmoid=True, loss_weight=1.0),
        loss_bbox=dict(type='L1Loss', loss_weight=1.0)),
    roi_head=dict(
        type='StandardRoIHead',
        bbox_roi_extractor=dict(
            type='SingleRoIExtractor',
            roi_layer=dict(type='RoIAlign', output_size=7, sampling_ratio=0),
            out_channels=256,
            featmap_strides=[4, 8, 16, 32]),
        bbox_head=dict(
            type='Shared2FCBBoxHead',
            in_channels=256,
            fc_out_channels=1024,
            roi_feat_size=7,
            num_classes=2,
            bbox_coder=dict(
                type='DeltaXYWHBBoxCoder',
                target_means=[0.0, 0.0, 0.0, 0.0],
                target_stds=[0.1, 0.1, 0.2, 0.2]),
            reg_class_agnostic=False,
            loss_cls=dict(
                type='CrossEntropyLoss', use_sigmoid=False, loss_weight=1.0),
            loss_bbox=dict(type='L1Loss', loss_weight=1.0))))
train_cfg = dict(
    rpn=dict(
        assigner=dict(
            type='MaxIoUAssigner',
            pos_iou_thr=0.7,
            neg_iou_thr=0.3,
            min_pos_iou=0.3,
            match_low_quality=True,
            ignore_iof_thr=-1),
        sampler=dict(
            type='RandomSampler',
            num=256,
            pos_fraction=0.5,
            neg_pos_ub=-1,
            add_gt_as_proposals=False),
        allowed_border=-1,
        pos_weight=-1,
        debug=False),
    rpn_proposal=dict(
        nms_across_levels=False,
        nms_pre=2000,
        nms_post=1000,
        max_num=1000,
        nms_thr=0.7,
        min_bbox_size=0),
    rcnn=dict(
        assigner=dict(
            type='MaxIoUAssigner',
            pos_iou_thr=0.5,
            neg_iou_thr=0.5,
            min_pos_iou=0.5,
            match_low_quality=False,
            ignore_iof_thr=-1),
        sampler=dict(
            type='RandomSampler',
            num=512,
            pos_fraction=0.25,
            neg_pos_ub=-1,
            add_gt_as_proposals=True),
        pos_weight=-1,
        debug=False))
test_cfg = dict(
    rpn=dict(
        nms_across_levels=False,
        nms_pre=1000,
        nms_post=1000,
        max_num=1000,
        nms_thr=0.7,
        min_bbox_size=0),
    rcnn=dict(
        score_thr=0.05,
        nms=dict(type='nms', iou_threshold=0.5),
        max_per_img=100))
dataset_type = 'CocoDataset'
data_root = 'data/coco/'
img_norm_cfg = dict(
    mean=[123.675, 116.28, 103.53], std=[58.395, 57.12, 57.375], to_rgb=True)
train_pipeline = [
    dict(type='LoadImageFromFile'),
    dict(type='LoadAnnotations', with_bbox=True),
    dict(type='Resize', img_scale=(1550, 1550), keep_ratio=True),
    dict(type='RandomFlip', flip_ratio=0.5),
    dict(
        type='Normalize',
        mean=[123.675, 116.28, 103.53],
        std=[58.395, 57.12, 57.375],
        to_rgb=True),
    dict(type='Pad', size_divisor=32),
    dict(type='DefaultFormatBundle'),
    dict(type='Collect', keys=['img', 'gt_bboxes', 'gt_labels'])
]
test_pipeline = [
    dict(type='LoadImageFromFile'),
    dict(
        type='MultiScaleFlipAug',
        img_scale=(1550, 1550),
        flip=False,
        transforms=[
            dict(type='Resize', keep_ratio=True),
            dict(type='RandomFlip'),
            dict(
                type='Normalize',
                mean=[123.675, 116.28, 103.53],
                std=[58.395, 57.12, 57.375],
                to_rgb=True),
            dict(type='Pad', size_divisor=32),
            dict(type='ImageToTensor', keys=['img']),
            dict(type='Collect', keys=['img'])
        ])
]
data = dict(
    samples_per_gpu=2,
    workers_per_gpu=2,
    train=dict(
        type='CocoDataset',
        ann_file='data/coco/annotations/annotations_trai.json',
        img_prefix='data/coco/img/',
        pipeline=[
            dict(type='LoadImageFromFile'),
            dict(type='LoadAnnotations', with_bbox=True),
            dict(type='Resize', img_scale=(1550, 1550), keep_ratio=True),
            dict(type='RandomFlip', flip_ratio=0.5),
            dict(
                type='Normalize',
                mean=[123.675, 116.28, 103.53],
                std=[58.395, 57.12, 57.375],
                to_rgb=True),
            dict(type='Pad', size_divisor=32),
            dict(type='DefaultFormatBundle'),
            dict(type='Collect', keys=['img', 'gt_bboxes', 'gt_labels'])
        ]),
    val=dict(
        type='CocoDataset',
        ann_file='data/coco/annotations/annotations_test.json',
        img_prefix='data/coco/img/',
        pipeline=[
            dict(type='LoadImageFromFile'),
            dict(
                type='MultiScaleFlipAug',
                img_scale=(1550, 1550),
                flip=False,
                transforms=[
                    dict(type='Resize', keep_ratio=True),
                    dict(type='RandomFlip'),
                    dict(
                        type='Normalize',
                        mean=[123.675, 116.28, 103.53],
                        std=[58.395, 57.12, 57.375],
                        to_rgb=True),
                    dict(type='Pad', size_divisor=32),
                    dict(type='ImageToTensor', keys=['img']),
                    dict(type='Collect', keys=['img'])
                ])
        ]),
    test=dict(
        type='CocoDataset',
        ann_file='data/coco/annotations/annotations_vals.json',
        img_prefix='data/coco/img/',
        pipeline=[
            dict(type='LoadImageFromFile'),
            dict(
                type='MultiScaleFlipAug',
                img_scale=(1550, 1550),
                flip=False,
                transforms=[
                    dict(type='Resize', keep_ratio=True),
                    dict(type='RandomFlip'),
                    dict(
                        type='Normalize',
                        mean=[123.675, 116.28, 103.53],
                        std=[58.395, 57.12, 57.375],
                        to_rgb=True),
                    dict(type='Pad', size_divisor=32),
                    dict(type='ImageToTensor', keys=['img']),
                    dict(type='Collect', keys=['img'])
                ])
        ]))
evaluation = dict(interval=1, metric='bbox')
optimizer = dict(type='SGD', lr=0.01, momentum=0.9, weight_decay=0.0001)
optimizer_config = dict(grad_clip=None)
lr_config = dict(
    policy='step',
    warmup='linear',
    warmup_iters=500,
    warmup_ratio=0.001,
    step=[8, 11])
total_epochs = 4
checkpoint_config = dict(interval=4)
log_config = dict(interval=100, hooks=[dict(type='TextLoggerHook')])
dist_params = dict(backend='nccl')
log_level = 'INFO'
load_from = '/home/admin/.cache/torch/checkpoints/X.pth'
resume_from = None
workflow = [('train', 2), ('val', 1)]
work_dir = '/home/admin/jupyter/SecurityAI_Round5/data/work'
gpu_ids = range(0, 1)

2020-11-19 11:19:41,633 - mmdet - INFO - load model from: torchvision://resnet50
2020-11-19 11:19:49,975 - mmdet - WARNING - The model and loaded state dict do not match exactly

unexpected key in source state_dict: fc.weight, fc.bias

2020-11-19 11:20:00,700 - mmdet - INFO - load checkpoint from /home/admin/.cache/torch/checkpoints/X.pth
2020-11-19 11:20:07,177 - mmdet - INFO - Start running, host: admin@fuxilabor_labor0_S4_Odps_S96_dsw_prepaid_cnsh_838_2020111823124, work_dir: /home/admin/jupyter/SecurityAI_Round5/data/work
2020-11-19 11:20:07,177 - mmdet - INFO - workflow: [('train', 2), ('val', 1)], max: 4 epochs
2020-11-19 11:21:25,254 - mmdet - INFO - Epoch [1][100/611]	lr: 1.988e-03, eta: 0:30:25, time: 0.779, data_time: 0.034, memory: 9987, loss_rpn_cls: 0.0034, loss_rpn_bbox: 0.0377, loss_cls: 0.0396, acc: 98.3809, loss_bbox: 0.0963, loss: 0.1770
2020-11-19 11:22:40,268 - mmdet - INFO - Epoch [1][200/611]	lr: 3.986e-03, eta: 0:28:35, time: 0.750, data_time: 0.012, memory: 9987, loss_rpn_cls: 0.0032, loss_rpn_bbox: 0.0348, loss_cls: 0.0430, acc: 98.2061, loss_bbox: 0.0922, loss: 0.1731
2020-11-19 11:23:55,249 - mmdet - INFO - Epoch [1][300/611]	lr: 5.984e-03, eta: 0:27:08, time: 0.750, data_time: 0.012, memory: 11906, loss_rpn_cls: 0.0033, loss_rpn_bbox: 0.0339, loss_cls: 0.0411, acc: 98.2744, loss_bbox: 0.0896, loss: 0.1679
2020-11-19 11:25:10,621 - mmdet - INFO - Epoch [1][400/611]	lr: 7.982e-03, eta: 0:25:49, time: 0.754, data_time: 0.013, memory: 11906, loss_rpn_cls: 0.0045, loss_rpn_bbox: 0.0363, loss_cls: 0.0432, acc: 98.1543, loss_bbox: 0.0976, loss: 0.1816
2020-11-19 11:26:26,386 - mmdet - INFO - Epoch [1][500/611]	lr: 9.980e-03, eta: 0:24:33, time: 0.758, data_time: 0.012, memory: 11906, loss_rpn_cls: 0.0034, loss_rpn_bbox: 0.0366, loss_cls: 0.0403, acc: 98.3184, loss_bbox: 0.0827, loss: 0.1631
2020-11-19 11:27:41,840 - mmdet - INFO - Epoch [1][600/611]	lr: 1.000e-02, eta: 0:23:16, time: 0.755, data_time: 0.013, memory: 11906, loss_rpn_cls: 0.0046, loss_rpn_bbox: 0.0413, loss_cls: 0.0448, acc: 98.1543, loss_bbox: 0.1018, loss: 0.1926
2020-11-19 11:28:19,464 - mmdet - INFO - Evaluating bbox...
2020-11-19 11:28:22,891 - mmdet - INFO - Epoch [1][611/611]	lr: 1.000e-02, bbox_mAP: 0.7850, bbox_mAP_50: 0.8720, bbox_mAP_75: 0.8360, bbox_mAP_s: 0.5030, bbox_mAP_m: 0.7640, bbox_mAP_l: 0.8790, bbox_mAP_copypaste: 0.785 0.872 0.836 0.503 0.764 0.879
2020-11-19 11:29:40,646 - mmdet - INFO - Epoch [2][100/611]	lr: 1.000e-02, eta: 0:21:36, time: 0.776, data_time: 0.034, memory: 11906, loss_rpn_cls: 0.0034, loss_rpn_bbox: 0.0396, loss_cls: 0.0461, acc: 98.0508, loss_bbox: 0.1000, loss: 0.1891
2020-11-19 11:30:56,093 - mmdet - INFO - Epoch [2][200/611]	lr: 1.000e-02, eta: 0:20:23, time: 0.754, data_time: 0.012, memory: 11906, loss_rpn_cls: 0.0041, loss_rpn_bbox: 0.0409, loss_cls: 0.0459, acc: 98.1221, loss_bbox: 0.1055, loss: 0.1964
2020-11-19 11:32:11,260 - mmdet - INFO - Epoch [2][300/611]	lr: 1.000e-02, eta: 0:19:08, time: 0.752, data_time: 0.012, memory: 11906, loss_rpn_cls: 0.0040, loss_rpn_bbox: 0.0383, loss_cls: 0.0381, acc: 98.4062, loss_bbox: 0.0888, loss: 0.1692
2020-11-19 11:33:26,755 - mmdet - INFO - Epoch [2][400/611]	lr: 1.000e-02, eta: 0:17:54, time: 0.755, data_time: 0.013, memory: 11906, loss_rpn_cls: 0.0037, loss_rpn_bbox: 0.0403, loss_cls: 0.0447, acc: 98.1318, loss_bbox: 0.0942, loss: 0.1829
2020-11-19 11:34:42,138 - mmdet - INFO - Epoch [2][500/611]	lr: 1.000e-02, eta: 0:16:40, time: 0.754, data_time: 0.013, memory: 11906, loss_rpn_cls: 0.0055, loss_rpn_bbox: 0.0421, loss_cls: 0.0459, acc: 98.0918, loss_bbox: 0.1003, loss: 0.1938
2020-11-19 11:35:57,511 - mmdet - INFO - Epoch [2][600/611]	lr: 1.000e-02, eta: 0:15:25, time: 0.754, data_time: 0.013, memory: 11906, loss_rpn_cls: 0.0046, loss_rpn_bbox: 0.0413, loss_cls: 0.0403, acc: 98.3359, loss_bbox: 0.0963, loss: 0.1825
2020-11-19 11:36:34,799 - mmdet - INFO - Evaluating bbox...
2020-11-19 11:36:38,306 - mmdet - INFO - Epoch [2][611/611]	lr: 1.000e-02, bbox_mAP: 0.7690, bbox_mAP_50: 0.8610, bbox_mAP_75: 0.8250, bbox_mAP_s: 0.4750, bbox_mAP_m: 0.7500, bbox_mAP_l: 0.8560, bbox_mAP_copypaste: 0.769 0.861 0.825 0.475 0.750 0.856
2020-11-19 11:37:14,299 - mmdet - INFO - Epoch(train) [2][89]	loss_rpn_cls: 0.0076, loss_rpn_bbox: 0.0466, loss_cls: 0.0528, acc: 97.7023, loss_bbox: 0.1100, loss: 0.2170
2020-11-19 11:38:32,441 - mmdet - INFO - Epoch [3][100/611]	lr: 1.000e-02, eta: 0:13:57, time: 0.779, data_time: 0.035, memory: 11906, loss_rpn_cls: 0.0039, loss_rpn_bbox: 0.0422, loss_cls: 0.0429, acc: 98.1895, loss_bbox: 0.1015, loss: 0.1904
2020-11-19 11:39:47,737 - mmdet - INFO - Epoch [3][200/611]	lr: 1.000e-02, eta: 0:12:43, time: 0.753, data_time: 0.013, memory: 11906, loss_rpn_cls: 0.0057, loss_rpn_bbox: 0.0406, loss_cls: 0.0441, acc: 98.1943, loss_bbox: 0.1026, loss: 0.1929
2020-11-19 11:41:03,331 - mmdet - INFO - Epoch [3][300/611]	lr: 1.000e-02, eta: 0:11:29, time: 0.756, data_time: 0.012, memory: 11906, loss_rpn_cls: 0.0059, loss_rpn_bbox: 0.0421, loss_cls: 0.0441, acc: 98.1660, loss_bbox: 0.0983, loss: 0.1904
2020-11-19 11:42:18,670 - mmdet - INFO - Epoch [3][400/611]	lr: 1.000e-02, eta: 0:10:14, time: 0.753, data_time: 0.013, memory: 11906, loss_rpn_cls: 0.0055, loss_rpn_bbox: 0.0408, loss_cls: 0.0478, acc: 98.1357, loss_bbox: 0.0979, loss: 0.1920
2020-11-19 11:43:33,966 - mmdet - INFO - Epoch [3][500/611]	lr: 1.000e-02, eta: 0:09:00, time: 0.753, data_time: 0.013, memory: 11906, loss_rpn_cls: 0.0030, loss_rpn_bbox: 0.0418, loss_cls: 0.0421, acc: 98.1709, loss_bbox: 0.1027, loss: 0.1896
2020-11-19 11:44:49,226 - mmdet - INFO - Epoch [3][600/611]	lr: 1.000e-02, eta: 0:07:45, time: 0.753, data_time: 0.013, memory: 11906, loss_rpn_cls: 0.0044, loss_rpn_bbox: 0.0415, loss_cls: 0.0447, acc: 98.1201, loss_bbox: 0.0992, loss: 0.1898
2020-11-19 11:45:26,161 - mmdet - INFO - Evaluating bbox...
2020-11-19 11:45:29,267 - mmdet - INFO - Epoch [3][611/611]	lr: 1.000e-02, bbox_mAP: 0.7720, bbox_mAP_50: 0.8620, bbox_mAP_75: 0.8260, bbox_mAP_s: 0.4960, bbox_mAP_m: 0.7400, bbox_mAP_l: 0.8590, bbox_mAP_copypaste: 0.772 0.862 0.826 0.496 0.740 0.859
2020-11-19 11:46:47,145 - mmdet - INFO - Epoch [4][100/611]	lr: 1.000e-02, eta: 0:06:21, time: 0.777, data_time: 0.035, memory: 11906, loss_rpn_cls: 0.0035, loss_rpn_bbox: 0.0373, loss_cls: 0.0390, acc: 98.3506, loss_bbox: 0.0937, loss: 0.1734
2020-11-19 11:48:02,829 - mmdet - INFO - Epoch [4][200/611]	lr: 1.000e-02, eta: 0:05:06, time: 0.757, data_time: 0.012, memory: 11906, loss_rpn_cls: 0.0055, loss_rpn_bbox: 0.0418, loss_cls: 0.0462, acc: 98.0576, loss_bbox: 0.1052, loss: 0.1987
2020-11-19 11:49:18,026 - mmdet - INFO - Epoch [4][300/611]	lr: 1.000e-02, eta: 0:03:52, time: 0.752, data_time: 0.013, memory: 11906, loss_rpn_cls: 0.0036, loss_rpn_bbox: 0.0411, loss_cls: 0.0435, acc: 98.2441, loss_bbox: 0.0962, loss: 0.1844
2020-11-19 11:50:33,328 - mmdet - INFO - Epoch [4][400/611]	lr: 1.000e-02, eta: 0:02:37, time: 0.753, data_time: 0.012, memory: 11906, loss_rpn_cls: 0.0048, loss_rpn_bbox: 0.0429, loss_cls: 0.0468, acc: 98.0283, loss_bbox: 0.1065, loss: 0.2011
2020-11-19 11:51:48,981 - mmdet - INFO - Epoch [4][500/611]	lr: 1.000e-02, eta: 0:01:22, time: 0.757, data_time: 0.013, memory: 11906, loss_rpn_cls: 0.0052, loss_rpn_bbox: 0.0426, loss_cls: 0.0444, acc: 98.1465, loss_bbox: 0.0955, loss: 0.1877
2020-11-19 11:53:04,265 - mmdet - INFO - Epoch [4][600/611]	lr: 1.000e-02, eta: 0:00:08, time: 0.753, data_time: 0.013, memory: 11906, loss_rpn_cls: 0.0032, loss_rpn_bbox: 0.0410, loss_cls: 0.0386, acc: 98.3525, loss_bbox: 0.0948, loss: 0.1777
2020-11-19 11:53:12,493 - mmdet - INFO - Saving checkpoint at 4 epochs
2020-11-19 11:53:43,250 - mmdet - INFO - Evaluating bbox...
2020-11-19 11:53:46,556 - mmdet - INFO - Epoch [4][611/611]	lr: 1.000e-02, bbox_mAP: 0.7700, bbox_mAP_50: 0.8620, bbox_mAP_75: 0.8220, bbox_mAP_s: 0.4870, bbox_mAP_m: 0.7520, bbox_mAP_l: 0.8620, bbox_mAP_copypaste: 0.770 0.862 0.822 0.487 0.752 0.862
2020-11-19 11:54:22,570 - mmdet - INFO - Epoch(train) [4][89]	loss_rpn_cls: 0.0053, loss_rpn_bbox: 0.0453, loss_cls: 0.0509, acc: 97.7824, loss_bbox: 0.1095, loss: 0.2110
