2020-11-10 13:58:55,044 - mmdet - INFO - Environment info:
------------------------------------------------------------
sys.platform: linux
Python: 3.6.4 |Anaconda, Inc.| (default, Jan 16 2018, 18:10:19) [GCC 7.2.0]
CUDA available: True
CUDA_HOME: /usr/local/cuda
NVCC: Cuda compilation tools, release 10.0, V10.0.130
GPU 0: Tesla P100-PCIE-16GB
GCC: gcc (GCC) 5.3.0
PyTorch: 1.3.1+cu100
PyTorch compiling details: PyTorch built with:
  - GCC 7.3
  - Intel(R) Math Kernel Library Version 2019.0.4 Product Build 20190411 for Intel(R) 64 architecture applications
  - Intel(R) MKL-DNN v0.20.5 (Git Hash 0125f28c61c1f822fd48570b4c1066f96fcb9b2e)
  - OpenMP 201511 (a.k.a. OpenMP 4.5)
  - NNPACK is enabled
  - CUDA Runtime 10.0
  - NVCC architecture flags: -gencode;arch=compute_37,code=sm_37;-gencode;arch=compute_50,code=sm_50;-gencode;arch=compute_60,code=sm_60;-gencode;arch=compute_61,code=sm_61;-gencode;arch=compute_70,code=sm_70;-gencode;arch=compute_75,code=sm_75;-gencode;arch=compute_37,code=compute_37
  - CuDNN 7.6.3
  - Magma 2.5.1
  - Build settings: BLAS=MKL, BUILD_NAMEDTENSOR=OFF, BUILD_TYPE=Release, CXX_FLAGS= -Wno-deprecated -fvisibility-inlines-hidden -fopenmp -DUSE_FBGEMM -DUSE_QNNPACK -DUSE_PYTORCH_QNNPACK -O2 -fPIC -Wno-narrowing -Wall -Wextra -Wno-missing-field-initializers -Wno-type-limits -Wno-array-bounds -Wno-unknown-pragmas -Wno-sign-compare -Wno-unused-parameter -Wno-unused-variable -Wno-unused-function -Wno-unused-result -Wno-strict-overflow -Wno-strict-aliasing -Wno-error=deprecated-declarations -Wno-stringop-overflow -Wno-error=pedantic -Wno-error=redundant-decls -Wno-error=old-style-cast -fdiagnostics-color=always -faligned-new -Wno-unused-but-set-variable -Wno-maybe-uninitialized -fno-math-errno -fno-trapping-math -Wno-stringop-overflow, DISABLE_NUMA=1, PERF_WITH_AVX=1, PERF_WITH_AVX2=1, PERF_WITH_AVX512=1, USE_CUDA=True, USE_EXCEPTION_PTR=1, USE_GFLAGS=OFF, USE_GLOG=OFF, USE_MKL=ON, USE_MKLDNN=ON, USE_MPI=OFF, USE_NCCL=ON, USE_NNPACK=ON, USE_OPENMP=ON, USE_STATIC_DISPATCH=OFF, 

TorchVision: 0.4.2+cu100
OpenCV: 4.4.0
MMCV: 1.0.5
MMDetection: 2.3.0+788fa8d
MMDetection Compiler: GCC 7.3
MMDetection CUDA Compiler: 10.0
------------------------------------------------------------

2020-11-10 13:58:55,045 - mmdet - INFO - Distributed training: False
2020-11-10 13:58:55,438 - mmdet - INFO - Config:
model = dict(
    type='FasterRCNN',
    pretrained='torchvision://resnet50',
    backbone=dict(
        type='ResNet',
        depth=50,
        num_stages=4,
        out_indices=(0, 1, 2, 3),
        frozen_stages=1,
        norm_cfg=dict(type='BN', requires_grad=True),
        norm_eval=True,
        style='pytorch'),
    neck=dict(
        type='FPN',
        in_channels=[256, 512, 1024, 2048],
        out_channels=256,
        num_outs=5),
    rpn_head=dict(
        type='RPNHead',
        in_channels=256,
        feat_channels=256,
        anchor_generator=dict(
            type='AnchorGenerator',
            scales=[8],
            ratios=[0.5, 1.0, 2.0],
            strides=[4, 8, 16, 32, 64]),
        bbox_coder=dict(
            type='DeltaXYWHBBoxCoder',
            target_means=[0.0, 0.0, 0.0, 0.0],
            target_stds=[1.0, 1.0, 1.0, 1.0]),
        loss_cls=dict(
            type='CrossEntropyLoss', use_sigmoid=True, loss_weight=1.0),
        loss_bbox=dict(type='L1Loss', loss_weight=1.0)),
    roi_head=dict(
        type='StandardRoIHead',
        bbox_roi_extractor=dict(
            type='SingleRoIExtractor',
            roi_layer=dict(type='RoIAlign', output_size=7, sampling_ratio=0),
            out_channels=256,
            featmap_strides=[4, 8, 16, 32]),
        bbox_head=dict(
            type='Shared2FCBBoxHead',
            in_channels=256,
            fc_out_channels=1024,
            roi_feat_size=7,
            num_classes=2,
            bbox_coder=dict(
                type='DeltaXYWHBBoxCoder',
                target_means=[0.0, 0.0, 0.0, 0.0],
                target_stds=[0.1, 0.1, 0.2, 0.2]),
            reg_class_agnostic=False,
            loss_cls=dict(
                type='CrossEntropyLoss', use_sigmoid=False, loss_weight=1.0),
            loss_bbox=dict(type='L1Loss', loss_weight=1.0))))
train_cfg = dict(
    rpn=dict(
        assigner=dict(
            type='MaxIoUAssigner',
            pos_iou_thr=0.7,
            neg_iou_thr=0.3,
            min_pos_iou=0.3,
            match_low_quality=True,
            ignore_iof_thr=-1),
        sampler=dict(
            type='RandomSampler',
            num=256,
            pos_fraction=0.5,
            neg_pos_ub=-1,
            add_gt_as_proposals=False),
        allowed_border=-1,
        pos_weight=-1,
        debug=False),
    rpn_proposal=dict(
        nms_across_levels=False,
        nms_pre=2000,
        nms_post=1000,
        max_num=1000,
        nms_thr=0.7,
        min_bbox_size=0),
    rcnn=dict(
        assigner=dict(
            type='MaxIoUAssigner',
            pos_iou_thr=0.5,
            neg_iou_thr=0.5,
            min_pos_iou=0.5,
            match_low_quality=False,
            ignore_iof_thr=-1),
        sampler=dict(
            type='RandomSampler',
            num=512,
            pos_fraction=0.25,
            neg_pos_ub=-1,
            add_gt_as_proposals=True),
        pos_weight=-1,
        debug=False))
test_cfg = dict(
    rpn=dict(
        nms_across_levels=False,
        nms_pre=1000,
        nms_post=1000,
        max_num=1000,
        nms_thr=0.7,
        min_bbox_size=0),
    rcnn=dict(
        score_thr=0.05,
        nms=dict(type='nms', iou_threshold=0.5),
        max_per_img=100))
dataset_type = 'CocoDataset'
data_root = 'data/coco/'
img_norm_cfg = dict(
    mean=[123.675, 116.28, 103.53], std=[58.395, 57.12, 57.375], to_rgb=True)
train_pipeline = [
    dict(type='LoadImageFromFile'),
    dict(type='LoadAnnotations', with_bbox=True),
    dict(type='Resize', img_scale=(3100, 3100), keep_ratio=True),
    dict(type='RandomFlip', flip_ratio=0.5),
    dict(
        type='Normalize',
        mean=[123.675, 116.28, 103.53],
        std=[58.395, 57.12, 57.375],
        to_rgb=True),
    dict(type='Pad', size_divisor=32),
    dict(type='DefaultFormatBundle'),
    dict(type='Collect', keys=['img', 'gt_bboxes', 'gt_labels'])
]
test_pipeline = [
    dict(type='LoadImageFromFile'),
    dict(
        type='MultiScaleFlipAug',
        img_scale=(3100, 3100),
        flip=False,
        transforms=[
            dict(type='Resize', keep_ratio=True),
            dict(type='RandomFlip'),
            dict(
                type='Normalize',
                mean=[123.675, 116.28, 103.53],
                std=[58.395, 57.12, 57.375],
                to_rgb=True),
            dict(type='Pad', size_divisor=32),
            dict(type='ImageToTensor', keys=['img']),
            dict(type='Collect', keys=['img'])
        ])
]
data = dict(
    samples_per_gpu=1,
    workers_per_gpu=1,
    train=dict(
        type='CocoDataset',
        ann_file='data/coco/annotations/annotations_trai.json',
        img_prefix='data/coco/img/',
        pipeline=[
            dict(type='LoadImageFromFile'),
            dict(type='LoadAnnotations', with_bbox=True),
            dict(type='Resize', img_scale=(3100, 3100), keep_ratio=True),
            dict(type='RandomFlip', flip_ratio=0.5),
            dict(
                type='Normalize',
                mean=[123.675, 116.28, 103.53],
                std=[58.395, 57.12, 57.375],
                to_rgb=True),
            dict(type='Pad', size_divisor=32),
            dict(type='DefaultFormatBundle'),
            dict(type='Collect', keys=['img', 'gt_bboxes', 'gt_labels'])
        ]),
    val=dict(
        type='CocoDataset',
        ann_file='data/coco/annotations/annotations_test.json',
        img_prefix='data/coco/img/',
        pipeline=[
            dict(type='LoadImageFromFile'),
            dict(
                type='MultiScaleFlipAug',
                img_scale=(3100, 3100),
                flip=False,
                transforms=[
                    dict(type='Resize', keep_ratio=True),
                    dict(type='RandomFlip'),
                    dict(
                        type='Normalize',
                        mean=[123.675, 116.28, 103.53],
                        std=[58.395, 57.12, 57.375],
                        to_rgb=True),
                    dict(type='Pad', size_divisor=32),
                    dict(type='ImageToTensor', keys=['img']),
                    dict(type='Collect', keys=['img'])
                ])
        ]),
    test=dict(
        type='CocoDataset',
        ann_file='data/coco/annotations/annotations_vals.json',
        img_prefix='data/coco/img/',
        pipeline=[
            dict(type='LoadImageFromFile'),
            dict(
                type='MultiScaleFlipAug',
                img_scale=(3100, 3100),
                flip=False,
                transforms=[
                    dict(type='Resize', keep_ratio=True),
                    dict(type='RandomFlip'),
                    dict(
                        type='Normalize',
                        mean=[123.675, 116.28, 103.53],
                        std=[58.395, 57.12, 57.375],
                        to_rgb=True),
                    dict(type='Pad', size_divisor=32),
                    dict(type='ImageToTensor', keys=['img']),
                    dict(type='Collect', keys=['img'])
                ])
        ]))
evaluation = dict(interval=1, metric='bbox')
optimizer = dict(type='SGD', lr=0.02, momentum=0.9, weight_decay=0.0001)
optimizer_config = dict(grad_clip=None)
lr_config = dict(
    policy='step',
    warmup='linear',
    warmup_iters=500,
    warmup_ratio=0.001,
    step=[8, 11])
total_epochs = 1
checkpoint_config = dict(interval=1)
log_config = dict(interval=1, hooks=[dict(type='TextLoggerHook')])
dist_params = dict(backend='nccl')
log_level = 'INFO'
load_from = None
resume_from = None
workflow = [('train', 2), ('val', 1)]
work_dir = '/home/admin/jupyter/SecurityAI_Round5/data/work'
gpu_ids = range(0, 1)

2020-11-10 13:58:55,933 - mmdet - INFO - load model from: torchvision://resnet50
2020-11-10 13:59:03,984 - mmdet - WARNING - The model and loaded state dict do not match exactly

unexpected key in source state_dict: fc.weight, fc.bias

2020-11-10 13:59:15,178 - mmdet - INFO - Start running, host: admin@fuxilabor_labor0_S4_Odps_S96_dsw_prepaid_cnsh_838_2020111001323, work_dir: /home/admin/jupyter/SecurityAI_Round5/data/work
2020-11-10 13:59:15,179 - mmdet - INFO - workflow: [('train', 2), ('val', 1)], max: 1 epochs
2020-11-10 13:59:19,710 - mmdet - INFO - Epoch [1][1/8687]	lr: 2.000e-05, eta: 9:32:22, time: 3.954, data_time: 2.619, memory: 14956, loss_rpn_cls: 0.6958, loss_rpn_bbox: 0.5171, loss_cls: 1.0427, acc: 23.8281, loss_bbox: 0.0034, loss: 2.2591
2020-11-10 13:59:21,382 - mmdet - INFO - Epoch [1][2/8687]	lr: 5.996e-05, eta: 7:03:35, time: 1.899, data_time: 0.594, memory: 14956, loss_rpn_cls: 0.6911, loss_rpn_bbox: 0.2793, loss_cls: 1.0936, acc: 13.8672, loss_bbox: 0.0178, loss: 2.0819
2020-11-10 13:59:22,939 - mmdet - INFO - Epoch [1][3/8687]	lr: 9.992e-05, eta: 5:57:28, time: 1.557, data_time: 0.363, memory: 14956, loss_rpn_cls: 0.6949, loss_rpn_bbox: 0.0000, loss_cls: 0.9706, acc: 40.6250, loss_bbox: 0.0003, loss: 1.6659
2020-11-10 13:59:24,508 - mmdet - INFO - Epoch [1][4/8687]	lr: 1.399e-04, eta: 5:24:51, time: 1.569, data_time: 0.363, memory: 14956, loss_rpn_cls: 0.6954, loss_rpn_bbox: 0.0436, loss_cls: 0.8844, acc: 67.5781, loss_bbox: 0.0099, loss: 1.6333
2020-11-10 13:59:26,076 - mmdet - INFO - Epoch [1][5/8687]	lr: 1.798e-04, eta: 5:05:11, time: 1.567, data_time: 0.364, memory: 14956, loss_rpn_cls: 0.6927, loss_rpn_bbox: 0.1912, loss_cls: 0.6071, acc: 98.6328, loss_bbox: 0.0008, loss: 1.4917
2020-11-10 13:59:27,683 - mmdet - INFO - Epoch [1][6/8687]	lr: 2.198e-04, eta: 4:53:03, time: 1.608, data_time: 0.400, memory: 14956, loss_rpn_cls: 0.6957, loss_rpn_bbox: 0.1407, loss_cls: 0.3710, acc: 98.0469, loss_bbox: 0.0014, loss: 1.2088
2020-11-10 13:59:29,249 - mmdet - INFO - Epoch [1][7/8687]	lr: 2.598e-04, eta: 4:43:32, time: 1.566, data_time: 0.363, memory: 14956, loss_rpn_cls: 0.6932, loss_rpn_bbox: 0.0412, loss_cls: 0.2699, acc: 99.0234, loss_bbox: 0.0005, loss: 1.0048
2020-11-10 13:59:30,841 - mmdet - INFO - Epoch [1][8/8687]	lr: 2.997e-04, eta: 4:36:51, time: 1.592, data_time: 0.363, memory: 14956, loss_rpn_cls: 0.6919, loss_rpn_bbox: 0.2181, loss_cls: 0.1919, acc: 94.5312, loss_bbox: 0.0231, loss: 1.1249
2020-11-10 13:59:32,431 - mmdet - INFO - Epoch [1][9/8687]	lr: 3.397e-04, eta: 4:31:37, time: 1.590, data_time: 0.370, memory: 14956, loss_rpn_cls: 0.6854, loss_rpn_bbox: 0.3603, loss_cls: 0.1446, acc: 97.2656, loss_bbox: 0.0013, loss: 1.1916
2020-11-10 13:59:34,007 - mmdet - INFO - Epoch [1][10/8687]	lr: 3.796e-04, eta: 4:27:12, time: 1.576, data_time: 0.363, memory: 14956, loss_rpn_cls: 0.6884, loss_rpn_bbox: 0.0895, loss_cls: 0.1268, acc: 96.8750, loss_bbox: 0.0273, loss: 0.9321
2020-11-10 13:59:35,575 - mmdet - INFO - Epoch [1][11/8687]	lr: 4.196e-04, eta: 4:23:30, time: 1.568, data_time: 0.363, memory: 14956, loss_rpn_cls: 0.6831, loss_rpn_bbox: 0.0301, loss_cls: 0.0571, acc: 98.2422, loss_bbox: 0.0084, loss: 0.7786
2020-11-10 13:59:37,160 - mmdet - INFO - Epoch [1][12/8687]	lr: 4.596e-04, eta: 4:20:36, time: 1.584, data_time: 0.362, memory: 14956, loss_rpn_cls: 0.6860, loss_rpn_bbox: 0.1217, loss_cls: 0.1446, acc: 95.8984, loss_bbox: 0.0174, loss: 0.9697
2020-11-10 13:59:38,748 - mmdet - INFO - Epoch [1][13/8687]	lr: 4.995e-04, eta: 4:18:12, time: 1.589, data_time: 0.363, memory: 14956, loss_rpn_cls: 0.6839, loss_rpn_bbox: 0.2054, loss_cls: 0.2898, acc: 95.8984, loss_bbox: 0.0105, loss: 1.1896
2020-11-10 13:59:40,340 - mmdet - INFO - Epoch [1][14/8687]	lr: 5.395e-04, eta: 4:16:09, time: 1.591, data_time: 0.365, memory: 14956, loss_rpn_cls: 0.6826, loss_rpn_bbox: 0.2099, loss_cls: 0.2156, acc: 96.2891, loss_bbox: 0.0111, loss: 1.1192
2020-11-10 13:59:41,923 - mmdet - INFO - Epoch [1][15/8687]	lr: 5.794e-04, eta: 4:14:19, time: 1.583, data_time: 0.369, memory: 14956, loss_rpn_cls: 0.6715, loss_rpn_bbox: 0.3594, loss_cls: 0.0727, acc: 98.4375, loss_bbox: 0.0009, loss: 1.1045
2020-11-10 13:59:43,494 - mmdet - INFO - Epoch [1][16/8687]	lr: 6.194e-04, eta: 4:12:34, time: 1.571, data_time: 0.365, memory: 14956, loss_rpn_cls: 0.6762, loss_rpn_bbox: 0.1038, loss_cls: 0.1506, acc: 97.4609, loss_bbox: 0.0179, loss: 0.9486
2020-11-10 13:59:45,072 - mmdet - INFO - Epoch [1][17/8687]	lr: 6.594e-04, eta: 4:11:06, time: 1.578, data_time: 0.364, memory: 14956, loss_rpn_cls: 0.6750, loss_rpn_bbox: 0.1482, loss_cls: 0.0802, acc: 97.6562, loss_bbox: 0.0010, loss: 0.9045
2020-11-10 13:59:46,640 - mmdet - INFO - Epoch [1][18/8687]	lr: 6.993e-04, eta: 4:09:43, time: 1.568, data_time: 0.364, memory: 14956, loss_rpn_cls: 0.6695, loss_rpn_bbox: 0.0357, loss_cls: 0.0760, acc: 98.6328, loss_bbox: 0.0012, loss: 0.7823
2020-11-10 13:59:48,216 - mmdet - INFO - Epoch [1][19/8687]	lr: 7.393e-04, eta: 4:08:31, time: 1.576, data_time: 0.363, memory: 14956, loss_rpn_cls: 0.6713, loss_rpn_bbox: 0.1165, loss_cls: 0.1033, acc: 98.8281, loss_bbox: 0.0006, loss: 0.8917
2020-11-10 13:59:49,794 - mmdet - INFO - Epoch [1][20/8687]	lr: 7.792e-04, eta: 4:07:28, time: 1.578, data_time: 0.364, memory: 14956, loss_rpn_cls: 0.6542, loss_rpn_bbox: 0.0959, loss_cls: 0.0970, acc: 98.6328, loss_bbox: 0.0016, loss: 0.8486
2020-11-10 13:59:51,361 - mmdet - INFO - Epoch [1][21/8687]	lr: 8.192e-04, eta: 4:06:26, time: 1.568, data_time: 0.364, memory: 14956, loss_rpn_cls: 0.6473, loss_rpn_bbox: 0.0000, loss_cls: 0.0322, acc: 99.6094, loss_bbox: 0.0001, loss: 0.6796
2020-11-10 13:59:52,946 - mmdet - INFO - Epoch [1][22/8687]	lr: 8.592e-04, eta: 4:05:36, time: 1.583, data_time: 0.365, memory: 14956, loss_rpn_cls: 0.6543, loss_rpn_bbox: 0.0659, loss_cls: 0.2043, acc: 96.2891, loss_bbox: 0.0284, loss: 0.9529
2020-11-10 13:59:54,530 - mmdet - INFO - Epoch [1][23/8687]	lr: 8.991e-04, eta: 4:04:51, time: 1.585, data_time: 0.365, memory: 14956, loss_rpn_cls: 0.6494, loss_rpn_bbox: 0.0764, loss_cls: 0.2006, acc: 96.4844, loss_bbox: 0.0347, loss: 0.9611
2020-11-10 13:59:56,099 - mmdet - INFO - Epoch [1][24/8687]	lr: 9.391e-04, eta: 4:04:03, time: 1.569, data_time: 0.367, memory: 14956, loss_rpn_cls: 0.6249, loss_rpn_bbox: 0.0000, loss_cls: 0.0340, acc: 99.6094, loss_bbox: 0.0001, loss: 0.6590
2020-11-10 13:59:57,685 - mmdet - INFO - Epoch [1][25/8687]	lr: 9.790e-04, eta: 4:03:26, time: 1.587, data_time: 0.364, memory: 14956, loss_rpn_cls: 0.6643, loss_rpn_bbox: 0.6085, loss_cls: 0.2289, acc: 95.8984, loss_bbox: 0.0442, loss: 1.5460
2020-11-10 13:59:59,269 - mmdet - INFO - Epoch [1][26/8687]	lr: 1.019e-03, eta: 4:02:50, time: 1.584, data_time: 0.364, memory: 14956, loss_rpn_cls: 0.6150, loss_rpn_bbox: 0.1006, loss_cls: 0.1749, acc: 97.2656, loss_bbox: 0.0212, loss: 0.9118
2020-11-10 14:00:00,847 - mmdet - INFO - Epoch [1][27/8687]	lr: 1.059e-03, eta: 4:02:15, time: 1.578, data_time: 0.363, memory: 14956, loss_rpn_cls: 0.6131, loss_rpn_bbox: 0.0900, loss_cls: 0.1250, acc: 98.0469, loss_bbox: 0.0232, loss: 0.8512
2020-11-10 14:00:02,455 - mmdet - INFO - Epoch [1][28/8687]	lr: 1.099e-03, eta: 4:01:51, time: 1.607, data_time: 0.362, memory: 14956, loss_rpn_cls: 0.6730, loss_rpn_bbox: 0.4129, loss_cls: 0.4353, acc: 95.3125, loss_bbox: 0.0025, loss: 1.5237
2020-11-10 14:00:04,016 - mmdet - INFO - Epoch [1][29/8687]	lr: 1.139e-03, eta: 4:01:15, time: 1.560, data_time: 0.363, memory: 14956, loss_rpn_cls: 0.5911, loss_rpn_bbox: 0.0000, loss_cls: 0.0411, acc: 99.6094, loss_bbox: 0.0001, loss: 0.6323
2020-11-10 14:00:05,595 - mmdet - INFO - Epoch [1][30/8687]	lr: 1.179e-03, eta: 4:00:47, time: 1.580, data_time: 0.363, memory: 14956, loss_rpn_cls: 0.5892, loss_rpn_bbox: 0.1180, loss_cls: 0.1848, acc: 96.4844, loss_bbox: 0.0933, loss: 0.9853
2020-11-10 14:00:07,191 - mmdet - INFO - Epoch [1][31/8687]	lr: 1.219e-03, eta: 4:00:25, time: 1.596, data_time: 0.379, memory: 14956, loss_rpn_cls: 0.5615, loss_rpn_bbox: 0.0538, loss_cls: 0.1478, acc: 97.2656, loss_bbox: 0.0573, loss: 0.8205
2020-11-10 14:00:08,772 - mmdet - INFO - Epoch [1][32/8687]	lr: 1.259e-03, eta: 4:00:00, time: 1.581, data_time: 0.364, memory: 14956, loss_rpn_cls: 0.5511, loss_rpn_bbox: 0.1349, loss_cls: 0.2016, acc: 95.5078, loss_bbox: 0.1293, loss: 1.0169
2020-11-10 14:00:10,337 - mmdet - INFO - Epoch [1][33/8687]	lr: 1.299e-03, eta: 3:59:32, time: 1.564, data_time: 0.364, memory: 14956, loss_rpn_cls: 0.5448, loss_rpn_bbox: 0.0000, loss_cls: 0.0370, acc: 99.6094, loss_bbox: 0.0001, loss: 0.5819
2020-11-10 14:00:11,927 - mmdet - INFO - Epoch [1][34/8687]	lr: 1.339e-03, eta: 3:59:12, time: 1.590, data_time: 0.367, memory: 14956, loss_rpn_cls: 0.5505, loss_rpn_bbox: 0.0992, loss_cls: 0.2027, acc: 95.7031, loss_bbox: 0.0388, loss: 0.8912
2020-11-10 14:00:13,517 - mmdet - INFO - Epoch [1][35/8687]	lr: 1.379e-03, eta: 3:58:54, time: 1.591, data_time: 0.365, memory: 14956, loss_rpn_cls: 0.5450, loss_rpn_bbox: 0.1316, loss_cls: 0.2475, acc: 94.9219, loss_bbox: 0.0840, loss: 1.0081
2020-11-10 14:00:15,101 - mmdet - INFO - Epoch [1][36/8687]	lr: 1.419e-03, eta: 3:58:35, time: 1.583, data_time: 0.364, memory: 14956, loss_rpn_cls: 0.5229, loss_rpn_bbox: 0.1203, loss_cls: 0.1503, acc: 97.8516, loss_bbox: 0.0025, loss: 0.7959
2020-11-10 14:00:16,677 - mmdet - INFO - Epoch [1][37/8687]	lr: 1.459e-03, eta: 3:58:15, time: 1.576, data_time: 0.364, memory: 14956, loss_rpn_cls: 0.4706, loss_rpn_bbox: 0.0704, loss_cls: 0.1291, acc: 97.4609, loss_bbox: 0.0519, loss: 0.7220
2020-11-10 14:00:18,245 - mmdet - INFO - Epoch [1][38/8687]	lr: 1.499e-03, eta: 3:57:54, time: 1.568, data_time: 0.365, memory: 14956, loss_rpn_cls: 0.3703, loss_rpn_bbox: 0.0000, loss_cls: 0.0346, acc: 99.6094, loss_bbox: 0.0001, loss: 0.4051
2020-11-10 14:00:19,828 - mmdet - INFO - Epoch [1][39/8687]	lr: 1.538e-03, eta: 3:57:37, time: 1.583, data_time: 0.365, memory: 14956, loss_rpn_cls: 0.4404, loss_rpn_bbox: 0.0821, loss_cls: 0.1122, acc: 98.6328, loss_bbox: 0.0009, loss: 0.6357
2020-11-10 14:00:21,413 - mmdet - INFO - Epoch [1][40/8687]	lr: 1.578e-03, eta: 3:57:22, time: 1.587, data_time: 0.367, memory: 14956, loss_rpn_cls: 0.2886, loss_rpn_bbox: 0.0375, loss_cls: 0.0989, acc: 98.8281, loss_bbox: 0.0010, loss: 0.4260
2020-11-10 14:00:23,009 - mmdet - INFO - Epoch [1][41/8687]	lr: 1.618e-03, eta: 3:57:09, time: 1.595, data_time: 0.363, memory: 14956, loss_rpn_cls: 0.2563, loss_rpn_bbox: 0.0916, loss_cls: 0.2056, acc: 97.6562, loss_bbox: 0.0315, loss: 0.5850
2020-11-10 14:00:24,583 - mmdet - INFO - Epoch [1][42/8687]	lr: 1.658e-03, eta: 3:56:53, time: 1.573, data_time: 0.363, memory: 14956, loss_rpn_cls: 0.2720, loss_rpn_bbox: 0.1242, loss_cls: 0.2798, acc: 96.2891, loss_bbox: 0.0673, loss: 0.7432
2020-11-10 14:00:26,179 - mmdet - INFO - Epoch [1][43/8687]	lr: 1.698e-03, eta: 3:56:42, time: 1.596, data_time: 0.364, memory: 14956, loss_rpn_cls: 0.1565, loss_rpn_bbox: 0.0000, loss_cls: 0.0468, acc: 99.6094, loss_bbox: 0.0001, loss: 0.2034
2020-11-10 14:00:27,804 - mmdet - INFO - Epoch [1][44/8687]	lr: 1.738e-03, eta: 3:56:36, time: 1.625, data_time: 0.390, memory: 14956, loss_rpn_cls: 0.2364, loss_rpn_bbox: 0.1254, loss_cls: 0.2684, acc: 96.4844, loss_bbox: 0.0964, loss: 0.7266
2020-11-10 14:00:29,437 - mmdet - INFO - Epoch [1][45/8687]	lr: 1.778e-03, eta: 3:56:33, time: 1.633, data_time: 0.369, memory: 14956, loss_rpn_cls: 0.4518, loss_rpn_bbox: 0.1802, loss_cls: 0.3183, acc: 96.2891, loss_bbox: 0.0189, loss: 0.9692
2020-11-10 14:00:31,050 - mmdet - INFO - Epoch [1][46/8687]	lr: 1.818e-03, eta: 3:56:26, time: 1.613, data_time: 0.362, memory: 14956, loss_rpn_cls: 0.4752, loss_rpn_bbox: 0.4816, loss_cls: 0.2024, acc: 96.8750, loss_bbox: 0.0181, loss: 1.1773
2020-11-10 14:00:32,674 - mmdet - INFO - Epoch [1][47/8687]	lr: 1.858e-03, eta: 3:56:21, time: 1.624, data_time: 0.362, memory: 14956, loss_rpn_cls: 0.5760, loss_rpn_bbox: 0.1540, loss_cls: 0.2259, acc: 96.6797, loss_bbox: 0.0054, loss: 0.9613
2020-11-10 14:00:34,262 - mmdet - INFO - Epoch [1][48/8687]	lr: 1.898e-03, eta: 3:56:10, time: 1.587, data_time: 0.364, memory: 14956, loss_rpn_cls: 0.1392, loss_rpn_bbox: 0.0000, loss_cls: 0.0431, acc: 99.6094, loss_bbox: 0.0001, loss: 0.1824
2020-11-10 14:00:35,871 - mmdet - INFO - Epoch [1][49/8687]	lr: 1.938e-03, eta: 3:56:03, time: 1.609, data_time: 0.364, memory: 14956, loss_rpn_cls: 0.2968, loss_rpn_bbox: 0.1470, loss_cls: 0.0966, acc: 97.4609, loss_bbox: 0.0019, loss: 0.5423
2020-11-10 14:00:37,451 - mmdet - INFO - Epoch [1][50/8687]	lr: 1.978e-03, eta: 3:55:51, time: 1.580, data_time: 0.367, memory: 14956, loss_rpn_cls: 0.1074, loss_rpn_bbox: 0.0000, loss_cls: 0.0361, acc: 99.6094, loss_bbox: 0.0002, loss: 0.1437
2020-11-10 14:00:39,036 - mmdet - INFO - Epoch [1][51/8687]	lr: 2.018e-03, eta: 3:55:40, time: 1.584, data_time: 0.364, memory: 14956, loss_rpn_cls: 0.1947, loss_rpn_bbox: 0.0250, loss_cls: 0.0761, acc: 99.0234, loss_bbox: 0.0010, loss: 0.2967
