2020-11-17 23:25:35,186 - mmdet - INFO - Environment info:
------------------------------------------------------------
sys.platform: linux
Python: 3.6.4 |Anaconda, Inc.| (default, Jan 16 2018, 18:10:19) [GCC 7.2.0]
CUDA available: True
CUDA_HOME: /usr/local/cuda
NVCC: Cuda compilation tools, release 10.0, V10.0.130
GPU 0: Tesla P100-PCIE-16GB
GCC: gcc (GCC) 5.3.0
PyTorch: 1.3.1+cu100
PyTorch compiling details: PyTorch built with:
  - GCC 7.3
  - Intel(R) Math Kernel Library Version 2019.0.4 Product Build 20190411 for Intel(R) 64 architecture applications
  - Intel(R) MKL-DNN v0.20.5 (Git Hash 0125f28c61c1f822fd48570b4c1066f96fcb9b2e)
  - OpenMP 201511 (a.k.a. OpenMP 4.5)
  - NNPACK is enabled
  - CUDA Runtime 10.0
  - NVCC architecture flags: -gencode;arch=compute_37,code=sm_37;-gencode;arch=compute_50,code=sm_50;-gencode;arch=compute_60,code=sm_60;-gencode;arch=compute_61,code=sm_61;-gencode;arch=compute_70,code=sm_70;-gencode;arch=compute_75,code=sm_75;-gencode;arch=compute_37,code=compute_37
  - CuDNN 7.6.3
  - Magma 2.5.1
  - Build settings: BLAS=MKL, BUILD_NAMEDTENSOR=OFF, BUILD_TYPE=Release, CXX_FLAGS= -Wno-deprecated -fvisibility-inlines-hidden -fopenmp -DUSE_FBGEMM -DUSE_QNNPACK -DUSE_PYTORCH_QNNPACK -O2 -fPIC -Wno-narrowing -Wall -Wextra -Wno-missing-field-initializers -Wno-type-limits -Wno-array-bounds -Wno-unknown-pragmas -Wno-sign-compare -Wno-unused-parameter -Wno-unused-variable -Wno-unused-function -Wno-unused-result -Wno-strict-overflow -Wno-strict-aliasing -Wno-error=deprecated-declarations -Wno-stringop-overflow -Wno-error=pedantic -Wno-error=redundant-decls -Wno-error=old-style-cast -fdiagnostics-color=always -faligned-new -Wno-unused-but-set-variable -Wno-maybe-uninitialized -fno-math-errno -fno-trapping-math -Wno-stringop-overflow, DISABLE_NUMA=1, PERF_WITH_AVX=1, PERF_WITH_AVX2=1, PERF_WITH_AVX512=1, USE_CUDA=True, USE_EXCEPTION_PTR=1, USE_GFLAGS=OFF, USE_GLOG=OFF, USE_MKL=ON, USE_MKLDNN=ON, USE_MPI=OFF, USE_NCCL=ON, USE_NNPACK=ON, USE_OPENMP=ON, USE_STATIC_DISPATCH=OFF, 

TorchVision: 0.4.2+cu100
OpenCV: 4.4.0
MMCV: 1.0.5
MMDetection: 2.3.0+788fa8d
MMDetection Compiler: GCC 7.3
MMDetection CUDA Compiler: 10.0
------------------------------------------------------------

2020-11-17 23:25:35,186 - mmdet - INFO - Distributed training: False
2020-11-17 23:25:35,575 - mmdet - INFO - Config:
model = dict(
    type='FasterRCNN',
    pretrained='torchvision://resnet50',
    backbone=dict(
        type='ResNet',
        depth=50,
        num_stages=4,
        out_indices=(0, 1, 2, 3),
        frozen_stages=1,
        norm_cfg=dict(type='BN', requires_grad=True),
        norm_eval=True,
        style='pytorch'),
    neck=dict(
        type='FPN',
        in_channels=[256, 512, 1024, 2048],
        out_channels=256,
        num_outs=5),
    rpn_head=dict(
        type='RPNHead',
        in_channels=256,
        feat_channels=256,
        anchor_generator=dict(
            type='AnchorGenerator',
            scales=[8],
            ratios=[0.5, 1.0, 2.0],
            strides=[4, 8, 16, 32, 64]),
        bbox_coder=dict(
            type='DeltaXYWHBBoxCoder',
            target_means=[0.0, 0.0, 0.0, 0.0],
            target_stds=[1.0, 1.0, 1.0, 1.0]),
        loss_cls=dict(
            type='CrossEntropyLoss', use_sigmoid=True, loss_weight=1.0),
        loss_bbox=dict(type='L1Loss', loss_weight=1.0)),
    roi_head=dict(
        type='StandardRoIHead',
        bbox_roi_extractor=dict(
            type='SingleRoIExtractor',
            roi_layer=dict(type='RoIAlign', output_size=7, sampling_ratio=0),
            out_channels=256,
            featmap_strides=[4, 8, 16, 32]),
        bbox_head=dict(
            type='Shared2FCBBoxHead',
            in_channels=256,
            fc_out_channels=1024,
            roi_feat_size=7,
            num_classes=2,
            bbox_coder=dict(
                type='DeltaXYWHBBoxCoder',
                target_means=[0.0, 0.0, 0.0, 0.0],
                target_stds=[0.1, 0.1, 0.2, 0.2]),
            reg_class_agnostic=False,
            loss_cls=dict(
                type='CrossEntropyLoss', use_sigmoid=False, loss_weight=1.0),
            loss_bbox=dict(type='L1Loss', loss_weight=1.0))))
train_cfg = dict(
    rpn=dict(
        assigner=dict(
            type='MaxIoUAssigner',
            pos_iou_thr=0.7,
            neg_iou_thr=0.3,
            min_pos_iou=0.3,
            match_low_quality=True,
            ignore_iof_thr=-1),
        sampler=dict(
            type='RandomSampler',
            num=256,
            pos_fraction=0.5,
            neg_pos_ub=-1,
            add_gt_as_proposals=False),
        allowed_border=-1,
        pos_weight=-1,
        debug=False),
    rpn_proposal=dict(
        nms_across_levels=False,
        nms_pre=2000,
        nms_post=1000,
        max_num=1000,
        nms_thr=0.7,
        min_bbox_size=0),
    rcnn=dict(
        assigner=dict(
            type='MaxIoUAssigner',
            pos_iou_thr=0.5,
            neg_iou_thr=0.5,
            min_pos_iou=0.5,
            match_low_quality=False,
            ignore_iof_thr=-1),
        sampler=dict(
            type='RandomSampler',
            num=512,
            pos_fraction=0.25,
            neg_pos_ub=-1,
            add_gt_as_proposals=True),
        pos_weight=-1,
        debug=False))
test_cfg = dict(
    rpn=dict(
        nms_across_levels=False,
        nms_pre=1000,
        nms_post=1000,
        max_num=1000,
        nms_thr=0.7,
        min_bbox_size=0),
    rcnn=dict(
        score_thr=0.05,
        nms=dict(type='nms', iou_threshold=0.5),
        max_per_img=100))
dataset_type = 'CocoDataset'
data_root = 'data/coco/'
img_norm_cfg = dict(
    mean=[123.675, 116.28, 103.53], std=[58.395, 57.12, 57.375], to_rgb=True)
train_pipeline = [
    dict(type='LoadImageFromFile'),
    dict(type='LoadAnnotations', with_bbox=True),
    dict(type='Resize', img_scale=(1550, 1550), keep_ratio=True),
    dict(type='RandomFlip', flip_ratio=0.5),
    dict(
        type='Normalize',
        mean=[123.675, 116.28, 103.53],
        std=[58.395, 57.12, 57.375],
        to_rgb=True),
    dict(type='Pad', size_divisor=32),
    dict(type='DefaultFormatBundle'),
    dict(type='Collect', keys=['img', 'gt_bboxes', 'gt_labels'])
]
test_pipeline = [
    dict(type='LoadImageFromFile'),
    dict(
        type='MultiScaleFlipAug',
        img_scale=(1550, 1550),
        flip=False,
        transforms=[
            dict(type='Resize', keep_ratio=True),
            dict(type='RandomFlip'),
            dict(
                type='Normalize',
                mean=[123.675, 116.28, 103.53],
                std=[58.395, 57.12, 57.375],
                to_rgb=True),
            dict(type='Pad', size_divisor=32),
            dict(type='ImageToTensor', keys=['img']),
            dict(type='Collect', keys=['img'])
        ])
]
data = dict(
    samples_per_gpu=2,
    workers_per_gpu=2,
    train=dict(
        type='CocoDataset',
        ann_file='data/coco/annotations/annotations_trai.json',
        img_prefix='data/coco/img/',
        pipeline=[
            dict(type='LoadImageFromFile'),
            dict(type='LoadAnnotations', with_bbox=True),
            dict(type='Resize', img_scale=(1550, 1550), keep_ratio=True),
            dict(type='RandomFlip', flip_ratio=0.5),
            dict(
                type='Normalize',
                mean=[123.675, 116.28, 103.53],
                std=[58.395, 57.12, 57.375],
                to_rgb=True),
            dict(type='Pad', size_divisor=32),
            dict(type='DefaultFormatBundle'),
            dict(type='Collect', keys=['img', 'gt_bboxes', 'gt_labels'])
        ]),
    val=dict(
        type='CocoDataset',
        ann_file='data/coco/annotations/annotations_test.json',
        img_prefix='data/coco/img/',
        pipeline=[
            dict(type='LoadImageFromFile'),
            dict(
                type='MultiScaleFlipAug',
                img_scale=(1550, 1550),
                flip=False,
                transforms=[
                    dict(type='Resize', keep_ratio=True),
                    dict(type='RandomFlip'),
                    dict(
                        type='Normalize',
                        mean=[123.675, 116.28, 103.53],
                        std=[58.395, 57.12, 57.375],
                        to_rgb=True),
                    dict(type='Pad', size_divisor=32),
                    dict(type='ImageToTensor', keys=['img']),
                    dict(type='Collect', keys=['img'])
                ])
        ]),
    test=dict(
        type='CocoDataset',
        ann_file='data/coco/annotations/annotations_vals.json',
        img_prefix='data/coco/img/',
        pipeline=[
            dict(type='LoadImageFromFile'),
            dict(
                type='MultiScaleFlipAug',
                img_scale=(1550, 1550),
                flip=False,
                transforms=[
                    dict(type='Resize', keep_ratio=True),
                    dict(type='RandomFlip'),
                    dict(
                        type='Normalize',
                        mean=[123.675, 116.28, 103.53],
                        std=[58.395, 57.12, 57.375],
                        to_rgb=True),
                    dict(type='Pad', size_divisor=32),
                    dict(type='ImageToTensor', keys=['img']),
                    dict(type='Collect', keys=['img'])
                ])
        ]))
evaluation = dict(interval=1, metric='bbox')
optimizer = dict(type='SGD', lr=0.01, momentum=0.9, weight_decay=0.0001)
optimizer_config = dict(grad_clip=None)
lr_config = dict(
    policy='step',
    warmup='linear',
    warmup_iters=500,
    warmup_ratio=0.001,
    step=[8, 11])
total_epochs = 4
checkpoint_config = dict(interval=4)
log_config = dict(interval=100, hooks=[dict(type='TextLoggerHook')])
dist_params = dict(backend='nccl')
log_level = 'INFO'
load_from = '/home/admin/.cache/torch/checkpoints/X.pth'
resume_from = None
workflow = [('train', 2), ('val', 1)]
work_dir = '/home/admin/jupyter/SecurityAI_Round5/data/work'
gpu_ids = range(0, 1)

2020-11-17 23:25:36,081 - mmdet - INFO - load model from: torchvision://resnet50
2020-11-17 23:25:44,522 - mmdet - WARNING - The model and loaded state dict do not match exactly

unexpected key in source state_dict: fc.weight, fc.bias

2020-11-17 23:25:55,203 - mmdet - INFO - load checkpoint from /home/admin/.cache/torch/checkpoints/X.pth
2020-11-17 23:26:02,318 - mmdet - INFO - Start running, host: admin@fuxilabor_labor0_S4_Odps_S96_dsw_prepaid_cnsh_838_2020111715115, work_dir: /home/admin/jupyter/SecurityAI_Round5/data/work
2020-11-17 23:26:02,318 - mmdet - INFO - workflow: [('train', 2), ('val', 1)], max: 4 epochs
2020-11-17 23:27:20,227 - mmdet - INFO - Epoch [1][100/614]	lr: 1.988e-03, eta: 0:30:30, time: 0.777, data_time: 0.034, memory: 11884, loss_rpn_cls: 0.0264, loss_rpn_bbox: 0.0755, loss_cls: 0.1276, acc: 94.9199, loss_bbox: 0.2119, loss: 0.4414
2020-11-17 23:28:34,595 - mmdet - INFO - Epoch [1][200/614]	lr: 3.986e-03, eta: 0:28:35, time: 0.744, data_time: 0.012, memory: 11884, loss_rpn_cls: 0.0193, loss_rpn_bbox: 0.0659, loss_cls: 0.1113, acc: 95.5146, loss_bbox: 0.1830, loss: 0.3795
2020-11-17 23:29:48,829 - mmdet - INFO - Epoch [1][300/614]	lr: 5.984e-03, eta: 0:27:06, time: 0.742, data_time: 0.012, memory: 11884, loss_rpn_cls: 0.0175, loss_rpn_bbox: 0.0644, loss_cls: 0.1142, acc: 95.4980, loss_bbox: 0.1939, loss: 0.3900
2020-11-17 23:31:02,895 - mmdet - INFO - Epoch [1][400/614]	lr: 7.982e-03, eta: 0:25:43, time: 0.741, data_time: 0.012, memory: 11884, loss_rpn_cls: 0.0139, loss_rpn_bbox: 0.0692, loss_cls: 0.1072, acc: 95.7783, loss_bbox: 0.1969, loss: 0.3873
2020-11-17 23:32:16,893 - mmdet - INFO - Epoch [1][500/614]	lr: 9.980e-03, eta: 0:24:24, time: 0.740, data_time: 0.012, memory: 11884, loss_rpn_cls: 0.0254, loss_rpn_bbox: 0.0723, loss_cls: 0.1115, acc: 95.5918, loss_bbox: 0.1778, loss: 0.3871
2020-11-17 23:33:31,202 - mmdet - INFO - Epoch [1][600/614]	lr: 1.000e-02, eta: 0:23:07, time: 0.743, data_time: 0.012, memory: 11884, loss_rpn_cls: 0.0487, loss_rpn_bbox: 0.0885, loss_cls: 0.1447, acc: 94.5283, loss_bbox: 0.2108, loss: 0.4927
2020-11-17 23:34:06,834 - mmdet - INFO - Evaluating bbox...
2020-11-17 23:34:11,124 - mmdet - INFO - Epoch [1][614/614]	lr: 1.000e-02, bbox_mAP: 0.6360, bbox_mAP_50: 0.7810, bbox_mAP_75: 0.6740, bbox_mAP_s: 0.1680, bbox_mAP_m: 0.5520, bbox_mAP_l: 0.7200, bbox_mAP_copypaste: 0.636 0.781 0.674 0.168 0.552 0.720
2020-11-17 23:35:27,707 - mmdet - INFO - Epoch [2][100/614]	lr: 1.000e-02, eta: 0:21:21, time: 0.764, data_time: 0.034, memory: 11884, loss_rpn_cls: 0.0248, loss_rpn_bbox: 0.0795, loss_cls: 0.1198, acc: 95.2451, loss_bbox: 0.1989, loss: 0.4230
2020-11-17 23:36:42,062 - mmdet - INFO - Epoch [2][200/614]	lr: 1.000e-02, eta: 0:20:09, time: 0.744, data_time: 0.012, memory: 11884, loss_rpn_cls: 0.0248, loss_rpn_bbox: 0.0814, loss_cls: 0.1405, acc: 94.3750, loss_bbox: 0.2297, loss: 0.4765
2020-11-17 23:37:56,359 - mmdet - INFO - Epoch [2][300/614]	lr: 1.000e-02, eta: 0:18:56, time: 0.743, data_time: 0.012, memory: 11909, loss_rpn_cls: 0.0199, loss_rpn_bbox: 0.0741, loss_cls: 0.1200, acc: 95.2480, loss_bbox: 0.1996, loss: 0.4136
2020-11-17 23:39:10,692 - mmdet - INFO - Epoch [2][400/614]	lr: 1.000e-02, eta: 0:17:43, time: 0.743, data_time: 0.012, memory: 11909, loss_rpn_cls: 0.0572, loss_rpn_bbox: 0.0878, loss_cls: 0.1505, acc: 94.2578, loss_bbox: 0.2092, loss: 0.5048
2020-11-17 23:40:24,964 - mmdet - INFO - Epoch [2][500/614]	lr: 1.000e-02, eta: 0:16:30, time: 0.743, data_time: 0.012, memory: 11909, loss_rpn_cls: 0.0366, loss_rpn_bbox: 0.0801, loss_cls: 0.1285, acc: 94.9854, loss_bbox: 0.1948, loss: 0.4400
2020-11-17 23:41:39,248 - mmdet - INFO - Epoch [2][600/614]	lr: 1.000e-02, eta: 0:15:17, time: 0.743, data_time: 0.012, memory: 11909, loss_rpn_cls: 0.0452, loss_rpn_bbox: 0.0819, loss_cls: 0.1301, acc: 95.0127, loss_bbox: 0.1858, loss: 0.4431
2020-11-17 23:42:14,986 - mmdet - INFO - Evaluating bbox...
2020-11-17 23:42:17,979 - mmdet - INFO - Epoch [2][614/614]	lr: 1.000e-02, bbox_mAP: 0.6900, bbox_mAP_50: 0.8200, bbox_mAP_75: 0.7280, bbox_mAP_s: 0.1690, bbox_mAP_m: 0.5900, bbox_mAP_l: 0.7810, bbox_mAP_copypaste: 0.690 0.820 0.728 0.169 0.590 0.781
2020-11-17 23:42:49,238 - mmdet - INFO - Epoch(train) [2][78]	loss_rpn_cls: 0.0354, loss_rpn_bbox: 0.0787, loss_cls: 0.1336, acc: 94.8618, loss_bbox: 0.2140, loss: 0.4618
2020-11-17 23:44:05,891 - mmdet - INFO - Epoch [3][100/614]	lr: 1.000e-02, eta: 0:13:46, time: 0.765, data_time: 0.033, memory: 11909, loss_rpn_cls: 0.0199, loss_rpn_bbox: 0.0754, loss_cls: 0.1165, acc: 95.3291, loss_bbox: 0.2025, loss: 0.4143
2020-11-17 23:45:20,028 - mmdet - INFO - Epoch [3][200/614]	lr: 1.000e-02, eta: 0:12:33, time: 0.741, data_time: 0.012, memory: 11909, loss_rpn_cls: 0.0256, loss_rpn_bbox: 0.0786, loss_cls: 0.1125, acc: 95.6152, loss_bbox: 0.1877, loss: 0.4044
2020-11-17 23:46:34,420 - mmdet - INFO - Epoch [3][300/614]	lr: 1.000e-02, eta: 0:11:21, time: 0.744, data_time: 0.012, memory: 11909, loss_rpn_cls: 0.0202, loss_rpn_bbox: 0.0771, loss_cls: 0.1169, acc: 95.4131, loss_bbox: 0.1997, loss: 0.4140
2020-11-17 23:47:48,776 - mmdet - INFO - Epoch [3][400/614]	lr: 1.000e-02, eta: 0:10:08, time: 0.744, data_time: 0.012, memory: 11909, loss_rpn_cls: 0.0300, loss_rpn_bbox: 0.0763, loss_cls: 0.1186, acc: 95.3506, loss_bbox: 0.1923, loss: 0.4171
2020-11-17 23:49:02,992 - mmdet - INFO - Epoch [3][500/614]	lr: 1.000e-02, eta: 0:08:55, time: 0.742, data_time: 0.012, memory: 11909, loss_rpn_cls: 0.0156, loss_rpn_bbox: 0.0762, loss_cls: 0.1217, acc: 95.1455, loss_bbox: 0.2124, loss: 0.4259
2020-11-17 23:50:17,335 - mmdet - INFO - Epoch [3][600/614]	lr: 1.000e-02, eta: 0:07:41, time: 0.743, data_time: 0.012, memory: 11909, loss_rpn_cls: 0.0253, loss_rpn_bbox: 0.0793, loss_cls: 0.1462, acc: 94.0869, loss_bbox: 0.2282, loss: 0.4791
2020-11-17 23:50:53,189 - mmdet - INFO - Evaluating bbox...
2020-11-17 23:50:57,095 - mmdet - INFO - Epoch [3][614/614]	lr: 1.000e-02, bbox_mAP: 0.6610, bbox_mAP_50: 0.7910, bbox_mAP_75: 0.6960, bbox_mAP_s: 0.1470, bbox_mAP_m: 0.5630, bbox_mAP_l: 0.7450, bbox_mAP_copypaste: 0.661 0.791 0.696 0.147 0.563 0.745
2020-11-17 23:52:13,703 - mmdet - INFO - Epoch [4][100/614]	lr: 1.000e-02, eta: 0:06:16, time: 0.764, data_time: 0.034, memory: 11909, loss_rpn_cls: 0.0183, loss_rpn_bbox: 0.0759, loss_cls: 0.1076, acc: 95.7266, loss_bbox: 0.1912, loss: 0.3931
2020-11-17 23:53:28,034 - mmdet - INFO - Epoch [4][200/614]	lr: 1.000e-02, eta: 0:05:03, time: 0.743, data_time: 0.012, memory: 11909, loss_rpn_cls: 0.0228, loss_rpn_bbox: 0.0827, loss_cls: 0.1268, acc: 94.9287, loss_bbox: 0.2113, loss: 0.4436
2020-11-17 23:54:42,472 - mmdet - INFO - Epoch [4][300/614]	lr: 1.000e-02, eta: 0:03:50, time: 0.744, data_time: 0.012, memory: 11909, loss_rpn_cls: 0.0215, loss_rpn_bbox: 0.0727, loss_cls: 0.1228, acc: 95.1045, loss_bbox: 0.2012, loss: 0.4182
2020-11-17 23:55:56,796 - mmdet - INFO - Epoch [4][400/614]	lr: 1.000e-02, eta: 0:02:36, time: 0.743, data_time: 0.012, memory: 11909, loss_rpn_cls: 0.0174, loss_rpn_bbox: 0.0769, loss_cls: 0.1244, acc: 94.9395, loss_bbox: 0.2170, loss: 0.4357
2020-11-17 23:57:11,024 - mmdet - INFO - Epoch [4][500/614]	lr: 1.000e-02, eta: 0:01:23, time: 0.742, data_time: 0.012, memory: 11909, loss_rpn_cls: 0.0161, loss_rpn_bbox: 0.0746, loss_cls: 0.1151, acc: 95.4209, loss_bbox: 0.2046, loss: 0.4104
2020-11-17 23:58:25,453 - mmdet - INFO - Epoch [4][600/614]	lr: 1.000e-02, eta: 0:00:10, time: 0.744, data_time: 0.012, memory: 11909, loss_rpn_cls: 0.0208, loss_rpn_bbox: 0.0745, loss_cls: 0.1230, acc: 95.2559, loss_bbox: 0.1949, loss: 0.4131
2020-11-17 23:58:35,737 - mmdet - INFO - Saving checkpoint at 4 epochs
2020-11-17 23:59:02,421 - mmdet - INFO - Evaluating bbox...
2020-11-17 23:59:06,288 - mmdet - INFO - Epoch [4][614/614]	lr: 1.000e-02, bbox_mAP: 0.6770, bbox_mAP_50: 0.8130, bbox_mAP_75: 0.7150, bbox_mAP_s: 0.1540, bbox_mAP_m: 0.5710, bbox_mAP_l: 0.7590, bbox_mAP_copypaste: 0.677 0.813 0.715 0.154 0.571 0.759
2020-11-17 23:59:37,290 - mmdet - INFO - Epoch(train) [4][78]	loss_rpn_cls: 0.0263, loss_rpn_bbox: 0.0784, loss_cls: 0.1514, acc: 94.0567, loss_bbox: 0.2351, loss: 0.4913
