2020-11-20 09:21:38,903 - mmdet - INFO - Environment info:
------------------------------------------------------------
sys.platform: linux
Python: 3.6.4 |Anaconda, Inc.| (default, Jan 16 2018, 18:10:19) [GCC 7.2.0]
CUDA available: True
CUDA_HOME: /usr/local/cuda
NVCC: Cuda compilation tools, release 10.0, V10.0.130
GPU 0: Tesla P100-PCIE-16GB
GCC: gcc (GCC) 5.3.0
PyTorch: 1.3.1+cu100
PyTorch compiling details: PyTorch built with:
  - GCC 7.3
  - Intel(R) Math Kernel Library Version 2019.0.4 Product Build 20190411 for Intel(R) 64 architecture applications
  - Intel(R) MKL-DNN v0.20.5 (Git Hash 0125f28c61c1f822fd48570b4c1066f96fcb9b2e)
  - OpenMP 201511 (a.k.a. OpenMP 4.5)
  - NNPACK is enabled
  - CUDA Runtime 10.0
  - NVCC architecture flags: -gencode;arch=compute_37,code=sm_37;-gencode;arch=compute_50,code=sm_50;-gencode;arch=compute_60,code=sm_60;-gencode;arch=compute_61,code=sm_61;-gencode;arch=compute_70,code=sm_70;-gencode;arch=compute_75,code=sm_75;-gencode;arch=compute_37,code=compute_37
  - CuDNN 7.6.3
  - Magma 2.5.1
  - Build settings: BLAS=MKL, BUILD_NAMEDTENSOR=OFF, BUILD_TYPE=Release, CXX_FLAGS= -Wno-deprecated -fvisibility-inlines-hidden -fopenmp -DUSE_FBGEMM -DUSE_QNNPACK -DUSE_PYTORCH_QNNPACK -O2 -fPIC -Wno-narrowing -Wall -Wextra -Wno-missing-field-initializers -Wno-type-limits -Wno-array-bounds -Wno-unknown-pragmas -Wno-sign-compare -Wno-unused-parameter -Wno-unused-variable -Wno-unused-function -Wno-unused-result -Wno-strict-overflow -Wno-strict-aliasing -Wno-error=deprecated-declarations -Wno-stringop-overflow -Wno-error=pedantic -Wno-error=redundant-decls -Wno-error=old-style-cast -fdiagnostics-color=always -faligned-new -Wno-unused-but-set-variable -Wno-maybe-uninitialized -fno-math-errno -fno-trapping-math -Wno-stringop-overflow, DISABLE_NUMA=1, PERF_WITH_AVX=1, PERF_WITH_AVX2=1, PERF_WITH_AVX512=1, USE_CUDA=True, USE_EXCEPTION_PTR=1, USE_GFLAGS=OFF, USE_GLOG=OFF, USE_MKL=ON, USE_MKLDNN=ON, USE_MPI=OFF, USE_NCCL=ON, USE_NNPACK=ON, USE_OPENMP=ON, USE_STATIC_DISPATCH=OFF, 

TorchVision: 0.4.2+cu100
OpenCV: 4.4.0
MMCV: 1.0.5
MMDetection: 2.3.0+788fa8d
MMDetection Compiler: GCC 7.3
MMDetection CUDA Compiler: 10.0
------------------------------------------------------------

2020-11-20 09:21:38,903 - mmdet - INFO - Distributed training: False
2020-11-20 09:21:39,291 - mmdet - INFO - Config:
model = dict(
    type='FasterRCNN',
    pretrained='torchvision://resnet50',
    backbone=dict(
        type='ResNet',
        depth=50,
        num_stages=4,
        out_indices=(0, 1, 2, 3),
        frozen_stages=1,
        norm_cfg=dict(type='BN', requires_grad=True),
        norm_eval=True,
        style='pytorch'),
    neck=dict(
        type='FPN',
        in_channels=[256, 512, 1024, 2048],
        out_channels=256,
        num_outs=5),
    rpn_head=dict(
        type='RPNHead',
        in_channels=256,
        feat_channels=256,
        anchor_generator=dict(
            type='AnchorGenerator',
            scales=[8],
            ratios=[0.5, 1.0, 2.0],
            strides=[4, 8, 16, 32, 64]),
        bbox_coder=dict(
            type='DeltaXYWHBBoxCoder',
            target_means=[0.0, 0.0, 0.0, 0.0],
            target_stds=[1.0, 1.0, 1.0, 1.0]),
        loss_cls=dict(
            type='CrossEntropyLoss', use_sigmoid=True, loss_weight=1.0),
        loss_bbox=dict(type='L1Loss', loss_weight=1.0)),
    roi_head=dict(
        type='StandardRoIHead',
        bbox_roi_extractor=dict(
            type='SingleRoIExtractor',
            roi_layer=dict(type='RoIAlign', output_size=7, sampling_ratio=0),
            out_channels=256,
            featmap_strides=[4, 8, 16, 32]),
        bbox_head=dict(
            type='Shared2FCBBoxHead',
            in_channels=256,
            fc_out_channels=1024,
            roi_feat_size=7,
            num_classes=2,
            bbox_coder=dict(
                type='DeltaXYWHBBoxCoder',
                target_means=[0.0, 0.0, 0.0, 0.0],
                target_stds=[0.1, 0.1, 0.2, 0.2]),
            reg_class_agnostic=False,
            loss_cls=dict(
                type='CrossEntropyLoss', use_sigmoid=False, loss_weight=1.0),
            loss_bbox=dict(type='L1Loss', loss_weight=1.0))))
train_cfg = dict(
    rpn=dict(
        assigner=dict(
            type='MaxIoUAssigner',
            pos_iou_thr=0.7,
            neg_iou_thr=0.3,
            min_pos_iou=0.3,
            match_low_quality=True,
            ignore_iof_thr=-1),
        sampler=dict(
            type='RandomSampler',
            num=256,
            pos_fraction=0.5,
            neg_pos_ub=-1,
            add_gt_as_proposals=False),
        allowed_border=-1,
        pos_weight=-1,
        debug=False),
    rpn_proposal=dict(
        nms_across_levels=False,
        nms_pre=2000,
        nms_post=1000,
        max_num=1000,
        nms_thr=0.7,
        min_bbox_size=0),
    rcnn=dict(
        assigner=dict(
            type='MaxIoUAssigner',
            pos_iou_thr=0.5,
            neg_iou_thr=0.5,
            min_pos_iou=0.5,
            match_low_quality=False,
            ignore_iof_thr=-1),
        sampler=dict(
            type='RandomSampler',
            num=512,
            pos_fraction=0.25,
            neg_pos_ub=-1,
            add_gt_as_proposals=True),
        pos_weight=-1,
        debug=False))
test_cfg = dict(
    rpn=dict(
        nms_across_levels=False,
        nms_pre=1000,
        nms_post=1000,
        max_num=1000,
        nms_thr=0.7,
        min_bbox_size=0),
    rcnn=dict(
        score_thr=0.05,
        nms=dict(type='nms', iou_threshold=0.5),
        max_per_img=100))
dataset_type = 'CocoDataset'
data_root = 'data/coco/'
img_norm_cfg = dict(
    mean=[123.675, 116.28, 103.53], std=[58.395, 57.12, 57.375], to_rgb=True)
train_pipeline = [
    dict(type='LoadImageFromFile'),
    dict(type='LoadAnnotations', with_bbox=True),
    dict(type='Resize', img_scale=(1550, 1550), keep_ratio=True),
    dict(type='RandomFlip', flip_ratio=0.5),
    dict(
        type='Normalize',
        mean=[123.675, 116.28, 103.53],
        std=[58.395, 57.12, 57.375],
        to_rgb=True),
    dict(type='Pad', size_divisor=32),
    dict(type='DefaultFormatBundle'),
    dict(type='Collect', keys=['img', 'gt_bboxes', 'gt_labels'])
]
test_pipeline = [
    dict(type='LoadImageFromFile'),
    dict(
        type='MultiScaleFlipAug',
        img_scale=(1550, 1550),
        flip=False,
        transforms=[
            dict(type='Resize', keep_ratio=True),
            dict(type='RandomFlip'),
            dict(
                type='Normalize',
                mean=[123.675, 116.28, 103.53],
                std=[58.395, 57.12, 57.375],
                to_rgb=True),
            dict(type='Pad', size_divisor=32),
            dict(type='ImageToTensor', keys=['img']),
            dict(type='Collect', keys=['img'])
        ])
]
data = dict(
    samples_per_gpu=2,
    workers_per_gpu=2,
    train=dict(
        type='CocoDataset',
        ann_file='data/coco/annotations/annotations_trai.json',
        img_prefix='data/coco/img/',
        pipeline=[
            dict(type='LoadImageFromFile'),
            dict(type='LoadAnnotations', with_bbox=True),
            dict(type='Resize', img_scale=(1550, 1550), keep_ratio=True),
            dict(type='RandomFlip', flip_ratio=0.5),
            dict(
                type='Normalize',
                mean=[123.675, 116.28, 103.53],
                std=[58.395, 57.12, 57.375],
                to_rgb=True),
            dict(type='Pad', size_divisor=32),
            dict(type='DefaultFormatBundle'),
            dict(type='Collect', keys=['img', 'gt_bboxes', 'gt_labels'])
        ]),
    val=dict(
        type='CocoDataset',
        ann_file='data/coco/annotations/annotations_test.json',
        img_prefix='data/coco/img/',
        pipeline=[
            dict(type='LoadImageFromFile'),
            dict(
                type='MultiScaleFlipAug',
                img_scale=(1550, 1550),
                flip=False,
                transforms=[
                    dict(type='Resize', keep_ratio=True),
                    dict(type='RandomFlip'),
                    dict(
                        type='Normalize',
                        mean=[123.675, 116.28, 103.53],
                        std=[58.395, 57.12, 57.375],
                        to_rgb=True),
                    dict(type='Pad', size_divisor=32),
                    dict(type='ImageToTensor', keys=['img']),
                    dict(type='Collect', keys=['img'])
                ])
        ]),
    test=dict(
        type='CocoDataset',
        ann_file='data/coco/annotations/annotations_vals.json',
        img_prefix='data/coco/img/',
        pipeline=[
            dict(type='LoadImageFromFile'),
            dict(
                type='MultiScaleFlipAug',
                img_scale=(1550, 1550),
                flip=False,
                transforms=[
                    dict(type='Resize', keep_ratio=True),
                    dict(type='RandomFlip'),
                    dict(
                        type='Normalize',
                        mean=[123.675, 116.28, 103.53],
                        std=[58.395, 57.12, 57.375],
                        to_rgb=True),
                    dict(type='Pad', size_divisor=32),
                    dict(type='ImageToTensor', keys=['img']),
                    dict(type='Collect', keys=['img'])
                ])
        ]))
evaluation = dict(interval=1, metric='bbox')
optimizer = dict(type='SGD', lr=0.01, momentum=0.9, weight_decay=0.0001)
optimizer_config = dict(grad_clip=None)
lr_config = dict(
    policy='step',
    warmup='linear',
    warmup_iters=500,
    warmup_ratio=0.001,
    step=[8, 11])
total_epochs = 4
checkpoint_config = dict(interval=4)
log_config = dict(interval=100, hooks=[dict(type='TextLoggerHook')])
dist_params = dict(backend='nccl')
log_level = 'INFO'
load_from = '/home/admin/.cache/torch/checkpoints/X.pth'
resume_from = None
workflow = [('train', 2), ('val', 1)]
work_dir = '/home/admin/jupyter/SecurityAI_Round5/data/work'
gpu_ids = range(0, 1)

2020-11-20 09:21:39,783 - mmdet - INFO - load model from: torchvision://resnet50
2020-11-20 09:21:47,616 - mmdet - WARNING - The model and loaded state dict do not match exactly

unexpected key in source state_dict: fc.weight, fc.bias

2020-11-20 09:21:57,683 - mmdet - INFO - load checkpoint from /home/admin/.cache/torch/checkpoints/X.pth
2020-11-20 09:22:04,379 - mmdet - INFO - Start running, host: admin@fuxilabor_labor0_S4_Odps_S96_dsw_prepaid_cnsh_838_2020112000281, work_dir: /home/admin/jupyter/SecurityAI_Round5/data/work
2020-11-20 09:22:04,379 - mmdet - INFO - workflow: [('train', 2), ('val', 1)], max: 4 epochs
2020-11-20 09:23:21,682 - mmdet - INFO - Epoch [1][100/618]	lr: 1.988e-03, eta: 0:30:28, time: 0.771, data_time: 0.033, memory: 8026, loss_rpn_cls: 0.0060, loss_rpn_bbox: 0.0409, loss_cls: 0.0559, acc: 97.7354, loss_bbox: 0.1113, loss: 0.2141
2020-11-20 09:24:36,178 - mmdet - INFO - Epoch [1][200/618]	lr: 3.986e-03, eta: 0:28:42, time: 0.745, data_time: 0.012, memory: 8661, loss_rpn_cls: 0.0055, loss_rpn_bbox: 0.0343, loss_cls: 0.0439, acc: 98.2217, loss_bbox: 0.0920, loss: 0.1756
2020-11-20 09:25:51,267 - mmdet - INFO - Epoch [1][300/618]	lr: 5.984e-03, eta: 0:27:21, time: 0.751, data_time: 0.012, memory: 10078, loss_rpn_cls: 0.0063, loss_rpn_bbox: 0.0399, loss_cls: 0.0523, acc: 97.7930, loss_bbox: 0.1041, loss: 0.2027
2020-11-20 09:27:05,871 - mmdet - INFO - Epoch [1][400/618]	lr: 7.982e-03, eta: 0:26:00, time: 0.746, data_time: 0.012, memory: 10078, loss_rpn_cls: 0.0036, loss_rpn_bbox: 0.0362, loss_cls: 0.0345, acc: 98.5635, loss_bbox: 0.0897, loss: 0.1640
2020-11-20 09:28:20,866 - mmdet - INFO - Epoch [1][500/618]	lr: 9.980e-03, eta: 0:24:44, time: 0.750, data_time: 0.012, memory: 11887, loss_rpn_cls: 0.0040, loss_rpn_bbox: 0.0396, loss_cls: 0.0461, acc: 98.0156, loss_bbox: 0.1021, loss: 0.1917
2020-11-20 09:29:35,445 - mmdet - INFO - Epoch [1][600/618]	lr: 1.000e-02, eta: 0:23:26, time: 0.746, data_time: 0.012, memory: 11887, loss_rpn_cls: 0.0031, loss_rpn_bbox: 0.0407, loss_cls: 0.0420, acc: 98.2646, loss_bbox: 0.0983, loss: 0.1840
2020-11-20 09:30:12,363 - mmdet - INFO - Evaluating bbox...
2020-11-20 09:30:14,962 - mmdet - INFO - Epoch [1][618/618]	lr: 1.000e-02, bbox_mAP: 0.7840, bbox_mAP_50: 0.8720, bbox_mAP_75: 0.8400, bbox_mAP_s: 0.4800, bbox_mAP_m: 0.7770, bbox_mAP_l: 0.8720, bbox_mAP_copypaste: 0.784 0.872 0.840 0.480 0.777 0.872
2020-11-20 09:31:32,036 - mmdet - INFO - Epoch [2][100/618]	lr: 1.000e-02, eta: 0:21:29, time: 0.769, data_time: 0.034, memory: 11887, loss_rpn_cls: 0.0052, loss_rpn_bbox: 0.0432, loss_cls: 0.0462, acc: 98.1045, loss_bbox: 0.0999, loss: 0.1945
2020-11-20 09:32:46,870 - mmdet - INFO - Epoch [2][200/618]	lr: 1.000e-02, eta: 0:20:18, time: 0.748, data_time: 0.012, memory: 11913, loss_rpn_cls: 0.0050, loss_rpn_bbox: 0.0414, loss_cls: 0.0483, acc: 97.9609, loss_bbox: 0.1020, loss: 0.1967
2020-11-20 09:34:01,387 - mmdet - INFO - Epoch [2][300/618]	lr: 1.000e-02, eta: 0:19:06, time: 0.745, data_time: 0.012, memory: 11913, loss_rpn_cls: 0.0067, loss_rpn_bbox: 0.0430, loss_cls: 0.0507, acc: 98.0215, loss_bbox: 0.1004, loss: 0.2008
2020-11-20 09:35:16,126 - mmdet - INFO - Epoch [2][400/618]	lr: 1.000e-02, eta: 0:17:53, time: 0.747, data_time: 0.012, memory: 11913, loss_rpn_cls: 0.0046, loss_rpn_bbox: 0.0431, loss_cls: 0.0444, acc: 98.2256, loss_bbox: 0.1028, loss: 0.1948
2020-11-20 09:36:30,868 - mmdet - INFO - Epoch [2][500/618]	lr: 1.000e-02, eta: 0:16:41, time: 0.747, data_time: 0.012, memory: 11913, loss_rpn_cls: 0.0040, loss_rpn_bbox: 0.0444, loss_cls: 0.0510, acc: 97.8408, loss_bbox: 0.1147, loss: 0.2141
2020-11-20 09:37:45,448 - mmdet - INFO - Epoch [2][600/618]	lr: 1.000e-02, eta: 0:15:27, time: 0.746, data_time: 0.012, memory: 11913, loss_rpn_cls: 0.0046, loss_rpn_bbox: 0.0419, loss_cls: 0.0464, acc: 98.0342, loss_bbox: 0.0995, loss: 0.1923
2020-11-20 09:38:22,507 - mmdet - INFO - Evaluating bbox...
2020-11-20 09:38:25,291 - mmdet - INFO - Epoch [2][618/618]	lr: 1.000e-02, bbox_mAP: 0.7740, bbox_mAP_50: 0.8620, bbox_mAP_75: 0.8320, bbox_mAP_s: 0.4780, bbox_mAP_m: 0.7550, bbox_mAP_l: 0.8630, bbox_mAP_copypaste: 0.774 0.862 0.832 0.478 0.755 0.863
2020-11-20 09:38:54,908 - mmdet - INFO - Epoch(train) [2][73]	loss_rpn_cls: 0.0077, loss_rpn_bbox: 0.0457, loss_cls: 0.0600, acc: 97.6148, loss_bbox: 0.1108, loss: 0.2242
2020-11-20 09:40:11,890 - mmdet - INFO - Epoch [3][100/618]	lr: 1.000e-02, eta: 0:13:51, time: 0.768, data_time: 0.033, memory: 11913, loss_rpn_cls: 0.0062, loss_rpn_bbox: 0.0415, loss_cls: 0.0482, acc: 97.9512, loss_bbox: 0.1047, loss: 0.2006
2020-11-20 09:41:26,836 - mmdet - INFO - Epoch [3][200/618]	lr: 1.000e-02, eta: 0:12:39, time: 0.749, data_time: 0.012, memory: 11913, loss_rpn_cls: 0.0042, loss_rpn_bbox: 0.0421, loss_cls: 0.0493, acc: 97.9502, loss_bbox: 0.1028, loss: 0.1983
2020-11-20 09:42:41,525 - mmdet - INFO - Epoch [3][300/618]	lr: 1.000e-02, eta: 0:11:27, time: 0.747, data_time: 0.012, memory: 11913, loss_rpn_cls: 0.0044, loss_rpn_bbox: 0.0395, loss_cls: 0.0461, acc: 98.0000, loss_bbox: 0.1019, loss: 0.1918
2020-11-20 09:43:56,213 - mmdet - INFO - Epoch [3][400/618]	lr: 1.000e-02, eta: 0:10:14, time: 0.747, data_time: 0.012, memory: 11913, loss_rpn_cls: 0.0032, loss_rpn_bbox: 0.0388, loss_cls: 0.0423, acc: 98.2539, loss_bbox: 0.1061, loss: 0.1904
2020-11-20 09:45:11,224 - mmdet - INFO - Epoch [3][500/618]	lr: 1.000e-02, eta: 0:09:01, time: 0.750, data_time: 0.012, memory: 11913, loss_rpn_cls: 0.0040, loss_rpn_bbox: 0.0408, loss_cls: 0.0456, acc: 98.1338, loss_bbox: 0.1016, loss: 0.1921
2020-11-20 09:46:25,971 - mmdet - INFO - Epoch [3][600/618]	lr: 1.000e-02, eta: 0:07:48, time: 0.747, data_time: 0.012, memory: 11913, loss_rpn_cls: 0.0051, loss_rpn_bbox: 0.0448, loss_cls: 0.0463, acc: 98.0430, loss_bbox: 0.1035, loss: 0.1997
2020-11-20 09:47:02,748 - mmdet - INFO - Evaluating bbox...
2020-11-20 09:47:05,516 - mmdet - INFO - Epoch [3][618/618]	lr: 1.000e-02, bbox_mAP: 0.7880, bbox_mAP_50: 0.8720, bbox_mAP_75: 0.8440, bbox_mAP_s: 0.4870, bbox_mAP_m: 0.7690, bbox_mAP_l: 0.8750, bbox_mAP_copypaste: 0.788 0.872 0.844 0.487 0.769 0.875
2020-11-20 09:48:22,503 - mmdet - INFO - Epoch [4][100/618]	lr: 1.000e-02, eta: 0:06:18, time: 0.768, data_time: 0.033, memory: 11913, loss_rpn_cls: 0.0047, loss_rpn_bbox: 0.0393, loss_cls: 0.0417, acc: 98.2451, loss_bbox: 0.1004, loss: 0.1861
2020-11-20 09:49:37,186 - mmdet - INFO - Epoch [4][200/618]	lr: 1.000e-02, eta: 0:05:05, time: 0.747, data_time: 0.012, memory: 11913, loss_rpn_cls: 0.0035, loss_rpn_bbox: 0.0391, loss_cls: 0.0444, acc: 98.1934, loss_bbox: 0.1002, loss: 0.1872
2020-11-20 09:50:51,957 - mmdet - INFO - Epoch [4][300/618]	lr: 1.000e-02, eta: 0:03:53, time: 0.748, data_time: 0.012, memory: 11913, loss_rpn_cls: 0.0056, loss_rpn_bbox: 0.0408, loss_cls: 0.0455, acc: 98.1689, loss_bbox: 0.1032, loss: 0.1951
2020-11-20 09:52:06,710 - mmdet - INFO - Epoch [4][400/618]	lr: 1.000e-02, eta: 0:02:39, time: 0.748, data_time: 0.012, memory: 11913, loss_rpn_cls: 0.0038, loss_rpn_bbox: 0.0412, loss_cls: 0.0423, acc: 98.2061, loss_bbox: 0.0958, loss: 0.1831
2020-11-20 09:53:21,662 - mmdet - INFO - Epoch [4][500/618]	lr: 1.000e-02, eta: 0:01:26, time: 0.750, data_time: 0.012, memory: 11913, loss_rpn_cls: 0.0041, loss_rpn_bbox: 0.0443, loss_cls: 0.0506, acc: 97.7764, loss_bbox: 0.1093, loss: 0.2084
2020-11-20 09:54:36,379 - mmdet - INFO - Epoch [4][600/618]	lr: 1.000e-02, eta: 0:00:13, time: 0.747, data_time: 0.012, memory: 11913, loss_rpn_cls: 0.0025, loss_rpn_bbox: 0.0382, loss_cls: 0.0394, acc: 98.2969, loss_bbox: 0.0930, loss: 0.1731
2020-11-20 09:54:49,734 - mmdet - INFO - Saving checkpoint at 4 epochs
2020-11-20 09:55:15,190 - mmdet - INFO - Evaluating bbox...
2020-11-20 09:55:17,700 - mmdet - INFO - Epoch [4][618/618]	lr: 1.000e-02, bbox_mAP: 0.7820, bbox_mAP_50: 0.8590, bbox_mAP_75: 0.8390, bbox_mAP_s: 0.4740, bbox_mAP_m: 0.7780, bbox_mAP_l: 0.8710, bbox_mAP_copypaste: 0.782 0.859 0.839 0.474 0.778 0.871
2020-11-20 09:55:47,369 - mmdet - INFO - Epoch(train) [4][73]	loss_rpn_cls: 0.0084, loss_rpn_bbox: 0.0440, loss_cls: 0.0650, acc: 97.4141, loss_bbox: 0.1092, loss: 0.2267
