2020-11-21 17:32:22,385 - mmdet - INFO - Environment info:
------------------------------------------------------------
sys.platform: linux
Python: 3.6.4 |Anaconda, Inc.| (default, Jan 16 2018, 18:10:19) [GCC 7.2.0]
CUDA available: True
CUDA_HOME: /usr/local/cuda
NVCC: Cuda compilation tools, release 10.0, V10.0.130
GPU 0: Tesla P100-PCIE-16GB
GCC: gcc (GCC) 5.3.0
PyTorch: 1.3.1+cu100
PyTorch compiling details: PyTorch built with:
  - GCC 7.3
  - Intel(R) Math Kernel Library Version 2019.0.4 Product Build 20190411 for Intel(R) 64 architecture applications
  - Intel(R) MKL-DNN v0.20.5 (Git Hash 0125f28c61c1f822fd48570b4c1066f96fcb9b2e)
  - OpenMP 201511 (a.k.a. OpenMP 4.5)
  - NNPACK is enabled
  - CUDA Runtime 10.0
  - NVCC architecture flags: -gencode;arch=compute_37,code=sm_37;-gencode;arch=compute_50,code=sm_50;-gencode;arch=compute_60,code=sm_60;-gencode;arch=compute_61,code=sm_61;-gencode;arch=compute_70,code=sm_70;-gencode;arch=compute_75,code=sm_75;-gencode;arch=compute_37,code=compute_37
  - CuDNN 7.6.3
  - Magma 2.5.1
  - Build settings: BLAS=MKL, BUILD_NAMEDTENSOR=OFF, BUILD_TYPE=Release, CXX_FLAGS= -Wno-deprecated -fvisibility-inlines-hidden -fopenmp -DUSE_FBGEMM -DUSE_QNNPACK -DUSE_PYTORCH_QNNPACK -O2 -fPIC -Wno-narrowing -Wall -Wextra -Wno-missing-field-initializers -Wno-type-limits -Wno-array-bounds -Wno-unknown-pragmas -Wno-sign-compare -Wno-unused-parameter -Wno-unused-variable -Wno-unused-function -Wno-unused-result -Wno-strict-overflow -Wno-strict-aliasing -Wno-error=deprecated-declarations -Wno-stringop-overflow -Wno-error=pedantic -Wno-error=redundant-decls -Wno-error=old-style-cast -fdiagnostics-color=always -faligned-new -Wno-unused-but-set-variable -Wno-maybe-uninitialized -fno-math-errno -fno-trapping-math -Wno-stringop-overflow, DISABLE_NUMA=1, PERF_WITH_AVX=1, PERF_WITH_AVX2=1, PERF_WITH_AVX512=1, USE_CUDA=True, USE_EXCEPTION_PTR=1, USE_GFLAGS=OFF, USE_GLOG=OFF, USE_MKL=ON, USE_MKLDNN=ON, USE_MPI=OFF, USE_NCCL=ON, USE_NNPACK=ON, USE_OPENMP=ON, USE_STATIC_DISPATCH=OFF, 

TorchVision: 0.4.2+cu100
OpenCV: 4.4.0
MMCV: 1.0.5
MMDetection: 2.3.0+788fa8d
MMDetection Compiler: GCC 7.3
MMDetection CUDA Compiler: 10.0
------------------------------------------------------------

2020-11-21 17:32:22,385 - mmdet - INFO - Distributed training: False
2020-11-21 17:32:22,786 - mmdet - INFO - Config:
model = dict(
    type='FasterRCNN',
    pretrained='torchvision://resnet50',
    backbone=dict(
        type='ResNet',
        depth=50,
        num_stages=4,
        out_indices=(0, 1, 2, 3),
        frozen_stages=1,
        norm_cfg=dict(type='BN', requires_grad=True),
        norm_eval=True,
        style='pytorch'),
    neck=dict(
        type='FPN',
        in_channels=[256, 512, 1024, 2048],
        out_channels=256,
        num_outs=5),
    rpn_head=dict(
        type='RPNHead',
        in_channels=256,
        feat_channels=256,
        anchor_generator=dict(
            type='AnchorGenerator',
            scales=[8],
            ratios=[0.5, 1.0, 2.0],
            strides=[4, 8, 16, 32, 64]),
        bbox_coder=dict(
            type='DeltaXYWHBBoxCoder',
            target_means=[0.0, 0.0, 0.0, 0.0],
            target_stds=[1.0, 1.0, 1.0, 1.0]),
        loss_cls=dict(
            type='CrossEntropyLoss', use_sigmoid=True, loss_weight=1.0),
        loss_bbox=dict(type='L1Loss', loss_weight=1.0)),
    roi_head=dict(
        type='StandardRoIHead',
        bbox_roi_extractor=dict(
            type='SingleRoIExtractor',
            roi_layer=dict(type='RoIAlign', output_size=7, sampling_ratio=0),
            out_channels=256,
            featmap_strides=[4, 8, 16, 32]),
        bbox_head=dict(
            type='Shared2FCBBoxHead',
            in_channels=256,
            fc_out_channels=1024,
            roi_feat_size=7,
            num_classes=2,
            bbox_coder=dict(
                type='DeltaXYWHBBoxCoder',
                target_means=[0.0, 0.0, 0.0, 0.0],
                target_stds=[0.1, 0.1, 0.2, 0.2]),
            reg_class_agnostic=False,
            loss_cls=dict(
                type='CrossEntropyLoss', use_sigmoid=False, loss_weight=1.0),
            loss_bbox=dict(type='L1Loss', loss_weight=1.0))))
train_cfg = dict(
    rpn=dict(
        assigner=dict(
            type='MaxIoUAssigner',
            pos_iou_thr=0.7,
            neg_iou_thr=0.3,
            min_pos_iou=0.3,
            match_low_quality=True,
            ignore_iof_thr=-1),
        sampler=dict(
            type='RandomSampler',
            num=256,
            pos_fraction=0.5,
            neg_pos_ub=-1,
            add_gt_as_proposals=False),
        allowed_border=-1,
        pos_weight=-1,
        debug=False),
    rpn_proposal=dict(
        nms_across_levels=False,
        nms_pre=2000,
        nms_post=1000,
        max_num=1000,
        nms_thr=0.7,
        min_bbox_size=0),
    rcnn=dict(
        assigner=dict(
            type='MaxIoUAssigner',
            pos_iou_thr=0.5,
            neg_iou_thr=0.5,
            min_pos_iou=0.5,
            match_low_quality=False,
            ignore_iof_thr=-1),
        sampler=dict(
            type='RandomSampler',
            num=512,
            pos_fraction=0.25,
            neg_pos_ub=-1,
            add_gt_as_proposals=True),
        pos_weight=-1,
        debug=False))
test_cfg = dict(
    rpn=dict(
        nms_across_levels=False,
        nms_pre=1000,
        nms_post=1000,
        max_num=1000,
        nms_thr=0.7,
        min_bbox_size=0),
    rcnn=dict(
        score_thr=0.05,
        nms=dict(type='nms', iou_threshold=0.5),
        max_per_img=100))
dataset_type = 'CocoDataset'
data_root = 'data/coco/'
img_norm_cfg = dict(
    mean=[123.675, 116.28, 103.53], std=[58.395, 57.12, 57.375], to_rgb=True)
train_pipeline = [
    dict(type='LoadImageFromFile'),
    dict(type='LoadAnnotations', with_bbox=True),
    dict(type='Resize', img_scale=(1550, 1550), keep_ratio=True),
    dict(type='RandomFlip', flip_ratio=0.5),
    dict(
        type='Normalize',
        mean=[123.675, 116.28, 103.53],
        std=[58.395, 57.12, 57.375],
        to_rgb=True),
    dict(type='Pad', size_divisor=32),
    dict(type='DefaultFormatBundle'),
    dict(type='Collect', keys=['img', 'gt_bboxes', 'gt_labels'])
]
test_pipeline = [
    dict(type='LoadImageFromFile'),
    dict(
        type='MultiScaleFlipAug',
        img_scale=(1550, 1550),
        flip=False,
        transforms=[
            dict(type='Resize', keep_ratio=True),
            dict(type='RandomFlip'),
            dict(
                type='Normalize',
                mean=[123.675, 116.28, 103.53],
                std=[58.395, 57.12, 57.375],
                to_rgb=True),
            dict(type='Pad', size_divisor=32),
            dict(type='ImageToTensor', keys=['img']),
            dict(type='Collect', keys=['img'])
        ])
]
data = dict(
    samples_per_gpu=2,
    workers_per_gpu=2,
    train=dict(
        type='CocoDataset',
        ann_file='data/coco/annotations/annotations_trai.json',
        img_prefix='data/coco/img/',
        pipeline=[
            dict(type='LoadImageFromFile'),
            dict(type='LoadAnnotations', with_bbox=True),
            dict(type='Resize', img_scale=(1550, 1550), keep_ratio=True),
            dict(type='RandomFlip', flip_ratio=0.5),
            dict(
                type='Normalize',
                mean=[123.675, 116.28, 103.53],
                std=[58.395, 57.12, 57.375],
                to_rgb=True),
            dict(type='Pad', size_divisor=32),
            dict(type='DefaultFormatBundle'),
            dict(type='Collect', keys=['img', 'gt_bboxes', 'gt_labels'])
        ]),
    val=dict(
        type='CocoDataset',
        ann_file='data/coco/annotations/annotations_test.json',
        img_prefix='data/coco/img/',
        pipeline=[
            dict(type='LoadImageFromFile'),
            dict(
                type='MultiScaleFlipAug',
                img_scale=(1550, 1550),
                flip=False,
                transforms=[
                    dict(type='Resize', keep_ratio=True),
                    dict(type='RandomFlip'),
                    dict(
                        type='Normalize',
                        mean=[123.675, 116.28, 103.53],
                        std=[58.395, 57.12, 57.375],
                        to_rgb=True),
                    dict(type='Pad', size_divisor=32),
                    dict(type='ImageToTensor', keys=['img']),
                    dict(type='Collect', keys=['img'])
                ])
        ]),
    test=dict(
        type='CocoDataset',
        ann_file='data/coco/annotations/annotations_vals.json',
        img_prefix='data/coco/img/',
        pipeline=[
            dict(type='LoadImageFromFile'),
            dict(
                type='MultiScaleFlipAug',
                img_scale=(1550, 1550),
                flip=False,
                transforms=[
                    dict(type='Resize', keep_ratio=True),
                    dict(type='RandomFlip'),
                    dict(
                        type='Normalize',
                        mean=[123.675, 116.28, 103.53],
                        std=[58.395, 57.12, 57.375],
                        to_rgb=True),
                    dict(type='Pad', size_divisor=32),
                    dict(type='ImageToTensor', keys=['img']),
                    dict(type='Collect', keys=['img'])
                ])
        ]))
evaluation = dict(interval=1, metric='bbox')
optimizer = dict(type='SGD', lr=0.01, momentum=0.9, weight_decay=0.0001)
optimizer_config = dict(grad_clip=None)
lr_config = dict(
    policy='step',
    warmup='linear',
    warmup_iters=500,
    warmup_ratio=0.001,
    step=[8, 11])
total_epochs = 4
checkpoint_config = dict(interval=4)
log_config = dict(interval=100, hooks=[dict(type='TextLoggerHook')])
dist_params = dict(backend='nccl')
log_level = 'INFO'
load_from = '/home/admin/.cache/torch/checkpoints/X.pth'
resume_from = None
workflow = [('train', 2), ('val', 1)]
work_dir = '/home/admin/jupyter/SecurityAI_Round5/data/work'
gpu_ids = range(0, 1)

2020-11-21 17:32:23,288 - mmdet - INFO - load model from: torchvision://resnet50
2020-11-21 17:32:30,965 - mmdet - WARNING - The model and loaded state dict do not match exactly

unexpected key in source state_dict: fc.weight, fc.bias

2020-11-21 17:32:41,167 - mmdet - INFO - load checkpoint from /home/admin/.cache/torch/checkpoints/X.pth
2020-11-21 17:32:47,910 - mmdet - INFO - Start running, host: admin@fuxilabor_labor0_S4_Odps_S96_dsw_prepaid_cnsh_838_2020112106175, work_dir: /home/admin/jupyter/SecurityAI_Round5/data/work
2020-11-21 17:32:47,910 - mmdet - INFO - workflow: [('train', 2), ('val', 1)], max: 4 epochs
2020-11-21 17:34:04,925 - mmdet - INFO - Epoch [1][100/623]	lr: 1.988e-03, eta: 0:30:37, time: 0.768, data_time: 0.034, memory: 9526, loss_rpn_cls: 0.0146, loss_rpn_bbox: 0.0426, loss_cls: 0.0519, acc: 97.9951, loss_bbox: 0.0965, loss: 0.2056
2020-11-21 17:35:19,407 - mmdet - INFO - Epoch [1][200/623]	lr: 3.986e-03, eta: 0:28:53, time: 0.745, data_time: 0.012, memory: 9526, loss_rpn_cls: 0.0049, loss_rpn_bbox: 0.0308, loss_cls: 0.0382, acc: 98.4482, loss_bbox: 0.0808, loss: 0.1547
2020-11-21 17:36:34,079 - mmdet - INFO - Epoch [1][300/623]	lr: 5.984e-03, eta: 0:27:31, time: 0.747, data_time: 0.012, memory: 9818, loss_rpn_cls: 0.0053, loss_rpn_bbox: 0.0323, loss_cls: 0.0367, acc: 98.4756, loss_bbox: 0.0802, loss: 0.1545
2020-11-21 17:37:48,639 - mmdet - INFO - Epoch [1][400/623]	lr: 7.982e-03, eta: 0:26:11, time: 0.746, data_time: 0.012, memory: 9818, loss_rpn_cls: 0.0047, loss_rpn_bbox: 0.0328, loss_cls: 0.0329, acc: 98.6885, loss_bbox: 0.0745, loss: 0.1449
2020-11-21 17:39:03,313 - mmdet - INFO - Epoch [1][500/623]	lr: 9.980e-03, eta: 0:24:54, time: 0.747, data_time: 0.012, memory: 9818, loss_rpn_cls: 0.0045, loss_rpn_bbox: 0.0359, loss_cls: 0.0407, acc: 98.3721, loss_bbox: 0.0832, loss: 0.1644
2020-11-21 17:40:18,045 - mmdet - INFO - Epoch [1][600/623]	lr: 1.000e-02, eta: 0:23:38, time: 0.747, data_time: 0.012, memory: 9818, loss_rpn_cls: 0.0046, loss_rpn_bbox: 0.0371, loss_cls: 0.0437, acc: 98.2559, loss_bbox: 0.0887, loss: 0.1741
2020-11-21 17:41:00,152 - mmdet - INFO - Evaluating bbox...
2020-11-21 17:41:02,829 - mmdet - INFO - Epoch [1][623/623]	lr: 1.000e-02, bbox_mAP: 0.8180, bbox_mAP_50: 0.9010, bbox_mAP_75: 0.8880, bbox_mAP_s: 0.5380, bbox_mAP_m: 0.8230, bbox_mAP_l: 0.8870, bbox_mAP_copypaste: 0.818 0.901 0.888 0.538 0.823 0.887
2020-11-21 17:42:19,676 - mmdet - INFO - Epoch [2][100/623]	lr: 1.000e-02, eta: 0:21:28, time: 0.767, data_time: 0.033, memory: 9818, loss_rpn_cls: 0.0058, loss_rpn_bbox: 0.0399, loss_cls: 0.0514, acc: 97.8936, loss_bbox: 0.0971, loss: 0.1942
2020-11-21 17:43:34,662 - mmdet - INFO - Epoch [2][200/623]	lr: 1.000e-02, eta: 0:20:19, time: 0.750, data_time: 0.012, memory: 9818, loss_rpn_cls: 0.0088, loss_rpn_bbox: 0.0438, loss_cls: 0.0558, acc: 97.8047, loss_bbox: 0.0991, loss: 0.2075
2020-11-21 17:44:49,464 - mmdet - INFO - Epoch [2][300/623]	lr: 1.000e-02, eta: 0:19:09, time: 0.748, data_time: 0.012, memory: 9818, loss_rpn_cls: 0.0075, loss_rpn_bbox: 0.0405, loss_cls: 0.0574, acc: 97.8477, loss_bbox: 0.0952, loss: 0.2006
2020-11-21 17:46:04,045 - mmdet - INFO - Epoch [2][400/623]	lr: 1.000e-02, eta: 0:17:58, time: 0.746, data_time: 0.012, memory: 9844, loss_rpn_cls: 0.0063, loss_rpn_bbox: 0.0401, loss_cls: 0.0420, acc: 98.3545, loss_bbox: 0.0882, loss: 0.1766
2020-11-21 17:47:18,463 - mmdet - INFO - Epoch [2][500/623]	lr: 1.000e-02, eta: 0:16:46, time: 0.744, data_time: 0.012, memory: 9844, loss_rpn_cls: 0.0042, loss_rpn_bbox: 0.0404, loss_cls: 0.0373, acc: 98.4707, loss_bbox: 0.0951, loss: 0.1770
2020-11-21 17:48:34,236 - mmdet - INFO - Epoch [2][600/623]	lr: 1.000e-02, eta: 0:15:35, time: 0.758, data_time: 0.013, memory: 9844, loss_rpn_cls: 0.0051, loss_rpn_bbox: 0.0376, loss_cls: 0.0499, acc: 97.9688, loss_bbox: 0.0944, loss: 0.1870
2020-11-21 17:49:16,240 - mmdet - INFO - Evaluating bbox...
2020-11-21 17:49:18,466 - mmdet - INFO - Epoch [2][623/623]	lr: 1.000e-02, bbox_mAP: 0.8200, bbox_mAP_50: 0.9100, bbox_mAP_75: 0.8920, bbox_mAP_s: 0.5390, bbox_mAP_m: 0.8050, bbox_mAP_l: 0.8900, bbox_mAP_copypaste: 0.820 0.910 0.892 0.539 0.805 0.890
2020-11-21 17:49:49,833 - mmdet - INFO - Epoch(train) [2][77]	loss_rpn_cls: 0.0071, loss_rpn_bbox: 0.0410, loss_cls: 0.0569, acc: 97.6639, loss_bbox: 0.1163, loss: 0.2213
2020-11-21 17:51:07,033 - mmdet - INFO - Epoch [3][100/623]	lr: 1.000e-02, eta: 0:13:52, time: 0.770, data_time: 0.034, memory: 9844, loss_rpn_cls: 0.0048, loss_rpn_bbox: 0.0373, loss_cls: 0.0479, acc: 97.9951, loss_bbox: 0.0965, loss: 0.1865
2020-11-21 17:52:21,749 - mmdet - INFO - Epoch [3][200/623]	lr: 1.000e-02, eta: 0:12:41, time: 0.747, data_time: 0.012, memory: 9844, loss_rpn_cls: 0.0029, loss_rpn_bbox: 0.0377, loss_cls: 0.0414, acc: 98.1855, loss_bbox: 0.0959, loss: 0.1779
2020-11-21 17:53:36,588 - mmdet - INFO - Epoch [3][300/623]	lr: 1.000e-02, eta: 0:11:30, time: 0.748, data_time: 0.012, memory: 9844, loss_rpn_cls: 0.0028, loss_rpn_bbox: 0.0328, loss_cls: 0.0386, acc: 98.4434, loss_bbox: 0.0868, loss: 0.1609
2020-11-21 17:54:51,358 - mmdet - INFO - Epoch [3][400/623]	lr: 1.000e-02, eta: 0:10:18, time: 0.748, data_time: 0.012, memory: 9844, loss_rpn_cls: 0.0032, loss_rpn_bbox: 0.0386, loss_cls: 0.0371, acc: 98.5059, loss_bbox: 0.0904, loss: 0.1693
2020-11-21 17:56:06,182 - mmdet - INFO - Epoch [3][500/623]	lr: 1.000e-02, eta: 0:09:05, time: 0.748, data_time: 0.012, memory: 9844, loss_rpn_cls: 0.0048, loss_rpn_bbox: 0.0383, loss_cls: 0.0516, acc: 97.8184, loss_bbox: 0.0907, loss: 0.1853
2020-11-21 17:57:20,989 - mmdet - INFO - Epoch [3][600/623]	lr: 1.000e-02, eta: 0:07:53, time: 0.748, data_time: 0.012, memory: 9844, loss_rpn_cls: 0.0040, loss_rpn_bbox: 0.0402, loss_cls: 0.0440, acc: 98.2568, loss_bbox: 0.0947, loss: 0.1829
2020-11-21 17:58:03,101 - mmdet - INFO - Evaluating bbox...
2020-11-21 17:58:05,366 - mmdet - INFO - Epoch [3][623/623]	lr: 1.000e-02, bbox_mAP: 0.8260, bbox_mAP_50: 0.9070, bbox_mAP_75: 0.8900, bbox_mAP_s: 0.5400, bbox_mAP_m: 0.8280, bbox_mAP_l: 0.9040, bbox_mAP_copypaste: 0.826 0.907 0.890 0.540 0.828 0.904
2020-11-21 17:59:22,521 - mmdet - INFO - Epoch [4][100/623]	lr: 1.000e-02, eta: 0:06:19, time: 0.770, data_time: 0.034, memory: 9844, loss_rpn_cls: 0.0056, loss_rpn_bbox: 0.0412, loss_cls: 0.0483, acc: 98.0439, loss_bbox: 0.1049, loss: 0.2000
2020-11-21 18:00:37,051 - mmdet - INFO - Epoch [4][200/623]	lr: 1.000e-02, eta: 0:05:07, time: 0.745, data_time: 0.012, memory: 9844, loss_rpn_cls: 0.0035, loss_rpn_bbox: 0.0401, loss_cls: 0.0424, acc: 98.1650, loss_bbox: 0.0949, loss: 0.1809
2020-11-21 18:01:52,889 - mmdet - INFO - Epoch [4][300/623]	lr: 1.000e-02, eta: 0:03:55, time: 0.758, data_time: 0.012, memory: 9844, loss_rpn_cls: 0.0031, loss_rpn_bbox: 0.0372, loss_cls: 0.0375, acc: 98.4561, loss_bbox: 0.0878, loss: 0.1655
2020-11-21 18:03:07,583 - mmdet - INFO - Epoch [4][400/623]	lr: 1.000e-02, eta: 0:02:42, time: 0.747, data_time: 0.013, memory: 9844, loss_rpn_cls: 0.0034, loss_rpn_bbox: 0.0338, loss_cls: 0.0310, acc: 98.7969, loss_bbox: 0.0777, loss: 0.1458
2020-11-21 18:04:22,736 - mmdet - INFO - Epoch [4][500/623]	lr: 1.000e-02, eta: 0:01:29, time: 0.752, data_time: 0.012, memory: 9844, loss_rpn_cls: 0.0047, loss_rpn_bbox: 0.0359, loss_cls: 0.0422, acc: 98.2764, loss_bbox: 0.0898, loss: 0.1726
2020-11-21 18:05:37,512 - mmdet - INFO - Epoch [4][600/623]	lr: 1.000e-02, eta: 0:00:16, time: 0.748, data_time: 0.012, memory: 9844, loss_rpn_cls: 0.0030, loss_rpn_bbox: 0.0376, loss_cls: 0.0381, acc: 98.4590, loss_bbox: 0.0912, loss: 0.1699
2020-11-21 18:05:54,952 - mmdet - INFO - Saving checkpoint at 4 epochs
2020-11-21 18:06:21,532 - mmdet - INFO - Evaluating bbox...
2020-11-21 18:06:24,389 - mmdet - INFO - Epoch [4][623/623]	lr: 1.000e-02, bbox_mAP: 0.8300, bbox_mAP_50: 0.9060, bbox_mAP_75: 0.8910, bbox_mAP_s: 0.5720, bbox_mAP_m: 0.8380, bbox_mAP_l: 0.8910, bbox_mAP_copypaste: 0.830 0.906 0.891 0.572 0.838 0.891
2020-11-21 18:06:55,381 - mmdet - INFO - Epoch(train) [4][77]	loss_rpn_cls: 0.0063, loss_rpn_bbox: 0.0368, loss_cls: 0.0498, acc: 98.1116, loss_bbox: 0.1050, loss: 0.1979
