2020-11-22 15:11:49,973 - mmdet - INFO - Environment info:
------------------------------------------------------------
sys.platform: linux
Python: 3.6.4 |Anaconda, Inc.| (default, Jan 16 2018, 18:10:19) [GCC 7.2.0]
CUDA available: True
CUDA_HOME: /usr/local/cuda
NVCC: Cuda compilation tools, release 10.0, V10.0.130
GPU 0: Tesla P100-PCIE-16GB
GCC: gcc (GCC) 5.3.0
PyTorch: 1.3.1+cu100
PyTorch compiling details: PyTorch built with:
  - GCC 7.3
  - Intel(R) Math Kernel Library Version 2019.0.4 Product Build 20190411 for Intel(R) 64 architecture applications
  - Intel(R) MKL-DNN v0.20.5 (Git Hash 0125f28c61c1f822fd48570b4c1066f96fcb9b2e)
  - OpenMP 201511 (a.k.a. OpenMP 4.5)
  - NNPACK is enabled
  - CUDA Runtime 10.0
  - NVCC architecture flags: -gencode;arch=compute_37,code=sm_37;-gencode;arch=compute_50,code=sm_50;-gencode;arch=compute_60,code=sm_60;-gencode;arch=compute_61,code=sm_61;-gencode;arch=compute_70,code=sm_70;-gencode;arch=compute_75,code=sm_75;-gencode;arch=compute_37,code=compute_37
  - CuDNN 7.6.3
  - Magma 2.5.1
  - Build settings: BLAS=MKL, BUILD_NAMEDTENSOR=OFF, BUILD_TYPE=Release, CXX_FLAGS= -Wno-deprecated -fvisibility-inlines-hidden -fopenmp -DUSE_FBGEMM -DUSE_QNNPACK -DUSE_PYTORCH_QNNPACK -O2 -fPIC -Wno-narrowing -Wall -Wextra -Wno-missing-field-initializers -Wno-type-limits -Wno-array-bounds -Wno-unknown-pragmas -Wno-sign-compare -Wno-unused-parameter -Wno-unused-variable -Wno-unused-function -Wno-unused-result -Wno-strict-overflow -Wno-strict-aliasing -Wno-error=deprecated-declarations -Wno-stringop-overflow -Wno-error=pedantic -Wno-error=redundant-decls -Wno-error=old-style-cast -fdiagnostics-color=always -faligned-new -Wno-unused-but-set-variable -Wno-maybe-uninitialized -fno-math-errno -fno-trapping-math -Wno-stringop-overflow, DISABLE_NUMA=1, PERF_WITH_AVX=1, PERF_WITH_AVX2=1, PERF_WITH_AVX512=1, USE_CUDA=True, USE_EXCEPTION_PTR=1, USE_GFLAGS=OFF, USE_GLOG=OFF, USE_MKL=ON, USE_MKLDNN=ON, USE_MPI=OFF, USE_NCCL=ON, USE_NNPACK=ON, USE_OPENMP=ON, USE_STATIC_DISPATCH=OFF, 

TorchVision: 0.4.2+cu100
OpenCV: 4.4.0
MMCV: 1.0.5
MMDetection: 2.3.0+788fa8d
MMDetection Compiler: GCC 7.3
MMDetection CUDA Compiler: 10.0
------------------------------------------------------------

2020-11-22 15:11:49,974 - mmdet - INFO - Distributed training: False
2020-11-22 15:11:50,383 - mmdet - INFO - Config:
model = dict(
    type='FasterRCNN',
    pretrained='torchvision://resnet50',
    backbone=dict(
        type='ResNet',
        depth=50,
        num_stages=4,
        out_indices=(0, 1, 2, 3),
        frozen_stages=1,
        norm_cfg=dict(type='BN', requires_grad=True),
        norm_eval=True,
        style='pytorch'),
    neck=dict(
        type='FPN',
        in_channels=[256, 512, 1024, 2048],
        out_channels=256,
        num_outs=5),
    rpn_head=dict(
        type='RPNHead',
        in_channels=256,
        feat_channels=256,
        anchor_generator=dict(
            type='AnchorGenerator',
            scales=[8],
            ratios=[0.5, 1.0, 2.0],
            strides=[4, 8, 16, 32, 64]),
        bbox_coder=dict(
            type='DeltaXYWHBBoxCoder',
            target_means=[0.0, 0.0, 0.0, 0.0],
            target_stds=[1.0, 1.0, 1.0, 1.0]),
        loss_cls=dict(
            type='CrossEntropyLoss', use_sigmoid=True, loss_weight=1.0),
        loss_bbox=dict(type='L1Loss', loss_weight=1.0)),
    roi_head=dict(
        type='StandardRoIHead',
        bbox_roi_extractor=dict(
            type='SingleRoIExtractor',
            roi_layer=dict(type='RoIAlign', output_size=7, sampling_ratio=0),
            out_channels=256,
            featmap_strides=[4, 8, 16, 32]),
        bbox_head=dict(
            type='Shared2FCBBoxHead',
            in_channels=256,
            fc_out_channels=1024,
            roi_feat_size=7,
            num_classes=2,
            bbox_coder=dict(
                type='DeltaXYWHBBoxCoder',
                target_means=[0.0, 0.0, 0.0, 0.0],
                target_stds=[0.1, 0.1, 0.2, 0.2]),
            reg_class_agnostic=False,
            loss_cls=dict(
                type='CrossEntropyLoss', use_sigmoid=False, loss_weight=1.0),
            loss_bbox=dict(type='L1Loss', loss_weight=1.0))))
train_cfg = dict(
    rpn=dict(
        assigner=dict(
            type='MaxIoUAssigner',
            pos_iou_thr=0.7,
            neg_iou_thr=0.3,
            min_pos_iou=0.3,
            match_low_quality=True,
            ignore_iof_thr=-1),
        sampler=dict(
            type='RandomSampler',
            num=256,
            pos_fraction=0.5,
            neg_pos_ub=-1,
            add_gt_as_proposals=False),
        allowed_border=-1,
        pos_weight=-1,
        debug=False),
    rpn_proposal=dict(
        nms_across_levels=False,
        nms_pre=2000,
        nms_post=1000,
        max_num=1000,
        nms_thr=0.7,
        min_bbox_size=0),
    rcnn=dict(
        assigner=dict(
            type='MaxIoUAssigner',
            pos_iou_thr=0.5,
            neg_iou_thr=0.5,
            min_pos_iou=0.5,
            match_low_quality=False,
            ignore_iof_thr=-1),
        sampler=dict(
            type='RandomSampler',
            num=512,
            pos_fraction=0.25,
            neg_pos_ub=-1,
            add_gt_as_proposals=True),
        pos_weight=-1,
        debug=False))
test_cfg = dict(
    rpn=dict(
        nms_across_levels=False,
        nms_pre=1000,
        nms_post=1000,
        max_num=1000,
        nms_thr=0.7,
        min_bbox_size=0),
    rcnn=dict(
        score_thr=0.05,
        nms=dict(type='nms', iou_threshold=0.5),
        max_per_img=100))
dataset_type = 'CocoDataset'
data_root = 'data/coco/'
img_norm_cfg = dict(
    mean=[123.675, 116.28, 103.53], std=[58.395, 57.12, 57.375], to_rgb=True)
train_pipeline = [
    dict(type='LoadImageFromFile'),
    dict(type='LoadAnnotations', with_bbox=True),
    dict(type='Resize', img_scale=(1550, 1550), keep_ratio=True),
    dict(type='RandomFlip', flip_ratio=0.5),
    dict(
        type='Normalize',
        mean=[123.675, 116.28, 103.53],
        std=[58.395, 57.12, 57.375],
        to_rgb=True),
    dict(type='Pad', size_divisor=32),
    dict(type='DefaultFormatBundle'),
    dict(type='Collect', keys=['img', 'gt_bboxes', 'gt_labels'])
]
test_pipeline = [
    dict(type='LoadImageFromFile'),
    dict(
        type='MultiScaleFlipAug',
        img_scale=(1550, 1550),
        flip=False,
        transforms=[
            dict(type='Resize', keep_ratio=True),
            dict(type='RandomFlip'),
            dict(
                type='Normalize',
                mean=[123.675, 116.28, 103.53],
                std=[58.395, 57.12, 57.375],
                to_rgb=True),
            dict(type='Pad', size_divisor=32),
            dict(type='ImageToTensor', keys=['img']),
            dict(type='Collect', keys=['img'])
        ])
]
data = dict(
    samples_per_gpu=2,
    workers_per_gpu=2,
    train=dict(
        type='CocoDataset',
        ann_file='data/coco/annotations/annotations_trai.json',
        img_prefix='data/coco/img/',
        pipeline=[
            dict(type='LoadImageFromFile'),
            dict(type='LoadAnnotations', with_bbox=True),
            dict(type='Resize', img_scale=(1550, 1550), keep_ratio=True),
            dict(type='RandomFlip', flip_ratio=0.5),
            dict(
                type='Normalize',
                mean=[123.675, 116.28, 103.53],
                std=[58.395, 57.12, 57.375],
                to_rgb=True),
            dict(type='Pad', size_divisor=32),
            dict(type='DefaultFormatBundle'),
            dict(type='Collect', keys=['img', 'gt_bboxes', 'gt_labels'])
        ]),
    val=dict(
        type='CocoDataset',
        ann_file='data/coco/annotations/annotations_test.json',
        img_prefix='data/coco/img/',
        pipeline=[
            dict(type='LoadImageFromFile'),
            dict(
                type='MultiScaleFlipAug',
                img_scale=(1550, 1550),
                flip=False,
                transforms=[
                    dict(type='Resize', keep_ratio=True),
                    dict(type='RandomFlip'),
                    dict(
                        type='Normalize',
                        mean=[123.675, 116.28, 103.53],
                        std=[58.395, 57.12, 57.375],
                        to_rgb=True),
                    dict(type='Pad', size_divisor=32),
                    dict(type='ImageToTensor', keys=['img']),
                    dict(type='Collect', keys=['img'])
                ])
        ]),
    test=dict(
        type='CocoDataset',
        ann_file='data/coco/annotations/annotations_vals.json',
        img_prefix='data/coco/img/',
        pipeline=[
            dict(type='LoadImageFromFile'),
            dict(
                type='MultiScaleFlipAug',
                img_scale=(1550, 1550),
                flip=False,
                transforms=[
                    dict(type='Resize', keep_ratio=True),
                    dict(type='RandomFlip'),
                    dict(
                        type='Normalize',
                        mean=[123.675, 116.28, 103.53],
                        std=[58.395, 57.12, 57.375],
                        to_rgb=True),
                    dict(type='Pad', size_divisor=32),
                    dict(type='ImageToTensor', keys=['img']),
                    dict(type='Collect', keys=['img'])
                ])
        ]))
evaluation = dict(interval=1, metric='bbox')
optimizer = dict(type='SGD', lr=0.01, momentum=0.9, weight_decay=0.0001)
optimizer_config = dict(grad_clip=None)
lr_config = dict(
    policy='step',
    warmup='linear',
    warmup_iters=500,
    warmup_ratio=0.001,
    step=[8, 11])
total_epochs = 4
checkpoint_config = dict(interval=4)
log_config = dict(interval=100, hooks=[dict(type='TextLoggerHook')])
dist_params = dict(backend='nccl')
log_level = 'INFO'
load_from = '/home/admin/.cache/torch/checkpoints/X.pth'
resume_from = None
workflow = [('train', 2), ('val', 1)]
work_dir = '/home/admin/jupyter/SecurityAI_Round5/data/work'
gpu_ids = range(0, 1)

2020-11-22 15:11:50,884 - mmdet - INFO - load model from: torchvision://resnet50
2020-11-22 15:11:58,866 - mmdet - WARNING - The model and loaded state dict do not match exactly

unexpected key in source state_dict: fc.weight, fc.bias

2020-11-22 15:12:09,285 - mmdet - INFO - load checkpoint from /home/admin/.cache/torch/checkpoints/X.pth
2020-11-22 15:12:16,023 - mmdet - INFO - Start running, host: admin@fuxilabor_labor0_S4_Odps_S96_dsw_prepaid_cnsh_838_2020112201080, work_dir: /home/admin/jupyter/SecurityAI_Round5/data/work
2020-11-22 15:12:16,023 - mmdet - INFO - workflow: [('train', 2), ('val', 1)], max: 4 epochs
2020-11-22 15:13:33,424 - mmdet - INFO - Epoch [1][100/633]	lr: 1.988e-03, eta: 0:31:17, time: 0.772, data_time: 0.034, memory: 8021, loss_rpn_cls: 0.0019, loss_rpn_bbox: 0.0264, loss_cls: 0.0269, acc: 98.8809, loss_bbox: 0.0705, loss: 0.1256
2020-11-22 15:14:48,254 - mmdet - INFO - Epoch [1][200/633]	lr: 3.986e-03, eta: 0:29:32, time: 0.748, data_time: 0.012, memory: 10073, loss_rpn_cls: 0.0027, loss_rpn_bbox: 0.0275, loss_cls: 0.0333, acc: 98.6055, loss_bbox: 0.0739, loss: 0.1373
2020-11-22 15:16:02,888 - mmdet - INFO - Epoch [1][300/633]	lr: 5.984e-03, eta: 0:28:06, time: 0.746, data_time: 0.012, memory: 10073, loss_rpn_cls: 0.0025, loss_rpn_bbox: 0.0269, loss_cls: 0.0289, acc: 98.7705, loss_bbox: 0.0680, loss: 0.1263
2020-11-22 15:17:17,511 - mmdet - INFO - Epoch [1][400/633]	lr: 7.982e-03, eta: 0:26:45, time: 0.746, data_time: 0.012, memory: 10073, loss_rpn_cls: 0.0026, loss_rpn_bbox: 0.0294, loss_cls: 0.0374, acc: 98.3428, loss_bbox: 0.0743, loss: 0.1437
2020-11-22 15:18:32,255 - mmdet - INFO - Epoch [1][500/633]	lr: 9.980e-03, eta: 0:25:28, time: 0.747, data_time: 0.012, memory: 10073, loss_rpn_cls: 0.0025, loss_rpn_bbox: 0.0283, loss_cls: 0.0318, acc: 98.7207, loss_bbox: 0.0712, loss: 0.1339
2020-11-22 15:19:46,925 - mmdet - INFO - Epoch [1][600/633]	lr: 1.000e-02, eta: 0:24:11, time: 0.747, data_time: 0.012, memory: 10073, loss_rpn_cls: 0.0035, loss_rpn_bbox: 0.0309, loss_cls: 0.0354, acc: 98.5986, loss_bbox: 0.0808, loss: 0.1506
2020-11-22 15:20:33,681 - mmdet - INFO - Evaluating bbox...
2020-11-22 15:20:36,295 - mmdet - INFO - Epoch [1][633/633]	lr: 1.000e-02, bbox_mAP: 0.7820, bbox_mAP_50: 0.8450, bbox_mAP_75: 0.8340, bbox_mAP_s: 0.4810, bbox_mAP_m: 0.8360, bbox_mAP_l: 0.8830, bbox_mAP_copypaste: 0.782 0.845 0.834 0.481 0.836 0.883
2020-11-22 15:21:53,442 - mmdet - INFO - Epoch [2][100/633]	lr: 1.000e-02, eta: 0:21:35, time: 0.770, data_time: 0.034, memory: 10073, loss_rpn_cls: 0.0019, loss_rpn_bbox: 0.0294, loss_cls: 0.0281, acc: 98.8457, loss_bbox: 0.0704, loss: 0.1298
2020-11-22 15:23:08,123 - mmdet - INFO - Epoch [2][200/633]	lr: 1.000e-02, eta: 0:20:28, time: 0.747, data_time: 0.012, memory: 10073, loss_rpn_cls: 0.0020, loss_rpn_bbox: 0.0291, loss_cls: 0.0313, acc: 98.6445, loss_bbox: 0.0789, loss: 0.1414
2020-11-22 15:24:23,171 - mmdet - INFO - Epoch [2][300/633]	lr: 1.000e-02, eta: 0:19:20, time: 0.750, data_time: 0.012, memory: 10073, loss_rpn_cls: 0.0042, loss_rpn_bbox: 0.0353, loss_cls: 0.0425, acc: 98.2588, loss_bbox: 0.0837, loss: 0.1658
2020-11-22 15:25:38,343 - mmdet - INFO - Epoch [2][400/633]	lr: 1.000e-02, eta: 0:18:12, time: 0.752, data_time: 0.012, memory: 10073, loss_rpn_cls: 0.0039, loss_rpn_bbox: 0.0346, loss_cls: 0.0416, acc: 98.1826, loss_bbox: 0.0863, loss: 0.1664
2020-11-22 15:26:53,310 - mmdet - INFO - Epoch [2][500/633]	lr: 1.000e-02, eta: 0:17:01, time: 0.750, data_time: 0.012, memory: 10073, loss_rpn_cls: 0.0038, loss_rpn_bbox: 0.0331, loss_cls: 0.0374, acc: 98.4512, loss_bbox: 0.0844, loss: 0.1588
2020-11-22 15:28:08,092 - mmdet - INFO - Epoch [2][600/633]	lr: 1.000e-02, eta: 0:15:50, time: 0.748, data_time: 0.012, memory: 10073, loss_rpn_cls: 0.0025, loss_rpn_bbox: 0.0324, loss_cls: 0.0336, acc: 98.6094, loss_bbox: 0.0817, loss: 0.1502
2020-11-22 15:28:54,950 - mmdet - INFO - Evaluating bbox...
2020-11-22 15:28:57,582 - mmdet - INFO - Epoch [2][633/633]	lr: 1.000e-02, bbox_mAP: 0.7800, bbox_mAP_50: 0.8440, bbox_mAP_75: 0.8330, bbox_mAP_s: 0.4700, bbox_mAP_m: 0.8340, bbox_mAP_l: 0.8900, bbox_mAP_copypaste: 0.780 0.844 0.833 0.470 0.834 0.890
2020-11-22 15:29:25,969 - mmdet - INFO - Epoch(train) [2][69]	loss_rpn_cls: 0.0027, loss_rpn_bbox: 0.0327, loss_cls: 0.0368, acc: 98.4262, loss_bbox: 0.0761, loss: 0.1482
2020-11-22 15:30:43,207 - mmdet - INFO - Epoch [3][100/633]	lr: 1.000e-02, eta: 0:13:55, time: 0.770, data_time: 0.034, memory: 10073, loss_rpn_cls: 0.0051, loss_rpn_bbox: 0.0329, loss_cls: 0.0335, acc: 98.6748, loss_bbox: 0.0777, loss: 0.1492
2020-11-22 15:31:57,763 - mmdet - INFO - Epoch [3][200/633]	lr: 1.000e-02, eta: 0:12:46, time: 0.746, data_time: 0.012, memory: 10073, loss_rpn_cls: 0.0029, loss_rpn_bbox: 0.0349, loss_cls: 0.0298, acc: 98.7539, loss_bbox: 0.0816, loss: 0.1493
2020-11-22 15:33:12,896 - mmdet - INFO - Epoch [3][300/633]	lr: 1.000e-02, eta: 0:11:36, time: 0.751, data_time: 0.012, memory: 10073, loss_rpn_cls: 0.0040, loss_rpn_bbox: 0.0355, loss_cls: 0.0399, acc: 98.3291, loss_bbox: 0.0832, loss: 0.1625
2020-11-22 15:34:27,686 - mmdet - INFO - Epoch [3][400/633]	lr: 1.000e-02, eta: 0:10:25, time: 0.748, data_time: 0.012, memory: 10073, loss_rpn_cls: 0.0032, loss_rpn_bbox: 0.0325, loss_cls: 0.0329, acc: 98.6670, loss_bbox: 0.0813, loss: 0.1499
2020-11-22 15:35:42,413 - mmdet - INFO - Epoch [3][500/633]	lr: 1.000e-02, eta: 0:09:14, time: 0.747, data_time: 0.012, memory: 10073, loss_rpn_cls: 0.0028, loss_rpn_bbox: 0.0316, loss_cls: 0.0355, acc: 98.5400, loss_bbox: 0.0797, loss: 0.1497
2020-11-22 15:36:56,828 - mmdet - INFO - Epoch [3][600/633]	lr: 1.000e-02, eta: 0:08:02, time: 0.744, data_time: 0.012, memory: 10073, loss_rpn_cls: 0.0027, loss_rpn_bbox: 0.0317, loss_cls: 0.0359, acc: 98.4521, loss_bbox: 0.0802, loss: 0.1505
2020-11-22 15:37:43,754 - mmdet - INFO - Evaluating bbox...
2020-11-22 15:37:46,432 - mmdet - INFO - Epoch [3][633/633]	lr: 1.000e-02, bbox_mAP: 0.7910, bbox_mAP_50: 0.8500, bbox_mAP_75: 0.8390, bbox_mAP_s: 0.4880, bbox_mAP_m: 0.8450, bbox_mAP_l: 0.8880, bbox_mAP_copypaste: 0.791 0.850 0.839 0.488 0.845 0.888
2020-11-22 15:39:03,799 - mmdet - INFO - Epoch [4][100/633]	lr: 1.000e-02, eta: 0:06:21, time: 0.772, data_time: 0.034, memory: 10073, loss_rpn_cls: 0.0031, loss_rpn_bbox: 0.0301, loss_cls: 0.0325, acc: 98.6494, loss_bbox: 0.0766, loss: 0.1423
2020-11-22 15:40:18,514 - mmdet - INFO - Epoch [4][200/633]	lr: 1.000e-02, eta: 0:05:10, time: 0.747, data_time: 0.012, memory: 10073, loss_rpn_cls: 0.0020, loss_rpn_bbox: 0.0290, loss_cls: 0.0277, acc: 98.9014, loss_bbox: 0.0762, loss: 0.1349
2020-11-22 15:41:33,271 - mmdet - INFO - Epoch [4][300/633]	lr: 1.000e-02, eta: 0:03:59, time: 0.748, data_time: 0.012, memory: 10073, loss_rpn_cls: 0.0030, loss_rpn_bbox: 0.0320, loss_cls: 0.0343, acc: 98.5332, loss_bbox: 0.0778, loss: 0.1472
2020-11-22 15:42:48,163 - mmdet - INFO - Epoch [4][400/633]	lr: 1.000e-02, eta: 0:02:47, time: 0.749, data_time: 0.012, memory: 10073, loss_rpn_cls: 0.0028, loss_rpn_bbox: 0.0312, loss_cls: 0.0360, acc: 98.4785, loss_bbox: 0.0794, loss: 0.1494
2020-11-22 15:44:03,073 - mmdet - INFO - Epoch [4][500/633]	lr: 1.000e-02, eta: 0:01:35, time: 0.749, data_time: 0.012, memory: 10073, loss_rpn_cls: 0.0027, loss_rpn_bbox: 0.0327, loss_cls: 0.0331, acc: 98.5918, loss_bbox: 0.0776, loss: 0.1461
2020-11-22 15:45:17,767 - mmdet - INFO - Epoch [4][600/633]	lr: 1.000e-02, eta: 0:00:23, time: 0.747, data_time: 0.012, memory: 10073, loss_rpn_cls: 0.0024, loss_rpn_bbox: 0.0333, loss_cls: 0.0343, acc: 98.5430, loss_bbox: 0.0845, loss: 0.1544
2020-11-22 15:45:42,671 - mmdet - INFO - Saving checkpoint at 4 epochs
2020-11-22 15:46:06,863 - mmdet - INFO - Evaluating bbox...
2020-11-22 15:46:09,489 - mmdet - INFO - Epoch [4][633/633]	lr: 1.000e-02, bbox_mAP: 0.7810, bbox_mAP_50: 0.8440, bbox_mAP_75: 0.8280, bbox_mAP_s: 0.4780, bbox_mAP_m: 0.8340, bbox_mAP_l: 0.8880, bbox_mAP_copypaste: 0.781 0.844 0.828 0.478 0.834 0.888
2020-11-22 15:46:37,436 - mmdet - INFO - Epoch(train) [4][69]	loss_rpn_cls: 0.0030, loss_rpn_bbox: 0.0362, loss_cls: 0.0363, acc: 98.4686, loss_bbox: 0.0748, loss: 0.1503
