2020-11-21 23:54:49,968 - mmdet - INFO - Environment info:
------------------------------------------------------------
sys.platform: linux
Python: 3.6.4 |Anaconda, Inc.| (default, Jan 16 2018, 18:10:19) [GCC 7.2.0]
CUDA available: True
CUDA_HOME: /usr/local/cuda
NVCC: Cuda compilation tools, release 10.0, V10.0.130
GPU 0: Tesla P100-PCIE-16GB
GCC: gcc (GCC) 5.3.0
PyTorch: 1.3.1+cu100
PyTorch compiling details: PyTorch built with:
  - GCC 7.3
  - Intel(R) Math Kernel Library Version 2019.0.4 Product Build 20190411 for Intel(R) 64 architecture applications
  - Intel(R) MKL-DNN v0.20.5 (Git Hash 0125f28c61c1f822fd48570b4c1066f96fcb9b2e)
  - OpenMP 201511 (a.k.a. OpenMP 4.5)
  - NNPACK is enabled
  - CUDA Runtime 10.0
  - NVCC architecture flags: -gencode;arch=compute_37,code=sm_37;-gencode;arch=compute_50,code=sm_50;-gencode;arch=compute_60,code=sm_60;-gencode;arch=compute_61,code=sm_61;-gencode;arch=compute_70,code=sm_70;-gencode;arch=compute_75,code=sm_75;-gencode;arch=compute_37,code=compute_37
  - CuDNN 7.6.3
  - Magma 2.5.1
  - Build settings: BLAS=MKL, BUILD_NAMEDTENSOR=OFF, BUILD_TYPE=Release, CXX_FLAGS= -Wno-deprecated -fvisibility-inlines-hidden -fopenmp -DUSE_FBGEMM -DUSE_QNNPACK -DUSE_PYTORCH_QNNPACK -O2 -fPIC -Wno-narrowing -Wall -Wextra -Wno-missing-field-initializers -Wno-type-limits -Wno-array-bounds -Wno-unknown-pragmas -Wno-sign-compare -Wno-unused-parameter -Wno-unused-variable -Wno-unused-function -Wno-unused-result -Wno-strict-overflow -Wno-strict-aliasing -Wno-error=deprecated-declarations -Wno-stringop-overflow -Wno-error=pedantic -Wno-error=redundant-decls -Wno-error=old-style-cast -fdiagnostics-color=always -faligned-new -Wno-unused-but-set-variable -Wno-maybe-uninitialized -fno-math-errno -fno-trapping-math -Wno-stringop-overflow, DISABLE_NUMA=1, PERF_WITH_AVX=1, PERF_WITH_AVX2=1, PERF_WITH_AVX512=1, USE_CUDA=True, USE_EXCEPTION_PTR=1, USE_GFLAGS=OFF, USE_GLOG=OFF, USE_MKL=ON, USE_MKLDNN=ON, USE_MPI=OFF, USE_NCCL=ON, USE_NNPACK=ON, USE_OPENMP=ON, USE_STATIC_DISPATCH=OFF, 

TorchVision: 0.4.2+cu100
OpenCV: 4.4.0
MMCV: 1.0.5
MMDetection: 2.3.0+788fa8d
MMDetection Compiler: GCC 7.3
MMDetection CUDA Compiler: 10.0
------------------------------------------------------------

2020-11-21 23:54:49,969 - mmdet - INFO - Distributed training: False
2020-11-21 23:54:50,355 - mmdet - INFO - Config:
model = dict(
    type='FasterRCNN',
    pretrained='torchvision://resnet50',
    backbone=dict(
        type='ResNet',
        depth=50,
        num_stages=4,
        out_indices=(0, 1, 2, 3),
        frozen_stages=1,
        norm_cfg=dict(type='BN', requires_grad=True),
        norm_eval=True,
        style='pytorch'),
    neck=dict(
        type='FPN',
        in_channels=[256, 512, 1024, 2048],
        out_channels=256,
        num_outs=5),
    rpn_head=dict(
        type='RPNHead',
        in_channels=256,
        feat_channels=256,
        anchor_generator=dict(
            type='AnchorGenerator',
            scales=[8],
            ratios=[0.5, 1.0, 2.0],
            strides=[4, 8, 16, 32, 64]),
        bbox_coder=dict(
            type='DeltaXYWHBBoxCoder',
            target_means=[0.0, 0.0, 0.0, 0.0],
            target_stds=[1.0, 1.0, 1.0, 1.0]),
        loss_cls=dict(
            type='CrossEntropyLoss', use_sigmoid=True, loss_weight=1.0),
        loss_bbox=dict(type='L1Loss', loss_weight=1.0)),
    roi_head=dict(
        type='StandardRoIHead',
        bbox_roi_extractor=dict(
            type='SingleRoIExtractor',
            roi_layer=dict(type='RoIAlign', output_size=7, sampling_ratio=0),
            out_channels=256,
            featmap_strides=[4, 8, 16, 32]),
        bbox_head=dict(
            type='Shared2FCBBoxHead',
            in_channels=256,
            fc_out_channels=1024,
            roi_feat_size=7,
            num_classes=2,
            bbox_coder=dict(
                type='DeltaXYWHBBoxCoder',
                target_means=[0.0, 0.0, 0.0, 0.0],
                target_stds=[0.1, 0.1, 0.2, 0.2]),
            reg_class_agnostic=False,
            loss_cls=dict(
                type='CrossEntropyLoss', use_sigmoid=False, loss_weight=1.0),
            loss_bbox=dict(type='L1Loss', loss_weight=1.0))))
train_cfg = dict(
    rpn=dict(
        assigner=dict(
            type='MaxIoUAssigner',
            pos_iou_thr=0.7,
            neg_iou_thr=0.3,
            min_pos_iou=0.3,
            match_low_quality=True,
            ignore_iof_thr=-1),
        sampler=dict(
            type='RandomSampler',
            num=256,
            pos_fraction=0.5,
            neg_pos_ub=-1,
            add_gt_as_proposals=False),
        allowed_border=-1,
        pos_weight=-1,
        debug=False),
    rpn_proposal=dict(
        nms_across_levels=False,
        nms_pre=2000,
        nms_post=1000,
        max_num=1000,
        nms_thr=0.7,
        min_bbox_size=0),
    rcnn=dict(
        assigner=dict(
            type='MaxIoUAssigner',
            pos_iou_thr=0.5,
            neg_iou_thr=0.5,
            min_pos_iou=0.5,
            match_low_quality=False,
            ignore_iof_thr=-1),
        sampler=dict(
            type='RandomSampler',
            num=512,
            pos_fraction=0.25,
            neg_pos_ub=-1,
            add_gt_as_proposals=True),
        pos_weight=-1,
        debug=False))
test_cfg = dict(
    rpn=dict(
        nms_across_levels=False,
        nms_pre=1000,
        nms_post=1000,
        max_num=1000,
        nms_thr=0.7,
        min_bbox_size=0),
    rcnn=dict(
        score_thr=0.05,
        nms=dict(type='nms', iou_threshold=0.5),
        max_per_img=100))
dataset_type = 'CocoDataset'
data_root = 'data/coco/'
img_norm_cfg = dict(
    mean=[123.675, 116.28, 103.53], std=[58.395, 57.12, 57.375], to_rgb=True)
train_pipeline = [
    dict(type='LoadImageFromFile'),
    dict(type='LoadAnnotations', with_bbox=True),
    dict(type='Resize', img_scale=(1550, 1550), keep_ratio=True),
    dict(type='RandomFlip', flip_ratio=0.5),
    dict(
        type='Normalize',
        mean=[123.675, 116.28, 103.53],
        std=[58.395, 57.12, 57.375],
        to_rgb=True),
    dict(type='Pad', size_divisor=32),
    dict(type='DefaultFormatBundle'),
    dict(type='Collect', keys=['img', 'gt_bboxes', 'gt_labels'])
]
test_pipeline = [
    dict(type='LoadImageFromFile'),
    dict(
        type='MultiScaleFlipAug',
        img_scale=(1550, 1550),
        flip=False,
        transforms=[
            dict(type='Resize', keep_ratio=True),
            dict(type='RandomFlip'),
            dict(
                type='Normalize',
                mean=[123.675, 116.28, 103.53],
                std=[58.395, 57.12, 57.375],
                to_rgb=True),
            dict(type='Pad', size_divisor=32),
            dict(type='ImageToTensor', keys=['img']),
            dict(type='Collect', keys=['img'])
        ])
]
data = dict(
    samples_per_gpu=2,
    workers_per_gpu=2,
    train=dict(
        type='CocoDataset',
        ann_file='data/coco/annotations/annotations_trai.json',
        img_prefix='data/coco/img/',
        pipeline=[
            dict(type='LoadImageFromFile'),
            dict(type='LoadAnnotations', with_bbox=True),
            dict(type='Resize', img_scale=(1550, 1550), keep_ratio=True),
            dict(type='RandomFlip', flip_ratio=0.5),
            dict(
                type='Normalize',
                mean=[123.675, 116.28, 103.53],
                std=[58.395, 57.12, 57.375],
                to_rgb=True),
            dict(type='Pad', size_divisor=32),
            dict(type='DefaultFormatBundle'),
            dict(type='Collect', keys=['img', 'gt_bboxes', 'gt_labels'])
        ]),
    val=dict(
        type='CocoDataset',
        ann_file='data/coco/annotations/annotations_test.json',
        img_prefix='data/coco/img/',
        pipeline=[
            dict(type='LoadImageFromFile'),
            dict(
                type='MultiScaleFlipAug',
                img_scale=(1550, 1550),
                flip=False,
                transforms=[
                    dict(type='Resize', keep_ratio=True),
                    dict(type='RandomFlip'),
                    dict(
                        type='Normalize',
                        mean=[123.675, 116.28, 103.53],
                        std=[58.395, 57.12, 57.375],
                        to_rgb=True),
                    dict(type='Pad', size_divisor=32),
                    dict(type='ImageToTensor', keys=['img']),
                    dict(type='Collect', keys=['img'])
                ])
        ]),
    test=dict(
        type='CocoDataset',
        ann_file='data/coco/annotations/annotations_vals.json',
        img_prefix='data/coco/img/',
        pipeline=[
            dict(type='LoadImageFromFile'),
            dict(
                type='MultiScaleFlipAug',
                img_scale=(1550, 1550),
                flip=False,
                transforms=[
                    dict(type='Resize', keep_ratio=True),
                    dict(type='RandomFlip'),
                    dict(
                        type='Normalize',
                        mean=[123.675, 116.28, 103.53],
                        std=[58.395, 57.12, 57.375],
                        to_rgb=True),
                    dict(type='Pad', size_divisor=32),
                    dict(type='ImageToTensor', keys=['img']),
                    dict(type='Collect', keys=['img'])
                ])
        ]))
evaluation = dict(interval=1, metric='bbox')
optimizer = dict(type='SGD', lr=0.01, momentum=0.9, weight_decay=0.0001)
optimizer_config = dict(grad_clip=None)
lr_config = dict(
    policy='step',
    warmup='linear',
    warmup_iters=500,
    warmup_ratio=0.001,
    step=[8, 11])
total_epochs = 4
checkpoint_config = dict(interval=4)
log_config = dict(interval=100, hooks=[dict(type='TextLoggerHook')])
dist_params = dict(backend='nccl')
log_level = 'INFO'
load_from = '/home/admin/.cache/torch/checkpoints/X.pth'
resume_from = None
workflow = [('train', 2), ('val', 1)]
work_dir = '/home/admin/jupyter/SecurityAI_Round5/data/work'
gpu_ids = range(0, 1)

2020-11-21 23:54:50,852 - mmdet - INFO - load model from: torchvision://resnet50
2020-11-21 23:54:58,702 - mmdet - WARNING - The model and loaded state dict do not match exactly

unexpected key in source state_dict: fc.weight, fc.bias

2020-11-21 23:55:09,027 - mmdet - INFO - load checkpoint from /home/admin/.cache/torch/checkpoints/X.pth
2020-11-21 23:55:15,594 - mmdet - INFO - Start running, host: admin@fuxilabor_labor0_S4_Odps_S96_dsw_prepaid_cnsh_838_2020112114585, work_dir: /home/admin/jupyter/SecurityAI_Round5/data/work
2020-11-21 23:55:15,594 - mmdet - INFO - workflow: [('train', 2), ('val', 1)], max: 4 epochs
2020-11-21 23:56:32,953 - mmdet - INFO - Epoch [1][100/629]	lr: 1.988e-03, eta: 0:31:04, time: 0.772, data_time: 0.033, memory: 8600, loss_rpn_cls: 0.0020, loss_rpn_bbox: 0.0277, loss_cls: 0.0289, acc: 98.8018, loss_bbox: 0.0713, loss: 0.1298
2020-11-21 23:57:48,258 - mmdet - INFO - Epoch [1][200/629]	lr: 3.986e-03, eta: 0:29:25, time: 0.753, data_time: 0.012, memory: 11911, loss_rpn_cls: 0.0031, loss_rpn_bbox: 0.0251, loss_cls: 0.0317, acc: 98.6924, loss_bbox: 0.0688, loss: 0.1288
2020-11-21 23:59:03,107 - mmdet - INFO - Epoch [1][300/629]	lr: 5.984e-03, eta: 0:27:59, time: 0.748, data_time: 0.012, memory: 11911, loss_rpn_cls: 0.0021, loss_rpn_bbox: 0.0254, loss_cls: 0.0252, acc: 98.9863, loss_bbox: 0.0629, loss: 0.1157
2020-11-22 00:00:18,088 - mmdet - INFO - Epoch [1][400/629]	lr: 7.982e-03, eta: 0:26:39, time: 0.750, data_time: 0.012, memory: 11911, loss_rpn_cls: 0.0018, loss_rpn_bbox: 0.0260, loss_cls: 0.0282, acc: 98.8301, loss_bbox: 0.0667, loss: 0.1226
2020-11-22 00:01:32,864 - mmdet - INFO - Epoch [1][500/629]	lr: 9.980e-03, eta: 0:25:20, time: 0.748, data_time: 0.012, memory: 11911, loss_rpn_cls: 0.0030, loss_rpn_bbox: 0.0306, loss_cls: 0.0307, acc: 98.7266, loss_bbox: 0.0734, loss: 0.1377
2020-11-22 00:02:47,784 - mmdet - INFO - Epoch [1][600/629]	lr: 1.000e-02, eta: 0:24:03, time: 0.749, data_time: 0.012, memory: 11911, loss_rpn_cls: 0.0034, loss_rpn_bbox: 0.0334, loss_cls: 0.0379, acc: 98.3760, loss_bbox: 0.0818, loss: 0.1565
2020-11-22 00:03:31,480 - mmdet - INFO - Evaluating bbox...
2020-11-22 00:03:33,257 - mmdet - INFO - Epoch [1][629/629]	lr: 1.000e-02, bbox_mAP: 0.8400, bbox_mAP_50: 0.9030, bbox_mAP_75: 0.8930, bbox_mAP_s: 0.6110, bbox_mAP_m: 0.8570, bbox_mAP_l: 0.9040, bbox_mAP_copypaste: 0.840 0.903 0.893 0.611 0.857 0.904
2020-11-22 00:04:51,024 - mmdet - INFO - Epoch [2][100/629]	lr: 1.000e-02, eta: 0:21:38, time: 0.776, data_time: 0.034, memory: 11911, loss_rpn_cls: 0.0032, loss_rpn_bbox: 0.0332, loss_cls: 0.0374, acc: 98.3916, loss_bbox: 0.0797, loss: 0.1533
2020-11-22 00:06:05,902 - mmdet - INFO - Epoch [2][200/629]	lr: 1.000e-02, eta: 0:20:30, time: 0.749, data_time: 0.012, memory: 11911, loss_rpn_cls: 0.0022, loss_rpn_bbox: 0.0295, loss_cls: 0.0295, acc: 98.7881, loss_bbox: 0.0659, loss: 0.1270
2020-11-22 00:07:20,734 - mmdet - INFO - Epoch [2][300/629]	lr: 1.000e-02, eta: 0:19:20, time: 0.748, data_time: 0.012, memory: 11911, loss_rpn_cls: 0.0021, loss_rpn_bbox: 0.0290, loss_cls: 0.0288, acc: 98.8301, loss_bbox: 0.0719, loss: 0.1318
2020-11-22 00:08:35,431 - mmdet - INFO - Epoch [2][400/629]	lr: 1.000e-02, eta: 0:18:09, time: 0.747, data_time: 0.012, memory: 11911, loss_rpn_cls: 0.0026, loss_rpn_bbox: 0.0313, loss_cls: 0.0323, acc: 98.7715, loss_bbox: 0.0761, loss: 0.1422
2020-11-22 00:09:50,304 - mmdet - INFO - Epoch [2][500/629]	lr: 1.000e-02, eta: 0:16:58, time: 0.749, data_time: 0.012, memory: 11911, loss_rpn_cls: 0.0024, loss_rpn_bbox: 0.0322, loss_cls: 0.0267, acc: 98.9434, loss_bbox: 0.0751, loss: 0.1363
2020-11-22 00:11:05,603 - mmdet - INFO - Epoch [2][600/629]	lr: 1.000e-02, eta: 0:15:46, time: 0.753, data_time: 0.012, memory: 11911, loss_rpn_cls: 0.0040, loss_rpn_bbox: 0.0341, loss_cls: 0.0396, acc: 98.3887, loss_bbox: 0.0813, loss: 0.1590
2020-11-22 00:11:49,223 - mmdet - INFO - Evaluating bbox...
2020-11-22 00:11:51,006 - mmdet - INFO - Epoch [2][629/629]	lr: 1.000e-02, bbox_mAP: 0.8350, bbox_mAP_50: 0.8980, bbox_mAP_75: 0.8880, bbox_mAP_s: 0.6030, bbox_mAP_m: 0.8560, bbox_mAP_l: 0.9040, bbox_mAP_copypaste: 0.835 0.898 0.888 0.603 0.856 0.904
2020-11-22 00:12:18,512 - mmdet - INFO - Epoch(train) [2][68]	loss_rpn_cls: 0.0029, loss_rpn_bbox: 0.0344, loss_cls: 0.0391, acc: 98.2695, loss_bbox: 0.0827, loss: 0.1592
2020-11-22 00:13:35,629 - mmdet - INFO - Epoch [3][100/629]	lr: 1.000e-02, eta: 0:13:56, time: 0.769, data_time: 0.034, memory: 11911, loss_rpn_cls: 0.0034, loss_rpn_bbox: 0.0331, loss_cls: 0.0354, acc: 98.5186, loss_bbox: 0.0813, loss: 0.1532
2020-11-22 00:14:50,349 - mmdet - INFO - Epoch [3][200/629]	lr: 1.000e-02, eta: 0:12:46, time: 0.747, data_time: 0.012, memory: 11911, loss_rpn_cls: 0.0027, loss_rpn_bbox: 0.0330, loss_cls: 0.0334, acc: 98.5537, loss_bbox: 0.0761, loss: 0.1452
2020-11-22 00:16:05,127 - mmdet - INFO - Epoch [3][300/629]	lr: 1.000e-02, eta: 0:11:35, time: 0.748, data_time: 0.012, memory: 11911, loss_rpn_cls: 0.0035, loss_rpn_bbox: 0.0337, loss_cls: 0.0381, acc: 98.3721, loss_bbox: 0.0847, loss: 0.1601
2020-11-22 00:17:20,007 - mmdet - INFO - Epoch [3][400/629]	lr: 1.000e-02, eta: 0:10:23, time: 0.749, data_time: 0.012, memory: 11911, loss_rpn_cls: 0.0024, loss_rpn_bbox: 0.0318, loss_cls: 0.0293, acc: 98.7988, loss_bbox: 0.0752, loss: 0.1387
2020-11-22 00:18:34,867 - mmdet - INFO - Epoch [3][500/629]	lr: 1.000e-02, eta: 0:09:12, time: 0.749, data_time: 0.012, memory: 11911, loss_rpn_cls: 0.0033, loss_rpn_bbox: 0.0302, loss_cls: 0.0325, acc: 98.6436, loss_bbox: 0.0811, loss: 0.1471
2020-11-22 00:19:49,412 - mmdet - INFO - Epoch [3][600/629]	lr: 1.000e-02, eta: 0:07:59, time: 0.745, data_time: 0.012, memory: 11911, loss_rpn_cls: 0.0024, loss_rpn_bbox: 0.0306, loss_cls: 0.0260, acc: 98.9561, loss_bbox: 0.0730, loss: 0.1320
2020-11-22 00:20:32,966 - mmdet - INFO - Evaluating bbox...
2020-11-22 00:20:34,725 - mmdet - INFO - Epoch [3][629/629]	lr: 1.000e-02, bbox_mAP: 0.8250, bbox_mAP_50: 0.8880, bbox_mAP_75: 0.8770, bbox_mAP_s: 0.5870, bbox_mAP_m: 0.8480, bbox_mAP_l: 0.8930, bbox_mAP_copypaste: 0.825 0.888 0.877 0.587 0.848 0.893
2020-11-22 00:21:51,634 - mmdet - INFO - Epoch [4][100/629]	lr: 1.000e-02, eta: 0:06:21, time: 0.767, data_time: 0.033, memory: 11911, loss_rpn_cls: 0.0021, loss_rpn_bbox: 0.0308, loss_cls: 0.0307, acc: 98.7051, loss_bbox: 0.0763, loss: 0.1399
2020-11-22 00:23:06,168 - mmdet - INFO - Epoch [4][200/629]	lr: 1.000e-02, eta: 0:05:09, time: 0.745, data_time: 0.012, memory: 11911, loss_rpn_cls: 0.0044, loss_rpn_bbox: 0.0310, loss_cls: 0.0314, acc: 98.7041, loss_bbox: 0.0804, loss: 0.1472
2020-11-22 00:24:20,833 - mmdet - INFO - Epoch [4][300/629]	lr: 1.000e-02, eta: 0:03:57, time: 0.747, data_time: 0.012, memory: 11911, loss_rpn_cls: 0.0030, loss_rpn_bbox: 0.0324, loss_cls: 0.0361, acc: 98.5195, loss_bbox: 0.0798, loss: 0.1513
2020-11-22 00:25:35,810 - mmdet - INFO - Epoch [4][400/629]	lr: 1.000e-02, eta: 0:02:45, time: 0.750, data_time: 0.012, memory: 11911, loss_rpn_cls: 0.0032, loss_rpn_bbox: 0.0350, loss_cls: 0.0392, acc: 98.3320, loss_bbox: 0.0871, loss: 0.1645
2020-11-22 00:26:50,424 - mmdet - INFO - Epoch [4][500/629]	lr: 1.000e-02, eta: 0:01:33, time: 0.746, data_time: 0.012, memory: 11911, loss_rpn_cls: 0.0037, loss_rpn_bbox: 0.0309, loss_cls: 0.0403, acc: 98.5293, loss_bbox: 0.0724, loss: 0.1473
2020-11-22 00:28:04,960 - mmdet - INFO - Epoch [4][600/629]	lr: 1.000e-02, eta: 0:00:21, time: 0.745, data_time: 0.012, memory: 11911, loss_rpn_cls: 0.0039, loss_rpn_bbox: 0.0337, loss_cls: 0.0389, acc: 98.4248, loss_bbox: 0.0847, loss: 0.1612
2020-11-22 00:28:26,594 - mmdet - INFO - Saving checkpoint at 4 epochs
2020-11-22 00:28:50,365 - mmdet - INFO - Evaluating bbox...
2020-11-22 00:28:52,149 - mmdet - INFO - Epoch [4][629/629]	lr: 1.000e-02, bbox_mAP: 0.8150, bbox_mAP_50: 0.8910, bbox_mAP_75: 0.8760, bbox_mAP_s: 0.5850, bbox_mAP_m: 0.8180, bbox_mAP_l: 0.8800, bbox_mAP_copypaste: 0.815 0.891 0.876 0.585 0.818 0.880
2020-11-22 00:29:19,906 - mmdet - INFO - Epoch(train) [4][68]	loss_rpn_cls: 0.0059, loss_rpn_bbox: 0.0361, loss_cls: 0.0461, acc: 97.9679, loss_bbox: 0.0941, loss: 0.1822
