2020-11-24 02:42:09,296 - mmdet - INFO - Environment info:
------------------------------------------------------------
sys.platform: linux
Python: 3.6.4 |Anaconda, Inc.| (default, Jan 16 2018, 18:10:19) [GCC 7.2.0]
CUDA available: True
CUDA_HOME: /usr/local/cuda
NVCC: Cuda compilation tools, release 10.0, V10.0.130
GPU 0: Tesla P100-PCIE-16GB
GCC: gcc (GCC) 5.3.0
PyTorch: 1.3.1+cu100
PyTorch compiling details: PyTorch built with:
  - GCC 7.3
  - Intel(R) Math Kernel Library Version 2019.0.4 Product Build 20190411 for Intel(R) 64 architecture applications
  - Intel(R) MKL-DNN v0.20.5 (Git Hash 0125f28c61c1f822fd48570b4c1066f96fcb9b2e)
  - OpenMP 201511 (a.k.a. OpenMP 4.5)
  - NNPACK is enabled
  - CUDA Runtime 10.0
  - NVCC architecture flags: -gencode;arch=compute_37,code=sm_37;-gencode;arch=compute_50,code=sm_50;-gencode;arch=compute_60,code=sm_60;-gencode;arch=compute_61,code=sm_61;-gencode;arch=compute_70,code=sm_70;-gencode;arch=compute_75,code=sm_75;-gencode;arch=compute_37,code=compute_37
  - CuDNN 7.6.3
  - Magma 2.5.1
  - Build settings: BLAS=MKL, BUILD_NAMEDTENSOR=OFF, BUILD_TYPE=Release, CXX_FLAGS= -Wno-deprecated -fvisibility-inlines-hidden -fopenmp -DUSE_FBGEMM -DUSE_QNNPACK -DUSE_PYTORCH_QNNPACK -O2 -fPIC -Wno-narrowing -Wall -Wextra -Wno-missing-field-initializers -Wno-type-limits -Wno-array-bounds -Wno-unknown-pragmas -Wno-sign-compare -Wno-unused-parameter -Wno-unused-variable -Wno-unused-function -Wno-unused-result -Wno-strict-overflow -Wno-strict-aliasing -Wno-error=deprecated-declarations -Wno-stringop-overflow -Wno-error=pedantic -Wno-error=redundant-decls -Wno-error=old-style-cast -fdiagnostics-color=always -faligned-new -Wno-unused-but-set-variable -Wno-maybe-uninitialized -fno-math-errno -fno-trapping-math -Wno-stringop-overflow, DISABLE_NUMA=1, PERF_WITH_AVX=1, PERF_WITH_AVX2=1, PERF_WITH_AVX512=1, USE_CUDA=True, USE_EXCEPTION_PTR=1, USE_GFLAGS=OFF, USE_GLOG=OFF, USE_MKL=ON, USE_MKLDNN=ON, USE_MPI=OFF, USE_NCCL=ON, USE_NNPACK=ON, USE_OPENMP=ON, USE_STATIC_DISPATCH=OFF, 

TorchVision: 0.4.2+cu100
OpenCV: 4.4.0
MMCV: 1.0.5
MMDetection: 2.3.0+788fa8d
MMDetection Compiler: GCC 7.3
MMDetection CUDA Compiler: 10.0
------------------------------------------------------------

2020-11-24 02:42:09,296 - mmdet - INFO - Distributed training: False
2020-11-24 02:42:09,693 - mmdet - INFO - Config:
model = dict(
    type='FasterRCNN',
    pretrained='torchvision://resnet50',
    backbone=dict(
        type='ResNet',
        depth=50,
        num_stages=4,
        out_indices=(0, 1, 2, 3),
        frozen_stages=1,
        norm_cfg=dict(type='BN', requires_grad=True),
        norm_eval=True,
        style='pytorch'),
    neck=dict(
        type='FPN',
        in_channels=[256, 512, 1024, 2048],
        out_channels=256,
        num_outs=5),
    rpn_head=dict(
        type='RPNHead',
        in_channels=256,
        feat_channels=256,
        anchor_generator=dict(
            type='AnchorGenerator',
            scales=[8],
            ratios=[0.5, 1.0, 2.0],
            strides=[4, 8, 16, 32, 64]),
        bbox_coder=dict(
            type='DeltaXYWHBBoxCoder',
            target_means=[0.0, 0.0, 0.0, 0.0],
            target_stds=[1.0, 1.0, 1.0, 1.0]),
        loss_cls=dict(
            type='CrossEntropyLoss', use_sigmoid=True, loss_weight=1.0),
        loss_bbox=dict(type='L1Loss', loss_weight=1.0)),
    roi_head=dict(
        type='StandardRoIHead',
        bbox_roi_extractor=dict(
            type='SingleRoIExtractor',
            roi_layer=dict(type='RoIAlign', output_size=7, sampling_ratio=0),
            out_channels=256,
            featmap_strides=[4, 8, 16, 32]),
        bbox_head=dict(
            type='Shared2FCBBoxHead',
            in_channels=256,
            fc_out_channels=1024,
            roi_feat_size=7,
            num_classes=2,
            bbox_coder=dict(
                type='DeltaXYWHBBoxCoder',
                target_means=[0.0, 0.0, 0.0, 0.0],
                target_stds=[0.1, 0.1, 0.2, 0.2]),
            reg_class_agnostic=False,
            loss_cls=dict(
                type='CrossEntropyLoss', use_sigmoid=False, loss_weight=1.0),
            loss_bbox=dict(type='L1Loss', loss_weight=1.0))))
train_cfg = dict(
    rpn=dict(
        assigner=dict(
            type='MaxIoUAssigner',
            pos_iou_thr=0.7,
            neg_iou_thr=0.3,
            min_pos_iou=0.3,
            match_low_quality=True,
            ignore_iof_thr=-1),
        sampler=dict(
            type='RandomSampler',
            num=256,
            pos_fraction=0.5,
            neg_pos_ub=-1,
            add_gt_as_proposals=False),
        allowed_border=-1,
        pos_weight=-1,
        debug=False),
    rpn_proposal=dict(
        nms_across_levels=False,
        nms_pre=2000,
        nms_post=1000,
        max_num=1000,
        nms_thr=0.7,
        min_bbox_size=0),
    rcnn=dict(
        assigner=dict(
            type='MaxIoUAssigner',
            pos_iou_thr=0.5,
            neg_iou_thr=0.5,
            min_pos_iou=0.5,
            match_low_quality=False,
            ignore_iof_thr=-1),
        sampler=dict(
            type='RandomSampler',
            num=512,
            pos_fraction=0.25,
            neg_pos_ub=-1,
            add_gt_as_proposals=True),
        pos_weight=-1,
        debug=False))
test_cfg = dict(
    rpn=dict(
        nms_across_levels=False,
        nms_pre=1000,
        nms_post=1000,
        max_num=1000,
        nms_thr=0.7,
        min_bbox_size=0),
    rcnn=dict(
        score_thr=0.05,
        nms=dict(type='nms', iou_threshold=0.5),
        max_per_img=100))
dataset_type = 'CocoDataset'
data_root = 'data/coco/'
img_norm_cfg = dict(
    mean=[123.675, 116.28, 103.53], std=[58.395, 57.12, 57.375], to_rgb=True)
train_pipeline = [
    dict(type='LoadImageFromFile'),
    dict(type='LoadAnnotations', with_bbox=True),
    dict(type='Resize', img_scale=(1550, 1550), keep_ratio=True),
    dict(type='RandomFlip', flip_ratio=0.5),
    dict(
        type='Normalize',
        mean=[123.675, 116.28, 103.53],
        std=[58.395, 57.12, 57.375],
        to_rgb=True),
    dict(type='Pad', size_divisor=32),
    dict(type='DefaultFormatBundle'),
    dict(type='Collect', keys=['img', 'gt_bboxes', 'gt_labels'])
]
test_pipeline = [
    dict(type='LoadImageFromFile'),
    dict(
        type='MultiScaleFlipAug',
        img_scale=(1550, 1550),
        flip=False,
        transforms=[
            dict(type='Resize', keep_ratio=True),
            dict(type='RandomFlip'),
            dict(
                type='Normalize',
                mean=[123.675, 116.28, 103.53],
                std=[58.395, 57.12, 57.375],
                to_rgb=True),
            dict(type='Pad', size_divisor=32),
            dict(type='ImageToTensor', keys=['img']),
            dict(type='Collect', keys=['img'])
        ])
]
data = dict(
    samples_per_gpu=2,
    workers_per_gpu=2,
    train=dict(
        type='CocoDataset',
        ann_file='data/coco/annotations/annotations_trai.json',
        img_prefix='data/coco/img/',
        pipeline=[
            dict(type='LoadImageFromFile'),
            dict(type='LoadAnnotations', with_bbox=True),
            dict(type='Resize', img_scale=(1550, 1550), keep_ratio=True),
            dict(type='RandomFlip', flip_ratio=0.5),
            dict(
                type='Normalize',
                mean=[123.675, 116.28, 103.53],
                std=[58.395, 57.12, 57.375],
                to_rgb=True),
            dict(type='Pad', size_divisor=32),
            dict(type='DefaultFormatBundle'),
            dict(type='Collect', keys=['img', 'gt_bboxes', 'gt_labels'])
        ]),
    val=dict(
        type='CocoDataset',
        ann_file='data/coco/annotations/annotations_test.json',
        img_prefix='data/coco/img/',
        pipeline=[
            dict(type='LoadImageFromFile'),
            dict(
                type='MultiScaleFlipAug',
                img_scale=(1550, 1550),
                flip=False,
                transforms=[
                    dict(type='Resize', keep_ratio=True),
                    dict(type='RandomFlip'),
                    dict(
                        type='Normalize',
                        mean=[123.675, 116.28, 103.53],
                        std=[58.395, 57.12, 57.375],
                        to_rgb=True),
                    dict(type='Pad', size_divisor=32),
                    dict(type='ImageToTensor', keys=['img']),
                    dict(type='Collect', keys=['img'])
                ])
        ]),
    test=dict(
        type='CocoDataset',
        ann_file='data/coco/annotations/annotations_vals.json',
        img_prefix='data/coco/img/',
        pipeline=[
            dict(type='LoadImageFromFile'),
            dict(
                type='MultiScaleFlipAug',
                img_scale=(1550, 1550),
                flip=False,
                transforms=[
                    dict(type='Resize', keep_ratio=True),
                    dict(type='RandomFlip'),
                    dict(
                        type='Normalize',
                        mean=[123.675, 116.28, 103.53],
                        std=[58.395, 57.12, 57.375],
                        to_rgb=True),
                    dict(type='Pad', size_divisor=32),
                    dict(type='ImageToTensor', keys=['img']),
                    dict(type='Collect', keys=['img'])
                ])
        ]))
evaluation = dict(interval=1, metric='bbox')
optimizer = dict(type='SGD', lr=0.01, momentum=0.9, weight_decay=0.0001)
optimizer_config = dict(grad_clip=None)
lr_config = dict(
    policy='step',
    warmup='linear',
    warmup_iters=500,
    warmup_ratio=0.001,
    step=[8, 11])
total_epochs = 4
checkpoint_config = dict(interval=4)
log_config = dict(interval=100, hooks=[dict(type='TextLoggerHook')])
dist_params = dict(backend='nccl')
log_level = 'INFO'
load_from = '/home/admin/.cache/torch/checkpoints/X.pth'
resume_from = None
workflow = [('train', 2), ('val', 1)]
work_dir = '/home/admin/jupyter/SecurityAI_Round5/data/work'
gpu_ids = range(0, 1)

2020-11-24 02:42:10,195 - mmdet - INFO - load model from: torchvision://resnet50
2020-11-24 02:42:18,213 - mmdet - WARNING - The model and loaded state dict do not match exactly

unexpected key in source state_dict: fc.weight, fc.bias

2020-11-24 02:42:28,561 - mmdet - INFO - load checkpoint from /home/admin/.cache/torch/checkpoints/X.pth
2020-11-24 02:42:35,201 - mmdet - INFO - Start running, host: admin@fuxilabor_labor0_S4_Odps_S96_dsw_prepaid_cnsh_838_2020112313382, work_dir: /home/admin/jupyter/SecurityAI_Round5/data/work
2020-11-24 02:42:35,201 - mmdet - INFO - workflow: [('train', 2), ('val', 1)], max: 4 epochs
2020-11-24 02:43:52,889 - mmdet - INFO - Epoch [1][100/616]	lr: 1.988e-03, eta: 0:30:32, time: 0.775, data_time: 0.034, memory: 9500, loss_rpn_cls: 0.0027, loss_rpn_bbox: 0.0272, loss_cls: 0.0365, acc: 98.4590, loss_bbox: 0.0744, loss: 0.1408
2020-11-24 02:45:07,658 - mmdet - INFO - Epoch [1][200/616]	lr: 3.986e-03, eta: 0:28:43, time: 0.748, data_time: 0.012, memory: 9500, loss_rpn_cls: 0.0027, loss_rpn_bbox: 0.0258, loss_cls: 0.0313, acc: 98.7305, loss_bbox: 0.0730, loss: 0.1328
2020-11-24 02:46:22,662 - mmdet - INFO - Epoch [1][300/616]	lr: 5.984e-03, eta: 0:27:19, time: 0.750, data_time: 0.013, memory: 9500, loss_rpn_cls: 0.0016, loss_rpn_bbox: 0.0247, loss_cls: 0.0309, acc: 98.6943, loss_bbox: 0.0705, loss: 0.1277
2020-11-24 02:47:37,524 - mmdet - INFO - Epoch [1][400/616]	lr: 7.982e-03, eta: 0:25:59, time: 0.749, data_time: 0.012, memory: 9500, loss_rpn_cls: 0.0025, loss_rpn_bbox: 0.0256, loss_cls: 0.0300, acc: 98.7578, loss_bbox: 0.0674, loss: 0.1255
2020-11-24 02:48:52,245 - mmdet - INFO - Epoch [1][500/616]	lr: 9.980e-03, eta: 0:24:40, time: 0.747, data_time: 0.012, memory: 10048, loss_rpn_cls: 0.0025, loss_rpn_bbox: 0.0285, loss_cls: 0.0348, acc: 98.5186, loss_bbox: 0.0733, loss: 0.1392
2020-11-24 02:50:07,345 - mmdet - INFO - Epoch [1][600/616]	lr: 1.000e-02, eta: 0:23:24, time: 0.751, data_time: 0.012, memory: 11883, loss_rpn_cls: 0.0025, loss_rpn_bbox: 0.0313, loss_cls: 0.0287, acc: 98.8350, loss_bbox: 0.0743, loss: 0.1368
2020-11-24 02:50:46,853 - mmdet - INFO - Evaluating bbox...
2020-11-24 02:50:49,380 - mmdet - INFO - Epoch [1][616/616]	lr: 1.000e-02, bbox_mAP: 0.8300, bbox_mAP_50: 0.8800, bbox_mAP_75: 0.8800, bbox_mAP_s: 0.5560, bbox_mAP_m: 0.8930, bbox_mAP_l: 0.9100, bbox_mAP_copypaste: 0.830 0.880 0.880 0.556 0.893 0.910
2020-11-24 02:52:06,497 - mmdet - INFO - Epoch [2][100/616]	lr: 1.000e-02, eta: 0:21:31, time: 0.769, data_time: 0.033, memory: 11883, loss_rpn_cls: 0.0021, loss_rpn_bbox: 0.0308, loss_cls: 0.0322, acc: 98.6191, loss_bbox: 0.0775, loss: 0.1427
2020-11-24 02:53:21,216 - mmdet - INFO - Epoch [2][200/616]	lr: 1.000e-02, eta: 0:20:19, time: 0.747, data_time: 0.012, memory: 11883, loss_rpn_cls: 0.0027, loss_rpn_bbox: 0.0288, loss_cls: 0.0323, acc: 98.6172, loss_bbox: 0.0693, loss: 0.1331
2020-11-24 02:54:36,150 - mmdet - INFO - Epoch [2][300/616]	lr: 1.000e-02, eta: 0:19:06, time: 0.749, data_time: 0.012, memory: 11883, loss_rpn_cls: 0.0033, loss_rpn_bbox: 0.0348, loss_cls: 0.0368, acc: 98.5029, loss_bbox: 0.0819, loss: 0.1569
2020-11-24 02:55:50,992 - mmdet - INFO - Epoch [2][400/616]	lr: 1.000e-02, eta: 0:17:53, time: 0.748, data_time: 0.012, memory: 11909, loss_rpn_cls: 0.0026, loss_rpn_bbox: 0.0315, loss_cls: 0.0328, acc: 98.6572, loss_bbox: 0.0768, loss: 0.1437
2020-11-24 02:57:06,023 - mmdet - INFO - Epoch [2][500/616]	lr: 1.000e-02, eta: 0:16:40, time: 0.750, data_time: 0.012, memory: 11909, loss_rpn_cls: 0.0030, loss_rpn_bbox: 0.0321, loss_cls: 0.0379, acc: 98.4092, loss_bbox: 0.0782, loss: 0.1512
2020-11-24 02:58:20,932 - mmdet - INFO - Epoch [2][600/616]	lr: 1.000e-02, eta: 0:15:27, time: 0.749, data_time: 0.012, memory: 11909, loss_rpn_cls: 0.0019, loss_rpn_bbox: 0.0287, loss_cls: 0.0287, acc: 98.7686, loss_bbox: 0.0658, loss: 0.1251
2020-11-24 02:59:00,286 - mmdet - INFO - Evaluating bbox...
2020-11-24 02:59:02,894 - mmdet - INFO - Epoch [2][616/616]	lr: 1.000e-02, bbox_mAP: 0.8250, bbox_mAP_50: 0.8850, bbox_mAP_75: 0.8800, bbox_mAP_s: 0.5420, bbox_mAP_m: 0.8810, bbox_mAP_l: 0.9040, bbox_mAP_copypaste: 0.825 0.885 0.880 0.542 0.881 0.904
2020-11-24 02:59:36,807 - mmdet - INFO - Epoch(train) [2][85]	loss_rpn_cls: 0.0028, loss_rpn_bbox: 0.0340, loss_cls: 0.0294, acc: 98.7902, loss_bbox: 0.0728, loss: 0.1390
2020-11-24 03:00:54,065 - mmdet - INFO - Epoch [3][100/616]	lr: 1.000e-02, eta: 0:13:53, time: 0.770, data_time: 0.034, memory: 11909, loss_rpn_cls: 0.0021, loss_rpn_bbox: 0.0302, loss_cls: 0.0270, acc: 98.8818, loss_bbox: 0.0721, loss: 0.1315
2020-11-24 03:02:08,932 - mmdet - INFO - Epoch [3][200/616]	lr: 1.000e-02, eta: 0:12:40, time: 0.749, data_time: 0.012, memory: 11909, loss_rpn_cls: 0.0024, loss_rpn_bbox: 0.0306, loss_cls: 0.0340, acc: 98.5244, loss_bbox: 0.0798, loss: 0.1468
2020-11-24 03:03:23,819 - mmdet - INFO - Epoch [3][300/616]	lr: 1.000e-02, eta: 0:11:27, time: 0.749, data_time: 0.012, memory: 11909, loss_rpn_cls: 0.0020, loss_rpn_bbox: 0.0316, loss_cls: 0.0321, acc: 98.5781, loss_bbox: 0.0726, loss: 0.1382
2020-11-24 03:04:38,642 - mmdet - INFO - Epoch [3][400/616]	lr: 1.000e-02, eta: 0:10:14, time: 0.748, data_time: 0.012, memory: 11909, loss_rpn_cls: 0.0022, loss_rpn_bbox: 0.0305, loss_cls: 0.0341, acc: 98.5107, loss_bbox: 0.0749, loss: 0.1417
2020-11-24 03:05:53,417 - mmdet - INFO - Epoch [3][500/616]	lr: 1.000e-02, eta: 0:09:00, time: 0.748, data_time: 0.012, memory: 11909, loss_rpn_cls: 0.0026, loss_rpn_bbox: 0.0310, loss_cls: 0.0316, acc: 98.6309, loss_bbox: 0.0750, loss: 0.1402
2020-11-24 03:07:08,074 - mmdet - INFO - Epoch [3][600/616]	lr: 1.000e-02, eta: 0:07:47, time: 0.747, data_time: 0.012, memory: 11909, loss_rpn_cls: 0.0036, loss_rpn_bbox: 0.0323, loss_cls: 0.0363, acc: 98.5801, loss_bbox: 0.0792, loss: 0.1514
2020-11-24 03:07:47,384 - mmdet - INFO - Evaluating bbox...
2020-11-24 03:07:49,959 - mmdet - INFO - Epoch [3][616/616]	lr: 1.000e-02, bbox_mAP: 0.8200, bbox_mAP_50: 0.8800, bbox_mAP_75: 0.8750, bbox_mAP_s: 0.5400, bbox_mAP_m: 0.8810, bbox_mAP_l: 0.9050, bbox_mAP_copypaste: 0.820 0.880 0.875 0.540 0.881 0.905
2020-11-24 03:09:07,141 - mmdet - INFO - Epoch [4][100/616]	lr: 1.000e-02, eta: 0:06:19, time: 0.770, data_time: 0.033, memory: 11909, loss_rpn_cls: 0.0023, loss_rpn_bbox: 0.0315, loss_cls: 0.0307, acc: 98.6377, loss_bbox: 0.0752, loss: 0.1397
2020-11-24 03:10:22,251 - mmdet - INFO - Epoch [4][200/616]	lr: 1.000e-02, eta: 0:05:05, time: 0.751, data_time: 0.012, memory: 11909, loss_rpn_cls: 0.0038, loss_rpn_bbox: 0.0333, loss_cls: 0.0434, acc: 98.1875, loss_bbox: 0.0824, loss: 0.1628
2020-11-24 03:11:37,052 - mmdet - INFO - Epoch [4][300/616]	lr: 1.000e-02, eta: 0:03:52, time: 0.748, data_time: 0.012, memory: 11909, loss_rpn_cls: 0.0024, loss_rpn_bbox: 0.0302, loss_cls: 0.0334, acc: 98.5762, loss_bbox: 0.0765, loss: 0.1425
2020-11-24 03:12:51,653 - mmdet - INFO - Epoch [4][400/616]	lr: 1.000e-02, eta: 0:02:39, time: 0.746, data_time: 0.012, memory: 11909, loss_rpn_cls: 0.0022, loss_rpn_bbox: 0.0281, loss_cls: 0.0299, acc: 98.7373, loss_bbox: 0.0700, loss: 0.1302
2020-11-24 03:14:06,456 - mmdet - INFO - Epoch [4][500/616]	lr: 1.000e-02, eta: 0:01:25, time: 0.748, data_time: 0.012, memory: 11909, loss_rpn_cls: 0.0028, loss_rpn_bbox: 0.0302, loss_cls: 0.0291, acc: 98.8711, loss_bbox: 0.0727, loss: 0.1349
2020-11-24 03:15:21,406 - mmdet - INFO - Epoch [4][600/616]	lr: 1.000e-02, eta: 0:00:11, time: 0.749, data_time: 0.012, memory: 11909, loss_rpn_cls: 0.0027, loss_rpn_bbox: 0.0307, loss_cls: 0.0315, acc: 98.7139, loss_bbox: 0.0776, loss: 0.1425
2020-11-24 03:15:33,247 - mmdet - INFO - Saving checkpoint at 4 epochs
2020-11-24 03:16:02,741 - mmdet - INFO - Evaluating bbox...
2020-11-24 03:16:05,418 - mmdet - INFO - Epoch [4][616/616]	lr: 1.000e-02, bbox_mAP: 0.8230, bbox_mAP_50: 0.8800, bbox_mAP_75: 0.8750, bbox_mAP_s: 0.5460, bbox_mAP_m: 0.8840, bbox_mAP_l: 0.9050, bbox_mAP_copypaste: 0.823 0.880 0.875 0.546 0.884 0.905
2020-11-24 03:16:39,285 - mmdet - INFO - Epoch(train) [4][85]	loss_rpn_cls: 0.0028, loss_rpn_bbox: 0.0317, loss_cls: 0.0309, acc: 98.7351, loss_bbox: 0.0729, loss: 0.1382
