2020-11-20 13:27:33,969 - mmdet - INFO - Environment info:
------------------------------------------------------------
sys.platform: linux
Python: 3.6.4 |Anaconda, Inc.| (default, Jan 16 2018, 18:10:19) [GCC 7.2.0]
CUDA available: True
CUDA_HOME: /usr/local/cuda
NVCC: Cuda compilation tools, release 10.0, V10.0.130
GPU 0: Tesla P100-PCIE-16GB
GCC: gcc (GCC) 5.3.0
PyTorch: 1.3.1+cu100
PyTorch compiling details: PyTorch built with:
  - GCC 7.3
  - Intel(R) Math Kernel Library Version 2019.0.4 Product Build 20190411 for Intel(R) 64 architecture applications
  - Intel(R) MKL-DNN v0.20.5 (Git Hash 0125f28c61c1f822fd48570b4c1066f96fcb9b2e)
  - OpenMP 201511 (a.k.a. OpenMP 4.5)
  - NNPACK is enabled
  - CUDA Runtime 10.0
  - NVCC architecture flags: -gencode;arch=compute_37,code=sm_37;-gencode;arch=compute_50,code=sm_50;-gencode;arch=compute_60,code=sm_60;-gencode;arch=compute_61,code=sm_61;-gencode;arch=compute_70,code=sm_70;-gencode;arch=compute_75,code=sm_75;-gencode;arch=compute_37,code=compute_37
  - CuDNN 7.6.3
  - Magma 2.5.1
  - Build settings: BLAS=MKL, BUILD_NAMEDTENSOR=OFF, BUILD_TYPE=Release, CXX_FLAGS= -Wno-deprecated -fvisibility-inlines-hidden -fopenmp -DUSE_FBGEMM -DUSE_QNNPACK -DUSE_PYTORCH_QNNPACK -O2 -fPIC -Wno-narrowing -Wall -Wextra -Wno-missing-field-initializers -Wno-type-limits -Wno-array-bounds -Wno-unknown-pragmas -Wno-sign-compare -Wno-unused-parameter -Wno-unused-variable -Wno-unused-function -Wno-unused-result -Wno-strict-overflow -Wno-strict-aliasing -Wno-error=deprecated-declarations -Wno-stringop-overflow -Wno-error=pedantic -Wno-error=redundant-decls -Wno-error=old-style-cast -fdiagnostics-color=always -faligned-new -Wno-unused-but-set-variable -Wno-maybe-uninitialized -fno-math-errno -fno-trapping-math -Wno-stringop-overflow, DISABLE_NUMA=1, PERF_WITH_AVX=1, PERF_WITH_AVX2=1, PERF_WITH_AVX512=1, USE_CUDA=True, USE_EXCEPTION_PTR=1, USE_GFLAGS=OFF, USE_GLOG=OFF, USE_MKL=ON, USE_MKLDNN=ON, USE_MPI=OFF, USE_NCCL=ON, USE_NNPACK=ON, USE_OPENMP=ON, USE_STATIC_DISPATCH=OFF, 

TorchVision: 0.4.2+cu100
OpenCV: 4.4.0
MMCV: 1.0.5
MMDetection: 2.3.0+788fa8d
MMDetection Compiler: GCC 7.3
MMDetection CUDA Compiler: 10.0
------------------------------------------------------------

2020-11-20 13:27:33,969 - mmdet - INFO - Distributed training: False
2020-11-20 13:27:34,355 - mmdet - INFO - Config:
model = dict(
    type='FasterRCNN',
    pretrained='torchvision://resnet50',
    backbone=dict(
        type='ResNet',
        depth=50,
        num_stages=4,
        out_indices=(0, 1, 2, 3),
        frozen_stages=1,
        norm_cfg=dict(type='BN', requires_grad=True),
        norm_eval=True,
        style='pytorch'),
    neck=dict(
        type='FPN',
        in_channels=[256, 512, 1024, 2048],
        out_channels=256,
        num_outs=5),
    rpn_head=dict(
        type='RPNHead',
        in_channels=256,
        feat_channels=256,
        anchor_generator=dict(
            type='AnchorGenerator',
            scales=[8],
            ratios=[0.5, 1.0, 2.0],
            strides=[4, 8, 16, 32, 64]),
        bbox_coder=dict(
            type='DeltaXYWHBBoxCoder',
            target_means=[0.0, 0.0, 0.0, 0.0],
            target_stds=[1.0, 1.0, 1.0, 1.0]),
        loss_cls=dict(
            type='CrossEntropyLoss', use_sigmoid=True, loss_weight=1.0),
        loss_bbox=dict(type='L1Loss', loss_weight=1.0)),
    roi_head=dict(
        type='StandardRoIHead',
        bbox_roi_extractor=dict(
            type='SingleRoIExtractor',
            roi_layer=dict(type='RoIAlign', output_size=7, sampling_ratio=0),
            out_channels=256,
            featmap_strides=[4, 8, 16, 32]),
        bbox_head=dict(
            type='Shared2FCBBoxHead',
            in_channels=256,
            fc_out_channels=1024,
            roi_feat_size=7,
            num_classes=2,
            bbox_coder=dict(
                type='DeltaXYWHBBoxCoder',
                target_means=[0.0, 0.0, 0.0, 0.0],
                target_stds=[0.1, 0.1, 0.2, 0.2]),
            reg_class_agnostic=False,
            loss_cls=dict(
                type='CrossEntropyLoss', use_sigmoid=False, loss_weight=1.0),
            loss_bbox=dict(type='L1Loss', loss_weight=1.0))))
train_cfg = dict(
    rpn=dict(
        assigner=dict(
            type='MaxIoUAssigner',
            pos_iou_thr=0.7,
            neg_iou_thr=0.3,
            min_pos_iou=0.3,
            match_low_quality=True,
            ignore_iof_thr=-1),
        sampler=dict(
            type='RandomSampler',
            num=256,
            pos_fraction=0.5,
            neg_pos_ub=-1,
            add_gt_as_proposals=False),
        allowed_border=-1,
        pos_weight=-1,
        debug=False),
    rpn_proposal=dict(
        nms_across_levels=False,
        nms_pre=2000,
        nms_post=1000,
        max_num=1000,
        nms_thr=0.7,
        min_bbox_size=0),
    rcnn=dict(
        assigner=dict(
            type='MaxIoUAssigner',
            pos_iou_thr=0.5,
            neg_iou_thr=0.5,
            min_pos_iou=0.5,
            match_low_quality=False,
            ignore_iof_thr=-1),
        sampler=dict(
            type='RandomSampler',
            num=512,
            pos_fraction=0.25,
            neg_pos_ub=-1,
            add_gt_as_proposals=True),
        pos_weight=-1,
        debug=False))
test_cfg = dict(
    rpn=dict(
        nms_across_levels=False,
        nms_pre=1000,
        nms_post=1000,
        max_num=1000,
        nms_thr=0.7,
        min_bbox_size=0),
    rcnn=dict(
        score_thr=0.05,
        nms=dict(type='nms', iou_threshold=0.5),
        max_per_img=100))
dataset_type = 'CocoDataset'
data_root = 'data/coco/'
img_norm_cfg = dict(
    mean=[123.675, 116.28, 103.53], std=[58.395, 57.12, 57.375], to_rgb=True)
train_pipeline = [
    dict(type='LoadImageFromFile'),
    dict(type='LoadAnnotations', with_bbox=True),
    dict(type='Resize', img_scale=(1550, 1550), keep_ratio=True),
    dict(type='RandomFlip', flip_ratio=0.5),
    dict(
        type='Normalize',
        mean=[123.675, 116.28, 103.53],
        std=[58.395, 57.12, 57.375],
        to_rgb=True),
    dict(type='Pad', size_divisor=32),
    dict(type='DefaultFormatBundle'),
    dict(type='Collect', keys=['img', 'gt_bboxes', 'gt_labels'])
]
test_pipeline = [
    dict(type='LoadImageFromFile'),
    dict(
        type='MultiScaleFlipAug',
        img_scale=(1550, 1550),
        flip=False,
        transforms=[
            dict(type='Resize', keep_ratio=True),
            dict(type='RandomFlip'),
            dict(
                type='Normalize',
                mean=[123.675, 116.28, 103.53],
                std=[58.395, 57.12, 57.375],
                to_rgb=True),
            dict(type='Pad', size_divisor=32),
            dict(type='ImageToTensor', keys=['img']),
            dict(type='Collect', keys=['img'])
        ])
]
data = dict(
    samples_per_gpu=2,
    workers_per_gpu=2,
    train=dict(
        type='CocoDataset',
        ann_file='data/coco/annotations/annotations_trai.json',
        img_prefix='data/coco/img/',
        pipeline=[
            dict(type='LoadImageFromFile'),
            dict(type='LoadAnnotations', with_bbox=True),
            dict(type='Resize', img_scale=(1550, 1550), keep_ratio=True),
            dict(type='RandomFlip', flip_ratio=0.5),
            dict(
                type='Normalize',
                mean=[123.675, 116.28, 103.53],
                std=[58.395, 57.12, 57.375],
                to_rgb=True),
            dict(type='Pad', size_divisor=32),
            dict(type='DefaultFormatBundle'),
            dict(type='Collect', keys=['img', 'gt_bboxes', 'gt_labels'])
        ]),
    val=dict(
        type='CocoDataset',
        ann_file='data/coco/annotations/annotations_test.json',
        img_prefix='data/coco/img/',
        pipeline=[
            dict(type='LoadImageFromFile'),
            dict(
                type='MultiScaleFlipAug',
                img_scale=(1550, 1550),
                flip=False,
                transforms=[
                    dict(type='Resize', keep_ratio=True),
                    dict(type='RandomFlip'),
                    dict(
                        type='Normalize',
                        mean=[123.675, 116.28, 103.53],
                        std=[58.395, 57.12, 57.375],
                        to_rgb=True),
                    dict(type='Pad', size_divisor=32),
                    dict(type='ImageToTensor', keys=['img']),
                    dict(type='Collect', keys=['img'])
                ])
        ]),
    test=dict(
        type='CocoDataset',
        ann_file='data/coco/annotations/annotations_vals.json',
        img_prefix='data/coco/img/',
        pipeline=[
            dict(type='LoadImageFromFile'),
            dict(
                type='MultiScaleFlipAug',
                img_scale=(1550, 1550),
                flip=False,
                transforms=[
                    dict(type='Resize', keep_ratio=True),
                    dict(type='RandomFlip'),
                    dict(
                        type='Normalize',
                        mean=[123.675, 116.28, 103.53],
                        std=[58.395, 57.12, 57.375],
                        to_rgb=True),
                    dict(type='Pad', size_divisor=32),
                    dict(type='ImageToTensor', keys=['img']),
                    dict(type='Collect', keys=['img'])
                ])
        ]))
evaluation = dict(interval=1, metric='bbox')
optimizer = dict(type='SGD', lr=0.01, momentum=0.9, weight_decay=0.0001)
optimizer_config = dict(grad_clip=None)
lr_config = dict(
    policy='step',
    warmup='linear',
    warmup_iters=500,
    warmup_ratio=0.001,
    step=[8, 11])
total_epochs = 4
checkpoint_config = dict(interval=4)
log_config = dict(interval=100, hooks=[dict(type='TextLoggerHook')])
dist_params = dict(backend='nccl')
log_level = 'INFO'
load_from = '/home/admin/.cache/torch/checkpoints/X.pth'
resume_from = None
workflow = [('train', 2), ('val', 1)]
work_dir = '/home/admin/jupyter/SecurityAI_Round5/data/work'
gpu_ids = range(0, 1)

2020-11-20 13:27:34,851 - mmdet - INFO - load model from: torchvision://resnet50
2020-11-20 13:27:42,819 - mmdet - WARNING - The model and loaded state dict do not match exactly

unexpected key in source state_dict: fc.weight, fc.bias

2020-11-20 13:27:52,898 - mmdet - INFO - load checkpoint from /home/admin/.cache/torch/checkpoints/X.pth
2020-11-20 13:27:59,312 - mmdet - INFO - Start running, host: admin@fuxilabor_labor0_S4_Odps_S96_dsw_prepaid_cnsh_838_2020112000281, work_dir: /home/admin/jupyter/SecurityAI_Round5/data/work
2020-11-20 13:27:59,312 - mmdet - INFO - workflow: [('train', 2), ('val', 1)], max: 4 epochs
2020-11-20 13:29:16,561 - mmdet - INFO - Epoch [1][100/628]	lr: 1.988e-03, eta: 0:30:58, time: 0.771, data_time: 0.033, memory: 9843, loss_rpn_cls: 0.0028, loss_rpn_bbox: 0.0298, loss_cls: 0.0299, acc: 98.7988, loss_bbox: 0.0798, loss: 0.1423
2020-11-20 13:30:31,232 - mmdet - INFO - Epoch [1][200/628]	lr: 3.986e-03, eta: 0:29:13, time: 0.747, data_time: 0.012, memory: 9843, loss_rpn_cls: 0.0030, loss_rpn_bbox: 0.0290, loss_cls: 0.0304, acc: 98.8105, loss_bbox: 0.0766, loss: 0.1390
2020-11-20 13:31:45,799 - mmdet - INFO - Epoch [1][300/628]	lr: 5.984e-03, eta: 0:27:48, time: 0.746, data_time: 0.012, memory: 9843, loss_rpn_cls: 0.0025, loss_rpn_bbox: 0.0290, loss_cls: 0.0340, acc: 98.5918, loss_bbox: 0.0754, loss: 0.1409
2020-11-20 13:33:00,804 - mmdet - INFO - Epoch [1][400/628]	lr: 7.982e-03, eta: 0:26:30, time: 0.750, data_time: 0.012, memory: 11907, loss_rpn_cls: 0.0040, loss_rpn_bbox: 0.0340, loss_cls: 0.0406, acc: 98.2734, loss_bbox: 0.0837, loss: 0.1623
2020-11-20 13:34:15,627 - mmdet - INFO - Epoch [1][500/628]	lr: 9.980e-03, eta: 0:25:13, time: 0.748, data_time: 0.012, memory: 11907, loss_rpn_cls: 0.0025, loss_rpn_bbox: 0.0318, loss_cls: 0.0356, acc: 98.5635, loss_bbox: 0.0772, loss: 0.1471
2020-11-20 13:35:30,141 - mmdet - INFO - Epoch [1][600/628]	lr: 1.000e-02, eta: 0:23:55, time: 0.745, data_time: 0.012, memory: 11907, loss_rpn_cls: 0.0032, loss_rpn_bbox: 0.0346, loss_cls: 0.0342, acc: 98.5957, loss_bbox: 0.0775, loss: 0.1494
2020-11-20 13:36:17,318 - mmdet - INFO - Evaluating bbox...
2020-11-20 13:36:20,939 - mmdet - INFO - Epoch [1][628/628]	lr: 1.000e-02, bbox_mAP: 0.7820, bbox_mAP_50: 0.8540, bbox_mAP_75: 0.8350, bbox_mAP_s: 0.5080, bbox_mAP_m: 0.7970, bbox_mAP_l: 0.8780, bbox_mAP_copypaste: 0.782 0.854 0.835 0.508 0.797 0.878
2020-11-20 13:37:38,062 - mmdet - INFO - Epoch [2][100/628]	lr: 1.000e-02, eta: 0:21:32, time: 0.769, data_time: 0.033, memory: 11907, loss_rpn_cls: 0.0038, loss_rpn_bbox: 0.0358, loss_cls: 0.0391, acc: 98.4346, loss_bbox: 0.0893, loss: 0.1680
2020-11-20 13:38:52,751 - mmdet - INFO - Epoch [2][200/628]	lr: 1.000e-02, eta: 0:20:24, time: 0.747, data_time: 0.012, memory: 11907, loss_rpn_cls: 0.0035, loss_rpn_bbox: 0.0353, loss_cls: 0.0362, acc: 98.4863, loss_bbox: 0.0859, loss: 0.1609
2020-11-20 13:40:07,360 - mmdet - INFO - Epoch [2][300/628]	lr: 1.000e-02, eta: 0:19:15, time: 0.746, data_time: 0.012, memory: 11907, loss_rpn_cls: 0.0027, loss_rpn_bbox: 0.0317, loss_cls: 0.0317, acc: 98.6562, loss_bbox: 0.0765, loss: 0.1426
2020-11-20 13:41:22,109 - mmdet - INFO - Epoch [2][400/628]	lr: 1.000e-02, eta: 0:18:04, time: 0.747, data_time: 0.012, memory: 11907, loss_rpn_cls: 0.0027, loss_rpn_bbox: 0.0375, loss_cls: 0.0419, acc: 98.2422, loss_bbox: 0.0862, loss: 0.1683
2020-11-20 13:42:36,937 - mmdet - INFO - Epoch [2][500/628]	lr: 1.000e-02, eta: 0:16:53, time: 0.748, data_time: 0.012, memory: 11907, loss_rpn_cls: 0.0022, loss_rpn_bbox: 0.0366, loss_cls: 0.0329, acc: 98.6074, loss_bbox: 0.0820, loss: 0.1536
2020-11-20 13:43:51,706 - mmdet - INFO - Epoch [2][600/628]	lr: 1.000e-02, eta: 0:15:42, time: 0.748, data_time: 0.012, memory: 11907, loss_rpn_cls: 0.0028, loss_rpn_bbox: 0.0349, loss_cls: 0.0351, acc: 98.5254, loss_bbox: 0.0846, loss: 0.1573
2020-11-20 13:44:38,961 - mmdet - INFO - Evaluating bbox...
2020-11-20 13:44:42,449 - mmdet - INFO - Epoch [2][628/628]	lr: 1.000e-02, bbox_mAP: 0.7790, bbox_mAP_50: 0.8610, bbox_mAP_75: 0.8320, bbox_mAP_s: 0.5020, bbox_mAP_m: 0.7780, bbox_mAP_l: 0.8770, bbox_mAP_copypaste: 0.779 0.861 0.832 0.502 0.778 0.877
2020-11-20 13:45:15,442 - mmdet - INFO - Epoch(train) [2][82]	loss_rpn_cls: 0.0055, loss_rpn_bbox: 0.0410, loss_cls: 0.0552, acc: 97.6765, loss_bbox: 0.1042, loss: 0.2059
2020-11-20 13:46:32,445 - mmdet - INFO - Epoch [3][100/628]	lr: 1.000e-02, eta: 0:13:53, time: 0.768, data_time: 0.033, memory: 11907, loss_rpn_cls: 0.0027, loss_rpn_bbox: 0.0349, loss_cls: 0.0393, acc: 98.3770, loss_bbox: 0.0890, loss: 0.1659
2020-11-20 13:47:46,862 - mmdet - INFO - Epoch [3][200/628]	lr: 1.000e-02, eta: 0:12:43, time: 0.744, data_time: 0.012, memory: 11907, loss_rpn_cls: 0.0020, loss_rpn_bbox: 0.0352, loss_cls: 0.0336, acc: 98.5801, loss_bbox: 0.0875, loss: 0.1583
2020-11-20 13:49:02,002 - mmdet - INFO - Epoch [3][300/628]	lr: 1.000e-02, eta: 0:11:32, time: 0.751, data_time: 0.012, memory: 11907, loss_rpn_cls: 0.0041, loss_rpn_bbox: 0.0350, loss_cls: 0.0415, acc: 98.1846, loss_bbox: 0.0883, loss: 0.1688
2020-11-20 13:50:17,105 - mmdet - INFO - Epoch [3][400/628]	lr: 1.000e-02, eta: 0:10:21, time: 0.751, data_time: 0.012, memory: 11907, loss_rpn_cls: 0.0026, loss_rpn_bbox: 0.0381, loss_cls: 0.0339, acc: 98.5674, loss_bbox: 0.0802, loss: 0.1548
2020-11-20 13:51:31,834 - mmdet - INFO - Epoch [3][500/628]	lr: 1.000e-02, eta: 0:09:09, time: 0.747, data_time: 0.012, memory: 11907, loss_rpn_cls: 0.0027, loss_rpn_bbox: 0.0397, loss_cls: 0.0422, acc: 98.1719, loss_bbox: 0.0956, loss: 0.1802
2020-11-20 13:52:46,484 - mmdet - INFO - Epoch [3][600/628]	lr: 1.000e-02, eta: 0:07:57, time: 0.746, data_time: 0.012, memory: 11907, loss_rpn_cls: 0.0032, loss_rpn_bbox: 0.0370, loss_cls: 0.0341, acc: 98.6006, loss_bbox: 0.0882, loss: 0.1624
2020-11-20 13:53:33,415 - mmdet - INFO - Evaluating bbox...
2020-11-20 13:53:37,128 - mmdet - INFO - Epoch [3][628/628]	lr: 1.000e-02, bbox_mAP: 0.7650, bbox_mAP_50: 0.8530, bbox_mAP_75: 0.8240, bbox_mAP_s: 0.4690, bbox_mAP_m: 0.7550, bbox_mAP_l: 0.8580, bbox_mAP_copypaste: 0.765 0.853 0.824 0.469 0.755 0.858
2020-11-20 13:54:53,806 - mmdet - INFO - Epoch [4][100/628]	lr: 1.000e-02, eta: 0:06:20, time: 0.765, data_time: 0.033, memory: 11907, loss_rpn_cls: 0.0055, loss_rpn_bbox: 0.0360, loss_cls: 0.0406, acc: 98.3770, loss_bbox: 0.0893, loss: 0.1714
2020-11-20 13:56:08,645 - mmdet - INFO - Epoch [4][200/628]	lr: 1.000e-02, eta: 0:05:08, time: 0.748, data_time: 0.012, memory: 11907, loss_rpn_cls: 0.0030, loss_rpn_bbox: 0.0355, loss_cls: 0.0351, acc: 98.5215, loss_bbox: 0.0857, loss: 0.1594
2020-11-20 13:57:23,403 - mmdet - INFO - Epoch [4][300/628]	lr: 1.000e-02, eta: 0:03:57, time: 0.748, data_time: 0.012, memory: 11907, loss_rpn_cls: 0.0023, loss_rpn_bbox: 0.0342, loss_cls: 0.0373, acc: 98.4062, loss_bbox: 0.0879, loss: 0.1618
2020-11-20 13:58:38,208 - mmdet - INFO - Epoch [4][400/628]	lr: 1.000e-02, eta: 0:02:45, time: 0.748, data_time: 0.012, memory: 11907, loss_rpn_cls: 0.0034, loss_rpn_bbox: 0.0397, loss_cls: 0.0427, acc: 98.2744, loss_bbox: 0.1002, loss: 0.1860
2020-11-20 13:59:53,024 - mmdet - INFO - Epoch [4][500/628]	lr: 1.000e-02, eta: 0:01:32, time: 0.748, data_time: 0.012, memory: 11907, loss_rpn_cls: 0.0035, loss_rpn_bbox: 0.0379, loss_cls: 0.0386, acc: 98.2998, loss_bbox: 0.0906, loss: 0.1705
2020-11-20 14:01:07,981 - mmdet - INFO - Epoch [4][600/628]	lr: 1.000e-02, eta: 0:00:20, time: 0.750, data_time: 0.012, memory: 11907, loss_rpn_cls: 0.0051, loss_rpn_bbox: 0.0395, loss_cls: 0.0398, acc: 98.4346, loss_bbox: 0.0855, loss: 0.1699
2020-11-20 14:01:28,804 - mmdet - INFO - Saving checkpoint at 4 epochs
2020-11-20 14:01:56,754 - mmdet - INFO - Evaluating bbox...
2020-11-20 14:02:00,593 - mmdet - INFO - Epoch [4][628/628]	lr: 1.000e-02, bbox_mAP: 0.7770, bbox_mAP_50: 0.8570, bbox_mAP_75: 0.8360, bbox_mAP_s: 0.4880, bbox_mAP_m: 0.7860, bbox_mAP_l: 0.8800, bbox_mAP_copypaste: 0.777 0.857 0.836 0.488 0.786 0.880
2020-11-20 14:02:33,665 - mmdet - INFO - Epoch(train) [4][82]	loss_rpn_cls: 0.0053, loss_rpn_bbox: 0.0441, loss_cls: 0.0537, acc: 97.7313, loss_bbox: 0.1050, loss: 0.2081
