2020-11-18 16:06:09,257 - mmdet - INFO - Environment info:
------------------------------------------------------------
sys.platform: linux
Python: 3.6.4 |Anaconda, Inc.| (default, Jan 16 2018, 18:10:19) [GCC 7.2.0]
CUDA available: True
CUDA_HOME: /usr/local/cuda
NVCC: Cuda compilation tools, release 10.0, V10.0.130
GPU 0: Tesla P100-PCIE-16GB
GCC: gcc (GCC) 5.3.0
PyTorch: 1.3.1+cu100
PyTorch compiling details: PyTorch built with:
  - GCC 7.3
  - Intel(R) Math Kernel Library Version 2019.0.4 Product Build 20190411 for Intel(R) 64 architecture applications
  - Intel(R) MKL-DNN v0.20.5 (Git Hash 0125f28c61c1f822fd48570b4c1066f96fcb9b2e)
  - OpenMP 201511 (a.k.a. OpenMP 4.5)
  - NNPACK is enabled
  - CUDA Runtime 10.0
  - NVCC architecture flags: -gencode;arch=compute_37,code=sm_37;-gencode;arch=compute_50,code=sm_50;-gencode;arch=compute_60,code=sm_60;-gencode;arch=compute_61,code=sm_61;-gencode;arch=compute_70,code=sm_70;-gencode;arch=compute_75,code=sm_75;-gencode;arch=compute_37,code=compute_37
  - CuDNN 7.6.3
  - Magma 2.5.1
  - Build settings: BLAS=MKL, BUILD_NAMEDTENSOR=OFF, BUILD_TYPE=Release, CXX_FLAGS= -Wno-deprecated -fvisibility-inlines-hidden -fopenmp -DUSE_FBGEMM -DUSE_QNNPACK -DUSE_PYTORCH_QNNPACK -O2 -fPIC -Wno-narrowing -Wall -Wextra -Wno-missing-field-initializers -Wno-type-limits -Wno-array-bounds -Wno-unknown-pragmas -Wno-sign-compare -Wno-unused-parameter -Wno-unused-variable -Wno-unused-function -Wno-unused-result -Wno-strict-overflow -Wno-strict-aliasing -Wno-error=deprecated-declarations -Wno-stringop-overflow -Wno-error=pedantic -Wno-error=redundant-decls -Wno-error=old-style-cast -fdiagnostics-color=always -faligned-new -Wno-unused-but-set-variable -Wno-maybe-uninitialized -fno-math-errno -fno-trapping-math -Wno-stringop-overflow, DISABLE_NUMA=1, PERF_WITH_AVX=1, PERF_WITH_AVX2=1, PERF_WITH_AVX512=1, USE_CUDA=True, USE_EXCEPTION_PTR=1, USE_GFLAGS=OFF, USE_GLOG=OFF, USE_MKL=ON, USE_MKLDNN=ON, USE_MPI=OFF, USE_NCCL=ON, USE_NNPACK=ON, USE_OPENMP=ON, USE_STATIC_DISPATCH=OFF, 

TorchVision: 0.4.2+cu100
OpenCV: 4.4.0
MMCV: 1.0.5
MMDetection: 2.3.0+788fa8d
MMDetection Compiler: GCC 7.3
MMDetection CUDA Compiler: 10.0
------------------------------------------------------------

2020-11-18 16:06:09,258 - mmdet - INFO - Distributed training: False
2020-11-18 16:06:09,654 - mmdet - INFO - Config:
model = dict(
    type='FasterRCNN',
    pretrained='torchvision://resnet50',
    backbone=dict(
        type='ResNet',
        depth=50,
        num_stages=4,
        out_indices=(0, 1, 2, 3),
        frozen_stages=1,
        norm_cfg=dict(type='BN', requires_grad=True),
        norm_eval=True,
        style='pytorch'),
    neck=dict(
        type='FPN',
        in_channels=[256, 512, 1024, 2048],
        out_channels=256,
        num_outs=5),
    rpn_head=dict(
        type='RPNHead',
        in_channels=256,
        feat_channels=256,
        anchor_generator=dict(
            type='AnchorGenerator',
            scales=[8],
            ratios=[0.5, 1.0, 2.0],
            strides=[4, 8, 16, 32, 64]),
        bbox_coder=dict(
            type='DeltaXYWHBBoxCoder',
            target_means=[0.0, 0.0, 0.0, 0.0],
            target_stds=[1.0, 1.0, 1.0, 1.0]),
        loss_cls=dict(
            type='CrossEntropyLoss', use_sigmoid=True, loss_weight=1.0),
        loss_bbox=dict(type='L1Loss', loss_weight=1.0)),
    roi_head=dict(
        type='StandardRoIHead',
        bbox_roi_extractor=dict(
            type='SingleRoIExtractor',
            roi_layer=dict(type='RoIAlign', output_size=7, sampling_ratio=0),
            out_channels=256,
            featmap_strides=[4, 8, 16, 32]),
        bbox_head=dict(
            type='Shared2FCBBoxHead',
            in_channels=256,
            fc_out_channels=1024,
            roi_feat_size=7,
            num_classes=2,
            bbox_coder=dict(
                type='DeltaXYWHBBoxCoder',
                target_means=[0.0, 0.0, 0.0, 0.0],
                target_stds=[0.1, 0.1, 0.2, 0.2]),
            reg_class_agnostic=False,
            loss_cls=dict(
                type='CrossEntropyLoss', use_sigmoid=False, loss_weight=1.0),
            loss_bbox=dict(type='L1Loss', loss_weight=1.0))))
train_cfg = dict(
    rpn=dict(
        assigner=dict(
            type='MaxIoUAssigner',
            pos_iou_thr=0.7,
            neg_iou_thr=0.3,
            min_pos_iou=0.3,
            match_low_quality=True,
            ignore_iof_thr=-1),
        sampler=dict(
            type='RandomSampler',
            num=256,
            pos_fraction=0.5,
            neg_pos_ub=-1,
            add_gt_as_proposals=False),
        allowed_border=-1,
        pos_weight=-1,
        debug=False),
    rpn_proposal=dict(
        nms_across_levels=False,
        nms_pre=2000,
        nms_post=1000,
        max_num=1000,
        nms_thr=0.7,
        min_bbox_size=0),
    rcnn=dict(
        assigner=dict(
            type='MaxIoUAssigner',
            pos_iou_thr=0.5,
            neg_iou_thr=0.5,
            min_pos_iou=0.5,
            match_low_quality=False,
            ignore_iof_thr=-1),
        sampler=dict(
            type='RandomSampler',
            num=512,
            pos_fraction=0.25,
            neg_pos_ub=-1,
            add_gt_as_proposals=True),
        pos_weight=-1,
        debug=False))
test_cfg = dict(
    rpn=dict(
        nms_across_levels=False,
        nms_pre=1000,
        nms_post=1000,
        max_num=1000,
        nms_thr=0.7,
        min_bbox_size=0),
    rcnn=dict(
        score_thr=0.05,
        nms=dict(type='nms', iou_threshold=0.5),
        max_per_img=100))
dataset_type = 'CocoDataset'
data_root = 'data/coco/'
img_norm_cfg = dict(
    mean=[123.675, 116.28, 103.53], std=[58.395, 57.12, 57.375], to_rgb=True)
train_pipeline = [
    dict(type='LoadImageFromFile'),
    dict(type='LoadAnnotations', with_bbox=True),
    dict(type='Resize', img_scale=(1550, 1550), keep_ratio=True),
    dict(type='RandomFlip', flip_ratio=0.5),
    dict(
        type='Normalize',
        mean=[123.675, 116.28, 103.53],
        std=[58.395, 57.12, 57.375],
        to_rgb=True),
    dict(type='Pad', size_divisor=32),
    dict(type='DefaultFormatBundle'),
    dict(type='Collect', keys=['img', 'gt_bboxes', 'gt_labels'])
]
test_pipeline = [
    dict(type='LoadImageFromFile'),
    dict(
        type='MultiScaleFlipAug',
        img_scale=(1550, 1550),
        flip=False,
        transforms=[
            dict(type='Resize', keep_ratio=True),
            dict(type='RandomFlip'),
            dict(
                type='Normalize',
                mean=[123.675, 116.28, 103.53],
                std=[58.395, 57.12, 57.375],
                to_rgb=True),
            dict(type='Pad', size_divisor=32),
            dict(type='ImageToTensor', keys=['img']),
            dict(type='Collect', keys=['img'])
        ])
]
data = dict(
    samples_per_gpu=2,
    workers_per_gpu=2,
    train=dict(
        type='CocoDataset',
        ann_file='data/coco/annotations/annotations_trai.json',
        img_prefix='data/coco/img/',
        pipeline=[
            dict(type='LoadImageFromFile'),
            dict(type='LoadAnnotations', with_bbox=True),
            dict(type='Resize', img_scale=(1550, 1550), keep_ratio=True),
            dict(type='RandomFlip', flip_ratio=0.5),
            dict(
                type='Normalize',
                mean=[123.675, 116.28, 103.53],
                std=[58.395, 57.12, 57.375],
                to_rgb=True),
            dict(type='Pad', size_divisor=32),
            dict(type='DefaultFormatBundle'),
            dict(type='Collect', keys=['img', 'gt_bboxes', 'gt_labels'])
        ]),
    val=dict(
        type='CocoDataset',
        ann_file='data/coco/annotations/annotations_test.json',
        img_prefix='data/coco/img/',
        pipeline=[
            dict(type='LoadImageFromFile'),
            dict(
                type='MultiScaleFlipAug',
                img_scale=(1550, 1550),
                flip=False,
                transforms=[
                    dict(type='Resize', keep_ratio=True),
                    dict(type='RandomFlip'),
                    dict(
                        type='Normalize',
                        mean=[123.675, 116.28, 103.53],
                        std=[58.395, 57.12, 57.375],
                        to_rgb=True),
                    dict(type='Pad', size_divisor=32),
                    dict(type='ImageToTensor', keys=['img']),
                    dict(type='Collect', keys=['img'])
                ])
        ]),
    test=dict(
        type='CocoDataset',
        ann_file='data/coco/annotations/annotations_vals.json',
        img_prefix='data/coco/img/',
        pipeline=[
            dict(type='LoadImageFromFile'),
            dict(
                type='MultiScaleFlipAug',
                img_scale=(1550, 1550),
                flip=False,
                transforms=[
                    dict(type='Resize', keep_ratio=True),
                    dict(type='RandomFlip'),
                    dict(
                        type='Normalize',
                        mean=[123.675, 116.28, 103.53],
                        std=[58.395, 57.12, 57.375],
                        to_rgb=True),
                    dict(type='Pad', size_divisor=32),
                    dict(type='ImageToTensor', keys=['img']),
                    dict(type='Collect', keys=['img'])
                ])
        ]))
evaluation = dict(interval=1, metric='bbox')
optimizer = dict(type='SGD', lr=0.01, momentum=0.9, weight_decay=0.0001)
optimizer_config = dict(grad_clip=None)
lr_config = dict(
    policy='step',
    warmup='linear',
    warmup_iters=500,
    warmup_ratio=0.001,
    step=[8, 11])
total_epochs = 4
checkpoint_config = dict(interval=4)
log_config = dict(interval=100, hooks=[dict(type='TextLoggerHook')])
dist_params = dict(backend='nccl')
log_level = 'INFO'
load_from = '/home/admin/.cache/torch/checkpoints/X.pth'
resume_from = None
workflow = [('train', 2), ('val', 1)]
work_dir = '/home/admin/jupyter/SecurityAI_Round5/data/work'
gpu_ids = range(0, 1)

2020-11-18 16:06:10,171 - mmdet - INFO - load model from: torchvision://resnet50
2020-11-18 16:06:17,958 - mmdet - WARNING - The model and loaded state dict do not match exactly

unexpected key in source state_dict: fc.weight, fc.bias

2020-11-18 16:06:28,553 - mmdet - INFO - load checkpoint from /home/admin/.cache/torch/checkpoints/X.pth
2020-11-18 16:06:35,320 - mmdet - INFO - Start running, host: admin@fuxilabor_labor0_S4_Odps_S95_dsw_prepaid_cnsh_838_2020111802041, work_dir: /home/admin/jupyter/SecurityAI_Round5/data/work
2020-11-18 16:06:35,320 - mmdet - INFO - workflow: [('train', 2), ('val', 1)], max: 4 epochs
2020-11-18 16:07:52,521 - mmdet - INFO - Epoch [1][100/631]	lr: 1.988e-03, eta: 0:31:06, time: 0.770, data_time: 0.033, memory: 10052, loss_rpn_cls: 0.0064, loss_rpn_bbox: 0.0455, loss_cls: 0.0600, acc: 97.6260, loss_bbox: 0.1262, loss: 0.2381
2020-11-18 16:09:07,177 - mmdet - INFO - Epoch [1][200/631]	lr: 3.986e-03, eta: 0:29:22, time: 0.747, data_time: 0.012, memory: 10052, loss_rpn_cls: 0.0044, loss_rpn_bbox: 0.0451, loss_cls: 0.0582, acc: 97.5391, loss_bbox: 0.1210, loss: 0.2288
2020-11-18 16:10:21,629 - mmdet - INFO - Epoch [1][300/631]	lr: 5.984e-03, eta: 0:27:56, time: 0.745, data_time: 0.012, memory: 10052, loss_rpn_cls: 0.0031, loss_rpn_bbox: 0.0384, loss_cls: 0.0420, acc: 98.2471, loss_bbox: 0.0985, loss: 0.1821
2020-11-18 16:11:36,053 - mmdet - INFO - Epoch [1][400/631]	lr: 7.982e-03, eta: 0:26:35, time: 0.744, data_time: 0.012, memory: 10052, loss_rpn_cls: 0.0048, loss_rpn_bbox: 0.0426, loss_cls: 0.0506, acc: 97.8545, loss_bbox: 0.1121, loss: 0.2101
2020-11-18 16:12:50,552 - mmdet - INFO - Epoch [1][500/631]	lr: 9.980e-03, eta: 0:25:18, time: 0.745, data_time: 0.012, memory: 10052, loss_rpn_cls: 0.0048, loss_rpn_bbox: 0.0487, loss_cls: 0.0562, acc: 97.6572, loss_bbox: 0.1233, loss: 0.2330
2020-11-18 16:14:04,857 - mmdet - INFO - Epoch [1][600/631]	lr: 1.000e-02, eta: 0:24:00, time: 0.743, data_time: 0.012, memory: 10052, loss_rpn_cls: 0.0096, loss_rpn_bbox: 0.0510, loss_cls: 0.0611, acc: 97.4443, loss_bbox: 0.1151, loss: 0.2368
2020-11-18 16:14:52,271 - mmdet - INFO - Evaluating bbox...
2020-11-18 16:14:55,106 - mmdet - INFO - Epoch [1][631/631]	lr: 1.000e-02, bbox_mAP: 0.7540, bbox_mAP_50: 0.8360, bbox_mAP_75: 0.8050, bbox_mAP_s: 0.3900, bbox_mAP_m: 0.7630, bbox_mAP_l: 0.8540, bbox_mAP_copypaste: 0.754 0.836 0.805 0.390 0.763 0.854
2020-11-18 16:16:11,709 - mmdet - INFO - Epoch [2][100/631]	lr: 1.000e-02, eta: 0:21:29, time: 0.764, data_time: 0.033, memory: 10052, loss_rpn_cls: 0.0063, loss_rpn_bbox: 0.0498, loss_cls: 0.0553, acc: 97.7803, loss_bbox: 0.1149, loss: 0.2262
2020-11-18 16:17:26,160 - mmdet - INFO - Epoch [2][200/631]	lr: 1.000e-02, eta: 0:20:22, time: 0.745, data_time: 0.012, memory: 10077, loss_rpn_cls: 0.0079, loss_rpn_bbox: 0.0486, loss_cls: 0.0573, acc: 97.5967, loss_bbox: 0.1192, loss: 0.2329
2020-11-18 16:18:40,608 - mmdet - INFO - Epoch [2][300/631]	lr: 1.000e-02, eta: 0:19:14, time: 0.744, data_time: 0.012, memory: 10077, loss_rpn_cls: 0.0061, loss_rpn_bbox: 0.0502, loss_cls: 0.0658, acc: 97.2305, loss_bbox: 0.1348, loss: 0.2569
2020-11-18 16:19:55,308 - mmdet - INFO - Epoch [2][400/631]	lr: 1.000e-02, eta: 0:18:05, time: 0.747, data_time: 0.012, memory: 10077, loss_rpn_cls: 0.0053, loss_rpn_bbox: 0.0518, loss_cls: 0.0568, acc: 97.5967, loss_bbox: 0.1252, loss: 0.2391
2020-11-18 16:21:09,624 - mmdet - INFO - Epoch [2][500/631]	lr: 1.000e-02, eta: 0:16:54, time: 0.743, data_time: 0.012, memory: 10077, loss_rpn_cls: 0.0044, loss_rpn_bbox: 0.0479, loss_cls: 0.0545, acc: 97.7529, loss_bbox: 0.1225, loss: 0.2293
2020-11-18 16:22:24,179 - mmdet - INFO - Epoch [2][600/631]	lr: 1.000e-02, eta: 0:15:43, time: 0.746, data_time: 0.012, memory: 10077, loss_rpn_cls: 0.0070, loss_rpn_bbox: 0.0524, loss_cls: 0.0562, acc: 97.6562, loss_bbox: 0.1172, loss: 0.2327
2020-11-18 16:23:11,477 - mmdet - INFO - Evaluating bbox...
2020-11-18 16:23:14,173 - mmdet - INFO - Epoch [2][631/631]	lr: 1.000e-02, bbox_mAP: 0.7500, bbox_mAP_50: 0.8370, bbox_mAP_75: 0.8060, bbox_mAP_s: 0.3980, bbox_mAP_m: 0.7420, bbox_mAP_l: 0.8440, bbox_mAP_copypaste: 0.750 0.837 0.806 0.398 0.742 0.844
2020-11-18 16:23:44,713 - mmdet - INFO - Epoch(train) [2][76]	loss_rpn_cls: 0.0059, loss_rpn_bbox: 0.0480, loss_cls: 0.0550, acc: 97.7346, loss_bbox: 0.1193, loss: 0.2281
2020-11-18 16:25:01,591 - mmdet - INFO - Epoch [3][100/631]	lr: 1.000e-02, eta: 0:13:51, time: 0.767, data_time: 0.033, memory: 10077, loss_rpn_cls: 0.0073, loss_rpn_bbox: 0.0525, loss_cls: 0.0647, acc: 97.2480, loss_bbox: 0.1333, loss: 0.2578
2020-11-18 16:26:15,865 - mmdet - INFO - Epoch [3][200/631]	lr: 1.000e-02, eta: 0:12:42, time: 0.743, data_time: 0.012, memory: 10077, loss_rpn_cls: 0.0053, loss_rpn_bbox: 0.0472, loss_cls: 0.0504, acc: 97.9375, loss_bbox: 0.1158, loss: 0.2186
2020-11-18 16:27:30,141 - mmdet - INFO - Epoch [3][300/631]	lr: 1.000e-02, eta: 0:11:31, time: 0.743, data_time: 0.012, memory: 10077, loss_rpn_cls: 0.0073, loss_rpn_bbox: 0.0524, loss_cls: 0.0590, acc: 97.5928, loss_bbox: 0.1287, loss: 0.2474
2020-11-18 16:28:44,627 - mmdet - INFO - Epoch [3][400/631]	lr: 1.000e-02, eta: 0:10:21, time: 0.745, data_time: 0.012, memory: 10077, loss_rpn_cls: 0.0056, loss_rpn_bbox: 0.0508, loss_cls: 0.0586, acc: 97.5664, loss_bbox: 0.1233, loss: 0.2384
2020-11-18 16:29:59,209 - mmdet - INFO - Epoch [3][500/631]	lr: 1.000e-02, eta: 0:09:10, time: 0.746, data_time: 0.012, memory: 10077, loss_rpn_cls: 0.0046, loss_rpn_bbox: 0.0521, loss_cls: 0.0584, acc: 97.6562, loss_bbox: 0.1261, loss: 0.2412
2020-11-18 16:31:13,801 - mmdet - INFO - Epoch [3][600/631]	lr: 1.000e-02, eta: 0:07:58, time: 0.746, data_time: 0.012, memory: 10077, loss_rpn_cls: 0.0064, loss_rpn_bbox: 0.0501, loss_cls: 0.0682, acc: 97.1152, loss_bbox: 0.1351, loss: 0.2599
2020-11-18 16:32:01,086 - mmdet - INFO - Evaluating bbox...
2020-11-18 16:32:03,756 - mmdet - INFO - Epoch [3][631/631]	lr: 1.000e-02, bbox_mAP: 0.7480, bbox_mAP_50: 0.8370, bbox_mAP_75: 0.8020, bbox_mAP_s: 0.3900, bbox_mAP_m: 0.7350, bbox_mAP_l: 0.8480, bbox_mAP_copypaste: 0.748 0.837 0.802 0.390 0.735 0.848
2020-11-18 16:33:20,645 - mmdet - INFO - Epoch [4][100/631]	lr: 1.000e-02, eta: 0:06:19, time: 0.767, data_time: 0.034, memory: 10077, loss_rpn_cls: 0.0063, loss_rpn_bbox: 0.0511, loss_cls: 0.0563, acc: 97.6729, loss_bbox: 0.1201, loss: 0.2338
2020-11-18 16:34:35,101 - mmdet - INFO - Epoch [4][200/631]	lr: 1.000e-02, eta: 0:05:08, time: 0.745, data_time: 0.012, memory: 10077, loss_rpn_cls: 0.0048, loss_rpn_bbox: 0.0511, loss_cls: 0.0579, acc: 97.5586, loss_bbox: 0.1275, loss: 0.2413
2020-11-18 16:35:49,453 - mmdet - INFO - Epoch [4][300/631]	lr: 1.000e-02, eta: 0:03:57, time: 0.744, data_time: 0.012, memory: 10077, loss_rpn_cls: 0.0054, loss_rpn_bbox: 0.0501, loss_cls: 0.0558, acc: 97.7061, loss_bbox: 0.1238, loss: 0.2351
2020-11-18 16:37:04,066 - mmdet - INFO - Epoch [4][400/631]	lr: 1.000e-02, eta: 0:02:45, time: 0.746, data_time: 0.012, memory: 10077, loss_rpn_cls: 0.0074, loss_rpn_bbox: 0.0517, loss_cls: 0.0677, acc: 97.1338, loss_bbox: 0.1305, loss: 0.2573
2020-11-18 16:38:18,516 - mmdet - INFO - Epoch [4][500/631]	lr: 1.000e-02, eta: 0:01:34, time: 0.744, data_time: 0.012, memory: 10077, loss_rpn_cls: 0.0099, loss_rpn_bbox: 0.0517, loss_cls: 0.0620, acc: 97.5488, loss_bbox: 0.1278, loss: 0.2514
2020-11-18 16:39:33,032 - mmdet - INFO - Epoch [4][600/631]	lr: 1.000e-02, eta: 0:00:22, time: 0.745, data_time: 0.012, memory: 10077, loss_rpn_cls: 0.0049, loss_rpn_bbox: 0.0496, loss_cls: 0.0564, acc: 97.6631, loss_bbox: 0.1278, loss: 0.2386
2020-11-18 16:39:55,904 - mmdet - INFO - Saving checkpoint at 4 epochs
2020-11-18 16:40:21,908 - mmdet - INFO - Evaluating bbox...
2020-11-18 16:40:24,517 - mmdet - INFO - Epoch [4][631/631]	lr: 1.000e-02, bbox_mAP: 0.7430, bbox_mAP_50: 0.8350, bbox_mAP_75: 0.8000, bbox_mAP_s: 0.3880, bbox_mAP_m: 0.7210, bbox_mAP_l: 0.8490, bbox_mAP_copypaste: 0.743 0.835 0.800 0.388 0.721 0.849
2020-11-18 16:40:54,841 - mmdet - INFO - Epoch(train) [4][76]	loss_rpn_cls: 0.0054, loss_rpn_bbox: 0.0479, loss_cls: 0.0607, acc: 97.4661, loss_bbox: 0.1252, loss: 0.2392
