2020-11-09 15:34:00,620 - mmdet - INFO - Environment info:
------------------------------------------------------------
sys.platform: linux
Python: 3.6.4 |Anaconda, Inc.| (default, Jan 16 2018, 18:10:19) [GCC 7.2.0]
CUDA available: True
CUDA_HOME: /usr/local/cuda
NVCC: Cuda compilation tools, release 10.0, V10.0.130
GPU 0: Tesla P100-PCIE-16GB
GCC: gcc (GCC) 5.3.0
PyTorch: 1.3.1+cu100
PyTorch compiling details: PyTorch built with:
  - GCC 7.3
  - Intel(R) Math Kernel Library Version 2019.0.4 Product Build 20190411 for Intel(R) 64 architecture applications
  - Intel(R) MKL-DNN v0.20.5 (Git Hash 0125f28c61c1f822fd48570b4c1066f96fcb9b2e)
  - OpenMP 201511 (a.k.a. OpenMP 4.5)
  - NNPACK is enabled
  - CUDA Runtime 10.0
  - NVCC architecture flags: -gencode;arch=compute_37,code=sm_37;-gencode;arch=compute_50,code=sm_50;-gencode;arch=compute_60,code=sm_60;-gencode;arch=compute_61,code=sm_61;-gencode;arch=compute_70,code=sm_70;-gencode;arch=compute_75,code=sm_75;-gencode;arch=compute_37,code=compute_37
  - CuDNN 7.6.3
  - Magma 2.5.1
  - Build settings: BLAS=MKL, BUILD_NAMEDTENSOR=OFF, BUILD_TYPE=Release, CXX_FLAGS= -Wno-deprecated -fvisibility-inlines-hidden -fopenmp -DUSE_FBGEMM -DUSE_QNNPACK -DUSE_PYTORCH_QNNPACK -O2 -fPIC -Wno-narrowing -Wall -Wextra -Wno-missing-field-initializers -Wno-type-limits -Wno-array-bounds -Wno-unknown-pragmas -Wno-sign-compare -Wno-unused-parameter -Wno-unused-variable -Wno-unused-function -Wno-unused-result -Wno-strict-overflow -Wno-strict-aliasing -Wno-error=deprecated-declarations -Wno-stringop-overflow -Wno-error=pedantic -Wno-error=redundant-decls -Wno-error=old-style-cast -fdiagnostics-color=always -faligned-new -Wno-unused-but-set-variable -Wno-maybe-uninitialized -fno-math-errno -fno-trapping-math -Wno-stringop-overflow, DISABLE_NUMA=1, PERF_WITH_AVX=1, PERF_WITH_AVX2=1, PERF_WITH_AVX512=1, USE_CUDA=True, USE_EXCEPTION_PTR=1, USE_GFLAGS=OFF, USE_GLOG=OFF, USE_MKL=ON, USE_MKLDNN=ON, USE_MPI=OFF, USE_NCCL=ON, USE_NNPACK=ON, USE_OPENMP=ON, USE_STATIC_DISPATCH=OFF, 

TorchVision: 0.4.2+cu100
OpenCV: 4.4.0
MMCV: 1.0.5
MMDetection: 2.3.0+788fa8d
MMDetection Compiler: GCC 7.3
MMDetection CUDA Compiler: 10.0
------------------------------------------------------------

2020-11-09 15:34:00,620 - mmdet - INFO - Distributed training: False
2020-11-09 15:34:01,030 - mmdet - INFO - Config:
model = dict(
    type='FasterRCNN',
    pretrained='torchvision://resnet50',
    backbone=dict(
        type='ResNet',
        depth=50,
        num_stages=4,
        out_indices=(0, 1, 2, 3),
        frozen_stages=1,
        norm_cfg=dict(type='BN', requires_grad=True),
        norm_eval=True,
        style='pytorch'),
    neck=dict(
        type='FPN',
        in_channels=[256, 512, 1024, 2048],
        out_channels=256,
        num_outs=5),
    rpn_head=dict(
        type='RPNHead',
        in_channels=256,
        feat_channels=256,
        anchor_generator=dict(
            type='AnchorGenerator',
            scales=[8],
            ratios=[0.5, 1.0, 2.0],
            strides=[4, 8, 16, 32, 64]),
        bbox_coder=dict(
            type='DeltaXYWHBBoxCoder',
            target_means=[0.0, 0.0, 0.0, 0.0],
            target_stds=[1.0, 1.0, 1.0, 1.0]),
        loss_cls=dict(
            type='CrossEntropyLoss', use_sigmoid=True, loss_weight=1.0),
        loss_bbox=dict(type='L1Loss', loss_weight=1.0)),
    roi_head=dict(
        type='StandardRoIHead',
        bbox_roi_extractor=dict(
            type='SingleRoIExtractor',
            roi_layer=dict(type='RoIAlign', output_size=7, sampling_ratio=0),
            out_channels=256,
            featmap_strides=[4, 8, 16, 32]),
        bbox_head=dict(
            type='Shared2FCBBoxHead',
            in_channels=256,
            fc_out_channels=1024,
            roi_feat_size=7,
            num_classes=2,
            bbox_coder=dict(
                type='DeltaXYWHBBoxCoder',
                target_means=[0.0, 0.0, 0.0, 0.0],
                target_stds=[0.1, 0.1, 0.2, 0.2]),
            reg_class_agnostic=False,
            loss_cls=dict(
                type='CrossEntropyLoss', use_sigmoid=False, loss_weight=1.0),
            loss_bbox=dict(type='L1Loss', loss_weight=1.0))))
train_cfg = dict(
    rpn=dict(
        assigner=dict(
            type='MaxIoUAssigner',
            pos_iou_thr=0.7,
            neg_iou_thr=0.3,
            min_pos_iou=0.3,
            match_low_quality=True,
            ignore_iof_thr=-1),
        sampler=dict(
            type='RandomSampler',
            num=256,
            pos_fraction=0.5,
            neg_pos_ub=-1,
            add_gt_as_proposals=False),
        allowed_border=-1,
        pos_weight=-1,
        debug=False),
    rpn_proposal=dict(
        nms_across_levels=False,
        nms_pre=2000,
        nms_post=1000,
        max_num=1000,
        nms_thr=0.7,
        min_bbox_size=0),
    rcnn=dict(
        assigner=dict(
            type='MaxIoUAssigner',
            pos_iou_thr=0.5,
            neg_iou_thr=0.5,
            min_pos_iou=0.5,
            match_low_quality=False,
            ignore_iof_thr=-1),
        sampler=dict(
            type='RandomSampler',
            num=512,
            pos_fraction=0.25,
            neg_pos_ub=-1,
            add_gt_as_proposals=True),
        pos_weight=-1,
        debug=False))
test_cfg = dict(
    rpn=dict(
        nms_across_levels=False,
        nms_pre=1000,
        nms_post=1000,
        max_num=1000,
        nms_thr=0.7,
        min_bbox_size=0),
    rcnn=dict(
        score_thr=0.05,
        nms=dict(type='nms', iou_threshold=0.5),
        max_per_img=100))
dataset_type = 'CocoDataset'
data_root = 'data/coco/'
img_norm_cfg = dict(
    mean=[123.675, 116.28, 103.53], std=[58.395, 57.12, 57.375], to_rgb=True)
train_pipeline = [
    dict(type='LoadImageFromFile'),
    dict(type='LoadAnnotations', with_bbox=True),
    dict(type='Resize', img_scale=(310, 310), keep_ratio=True),
    dict(type='RandomFlip', flip_ratio=0.5),
    dict(
        type='Normalize',
        mean=[123.675, 116.28, 103.53],
        std=[58.395, 57.12, 57.375],
        to_rgb=True),
    dict(type='Pad', size_divisor=32),
    dict(type='DefaultFormatBundle'),
    dict(type='Collect', keys=['img', 'gt_bboxes', 'gt_labels'])
]
test_pipeline = [
    dict(type='LoadImageFromFile'),
    dict(
        type='MultiScaleFlipAug',
        img_scale=(310, 310),
        flip=False,
        transforms=[
            dict(type='Resize', keep_ratio=True),
            dict(type='RandomFlip'),
            dict(
                type='Normalize',
                mean=[123.675, 116.28, 103.53],
                std=[58.395, 57.12, 57.375],
                to_rgb=True),
            dict(type='Pad', size_divisor=32),
            dict(type='ImageToTensor', keys=['img']),
            dict(type='Collect', keys=['img'])
        ])
]
data = dict(
    samples_per_gpu=12,
    workers_per_gpu=12,
    train=dict(
        type='CocoDataset',
        ann_file='data/coco/annotations/annotations_trai.json',
        img_prefix='data/coco/img/',
        pipeline=[
            dict(type='LoadImageFromFile'),
            dict(type='LoadAnnotations', with_bbox=True),
            dict(type='Resize', img_scale=(310, 310), keep_ratio=True),
            dict(type='RandomFlip', flip_ratio=0.5),
            dict(
                type='Normalize',
                mean=[123.675, 116.28, 103.53],
                std=[58.395, 57.12, 57.375],
                to_rgb=True),
            dict(type='Pad', size_divisor=32),
            dict(type='DefaultFormatBundle'),
            dict(type='Collect', keys=['img', 'gt_bboxes', 'gt_labels'])
        ]),
    val=dict(
        type='CocoDataset',
        ann_file='data/coco/annotations/annotations_test.json',
        img_prefix='data/coco/img/',
        pipeline=[
            dict(type='LoadImageFromFile'),
            dict(
                type='MultiScaleFlipAug',
                img_scale=(310, 310),
                flip=False,
                transforms=[
                    dict(type='Resize', keep_ratio=True),
                    dict(type='RandomFlip'),
                    dict(
                        type='Normalize',
                        mean=[123.675, 116.28, 103.53],
                        std=[58.395, 57.12, 57.375],
                        to_rgb=True),
                    dict(type='Pad', size_divisor=32),
                    dict(type='ImageToTensor', keys=['img']),
                    dict(type='Collect', keys=['img'])
                ])
        ]),
    test=dict(
        type='CocoDataset',
        ann_file='data/coco/annotations/annotations_vals.json',
        img_prefix='data/coco/img/',
        pipeline=[
            dict(type='LoadImageFromFile'),
            dict(
                type='MultiScaleFlipAug',
                img_scale=(310, 310),
                flip=False,
                transforms=[
                    dict(type='Resize', keep_ratio=True),
                    dict(type='RandomFlip'),
                    dict(
                        type='Normalize',
                        mean=[123.675, 116.28, 103.53],
                        std=[58.395, 57.12, 57.375],
                        to_rgb=True),
                    dict(type='Pad', size_divisor=32),
                    dict(type='ImageToTensor', keys=['img']),
                    dict(type='Collect', keys=['img'])
                ])
        ]))
evaluation = dict(interval=1, metric='bbox')
optimizer = dict(type='SGD', lr=0.02, momentum=0.9, weight_decay=0.0001)
optimizer_config = dict(grad_clip=None)
lr_config = dict(
    policy='step',
    warmup='linear',
    warmup_iters=500,
    warmup_ratio=0.001,
    step=[8, 11])
total_epochs = 50
checkpoint_config = dict(interval=25)
log_config = dict(interval=2, hooks=[dict(type='TextLoggerHook')])
dist_params = dict(backend='nccl')
log_level = 'INFO'
load_from = None
resume_from = None
workflow = [('train', 2), ('val', 1)]
work_dir = '/home/admin/jupyter/SecurityAI_Round5/data/work'
gpu_ids = range(0, 1)

2020-11-09 15:34:01,542 - mmdet - INFO - load model from: torchvision://resnet50
2020-11-09 15:34:09,865 - mmdet - WARNING - The model and loaded state dict do not match exactly

unexpected key in source state_dict: fc.weight, fc.bias

2020-11-09 15:34:21,280 - mmdet - INFO - Start running, host: admin@fuxilabor_labor0_S4_Odps_S96_dsw_prepaid_cnsh_838_2020110906395, work_dir: /home/admin/jupyter/SecurityAI_Round5/data/work
2020-11-09 15:34:21,281 - mmdet - INFO - workflow: [('train', 2), ('val', 1)], max: 50 epochs
2020-11-09 15:34:25,352 - mmdet - INFO - Epoch [1][2/924]	lr: 5.996e-05, eta: 1 day, 1:43:58, time: 2.005, data_time: 1.294, memory: 2582, loss_rpn_cls: 0.6934, loss_rpn_bbox: 0.1458, loss_cls: 1.0355, acc: 42.5130, loss_bbox: 0.0231, loss: 1.8978
2020-11-09 15:34:26,422 - mmdet - INFO - Epoch [1][4/924]	lr: 1.399e-04, eta: 16:17:58, time: 0.535, data_time: 0.037, memory: 2582, loss_rpn_cls: 0.6934, loss_rpn_bbox: 0.1739, loss_cls: 0.9558, acc: 66.5690, loss_bbox: 0.0136, loss: 1.8367
2020-11-09 15:34:27,469 - mmdet - INFO - Epoch [1][6/924]	lr: 2.198e-04, eta: 13:06:18, time: 0.523, data_time: 0.032, memory: 2582, loss_rpn_cls: 0.6919, loss_rpn_bbox: 0.1578, loss_cls: 0.7373, acc: 94.3197, loss_bbox: 0.0128, loss: 1.5997
2020-11-09 15:34:28,526 - mmdet - INFO - Epoch [1][8/924]	lr: 2.997e-04, eta: 11:31:23, time: 0.528, data_time: 0.032, memory: 2582, loss_rpn_cls: 0.6911, loss_rpn_bbox: 0.1448, loss_cls: 0.4517, acc: 96.6309, loss_bbox: 0.0194, loss: 1.3070
2020-11-09 15:34:29,722 - mmdet - INFO - Epoch [1][10/924]	lr: 3.796e-04, eta: 10:45:09, time: 0.598, data_time: 0.064, memory: 2582, loss_rpn_cls: 0.6879, loss_rpn_bbox: 0.1383, loss_cls: 0.2380, acc: 97.6237, loss_bbox: 0.0177, loss: 1.0819
2020-11-09 15:34:30,778 - mmdet - INFO - Epoch [1][12/924]	lr: 4.596e-04, eta: 10:05:22, time: 0.528, data_time: 0.038, memory: 2582, loss_rpn_cls: 0.6816, loss_rpn_bbox: 0.1527, loss_cls: 0.1686, acc: 97.6969, loss_bbox: 0.0240, loss: 1.0270
2020-11-09 15:34:31,912 - mmdet - INFO - Epoch [1][14/924]	lr: 5.395e-04, eta: 9:41:11, time: 0.567, data_time: 0.075, memory: 2582, loss_rpn_cls: 0.6713, loss_rpn_bbox: 0.1201, loss_cls: 0.3461, acc: 96.0124, loss_bbox: 0.0453, loss: 1.1828
2020-11-09 15:34:32,974 - mmdet - INFO - Epoch [1][16/924]	lr: 6.194e-04, eta: 9:19:36, time: 0.531, data_time: 0.032, memory: 2582, loss_rpn_cls: 0.6573, loss_rpn_bbox: 0.1322, loss_cls: 0.2466, acc: 97.3063, loss_bbox: 0.0409, loss: 1.0770
2020-11-09 15:34:34,147 - mmdet - INFO - Epoch [1][18/924]	lr: 6.993e-04, eta: 9:07:33, time: 0.586, data_time: 0.032, memory: 2582, loss_rpn_cls: 0.6549, loss_rpn_bbox: 0.2282, loss_cls: 0.5521, acc: 94.4580, loss_bbox: 0.0542, loss: 1.4894
2020-11-09 15:34:35,266 - mmdet - INFO - Epoch [1][20/924]	lr: 7.792e-04, eta: 8:55:50, time: 0.559, data_time: 0.037, memory: 2582, loss_rpn_cls: 0.6323, loss_rpn_bbox: 0.1049, loss_cls: 0.2256, acc: 96.8750, loss_bbox: 0.0833, loss: 1.0461
2020-11-09 15:34:36,429 - mmdet - INFO - Epoch [1][22/924]	lr: 8.592e-04, eta: 8:47:49, time: 0.582, data_time: 0.048, memory: 2582, loss_rpn_cls: 0.6279, loss_rpn_bbox: 0.0950, loss_cls: 0.2474, acc: 95.9147, loss_bbox: 0.1142, loss: 1.0846
2020-11-09 15:34:37,587 - mmdet - INFO - Epoch [1][24/924]	lr: 9.391e-04, eta: 8:40:56, time: 0.579, data_time: 0.031, memory: 2582, loss_rpn_cls: 0.6268, loss_rpn_bbox: 0.1584, loss_cls: 0.2333, acc: 95.9554, loss_bbox: 0.1006, loss: 1.1191
2020-11-09 15:34:38,770 - mmdet - INFO - Epoch [1][26/924]	lr: 1.019e-03, eta: 8:35:52, time: 0.592, data_time: 0.044, memory: 2582, loss_rpn_cls: 0.6186, loss_rpn_bbox: 0.1528, loss_cls: 0.2886, acc: 94.8812, loss_bbox: 0.1030, loss: 1.1630
2020-11-09 15:34:39,943 - mmdet - INFO - Epoch [1][28/924]	lr: 1.099e-03, eta: 8:31:14, time: 0.586, data_time: 0.044, memory: 2582, loss_rpn_cls: 0.5943, loss_rpn_bbox: 0.0755, loss_cls: 0.2033, acc: 95.9717, loss_bbox: 0.1076, loss: 0.9808
2020-11-09 15:34:41,116 - mmdet - INFO - Epoch [1][30/924]	lr: 1.179e-03, eta: 8:27:12, time: 0.586, data_time: 0.043, memory: 2582, loss_rpn_cls: 0.5773, loss_rpn_bbox: 0.0955, loss_cls: 0.2379, acc: 94.7347, loss_bbox: 0.1500, loss: 1.0607
2020-11-09 15:34:42,320 - mmdet - INFO - Epoch [1][32/924]	lr: 1.259e-03, eta: 8:24:26, time: 0.602, data_time: 0.044, memory: 2582, loss_rpn_cls: 0.5494, loss_rpn_bbox: 0.0914, loss_cls: 0.1811, acc: 96.3379, loss_bbox: 0.0955, loss: 0.9174
2020-11-09 15:34:43,595 - mmdet - INFO - Epoch [1][34/924]	lr: 1.339e-03, eta: 8:23:35, time: 0.637, data_time: 0.054, memory: 2582, loss_rpn_cls: 0.5323, loss_rpn_bbox: 0.1274, loss_cls: 0.2116, acc: 95.3532, loss_bbox: 0.1262, loss: 0.9975
2020-11-09 15:34:44,798 - mmdet - INFO - Epoch [1][36/924]	lr: 1.419e-03, eta: 8:21:18, time: 0.602, data_time: 0.032, memory: 2582, loss_rpn_cls: 0.4706, loss_rpn_bbox: 0.1032, loss_cls: 0.2329, acc: 94.9137, loss_bbox: 0.1288, loss: 0.9356
2020-11-09 15:34:46,011 - mmdet - INFO - Epoch [1][38/924]	lr: 1.499e-03, eta: 8:19:27, time: 0.606, data_time: 0.044, memory: 2582, loss_rpn_cls: 0.4299, loss_rpn_bbox: 0.0907, loss_cls: 0.2184, acc: 95.1253, loss_bbox: 0.0998, loss: 0.8388
2020-11-09 15:34:47,216 - mmdet - INFO - Epoch [1][40/924]	lr: 1.578e-03, eta: 8:17:39, time: 0.603, data_time: 0.045, memory: 2582, loss_rpn_cls: 0.3809, loss_rpn_bbox: 0.1257, loss_cls: 0.2184, acc: 95.0358, loss_bbox: 0.1376, loss: 0.8627
2020-11-09 15:34:48,447 - mmdet - INFO - Epoch [1][42/924]	lr: 1.658e-03, eta: 8:16:28, time: 0.615, data_time: 0.043, memory: 2582, loss_rpn_cls: 0.4140, loss_rpn_bbox: 0.1749, loss_cls: 0.2516, acc: 93.8477, loss_bbox: 0.1574, loss: 0.9979
2020-11-09 15:34:49,677 - mmdet - INFO - Epoch [1][44/924]	lr: 1.738e-03, eta: 8:15:24, time: 0.615, data_time: 0.045, memory: 2582, loss_rpn_cls: 0.3012, loss_rpn_bbox: 0.0942, loss_cls: 0.1948, acc: 95.3451, loss_bbox: 0.1436, loss: 0.7338
2020-11-09 15:34:50,921 - mmdet - INFO - Epoch [1][46/924]	lr: 1.818e-03, eta: 8:14:38, time: 0.622, data_time: 0.056, memory: 2582, loss_rpn_cls: 0.2986, loss_rpn_bbox: 0.0967, loss_cls: 0.2146, acc: 94.6126, loss_bbox: 0.1414, loss: 0.7514
2020-11-09 15:34:52,157 - mmdet - INFO - Epoch [1][48/924]	lr: 1.898e-03, eta: 8:13:49, time: 0.618, data_time: 0.034, memory: 2582, loss_rpn_cls: 0.3292, loss_rpn_bbox: 0.1234, loss_cls: 0.2294, acc: 93.7907, loss_bbox: 0.1423, loss: 0.8243
2020-11-09 15:34:53,371 - mmdet - INFO - Epoch [1][50/924]	lr: 1.978e-03, eta: 8:12:43, time: 0.607, data_time: 0.044, memory: 2582, loss_rpn_cls: 0.2800, loss_rpn_bbox: 0.0928, loss_cls: 0.1982, acc: 95.0928, loss_bbox: 0.1304, loss: 0.7014
2020-11-09 15:34:54,574 - mmdet - INFO - Epoch [1][52/924]	lr: 2.058e-03, eta: 8:11:32, time: 0.601, data_time: 0.043, memory: 2582, loss_rpn_cls: 0.3089, loss_rpn_bbox: 0.1179, loss_cls: 0.1909, acc: 94.8161, loss_bbox: 0.1396, loss: 0.7574
2020-11-09 15:34:55,755 - mmdet - INFO - Epoch [1][54/924]	lr: 2.138e-03, eta: 8:10:08, time: 0.591, data_time: 0.043, memory: 2583, loss_rpn_cls: 0.2241, loss_rpn_bbox: 0.0727, loss_cls: 0.1852, acc: 94.9056, loss_bbox: 0.1640, loss: 0.6461
2020-11-09 15:34:56,963 - mmdet - INFO - Epoch [1][56/924]	lr: 2.218e-03, eta: 8:09:12, time: 0.604, data_time: 0.044, memory: 2583, loss_rpn_cls: 0.2473, loss_rpn_bbox: 0.0868, loss_cls: 0.1765, acc: 95.1904, loss_bbox: 0.1444, loss: 0.6550
2020-11-09 15:34:58,123 - mmdet - INFO - Epoch [1][58/924]	lr: 2.298e-03, eta: 8:07:41, time: 0.580, data_time: 0.058, memory: 2584, loss_rpn_cls: 0.2760, loss_rpn_bbox: 0.0926, loss_cls: 0.2418, acc: 93.0176, loss_bbox: 0.2103, loss: 0.8207
2020-11-09 15:34:59,338 - mmdet - INFO - Epoch [1][60/924]	lr: 2.378e-03, eta: 8:06:59, time: 0.607, data_time: 0.078, memory: 2584, loss_rpn_cls: 0.2446, loss_rpn_bbox: 0.0943, loss_cls: 0.2354, acc: 93.8477, loss_bbox: 0.1890, loss: 0.7634
2020-11-09 15:35:00,443 - mmdet - INFO - Epoch [1][62/924]	lr: 2.458e-03, eta: 8:04:57, time: 0.553, data_time: 0.032, memory: 2584, loss_rpn_cls: 0.2758, loss_rpn_bbox: 0.0938, loss_cls: 0.2285, acc: 93.8802, loss_bbox: 0.1753, loss: 0.7734
2020-11-09 15:35:01,548 - mmdet - INFO - Epoch [1][64/924]	lr: 2.537e-03, eta: 8:03:03, time: 0.552, data_time: 0.033, memory: 2584, loss_rpn_cls: 0.2806, loss_rpn_bbox: 0.1282, loss_cls: 0.2099, acc: 94.6452, loss_bbox: 0.1630, loss: 0.7817
2020-11-09 15:35:02,651 - mmdet - INFO - Epoch [1][66/924]	lr: 2.617e-03, eta: 8:01:15, time: 0.552, data_time: 0.033, memory: 2584, loss_rpn_cls: 0.2399, loss_rpn_bbox: 0.0938, loss_cls: 0.1856, acc: 95.4102, loss_bbox: 0.1474, loss: 0.6667
2020-11-09 15:35:03,752 - mmdet - INFO - Epoch [1][68/924]	lr: 2.697e-03, eta: 7:59:31, time: 0.551, data_time: 0.032, memory: 2584, loss_rpn_cls: 0.2529, loss_rpn_bbox: 0.1084, loss_cls: 0.1912, acc: 95.1335, loss_bbox: 0.1144, loss: 0.6669
2020-11-09 15:35:04,886 - mmdet - INFO - Epoch [1][70/924]	lr: 2.777e-03, eta: 7:58:15, time: 0.567, data_time: 0.049, memory: 2584, loss_rpn_cls: 0.2336, loss_rpn_bbox: 0.1028, loss_cls: 0.1762, acc: 95.0521, loss_bbox: 0.1438, loss: 0.6564
2020-11-09 15:35:06,135 - mmdet - INFO - Epoch [1][72/924]	lr: 2.857e-03, eta: 7:58:17, time: 0.625, data_time: 0.081, memory: 2584, loss_rpn_cls: 0.2522, loss_rpn_bbox: 0.1015, loss_cls: 0.1755, acc: 95.6055, loss_bbox: 0.1513, loss: 0.6805
2020-11-09 15:35:07,273 - mmdet - INFO - Epoch [1][74/924]	lr: 2.937e-03, eta: 7:57:09, time: 0.569, data_time: 0.032, memory: 2584, loss_rpn_cls: 0.2274, loss_rpn_bbox: 0.0951, loss_cls: 0.1538, acc: 95.9717, loss_bbox: 0.1127, loss: 0.5890
2020-11-09 15:35:08,436 - mmdet - INFO - Epoch [1][76/924]	lr: 3.017e-03, eta: 7:56:20, time: 0.582, data_time: 0.032, memory: 2584, loss_rpn_cls: 0.2221, loss_rpn_bbox: 0.0999, loss_cls: 0.1607, acc: 95.5078, loss_bbox: 0.1449, loss: 0.6275
2020-11-09 15:35:09,595 - mmdet - INFO - Epoch [1][78/924]	lr: 3.097e-03, eta: 7:55:32, time: 0.580, data_time: 0.032, memory: 2584, loss_rpn_cls: 0.1686, loss_rpn_bbox: 0.0765, loss_cls: 0.1977, acc: 94.2871, loss_bbox: 0.1655, loss: 0.6084
2020-11-09 15:35:10,745 - mmdet - INFO - Epoch [1][80/924]	lr: 3.177e-03, eta: 7:54:40, time: 0.575, data_time: 0.040, memory: 2584, loss_rpn_cls: 0.2370, loss_rpn_bbox: 0.1074, loss_cls: 0.1774, acc: 94.6777, loss_bbox: 0.1518, loss: 0.6735
2020-11-09 15:35:11,894 - mmdet - INFO - Epoch [1][82/924]	lr: 3.257e-03, eta: 7:53:51, time: 0.574, data_time: 0.044, memory: 2584, loss_rpn_cls: 0.2059, loss_rpn_bbox: 0.1147, loss_cls: 0.1537, acc: 95.5566, loss_bbox: 0.1879, loss: 0.6622
2020-11-09 15:35:13,146 - mmdet - INFO - Epoch [1][84/924]	lr: 3.337e-03, eta: 7:54:00, time: 0.626, data_time: 0.087, memory: 2584, loss_rpn_cls: 0.2108, loss_rpn_bbox: 0.0954, loss_cls: 0.2018, acc: 94.0511, loss_bbox: 0.1659, loss: 0.6738
2020-11-09 15:35:14,265 - mmdet - INFO - Epoch [1][86/924]	lr: 3.417e-03, eta: 7:52:57, time: 0.559, data_time: 0.032, memory: 2584, loss_rpn_cls: 0.1992, loss_rpn_bbox: 0.0764, loss_cls: 0.1416, acc: 95.7275, loss_bbox: 0.1488, loss: 0.5661
2020-11-09 15:35:15,408 - mmdet - INFO - Epoch [1][88/924]	lr: 3.497e-03, eta: 7:52:10, time: 0.571, data_time: 0.033, memory: 2584, loss_rpn_cls: 0.2443, loss_rpn_bbox: 0.0867, loss_cls: 0.1448, acc: 95.6136, loss_bbox: 0.1564, loss: 0.6322
2020-11-09 15:35:16,552 - mmdet - INFO - Epoch [1][90/924]	lr: 3.576e-03, eta: 7:51:25, time: 0.572, data_time: 0.032, memory: 2584, loss_rpn_cls: 0.2187, loss_rpn_bbox: 0.0992, loss_cls: 0.1605, acc: 94.9219, loss_bbox: 0.1562, loss: 0.6347
2020-11-09 15:35:17,683 - mmdet - INFO - Epoch [1][92/924]	lr: 3.656e-03, eta: 7:50:36, time: 0.565, data_time: 0.031, memory: 2584, loss_rpn_cls: 0.2174, loss_rpn_bbox: 0.0763, loss_cls: 0.1403, acc: 95.9798, loss_bbox: 0.1407, loss: 0.5746
2020-11-09 15:35:18,832 - mmdet - INFO - Epoch [1][94/924]	lr: 3.736e-03, eta: 7:49:58, time: 0.575, data_time: 0.043, memory: 2584, loss_rpn_cls: 0.1729, loss_rpn_bbox: 0.0530, loss_cls: 0.1632, acc: 94.9300, loss_bbox: 0.1759, loss: 0.5650
2020-11-09 15:35:20,084 - mmdet - INFO - Epoch [1][96/924]	lr: 3.816e-03, eta: 7:50:10, time: 0.626, data_time: 0.090, memory: 2584, loss_rpn_cls: 0.1840, loss_rpn_bbox: 0.0694, loss_cls: 0.1891, acc: 94.2627, loss_bbox: 0.2153, loss: 0.6578
2020-11-09 15:35:21,187 - mmdet - INFO - Epoch [1][98/924]	lr: 3.896e-03, eta: 7:49:12, time: 0.551, data_time: 0.033, memory: 2584, loss_rpn_cls: 0.1996, loss_rpn_bbox: 0.0775, loss_cls: 0.1693, acc: 94.9300, loss_bbox: 0.1673, loss: 0.6137
2020-11-09 15:35:22,288 - mmdet - INFO - Epoch [1][100/924]	lr: 3.976e-03, eta: 7:48:15, time: 0.551, data_time: 0.032, memory: 2584, loss_rpn_cls: 0.1972, loss_rpn_bbox: 0.0858, loss_cls: 0.1530, acc: 95.2393, loss_bbox: 0.1557, loss: 0.5917
2020-11-09 15:35:23,380 - mmdet - INFO - Epoch [1][102/924]	lr: 4.056e-03, eta: 7:47:17, time: 0.546, data_time: 0.033, memory: 2584, loss_rpn_cls: 0.1584, loss_rpn_bbox: 0.0771, loss_cls: 0.1538, acc: 95.1009, loss_bbox: 0.1893, loss: 0.5787
2020-11-09 15:35:24,489 - mmdet - INFO - Epoch [1][104/924]	lr: 4.136e-03, eta: 7:46:28, time: 0.555, data_time: 0.032, memory: 2584, loss_rpn_cls: 0.1758, loss_rpn_bbox: 0.0855, loss_cls: 0.1788, acc: 94.4987, loss_bbox: 0.1568, loss: 0.5969
2020-11-09 15:35:25,605 - mmdet - INFO - Epoch [1][106/924]	lr: 4.216e-03, eta: 7:45:44, time: 0.558, data_time: 0.045, memory: 2584, loss_rpn_cls: 0.1518, loss_rpn_bbox: 0.0668, loss_cls: 0.1480, acc: 95.2311, loss_bbox: 0.1624, loss: 0.5290
2020-11-09 15:35:26,854 - mmdet - INFO - Epoch [1][108/924]	lr: 4.296e-03, eta: 7:45:58, time: 0.624, data_time: 0.089, memory: 2584, loss_rpn_cls: 0.1511, loss_rpn_bbox: 0.0812, loss_cls: 0.1687, acc: 94.8730, loss_bbox: 0.1498, loss: 0.5507
2020-11-09 15:35:27,990 - mmdet - INFO - Epoch [1][110/924]	lr: 4.376e-03, eta: 7:45:25, time: 0.568, data_time: 0.031, memory: 2584, loss_rpn_cls: 0.1605, loss_rpn_bbox: 0.0862, loss_cls: 0.1621, acc: 94.9870, loss_bbox: 0.1843, loss: 0.5931
2020-11-09 15:35:29,126 - mmdet - INFO - Epoch [1][112/924]	lr: 4.456e-03, eta: 7:44:53, time: 0.568, data_time: 0.032, memory: 2584, loss_rpn_cls: 0.1708, loss_rpn_bbox: 0.1001, loss_cls: 0.1348, acc: 95.8415, loss_bbox: 0.1544, loss: 0.5602
2020-11-09 15:35:30,309 - mmdet - INFO - Epoch [1][114/924]	lr: 4.535e-03, eta: 7:44:40, time: 0.591, data_time: 0.031, memory: 2584, loss_rpn_cls: 0.1443, loss_rpn_bbox: 0.0633, loss_cls: 0.1612, acc: 95.2718, loss_bbox: 0.1784, loss: 0.5472
2020-11-09 15:35:31,423 - mmdet - INFO - Epoch [1][116/924]	lr: 4.615e-03, eta: 7:44:01, time: 0.557, data_time: 0.032, memory: 2584, loss_rpn_cls: 0.1721, loss_rpn_bbox: 0.0863, loss_cls: 0.1373, acc: 95.6380, loss_bbox: 0.1707, loss: 0.5664
2020-11-09 15:35:32,538 - mmdet - INFO - Epoch [1][118/924]	lr: 4.695e-03, eta: 7:43:23, time: 0.557, data_time: 0.043, memory: 2584, loss_rpn_cls: 0.1875, loss_rpn_bbox: 0.0761, loss_cls: 0.1981, acc: 94.0348, loss_bbox: 0.1437, loss: 0.6053
2020-11-09 15:35:33,743 - mmdet - INFO - Epoch [1][120/924]	lr: 4.775e-03, eta: 7:43:21, time: 0.603, data_time: 0.087, memory: 2584, loss_rpn_cls: 0.1822, loss_rpn_bbox: 0.0830, loss_cls: 0.2011, acc: 94.2139, loss_bbox: 0.1584, loss: 0.6247
2020-11-09 15:35:34,831 - mmdet - INFO - Epoch [1][122/924]	lr: 4.855e-03, eta: 7:42:35, time: 0.544, data_time: 0.033, memory: 2584, loss_rpn_cls: 0.1729, loss_rpn_bbox: 0.0855, loss_cls: 0.1839, acc: 93.6116, loss_bbox: 0.1648, loss: 0.6071
2020-11-09 15:35:35,885 - mmdet - INFO - Epoch [1][124/924]	lr: 4.935e-03, eta: 7:41:38, time: 0.527, data_time: 0.032, memory: 2584, loss_rpn_cls: 0.1668, loss_rpn_bbox: 0.0563, loss_cls: 0.1565, acc: 95.0114, loss_bbox: 0.1568, loss: 0.5364
2020-11-09 15:35:36,971 - mmdet - INFO - Epoch [1][126/924]	lr: 5.015e-03, eta: 7:40:54, time: 0.543, data_time: 0.032, memory: 2584, loss_rpn_cls: 0.2099, loss_rpn_bbox: 0.1148, loss_cls: 0.2283, acc: 92.8548, loss_bbox: 0.1575, loss: 0.7106
2020-11-09 15:35:38,072 - mmdet - INFO - Epoch [1][128/924]	lr: 5.095e-03, eta: 7:40:17, time: 0.550, data_time: 0.032, memory: 2584, loss_rpn_cls: 0.1751, loss_rpn_bbox: 0.0791, loss_cls: 0.1945, acc: 93.6279, loss_bbox: 0.1634, loss: 0.6122
2020-11-09 15:35:39,187 - mmdet - INFO - Epoch [1][130/924]	lr: 5.175e-03, eta: 7:39:46, time: 0.558, data_time: 0.043, memory: 2584, loss_rpn_cls: 0.2013, loss_rpn_bbox: 0.0817, loss_cls: 0.1542, acc: 95.2230, loss_bbox: 0.1298, loss: 0.5669
2020-11-09 15:35:40,411 - mmdet - INFO - Epoch [1][132/924]	lr: 5.255e-03, eta: 7:39:54, time: 0.612, data_time: 0.087, memory: 2584, loss_rpn_cls: 0.1501, loss_rpn_bbox: 0.0705, loss_cls: 0.1420, acc: 95.4183, loss_bbox: 0.1517, loss: 0.5142
2020-11-09 15:35:41,518 - mmdet - INFO - Epoch [1][134/924]	lr: 5.335e-03, eta: 7:39:22, time: 0.554, data_time: 0.032, memory: 2584, loss_rpn_cls: 0.1443, loss_rpn_bbox: 0.0624, loss_cls: 0.1606, acc: 94.9137, loss_bbox: 0.1656, loss: 0.5330
2020-11-09 15:35:42,613 - mmdet - INFO - Epoch [1][136/924]	lr: 5.415e-03, eta: 7:38:46, time: 0.547, data_time: 0.032, memory: 2584, loss_rpn_cls: 0.1266, loss_rpn_bbox: 0.0560, loss_cls: 0.1383, acc: 95.6217, loss_bbox: 0.1416, loss: 0.4625
2020-11-09 15:35:43,750 - mmdet - INFO - Epoch [1][138/924]	lr: 5.495e-03, eta: 7:38:26, time: 0.569, data_time: 0.032, memory: 2584, loss_rpn_cls: 0.1473, loss_rpn_bbox: 0.0766, loss_cls: 0.1624, acc: 94.9381, loss_bbox: 0.1313, loss: 0.5175
2020-11-09 15:35:44,811 - mmdet - INFO - Epoch [1][140/924]	lr: 5.574e-03, eta: 7:37:41, time: 0.531, data_time: 0.032, memory: 2584, loss_rpn_cls: 0.1774, loss_rpn_bbox: 0.0842, loss_cls: 0.1656, acc: 95.2637, loss_bbox: 0.1392, loss: 0.5664
2020-11-09 15:35:45,891 - mmdet - INFO - Epoch [1][142/924]	lr: 5.654e-03, eta: 7:37:03, time: 0.540, data_time: 0.043, memory: 2584, loss_rpn_cls: 0.1489, loss_rpn_bbox: 0.0673, loss_cls: 0.1599, acc: 94.7103, loss_bbox: 0.1474, loss: 0.5235
2020-11-09 15:35:47,091 - mmdet - INFO - Epoch [1][144/924]	lr: 5.734e-03, eta: 7:37:05, time: 0.600, data_time: 0.088, memory: 2584, loss_rpn_cls: 0.1653, loss_rpn_bbox: 0.0837, loss_cls: 0.1724, acc: 94.7103, loss_bbox: 0.1700, loss: 0.5914
2020-11-09 15:35:48,164 - mmdet - INFO - Epoch [1][146/924]	lr: 5.814e-03, eta: 7:36:26, time: 0.537, data_time: 0.032, memory: 2584, loss_rpn_cls: 0.1486, loss_rpn_bbox: 0.0915, loss_cls: 0.1203, acc: 96.3053, loss_bbox: 0.1185, loss: 0.4789
2020-11-09 15:35:49,284 - mmdet - INFO - Epoch [1][148/924]	lr: 5.894e-03, eta: 7:36:03, time: 0.560, data_time: 0.032, memory: 2584, loss_rpn_cls: 0.1578, loss_rpn_bbox: 0.0955, loss_cls: 0.1944, acc: 94.2383, loss_bbox: 0.1226, loss: 0.5702
2020-11-09 15:35:50,367 - mmdet - INFO - Epoch [1][150/924]	lr: 5.974e-03, eta: 7:35:30, time: 0.542, data_time: 0.033, memory: 2584, loss_rpn_cls: 0.1809, loss_rpn_bbox: 0.0860, loss_cls: 0.1719, acc: 94.9707, loss_bbox: 0.1456, loss: 0.5844
2020-11-09 15:35:51,443 - mmdet - INFO - Epoch [1][152/924]	lr: 6.054e-03, eta: 7:34:55, time: 0.538, data_time: 0.032, memory: 2584, loss_rpn_cls: 0.1730, loss_rpn_bbox: 0.1152, loss_cls: 0.1691, acc: 94.5475, loss_bbox: 0.1513, loss: 0.6086
2020-11-09 15:35:52,517 - mmdet - INFO - Epoch [1][154/924]	lr: 6.134e-03, eta: 7:34:21, time: 0.537, data_time: 0.045, memory: 2584, loss_rpn_cls: 0.1254, loss_rpn_bbox: 0.0770, loss_cls: 0.1409, acc: 95.5078, loss_bbox: 0.1563, loss: 0.4995
2020-11-09 15:35:53,719 - mmdet - INFO - Epoch [1][156/924]	lr: 6.214e-03, eta: 7:34:25, time: 0.601, data_time: 0.086, memory: 2584, loss_rpn_cls: 0.1399, loss_rpn_bbox: 0.0796, loss_cls: 0.1722, acc: 94.2057, loss_bbox: 0.1376, loss: 0.5294
2020-11-09 15:35:54,823 - mmdet - INFO - Epoch [1][158/924]	lr: 6.294e-03, eta: 7:34:00, time: 0.552, data_time: 0.031, memory: 2584, loss_rpn_cls: 0.1584, loss_rpn_bbox: 0.0900, loss_cls: 0.1657, acc: 94.9626, loss_bbox: 0.1649, loss: 0.5790
2020-11-09 15:35:55,884 - mmdet - INFO - Epoch [1][160/924]	lr: 6.374e-03, eta: 7:33:24, time: 0.530, data_time: 0.032, memory: 2584, loss_rpn_cls: 0.1567, loss_rpn_bbox: 0.0882, loss_cls: 0.1427, acc: 95.5322, loss_bbox: 0.1200, loss: 0.5075
2020-11-09 15:35:56,982 - mmdet - INFO - Epoch [1][162/924]	lr: 6.454e-03, eta: 7:32:59, time: 0.549, data_time: 0.032, memory: 2584, loss_rpn_cls: 0.1674, loss_rpn_bbox: 0.0997, loss_cls: 0.1570, acc: 95.0033, loss_bbox: 0.1469, loss: 0.5709
2020-11-09 15:35:58,068 - mmdet - INFO - Epoch [1][164/924]	lr: 6.533e-03, eta: 7:32:31, time: 0.543, data_time: 0.032, memory: 2584, loss_rpn_cls: 0.1566, loss_rpn_bbox: 0.1012, loss_cls: 0.1826, acc: 94.0023, loss_bbox: 0.1599, loss: 0.6003
2020-11-09 15:35:59,125 - mmdet - INFO - Epoch [1][166/924]	lr: 6.613e-03, eta: 7:31:56, time: 0.528, data_time: 0.043, memory: 2584, loss_rpn_cls: 0.1650, loss_rpn_bbox: 0.0856, loss_cls: 0.1677, acc: 94.6533, loss_bbox: 0.1422, loss: 0.5604
2020-11-09 15:36:00,324 - mmdet - INFO - Epoch [1][168/924]	lr: 6.693e-03, eta: 7:32:00, time: 0.599, data_time: 0.086, memory: 2584, loss_rpn_cls: 0.1232, loss_rpn_bbox: 0.0652, loss_cls: 0.1843, acc: 94.6859, loss_bbox: 0.1607, loss: 0.5334
2020-11-09 15:36:01,405 - mmdet - INFO - Epoch [1][170/924]	lr: 6.773e-03, eta: 7:31:33, time: 0.541, data_time: 0.032, memory: 2584, loss_rpn_cls: 0.1697, loss_rpn_bbox: 0.0930, loss_cls: 0.1416, acc: 96.0124, loss_bbox: 0.1396, loss: 0.5440
2020-11-09 15:36:02,483 - mmdet - INFO - Epoch [1][172/924]	lr: 6.853e-03, eta: 7:31:05, time: 0.539, data_time: 0.031, memory: 2584, loss_rpn_cls: 0.1257, loss_rpn_bbox: 0.0590, loss_cls: 0.1443, acc: 95.4427, loss_bbox: 0.1437, loss: 0.4727
2020-11-09 15:36:03,601 - mmdet - INFO - Epoch [1][174/924]	lr: 6.933e-03, eta: 7:30:48, time: 0.559, data_time: 0.032, memory: 2584, loss_rpn_cls: 0.1792, loss_rpn_bbox: 0.1246, loss_cls: 0.1883, acc: 93.6361, loss_bbox: 0.1323, loss: 0.6244
2020-11-09 15:36:04,694 - mmdet - INFO - Epoch [1][176/924]	lr: 7.013e-03, eta: 7:30:26, time: 0.547, data_time: 0.032, memory: 2584, loss_rpn_cls: 0.1479, loss_rpn_bbox: 0.0907, loss_cls: 0.1664, acc: 95.4427, loss_bbox: 0.1529, loss: 0.5579
2020-11-09 15:36:05,787 - mmdet - INFO - Epoch [1][178/924]	lr: 7.093e-03, eta: 7:30:04, time: 0.547, data_time: 0.043, memory: 2584, loss_rpn_cls: 0.1724, loss_rpn_bbox: 0.1110, loss_cls: 0.1570, acc: 95.4427, loss_bbox: 0.1308, loss: 0.5712
2020-11-09 15:36:06,932 - mmdet - INFO - Epoch [1][180/924]	lr: 7.173e-03, eta: 7:29:55, time: 0.572, data_time: 0.086, memory: 2584, loss_rpn_cls: 0.1225, loss_rpn_bbox: 0.0602, loss_cls: 0.1210, acc: 96.3053, loss_bbox: 0.1186, loss: 0.4224
2020-11-09 15:36:07,981 - mmdet - INFO - Epoch [1][182/924]	lr: 7.253e-03, eta: 7:29:22, time: 0.524, data_time: 0.032, memory: 2584, loss_rpn_cls: 0.1508, loss_rpn_bbox: 0.0831, loss_cls: 0.1704, acc: 95.1904, loss_bbox: 0.1364, loss: 0.5408
2020-11-09 15:36:09,026 - mmdet - INFO - Epoch [1][184/924]	lr: 7.333e-03, eta: 7:28:50, time: 0.523, data_time: 0.032, memory: 2584, loss_rpn_cls: 0.1500, loss_rpn_bbox: 0.1254, loss_cls: 0.1626, acc: 95.1986, loss_bbox: 0.1377, loss: 0.5757
2020-11-09 15:36:10,098 - mmdet - INFO - Epoch [1][186/924]	lr: 7.413e-03, eta: 7:28:24, time: 0.536, data_time: 0.032, memory: 2584, loss_rpn_cls: 0.1132, loss_rpn_bbox: 0.0734, loss_cls: 0.1407, acc: 96.1670, loss_bbox: 0.1059, loss: 0.4331
2020-11-09 15:36:11,200 - mmdet - INFO - Epoch [1][188/924]	lr: 7.493e-03, eta: 7:28:06, time: 0.551, data_time: 0.033, memory: 2584, loss_rpn_cls: 0.1511, loss_rpn_bbox: 0.0887, loss_cls: 0.1539, acc: 95.3206, loss_bbox: 0.1207, loss: 0.5144
2020-11-09 15:36:12,297 - mmdet - INFO - Epoch [1][190/924]	lr: 7.572e-03, eta: 7:27:48, time: 0.548, data_time: 0.043, memory: 2584, loss_rpn_cls: 0.1639, loss_rpn_bbox: 0.0718, loss_cls: 0.1479, acc: 95.8171, loss_bbox: 0.1149, loss: 0.4985
2020-11-09 15:36:13,516 - mmdet - INFO - Epoch [1][192/924]	lr: 7.652e-03, eta: 7:27:59, time: 0.610, data_time: 0.088, memory: 2584, loss_rpn_cls: 0.1543, loss_rpn_bbox: 0.0903, loss_cls: 0.1383, acc: 95.8333, loss_bbox: 0.1281, loss: 0.5111
2020-11-09 15:36:14,589 - mmdet - INFO - Epoch [1][194/924]	lr: 7.732e-03, eta: 7:27:35, time: 0.536, data_time: 0.031, memory: 2584, loss_rpn_cls: 0.1716, loss_rpn_bbox: 0.0969, loss_cls: 0.1741, acc: 94.8324, loss_bbox: 0.1451, loss: 0.5877
2020-11-09 15:36:15,636 - mmdet - INFO - Epoch [1][196/924]	lr: 7.812e-03, eta: 7:27:05, time: 0.523, data_time: 0.031, memory: 2584, loss_rpn_cls: 0.1509, loss_rpn_bbox: 0.1127, loss_cls: 0.1552, acc: 95.4753, loss_bbox: 0.1263, loss: 0.5450
2020-11-09 15:36:16,698 - mmdet - INFO - Epoch [1][198/924]	lr: 7.892e-03, eta: 7:26:40, time: 0.531, data_time: 0.031, memory: 2584, loss_rpn_cls: 0.1599, loss_rpn_bbox: 0.0891, loss_cls: 0.1579, acc: 95.3532, loss_bbox: 0.1462, loss: 0.5531
2020-11-09 15:36:17,773 - mmdet - INFO - Epoch [1][200/924]	lr: 7.972e-03, eta: 7:26:18, time: 0.537, data_time: 0.032, memory: 2584, loss_rpn_cls: 0.1259, loss_rpn_bbox: 0.0899, loss_cls: 0.2164, acc: 93.0013, loss_bbox: 0.1763, loss: 0.6085
2020-11-09 15:36:18,824 - mmdet - INFO - Epoch [1][202/924]	lr: 8.052e-03, eta: 7:25:51, time: 0.526, data_time: 0.043, memory: 2584, loss_rpn_cls: 0.1460, loss_rpn_bbox: 0.0875, loss_cls: 0.1594, acc: 95.9147, loss_bbox: 0.1257, loss: 0.5187
2020-11-09 15:36:19,984 - mmdet - INFO - Epoch [1][204/924]	lr: 8.132e-03, eta: 7:25:49, time: 0.580, data_time: 0.086, memory: 2584, loss_rpn_cls: 0.0856, loss_rpn_bbox: 0.0313, loss_cls: 0.1003, acc: 96.8587, loss_bbox: 0.1040, loss: 0.3212
2020-11-09 15:36:21,045 - mmdet - INFO - Epoch [1][206/924]	lr: 8.212e-03, eta: 7:25:25, time: 0.530, data_time: 0.033, memory: 2584, loss_rpn_cls: 0.1138, loss_rpn_bbox: 0.0519, loss_cls: 0.1384, acc: 96.6797, loss_bbox: 0.0941, loss: 0.3982
2020-11-09 15:36:22,136 - mmdet - INFO - Epoch [1][208/924]	lr: 8.292e-03, eta: 7:25:08, time: 0.545, data_time: 0.033, memory: 2584, loss_rpn_cls: 0.1782, loss_rpn_bbox: 0.0837, loss_cls: 0.1975, acc: 94.4987, loss_bbox: 0.1750, loss: 0.6344
2020-11-09 15:36:23,211 - mmdet - INFO - Epoch [1][210/924]	lr: 8.372e-03, eta: 7:24:48, time: 0.538, data_time: 0.033, memory: 2584, loss_rpn_cls: 0.1208, loss_rpn_bbox: 0.0647, loss_cls: 0.1641, acc: 95.8089, loss_bbox: 0.1470, loss: 0.4966
2020-11-09 15:36:24,272 - mmdet - INFO - Epoch [1][212/924]	lr: 8.452e-03, eta: 7:24:26, time: 0.530, data_time: 0.032, memory: 2584, loss_rpn_cls: 0.1187, loss_rpn_bbox: 0.0604, loss_cls: 0.1219, acc: 96.5739, loss_bbox: 0.1115, loss: 0.4125
2020-11-09 15:36:25,351 - mmdet - INFO - Epoch [1][214/924]	lr: 8.531e-03, eta: 7:24:07, time: 0.539, data_time: 0.043, memory: 2584, loss_rpn_cls: 0.1290, loss_rpn_bbox: 0.0758, loss_cls: 0.1937, acc: 95.2962, loss_bbox: 0.1379, loss: 0.5364
2020-11-09 15:36:26,538 - mmdet - INFO - Epoch [1][216/924]	lr: 8.611e-03, eta: 7:24:12, time: 0.593, data_time: 0.086, memory: 2584, loss_rpn_cls: 0.1477, loss_rpn_bbox: 0.0929, loss_cls: 0.1710, acc: 95.0114, loss_bbox: 0.1594, loss: 0.5710
