2020-11-21 05:38:24,374 - mmdet - INFO - Environment info:
------------------------------------------------------------
sys.platform: linux
Python: 3.6.4 |Anaconda, Inc.| (default, Jan 16 2018, 18:10:19) [GCC 7.2.0]
CUDA available: True
CUDA_HOME: /usr/local/cuda
NVCC: Cuda compilation tools, release 10.0, V10.0.130
GPU 0: Tesla P100-PCIE-16GB
GCC: gcc (GCC) 5.3.0
PyTorch: 1.3.1+cu100
PyTorch compiling details: PyTorch built with:
  - GCC 7.3
  - Intel(R) Math Kernel Library Version 2019.0.4 Product Build 20190411 for Intel(R) 64 architecture applications
  - Intel(R) MKL-DNN v0.20.5 (Git Hash 0125f28c61c1f822fd48570b4c1066f96fcb9b2e)
  - OpenMP 201511 (a.k.a. OpenMP 4.5)
  - NNPACK is enabled
  - CUDA Runtime 10.0
  - NVCC architecture flags: -gencode;arch=compute_37,code=sm_37;-gencode;arch=compute_50,code=sm_50;-gencode;arch=compute_60,code=sm_60;-gencode;arch=compute_61,code=sm_61;-gencode;arch=compute_70,code=sm_70;-gencode;arch=compute_75,code=sm_75;-gencode;arch=compute_37,code=compute_37
  - CuDNN 7.6.3
  - Magma 2.5.1
  - Build settings: BLAS=MKL, BUILD_NAMEDTENSOR=OFF, BUILD_TYPE=Release, CXX_FLAGS= -Wno-deprecated -fvisibility-inlines-hidden -fopenmp -DUSE_FBGEMM -DUSE_QNNPACK -DUSE_PYTORCH_QNNPACK -O2 -fPIC -Wno-narrowing -Wall -Wextra -Wno-missing-field-initializers -Wno-type-limits -Wno-array-bounds -Wno-unknown-pragmas -Wno-sign-compare -Wno-unused-parameter -Wno-unused-variable -Wno-unused-function -Wno-unused-result -Wno-strict-overflow -Wno-strict-aliasing -Wno-error=deprecated-declarations -Wno-stringop-overflow -Wno-error=pedantic -Wno-error=redundant-decls -Wno-error=old-style-cast -fdiagnostics-color=always -faligned-new -Wno-unused-but-set-variable -Wno-maybe-uninitialized -fno-math-errno -fno-trapping-math -Wno-stringop-overflow, DISABLE_NUMA=1, PERF_WITH_AVX=1, PERF_WITH_AVX2=1, PERF_WITH_AVX512=1, USE_CUDA=True, USE_EXCEPTION_PTR=1, USE_GFLAGS=OFF, USE_GLOG=OFF, USE_MKL=ON, USE_MKLDNN=ON, USE_MPI=OFF, USE_NCCL=ON, USE_NNPACK=ON, USE_OPENMP=ON, USE_STATIC_DISPATCH=OFF, 

TorchVision: 0.4.2+cu100
OpenCV: 4.4.0
MMCV: 1.0.5
MMDetection: 2.3.0+788fa8d
MMDetection Compiler: GCC 7.3
MMDetection CUDA Compiler: 10.0
------------------------------------------------------------

2020-11-21 05:38:24,375 - mmdet - INFO - Distributed training: False
2020-11-21 05:38:24,777 - mmdet - INFO - Config:
model = dict(
    type='FasterRCNN',
    pretrained='torchvision://resnet50',
    backbone=dict(
        type='ResNet',
        depth=50,
        num_stages=4,
        out_indices=(0, 1, 2, 3),
        frozen_stages=1,
        norm_cfg=dict(type='BN', requires_grad=True),
        norm_eval=True,
        style='pytorch'),
    neck=dict(
        type='FPN',
        in_channels=[256, 512, 1024, 2048],
        out_channels=256,
        num_outs=5),
    rpn_head=dict(
        type='RPNHead',
        in_channels=256,
        feat_channels=256,
        anchor_generator=dict(
            type='AnchorGenerator',
            scales=[8],
            ratios=[0.5, 1.0, 2.0],
            strides=[4, 8, 16, 32, 64]),
        bbox_coder=dict(
            type='DeltaXYWHBBoxCoder',
            target_means=[0.0, 0.0, 0.0, 0.0],
            target_stds=[1.0, 1.0, 1.0, 1.0]),
        loss_cls=dict(
            type='CrossEntropyLoss', use_sigmoid=True, loss_weight=1.0),
        loss_bbox=dict(type='L1Loss', loss_weight=1.0)),
    roi_head=dict(
        type='StandardRoIHead',
        bbox_roi_extractor=dict(
            type='SingleRoIExtractor',
            roi_layer=dict(type='RoIAlign', output_size=7, sampling_ratio=0),
            out_channels=256,
            featmap_strides=[4, 8, 16, 32]),
        bbox_head=dict(
            type='Shared2FCBBoxHead',
            in_channels=256,
            fc_out_channels=1024,
            roi_feat_size=7,
            num_classes=2,
            bbox_coder=dict(
                type='DeltaXYWHBBoxCoder',
                target_means=[0.0, 0.0, 0.0, 0.0],
                target_stds=[0.1, 0.1, 0.2, 0.2]),
            reg_class_agnostic=False,
            loss_cls=dict(
                type='CrossEntropyLoss', use_sigmoid=False, loss_weight=1.0),
            loss_bbox=dict(type='L1Loss', loss_weight=1.0))))
train_cfg = dict(
    rpn=dict(
        assigner=dict(
            type='MaxIoUAssigner',
            pos_iou_thr=0.7,
            neg_iou_thr=0.3,
            min_pos_iou=0.3,
            match_low_quality=True,
            ignore_iof_thr=-1),
        sampler=dict(
            type='RandomSampler',
            num=256,
            pos_fraction=0.5,
            neg_pos_ub=-1,
            add_gt_as_proposals=False),
        allowed_border=-1,
        pos_weight=-1,
        debug=False),
    rpn_proposal=dict(
        nms_across_levels=False,
        nms_pre=2000,
        nms_post=1000,
        max_num=1000,
        nms_thr=0.7,
        min_bbox_size=0),
    rcnn=dict(
        assigner=dict(
            type='MaxIoUAssigner',
            pos_iou_thr=0.5,
            neg_iou_thr=0.5,
            min_pos_iou=0.5,
            match_low_quality=False,
            ignore_iof_thr=-1),
        sampler=dict(
            type='RandomSampler',
            num=512,
            pos_fraction=0.25,
            neg_pos_ub=-1,
            add_gt_as_proposals=True),
        pos_weight=-1,
        debug=False))
test_cfg = dict(
    rpn=dict(
        nms_across_levels=False,
        nms_pre=1000,
        nms_post=1000,
        max_num=1000,
        nms_thr=0.7,
        min_bbox_size=0),
    rcnn=dict(
        score_thr=0.05,
        nms=dict(type='nms', iou_threshold=0.5),
        max_per_img=100))
dataset_type = 'CocoDataset'
data_root = 'data/coco/'
img_norm_cfg = dict(
    mean=[123.675, 116.28, 103.53], std=[58.395, 57.12, 57.375], to_rgb=True)
train_pipeline = [
    dict(type='LoadImageFromFile'),
    dict(type='LoadAnnotations', with_bbox=True),
    dict(type='Resize', img_scale=(1550, 1550), keep_ratio=True),
    dict(type='RandomFlip', flip_ratio=0.5),
    dict(
        type='Normalize',
        mean=[123.675, 116.28, 103.53],
        std=[58.395, 57.12, 57.375],
        to_rgb=True),
    dict(type='Pad', size_divisor=32),
    dict(type='DefaultFormatBundle'),
    dict(type='Collect', keys=['img', 'gt_bboxes', 'gt_labels'])
]
test_pipeline = [
    dict(type='LoadImageFromFile'),
    dict(
        type='MultiScaleFlipAug',
        img_scale=(1550, 1550),
        flip=False,
        transforms=[
            dict(type='Resize', keep_ratio=True),
            dict(type='RandomFlip'),
            dict(
                type='Normalize',
                mean=[123.675, 116.28, 103.53],
                std=[58.395, 57.12, 57.375],
                to_rgb=True),
            dict(type='Pad', size_divisor=32),
            dict(type='ImageToTensor', keys=['img']),
            dict(type='Collect', keys=['img'])
        ])
]
data = dict(
    samples_per_gpu=2,
    workers_per_gpu=2,
    train=dict(
        type='CocoDataset',
        ann_file='data/coco/annotations/annotations_trai.json',
        img_prefix='data/coco/img/',
        pipeline=[
            dict(type='LoadImageFromFile'),
            dict(type='LoadAnnotations', with_bbox=True),
            dict(type='Resize', img_scale=(1550, 1550), keep_ratio=True),
            dict(type='RandomFlip', flip_ratio=0.5),
            dict(
                type='Normalize',
                mean=[123.675, 116.28, 103.53],
                std=[58.395, 57.12, 57.375],
                to_rgb=True),
            dict(type='Pad', size_divisor=32),
            dict(type='DefaultFormatBundle'),
            dict(type='Collect', keys=['img', 'gt_bboxes', 'gt_labels'])
        ]),
    val=dict(
        type='CocoDataset',
        ann_file='data/coco/annotations/annotations_test.json',
        img_prefix='data/coco/img/',
        pipeline=[
            dict(type='LoadImageFromFile'),
            dict(
                type='MultiScaleFlipAug',
                img_scale=(1550, 1550),
                flip=False,
                transforms=[
                    dict(type='Resize', keep_ratio=True),
                    dict(type='RandomFlip'),
                    dict(
                        type='Normalize',
                        mean=[123.675, 116.28, 103.53],
                        std=[58.395, 57.12, 57.375],
                        to_rgb=True),
                    dict(type='Pad', size_divisor=32),
                    dict(type='ImageToTensor', keys=['img']),
                    dict(type='Collect', keys=['img'])
                ])
        ]),
    test=dict(
        type='CocoDataset',
        ann_file='data/coco/annotations/annotations_vals.json',
        img_prefix='data/coco/img/',
        pipeline=[
            dict(type='LoadImageFromFile'),
            dict(
                type='MultiScaleFlipAug',
                img_scale=(1550, 1550),
                flip=False,
                transforms=[
                    dict(type='Resize', keep_ratio=True),
                    dict(type='RandomFlip'),
                    dict(
                        type='Normalize',
                        mean=[123.675, 116.28, 103.53],
                        std=[58.395, 57.12, 57.375],
                        to_rgb=True),
                    dict(type='Pad', size_divisor=32),
                    dict(type='ImageToTensor', keys=['img']),
                    dict(type='Collect', keys=['img'])
                ])
        ]))
evaluation = dict(interval=1, metric='bbox')
optimizer = dict(type='SGD', lr=0.01, momentum=0.9, weight_decay=0.0001)
optimizer_config = dict(grad_clip=None)
lr_config = dict(
    policy='step',
    warmup='linear',
    warmup_iters=500,
    warmup_ratio=0.001,
    step=[8, 11])
total_epochs = 4
checkpoint_config = dict(interval=4)
log_config = dict(interval=100, hooks=[dict(type='TextLoggerHook')])
dist_params = dict(backend='nccl')
log_level = 'INFO'
load_from = '/home/admin/.cache/torch/checkpoints/X.pth'
resume_from = None
workflow = [('train', 2), ('val', 1)]
work_dir = '/home/admin/jupyter/SecurityAI_Round5/data/work'
gpu_ids = range(0, 1)

2020-11-21 05:38:25,284 - mmdet - INFO - load model from: torchvision://resnet50
2020-11-21 05:38:33,341 - mmdet - WARNING - The model and loaded state dict do not match exactly

unexpected key in source state_dict: fc.weight, fc.bias

2020-11-21 05:38:43,966 - mmdet - INFO - load checkpoint from /home/admin/.cache/torch/checkpoints/X.pth
2020-11-21 05:38:50,687 - mmdet - INFO - Start running, host: admin@fuxilabor_labor0_S4_Odps_S96_dsw_prepaid_cnsh_838_2020112019152, work_dir: /home/admin/jupyter/SecurityAI_Round5/data/work
2020-11-21 05:38:50,687 - mmdet - INFO - workflow: [('train', 2), ('val', 1)], max: 4 epochs
2020-11-21 05:40:08,335 - mmdet - INFO - Epoch [1][100/626]	lr: 1.988e-03, eta: 0:31:00, time: 0.774, data_time: 0.033, memory: 8597, loss_rpn_cls: 0.0031, loss_rpn_bbox: 0.0325, loss_cls: 0.0399, acc: 98.3330, loss_bbox: 0.0902, loss: 0.1657
2020-11-21 05:41:23,180 - mmdet - INFO - Epoch [1][200/626]	lr: 3.986e-03, eta: 0:29:13, time: 0.748, data_time: 0.012, memory: 11882, loss_rpn_cls: 0.0039, loss_rpn_bbox: 0.0307, loss_cls: 0.0381, acc: 98.3818, loss_bbox: 0.0822, loss: 0.1549
2020-11-21 05:42:38,121 - mmdet - INFO - Epoch [1][300/626]	lr: 5.984e-03, eta: 0:27:49, time: 0.749, data_time: 0.012, memory: 11882, loss_rpn_cls: 0.0027, loss_rpn_bbox: 0.0288, loss_cls: 0.0304, acc: 98.7090, loss_bbox: 0.0739, loss: 0.1358
2020-11-21 05:43:52,987 - mmdet - INFO - Epoch [1][400/626]	lr: 7.982e-03, eta: 0:26:28, time: 0.749, data_time: 0.012, memory: 11882, loss_rpn_cls: 0.0022, loss_rpn_bbox: 0.0316, loss_cls: 0.0336, acc: 98.5830, loss_bbox: 0.0783, loss: 0.1458
2020-11-21 05:45:07,862 - mmdet - INFO - Epoch [1][500/626]	lr: 9.980e-03, eta: 0:25:10, time: 0.749, data_time: 0.012, memory: 11882, loss_rpn_cls: 0.0032, loss_rpn_bbox: 0.0340, loss_cls: 0.0409, acc: 98.3359, loss_bbox: 0.0881, loss: 0.1663
2020-11-21 05:46:22,597 - mmdet - INFO - Epoch [1][600/626]	lr: 1.000e-02, eta: 0:23:53, time: 0.747, data_time: 0.012, memory: 11882, loss_rpn_cls: 0.0020, loss_rpn_bbox: 0.0353, loss_cls: 0.0368, acc: 98.4229, loss_bbox: 0.0842, loss: 0.1582
2020-11-21 05:47:05,592 - mmdet - INFO - Evaluating bbox...
2020-11-21 05:47:08,942 - mmdet - INFO - Epoch [1][626/626]	lr: 1.000e-02, bbox_mAP: 0.7590, bbox_mAP_50: 0.8280, bbox_mAP_75: 0.8070, bbox_mAP_s: 0.4310, bbox_mAP_m: 0.8090, bbox_mAP_l: 0.8760, bbox_mAP_copypaste: 0.759 0.828 0.807 0.431 0.809 0.876
2020-11-21 05:48:26,094 - mmdet - INFO - Epoch [2][100/626]	lr: 1.000e-02, eta: 0:21:34, time: 0.770, data_time: 0.033, memory: 11908, loss_rpn_cls: 0.0042, loss_rpn_bbox: 0.0334, loss_cls: 0.0404, acc: 98.3564, loss_bbox: 0.0859, loss: 0.1639
2020-11-21 05:49:40,928 - mmdet - INFO - Epoch [2][200/626]	lr: 1.000e-02, eta: 0:20:25, time: 0.748, data_time: 0.012, memory: 11908, loss_rpn_cls: 0.0042, loss_rpn_bbox: 0.0361, loss_cls: 0.0437, acc: 98.1455, loss_bbox: 0.0913, loss: 0.1754
2020-11-21 05:50:55,579 - mmdet - INFO - Epoch [2][300/626]	lr: 1.000e-02, eta: 0:19:15, time: 0.746, data_time: 0.012, memory: 11908, loss_rpn_cls: 0.0039, loss_rpn_bbox: 0.0372, loss_cls: 0.0343, acc: 98.6123, loss_bbox: 0.0855, loss: 0.1608
2020-11-21 05:52:10,553 - mmdet - INFO - Epoch [2][400/626]	lr: 1.000e-02, eta: 0:18:04, time: 0.750, data_time: 0.012, memory: 11908, loss_rpn_cls: 0.0041, loss_rpn_bbox: 0.0368, loss_cls: 0.0342, acc: 98.5801, loss_bbox: 0.0875, loss: 0.1626
2020-11-21 05:53:25,511 - mmdet - INFO - Epoch [2][500/626]	lr: 1.000e-02, eta: 0:16:53, time: 0.750, data_time: 0.012, memory: 11908, loss_rpn_cls: 0.0030, loss_rpn_bbox: 0.0349, loss_cls: 0.0342, acc: 98.6104, loss_bbox: 0.0818, loss: 0.1539
2020-11-21 05:54:39,931 - mmdet - INFO - Epoch [2][600/626]	lr: 1.000e-02, eta: 0:15:40, time: 0.744, data_time: 0.012, memory: 11908, loss_rpn_cls: 0.0029, loss_rpn_bbox: 0.0343, loss_cls: 0.0356, acc: 98.4873, loss_bbox: 0.0863, loss: 0.1591
2020-11-21 05:55:22,976 - mmdet - INFO - Evaluating bbox...
2020-11-21 05:55:26,408 - mmdet - INFO - Epoch [2][626/626]	lr: 1.000e-02, bbox_mAP: 0.7540, bbox_mAP_50: 0.8320, bbox_mAP_75: 0.8080, bbox_mAP_s: 0.4170, bbox_mAP_m: 0.7860, bbox_mAP_l: 0.8700, bbox_mAP_copypaste: 0.754 0.832 0.808 0.417 0.786 0.870
2020-11-21 05:55:56,466 - mmdet - INFO - Epoch(train) [2][74]	loss_rpn_cls: 0.0049, loss_rpn_bbox: 0.0391, loss_cls: 0.0449, acc: 98.0812, loss_bbox: 0.0989, loss: 0.1877
2020-11-21 05:57:13,774 - mmdet - INFO - Epoch [3][100/626]	lr: 1.000e-02, eta: 0:13:54, time: 0.770, data_time: 0.033, memory: 11908, loss_rpn_cls: 0.0034, loss_rpn_bbox: 0.0349, loss_cls: 0.0326, acc: 98.6729, loss_bbox: 0.0869, loss: 0.1578
2020-11-21 05:58:28,574 - mmdet - INFO - Epoch [3][200/626]	lr: 1.000e-02, eta: 0:12:43, time: 0.748, data_time: 0.012, memory: 11908, loss_rpn_cls: 0.0040, loss_rpn_bbox: 0.0360, loss_cls: 0.0407, acc: 98.3701, loss_bbox: 0.0921, loss: 0.1728
2020-11-21 05:59:43,224 - mmdet - INFO - Epoch [3][300/626]	lr: 1.000e-02, eta: 0:11:32, time: 0.746, data_time: 0.012, memory: 11908, loss_rpn_cls: 0.0081, loss_rpn_bbox: 0.0407, loss_cls: 0.0462, acc: 98.2070, loss_bbox: 0.0929, loss: 0.1879
2020-11-21 06:00:58,067 - mmdet - INFO - Epoch [3][400/626]	lr: 1.000e-02, eta: 0:10:20, time: 0.748, data_time: 0.012, memory: 11908, loss_rpn_cls: 0.0037, loss_rpn_bbox: 0.0354, loss_cls: 0.0353, acc: 98.5771, loss_bbox: 0.0836, loss: 0.1580
2020-11-21 06:02:12,951 - mmdet - INFO - Epoch [3][500/626]	lr: 1.000e-02, eta: 0:09:08, time: 0.749, data_time: 0.012, memory: 11908, loss_rpn_cls: 0.0026, loss_rpn_bbox: 0.0348, loss_cls: 0.0331, acc: 98.5732, loss_bbox: 0.0848, loss: 0.1553
2020-11-21 06:03:27,723 - mmdet - INFO - Epoch [3][600/626]	lr: 1.000e-02, eta: 0:07:56, time: 0.748, data_time: 0.012, memory: 11908, loss_rpn_cls: 0.0033, loss_rpn_bbox: 0.0383, loss_cls: 0.0386, acc: 98.3574, loss_bbox: 0.0927, loss: 0.1729
2020-11-21 06:04:10,901 - mmdet - INFO - Evaluating bbox...
2020-11-21 06:04:14,533 - mmdet - INFO - Epoch [3][626/626]	lr: 1.000e-02, bbox_mAP: 0.7560, bbox_mAP_50: 0.8270, bbox_mAP_75: 0.8060, bbox_mAP_s: 0.4070, bbox_mAP_m: 0.7880, bbox_mAP_l: 0.8770, bbox_mAP_copypaste: 0.756 0.827 0.806 0.407 0.788 0.877
2020-11-21 06:05:31,737 - mmdet - INFO - Epoch [4][100/626]	lr: 1.000e-02, eta: 0:06:20, time: 0.770, data_time: 0.033, memory: 11908, loss_rpn_cls: 0.0030, loss_rpn_bbox: 0.0354, loss_cls: 0.0327, acc: 98.6201, loss_bbox: 0.0884, loss: 0.1594
2020-11-21 06:06:46,397 - mmdet - INFO - Epoch [4][200/626]	lr: 1.000e-02, eta: 0:05:08, time: 0.747, data_time: 0.012, memory: 11908, loss_rpn_cls: 0.0027, loss_rpn_bbox: 0.0353, loss_cls: 0.0322, acc: 98.6729, loss_bbox: 0.0828, loss: 0.1530
2020-11-21 06:08:01,369 - mmdet - INFO - Epoch [4][300/626]	lr: 1.000e-02, eta: 0:03:56, time: 0.750, data_time: 0.012, memory: 11908, loss_rpn_cls: 0.0055, loss_rpn_bbox: 0.0364, loss_cls: 0.0320, acc: 98.7148, loss_bbox: 0.0791, loss: 0.1530
2020-11-21 06:09:16,255 - mmdet - INFO - Epoch [4][400/626]	lr: 1.000e-02, eta: 0:02:44, time: 0.749, data_time: 0.012, memory: 11908, loss_rpn_cls: 0.0054, loss_rpn_bbox: 0.0396, loss_cls: 0.0349, acc: 98.5479, loss_bbox: 0.0867, loss: 0.1665
2020-11-21 06:10:31,404 - mmdet - INFO - Epoch [4][500/626]	lr: 1.000e-02, eta: 0:01:31, time: 0.751, data_time: 0.012, memory: 11908, loss_rpn_cls: 0.0063, loss_rpn_bbox: 0.0392, loss_cls: 0.0375, acc: 98.4961, loss_bbox: 0.0878, loss: 0.1707
2020-11-21 06:11:46,714 - mmdet - INFO - Epoch [4][600/626]	lr: 1.000e-02, eta: 0:00:18, time: 0.753, data_time: 0.012, memory: 11908, loss_rpn_cls: 0.0045, loss_rpn_bbox: 0.0355, loss_cls: 0.0337, acc: 98.5898, loss_bbox: 0.0805, loss: 0.1541
2020-11-21 06:12:06,053 - mmdet - INFO - Saving checkpoint at 4 epochs
2020-11-21 06:12:31,818 - mmdet - INFO - Evaluating bbox...
2020-11-21 06:12:35,344 - mmdet - INFO - Epoch [4][626/626]	lr: 1.000e-02, bbox_mAP: 0.7550, bbox_mAP_50: 0.8260, bbox_mAP_75: 0.8060, bbox_mAP_s: 0.4070, bbox_mAP_m: 0.7940, bbox_mAP_l: 0.8710, bbox_mAP_copypaste: 0.755 0.826 0.806 0.407 0.794 0.871
2020-11-21 06:13:05,499 - mmdet - INFO - Epoch(train) [4][74]	loss_rpn_cls: 0.0044, loss_rpn_bbox: 0.0428, loss_cls: 0.0467, acc: 97.9756, loss_bbox: 0.1031, loss: 0.1970
