2020-11-24 22:41:49,528 - mmdet - INFO - Environment info:
------------------------------------------------------------
sys.platform: linux
Python: 3.6.4 |Anaconda, Inc.| (default, Jan 16 2018, 18:10:19) [GCC 7.2.0]
CUDA available: True
CUDA_HOME: /usr/local/cuda
NVCC: Cuda compilation tools, release 10.0, V10.0.130
GPU 0: Tesla P100-PCIE-16GB
GCC: gcc (GCC) 5.3.0
PyTorch: 1.3.1+cu100
PyTorch compiling details: PyTorch built with:
  - GCC 7.3
  - Intel(R) Math Kernel Library Version 2019.0.4 Product Build 20190411 for Intel(R) 64 architecture applications
  - Intel(R) MKL-DNN v0.20.5 (Git Hash 0125f28c61c1f822fd48570b4c1066f96fcb9b2e)
  - OpenMP 201511 (a.k.a. OpenMP 4.5)
  - NNPACK is enabled
  - CUDA Runtime 10.0
  - NVCC architecture flags: -gencode;arch=compute_37,code=sm_37;-gencode;arch=compute_50,code=sm_50;-gencode;arch=compute_60,code=sm_60;-gencode;arch=compute_61,code=sm_61;-gencode;arch=compute_70,code=sm_70;-gencode;arch=compute_75,code=sm_75;-gencode;arch=compute_37,code=compute_37
  - CuDNN 7.6.3
  - Magma 2.5.1
  - Build settings: BLAS=MKL, BUILD_NAMEDTENSOR=OFF, BUILD_TYPE=Release, CXX_FLAGS= -Wno-deprecated -fvisibility-inlines-hidden -fopenmp -DUSE_FBGEMM -DUSE_QNNPACK -DUSE_PYTORCH_QNNPACK -O2 -fPIC -Wno-narrowing -Wall -Wextra -Wno-missing-field-initializers -Wno-type-limits -Wno-array-bounds -Wno-unknown-pragmas -Wno-sign-compare -Wno-unused-parameter -Wno-unused-variable -Wno-unused-function -Wno-unused-result -Wno-strict-overflow -Wno-strict-aliasing -Wno-error=deprecated-declarations -Wno-stringop-overflow -Wno-error=pedantic -Wno-error=redundant-decls -Wno-error=old-style-cast -fdiagnostics-color=always -faligned-new -Wno-unused-but-set-variable -Wno-maybe-uninitialized -fno-math-errno -fno-trapping-math -Wno-stringop-overflow, DISABLE_NUMA=1, PERF_WITH_AVX=1, PERF_WITH_AVX2=1, PERF_WITH_AVX512=1, USE_CUDA=True, USE_EXCEPTION_PTR=1, USE_GFLAGS=OFF, USE_GLOG=OFF, USE_MKL=ON, USE_MKLDNN=ON, USE_MPI=OFF, USE_NCCL=ON, USE_NNPACK=ON, USE_OPENMP=ON, USE_STATIC_DISPATCH=OFF, 

TorchVision: 0.4.2+cu100
OpenCV: 4.4.0
MMCV: 1.0.5
MMDetection: 2.3.0+788fa8d
MMDetection Compiler: GCC 7.3
MMDetection CUDA Compiler: 10.0
------------------------------------------------------------

2020-11-24 22:41:49,528 - mmdet - INFO - Distributed training: False
2020-11-24 22:41:49,921 - mmdet - INFO - Config:
model = dict(
    type='FasterRCNN',
    pretrained='torchvision://resnet50',
    backbone=dict(
        type='ResNet',
        depth=50,
        num_stages=4,
        out_indices=(0, 1, 2, 3),
        frozen_stages=1,
        norm_cfg=dict(type='BN', requires_grad=True),
        norm_eval=True,
        style='pytorch'),
    neck=dict(
        type='FPN',
        in_channels=[256, 512, 1024, 2048],
        out_channels=256,
        num_outs=5),
    rpn_head=dict(
        type='RPNHead',
        in_channels=256,
        feat_channels=256,
        anchor_generator=dict(
            type='AnchorGenerator',
            scales=[8],
            ratios=[0.5, 1.0, 2.0],
            strides=[4, 8, 16, 32, 64]),
        bbox_coder=dict(
            type='DeltaXYWHBBoxCoder',
            target_means=[0.0, 0.0, 0.0, 0.0],
            target_stds=[1.0, 1.0, 1.0, 1.0]),
        loss_cls=dict(
            type='CrossEntropyLoss', use_sigmoid=True, loss_weight=1.0),
        loss_bbox=dict(type='L1Loss', loss_weight=1.0)),
    roi_head=dict(
        type='StandardRoIHead',
        bbox_roi_extractor=dict(
            type='SingleRoIExtractor',
            roi_layer=dict(type='RoIAlign', output_size=7, sampling_ratio=0),
            out_channels=256,
            featmap_strides=[4, 8, 16, 32]),
        bbox_head=dict(
            type='Shared2FCBBoxHead',
            in_channels=256,
            fc_out_channels=1024,
            roi_feat_size=7,
            num_classes=2,
            bbox_coder=dict(
                type='DeltaXYWHBBoxCoder',
                target_means=[0.0, 0.0, 0.0, 0.0],
                target_stds=[0.1, 0.1, 0.2, 0.2]),
            reg_class_agnostic=False,
            loss_cls=dict(
                type='CrossEntropyLoss', use_sigmoid=False, loss_weight=1.0),
            loss_bbox=dict(type='L1Loss', loss_weight=1.0))))
train_cfg = dict(
    rpn=dict(
        assigner=dict(
            type='MaxIoUAssigner',
            pos_iou_thr=0.7,
            neg_iou_thr=0.3,
            min_pos_iou=0.3,
            match_low_quality=True,
            ignore_iof_thr=-1),
        sampler=dict(
            type='RandomSampler',
            num=256,
            pos_fraction=0.5,
            neg_pos_ub=-1,
            add_gt_as_proposals=False),
        allowed_border=-1,
        pos_weight=-1,
        debug=False),
    rpn_proposal=dict(
        nms_across_levels=False,
        nms_pre=2000,
        nms_post=1000,
        max_num=1000,
        nms_thr=0.7,
        min_bbox_size=0),
    rcnn=dict(
        assigner=dict(
            type='MaxIoUAssigner',
            pos_iou_thr=0.5,
            neg_iou_thr=0.5,
            min_pos_iou=0.5,
            match_low_quality=False,
            ignore_iof_thr=-1),
        sampler=dict(
            type='RandomSampler',
            num=512,
            pos_fraction=0.25,
            neg_pos_ub=-1,
            add_gt_as_proposals=True),
        pos_weight=-1,
        debug=False))
test_cfg = dict(
    rpn=dict(
        nms_across_levels=False,
        nms_pre=1000,
        nms_post=1000,
        max_num=1000,
        nms_thr=0.7,
        min_bbox_size=0),
    rcnn=dict(
        score_thr=0.05,
        nms=dict(type='nms', iou_threshold=0.5),
        max_per_img=100))
dataset_type = 'CocoDataset'
data_root = 'data/coco/'
img_norm_cfg = dict(
    mean=[123.675, 116.28, 103.53], std=[58.395, 57.12, 57.375], to_rgb=True)
train_pipeline = [
    dict(type='LoadImageFromFile'),
    dict(type='LoadAnnotations', with_bbox=True),
    dict(type='Resize', img_scale=(1550, 1550), keep_ratio=True),
    dict(type='RandomFlip', flip_ratio=0.5),
    dict(
        type='Normalize',
        mean=[123.675, 116.28, 103.53],
        std=[58.395, 57.12, 57.375],
        to_rgb=True),
    dict(type='Pad', size_divisor=32),
    dict(type='DefaultFormatBundle'),
    dict(type='Collect', keys=['img', 'gt_bboxes', 'gt_labels'])
]
test_pipeline = [
    dict(type='LoadImageFromFile'),
    dict(
        type='MultiScaleFlipAug',
        img_scale=(1550, 1550),
        flip=False,
        transforms=[
            dict(type='Resize', keep_ratio=True),
            dict(type='RandomFlip'),
            dict(
                type='Normalize',
                mean=[123.675, 116.28, 103.53],
                std=[58.395, 57.12, 57.375],
                to_rgb=True),
            dict(type='Pad', size_divisor=32),
            dict(type='ImageToTensor', keys=['img']),
            dict(type='Collect', keys=['img'])
        ])
]
data = dict(
    samples_per_gpu=2,
    workers_per_gpu=2,
    train=dict(
        type='CocoDataset',
        ann_file='data/coco/annotations/annotations_trai.json',
        img_prefix='data/coco/img/',
        pipeline=[
            dict(type='LoadImageFromFile'),
            dict(type='LoadAnnotations', with_bbox=True),
            dict(type='Resize', img_scale=(1550, 1550), keep_ratio=True),
            dict(type='RandomFlip', flip_ratio=0.5),
            dict(
                type='Normalize',
                mean=[123.675, 116.28, 103.53],
                std=[58.395, 57.12, 57.375],
                to_rgb=True),
            dict(type='Pad', size_divisor=32),
            dict(type='DefaultFormatBundle'),
            dict(type='Collect', keys=['img', 'gt_bboxes', 'gt_labels'])
        ]),
    val=dict(
        type='CocoDataset',
        ann_file='data/coco/annotations/annotations_test.json',
        img_prefix='data/coco/img/',
        pipeline=[
            dict(type='LoadImageFromFile'),
            dict(
                type='MultiScaleFlipAug',
                img_scale=(1550, 1550),
                flip=False,
                transforms=[
                    dict(type='Resize', keep_ratio=True),
                    dict(type='RandomFlip'),
                    dict(
                        type='Normalize',
                        mean=[123.675, 116.28, 103.53],
                        std=[58.395, 57.12, 57.375],
                        to_rgb=True),
                    dict(type='Pad', size_divisor=32),
                    dict(type='ImageToTensor', keys=['img']),
                    dict(type='Collect', keys=['img'])
                ])
        ]),
    test=dict(
        type='CocoDataset',
        ann_file='data/coco/annotations/annotations_vals.json',
        img_prefix='data/coco/img/',
        pipeline=[
            dict(type='LoadImageFromFile'),
            dict(
                type='MultiScaleFlipAug',
                img_scale=(1550, 1550),
                flip=False,
                transforms=[
                    dict(type='Resize', keep_ratio=True),
                    dict(type='RandomFlip'),
                    dict(
                        type='Normalize',
                        mean=[123.675, 116.28, 103.53],
                        std=[58.395, 57.12, 57.375],
                        to_rgb=True),
                    dict(type='Pad', size_divisor=32),
                    dict(type='ImageToTensor', keys=['img']),
                    dict(type='Collect', keys=['img'])
                ])
        ]))
evaluation = dict(interval=1, metric='bbox')
optimizer = dict(type='SGD', lr=0.01, momentum=0.9, weight_decay=0.0001)
optimizer_config = dict(grad_clip=None)
lr_config = dict(
    policy='step',
    warmup='linear',
    warmup_iters=500,
    warmup_ratio=0.001,
    step=[8, 11])
total_epochs = 4
checkpoint_config = dict(interval=4)
log_config = dict(interval=100, hooks=[dict(type='TextLoggerHook')])
dist_params = dict(backend='nccl')
log_level = 'INFO'
load_from = '/home/admin/.cache/torch/checkpoints/X.pth'
resume_from = None
workflow = [('train', 2), ('val', 1)]
work_dir = '/home/admin/jupyter/SecurityAI_Round5/data/work'
gpu_ids = range(0, 1)

2020-11-24 22:41:50,424 - mmdet - INFO - load model from: torchvision://resnet50
2020-11-24 22:41:58,096 - mmdet - WARNING - The model and loaded state dict do not match exactly

unexpected key in source state_dict: fc.weight, fc.bias

2020-11-24 22:42:08,447 - mmdet - INFO - load checkpoint from /home/admin/.cache/torch/checkpoints/X.pth
2020-11-24 22:42:15,286 - mmdet - INFO - Start running, host: admin@fuxilabor_labor0_S4_Odps_S95_dsw_prepaid_cnsh_838_2020112410550, work_dir: /home/admin/jupyter/SecurityAI_Round5/data/work
2020-11-24 22:42:15,286 - mmdet - INFO - workflow: [('train', 2), ('val', 1)], max: 4 epochs
2020-11-24 22:43:32,794 - mmdet - INFO - Epoch [1][100/617]	lr: 1.988e-03, eta: 0:30:30, time: 0.773, data_time: 0.033, memory: 11884, loss_rpn_cls: 0.0020, loss_rpn_bbox: 0.0237, loss_cls: 0.0292, acc: 98.6924, loss_bbox: 0.0643, loss: 0.1192
2020-11-24 22:44:47,472 - mmdet - INFO - Epoch [1][200/617]	lr: 3.986e-03, eta: 0:28:43, time: 0.747, data_time: 0.012, memory: 11884, loss_rpn_cls: 0.0021, loss_rpn_bbox: 0.0214, loss_cls: 0.0285, acc: 98.7812, loss_bbox: 0.0568, loss: 0.1087
2020-11-24 22:46:02,417 - mmdet - INFO - Epoch [1][300/617]	lr: 5.984e-03, eta: 0:27:20, time: 0.749, data_time: 0.012, memory: 11884, loss_rpn_cls: 0.0020, loss_rpn_bbox: 0.0217, loss_cls: 0.0259, acc: 98.9268, loss_bbox: 0.0586, loss: 0.1083
2020-11-24 22:47:16,980 - mmdet - INFO - Epoch [1][400/617]	lr: 7.982e-03, eta: 0:25:58, time: 0.746, data_time: 0.012, memory: 11884, loss_rpn_cls: 0.0022, loss_rpn_bbox: 0.0224, loss_cls: 0.0268, acc: 98.8789, loss_bbox: 0.0584, loss: 0.1098
2020-11-24 22:48:31,727 - mmdet - INFO - Epoch [1][500/617]	lr: 9.980e-03, eta: 0:24:40, time: 0.747, data_time: 0.012, memory: 11884, loss_rpn_cls: 0.0019, loss_rpn_bbox: 0.0261, loss_cls: 0.0225, acc: 99.0186, loss_bbox: 0.0619, loss: 0.1125
2020-11-24 22:49:46,630 - mmdet - INFO - Epoch [1][600/617]	lr: 1.000e-02, eta: 0:23:24, time: 0.749, data_time: 0.012, memory: 11884, loss_rpn_cls: 0.0019, loss_rpn_bbox: 0.0267, loss_cls: 0.0222, acc: 99.0850, loss_bbox: 0.0605, loss: 0.1113
2020-11-24 22:50:24,192 - mmdet - INFO - Evaluating bbox...
2020-11-24 22:50:26,070 - mmdet - INFO - Epoch [1][617/617]	lr: 1.000e-02, bbox_mAP: 0.8540, bbox_mAP_50: 0.9000, bbox_mAP_75: 0.8950, bbox_mAP_s: 0.6560, bbox_mAP_m: 0.9030, bbox_mAP_l: 0.9150, bbox_mAP_copypaste: 0.854 0.900 0.895 0.656 0.903 0.915
2020-11-24 22:51:43,169 - mmdet - INFO - Epoch [2][100/617]	lr: 1.000e-02, eta: 0:21:29, time: 0.769, data_time: 0.034, memory: 11910, loss_rpn_cls: 0.0017, loss_rpn_bbox: 0.0277, loss_cls: 0.0225, acc: 99.0449, loss_bbox: 0.0579, loss: 0.1098
2020-11-24 22:52:57,947 - mmdet - INFO - Epoch [2][200/617]	lr: 1.000e-02, eta: 0:20:18, time: 0.748, data_time: 0.012, memory: 11910, loss_rpn_cls: 0.0017, loss_rpn_bbox: 0.0258, loss_cls: 0.0225, acc: 99.0449, loss_bbox: 0.0592, loss: 0.1092
2020-11-24 22:54:12,548 - mmdet - INFO - Epoch [2][300/617]	lr: 1.000e-02, eta: 0:19:05, time: 0.746, data_time: 0.012, memory: 11910, loss_rpn_cls: 0.0025, loss_rpn_bbox: 0.0262, loss_cls: 0.0291, acc: 98.7891, loss_bbox: 0.0654, loss: 0.1232
2020-11-24 22:55:27,452 - mmdet - INFO - Epoch [2][400/617]	lr: 1.000e-02, eta: 0:17:53, time: 0.749, data_time: 0.012, memory: 11910, loss_rpn_cls: 0.0021, loss_rpn_bbox: 0.0277, loss_cls: 0.0259, acc: 98.9512, loss_bbox: 0.0654, loss: 0.1210
2020-11-24 22:56:42,258 - mmdet - INFO - Epoch [2][500/617]	lr: 1.000e-02, eta: 0:16:40, time: 0.748, data_time: 0.012, memory: 11910, loss_rpn_cls: 0.0023, loss_rpn_bbox: 0.0273, loss_cls: 0.0323, acc: 98.5879, loss_bbox: 0.0680, loss: 0.1299
2020-11-24 22:57:57,099 - mmdet - INFO - Epoch [2][600/617]	lr: 1.000e-02, eta: 0:15:27, time: 0.748, data_time: 0.012, memory: 11910, loss_rpn_cls: 0.0022, loss_rpn_bbox: 0.0273, loss_cls: 0.0289, acc: 98.8223, loss_bbox: 0.0658, loss: 0.1243
2020-11-24 22:58:34,465 - mmdet - INFO - Evaluating bbox...
2020-11-24 22:58:36,334 - mmdet - INFO - Epoch [2][617/617]	lr: 1.000e-02, bbox_mAP: 0.8630, bbox_mAP_50: 0.9100, bbox_mAP_75: 0.9050, bbox_mAP_s: 0.6550, bbox_mAP_m: 0.9090, bbox_mAP_l: 0.9250, bbox_mAP_copypaste: 0.863 0.910 0.905 0.655 0.909 0.925
2020-11-24 22:59:07,290 - mmdet - INFO - Epoch(train) [2][77]	loss_rpn_cls: 0.0021, loss_rpn_bbox: 0.0318, loss_cls: 0.0297, acc: 98.7355, loss_bbox: 0.0686, loss: 0.1322
2020-11-24 23:00:24,847 - mmdet - INFO - Epoch [3][100/617]	lr: 1.000e-02, eta: 0:13:52, time: 0.774, data_time: 0.033, memory: 11910, loss_rpn_cls: 0.0021, loss_rpn_bbox: 0.0295, loss_cls: 0.0283, acc: 98.7666, loss_bbox: 0.0658, loss: 0.1257
2020-11-24 23:01:39,296 - mmdet - INFO - Epoch [3][200/617]	lr: 1.000e-02, eta: 0:12:39, time: 0.744, data_time: 0.012, memory: 11910, loss_rpn_cls: 0.0021, loss_rpn_bbox: 0.0264, loss_cls: 0.0254, acc: 98.9111, loss_bbox: 0.0614, loss: 0.1152
2020-11-24 23:02:54,033 - mmdet - INFO - Epoch [3][300/617]	lr: 1.000e-02, eta: 0:11:27, time: 0.747, data_time: 0.012, memory: 11910, loss_rpn_cls: 0.0032, loss_rpn_bbox: 0.0284, loss_cls: 0.0307, acc: 98.7363, loss_bbox: 0.0703, loss: 0.1326
2020-11-24 23:04:08,618 - mmdet - INFO - Epoch [3][400/617]	lr: 1.000e-02, eta: 0:10:14, time: 0.746, data_time: 0.012, memory: 11910, loss_rpn_cls: 0.0028, loss_rpn_bbox: 0.0264, loss_cls: 0.0300, acc: 98.7412, loss_bbox: 0.0649, loss: 0.1241
2020-11-24 23:05:23,466 - mmdet - INFO - Epoch [3][500/617]	lr: 1.000e-02, eta: 0:09:00, time: 0.748, data_time: 0.012, memory: 11910, loss_rpn_cls: 0.0017, loss_rpn_bbox: 0.0281, loss_cls: 0.0265, acc: 98.8955, loss_bbox: 0.0673, loss: 0.1237
2020-11-24 23:06:38,125 - mmdet - INFO - Epoch [3][600/617]	lr: 1.000e-02, eta: 0:07:47, time: 0.747, data_time: 0.012, memory: 11910, loss_rpn_cls: 0.0024, loss_rpn_bbox: 0.0278, loss_cls: 0.0305, acc: 98.7090, loss_bbox: 0.0691, loss: 0.1298
2020-11-24 23:07:15,638 - mmdet - INFO - Evaluating bbox...
2020-11-24 23:07:17,458 - mmdet - INFO - Epoch [3][617/617]	lr: 1.000e-02, bbox_mAP: 0.8610, bbox_mAP_50: 0.9100, bbox_mAP_75: 0.9000, bbox_mAP_s: 0.6570, bbox_mAP_m: 0.9130, bbox_mAP_l: 0.9180, bbox_mAP_copypaste: 0.861 0.910 0.900 0.657 0.913 0.918
2020-11-24 23:08:34,863 - mmdet - INFO - Epoch [4][100/617]	lr: 1.000e-02, eta: 0:06:18, time: 0.772, data_time: 0.034, memory: 11910, loss_rpn_cls: 0.0022, loss_rpn_bbox: 0.0272, loss_cls: 0.0288, acc: 98.7568, loss_bbox: 0.0655, loss: 0.1237
2020-11-24 23:09:49,685 - mmdet - INFO - Epoch [4][200/617]	lr: 1.000e-02, eta: 0:05:05, time: 0.748, data_time: 0.012, memory: 11910, loss_rpn_cls: 0.0019, loss_rpn_bbox: 0.0269, loss_cls: 0.0274, acc: 98.8506, loss_bbox: 0.0664, loss: 0.1225
2020-11-24 23:11:04,406 - mmdet - INFO - Epoch [4][300/617]	lr: 1.000e-02, eta: 0:03:52, time: 0.747, data_time: 0.012, memory: 11910, loss_rpn_cls: 0.0023, loss_rpn_bbox: 0.0268, loss_cls: 0.0277, acc: 98.8555, loss_bbox: 0.0713, loss: 0.1282
2020-11-24 23:12:19,274 - mmdet - INFO - Epoch [4][400/617]	lr: 1.000e-02, eta: 0:02:39, time: 0.749, data_time: 0.012, memory: 11910, loss_rpn_cls: 0.0020, loss_rpn_bbox: 0.0271, loss_cls: 0.0265, acc: 98.8760, loss_bbox: 0.0664, loss: 0.1220
2020-11-24 23:13:34,071 - mmdet - INFO - Epoch [4][500/617]	lr: 1.000e-02, eta: 0:01:26, time: 0.748, data_time: 0.012, memory: 11910, loss_rpn_cls: 0.0029, loss_rpn_bbox: 0.0274, loss_cls: 0.0266, acc: 98.8926, loss_bbox: 0.0614, loss: 0.1183
2020-11-24 23:14:49,339 - mmdet - INFO - Epoch [4][600/617]	lr: 1.000e-02, eta: 0:00:12, time: 0.753, data_time: 0.012, memory: 11910, loss_rpn_cls: 0.0032, loss_rpn_bbox: 0.0304, loss_cls: 0.0326, acc: 98.6299, loss_bbox: 0.0707, loss: 0.1368
2020-11-24 23:15:01,933 - mmdet - INFO - Saving checkpoint at 4 epochs
2020-11-24 23:15:28,998 - mmdet - INFO - Evaluating bbox...
2020-11-24 23:15:30,964 - mmdet - INFO - Epoch [4][617/617]	lr: 1.000e-02, bbox_mAP: 0.8560, bbox_mAP_50: 0.9050, bbox_mAP_75: 0.9000, bbox_mAP_s: 0.6400, bbox_mAP_m: 0.9070, bbox_mAP_l: 0.9110, bbox_mAP_copypaste: 0.856 0.905 0.900 0.640 0.907 0.911
2020-11-24 23:16:01,754 - mmdet - INFO - Epoch(train) [4][77]	loss_rpn_cls: 0.0021, loss_rpn_bbox: 0.0310, loss_cls: 0.0296, acc: 98.7685, loss_bbox: 0.0711, loss: 0.1338
