2020-11-10 13:43:48,097 - mmdet - INFO - Environment info:
------------------------------------------------------------
sys.platform: linux
Python: 3.6.4 |Anaconda, Inc.| (default, Jan 16 2018, 18:10:19) [GCC 7.2.0]
CUDA available: True
CUDA_HOME: /usr/local/cuda
NVCC: Cuda compilation tools, release 10.0, V10.0.130
GPU 0: Tesla P100-PCIE-16GB
GCC: gcc (GCC) 5.3.0
PyTorch: 1.3.1+cu100
PyTorch compiling details: PyTorch built with:
  - GCC 7.3
  - Intel(R) Math Kernel Library Version 2019.0.4 Product Build 20190411 for Intel(R) 64 architecture applications
  - Intel(R) MKL-DNN v0.20.5 (Git Hash 0125f28c61c1f822fd48570b4c1066f96fcb9b2e)
  - OpenMP 201511 (a.k.a. OpenMP 4.5)
  - NNPACK is enabled
  - CUDA Runtime 10.0
  - NVCC architecture flags: -gencode;arch=compute_37,code=sm_37;-gencode;arch=compute_50,code=sm_50;-gencode;arch=compute_60,code=sm_60;-gencode;arch=compute_61,code=sm_61;-gencode;arch=compute_70,code=sm_70;-gencode;arch=compute_75,code=sm_75;-gencode;arch=compute_37,code=compute_37
  - CuDNN 7.6.3
  - Magma 2.5.1
  - Build settings: BLAS=MKL, BUILD_NAMEDTENSOR=OFF, BUILD_TYPE=Release, CXX_FLAGS= -Wno-deprecated -fvisibility-inlines-hidden -fopenmp -DUSE_FBGEMM -DUSE_QNNPACK -DUSE_PYTORCH_QNNPACK -O2 -fPIC -Wno-narrowing -Wall -Wextra -Wno-missing-field-initializers -Wno-type-limits -Wno-array-bounds -Wno-unknown-pragmas -Wno-sign-compare -Wno-unused-parameter -Wno-unused-variable -Wno-unused-function -Wno-unused-result -Wno-strict-overflow -Wno-strict-aliasing -Wno-error=deprecated-declarations -Wno-stringop-overflow -Wno-error=pedantic -Wno-error=redundant-decls -Wno-error=old-style-cast -fdiagnostics-color=always -faligned-new -Wno-unused-but-set-variable -Wno-maybe-uninitialized -fno-math-errno -fno-trapping-math -Wno-stringop-overflow, DISABLE_NUMA=1, PERF_WITH_AVX=1, PERF_WITH_AVX2=1, PERF_WITH_AVX512=1, USE_CUDA=True, USE_EXCEPTION_PTR=1, USE_GFLAGS=OFF, USE_GLOG=OFF, USE_MKL=ON, USE_MKLDNN=ON, USE_MPI=OFF, USE_NCCL=ON, USE_NNPACK=ON, USE_OPENMP=ON, USE_STATIC_DISPATCH=OFF, 

TorchVision: 0.4.2+cu100
OpenCV: 4.4.0
MMCV: 1.0.5
MMDetection: 2.3.0+788fa8d
MMDetection Compiler: GCC 7.3
MMDetection CUDA Compiler: 10.0
------------------------------------------------------------

2020-11-10 13:43:48,098 - mmdet - INFO - Distributed training: False
2020-11-10 13:43:48,502 - mmdet - INFO - Config:
model = dict(
    type='FasterRCNN',
    pretrained='torchvision://resnet50',
    backbone=dict(
        type='ResNet',
        depth=50,
        num_stages=4,
        out_indices=(0, 1, 2, 3),
        frozen_stages=1,
        norm_cfg=dict(type='BN', requires_grad=True),
        norm_eval=True,
        style='pytorch'),
    neck=dict(
        type='FPN',
        in_channels=[256, 512, 1024, 2048],
        out_channels=256,
        num_outs=5),
    rpn_head=dict(
        type='RPNHead',
        in_channels=256,
        feat_channels=256,
        anchor_generator=dict(
            type='AnchorGenerator',
            scales=[8],
            ratios=[0.5, 1.0, 2.0],
            strides=[4, 8, 16, 32, 64]),
        bbox_coder=dict(
            type='DeltaXYWHBBoxCoder',
            target_means=[0.0, 0.0, 0.0, 0.0],
            target_stds=[1.0, 1.0, 1.0, 1.0]),
        loss_cls=dict(
            type='CrossEntropyLoss', use_sigmoid=True, loss_weight=1.0),
        loss_bbox=dict(type='L1Loss', loss_weight=1.0)),
    roi_head=dict(
        type='StandardRoIHead',
        bbox_roi_extractor=dict(
            type='SingleRoIExtractor',
            roi_layer=dict(type='RoIAlign', output_size=7, sampling_ratio=0),
            out_channels=256,
            featmap_strides=[4, 8, 16, 32]),
        bbox_head=dict(
            type='Shared2FCBBoxHead',
            in_channels=256,
            fc_out_channels=1024,
            roi_feat_size=7,
            num_classes=2,
            bbox_coder=dict(
                type='DeltaXYWHBBoxCoder',
                target_means=[0.0, 0.0, 0.0, 0.0],
                target_stds=[0.1, 0.1, 0.2, 0.2]),
            reg_class_agnostic=False,
            loss_cls=dict(
                type='CrossEntropyLoss', use_sigmoid=False, loss_weight=1.0),
            loss_bbox=dict(type='L1Loss', loss_weight=1.0))))
train_cfg = dict(
    rpn=dict(
        assigner=dict(
            type='MaxIoUAssigner',
            pos_iou_thr=0.7,
            neg_iou_thr=0.3,
            min_pos_iou=0.3,
            match_low_quality=True,
            ignore_iof_thr=-1),
        sampler=dict(
            type='RandomSampler',
            num=256,
            pos_fraction=0.5,
            neg_pos_ub=-1,
            add_gt_as_proposals=False),
        allowed_border=-1,
        pos_weight=-1,
        debug=False),
    rpn_proposal=dict(
        nms_across_levels=False,
        nms_pre=2000,
        nms_post=1000,
        max_num=1000,
        nms_thr=0.7,
        min_bbox_size=0),
    rcnn=dict(
        assigner=dict(
            type='MaxIoUAssigner',
            pos_iou_thr=0.5,
            neg_iou_thr=0.5,
            min_pos_iou=0.5,
            match_low_quality=False,
            ignore_iof_thr=-1),
        sampler=dict(
            type='RandomSampler',
            num=512,
            pos_fraction=0.25,
            neg_pos_ub=-1,
            add_gt_as_proposals=True),
        pos_weight=-1,
        debug=False))
test_cfg = dict(
    rpn=dict(
        nms_across_levels=False,
        nms_pre=1000,
        nms_post=1000,
        max_num=1000,
        nms_thr=0.7,
        min_bbox_size=0),
    rcnn=dict(
        score_thr=0.05,
        nms=dict(type='nms', iou_threshold=0.5),
        max_per_img=100))
dataset_type = 'CocoDataset'
data_root = 'data/coco/'
img_norm_cfg = dict(
    mean=[123.675, 116.28, 103.53], std=[58.395, 57.12, 57.375], to_rgb=True)
train_pipeline = [
    dict(type='LoadImageFromFile'),
    dict(type='LoadAnnotations', with_bbox=True),
    dict(type='Resize', img_scale=(3100, 3100), keep_ratio=True),
    dict(type='RandomFlip', flip_ratio=0.5),
    dict(
        type='Normalize',
        mean=[123.675, 116.28, 103.53],
        std=[58.395, 57.12, 57.375],
        to_rgb=True),
    dict(type='Pad', size_divisor=32),
    dict(type='DefaultFormatBundle'),
    dict(type='Collect', keys=['img', 'gt_bboxes', 'gt_labels'])
]
test_pipeline = [
    dict(type='LoadImageFromFile'),
    dict(
        type='MultiScaleFlipAug',
        img_scale=(3100, 3100),
        flip=False,
        transforms=[
            dict(type='Resize', keep_ratio=True),
            dict(type='RandomFlip'),
            dict(
                type='Normalize',
                mean=[123.675, 116.28, 103.53],
                std=[58.395, 57.12, 57.375],
                to_rgb=True),
            dict(type='Pad', size_divisor=32),
            dict(type='ImageToTensor', keys=['img']),
            dict(type='Collect', keys=['img'])
        ])
]
data = dict(
    samples_per_gpu=1,
    workers_per_gpu=1,
    train=dict(
        type='CocoDataset',
        ann_file='data/coco/annotations/annotations_trai.json',
        img_prefix='data/coco/img/',
        pipeline=[
            dict(type='LoadImageFromFile'),
            dict(type='LoadAnnotations', with_bbox=True),
            dict(type='Resize', img_scale=(3100, 3100), keep_ratio=True),
            dict(type='RandomFlip', flip_ratio=0.5),
            dict(
                type='Normalize',
                mean=[123.675, 116.28, 103.53],
                std=[58.395, 57.12, 57.375],
                to_rgb=True),
            dict(type='Pad', size_divisor=32),
            dict(type='DefaultFormatBundle'),
            dict(type='Collect', keys=['img', 'gt_bboxes', 'gt_labels'])
        ]),
    val=dict(
        type='CocoDataset',
        ann_file='data/coco/annotations/annotations_test.json',
        img_prefix='data/coco/img/',
        pipeline=[
            dict(type='LoadImageFromFile'),
            dict(
                type='MultiScaleFlipAug',
                img_scale=(3100, 3100),
                flip=False,
                transforms=[
                    dict(type='Resize', keep_ratio=True),
                    dict(type='RandomFlip'),
                    dict(
                        type='Normalize',
                        mean=[123.675, 116.28, 103.53],
                        std=[58.395, 57.12, 57.375],
                        to_rgb=True),
                    dict(type='Pad', size_divisor=32),
                    dict(type='ImageToTensor', keys=['img']),
                    dict(type='Collect', keys=['img'])
                ])
        ]),
    test=dict(
        type='CocoDataset',
        ann_file='data/coco/annotations/annotations_vals.json',
        img_prefix='data/coco/img/',
        pipeline=[
            dict(type='LoadImageFromFile'),
            dict(
                type='MultiScaleFlipAug',
                img_scale=(3100, 3100),
                flip=False,
                transforms=[
                    dict(type='Resize', keep_ratio=True),
                    dict(type='RandomFlip'),
                    dict(
                        type='Normalize',
                        mean=[123.675, 116.28, 103.53],
                        std=[58.395, 57.12, 57.375],
                        to_rgb=True),
                    dict(type='Pad', size_divisor=32),
                    dict(type='ImageToTensor', keys=['img']),
                    dict(type='Collect', keys=['img'])
                ])
        ]))
evaluation = dict(interval=1, metric='bbox')
optimizer = dict(type='SGD', lr=0.02, momentum=0.9, weight_decay=0.0001)
optimizer_config = dict(grad_clip=None)
lr_config = dict(
    policy='step',
    warmup='linear',
    warmup_iters=500,
    warmup_ratio=0.001,
    step=[8, 11])
total_epochs = 40
checkpoint_config = dict(interval=20)
log_config = dict(interval=2, hooks=[dict(type='TextLoggerHook')])
dist_params = dict(backend='nccl')
log_level = 'INFO'
load_from = None
resume_from = None
workflow = [('train', 2), ('val', 1)]
work_dir = '/home/admin/jupyter/SecurityAI_Round5/data/work'
gpu_ids = range(0, 1)

2020-11-10 13:43:49,013 - mmdet - INFO - load model from: torchvision://resnet50
2020-11-10 13:43:56,932 - mmdet - WARNING - The model and loaded state dict do not match exactly

unexpected key in source state_dict: fc.weight, fc.bias

2020-11-10 13:44:07,998 - mmdet - INFO - Start running, host: admin@fuxilabor_labor0_S4_Odps_S96_dsw_prepaid_cnsh_838_2020111001323, work_dir: /home/admin/jupyter/SecurityAI_Round5/data/work
2020-11-10 13:44:07,998 - mmdet - INFO - workflow: [('train', 2), ('val', 1)], max: 40 epochs
2020-11-10 13:44:14,243 - mmdet - INFO - Epoch [1][2/8687]	lr: 5.996e-05, eta: 11 days, 20:25:29, time: 2.947, data_time: 1.371, memory: 14956, loss_rpn_cls: 0.7002, loss_rpn_bbox: 0.2237, loss_cls: 1.1057, acc: 24.7070, loss_bbox: 0.0015, loss: 2.0311
2020-11-10 13:44:17,316 - mmdet - INFO - Epoch [1][4/8687]	lr: 1.399e-04, eta: 9 days, 0:22:21, time: 1.537, data_time: 0.191, memory: 14956, loss_rpn_cls: 0.6942, loss_rpn_bbox: 0.0000, loss_cls: 1.0329, acc: 48.2422, loss_bbox: 0.0001, loss: 1.7272
2020-11-10 13:44:20,430 - mmdet - INFO - Epoch [1][6/8687]	lr: 2.198e-04, eta: 8 days, 2:20:59, time: 1.557, data_time: 0.190, memory: 14956, loss_rpn_cls: 0.6960, loss_rpn_bbox: 0.1342, loss_cls: 0.7295, acc: 95.1172, loss_bbox: 0.0106, loss: 1.5703
2020-11-10 13:44:23,522 - mmdet - INFO - Epoch [1][8/8687]	lr: 2.997e-04, eta: 7 days, 15:03:38, time: 1.546, data_time: 0.189, memory: 14956, loss_rpn_cls: 0.6994, loss_rpn_bbox: 0.1593, loss_cls: 0.2622, acc: 98.1445, loss_bbox: 0.0007, loss: 1.1216
2020-11-10 13:44:26,628 - mmdet - INFO - Epoch [1][10/8687]	lr: 3.796e-04, eta: 7 days, 8:25:38, time: 1.553, data_time: 0.190, memory: 14956, loss_rpn_cls: 0.6907, loss_rpn_bbox: 0.1225, loss_cls: 0.0995, acc: 98.6328, loss_bbox: 0.0005, loss: 0.9132
2020-11-10 13:44:29,730 - mmdet - INFO - Epoch [1][12/8687]	lr: 4.596e-04, eta: 7 days, 3:58:16, time: 1.551, data_time: 0.194, memory: 14956, loss_rpn_cls: 0.6901, loss_rpn_bbox: 0.1956, loss_cls: 0.0641, acc: 98.3398, loss_bbox: 0.0007, loss: 0.9505
2020-11-10 13:44:32,848 - mmdet - INFO - Epoch [1][14/8687]	lr: 5.395e-04, eta: 7 days, 0:53:55, time: 1.559, data_time: 0.189, memory: 14956, loss_rpn_cls: 0.6760, loss_rpn_bbox: 0.1289, loss_cls: 0.2036, acc: 97.0703, loss_bbox: 0.0021, loss: 1.0106
2020-11-10 13:44:35,996 - mmdet - INFO - Epoch [1][16/8687]	lr: 6.194e-04, eta: 6 days, 22:46:30, time: 1.574, data_time: 0.189, memory: 15070, loss_rpn_cls: 0.6728, loss_rpn_bbox: 0.1879, loss_cls: 0.3493, acc: 94.9219, loss_bbox: 0.0077, loss: 1.2177
2020-11-10 13:44:39,085 - mmdet - INFO - Epoch [1][18/8687]	lr: 6.993e-04, eta: 6 days, 20:48:22, time: 1.544, data_time: 0.189, memory: 15070, loss_rpn_cls: 0.6360, loss_rpn_bbox: 0.0445, loss_cls: 0.0803, acc: 99.0234, loss_bbox: 0.0008, loss: 0.7617
2020-11-10 13:44:42,185 - mmdet - INFO - Epoch [1][20/8687]	lr: 7.792e-04, eta: 6 days, 19:16:57, time: 1.550, data_time: 0.191, memory: 15070, loss_rpn_cls: 0.6323, loss_rpn_bbox: 0.0502, loss_cls: 0.1171, acc: 98.6328, loss_bbox: 0.0054, loss: 0.8050
2020-11-10 13:44:45,279 - mmdet - INFO - Epoch [1][22/8687]	lr: 8.592e-04, eta: 6 days, 18:00:53, time: 1.547, data_time: 0.189, memory: 15070, loss_rpn_cls: 0.5628, loss_rpn_bbox: 0.0620, loss_cls: 0.1016, acc: 98.9258, loss_bbox: 0.0008, loss: 0.7272
2020-11-10 13:44:48,399 - mmdet - INFO - Epoch [1][24/8687]	lr: 9.391e-04, eta: 6 days, 17:03:32, time: 1.560, data_time: 0.189, memory: 15070, loss_rpn_cls: 0.6136, loss_rpn_bbox: 0.2554, loss_cls: 0.2275, acc: 97.0703, loss_bbox: 0.0023, loss: 1.0988
2020-11-10 13:44:51,499 - mmdet - INFO - Epoch [1][26/8687]	lr: 1.019e-03, eta: 6 days, 16:10:30, time: 1.550, data_time: 0.190, memory: 15070, loss_rpn_cls: 0.5510, loss_rpn_bbox: 0.2092, loss_cls: 0.1320, acc: 98.1445, loss_bbox: 0.0016, loss: 0.8938
2020-11-10 13:44:54,581 - mmdet - INFO - Epoch [1][28/8687]	lr: 1.099e-03, eta: 6 days, 15:21:30, time: 1.541, data_time: 0.189, memory: 15070, loss_rpn_cls: 0.3992, loss_rpn_bbox: 0.0220, loss_cls: 0.0584, acc: 99.4141, loss_bbox: 0.0003, loss: 0.4800
2020-11-10 13:44:57,674 - mmdet - INFO - Epoch [1][30/8687]	lr: 1.179e-03, eta: 6 days, 14:41:00, time: 1.546, data_time: 0.189, memory: 15070, loss_rpn_cls: 0.3944, loss_rpn_bbox: 0.0223, loss_cls: 0.0914, acc: 99.1211, loss_bbox: 0.0006, loss: 0.5087
2020-11-10 13:45:00,792 - mmdet - INFO - Epoch [1][32/8687]	lr: 1.259e-03, eta: 6 days, 14:10:08, time: 1.559, data_time: 0.189, memory: 15070, loss_rpn_cls: 0.3618, loss_rpn_bbox: 0.1425, loss_cls: 0.3461, acc: 96.1914, loss_bbox: 0.0601, loss: 0.9106
2020-11-10 13:45:03,911 - mmdet - INFO - Epoch [1][34/8687]	lr: 1.339e-03, eta: 6 days, 13:43:01, time: 1.559, data_time: 0.191, memory: 15070, loss_rpn_cls: 0.2663, loss_rpn_bbox: 0.1133, loss_cls: 0.2525, acc: 98.0469, loss_bbox: 0.0021, loss: 0.6342
2020-11-10 13:45:07,031 - mmdet - INFO - Epoch [1][36/8687]	lr: 1.419e-03, eta: 6 days, 13:19:10, time: 1.560, data_time: 0.193, memory: 15070, loss_rpn_cls: 0.1678, loss_rpn_bbox: 0.0494, loss_cls: 0.0824, acc: 99.0234, loss_bbox: 0.0081, loss: 0.3078
2020-11-10 13:45:10,165 - mmdet - INFO - Epoch [1][38/8687]	lr: 1.499e-03, eta: 6 days, 12:59:57, time: 1.567, data_time: 0.190, memory: 15070, loss_rpn_cls: 0.5991, loss_rpn_bbox: 0.2881, loss_cls: 0.3748, acc: 95.5078, loss_bbox: 0.0301, loss: 1.2922
2020-11-10 13:45:13,292 - mmdet - INFO - Epoch [1][40/8687]	lr: 1.578e-03, eta: 6 days, 12:41:35, time: 1.563, data_time: 0.189, memory: 15070, loss_rpn_cls: 0.5274, loss_rpn_bbox: 0.1671, loss_cls: 0.2946, acc: 95.7031, loss_bbox: 0.0461, loss: 1.0352
2020-11-10 13:45:16,418 - mmdet - INFO - Epoch [1][42/8687]	lr: 1.658e-03, eta: 6 days, 12:24:50, time: 1.563, data_time: 0.189, memory: 15070, loss_rpn_cls: 0.4218, loss_rpn_bbox: 0.1407, loss_cls: 0.3808, acc: 95.0195, loss_bbox: 0.0807, loss: 1.0240
2020-11-10 13:45:19,512 - mmdet - INFO - Epoch [1][44/8687]	lr: 1.738e-03, eta: 6 days, 12:05:24, time: 1.547, data_time: 0.190, memory: 15070, loss_rpn_cls: 0.3151, loss_rpn_bbox: 0.0764, loss_cls: 0.0951, acc: 98.3398, loss_bbox: 0.0015, loss: 0.4881
2020-11-10 13:45:22,622 - mmdet - INFO - Epoch [1][46/8687]	lr: 1.818e-03, eta: 6 days, 11:49:36, time: 1.555, data_time: 0.189, memory: 15070, loss_rpn_cls: 0.2637, loss_rpn_bbox: 0.0553, loss_cls: 0.1209, acc: 98.1445, loss_bbox: 0.0010, loss: 0.4409
2020-11-10 13:45:25,726 - mmdet - INFO - Epoch [1][48/8687]	lr: 1.898e-03, eta: 6 days, 11:34:25, time: 1.552, data_time: 0.190, memory: 15070, loss_rpn_cls: 0.1824, loss_rpn_bbox: 0.0577, loss_cls: 0.0978, acc: 98.1445, loss_bbox: 0.0286, loss: 0.3665
2020-11-10 13:45:28,830 - mmdet - INFO - Epoch [1][50/8687]	lr: 1.978e-03, eta: 6 days, 11:20:33, time: 1.552, data_time: 0.190, memory: 15070, loss_rpn_cls: 0.1978, loss_rpn_bbox: 0.0930, loss_cls: 0.1105, acc: 98.1445, loss_bbox: 0.0089, loss: 0.4103
2020-11-10 13:45:31,950 - mmdet - INFO - Epoch [1][52/8687]	lr: 2.058e-03, eta: 6 days, 11:09:21, time: 1.560, data_time: 0.190, memory: 15070, loss_rpn_cls: 0.3826, loss_rpn_bbox: 0.1342, loss_cls: 0.1276, acc: 97.5586, loss_bbox: 0.0103, loss: 0.6548
2020-11-10 13:45:35,094 - mmdet - INFO - Epoch [1][54/8687]	lr: 2.138e-03, eta: 6 days, 11:01:43, time: 1.572, data_time: 0.190, memory: 15070, loss_rpn_cls: 0.5792, loss_rpn_bbox: 0.3839, loss_cls: 0.1324, acc: 95.6055, loss_bbox: 0.0129, loss: 1.1084
2020-11-10 13:45:38,193 - mmdet - INFO - Epoch [1][56/8687]	lr: 2.218e-03, eta: 6 days, 10:49:56, time: 1.550, data_time: 0.188, memory: 15070, loss_rpn_cls: 0.3473, loss_rpn_bbox: 0.0961, loss_cls: 0.1355, acc: 98.4375, loss_bbox: 0.0172, loss: 0.5962
2020-11-10 13:45:41,307 - mmdet - INFO - Epoch [1][58/8687]	lr: 2.298e-03, eta: 6 days, 10:40:23, time: 1.557, data_time: 0.188, memory: 15070, loss_rpn_cls: 0.2723, loss_rpn_bbox: 0.1195, loss_cls: 0.1087, acc: 97.3633, loss_bbox: 0.0032, loss: 0.5037
2020-11-10 13:45:44,400 - mmdet - INFO - Epoch [1][60/8687]	lr: 2.378e-03, eta: 6 days, 10:29:26, time: 1.546, data_time: 0.189, memory: 15070, loss_rpn_cls: 0.1612, loss_rpn_bbox: 0.1159, loss_cls: 0.0808, acc: 99.1211, loss_bbox: 0.0012, loss: 0.3591
2020-11-10 13:45:47,525 - mmdet - INFO - Epoch [1][62/8687]	lr: 2.458e-03, eta: 6 days, 10:22:10, time: 1.562, data_time: 0.189, memory: 15070, loss_rpn_cls: 1.0823, loss_rpn_bbox: 0.3379, loss_cls: 0.1515, acc: 98.0469, loss_bbox: 0.0055, loss: 1.5772
2020-11-10 13:45:50,602 - mmdet - INFO - Epoch [1][64/8687]	lr: 2.537e-03, eta: 6 days, 10:11:09, time: 1.539, data_time: 0.190, memory: 15070, loss_rpn_cls: 0.3715, loss_rpn_bbox: 0.0265, loss_cls: 0.0736, acc: 99.3164, loss_bbox: 0.0007, loss: 0.4723
2020-11-10 13:45:53,714 - mmdet - INFO - Epoch [1][66/8687]	lr: 2.617e-03, eta: 6 days, 10:03:45, time: 1.556, data_time: 0.190, memory: 15070, loss_rpn_cls: 0.2658, loss_rpn_bbox: 0.1635, loss_cls: 0.1068, acc: 98.1445, loss_bbox: 0.0105, loss: 0.5466
2020-11-10 13:45:56,833 - mmdet - INFO - Epoch [1][68/8687]	lr: 2.697e-03, eta: 6 days, 9:57:26, time: 1.560, data_time: 0.189, memory: 15070, loss_rpn_cls: 0.3861, loss_rpn_bbox: 0.4041, loss_cls: 0.0955, acc: 96.9727, loss_bbox: 0.0123, loss: 0.8979
2020-11-10 13:45:59,930 - mmdet - INFO - Epoch [1][70/8687]	lr: 2.777e-03, eta: 6 days, 9:49:36, time: 1.548, data_time: 0.190, memory: 15070, loss_rpn_cls: 0.2208, loss_rpn_bbox: 0.0485, loss_cls: 0.0784, acc: 98.2422, loss_bbox: 0.0034, loss: 0.3511
2020-11-10 13:46:03,019 - mmdet - INFO - Epoch [1][72/8687]	lr: 2.857e-03, eta: 6 days, 9:41:36, time: 1.545, data_time: 0.190, memory: 15070, loss_rpn_cls: 0.1642, loss_rpn_bbox: 0.1026, loss_cls: 0.0710, acc: 98.7305, loss_bbox: 0.0031, loss: 0.3409
2020-11-10 13:46:06,107 - mmdet - INFO - Epoch [1][74/8687]	lr: 2.937e-03, eta: 6 days, 9:33:55, time: 1.544, data_time: 0.192, memory: 15070, loss_rpn_cls: 0.1922, loss_rpn_bbox: 0.1035, loss_cls: 0.0364, acc: 99.4141, loss_bbox: 0.0014, loss: 0.3336
2020-11-10 13:46:09,192 - mmdet - INFO - Epoch [1][76/8687]	lr: 3.017e-03, eta: 6 days, 9:26:25, time: 1.542, data_time: 0.189, memory: 15070, loss_rpn_cls: 0.1938, loss_rpn_bbox: 0.2407, loss_cls: 0.0357, acc: 99.5117, loss_bbox: 0.0011, loss: 0.4713
2020-11-10 13:46:12,279 - mmdet - INFO - Epoch [1][78/8687]	lr: 3.097e-03, eta: 6 days, 9:19:27, time: 1.544, data_time: 0.190, memory: 15070, loss_rpn_cls: 0.1220, loss_rpn_bbox: 0.0508, loss_cls: 0.0484, acc: 99.5117, loss_bbox: 0.0015, loss: 0.2227
