2020-11-22 23:06:09,174 - mmdet - INFO - Environment info:
------------------------------------------------------------
sys.platform: linux
Python: 3.6.4 |Anaconda, Inc.| (default, Jan 16 2018, 18:10:19) [GCC 7.2.0]
CUDA available: True
CUDA_HOME: /usr/local/cuda
NVCC: Cuda compilation tools, release 10.0, V10.0.130
GPU 0: Tesla P100-PCIE-16GB
GCC: gcc (GCC) 5.3.0
PyTorch: 1.3.1+cu100
PyTorch compiling details: PyTorch built with:
  - GCC 7.3
  - Intel(R) Math Kernel Library Version 2019.0.4 Product Build 20190411 for Intel(R) 64 architecture applications
  - Intel(R) MKL-DNN v0.20.5 (Git Hash 0125f28c61c1f822fd48570b4c1066f96fcb9b2e)
  - OpenMP 201511 (a.k.a. OpenMP 4.5)
  - NNPACK is enabled
  - CUDA Runtime 10.0
  - NVCC architecture flags: -gencode;arch=compute_37,code=sm_37;-gencode;arch=compute_50,code=sm_50;-gencode;arch=compute_60,code=sm_60;-gencode;arch=compute_61,code=sm_61;-gencode;arch=compute_70,code=sm_70;-gencode;arch=compute_75,code=sm_75;-gencode;arch=compute_37,code=compute_37
  - CuDNN 7.6.3
  - Magma 2.5.1
  - Build settings: BLAS=MKL, BUILD_NAMEDTENSOR=OFF, BUILD_TYPE=Release, CXX_FLAGS= -Wno-deprecated -fvisibility-inlines-hidden -fopenmp -DUSE_FBGEMM -DUSE_QNNPACK -DUSE_PYTORCH_QNNPACK -O2 -fPIC -Wno-narrowing -Wall -Wextra -Wno-missing-field-initializers -Wno-type-limits -Wno-array-bounds -Wno-unknown-pragmas -Wno-sign-compare -Wno-unused-parameter -Wno-unused-variable -Wno-unused-function -Wno-unused-result -Wno-strict-overflow -Wno-strict-aliasing -Wno-error=deprecated-declarations -Wno-stringop-overflow -Wno-error=pedantic -Wno-error=redundant-decls -Wno-error=old-style-cast -fdiagnostics-color=always -faligned-new -Wno-unused-but-set-variable -Wno-maybe-uninitialized -fno-math-errno -fno-trapping-math -Wno-stringop-overflow, DISABLE_NUMA=1, PERF_WITH_AVX=1, PERF_WITH_AVX2=1, PERF_WITH_AVX512=1, USE_CUDA=True, USE_EXCEPTION_PTR=1, USE_GFLAGS=OFF, USE_GLOG=OFF, USE_MKL=ON, USE_MKLDNN=ON, USE_MPI=OFF, USE_NCCL=ON, USE_NNPACK=ON, USE_OPENMP=ON, USE_STATIC_DISPATCH=OFF, 

TorchVision: 0.4.2+cu100
OpenCV: 4.4.0
MMCV: 1.0.5
MMDetection: 2.3.0+788fa8d
MMDetection Compiler: GCC 7.3
MMDetection CUDA Compiler: 10.0
------------------------------------------------------------

2020-11-22 23:06:09,174 - mmdet - INFO - Distributed training: False
2020-11-22 23:06:09,567 - mmdet - INFO - Config:
model = dict(
    type='FasterRCNN',
    pretrained='torchvision://resnet50',
    backbone=dict(
        type='ResNet',
        depth=50,
        num_stages=4,
        out_indices=(0, 1, 2, 3),
        frozen_stages=1,
        norm_cfg=dict(type='BN', requires_grad=True),
        norm_eval=True,
        style='pytorch'),
    neck=dict(
        type='FPN',
        in_channels=[256, 512, 1024, 2048],
        out_channels=256,
        num_outs=5),
    rpn_head=dict(
        type='RPNHead',
        in_channels=256,
        feat_channels=256,
        anchor_generator=dict(
            type='AnchorGenerator',
            scales=[8],
            ratios=[0.5, 1.0, 2.0],
            strides=[4, 8, 16, 32, 64]),
        bbox_coder=dict(
            type='DeltaXYWHBBoxCoder',
            target_means=[0.0, 0.0, 0.0, 0.0],
            target_stds=[1.0, 1.0, 1.0, 1.0]),
        loss_cls=dict(
            type='CrossEntropyLoss', use_sigmoid=True, loss_weight=1.0),
        loss_bbox=dict(type='L1Loss', loss_weight=1.0)),
    roi_head=dict(
        type='StandardRoIHead',
        bbox_roi_extractor=dict(
            type='SingleRoIExtractor',
            roi_layer=dict(type='RoIAlign', output_size=7, sampling_ratio=0),
            out_channels=256,
            featmap_strides=[4, 8, 16, 32]),
        bbox_head=dict(
            type='Shared2FCBBoxHead',
            in_channels=256,
            fc_out_channels=1024,
            roi_feat_size=7,
            num_classes=2,
            bbox_coder=dict(
                type='DeltaXYWHBBoxCoder',
                target_means=[0.0, 0.0, 0.0, 0.0],
                target_stds=[0.1, 0.1, 0.2, 0.2]),
            reg_class_agnostic=False,
            loss_cls=dict(
                type='CrossEntropyLoss', use_sigmoid=False, loss_weight=1.0),
            loss_bbox=dict(type='L1Loss', loss_weight=1.0))))
train_cfg = dict(
    rpn=dict(
        assigner=dict(
            type='MaxIoUAssigner',
            pos_iou_thr=0.7,
            neg_iou_thr=0.3,
            min_pos_iou=0.3,
            match_low_quality=True,
            ignore_iof_thr=-1),
        sampler=dict(
            type='RandomSampler',
            num=256,
            pos_fraction=0.5,
            neg_pos_ub=-1,
            add_gt_as_proposals=False),
        allowed_border=-1,
        pos_weight=-1,
        debug=False),
    rpn_proposal=dict(
        nms_across_levels=False,
        nms_pre=2000,
        nms_post=1000,
        max_num=1000,
        nms_thr=0.7,
        min_bbox_size=0),
    rcnn=dict(
        assigner=dict(
            type='MaxIoUAssigner',
            pos_iou_thr=0.5,
            neg_iou_thr=0.5,
            min_pos_iou=0.5,
            match_low_quality=False,
            ignore_iof_thr=-1),
        sampler=dict(
            type='RandomSampler',
            num=512,
            pos_fraction=0.25,
            neg_pos_ub=-1,
            add_gt_as_proposals=True),
        pos_weight=-1,
        debug=False))
test_cfg = dict(
    rpn=dict(
        nms_across_levels=False,
        nms_pre=1000,
        nms_post=1000,
        max_num=1000,
        nms_thr=0.7,
        min_bbox_size=0),
    rcnn=dict(
        score_thr=0.05,
        nms=dict(type='nms', iou_threshold=0.5),
        max_per_img=100))
dataset_type = 'CocoDataset'
data_root = 'data/coco/'
img_norm_cfg = dict(
    mean=[123.675, 116.28, 103.53], std=[58.395, 57.12, 57.375], to_rgb=True)
train_pipeline = [
    dict(type='LoadImageFromFile'),
    dict(type='LoadAnnotations', with_bbox=True),
    dict(type='Resize', img_scale=(1550, 1550), keep_ratio=True),
    dict(type='RandomFlip', flip_ratio=0.5),
    dict(
        type='Normalize',
        mean=[123.675, 116.28, 103.53],
        std=[58.395, 57.12, 57.375],
        to_rgb=True),
    dict(type='Pad', size_divisor=32),
    dict(type='DefaultFormatBundle'),
    dict(type='Collect', keys=['img', 'gt_bboxes', 'gt_labels'])
]
test_pipeline = [
    dict(type='LoadImageFromFile'),
    dict(
        type='MultiScaleFlipAug',
        img_scale=(1550, 1550),
        flip=False,
        transforms=[
            dict(type='Resize', keep_ratio=True),
            dict(type='RandomFlip'),
            dict(
                type='Normalize',
                mean=[123.675, 116.28, 103.53],
                std=[58.395, 57.12, 57.375],
                to_rgb=True),
            dict(type='Pad', size_divisor=32),
            dict(type='ImageToTensor', keys=['img']),
            dict(type='Collect', keys=['img'])
        ])
]
data = dict(
    samples_per_gpu=2,
    workers_per_gpu=2,
    train=dict(
        type='CocoDataset',
        ann_file='data/coco/annotations/annotations_trai.json',
        img_prefix='data/coco/img/',
        pipeline=[
            dict(type='LoadImageFromFile'),
            dict(type='LoadAnnotations', with_bbox=True),
            dict(type='Resize', img_scale=(1550, 1550), keep_ratio=True),
            dict(type='RandomFlip', flip_ratio=0.5),
            dict(
                type='Normalize',
                mean=[123.675, 116.28, 103.53],
                std=[58.395, 57.12, 57.375],
                to_rgb=True),
            dict(type='Pad', size_divisor=32),
            dict(type='DefaultFormatBundle'),
            dict(type='Collect', keys=['img', 'gt_bboxes', 'gt_labels'])
        ]),
    val=dict(
        type='CocoDataset',
        ann_file='data/coco/annotations/annotations_test.json',
        img_prefix='data/coco/img/',
        pipeline=[
            dict(type='LoadImageFromFile'),
            dict(
                type='MultiScaleFlipAug',
                img_scale=(1550, 1550),
                flip=False,
                transforms=[
                    dict(type='Resize', keep_ratio=True),
                    dict(type='RandomFlip'),
                    dict(
                        type='Normalize',
                        mean=[123.675, 116.28, 103.53],
                        std=[58.395, 57.12, 57.375],
                        to_rgb=True),
                    dict(type='Pad', size_divisor=32),
                    dict(type='ImageToTensor', keys=['img']),
                    dict(type='Collect', keys=['img'])
                ])
        ]),
    test=dict(
        type='CocoDataset',
        ann_file='data/coco/annotations/annotations_vals.json',
        img_prefix='data/coco/img/',
        pipeline=[
            dict(type='LoadImageFromFile'),
            dict(
                type='MultiScaleFlipAug',
                img_scale=(1550, 1550),
                flip=False,
                transforms=[
                    dict(type='Resize', keep_ratio=True),
                    dict(type='RandomFlip'),
                    dict(
                        type='Normalize',
                        mean=[123.675, 116.28, 103.53],
                        std=[58.395, 57.12, 57.375],
                        to_rgb=True),
                    dict(type='Pad', size_divisor=32),
                    dict(type='ImageToTensor', keys=['img']),
                    dict(type='Collect', keys=['img'])
                ])
        ]))
evaluation = dict(interval=1, metric='bbox')
optimizer = dict(type='SGD', lr=0.01, momentum=0.9, weight_decay=0.0001)
optimizer_config = dict(grad_clip=None)
lr_config = dict(
    policy='step',
    warmup='linear',
    warmup_iters=500,
    warmup_ratio=0.001,
    step=[8, 11])
total_epochs = 4
checkpoint_config = dict(interval=4)
log_config = dict(interval=100, hooks=[dict(type='TextLoggerHook')])
dist_params = dict(backend='nccl')
log_level = 'INFO'
load_from = '/home/admin/.cache/torch/checkpoints/X.pth'
resume_from = None
workflow = [('train', 2), ('val', 1)]
work_dir = '/home/admin/jupyter/SecurityAI_Round5/data/work'
gpu_ids = range(0, 1)

2020-11-22 23:06:10,093 - mmdet - INFO - load model from: torchvision://resnet50
2020-11-22 23:06:18,126 - mmdet - WARNING - The model and loaded state dict do not match exactly

unexpected key in source state_dict: fc.weight, fc.bias

2020-11-22 23:06:28,545 - mmdet - INFO - load checkpoint from /home/admin/.cache/torch/checkpoints/X.pth
2020-11-22 23:06:35,486 - mmdet - INFO - Start running, host: admin@fuxilabor_labor0_S4_Odps_S96_dsw_prepaid_cnsh_838_2020112209220, work_dir: /home/admin/jupyter/SecurityAI_Round5/data/work
2020-11-22 23:06:35,486 - mmdet - INFO - workflow: [('train', 2), ('val', 1)], max: 4 epochs
2020-11-22 23:07:53,258 - mmdet - INFO - Epoch [1][100/625]	lr: 1.988e-03, eta: 0:31:01, time: 0.776, data_time: 0.033, memory: 8828, loss_rpn_cls: 0.0026, loss_rpn_bbox: 0.0289, loss_cls: 0.0317, acc: 98.6572, loss_bbox: 0.0742, loss: 0.1374
2020-11-22 23:09:08,509 - mmdet - INFO - Epoch [1][200/625]	lr: 3.986e-03, eta: 0:29:17, time: 0.753, data_time: 0.012, memory: 10047, loss_rpn_cls: 0.0027, loss_rpn_bbox: 0.0294, loss_cls: 0.0292, acc: 98.8496, loss_bbox: 0.0736, loss: 0.1349
2020-11-22 23:10:23,332 - mmdet - INFO - Epoch [1][300/625]	lr: 5.984e-03, eta: 0:27:49, time: 0.748, data_time: 0.012, memory: 10047, loss_rpn_cls: 0.0022, loss_rpn_bbox: 0.0267, loss_cls: 0.0294, acc: 98.7529, loss_bbox: 0.0681, loss: 0.1265
2020-11-22 23:11:38,015 - mmdet - INFO - Epoch [1][400/625]	lr: 7.982e-03, eta: 0:26:27, time: 0.747, data_time: 0.012, memory: 10047, loss_rpn_cls: 0.0026, loss_rpn_bbox: 0.0278, loss_cls: 0.0336, acc: 98.6260, loss_bbox: 0.0709, loss: 0.1349
2020-11-22 23:12:52,861 - mmdet - INFO - Epoch [1][500/625]	lr: 9.980e-03, eta: 0:25:08, time: 0.748, data_time: 0.012, memory: 10047, loss_rpn_cls: 0.0035, loss_rpn_bbox: 0.0313, loss_cls: 0.0360, acc: 98.4951, loss_bbox: 0.0772, loss: 0.1480
2020-11-22 23:14:07,746 - mmdet - INFO - Epoch [1][600/625]	lr: 1.000e-02, eta: 0:23:51, time: 0.749, data_time: 0.012, memory: 11907, loss_rpn_cls: 0.0032, loss_rpn_bbox: 0.0344, loss_cls: 0.0397, acc: 98.3896, loss_bbox: 0.0867, loss: 0.1640
2020-11-22 23:14:48,462 - mmdet - INFO - Evaluating bbox...
2020-11-22 23:14:50,223 - mmdet - INFO - Epoch [1][625/625]	lr: 1.000e-02, bbox_mAP: 0.8450, bbox_mAP_50: 0.9140, bbox_mAP_75: 0.9040, bbox_mAP_s: 0.6310, bbox_mAP_m: 0.8620, bbox_mAP_l: 0.9050, bbox_mAP_copypaste: 0.845 0.914 0.904 0.631 0.862 0.905
2020-11-22 23:16:07,612 - mmdet - INFO - Epoch [2][100/625]	lr: 1.000e-02, eta: 0:21:35, time: 0.772, data_time: 0.033, memory: 11907, loss_rpn_cls: 0.0029, loss_rpn_bbox: 0.0313, loss_cls: 0.0343, acc: 98.5498, loss_bbox: 0.0761, loss: 0.1446
2020-11-22 23:17:22,446 - mmdet - INFO - Epoch [2][200/625]	lr: 1.000e-02, eta: 0:20:26, time: 0.748, data_time: 0.012, memory: 11907, loss_rpn_cls: 0.0026, loss_rpn_bbox: 0.0320, loss_cls: 0.0342, acc: 98.6074, loss_bbox: 0.0769, loss: 0.1457
2020-11-22 23:18:37,245 - mmdet - INFO - Epoch [2][300/625]	lr: 1.000e-02, eta: 0:19:15, time: 0.748, data_time: 0.012, memory: 11907, loss_rpn_cls: 0.0030, loss_rpn_bbox: 0.0321, loss_cls: 0.0315, acc: 98.7314, loss_bbox: 0.0769, loss: 0.1435
2020-11-22 23:19:52,356 - mmdet - INFO - Epoch [2][400/625]	lr: 1.000e-02, eta: 0:18:05, time: 0.751, data_time: 0.012, memory: 11907, loss_rpn_cls: 0.0047, loss_rpn_bbox: 0.0395, loss_cls: 0.0413, acc: 98.2969, loss_bbox: 0.0870, loss: 0.1724
2020-11-22 23:21:07,089 - mmdet - INFO - Epoch [2][500/625]	lr: 1.000e-02, eta: 0:16:52, time: 0.747, data_time: 0.012, memory: 11907, loss_rpn_cls: 0.0023, loss_rpn_bbox: 0.0337, loss_cls: 0.0275, acc: 98.8516, loss_bbox: 0.0763, loss: 0.1399
2020-11-22 23:22:22,210 - mmdet - INFO - Epoch [2][600/625]	lr: 1.000e-02, eta: 0:15:40, time: 0.751, data_time: 0.012, memory: 11907, loss_rpn_cls: 0.0034, loss_rpn_bbox: 0.0353, loss_cls: 0.0343, acc: 98.5996, loss_bbox: 0.0768, loss: 0.1497
2020-11-22 23:23:02,764 - mmdet - INFO - Evaluating bbox...
2020-11-22 23:23:04,542 - mmdet - INFO - Epoch [2][625/625]	lr: 1.000e-02, bbox_mAP: 0.8550, bbox_mAP_50: 0.9240, bbox_mAP_75: 0.9090, bbox_mAP_s: 0.6310, bbox_mAP_m: 0.8650, bbox_mAP_l: 0.9210, bbox_mAP_copypaste: 0.855 0.924 0.909 0.631 0.865 0.921
2020-11-22 23:23:32,111 - mmdet - INFO - Epoch(train) [2][68]	loss_rpn_cls: 0.0030, loss_rpn_bbox: 0.0365, loss_cls: 0.0416, acc: 98.2221, loss_bbox: 0.0949, loss: 0.1760
2020-11-22 23:24:49,127 - mmdet - INFO - Epoch [3][100/625]	lr: 1.000e-02, eta: 0:13:55, time: 0.768, data_time: 0.033, memory: 11907, loss_rpn_cls: 0.0025, loss_rpn_bbox: 0.0320, loss_cls: 0.0301, acc: 98.7432, loss_bbox: 0.0761, loss: 0.1407
2020-11-22 23:26:03,927 - mmdet - INFO - Epoch [3][200/625]	lr: 1.000e-02, eta: 0:12:44, time: 0.748, data_time: 0.012, memory: 11907, loss_rpn_cls: 0.0032, loss_rpn_bbox: 0.0344, loss_cls: 0.0348, acc: 98.5596, loss_bbox: 0.0795, loss: 0.1519
2020-11-22 23:27:18,853 - mmdet - INFO - Epoch [3][300/625]	lr: 1.000e-02, eta: 0:11:32, time: 0.749, data_time: 0.012, memory: 11907, loss_rpn_cls: 0.0028, loss_rpn_bbox: 0.0329, loss_cls: 0.0316, acc: 98.7061, loss_bbox: 0.0781, loss: 0.1453
2020-11-22 23:28:33,892 - mmdet - INFO - Epoch [3][400/625]	lr: 1.000e-02, eta: 0:10:20, time: 0.750, data_time: 0.012, memory: 11907, loss_rpn_cls: 0.0029, loss_rpn_bbox: 0.0335, loss_cls: 0.0338, acc: 98.5918, loss_bbox: 0.0812, loss: 0.1513
2020-11-22 23:29:48,788 - mmdet - INFO - Epoch [3][500/625]	lr: 1.000e-02, eta: 0:09:08, time: 0.749, data_time: 0.012, memory: 11907, loss_rpn_cls: 0.0028, loss_rpn_bbox: 0.0322, loss_cls: 0.0319, acc: 98.6758, loss_bbox: 0.0798, loss: 0.1467
2020-11-22 23:31:03,673 - mmdet - INFO - Epoch [3][600/625]	lr: 1.000e-02, eta: 0:07:56, time: 0.749, data_time: 0.012, memory: 11907, loss_rpn_cls: 0.0040, loss_rpn_bbox: 0.0336, loss_cls: 0.0386, acc: 98.4443, loss_bbox: 0.0812, loss: 0.1575
2020-11-22 23:31:44,351 - mmdet - INFO - Evaluating bbox...
2020-11-22 23:31:46,058 - mmdet - INFO - Epoch [3][625/625]	lr: 1.000e-02, bbox_mAP: 0.8450, bbox_mAP_50: 0.9180, bbox_mAP_75: 0.9080, bbox_mAP_s: 0.6260, bbox_mAP_m: 0.8490, bbox_mAP_l: 0.9000, bbox_mAP_copypaste: 0.845 0.918 0.908 0.626 0.849 0.900
2020-11-22 23:33:03,263 - mmdet - INFO - Epoch [4][100/625]	lr: 1.000e-02, eta: 0:06:20, time: 0.770, data_time: 0.033, memory: 11907, loss_rpn_cls: 0.0024, loss_rpn_bbox: 0.0334, loss_cls: 0.0366, acc: 98.4189, loss_bbox: 0.0836, loss: 0.1560
2020-11-22 23:34:18,151 - mmdet - INFO - Epoch [4][200/625]	lr: 1.000e-02, eta: 0:05:08, time: 0.749, data_time: 0.012, memory: 11907, loss_rpn_cls: 0.0033, loss_rpn_bbox: 0.0302, loss_cls: 0.0331, acc: 98.6670, loss_bbox: 0.0744, loss: 0.1409
2020-11-22 23:35:33,092 - mmdet - INFO - Epoch [4][300/625]	lr: 1.000e-02, eta: 0:03:56, time: 0.749, data_time: 0.012, memory: 11907, loss_rpn_cls: 0.0028, loss_rpn_bbox: 0.0380, loss_cls: 0.0389, acc: 98.3330, loss_bbox: 0.0863, loss: 0.1659
2020-11-22 23:36:48,172 - mmdet - INFO - Epoch [4][400/625]	lr: 1.000e-02, eta: 0:02:43, time: 0.751, data_time: 0.012, memory: 11907, loss_rpn_cls: 0.0031, loss_rpn_bbox: 0.0341, loss_cls: 0.0316, acc: 98.6787, loss_bbox: 0.0755, loss: 0.1442
2020-11-22 23:38:03,278 - mmdet - INFO - Epoch [4][500/625]	lr: 1.000e-02, eta: 0:01:31, time: 0.751, data_time: 0.012, memory: 11907, loss_rpn_cls: 0.0034, loss_rpn_bbox: 0.0358, loss_cls: 0.0365, acc: 98.4482, loss_bbox: 0.0837, loss: 0.1594
2020-11-22 23:39:17,991 - mmdet - INFO - Epoch [4][600/625]	lr: 1.000e-02, eta: 0:00:18, time: 0.747, data_time: 0.012, memory: 11907, loss_rpn_cls: 0.0024, loss_rpn_bbox: 0.0314, loss_cls: 0.0290, acc: 98.8115, loss_bbox: 0.0709, loss: 0.1336
2020-11-22 23:39:36,652 - mmdet - INFO - Saving checkpoint at 4 epochs
2020-11-22 23:40:00,505 - mmdet - INFO - Evaluating bbox...
2020-11-22 23:40:02,170 - mmdet - INFO - Epoch [4][625/625]	lr: 1.000e-02, bbox_mAP: 0.8530, bbox_mAP_50: 0.9230, bbox_mAP_75: 0.9130, bbox_mAP_s: 0.6280, bbox_mAP_m: 0.8610, bbox_mAP_l: 0.9090, bbox_mAP_copypaste: 0.853 0.923 0.913 0.628 0.861 0.909
2020-11-22 23:40:29,983 - mmdet - INFO - Epoch(train) [4][68]	loss_rpn_cls: 0.0038, loss_rpn_bbox: 0.0415, loss_cls: 0.0438, acc: 98.1445, loss_bbox: 0.0968, loss: 0.1859
