2020-11-20 00:44:41,530 - mmdet - INFO - Environment info:
------------------------------------------------------------
sys.platform: linux
Python: 3.6.4 |Anaconda, Inc.| (default, Jan 16 2018, 18:10:19) [GCC 7.2.0]
CUDA available: True
CUDA_HOME: /usr/local/cuda
NVCC: Cuda compilation tools, release 10.0, V10.0.130
GPU 0: Tesla P100-PCIE-16GB
GCC: gcc (GCC) 5.3.0
PyTorch: 1.3.1+cu100
PyTorch compiling details: PyTorch built with:
  - GCC 7.3
  - Intel(R) Math Kernel Library Version 2019.0.4 Product Build 20190411 for Intel(R) 64 architecture applications
  - Intel(R) MKL-DNN v0.20.5 (Git Hash 0125f28c61c1f822fd48570b4c1066f96fcb9b2e)
  - OpenMP 201511 (a.k.a. OpenMP 4.5)
  - NNPACK is enabled
  - CUDA Runtime 10.0
  - NVCC architecture flags: -gencode;arch=compute_37,code=sm_37;-gencode;arch=compute_50,code=sm_50;-gencode;arch=compute_60,code=sm_60;-gencode;arch=compute_61,code=sm_61;-gencode;arch=compute_70,code=sm_70;-gencode;arch=compute_75,code=sm_75;-gencode;arch=compute_37,code=compute_37
  - CuDNN 7.6.3
  - Magma 2.5.1
  - Build settings: BLAS=MKL, BUILD_NAMEDTENSOR=OFF, BUILD_TYPE=Release, CXX_FLAGS= -Wno-deprecated -fvisibility-inlines-hidden -fopenmp -DUSE_FBGEMM -DUSE_QNNPACK -DUSE_PYTORCH_QNNPACK -O2 -fPIC -Wno-narrowing -Wall -Wextra -Wno-missing-field-initializers -Wno-type-limits -Wno-array-bounds -Wno-unknown-pragmas -Wno-sign-compare -Wno-unused-parameter -Wno-unused-variable -Wno-unused-function -Wno-unused-result -Wno-strict-overflow -Wno-strict-aliasing -Wno-error=deprecated-declarations -Wno-stringop-overflow -Wno-error=pedantic -Wno-error=redundant-decls -Wno-error=old-style-cast -fdiagnostics-color=always -faligned-new -Wno-unused-but-set-variable -Wno-maybe-uninitialized -fno-math-errno -fno-trapping-math -Wno-stringop-overflow, DISABLE_NUMA=1, PERF_WITH_AVX=1, PERF_WITH_AVX2=1, PERF_WITH_AVX512=1, USE_CUDA=True, USE_EXCEPTION_PTR=1, USE_GFLAGS=OFF, USE_GLOG=OFF, USE_MKL=ON, USE_MKLDNN=ON, USE_MPI=OFF, USE_NCCL=ON, USE_NNPACK=ON, USE_OPENMP=ON, USE_STATIC_DISPATCH=OFF, 

TorchVision: 0.4.2+cu100
OpenCV: 4.4.0
MMCV: 1.0.5
MMDetection: 2.3.0+788fa8d
MMDetection Compiler: GCC 7.3
MMDetection CUDA Compiler: 10.0
------------------------------------------------------------

2020-11-20 00:44:41,530 - mmdet - INFO - Distributed training: False
2020-11-20 00:44:41,916 - mmdet - INFO - Config:
model = dict(
    type='FasterRCNN',
    pretrained='torchvision://resnet50',
    backbone=dict(
        type='ResNet',
        depth=50,
        num_stages=4,
        out_indices=(0, 1, 2, 3),
        frozen_stages=1,
        norm_cfg=dict(type='BN', requires_grad=True),
        norm_eval=True,
        style='pytorch'),
    neck=dict(
        type='FPN',
        in_channels=[256, 512, 1024, 2048],
        out_channels=256,
        num_outs=5),
    rpn_head=dict(
        type='RPNHead',
        in_channels=256,
        feat_channels=256,
        anchor_generator=dict(
            type='AnchorGenerator',
            scales=[8],
            ratios=[0.5, 1.0, 2.0],
            strides=[4, 8, 16, 32, 64]),
        bbox_coder=dict(
            type='DeltaXYWHBBoxCoder',
            target_means=[0.0, 0.0, 0.0, 0.0],
            target_stds=[1.0, 1.0, 1.0, 1.0]),
        loss_cls=dict(
            type='CrossEntropyLoss', use_sigmoid=True, loss_weight=1.0),
        loss_bbox=dict(type='L1Loss', loss_weight=1.0)),
    roi_head=dict(
        type='StandardRoIHead',
        bbox_roi_extractor=dict(
            type='SingleRoIExtractor',
            roi_layer=dict(type='RoIAlign', output_size=7, sampling_ratio=0),
            out_channels=256,
            featmap_strides=[4, 8, 16, 32]),
        bbox_head=dict(
            type='Shared2FCBBoxHead',
            in_channels=256,
            fc_out_channels=1024,
            roi_feat_size=7,
            num_classes=2,
            bbox_coder=dict(
                type='DeltaXYWHBBoxCoder',
                target_means=[0.0, 0.0, 0.0, 0.0],
                target_stds=[0.1, 0.1, 0.2, 0.2]),
            reg_class_agnostic=False,
            loss_cls=dict(
                type='CrossEntropyLoss', use_sigmoid=False, loss_weight=1.0),
            loss_bbox=dict(type='L1Loss', loss_weight=1.0))))
train_cfg = dict(
    rpn=dict(
        assigner=dict(
            type='MaxIoUAssigner',
            pos_iou_thr=0.7,
            neg_iou_thr=0.3,
            min_pos_iou=0.3,
            match_low_quality=True,
            ignore_iof_thr=-1),
        sampler=dict(
            type='RandomSampler',
            num=256,
            pos_fraction=0.5,
            neg_pos_ub=-1,
            add_gt_as_proposals=False),
        allowed_border=-1,
        pos_weight=-1,
        debug=False),
    rpn_proposal=dict(
        nms_across_levels=False,
        nms_pre=2000,
        nms_post=1000,
        max_num=1000,
        nms_thr=0.7,
        min_bbox_size=0),
    rcnn=dict(
        assigner=dict(
            type='MaxIoUAssigner',
            pos_iou_thr=0.5,
            neg_iou_thr=0.5,
            min_pos_iou=0.5,
            match_low_quality=False,
            ignore_iof_thr=-1),
        sampler=dict(
            type='RandomSampler',
            num=512,
            pos_fraction=0.25,
            neg_pos_ub=-1,
            add_gt_as_proposals=True),
        pos_weight=-1,
        debug=False))
test_cfg = dict(
    rpn=dict(
        nms_across_levels=False,
        nms_pre=1000,
        nms_post=1000,
        max_num=1000,
        nms_thr=0.7,
        min_bbox_size=0),
    rcnn=dict(
        score_thr=0.05,
        nms=dict(type='nms', iou_threshold=0.5),
        max_per_img=100))
dataset_type = 'CocoDataset'
data_root = 'data/coco/'
img_norm_cfg = dict(
    mean=[123.675, 116.28, 103.53], std=[58.395, 57.12, 57.375], to_rgb=True)
train_pipeline = [
    dict(type='LoadImageFromFile'),
    dict(type='LoadAnnotations', with_bbox=True),
    dict(type='Resize', img_scale=(1550, 1550), keep_ratio=True),
    dict(type='RandomFlip', flip_ratio=0.5),
    dict(
        type='Normalize',
        mean=[123.675, 116.28, 103.53],
        std=[58.395, 57.12, 57.375],
        to_rgb=True),
    dict(type='Pad', size_divisor=32),
    dict(type='DefaultFormatBundle'),
    dict(type='Collect', keys=['img', 'gt_bboxes', 'gt_labels'])
]
test_pipeline = [
    dict(type='LoadImageFromFile'),
    dict(
        type='MultiScaleFlipAug',
        img_scale=(1550, 1550),
        flip=False,
        transforms=[
            dict(type='Resize', keep_ratio=True),
            dict(type='RandomFlip'),
            dict(
                type='Normalize',
                mean=[123.675, 116.28, 103.53],
                std=[58.395, 57.12, 57.375],
                to_rgb=True),
            dict(type='Pad', size_divisor=32),
            dict(type='ImageToTensor', keys=['img']),
            dict(type='Collect', keys=['img'])
        ])
]
data = dict(
    samples_per_gpu=2,
    workers_per_gpu=2,
    train=dict(
        type='CocoDataset',
        ann_file='data/coco/annotations/annotations_trai.json',
        img_prefix='data/coco/img/',
        pipeline=[
            dict(type='LoadImageFromFile'),
            dict(type='LoadAnnotations', with_bbox=True),
            dict(type='Resize', img_scale=(1550, 1550), keep_ratio=True),
            dict(type='RandomFlip', flip_ratio=0.5),
            dict(
                type='Normalize',
                mean=[123.675, 116.28, 103.53],
                std=[58.395, 57.12, 57.375],
                to_rgb=True),
            dict(type='Pad', size_divisor=32),
            dict(type='DefaultFormatBundle'),
            dict(type='Collect', keys=['img', 'gt_bboxes', 'gt_labels'])
        ]),
    val=dict(
        type='CocoDataset',
        ann_file='data/coco/annotations/annotations_test.json',
        img_prefix='data/coco/img/',
        pipeline=[
            dict(type='LoadImageFromFile'),
            dict(
                type='MultiScaleFlipAug',
                img_scale=(1550, 1550),
                flip=False,
                transforms=[
                    dict(type='Resize', keep_ratio=True),
                    dict(type='RandomFlip'),
                    dict(
                        type='Normalize',
                        mean=[123.675, 116.28, 103.53],
                        std=[58.395, 57.12, 57.375],
                        to_rgb=True),
                    dict(type='Pad', size_divisor=32),
                    dict(type='ImageToTensor', keys=['img']),
                    dict(type='Collect', keys=['img'])
                ])
        ]),
    test=dict(
        type='CocoDataset',
        ann_file='data/coco/annotations/annotations_vals.json',
        img_prefix='data/coco/img/',
        pipeline=[
            dict(type='LoadImageFromFile'),
            dict(
                type='MultiScaleFlipAug',
                img_scale=(1550, 1550),
                flip=False,
                transforms=[
                    dict(type='Resize', keep_ratio=True),
                    dict(type='RandomFlip'),
                    dict(
                        type='Normalize',
                        mean=[123.675, 116.28, 103.53],
                        std=[58.395, 57.12, 57.375],
                        to_rgb=True),
                    dict(type='Pad', size_divisor=32),
                    dict(type='ImageToTensor', keys=['img']),
                    dict(type='Collect', keys=['img'])
                ])
        ]))
evaluation = dict(interval=1, metric='bbox')
optimizer = dict(type='SGD', lr=0.01, momentum=0.9, weight_decay=0.0001)
optimizer_config = dict(grad_clip=None)
lr_config = dict(
    policy='step',
    warmup='linear',
    warmup_iters=500,
    warmup_ratio=0.001,
    step=[8, 11])
total_epochs = 4
checkpoint_config = dict(interval=4)
log_config = dict(interval=100, hooks=[dict(type='TextLoggerHook')])
dist_params = dict(backend='nccl')
log_level = 'INFO'
load_from = '/home/admin/.cache/torch/checkpoints/X.pth'
resume_from = None
workflow = [('train', 2), ('val', 1)]
work_dir = '/home/admin/jupyter/SecurityAI_Round5/data/work'
gpu_ids = range(0, 1)

2020-11-20 00:44:42,413 - mmdet - INFO - load model from: torchvision://resnet50
2020-11-20 00:44:50,546 - mmdet - WARNING - The model and loaded state dict do not match exactly

unexpected key in source state_dict: fc.weight, fc.bias

2020-11-20 00:45:00,830 - mmdet - INFO - load checkpoint from /home/admin/.cache/torch/checkpoints/X.pth
2020-11-20 00:45:07,453 - mmdet - INFO - Start running, host: admin@fuxilabor_labor0_S4_Odps_S96_dsw_prepaid_cnsh_838_2020111911384, work_dir: /home/admin/jupyter/SecurityAI_Round5/data/work
2020-11-20 00:45:07,454 - mmdet - INFO - workflow: [('train', 2), ('val', 1)], max: 4 epochs
2020-11-20 00:46:25,487 - mmdet - INFO - Epoch [1][100/628]	lr: 1.988e-03, eta: 0:31:17, time: 0.778, data_time: 0.034, memory: 11886, loss_rpn_cls: 0.0030, loss_rpn_bbox: 0.0362, loss_cls: 0.0359, acc: 98.5049, loss_bbox: 0.0824, loss: 0.1576
2020-11-20 00:47:40,615 - mmdet - INFO - Epoch [1][200/628]	lr: 3.986e-03, eta: 0:29:28, time: 0.751, data_time: 0.012, memory: 11886, loss_rpn_cls: 0.0026, loss_rpn_bbox: 0.0307, loss_cls: 0.0370, acc: 98.5039, loss_bbox: 0.0843, loss: 0.1547
2020-11-20 00:48:55,407 - mmdet - INFO - Epoch [1][300/628]	lr: 5.984e-03, eta: 0:27:59, time: 0.748, data_time: 0.012, memory: 11886, loss_rpn_cls: 0.0034, loss_rpn_bbox: 0.0324, loss_cls: 0.0307, acc: 98.7383, loss_bbox: 0.0769, loss: 0.1434
2020-11-20 00:50:10,201 - mmdet - INFO - Epoch [1][400/628]	lr: 7.982e-03, eta: 0:26:37, time: 0.748, data_time: 0.012, memory: 11886, loss_rpn_cls: 0.0032, loss_rpn_bbox: 0.0344, loss_cls: 0.0356, acc: 98.4551, loss_bbox: 0.0842, loss: 0.1574
2020-11-20 00:51:25,120 - mmdet - INFO - Epoch [1][500/628]	lr: 9.980e-03, eta: 0:25:18, time: 0.749, data_time: 0.012, memory: 11886, loss_rpn_cls: 0.0035, loss_rpn_bbox: 0.0375, loss_cls: 0.0385, acc: 98.3555, loss_bbox: 0.0876, loss: 0.1671
2020-11-20 00:52:39,987 - mmdet - INFO - Epoch [1][600/628]	lr: 1.000e-02, eta: 0:24:01, time: 0.749, data_time: 0.012, memory: 11886, loss_rpn_cls: 0.0044, loss_rpn_bbox: 0.0369, loss_cls: 0.0409, acc: 98.3613, loss_bbox: 0.0900, loss: 0.1722
2020-11-20 00:53:25,166 - mmdet - INFO - Evaluating bbox...
2020-11-20 00:53:27,192 - mmdet - INFO - Epoch [1][628/628]	lr: 1.000e-02, bbox_mAP: 0.8450, bbox_mAP_50: 0.9160, bbox_mAP_75: 0.9020, bbox_mAP_s: 0.6010, bbox_mAP_m: 0.8410, bbox_mAP_l: 0.9090, bbox_mAP_copypaste: 0.845 0.916 0.902 0.601 0.841 0.909
2020-11-20 00:54:44,593 - mmdet - INFO - Epoch [2][100/628]	lr: 1.000e-02, eta: 0:21:37, time: 0.772, data_time: 0.034, memory: 11886, loss_rpn_cls: 0.0035, loss_rpn_bbox: 0.0417, loss_cls: 0.0441, acc: 98.0703, loss_bbox: 0.0994, loss: 0.1886
2020-11-20 00:55:59,458 - mmdet - INFO - Epoch [2][200/628]	lr: 1.000e-02, eta: 0:20:29, time: 0.749, data_time: 0.013, memory: 11886, loss_rpn_cls: 0.0028, loss_rpn_bbox: 0.0369, loss_cls: 0.0372, acc: 98.4834, loss_bbox: 0.0854, loss: 0.1623
2020-11-20 00:57:15,693 - mmdet - INFO - Epoch [2][300/628]	lr: 1.000e-02, eta: 0:19:21, time: 0.762, data_time: 0.012, memory: 11886, loss_rpn_cls: 0.0021, loss_rpn_bbox: 0.0383, loss_cls: 0.0326, acc: 98.5684, loss_bbox: 0.0836, loss: 0.1566
2020-11-20 00:58:31,425 - mmdet - INFO - Epoch [2][400/628]	lr: 1.000e-02, eta: 0:18:11, time: 0.757, data_time: 0.012, memory: 11886, loss_rpn_cls: 0.0040, loss_rpn_bbox: 0.0402, loss_cls: 0.0423, acc: 98.2578, loss_bbox: 0.0956, loss: 0.1820
2020-11-20 00:59:46,581 - mmdet - INFO - Epoch [2][500/628]	lr: 1.000e-02, eta: 0:17:00, time: 0.752, data_time: 0.012, memory: 11912, loss_rpn_cls: 0.0045, loss_rpn_bbox: 0.0403, loss_cls: 0.0378, acc: 98.4219, loss_bbox: 0.0846, loss: 0.1672
2020-11-20 01:01:01,227 - mmdet - INFO - Epoch [2][600/628]	lr: 1.000e-02, eta: 0:15:47, time: 0.746, data_time: 0.012, memory: 11912, loss_rpn_cls: 0.0039, loss_rpn_bbox: 0.0351, loss_cls: 0.0373, acc: 98.4619, loss_bbox: 0.0823, loss: 0.1586
2020-11-20 01:01:46,018 - mmdet - INFO - Evaluating bbox...
2020-11-20 01:01:48,099 - mmdet - INFO - Epoch [2][628/628]	lr: 1.000e-02, bbox_mAP: 0.8430, bbox_mAP_50: 0.9120, bbox_mAP_75: 0.8970, bbox_mAP_s: 0.5910, bbox_mAP_m: 0.8350, bbox_mAP_l: 0.9070, bbox_mAP_copypaste: 0.843 0.912 0.897 0.591 0.835 0.907
2020-11-20 01:02:17,943 - mmdet - INFO - Epoch(train) [2][74]	loss_rpn_cls: 0.0043, loss_rpn_bbox: 0.0409, loss_cls: 0.0420, acc: 98.1868, loss_bbox: 0.0928, loss: 0.1800
2020-11-20 01:03:35,460 - mmdet - INFO - Epoch [3][100/628]	lr: 1.000e-02, eta: 0:13:58, time: 0.773, data_time: 0.034, memory: 11912, loss_rpn_cls: 0.0041, loss_rpn_bbox: 0.0382, loss_cls: 0.0359, acc: 98.5498, loss_bbox: 0.0877, loss: 0.1659
2020-11-20 01:04:50,276 - mmdet - INFO - Epoch [3][200/628]	lr: 1.000e-02, eta: 0:12:47, time: 0.748, data_time: 0.012, memory: 11912, loss_rpn_cls: 0.0033, loss_rpn_bbox: 0.0364, loss_cls: 0.0403, acc: 98.2383, loss_bbox: 0.0955, loss: 0.1756
2020-11-20 01:06:05,255 - mmdet - INFO - Epoch [3][300/628]	lr: 1.000e-02, eta: 0:11:36, time: 0.750, data_time: 0.012, memory: 11912, loss_rpn_cls: 0.0047, loss_rpn_bbox: 0.0387, loss_cls: 0.0424, acc: 98.2627, loss_bbox: 0.0944, loss: 0.1802
2020-11-20 01:07:20,174 - mmdet - INFO - Epoch [3][400/628]	lr: 1.000e-02, eta: 0:10:24, time: 0.749, data_time: 0.012, memory: 11912, loss_rpn_cls: 0.0032, loss_rpn_bbox: 0.0417, loss_cls: 0.0397, acc: 98.4072, loss_bbox: 0.0970, loss: 0.1817
2020-11-20 01:08:34,929 - mmdet - INFO - Epoch [3][500/628]	lr: 1.000e-02, eta: 0:09:12, time: 0.748, data_time: 0.012, memory: 11912, loss_rpn_cls: 0.0034, loss_rpn_bbox: 0.0393, loss_cls: 0.0401, acc: 98.3223, loss_bbox: 0.0927, loss: 0.1755
2020-11-20 01:09:49,666 - mmdet - INFO - Epoch [3][600/628]	lr: 1.000e-02, eta: 0:07:59, time: 0.747, data_time: 0.012, memory: 11912, loss_rpn_cls: 0.0040, loss_rpn_bbox: 0.0388, loss_cls: 0.0412, acc: 98.2998, loss_bbox: 0.0880, loss: 0.1721
2020-11-20 01:10:34,518 - mmdet - INFO - Evaluating bbox...
2020-11-20 01:10:36,572 - mmdet - INFO - Epoch [3][628/628]	lr: 1.000e-02, bbox_mAP: 0.8400, bbox_mAP_50: 0.9170, bbox_mAP_75: 0.9020, bbox_mAP_s: 0.5790, bbox_mAP_m: 0.8220, bbox_mAP_l: 0.9040, bbox_mAP_copypaste: 0.840 0.917 0.902 0.579 0.822 0.904
2020-11-20 01:11:54,035 - mmdet - INFO - Epoch [4][100/628]	lr: 1.000e-02, eta: 0:06:21, time: 0.773, data_time: 0.034, memory: 11912, loss_rpn_cls: 0.0028, loss_rpn_bbox: 0.0386, loss_cls: 0.0436, acc: 98.1631, loss_bbox: 0.1023, loss: 0.1873
2020-11-20 01:13:09,150 - mmdet - INFO - Epoch [4][200/628]	lr: 1.000e-02, eta: 0:05:10, time: 0.751, data_time: 0.012, memory: 11912, loss_rpn_cls: 0.0027, loss_rpn_bbox: 0.0350, loss_cls: 0.0308, acc: 98.7383, loss_bbox: 0.0782, loss: 0.1467
2020-11-20 01:14:24,009 - mmdet - INFO - Epoch [4][300/628]	lr: 1.000e-02, eta: 0:03:58, time: 0.749, data_time: 0.012, memory: 11912, loss_rpn_cls: 0.0033, loss_rpn_bbox: 0.0357, loss_cls: 0.0419, acc: 98.1826, loss_bbox: 0.0865, loss: 0.1674
2020-11-20 01:15:39,035 - mmdet - INFO - Epoch [4][400/628]	lr: 1.000e-02, eta: 0:02:45, time: 0.750, data_time: 0.012, memory: 11912, loss_rpn_cls: 0.0038, loss_rpn_bbox: 0.0383, loss_cls: 0.0397, acc: 98.3867, loss_bbox: 0.0918, loss: 0.1736
2020-11-20 01:16:53,977 - mmdet - INFO - Epoch [4][500/628]	lr: 1.000e-02, eta: 0:01:33, time: 0.749, data_time: 0.012, memory: 11912, loss_rpn_cls: 0.0048, loss_rpn_bbox: 0.0376, loss_cls: 0.0411, acc: 98.3701, loss_bbox: 0.0916, loss: 0.1750
2020-11-20 01:18:08,965 - mmdet - INFO - Epoch [4][600/628]	lr: 1.000e-02, eta: 0:00:20, time: 0.750, data_time: 0.012, memory: 11912, loss_rpn_cls: 0.0044, loss_rpn_bbox: 0.0422, loss_cls: 0.0426, acc: 98.1982, loss_bbox: 0.0990, loss: 0.1882
2020-11-20 01:18:29,746 - mmdet - INFO - Saving checkpoint at 4 epochs
2020-11-20 01:18:55,369 - mmdet - INFO - Evaluating bbox...
2020-11-20 01:18:57,382 - mmdet - INFO - Epoch [4][628/628]	lr: 1.000e-02, bbox_mAP: 0.8380, bbox_mAP_50: 0.9120, bbox_mAP_75: 0.8970, bbox_mAP_s: 0.5780, bbox_mAP_m: 0.8180, bbox_mAP_l: 0.9040, bbox_mAP_copypaste: 0.838 0.912 0.897 0.578 0.818 0.904
2020-11-20 01:19:27,312 - mmdet - INFO - Epoch(train) [4][74]	loss_rpn_cls: 0.0052, loss_rpn_bbox: 0.0460, loss_cls: 0.0463, acc: 98.0416, loss_bbox: 0.1022, loss: 0.1996
