2020-11-24 09:38:46,412 - mmdet - INFO - Environment info:
------------------------------------------------------------
sys.platform: linux
Python: 3.6.4 |Anaconda, Inc.| (default, Jan 16 2018, 18:10:19) [GCC 7.2.0]
CUDA available: True
CUDA_HOME: /usr/local/cuda
NVCC: Cuda compilation tools, release 10.0, V10.0.130
GPU 0: Tesla P100-PCIE-16GB
GCC: gcc (GCC) 5.3.0
PyTorch: 1.3.1+cu100
PyTorch compiling details: PyTorch built with:
  - GCC 7.3
  - Intel(R) Math Kernel Library Version 2019.0.4 Product Build 20190411 for Intel(R) 64 architecture applications
  - Intel(R) MKL-DNN v0.20.5 (Git Hash 0125f28c61c1f822fd48570b4c1066f96fcb9b2e)
  - OpenMP 201511 (a.k.a. OpenMP 4.5)
  - NNPACK is enabled
  - CUDA Runtime 10.0
  - NVCC architecture flags: -gencode;arch=compute_37,code=sm_37;-gencode;arch=compute_50,code=sm_50;-gencode;arch=compute_60,code=sm_60;-gencode;arch=compute_61,code=sm_61;-gencode;arch=compute_70,code=sm_70;-gencode;arch=compute_75,code=sm_75;-gencode;arch=compute_37,code=compute_37
  - CuDNN 7.6.3
  - Magma 2.5.1
  - Build settings: BLAS=MKL, BUILD_NAMEDTENSOR=OFF, BUILD_TYPE=Release, CXX_FLAGS= -Wno-deprecated -fvisibility-inlines-hidden -fopenmp -DUSE_FBGEMM -DUSE_QNNPACK -DUSE_PYTORCH_QNNPACK -O2 -fPIC -Wno-narrowing -Wall -Wextra -Wno-missing-field-initializers -Wno-type-limits -Wno-array-bounds -Wno-unknown-pragmas -Wno-sign-compare -Wno-unused-parameter -Wno-unused-variable -Wno-unused-function -Wno-unused-result -Wno-strict-overflow -Wno-strict-aliasing -Wno-error=deprecated-declarations -Wno-stringop-overflow -Wno-error=pedantic -Wno-error=redundant-decls -Wno-error=old-style-cast -fdiagnostics-color=always -faligned-new -Wno-unused-but-set-variable -Wno-maybe-uninitialized -fno-math-errno -fno-trapping-math -Wno-stringop-overflow, DISABLE_NUMA=1, PERF_WITH_AVX=1, PERF_WITH_AVX2=1, PERF_WITH_AVX512=1, USE_CUDA=True, USE_EXCEPTION_PTR=1, USE_GFLAGS=OFF, USE_GLOG=OFF, USE_MKL=ON, USE_MKLDNN=ON, USE_MPI=OFF, USE_NCCL=ON, USE_NNPACK=ON, USE_OPENMP=ON, USE_STATIC_DISPATCH=OFF, 

TorchVision: 0.4.2+cu100
OpenCV: 4.4.0
MMCV: 1.0.5
MMDetection: 2.3.0+788fa8d
MMDetection Compiler: GCC 7.3
MMDetection CUDA Compiler: 10.0
------------------------------------------------------------

2020-11-24 09:38:46,412 - mmdet - INFO - Distributed training: False
2020-11-24 09:38:46,798 - mmdet - INFO - Config:
model = dict(
    type='FasterRCNN',
    pretrained='torchvision://resnet50',
    backbone=dict(
        type='ResNet',
        depth=50,
        num_stages=4,
        out_indices=(0, 1, 2, 3),
        frozen_stages=1,
        norm_cfg=dict(type='BN', requires_grad=True),
        norm_eval=True,
        style='pytorch'),
    neck=dict(
        type='FPN',
        in_channels=[256, 512, 1024, 2048],
        out_channels=256,
        num_outs=5),
    rpn_head=dict(
        type='RPNHead',
        in_channels=256,
        feat_channels=256,
        anchor_generator=dict(
            type='AnchorGenerator',
            scales=[8],
            ratios=[0.5, 1.0, 2.0],
            strides=[4, 8, 16, 32, 64]),
        bbox_coder=dict(
            type='DeltaXYWHBBoxCoder',
            target_means=[0.0, 0.0, 0.0, 0.0],
            target_stds=[1.0, 1.0, 1.0, 1.0]),
        loss_cls=dict(
            type='CrossEntropyLoss', use_sigmoid=True, loss_weight=1.0),
        loss_bbox=dict(type='L1Loss', loss_weight=1.0)),
    roi_head=dict(
        type='StandardRoIHead',
        bbox_roi_extractor=dict(
            type='SingleRoIExtractor',
            roi_layer=dict(type='RoIAlign', output_size=7, sampling_ratio=0),
            out_channels=256,
            featmap_strides=[4, 8, 16, 32]),
        bbox_head=dict(
            type='Shared2FCBBoxHead',
            in_channels=256,
            fc_out_channels=1024,
            roi_feat_size=7,
            num_classes=2,
            bbox_coder=dict(
                type='DeltaXYWHBBoxCoder',
                target_means=[0.0, 0.0, 0.0, 0.0],
                target_stds=[0.1, 0.1, 0.2, 0.2]),
            reg_class_agnostic=False,
            loss_cls=dict(
                type='CrossEntropyLoss', use_sigmoid=False, loss_weight=1.0),
            loss_bbox=dict(type='L1Loss', loss_weight=1.0))))
train_cfg = dict(
    rpn=dict(
        assigner=dict(
            type='MaxIoUAssigner',
            pos_iou_thr=0.7,
            neg_iou_thr=0.3,
            min_pos_iou=0.3,
            match_low_quality=True,
            ignore_iof_thr=-1),
        sampler=dict(
            type='RandomSampler',
            num=256,
            pos_fraction=0.5,
            neg_pos_ub=-1,
            add_gt_as_proposals=False),
        allowed_border=-1,
        pos_weight=-1,
        debug=False),
    rpn_proposal=dict(
        nms_across_levels=False,
        nms_pre=2000,
        nms_post=1000,
        max_num=1000,
        nms_thr=0.7,
        min_bbox_size=0),
    rcnn=dict(
        assigner=dict(
            type='MaxIoUAssigner',
            pos_iou_thr=0.5,
            neg_iou_thr=0.5,
            min_pos_iou=0.5,
            match_low_quality=False,
            ignore_iof_thr=-1),
        sampler=dict(
            type='RandomSampler',
            num=512,
            pos_fraction=0.25,
            neg_pos_ub=-1,
            add_gt_as_proposals=True),
        pos_weight=-1,
        debug=False))
test_cfg = dict(
    rpn=dict(
        nms_across_levels=False,
        nms_pre=1000,
        nms_post=1000,
        max_num=1000,
        nms_thr=0.7,
        min_bbox_size=0),
    rcnn=dict(
        score_thr=0.05,
        nms=dict(type='nms', iou_threshold=0.5),
        max_per_img=100))
dataset_type = 'CocoDataset'
data_root = 'data/coco/'
img_norm_cfg = dict(
    mean=[123.675, 116.28, 103.53], std=[58.395, 57.12, 57.375], to_rgb=True)
train_pipeline = [
    dict(type='LoadImageFromFile'),
    dict(type='LoadAnnotations', with_bbox=True),
    dict(type='Resize', img_scale=(1550, 1550), keep_ratio=True),
    dict(type='RandomFlip', flip_ratio=0.5),
    dict(
        type='Normalize',
        mean=[123.675, 116.28, 103.53],
        std=[58.395, 57.12, 57.375],
        to_rgb=True),
    dict(type='Pad', size_divisor=32),
    dict(type='DefaultFormatBundle'),
    dict(type='Collect', keys=['img', 'gt_bboxes', 'gt_labels'])
]
test_pipeline = [
    dict(type='LoadImageFromFile'),
    dict(
        type='MultiScaleFlipAug',
        img_scale=(1550, 1550),
        flip=False,
        transforms=[
            dict(type='Resize', keep_ratio=True),
            dict(type='RandomFlip'),
            dict(
                type='Normalize',
                mean=[123.675, 116.28, 103.53],
                std=[58.395, 57.12, 57.375],
                to_rgb=True),
            dict(type='Pad', size_divisor=32),
            dict(type='ImageToTensor', keys=['img']),
            dict(type='Collect', keys=['img'])
        ])
]
data = dict(
    samples_per_gpu=2,
    workers_per_gpu=2,
    train=dict(
        type='CocoDataset',
        ann_file='data/coco/annotations/annotations_trai.json',
        img_prefix='data/coco/img/',
        pipeline=[
            dict(type='LoadImageFromFile'),
            dict(type='LoadAnnotations', with_bbox=True),
            dict(type='Resize', img_scale=(1550, 1550), keep_ratio=True),
            dict(type='RandomFlip', flip_ratio=0.5),
            dict(
                type='Normalize',
                mean=[123.675, 116.28, 103.53],
                std=[58.395, 57.12, 57.375],
                to_rgb=True),
            dict(type='Pad', size_divisor=32),
            dict(type='DefaultFormatBundle'),
            dict(type='Collect', keys=['img', 'gt_bboxes', 'gt_labels'])
        ]),
    val=dict(
        type='CocoDataset',
        ann_file='data/coco/annotations/annotations_test.json',
        img_prefix='data/coco/img/',
        pipeline=[
            dict(type='LoadImageFromFile'),
            dict(
                type='MultiScaleFlipAug',
                img_scale=(1550, 1550),
                flip=False,
                transforms=[
                    dict(type='Resize', keep_ratio=True),
                    dict(type='RandomFlip'),
                    dict(
                        type='Normalize',
                        mean=[123.675, 116.28, 103.53],
                        std=[58.395, 57.12, 57.375],
                        to_rgb=True),
                    dict(type='Pad', size_divisor=32),
                    dict(type='ImageToTensor', keys=['img']),
                    dict(type='Collect', keys=['img'])
                ])
        ]),
    test=dict(
        type='CocoDataset',
        ann_file='data/coco/annotations/annotations_vals.json',
        img_prefix='data/coco/img/',
        pipeline=[
            dict(type='LoadImageFromFile'),
            dict(
                type='MultiScaleFlipAug',
                img_scale=(1550, 1550),
                flip=False,
                transforms=[
                    dict(type='Resize', keep_ratio=True),
                    dict(type='RandomFlip'),
                    dict(
                        type='Normalize',
                        mean=[123.675, 116.28, 103.53],
                        std=[58.395, 57.12, 57.375],
                        to_rgb=True),
                    dict(type='Pad', size_divisor=32),
                    dict(type='ImageToTensor', keys=['img']),
                    dict(type='Collect', keys=['img'])
                ])
        ]))
evaluation = dict(interval=1, metric='bbox')
optimizer = dict(type='SGD', lr=0.01, momentum=0.9, weight_decay=0.0001)
optimizer_config = dict(grad_clip=None)
lr_config = dict(
    policy='step',
    warmup='linear',
    warmup_iters=500,
    warmup_ratio=0.001,
    step=[8, 11])
total_epochs = 4
checkpoint_config = dict(interval=4)
log_config = dict(interval=100, hooks=[dict(type='TextLoggerHook')])
dist_params = dict(backend='nccl')
log_level = 'INFO'
load_from = '/home/admin/.cache/torch/checkpoints/X.pth'
resume_from = None
workflow = [('train', 2), ('val', 1)]
work_dir = '/home/admin/jupyter/SecurityAI_Round5/data/work'
gpu_ids = range(0, 1)

2020-11-24 09:38:47,297 - mmdet - INFO - load model from: torchvision://resnet50
2020-11-24 09:38:55,317 - mmdet - WARNING - The model and loaded state dict do not match exactly

unexpected key in source state_dict: fc.weight, fc.bias

2020-11-24 09:39:05,709 - mmdet - INFO - load checkpoint from /home/admin/.cache/torch/checkpoints/X.pth
2020-11-24 09:39:12,261 - mmdet - INFO - Start running, host: admin@fuxilabor_labor0_S4_Odps_S96_dsw_prepaid_cnsh_838_2020112401190, work_dir: /home/admin/jupyter/SecurityAI_Round5/data/work
2020-11-24 09:39:12,261 - mmdet - INFO - workflow: [('train', 2), ('val', 1)], max: 4 epochs
2020-11-24 09:40:30,140 - mmdet - INFO - Epoch [1][100/632]	lr: 1.988e-03, eta: 0:31:26, time: 0.777, data_time: 0.034, memory: 11907, loss_rpn_cls: 0.0019, loss_rpn_bbox: 0.0256, loss_cls: 0.0288, acc: 98.8291, loss_bbox: 0.0695, loss: 0.1259
2020-11-24 09:41:44,907 - mmdet - INFO - Epoch [1][200/632]	lr: 3.986e-03, eta: 0:29:34, time: 0.748, data_time: 0.012, memory: 11907, loss_rpn_cls: 0.0017, loss_rpn_bbox: 0.0213, loss_cls: 0.0263, acc: 98.8799, loss_bbox: 0.0596, loss: 0.1089
2020-11-24 09:42:59,661 - mmdet - INFO - Epoch [1][300/632]	lr: 5.984e-03, eta: 0:28:07, time: 0.748, data_time: 0.012, memory: 11907, loss_rpn_cls: 0.0019, loss_rpn_bbox: 0.0212, loss_cls: 0.0276, acc: 98.8369, loss_bbox: 0.0570, loss: 0.1076
2020-11-24 09:44:14,468 - mmdet - INFO - Epoch [1][400/632]	lr: 7.982e-03, eta: 0:26:46, time: 0.748, data_time: 0.012, memory: 11907, loss_rpn_cls: 0.0018, loss_rpn_bbox: 0.0230, loss_cls: 0.0260, acc: 98.8955, loss_bbox: 0.0604, loss: 0.1113
2020-11-24 09:45:29,167 - mmdet - INFO - Epoch [1][500/632]	lr: 9.980e-03, eta: 0:25:27, time: 0.747, data_time: 0.012, memory: 11907, loss_rpn_cls: 0.0021, loss_rpn_bbox: 0.0273, loss_cls: 0.0266, acc: 98.8682, loss_bbox: 0.0639, loss: 0.1199
2020-11-24 09:46:44,000 - mmdet - INFO - Epoch [1][600/632]	lr: 1.000e-02, eta: 0:24:10, time: 0.748, data_time: 0.012, memory: 11907, loss_rpn_cls: 0.0018, loss_rpn_bbox: 0.0292, loss_cls: 0.0271, acc: 98.8408, loss_bbox: 0.0684, loss: 0.1266
2020-11-24 09:47:33,808 - mmdet - INFO - Evaluating bbox...
2020-11-24 09:47:35,930 - mmdet - INFO - Epoch [1][632/632]	lr: 1.000e-02, bbox_mAP: 0.8480, bbox_mAP_50: 0.9050, bbox_mAP_75: 0.8950, bbox_mAP_s: 0.6310, bbox_mAP_m: 0.8980, bbox_mAP_l: 0.9130, bbox_mAP_copypaste: 0.848 0.905 0.895 0.631 0.898 0.913
2020-11-24 09:48:53,086 - mmdet - INFO - Epoch [2][100/632]	lr: 1.000e-02, eta: 0:21:36, time: 0.770, data_time: 0.033, memory: 11907, loss_rpn_cls: 0.0019, loss_rpn_bbox: 0.0269, loss_cls: 0.0272, acc: 98.8848, loss_bbox: 0.0674, loss: 0.1234
2020-11-24 09:50:07,652 - mmdet - INFO - Epoch [2][200/632]	lr: 1.000e-02, eta: 0:20:29, time: 0.746, data_time: 0.012, memory: 11907, loss_rpn_cls: 0.0020, loss_rpn_bbox: 0.0255, loss_cls: 0.0257, acc: 98.9482, loss_bbox: 0.0639, loss: 0.1171
2020-11-24 09:51:22,736 - mmdet - INFO - Epoch [2][300/632]	lr: 1.000e-02, eta: 0:19:21, time: 0.751, data_time: 0.012, memory: 11907, loss_rpn_cls: 0.0021, loss_rpn_bbox: 0.0298, loss_cls: 0.0317, acc: 98.6426, loss_bbox: 0.0724, loss: 0.1360
2020-11-24 09:52:37,685 - mmdet - INFO - Epoch [2][400/632]	lr: 1.000e-02, eta: 0:18:11, time: 0.749, data_time: 0.012, memory: 11907, loss_rpn_cls: 0.0021, loss_rpn_bbox: 0.0298, loss_cls: 0.0323, acc: 98.5840, loss_bbox: 0.0724, loss: 0.1366
2020-11-24 09:53:52,638 - mmdet - INFO - Epoch [2][500/632]	lr: 1.000e-02, eta: 0:17:01, time: 0.750, data_time: 0.012, memory: 11907, loss_rpn_cls: 0.0027, loss_rpn_bbox: 0.0303, loss_cls: 0.0341, acc: 98.5361, loss_bbox: 0.0731, loss: 0.1402
2020-11-24 09:55:07,144 - mmdet - INFO - Epoch [2][600/632]	lr: 1.000e-02, eta: 0:15:49, time: 0.745, data_time: 0.012, memory: 11907, loss_rpn_cls: 0.0018, loss_rpn_bbox: 0.0288, loss_cls: 0.0258, acc: 98.9082, loss_bbox: 0.0635, loss: 0.1199
2020-11-24 09:55:56,988 - mmdet - INFO - Evaluating bbox...
2020-11-24 09:55:59,265 - mmdet - INFO - Epoch [2][632/632]	lr: 1.000e-02, bbox_mAP: 0.8430, bbox_mAP_50: 0.9000, bbox_mAP_75: 0.9000, bbox_mAP_s: 0.6180, bbox_mAP_m: 0.9070, bbox_mAP_l: 0.9130, bbox_mAP_copypaste: 0.843 0.900 0.900 0.618 0.907 0.913
2020-11-24 09:56:31,522 - mmdet - INFO - Epoch(train) [2][81]	loss_rpn_cls: 0.0026, loss_rpn_bbox: 0.0319, loss_cls: 0.0291, acc: 98.7932, loss_bbox: 0.0699, loss: 0.1335
2020-11-24 09:57:48,453 - mmdet - INFO - Epoch [3][100/632]	lr: 1.000e-02, eta: 0:13:55, time: 0.767, data_time: 0.033, memory: 11907, loss_rpn_cls: 0.0028, loss_rpn_bbox: 0.0277, loss_cls: 0.0266, acc: 98.8535, loss_bbox: 0.0650, loss: 0.1220
2020-11-24 09:59:03,481 - mmdet - INFO - Epoch [3][200/632]	lr: 1.000e-02, eta: 0:12:46, time: 0.750, data_time: 0.012, memory: 11907, loss_rpn_cls: 0.0029, loss_rpn_bbox: 0.0307, loss_cls: 0.0322, acc: 98.6240, loss_bbox: 0.0796, loss: 0.1454
2020-11-24 10:00:18,151 - mmdet - INFO - Epoch [3][300/632]	lr: 1.000e-02, eta: 0:11:35, time: 0.747, data_time: 0.012, memory: 11907, loss_rpn_cls: 0.0023, loss_rpn_bbox: 0.0283, loss_cls: 0.0329, acc: 98.5479, loss_bbox: 0.0697, loss: 0.1333
2020-11-24 10:01:32,861 - mmdet - INFO - Epoch [3][400/632]	lr: 1.000e-02, eta: 0:10:24, time: 0.747, data_time: 0.012, memory: 11907, loss_rpn_cls: 0.0020, loss_rpn_bbox: 0.0280, loss_cls: 0.0306, acc: 98.7227, loss_bbox: 0.0695, loss: 0.1301
2020-11-24 10:02:47,489 - mmdet - INFO - Epoch [3][500/632]	lr: 1.000e-02, eta: 0:09:13, time: 0.746, data_time: 0.012, memory: 11907, loss_rpn_cls: 0.0034, loss_rpn_bbox: 0.0285, loss_cls: 0.0305, acc: 98.7500, loss_bbox: 0.0687, loss: 0.1312
2020-11-24 10:04:02,347 - mmdet - INFO - Epoch [3][600/632]	lr: 1.000e-02, eta: 0:08:02, time: 0.749, data_time: 0.012, memory: 11907, loss_rpn_cls: 0.0020, loss_rpn_bbox: 0.0300, loss_cls: 0.0256, acc: 98.9180, loss_bbox: 0.0691, loss: 0.1266
2020-11-24 10:04:52,040 - mmdet - INFO - Evaluating bbox...
2020-11-24 10:04:54,191 - mmdet - INFO - Epoch [3][632/632]	lr: 1.000e-02, bbox_mAP: 0.8430, bbox_mAP_50: 0.8950, bbox_mAP_75: 0.8860, bbox_mAP_s: 0.6220, bbox_mAP_m: 0.9090, bbox_mAP_l: 0.9110, bbox_mAP_copypaste: 0.843 0.895 0.886 0.622 0.909 0.911
2020-11-24 10:06:11,261 - mmdet - INFO - Epoch [4][100/632]	lr: 1.000e-02, eta: 0:06:21, time: 0.769, data_time: 0.034, memory: 11907, loss_rpn_cls: 0.0022, loss_rpn_bbox: 0.0301, loss_cls: 0.0285, acc: 98.8691, loss_bbox: 0.0748, loss: 0.1357
2020-11-24 10:07:25,702 - mmdet - INFO - Epoch [4][200/632]	lr: 1.000e-02, eta: 0:05:10, time: 0.744, data_time: 0.012, memory: 11907, loss_rpn_cls: 0.0023, loss_rpn_bbox: 0.0280, loss_cls: 0.0318, acc: 98.6357, loss_bbox: 0.0692, loss: 0.1313
2020-11-24 10:08:40,568 - mmdet - INFO - Epoch [4][300/632]	lr: 1.000e-02, eta: 0:03:58, time: 0.749, data_time: 0.012, memory: 11907, loss_rpn_cls: 0.0032, loss_rpn_bbox: 0.0296, loss_cls: 0.0289, acc: 98.8242, loss_bbox: 0.0730, loss: 0.1347
2020-11-24 10:09:55,250 - mmdet - INFO - Epoch [4][400/632]	lr: 1.000e-02, eta: 0:02:47, time: 0.747, data_time: 0.012, memory: 11907, loss_rpn_cls: 0.0026, loss_rpn_bbox: 0.0281, loss_cls: 0.0298, acc: 98.7891, loss_bbox: 0.0681, loss: 0.1286
2020-11-24 10:11:10,198 - mmdet - INFO - Epoch [4][500/632]	lr: 1.000e-02, eta: 0:01:35, time: 0.749, data_time: 0.012, memory: 11907, loss_rpn_cls: 0.0017, loss_rpn_bbox: 0.0273, loss_cls: 0.0238, acc: 99.0205, loss_bbox: 0.0636, loss: 0.1165
2020-11-24 10:12:24,811 - mmdet - INFO - Epoch [4][600/632]	lr: 1.000e-02, eta: 0:00:23, time: 0.746, data_time: 0.012, memory: 11907, loss_rpn_cls: 0.0022, loss_rpn_bbox: 0.0295, loss_cls: 0.0339, acc: 98.5186, loss_bbox: 0.0739, loss: 0.1396
2020-11-24 10:12:48,606 - mmdet - INFO - Saving checkpoint at 4 epochs
2020-11-24 10:13:16,255 - mmdet - INFO - Evaluating bbox...
2020-11-24 10:13:18,442 - mmdet - INFO - Epoch [4][632/632]	lr: 1.000e-02, bbox_mAP: 0.8420, bbox_mAP_50: 0.8950, bbox_mAP_75: 0.8900, bbox_mAP_s: 0.6190, bbox_mAP_m: 0.8990, bbox_mAP_l: 0.9100, bbox_mAP_copypaste: 0.842 0.895 0.890 0.619 0.899 0.910
2020-11-24 10:13:50,724 - mmdet - INFO - Epoch(train) [4][81]	loss_rpn_cls: 0.0027, loss_rpn_bbox: 0.0305, loss_cls: 0.0320, acc: 98.7112, loss_bbox: 0.0731, loss: 0.1382
