2020-11-09 15:08:12,857 - mmdet - INFO - Environment info:
------------------------------------------------------------
sys.platform: linux
Python: 3.6.4 |Anaconda, Inc.| (default, Jan 16 2018, 18:10:19) [GCC 7.2.0]
CUDA available: True
CUDA_HOME: /usr/local/cuda
NVCC: Cuda compilation tools, release 10.0, V10.0.130
GPU 0: Tesla P100-PCIE-16GB
GCC: gcc (GCC) 5.3.0
PyTorch: 1.3.1+cu100
PyTorch compiling details: PyTorch built with:
  - GCC 7.3
  - Intel(R) Math Kernel Library Version 2019.0.4 Product Build 20190411 for Intel(R) 64 architecture applications
  - Intel(R) MKL-DNN v0.20.5 (Git Hash 0125f28c61c1f822fd48570b4c1066f96fcb9b2e)
  - OpenMP 201511 (a.k.a. OpenMP 4.5)
  - NNPACK is enabled
  - CUDA Runtime 10.0
  - NVCC architecture flags: -gencode;arch=compute_37,code=sm_37;-gencode;arch=compute_50,code=sm_50;-gencode;arch=compute_60,code=sm_60;-gencode;arch=compute_61,code=sm_61;-gencode;arch=compute_70,code=sm_70;-gencode;arch=compute_75,code=sm_75;-gencode;arch=compute_37,code=compute_37
  - CuDNN 7.6.3
  - Magma 2.5.1
  - Build settings: BLAS=MKL, BUILD_NAMEDTENSOR=OFF, BUILD_TYPE=Release, CXX_FLAGS= -Wno-deprecated -fvisibility-inlines-hidden -fopenmp -DUSE_FBGEMM -DUSE_QNNPACK -DUSE_PYTORCH_QNNPACK -O2 -fPIC -Wno-narrowing -Wall -Wextra -Wno-missing-field-initializers -Wno-type-limits -Wno-array-bounds -Wno-unknown-pragmas -Wno-sign-compare -Wno-unused-parameter -Wno-unused-variable -Wno-unused-function -Wno-unused-result -Wno-strict-overflow -Wno-strict-aliasing -Wno-error=deprecated-declarations -Wno-stringop-overflow -Wno-error=pedantic -Wno-error=redundant-decls -Wno-error=old-style-cast -fdiagnostics-color=always -faligned-new -Wno-unused-but-set-variable -Wno-maybe-uninitialized -fno-math-errno -fno-trapping-math -Wno-stringop-overflow, DISABLE_NUMA=1, PERF_WITH_AVX=1, PERF_WITH_AVX2=1, PERF_WITH_AVX512=1, USE_CUDA=True, USE_EXCEPTION_PTR=1, USE_GFLAGS=OFF, USE_GLOG=OFF, USE_MKL=ON, USE_MKLDNN=ON, USE_MPI=OFF, USE_NCCL=ON, USE_NNPACK=ON, USE_OPENMP=ON, USE_STATIC_DISPATCH=OFF, 

TorchVision: 0.4.2+cu100
OpenCV: 4.4.0
MMCV: 1.0.5
MMDetection: 2.3.0+788fa8d
MMDetection Compiler: GCC 7.3
MMDetection CUDA Compiler: 10.0
------------------------------------------------------------

2020-11-09 15:08:12,857 - mmdet - INFO - Distributed training: False
2020-11-09 15:08:13,248 - mmdet - INFO - Config:
model = dict(
    type='FasterRCNN',
    pretrained='torchvision://resnet50',
    backbone=dict(
        type='ResNet',
        depth=50,
        num_stages=4,
        out_indices=(0, 1, 2, 3),
        frozen_stages=1,
        norm_cfg=dict(type='BN', requires_grad=True),
        norm_eval=True,
        style='pytorch'),
    neck=dict(
        type='FPN',
        in_channels=[256, 512, 1024, 2048],
        out_channels=256,
        num_outs=5),
    rpn_head=dict(
        type='RPNHead',
        in_channels=256,
        feat_channels=256,
        anchor_generator=dict(
            type='AnchorGenerator',
            scales=[8],
            ratios=[0.5, 1.0, 2.0],
            strides=[4, 8, 16, 32, 64]),
        bbox_coder=dict(
            type='DeltaXYWHBBoxCoder',
            target_means=[0.0, 0.0, 0.0, 0.0],
            target_stds=[1.0, 1.0, 1.0, 1.0]),
        loss_cls=dict(
            type='CrossEntropyLoss', use_sigmoid=True, loss_weight=1.0),
        loss_bbox=dict(type='L1Loss', loss_weight=1.0)),
    roi_head=dict(
        type='StandardRoIHead',
        bbox_roi_extractor=dict(
            type='SingleRoIExtractor',
            roi_layer=dict(type='RoIAlign', output_size=7, sampling_ratio=0),
            out_channels=256,
            featmap_strides=[4, 8, 16, 32]),
        bbox_head=dict(
            type='Shared2FCBBoxHead',
            in_channels=256,
            fc_out_channels=1024,
            roi_feat_size=7,
            num_classes=2,
            bbox_coder=dict(
                type='DeltaXYWHBBoxCoder',
                target_means=[0.0, 0.0, 0.0, 0.0],
                target_stds=[0.1, 0.1, 0.2, 0.2]),
            reg_class_agnostic=False,
            loss_cls=dict(
                type='CrossEntropyLoss', use_sigmoid=False, loss_weight=1.0),
            loss_bbox=dict(type='L1Loss', loss_weight=1.0))))
train_cfg = dict(
    rpn=dict(
        assigner=dict(
            type='MaxIoUAssigner',
            pos_iou_thr=0.7,
            neg_iou_thr=0.3,
            min_pos_iou=0.3,
            match_low_quality=True,
            ignore_iof_thr=-1),
        sampler=dict(
            type='RandomSampler',
            num=256,
            pos_fraction=0.5,
            neg_pos_ub=-1,
            add_gt_as_proposals=False),
        allowed_border=-1,
        pos_weight=-1,
        debug=False),
    rpn_proposal=dict(
        nms_across_levels=False,
        nms_pre=2000,
        nms_post=1000,
        max_num=1000,
        nms_thr=0.7,
        min_bbox_size=0),
    rcnn=dict(
        assigner=dict(
            type='MaxIoUAssigner',
            pos_iou_thr=0.5,
            neg_iou_thr=0.5,
            min_pos_iou=0.5,
            match_low_quality=False,
            ignore_iof_thr=-1),
        sampler=dict(
            type='RandomSampler',
            num=512,
            pos_fraction=0.25,
            neg_pos_ub=-1,
            add_gt_as_proposals=True),
        pos_weight=-1,
        debug=False))
test_cfg = dict(
    rpn=dict(
        nms_across_levels=False,
        nms_pre=1000,
        nms_post=1000,
        max_num=1000,
        nms_thr=0.7,
        min_bbox_size=0),
    rcnn=dict(
        score_thr=0.05,
        nms=dict(type='nms', iou_threshold=0.5),
        max_per_img=100))
dataset_type = 'CocoDataset'
data_root = 'data/coco/'
img_norm_cfg = dict(
    mean=[123.675, 116.28, 103.53], std=[58.395, 57.12, 57.375], to_rgb=True)
train_pipeline = [
    dict(type='LoadImageFromFile'),
    dict(type='LoadAnnotations', with_bbox=True),
    dict(type='Resize', img_scale=(310, 310), keep_ratio=True),
    dict(type='RandomFlip', flip_ratio=0.5),
    dict(
        type='Normalize',
        mean=[123.675, 116.28, 103.53],
        std=[58.395, 57.12, 57.375],
        to_rgb=True),
    dict(type='Pad', size_divisor=32),
    dict(type='DefaultFormatBundle'),
    dict(type='Collect', keys=['img', 'gt_bboxes', 'gt_labels'])
]
test_pipeline = [
    dict(type='LoadImageFromFile'),
    dict(
        type='MultiScaleFlipAug',
        img_scale=(310, 310),
        flip=False,
        transforms=[
            dict(type='Resize', keep_ratio=True),
            dict(type='RandomFlip'),
            dict(
                type='Normalize',
                mean=[123.675, 116.28, 103.53],
                std=[58.395, 57.12, 57.375],
                to_rgb=True),
            dict(type='Pad', size_divisor=32),
            dict(type='ImageToTensor', keys=['img']),
            dict(type='Collect', keys=['img'])
        ])
]
data = dict(
    samples_per_gpu=4,
    workers_per_gpu=4,
    train=dict(
        type='CocoDataset',
        ann_file='data/coco/annotations/annotations_trai.json',
        img_prefix='data/coco/img/',
        pipeline=[
            dict(type='LoadImageFromFile'),
            dict(type='LoadAnnotations', with_bbox=True),
            dict(type='Resize', img_scale=(310, 310), keep_ratio=True),
            dict(type='RandomFlip', flip_ratio=0.5),
            dict(
                type='Normalize',
                mean=[123.675, 116.28, 103.53],
                std=[58.395, 57.12, 57.375],
                to_rgb=True),
            dict(type='Pad', size_divisor=32),
            dict(type='DefaultFormatBundle'),
            dict(type='Collect', keys=['img', 'gt_bboxes', 'gt_labels'])
        ]),
    val=dict(
        type='CocoDataset',
        ann_file='data/coco/annotations/annotations_test.json',
        img_prefix='data/coco/img/',
        pipeline=[
            dict(type='LoadImageFromFile'),
            dict(
                type='MultiScaleFlipAug',
                img_scale=(310, 310),
                flip=False,
                transforms=[
                    dict(type='Resize', keep_ratio=True),
                    dict(type='RandomFlip'),
                    dict(
                        type='Normalize',
                        mean=[123.675, 116.28, 103.53],
                        std=[58.395, 57.12, 57.375],
                        to_rgb=True),
                    dict(type='Pad', size_divisor=32),
                    dict(type='ImageToTensor', keys=['img']),
                    dict(type='Collect', keys=['img'])
                ])
        ]),
    test=dict(
        type='CocoDataset',
        ann_file='data/coco/annotations/annotations_vals.json',
        img_prefix='data/coco/img/',
        pipeline=[
            dict(type='LoadImageFromFile'),
            dict(
                type='MultiScaleFlipAug',
                img_scale=(310, 310),
                flip=False,
                transforms=[
                    dict(type='Resize', keep_ratio=True),
                    dict(type='RandomFlip'),
                    dict(
                        type='Normalize',
                        mean=[123.675, 116.28, 103.53],
                        std=[58.395, 57.12, 57.375],
                        to_rgb=True),
                    dict(type='Pad', size_divisor=32),
                    dict(type='ImageToTensor', keys=['img']),
                    dict(type='Collect', keys=['img'])
                ])
        ]))
evaluation = dict(interval=1, metric='bbox')
optimizer = dict(type='SGD', lr=0.02, momentum=0.9, weight_decay=0.0001)
optimizer_config = dict(grad_clip=None)
lr_config = dict(
    policy='step',
    warmup='linear',
    warmup_iters=500,
    warmup_ratio=0.001,
    step=[8, 11])
total_epochs = 50
checkpoint_config = dict(interval=25)
log_config = dict(interval=2, hooks=[dict(type='TextLoggerHook')])
dist_params = dict(backend='nccl')
log_level = 'INFO'
load_from = None
resume_from = None
workflow = [('train', 2), ('val', 1)]
work_dir = '/home/admin/jupyter/SecurityAI_Round5/data/work'
gpu_ids = range(0, 1)

2020-11-09 15:08:13,758 - mmdet - INFO - load model from: torchvision://resnet50
2020-11-09 15:08:22,024 - mmdet - WARNING - The model and loaded state dict do not match exactly

unexpected key in source state_dict: fc.weight, fc.bias

2020-11-09 15:08:33,543 - mmdet - INFO - Start running, host: admin@fuxilabor_labor0_S4_Odps_S96_dsw_prepaid_cnsh_838_2020110906395, work_dir: /home/admin/jupyter/SecurityAI_Round5/data/work
2020-11-09 15:08:33,543 - mmdet - INFO - workflow: [('train', 2), ('val', 1)], max: 50 epochs
2020-11-09 15:08:36,629 - mmdet - INFO - Epoch [1][2/2772]	lr: 5.996e-05, eta: 2 days, 10:41:18, time: 1.524, data_time: 1.094, memory: 1217, loss_rpn_cls: 0.6960, loss_rpn_bbox: 0.0783, loss_cls: 1.0000, acc: 63.3789, loss_bbox: 0.0096, loss: 1.7839
2020-11-09 15:08:37,056 - mmdet - INFO - Epoch [1][4/2772]	lr: 1.399e-04, eta: 1 day, 9:27:46, time: 0.214, data_time: 0.020, memory: 1217, loss_rpn_cls: 0.6953, loss_rpn_bbox: 0.2953, loss_cls: 0.9054, acc: 86.0107, loss_bbox: 0.0072, loss: 1.9032
2020-11-09 15:08:37,487 - mmdet - INFO - Epoch [1][6/2772]	lr: 2.198e-04, eta: 1 day, 1:04:27, time: 0.216, data_time: 0.025, memory: 1217, loss_rpn_cls: 0.6942, loss_rpn_bbox: 0.1858, loss_cls: 0.7600, acc: 95.9229, loss_bbox: 0.0225, loss: 1.6625
2020-11-09 15:08:37,919 - mmdet - INFO - Epoch [1][8/2772]	lr: 2.997e-04, eta: 20:52:47, time: 0.216, data_time: 0.020, memory: 1217, loss_rpn_cls: 0.6909, loss_rpn_bbox: 0.1359, loss_cls: 0.4832, acc: 96.3135, loss_bbox: 0.0189, loss: 1.3288
2020-11-09 15:08:38,339 - mmdet - INFO - Epoch [1][10/2772]	lr: 3.796e-04, eta: 18:19:14, time: 0.210, data_time: 0.022, memory: 1217, loss_rpn_cls: 0.6876, loss_rpn_bbox: 0.0972, loss_cls: 0.2695, acc: 98.3398, loss_bbox: 0.0199, loss: 1.0743
2020-11-09 15:08:38,772 - mmdet - INFO - Epoch [1][12/2772]	lr: 4.596e-04, eta: 16:39:22, time: 0.217, data_time: 0.024, memory: 1217, loss_rpn_cls: 0.6843, loss_rpn_bbox: 0.1548, loss_cls: 0.1859, acc: 97.5830, loss_bbox: 0.0201, loss: 1.0451
2020-11-09 15:08:39,209 - mmdet - INFO - Epoch [1][14/2772]	lr: 5.395e-04, eta: 15:28:43, time: 0.219, data_time: 0.022, memory: 1217, loss_rpn_cls: 0.6764, loss_rpn_bbox: 0.1747, loss_cls: 0.2777, acc: 96.5576, loss_bbox: 0.0421, loss: 1.1708
2020-11-09 15:08:39,655 - mmdet - INFO - Epoch [1][16/2772]	lr: 6.194e-04, eta: 14:37:04, time: 0.223, data_time: 0.023, memory: 1217, loss_rpn_cls: 0.6514, loss_rpn_bbox: 0.1113, loss_cls: 0.3966, acc: 95.9473, loss_bbox: 0.0680, loss: 1.2272
2020-11-09 15:08:40,103 - mmdet - INFO - Epoch [1][18/2772]	lr: 6.993e-04, eta: 13:57:02, time: 0.224, data_time: 0.023, memory: 1217, loss_rpn_cls: 0.6406, loss_rpn_bbox: 0.1770, loss_cls: 0.4226, acc: 95.9473, loss_bbox: 0.0605, loss: 1.3008
2020-11-09 15:08:40,567 - mmdet - INFO - Epoch [1][20/2772]	lr: 7.792e-04, eta: 13:26:55, time: 0.232, data_time: 0.022, memory: 1217, loss_rpn_cls: 0.6337, loss_rpn_bbox: 0.2145, loss_cls: 0.6684, acc: 92.9199, loss_bbox: 0.1141, loss: 1.6307
2020-11-09 15:08:41,026 - mmdet - INFO - Epoch [1][22/2772]	lr: 8.592e-04, eta: 13:01:42, time: 0.229, data_time: 0.021, memory: 1217, loss_rpn_cls: 0.6256, loss_rpn_bbox: 0.1676, loss_cls: 0.2992, acc: 95.9473, loss_bbox: 0.0879, loss: 1.1803
2020-11-09 15:08:41,506 - mmdet - INFO - Epoch [1][24/2772]	lr: 9.391e-04, eta: 12:42:46, time: 0.240, data_time: 0.021, memory: 1217, loss_rpn_cls: 0.6221, loss_rpn_bbox: 0.1655, loss_cls: 0.2369, acc: 95.6055, loss_bbox: 0.1233, loss: 1.1479
2020-11-09 15:08:41,963 - mmdet - INFO - Epoch [1][26/2772]	lr: 1.019e-03, eta: 12:24:41, time: 0.229, data_time: 0.021, memory: 1217, loss_rpn_cls: 0.6226, loss_rpn_bbox: 0.1587, loss_cls: 0.2110, acc: 95.5078, loss_bbox: 0.1256, loss: 1.1179
2020-11-09 15:08:42,434 - mmdet - INFO - Epoch [1][28/2772]	lr: 1.099e-03, eta: 12:10:22, time: 0.236, data_time: 0.022, memory: 1217, loss_rpn_cls: 0.6028, loss_rpn_bbox: 0.1450, loss_cls: 0.2831, acc: 93.9697, loss_bbox: 0.1082, loss: 1.1391
2020-11-09 15:08:42,903 - mmdet - INFO - Epoch [1][30/2772]	lr: 1.179e-03, eta: 11:57:43, time: 0.234, data_time: 0.022, memory: 1217, loss_rpn_cls: 0.5906, loss_rpn_bbox: 0.1244, loss_cls: 0.2919, acc: 93.1152, loss_bbox: 0.1078, loss: 1.1148
2020-11-09 15:08:43,361 - mmdet - INFO - Epoch [1][32/2772]	lr: 1.259e-03, eta: 11:45:54, time: 0.229, data_time: 0.022, memory: 1217, loss_rpn_cls: 0.5620, loss_rpn_bbox: 0.1296, loss_cls: 0.1969, acc: 95.8740, loss_bbox: 0.1424, loss: 1.0309
2020-11-09 15:08:43,820 - mmdet - INFO - Epoch [1][34/2772]	lr: 1.339e-03, eta: 11:35:33, time: 0.230, data_time: 0.022, memory: 1217, loss_rpn_cls: 0.5223, loss_rpn_bbox: 0.1228, loss_cls: 0.2065, acc: 95.5811, loss_bbox: 0.1313, loss: 0.9829
2020-11-09 15:08:44,289 - mmdet - INFO - Epoch [1][36/2772]	lr: 1.419e-03, eta: 11:27:00, time: 0.235, data_time: 0.022, memory: 1217, loss_rpn_cls: 0.5350, loss_rpn_bbox: 0.1942, loss_cls: 0.2693, acc: 93.5547, loss_bbox: 0.0635, loss: 1.0620
2020-11-09 15:08:44,749 - mmdet - INFO - Epoch [1][38/2772]	lr: 1.499e-03, eta: 11:18:48, time: 0.230, data_time: 0.022, memory: 1217, loss_rpn_cls: 0.4426, loss_rpn_bbox: 0.1146, loss_cls: 0.2431, acc: 94.5557, loss_bbox: 0.1594, loss: 0.9597
2020-11-09 15:08:45,215 - mmdet - INFO - Epoch [1][40/2772]	lr: 1.578e-03, eta: 11:11:45, time: 0.233, data_time: 0.022, memory: 1217, loss_rpn_cls: 0.4252, loss_rpn_bbox: 0.1232, loss_cls: 0.2000, acc: 95.6299, loss_bbox: 0.0931, loss: 0.8415
2020-11-09 15:08:45,675 - mmdet - INFO - Epoch [1][42/2772]	lr: 1.658e-03, eta: 11:05:01, time: 0.230, data_time: 0.022, memory: 1217, loss_rpn_cls: 0.3473, loss_rpn_bbox: 0.0774, loss_cls: 0.1967, acc: 95.9961, loss_bbox: 0.1031, loss: 0.7245
2020-11-09 15:08:46,144 - mmdet - INFO - Epoch [1][44/2772]	lr: 1.738e-03, eta: 10:59:25, time: 0.235, data_time: 0.023, memory: 1217, loss_rpn_cls: 0.4215, loss_rpn_bbox: 0.1983, loss_cls: 0.2645, acc: 94.0918, loss_bbox: 0.1147, loss: 0.9990
2020-11-09 15:08:46,617 - mmdet - INFO - Epoch [1][46/2772]	lr: 1.818e-03, eta: 10:54:29, time: 0.237, data_time: 0.022, memory: 1217, loss_rpn_cls: 0.3899, loss_rpn_bbox: 0.1674, loss_cls: 0.2671, acc: 93.1641, loss_bbox: 0.1126, loss: 0.9369
2020-11-09 15:08:47,075 - mmdet - INFO - Epoch [1][48/2772]	lr: 1.898e-03, eta: 10:49:14, time: 0.229, data_time: 0.022, memory: 1217, loss_rpn_cls: 0.3271, loss_rpn_bbox: 0.1277, loss_cls: 0.1951, acc: 94.8730, loss_bbox: 0.1785, loss: 0.8285
2020-11-09 15:08:47,540 - mmdet - INFO - Epoch [1][50/2772]	lr: 1.978e-03, eta: 10:44:42, time: 0.232, data_time: 0.023, memory: 1217, loss_rpn_cls: 0.3353, loss_rpn_bbox: 0.1719, loss_cls: 0.1945, acc: 95.0928, loss_bbox: 0.1497, loss: 0.8514
2020-11-09 15:08:48,005 - mmdet - INFO - Epoch [1][52/2772]	lr: 2.058e-03, eta: 10:40:33, time: 0.233, data_time: 0.025, memory: 1217, loss_rpn_cls: 0.2550, loss_rpn_bbox: 0.0987, loss_cls: 0.1864, acc: 95.7520, loss_bbox: 0.1238, loss: 0.6639
2020-11-09 15:08:48,460 - mmdet - INFO - Epoch [1][54/2772]	lr: 2.138e-03, eta: 10:36:18, time: 0.228, data_time: 0.022, memory: 1217, loss_rpn_cls: 0.3000, loss_rpn_bbox: 0.1413, loss_cls: 0.1820, acc: 95.8740, loss_bbox: 0.1175, loss: 0.7407
2020-11-09 15:08:48,923 - mmdet - INFO - Epoch [1][56/2772]	lr: 2.218e-03, eta: 10:32:39, time: 0.231, data_time: 0.021, memory: 1217, loss_rpn_cls: 0.2715, loss_rpn_bbox: 0.1155, loss_cls: 0.2559, acc: 93.1152, loss_bbox: 0.2197, loss: 0.8626
2020-11-09 15:08:49,379 - mmdet - INFO - Epoch [1][58/2772]	lr: 2.298e-03, eta: 10:28:57, time: 0.228, data_time: 0.021, memory: 1217, loss_rpn_cls: 0.2219, loss_rpn_bbox: 0.1013, loss_cls: 0.1757, acc: 94.8730, loss_bbox: 0.1389, loss: 0.6379
2020-11-09 15:08:49,831 - mmdet - INFO - Epoch [1][60/2772]	lr: 2.378e-03, eta: 10:25:23, time: 0.226, data_time: 0.021, memory: 1217, loss_rpn_cls: 0.2979, loss_rpn_bbox: 0.1154, loss_cls: 0.2052, acc: 94.5557, loss_bbox: 0.1388, loss: 0.7573
2020-11-09 15:08:50,277 - mmdet - INFO - Epoch [1][62/2772]	lr: 2.458e-03, eta: 10:21:48, time: 0.223, data_time: 0.022, memory: 1217, loss_rpn_cls: 0.2270, loss_rpn_bbox: 0.0810, loss_cls: 0.1944, acc: 94.8242, loss_bbox: 0.1902, loss: 0.6926
2020-11-09 15:08:50,751 - mmdet - INFO - Epoch [1][64/2772]	lr: 2.537e-03, eta: 10:19:28, time: 0.237, data_time: 0.030, memory: 1217, loss_rpn_cls: 0.4072, loss_rpn_bbox: 0.1261, loss_cls: 0.2474, acc: 93.5059, loss_bbox: 0.1472, loss: 0.9280
2020-11-09 15:08:51,227 - mmdet - INFO - Epoch [1][66/2772]	lr: 2.617e-03, eta: 10:17:25, time: 0.239, data_time: 0.030, memory: 1217, loss_rpn_cls: 0.3046, loss_rpn_bbox: 0.1386, loss_cls: 0.2230, acc: 93.3350, loss_bbox: 0.1801, loss: 0.8463
2020-11-09 15:08:51,681 - mmdet - INFO - Epoch [1][68/2772]	lr: 2.697e-03, eta: 10:14:36, time: 0.226, data_time: 0.022, memory: 1217, loss_rpn_cls: 0.2629, loss_rpn_bbox: 0.0961, loss_cls: 0.1978, acc: 93.9453, loss_bbox: 0.2201, loss: 0.7769
2020-11-09 15:08:52,131 - mmdet - INFO - Epoch [1][70/2772]	lr: 2.777e-03, eta: 10:11:52, time: 0.225, data_time: 0.022, memory: 1217, loss_rpn_cls: 0.2485, loss_rpn_bbox: 0.0793, loss_cls: 0.1712, acc: 95.6787, loss_bbox: 0.1185, loss: 0.6175
2020-11-09 15:08:52,577 - mmdet - INFO - Epoch [1][72/2772]	lr: 2.857e-03, eta: 10:09:10, time: 0.223, data_time: 0.022, memory: 1217, loss_rpn_cls: 0.2041, loss_rpn_bbox: 0.0953, loss_cls: 0.1836, acc: 94.4824, loss_bbox: 0.1600, loss: 0.6429
2020-11-09 15:08:53,023 - mmdet - INFO - Epoch [1][74/2772]	lr: 2.937e-03, eta: 10:06:36, time: 0.223, data_time: 0.022, memory: 1217, loss_rpn_cls: 0.3050, loss_rpn_bbox: 0.1540, loss_cls: 0.1867, acc: 94.4336, loss_bbox: 0.1511, loss: 0.7967
2020-11-09 15:08:53,462 - mmdet - INFO - Epoch [1][76/2772]	lr: 3.017e-03, eta: 10:03:59, time: 0.220, data_time: 0.023, memory: 1217, loss_rpn_cls: 0.2947, loss_rpn_bbox: 0.1396, loss_cls: 0.1477, acc: 95.7031, loss_bbox: 0.1624, loss: 0.7445
2020-11-09 15:08:53,894 - mmdet - INFO - Epoch [1][78/2772]	lr: 3.097e-03, eta: 10:01:16, time: 0.216, data_time: 0.022, memory: 1217, loss_rpn_cls: 0.1537, loss_rpn_bbox: 0.0441, loss_cls: 0.1611, acc: 95.3125, loss_bbox: 0.1360, loss: 0.4949
2020-11-09 15:08:54,328 - mmdet - INFO - Epoch [1][80/2772]	lr: 3.177e-03, eta: 9:58:45, time: 0.217, data_time: 0.023, memory: 1217, loss_rpn_cls: 0.2152, loss_rpn_bbox: 0.1081, loss_cls: 0.1354, acc: 96.0938, loss_bbox: 0.1604, loss: 0.6190
2020-11-09 15:08:54,773 - mmdet - INFO - Epoch [1][82/2772]	lr: 3.257e-03, eta: 9:56:40, time: 0.223, data_time: 0.022, memory: 1217, loss_rpn_cls: 0.2556, loss_rpn_bbox: 0.1507, loss_cls: 0.1856, acc: 94.2139, loss_bbox: 0.2022, loss: 0.7940
2020-11-09 15:08:55,259 - mmdet - INFO - Epoch [1][84/2772]	lr: 3.337e-03, eta: 9:55:48, time: 0.243, data_time: 0.023, memory: 1217, loss_rpn_cls: 0.1888, loss_rpn_bbox: 0.0867, loss_cls: 0.1916, acc: 94.2139, loss_bbox: 0.1496, loss: 0.6167
2020-11-09 15:08:55,709 - mmdet - INFO - Epoch [1][86/2772]	lr: 3.417e-03, eta: 9:54:00, time: 0.225, data_time: 0.022, memory: 1217, loss_rpn_cls: 0.1871, loss_rpn_bbox: 0.1047, loss_cls: 0.1322, acc: 96.1182, loss_bbox: 0.1774, loss: 0.6014
2020-11-09 15:08:56,165 - mmdet - INFO - Epoch [1][88/2772]	lr: 3.497e-03, eta: 9:52:28, time: 0.228, data_time: 0.023, memory: 1217, loss_rpn_cls: 0.2091, loss_rpn_bbox: 0.1359, loss_cls: 0.1747, acc: 94.7510, loss_bbox: 0.1414, loss: 0.6611
2020-11-09 15:08:56,619 - mmdet - INFO - Epoch [1][90/2772]	lr: 3.576e-03, eta: 9:50:57, time: 0.227, data_time: 0.022, memory: 1217, loss_rpn_cls: 0.2714, loss_rpn_bbox: 0.1567, loss_cls: 0.1790, acc: 95.0928, loss_bbox: 0.1294, loss: 0.7365
2020-11-09 15:08:57,066 - mmdet - INFO - Epoch [1][92/2772]	lr: 3.656e-03, eta: 9:49:18, time: 0.223, data_time: 0.022, memory: 1217, loss_rpn_cls: 0.2381, loss_rpn_bbox: 0.0907, loss_cls: 0.1941, acc: 93.6035, loss_bbox: 0.1643, loss: 0.6873
2020-11-09 15:08:57,507 - mmdet - INFO - Epoch [1][94/2772]	lr: 3.736e-03, eta: 9:47:35, time: 0.220, data_time: 0.022, memory: 1217, loss_rpn_cls: 0.1891, loss_rpn_bbox: 0.0687, loss_cls: 0.1723, acc: 94.9707, loss_bbox: 0.1173, loss: 0.5474
2020-11-09 15:08:57,947 - mmdet - INFO - Epoch [1][96/2772]	lr: 3.816e-03, eta: 9:45:55, time: 0.220, data_time: 0.023, memory: 1217, loss_rpn_cls: 0.1722, loss_rpn_bbox: 0.0795, loss_cls: 0.1377, acc: 96.1670, loss_bbox: 0.1009, loss: 0.4903
2020-11-09 15:08:58,391 - mmdet - INFO - Epoch [1][98/2772]	lr: 3.896e-03, eta: 9:44:24, time: 0.222, data_time: 0.023, memory: 1217, loss_rpn_cls: 0.2113, loss_rpn_bbox: 0.0608, loss_cls: 0.1592, acc: 95.2637, loss_bbox: 0.1443, loss: 0.5756
2020-11-09 15:08:58,830 - mmdet - INFO - Epoch [1][100/2772]	lr: 3.976e-03, eta: 9:42:51, time: 0.220, data_time: 0.022, memory: 1217, loss_rpn_cls: 0.2944, loss_rpn_bbox: 0.1761, loss_cls: 0.2076, acc: 94.6289, loss_bbox: 0.1443, loss: 0.8224
2020-11-09 15:08:59,267 - mmdet - INFO - Epoch [1][102/2772]	lr: 4.056e-03, eta: 9:41:18, time: 0.219, data_time: 0.023, memory: 1217, loss_rpn_cls: 0.1521, loss_rpn_bbox: 0.0510, loss_cls: 0.1370, acc: 96.6553, loss_bbox: 0.1289, loss: 0.4690
2020-11-09 15:08:59,703 - mmdet - INFO - Epoch [1][104/2772]	lr: 4.136e-03, eta: 9:39:47, time: 0.218, data_time: 0.022, memory: 1217, loss_rpn_cls: 0.2245, loss_rpn_bbox: 0.0874, loss_cls: 0.1745, acc: 95.0195, loss_bbox: 0.1720, loss: 0.6584
2020-11-09 15:09:00,182 - mmdet - INFO - Epoch [1][106/2772]	lr: 4.216e-03, eta: 9:39:17, time: 0.240, data_time: 0.023, memory: 1217, loss_rpn_cls: 0.2694, loss_rpn_bbox: 0.1625, loss_cls: 0.2021, acc: 93.7256, loss_bbox: 0.1911, loss: 0.8251
2020-11-09 15:09:00,619 - mmdet - INFO - Epoch [1][108/2772]	lr: 4.296e-03, eta: 9:37:52, time: 0.218, data_time: 0.022, memory: 1217, loss_rpn_cls: 0.1602, loss_rpn_bbox: 0.0508, loss_cls: 0.1471, acc: 95.7520, loss_bbox: 0.1395, loss: 0.4975
2020-11-09 15:09:01,075 - mmdet - INFO - Epoch [1][110/2772]	lr: 4.376e-03, eta: 9:36:55, time: 0.228, data_time: 0.024, memory: 1217, loss_rpn_cls: 0.1494, loss_rpn_bbox: 0.0814, loss_cls: 0.1518, acc: 95.3369, loss_bbox: 0.1872, loss: 0.5698
2020-11-09 15:09:01,512 - mmdet - INFO - Epoch [1][112/2772]	lr: 4.456e-03, eta: 9:35:37, time: 0.219, data_time: 0.022, memory: 1217, loss_rpn_cls: 0.2638, loss_rpn_bbox: 0.0911, loss_cls: 0.1685, acc: 95.2148, loss_bbox: 0.1364, loss: 0.6598
2020-11-09 15:09:01,959 - mmdet - INFO - Epoch [1][114/2772]	lr: 4.535e-03, eta: 9:34:33, time: 0.223, data_time: 0.022, memory: 1217, loss_rpn_cls: 0.3300, loss_rpn_bbox: 0.1548, loss_cls: 0.1652, acc: 95.2637, loss_bbox: 0.1239, loss: 0.7739
2020-11-09 15:09:02,391 - mmdet - INFO - Epoch [1][116/2772]	lr: 4.615e-03, eta: 9:33:15, time: 0.216, data_time: 0.022, memory: 1217, loss_rpn_cls: 0.2142, loss_rpn_bbox: 0.1161, loss_cls: 0.1438, acc: 95.7275, loss_bbox: 0.1521, loss: 0.6262
2020-11-09 15:09:02,825 - mmdet - INFO - Epoch [1][118/2772]	lr: 4.695e-03, eta: 9:32:00, time: 0.217, data_time: 0.022, memory: 1217, loss_rpn_cls: 0.2578, loss_rpn_bbox: 0.1285, loss_cls: 0.1420, acc: 96.3379, loss_bbox: 0.0981, loss: 0.6264
2020-11-09 15:09:03,283 - mmdet - INFO - Epoch [1][120/2772]	lr: 4.775e-03, eta: 9:31:17, time: 0.229, data_time: 0.022, memory: 1217, loss_rpn_cls: 0.3063, loss_rpn_bbox: 0.1675, loss_cls: 0.1956, acc: 94.4824, loss_bbox: 0.1382, loss: 0.8077
2020-11-09 15:09:03,710 - mmdet - INFO - Epoch [1][122/2772]	lr: 4.855e-03, eta: 9:29:58, time: 0.213, data_time: 0.022, memory: 1217, loss_rpn_cls: 0.2543, loss_rpn_bbox: 0.1962, loss_cls: 0.1715, acc: 94.6533, loss_bbox: 0.1251, loss: 0.7470
2020-11-09 15:09:04,135 - mmdet - INFO - Epoch [1][124/2772]	lr: 4.935e-03, eta: 9:28:41, time: 0.213, data_time: 0.021, memory: 1217, loss_rpn_cls: 0.1795, loss_rpn_bbox: 0.0697, loss_cls: 0.1629, acc: 94.7266, loss_bbox: 0.1658, loss: 0.5779
2020-11-09 15:09:04,566 - mmdet - INFO - Epoch [1][126/2772]	lr: 5.015e-03, eta: 9:27:33, time: 0.215, data_time: 0.022, memory: 1217, loss_rpn_cls: 0.1943, loss_rpn_bbox: 0.1002, loss_cls: 0.1555, acc: 95.8984, loss_bbox: 0.1696, loss: 0.6196
2020-11-09 15:09:04,997 - mmdet - INFO - Epoch [1][128/2772]	lr: 5.095e-03, eta: 9:26:26, time: 0.215, data_time: 0.022, memory: 1217, loss_rpn_cls: 0.1598, loss_rpn_bbox: 0.0925, loss_cls: 0.1291, acc: 95.9229, loss_bbox: 0.1357, loss: 0.5171
2020-11-09 15:09:05,429 - mmdet - INFO - Epoch [1][130/2772]	lr: 5.175e-03, eta: 9:25:23, time: 0.216, data_time: 0.022, memory: 1217, loss_rpn_cls: 0.1600, loss_rpn_bbox: 0.1197, loss_cls: 0.1341, acc: 96.1670, loss_bbox: 0.1338, loss: 0.5475
2020-11-09 15:09:05,874 - mmdet - INFO - Epoch [1][132/2772]	lr: 5.255e-03, eta: 9:24:35, time: 0.222, data_time: 0.023, memory: 1217, loss_rpn_cls: 0.1468, loss_rpn_bbox: 0.0610, loss_cls: 0.1576, acc: 94.8242, loss_bbox: 0.2081, loss: 0.5736
2020-11-09 15:09:06,363 - mmdet - INFO - Epoch [1][134/2772]	lr: 5.335e-03, eta: 9:24:34, time: 0.244, data_time: 0.043, memory: 1217, loss_rpn_cls: 0.1126, loss_rpn_bbox: 0.0757, loss_cls: 0.1489, acc: 95.5322, loss_bbox: 0.1765, loss: 0.5135
2020-11-09 15:09:06,806 - mmdet - INFO - Epoch [1][136/2772]	lr: 5.415e-03, eta: 9:23:47, time: 0.221, data_time: 0.023, memory: 1217, loss_rpn_cls: 0.1708, loss_rpn_bbox: 0.1043, loss_cls: 0.1640, acc: 94.6533, loss_bbox: 0.1840, loss: 0.6232
2020-11-09 15:09:07,247 - mmdet - INFO - Epoch [1][138/2772]	lr: 5.495e-03, eta: 9:22:58, time: 0.221, data_time: 0.022, memory: 1217, loss_rpn_cls: 0.2729, loss_rpn_bbox: 0.1218, loss_cls: 0.1792, acc: 94.6533, loss_bbox: 0.1712, loss: 0.7451
2020-11-09 15:09:07,685 - mmdet - INFO - Epoch [1][140/2772]	lr: 5.574e-03, eta: 9:22:09, time: 0.219, data_time: 0.022, memory: 1217, loss_rpn_cls: 0.1764, loss_rpn_bbox: 0.0854, loss_cls: 0.1609, acc: 95.1660, loss_bbox: 0.1726, loss: 0.5953
2020-11-09 15:09:08,147 - mmdet - INFO - Epoch [1][142/2772]	lr: 5.654e-03, eta: 9:21:44, time: 0.231, data_time: 0.024, memory: 1217, loss_rpn_cls: 0.2009, loss_rpn_bbox: 0.0980, loss_cls: 0.1977, acc: 94.7021, loss_bbox: 0.1598, loss: 0.6564
2020-11-09 15:09:08,589 - mmdet - INFO - Epoch [1][144/2772]	lr: 5.734e-03, eta: 9:21:00, time: 0.221, data_time: 0.022, memory: 1217, loss_rpn_cls: 0.1679, loss_rpn_bbox: 0.1002, loss_cls: 0.1408, acc: 95.7275, loss_bbox: 0.1655, loss: 0.5744
2020-11-09 15:09:09,025 - mmdet - INFO - Epoch [1][146/2772]	lr: 5.814e-03, eta: 9:20:12, time: 0.218, data_time: 0.023, memory: 1217, loss_rpn_cls: 0.2109, loss_rpn_bbox: 0.0934, loss_cls: 0.1802, acc: 94.7021, loss_bbox: 0.1476, loss: 0.6320
2020-11-09 15:09:09,460 - mmdet - INFO - Epoch [1][148/2772]	lr: 5.894e-03, eta: 9:19:24, time: 0.217, data_time: 0.023, memory: 1217, loss_rpn_cls: 0.1519, loss_rpn_bbox: 0.0838, loss_cls: 0.1834, acc: 94.4824, loss_bbox: 0.1634, loss: 0.5826
2020-11-09 15:09:09,892 - mmdet - INFO - Epoch [1][150/2772]	lr: 5.974e-03, eta: 9:18:35, time: 0.216, data_time: 0.022, memory: 1217, loss_rpn_cls: 0.1879, loss_rpn_bbox: 0.0978, loss_cls: 0.1403, acc: 95.9717, loss_bbox: 0.1366, loss: 0.5625
2020-11-09 15:09:10,335 - mmdet - INFO - Epoch [1][152/2772]	lr: 6.054e-03, eta: 9:17:57, time: 0.221, data_time: 0.023, memory: 1217, loss_rpn_cls: 0.1893, loss_rpn_bbox: 0.1067, loss_cls: 0.1337, acc: 95.6299, loss_bbox: 0.1551, loss: 0.5849
2020-11-09 15:09:10,769 - mmdet - INFO - Epoch [1][154/2772]	lr: 6.134e-03, eta: 9:17:12, time: 0.217, data_time: 0.023, memory: 1217, loss_rpn_cls: 0.1587, loss_rpn_bbox: 0.0496, loss_cls: 0.1700, acc: 94.9219, loss_bbox: 0.1198, loss: 0.4981
2020-11-09 15:09:11,217 - mmdet - INFO - Epoch [1][156/2772]	lr: 6.214e-03, eta: 9:16:40, time: 0.224, data_time: 0.022, memory: 1217, loss_rpn_cls: 0.2388, loss_rpn_bbox: 0.1504, loss_cls: 0.2201, acc: 92.2363, loss_bbox: 0.1594, loss: 0.7688
2020-11-09 15:09:11,662 - mmdet - INFO - Epoch [1][158/2772]	lr: 6.294e-03, eta: 9:16:06, time: 0.222, data_time: 0.022, memory: 1217, loss_rpn_cls: 0.1294, loss_rpn_bbox: 0.0930, loss_cls: 0.1581, acc: 95.6299, loss_bbox: 0.1504, loss: 0.5309
2020-11-09 15:09:12,128 - mmdet - INFO - Epoch [1][160/2772]	lr: 6.374e-03, eta: 9:15:52, time: 0.233, data_time: 0.022, memory: 1217, loss_rpn_cls: 0.1674, loss_rpn_bbox: 0.0804, loss_cls: 0.1611, acc: 95.2881, loss_bbox: 0.1292, loss: 0.5380
2020-11-09 15:09:12,565 - mmdet - INFO - Epoch [1][162/2772]	lr: 6.454e-03, eta: 9:15:14, time: 0.219, data_time: 0.023, memory: 1217, loss_rpn_cls: 0.1170, loss_rpn_bbox: 0.1205, loss_cls: 0.1278, acc: 96.1426, loss_bbox: 0.1193, loss: 0.4845
2020-11-09 15:09:13,018 - mmdet - INFO - Epoch [1][164/2772]	lr: 6.533e-03, eta: 9:14:49, time: 0.226, data_time: 0.022, memory: 1217, loss_rpn_cls: 0.2067, loss_rpn_bbox: 0.0839, loss_cls: 0.2548, acc: 93.8477, loss_bbox: 0.1351, loss: 0.6805
2020-11-09 15:09:13,464 - mmdet - INFO - Epoch [1][166/2772]	lr: 6.613e-03, eta: 9:14:20, time: 0.223, data_time: 0.023, memory: 1217, loss_rpn_cls: 0.2218, loss_rpn_bbox: 0.1340, loss_cls: 0.1941, acc: 94.9707, loss_bbox: 0.1844, loss: 0.7343
2020-11-09 15:09:13,910 - mmdet - INFO - Epoch [1][168/2772]	lr: 6.693e-03, eta: 9:13:51, time: 0.223, data_time: 0.022, memory: 1217, loss_rpn_cls: 0.1896, loss_rpn_bbox: 0.1266, loss_cls: 0.2115, acc: 92.9443, loss_bbox: 0.2137, loss: 0.7414
