2020-11-22 11:04:56,573 - mmdet - INFO - Environment info:
------------------------------------------------------------
sys.platform: linux
Python: 3.6.4 |Anaconda, Inc.| (default, Jan 16 2018, 18:10:19) [GCC 7.2.0]
CUDA available: True
CUDA_HOME: /usr/local/cuda
NVCC: Cuda compilation tools, release 10.0, V10.0.130
GPU 0: Tesla P100-PCIE-16GB
GCC: gcc (GCC) 5.3.0
PyTorch: 1.3.1+cu100
PyTorch compiling details: PyTorch built with:
  - GCC 7.3
  - Intel(R) Math Kernel Library Version 2019.0.4 Product Build 20190411 for Intel(R) 64 architecture applications
  - Intel(R) MKL-DNN v0.20.5 (Git Hash 0125f28c61c1f822fd48570b4c1066f96fcb9b2e)
  - OpenMP 201511 (a.k.a. OpenMP 4.5)
  - NNPACK is enabled
  - CUDA Runtime 10.0
  - NVCC architecture flags: -gencode;arch=compute_37,code=sm_37;-gencode;arch=compute_50,code=sm_50;-gencode;arch=compute_60,code=sm_60;-gencode;arch=compute_61,code=sm_61;-gencode;arch=compute_70,code=sm_70;-gencode;arch=compute_75,code=sm_75;-gencode;arch=compute_37,code=compute_37
  - CuDNN 7.6.3
  - Magma 2.5.1
  - Build settings: BLAS=MKL, BUILD_NAMEDTENSOR=OFF, BUILD_TYPE=Release, CXX_FLAGS= -Wno-deprecated -fvisibility-inlines-hidden -fopenmp -DUSE_FBGEMM -DUSE_QNNPACK -DUSE_PYTORCH_QNNPACK -O2 -fPIC -Wno-narrowing -Wall -Wextra -Wno-missing-field-initializers -Wno-type-limits -Wno-array-bounds -Wno-unknown-pragmas -Wno-sign-compare -Wno-unused-parameter -Wno-unused-variable -Wno-unused-function -Wno-unused-result -Wno-strict-overflow -Wno-strict-aliasing -Wno-error=deprecated-declarations -Wno-stringop-overflow -Wno-error=pedantic -Wno-error=redundant-decls -Wno-error=old-style-cast -fdiagnostics-color=always -faligned-new -Wno-unused-but-set-variable -Wno-maybe-uninitialized -fno-math-errno -fno-trapping-math -Wno-stringop-overflow, DISABLE_NUMA=1, PERF_WITH_AVX=1, PERF_WITH_AVX2=1, PERF_WITH_AVX512=1, USE_CUDA=True, USE_EXCEPTION_PTR=1, USE_GFLAGS=OFF, USE_GLOG=OFF, USE_MKL=ON, USE_MKLDNN=ON, USE_MPI=OFF, USE_NCCL=ON, USE_NNPACK=ON, USE_OPENMP=ON, USE_STATIC_DISPATCH=OFF, 

TorchVision: 0.4.2+cu100
OpenCV: 4.4.0
MMCV: 1.0.5
MMDetection: 2.3.0+788fa8d
MMDetection Compiler: GCC 7.3
MMDetection CUDA Compiler: 10.0
------------------------------------------------------------

2020-11-22 11:04:56,574 - mmdet - INFO - Distributed training: False
2020-11-22 11:04:56,968 - mmdet - INFO - Config:
model = dict(
    type='FasterRCNN',
    pretrained='torchvision://resnet50',
    backbone=dict(
        type='ResNet',
        depth=50,
        num_stages=4,
        out_indices=(0, 1, 2, 3),
        frozen_stages=1,
        norm_cfg=dict(type='BN', requires_grad=True),
        norm_eval=True,
        style='pytorch'),
    neck=dict(
        type='FPN',
        in_channels=[256, 512, 1024, 2048],
        out_channels=256,
        num_outs=5),
    rpn_head=dict(
        type='RPNHead',
        in_channels=256,
        feat_channels=256,
        anchor_generator=dict(
            type='AnchorGenerator',
            scales=[8],
            ratios=[0.5, 1.0, 2.0],
            strides=[4, 8, 16, 32, 64]),
        bbox_coder=dict(
            type='DeltaXYWHBBoxCoder',
            target_means=[0.0, 0.0, 0.0, 0.0],
            target_stds=[1.0, 1.0, 1.0, 1.0]),
        loss_cls=dict(
            type='CrossEntropyLoss', use_sigmoid=True, loss_weight=1.0),
        loss_bbox=dict(type='L1Loss', loss_weight=1.0)),
    roi_head=dict(
        type='StandardRoIHead',
        bbox_roi_extractor=dict(
            type='SingleRoIExtractor',
            roi_layer=dict(type='RoIAlign', output_size=7, sampling_ratio=0),
            out_channels=256,
            featmap_strides=[4, 8, 16, 32]),
        bbox_head=dict(
            type='Shared2FCBBoxHead',
            in_channels=256,
            fc_out_channels=1024,
            roi_feat_size=7,
            num_classes=2,
            bbox_coder=dict(
                type='DeltaXYWHBBoxCoder',
                target_means=[0.0, 0.0, 0.0, 0.0],
                target_stds=[0.1, 0.1, 0.2, 0.2]),
            reg_class_agnostic=False,
            loss_cls=dict(
                type='CrossEntropyLoss', use_sigmoid=False, loss_weight=1.0),
            loss_bbox=dict(type='L1Loss', loss_weight=1.0))))
train_cfg = dict(
    rpn=dict(
        assigner=dict(
            type='MaxIoUAssigner',
            pos_iou_thr=0.7,
            neg_iou_thr=0.3,
            min_pos_iou=0.3,
            match_low_quality=True,
            ignore_iof_thr=-1),
        sampler=dict(
            type='RandomSampler',
            num=256,
            pos_fraction=0.5,
            neg_pos_ub=-1,
            add_gt_as_proposals=False),
        allowed_border=-1,
        pos_weight=-1,
        debug=False),
    rpn_proposal=dict(
        nms_across_levels=False,
        nms_pre=2000,
        nms_post=1000,
        max_num=1000,
        nms_thr=0.7,
        min_bbox_size=0),
    rcnn=dict(
        assigner=dict(
            type='MaxIoUAssigner',
            pos_iou_thr=0.5,
            neg_iou_thr=0.5,
            min_pos_iou=0.5,
            match_low_quality=False,
            ignore_iof_thr=-1),
        sampler=dict(
            type='RandomSampler',
            num=512,
            pos_fraction=0.25,
            neg_pos_ub=-1,
            add_gt_as_proposals=True),
        pos_weight=-1,
        debug=False))
test_cfg = dict(
    rpn=dict(
        nms_across_levels=False,
        nms_pre=1000,
        nms_post=1000,
        max_num=1000,
        nms_thr=0.7,
        min_bbox_size=0),
    rcnn=dict(
        score_thr=0.05,
        nms=dict(type='nms', iou_threshold=0.5),
        max_per_img=100))
dataset_type = 'CocoDataset'
data_root = 'data/coco/'
img_norm_cfg = dict(
    mean=[123.675, 116.28, 103.53], std=[58.395, 57.12, 57.375], to_rgb=True)
train_pipeline = [
    dict(type='LoadImageFromFile'),
    dict(type='LoadAnnotations', with_bbox=True),
    dict(type='Resize', img_scale=(1550, 1550), keep_ratio=True),
    dict(type='RandomFlip', flip_ratio=0.5),
    dict(
        type='Normalize',
        mean=[123.675, 116.28, 103.53],
        std=[58.395, 57.12, 57.375],
        to_rgb=True),
    dict(type='Pad', size_divisor=32),
    dict(type='DefaultFormatBundle'),
    dict(type='Collect', keys=['img', 'gt_bboxes', 'gt_labels'])
]
test_pipeline = [
    dict(type='LoadImageFromFile'),
    dict(
        type='MultiScaleFlipAug',
        img_scale=(1550, 1550),
        flip=False,
        transforms=[
            dict(type='Resize', keep_ratio=True),
            dict(type='RandomFlip'),
            dict(
                type='Normalize',
                mean=[123.675, 116.28, 103.53],
                std=[58.395, 57.12, 57.375],
                to_rgb=True),
            dict(type='Pad', size_divisor=32),
            dict(type='ImageToTensor', keys=['img']),
            dict(type='Collect', keys=['img'])
        ])
]
data = dict(
    samples_per_gpu=2,
    workers_per_gpu=2,
    train=dict(
        type='CocoDataset',
        ann_file='data/coco/annotations/annotations_trai.json',
        img_prefix='data/coco/img/',
        pipeline=[
            dict(type='LoadImageFromFile'),
            dict(type='LoadAnnotations', with_bbox=True),
            dict(type='Resize', img_scale=(1550, 1550), keep_ratio=True),
            dict(type='RandomFlip', flip_ratio=0.5),
            dict(
                type='Normalize',
                mean=[123.675, 116.28, 103.53],
                std=[58.395, 57.12, 57.375],
                to_rgb=True),
            dict(type='Pad', size_divisor=32),
            dict(type='DefaultFormatBundle'),
            dict(type='Collect', keys=['img', 'gt_bboxes', 'gt_labels'])
        ]),
    val=dict(
        type='CocoDataset',
        ann_file='data/coco/annotations/annotations_test.json',
        img_prefix='data/coco/img/',
        pipeline=[
            dict(type='LoadImageFromFile'),
            dict(
                type='MultiScaleFlipAug',
                img_scale=(1550, 1550),
                flip=False,
                transforms=[
                    dict(type='Resize', keep_ratio=True),
                    dict(type='RandomFlip'),
                    dict(
                        type='Normalize',
                        mean=[123.675, 116.28, 103.53],
                        std=[58.395, 57.12, 57.375],
                        to_rgb=True),
                    dict(type='Pad', size_divisor=32),
                    dict(type='ImageToTensor', keys=['img']),
                    dict(type='Collect', keys=['img'])
                ])
        ]),
    test=dict(
        type='CocoDataset',
        ann_file='data/coco/annotations/annotations_vals.json',
        img_prefix='data/coco/img/',
        pipeline=[
            dict(type='LoadImageFromFile'),
            dict(
                type='MultiScaleFlipAug',
                img_scale=(1550, 1550),
                flip=False,
                transforms=[
                    dict(type='Resize', keep_ratio=True),
                    dict(type='RandomFlip'),
                    dict(
                        type='Normalize',
                        mean=[123.675, 116.28, 103.53],
                        std=[58.395, 57.12, 57.375],
                        to_rgb=True),
                    dict(type='Pad', size_divisor=32),
                    dict(type='ImageToTensor', keys=['img']),
                    dict(type='Collect', keys=['img'])
                ])
        ]))
evaluation = dict(interval=1, metric='bbox')
optimizer = dict(type='SGD', lr=0.01, momentum=0.9, weight_decay=0.0001)
optimizer_config = dict(grad_clip=None)
lr_config = dict(
    policy='step',
    warmup='linear',
    warmup_iters=500,
    warmup_ratio=0.001,
    step=[8, 11])
total_epochs = 4
checkpoint_config = dict(interval=4)
log_config = dict(interval=100, hooks=[dict(type='TextLoggerHook')])
dist_params = dict(backend='nccl')
log_level = 'INFO'
load_from = '/home/admin/.cache/torch/checkpoints/X.pth'
resume_from = None
workflow = [('train', 2), ('val', 1)]
work_dir = '/home/admin/jupyter/SecurityAI_Round5/data/work'
gpu_ids = range(0, 1)

2020-11-22 11:04:57,459 - mmdet - INFO - load model from: torchvision://resnet50
2020-11-22 11:05:05,156 - mmdet - WARNING - The model and loaded state dict do not match exactly

unexpected key in source state_dict: fc.weight, fc.bias

2020-11-22 11:05:15,297 - mmdet - INFO - load checkpoint from /home/admin/.cache/torch/checkpoints/X.pth
2020-11-22 11:05:21,829 - mmdet - INFO - Start running, host: admin@fuxilabor_labor0_S4_Odps_S96_dsw_prepaid_cnsh_838_2020112201080, work_dir: /home/admin/jupyter/SecurityAI_Round5/data/work
2020-11-22 11:05:21,829 - mmdet - INFO - workflow: [('train', 2), ('val', 1)], max: 4 epochs
2020-11-22 11:06:39,273 - mmdet - INFO - Epoch [1][100/619]	lr: 1.988e-03, eta: 0:30:35, time: 0.773, data_time: 0.033, memory: 10049, loss_rpn_cls: 0.0021, loss_rpn_bbox: 0.0242, loss_cls: 0.0300, acc: 98.7812, loss_bbox: 0.0704, loss: 0.1267
2020-11-22 11:07:54,129 - mmdet - INFO - Epoch [1][200/619]	lr: 3.986e-03, eta: 0:28:50, time: 0.749, data_time: 0.012, memory: 10049, loss_rpn_cls: 0.0020, loss_rpn_bbox: 0.0247, loss_cls: 0.0341, acc: 98.5420, loss_bbox: 0.0706, loss: 0.1313
2020-11-22 11:09:08,873 - mmdet - INFO - Epoch [1][300/619]	lr: 5.984e-03, eta: 0:27:25, time: 0.747, data_time: 0.012, memory: 10049, loss_rpn_cls: 0.0031, loss_rpn_bbox: 0.0247, loss_cls: 0.0314, acc: 98.7354, loss_bbox: 0.0684, loss: 0.1276
2020-11-22 11:10:23,891 - mmdet - INFO - Epoch [1][400/619]	lr: 7.982e-03, eta: 0:26:06, time: 0.750, data_time: 0.012, memory: 10049, loss_rpn_cls: 0.0019, loss_rpn_bbox: 0.0264, loss_cls: 0.0259, acc: 98.8994, loss_bbox: 0.0647, loss: 0.1189
2020-11-22 11:11:38,720 - mmdet - INFO - Epoch [1][500/619]	lr: 9.980e-03, eta: 0:24:48, time: 0.748, data_time: 0.012, memory: 10049, loss_rpn_cls: 0.0019, loss_rpn_bbox: 0.0303, loss_cls: 0.0344, acc: 98.4707, loss_bbox: 0.0733, loss: 0.1399
2020-11-22 11:12:53,541 - mmdet - INFO - Epoch [1][600/619]	lr: 1.000e-02, eta: 0:23:31, time: 0.748, data_time: 0.012, memory: 10049, loss_rpn_cls: 0.0020, loss_rpn_bbox: 0.0319, loss_cls: 0.0308, acc: 98.7119, loss_bbox: 0.0728, loss: 0.1374
2020-11-22 11:13:34,252 - mmdet - INFO - Evaluating bbox...
2020-11-22 11:13:37,189 - mmdet - INFO - Epoch [1][619/619]	lr: 1.000e-02, bbox_mAP: 0.8080, bbox_mAP_50: 0.8610, bbox_mAP_75: 0.8550, bbox_mAP_s: 0.5100, bbox_mAP_m: 0.8710, bbox_mAP_l: 0.9100, bbox_mAP_copypaste: 0.808 0.861 0.855 0.510 0.871 0.910
2020-11-22 11:14:54,575 - mmdet - INFO - Epoch [2][100/619]	lr: 1.000e-02, eta: 0:21:31, time: 0.772, data_time: 0.034, memory: 10049, loss_rpn_cls: 0.0023, loss_rpn_bbox: 0.0324, loss_cls: 0.0328, acc: 98.6484, loss_bbox: 0.0740, loss: 0.1415
2020-11-22 11:16:09,489 - mmdet - INFO - Epoch [2][200/619]	lr: 1.000e-02, eta: 0:20:21, time: 0.749, data_time: 0.012, memory: 10049, loss_rpn_cls: 0.0022, loss_rpn_bbox: 0.0305, loss_cls: 0.0307, acc: 98.6709, loss_bbox: 0.0730, loss: 0.1363
2020-11-22 11:17:24,279 - mmdet - INFO - Epoch [2][300/619]	lr: 1.000e-02, eta: 0:19:09, time: 0.748, data_time: 0.012, memory: 10075, loss_rpn_cls: 0.0020, loss_rpn_bbox: 0.0291, loss_cls: 0.0283, acc: 98.8223, loss_bbox: 0.0693, loss: 0.1286
2020-11-22 11:18:39,248 - mmdet - INFO - Epoch [2][400/619]	lr: 1.000e-02, eta: 0:17:57, time: 0.750, data_time: 0.012, memory: 10075, loss_rpn_cls: 0.0028, loss_rpn_bbox: 0.0334, loss_cls: 0.0395, acc: 98.3379, loss_bbox: 0.0859, loss: 0.1616
2020-11-22 11:19:54,072 - mmdet - INFO - Epoch [2][500/619]	lr: 1.000e-02, eta: 0:16:44, time: 0.748, data_time: 0.012, memory: 10075, loss_rpn_cls: 0.0027, loss_rpn_bbox: 0.0260, loss_cls: 0.0253, acc: 98.9551, loss_bbox: 0.0622, loss: 0.1161
2020-11-22 11:21:08,862 - mmdet - INFO - Epoch [2][600/619]	lr: 1.000e-02, eta: 0:15:31, time: 0.748, data_time: 0.012, memory: 10075, loss_rpn_cls: 0.0020, loss_rpn_bbox: 0.0309, loss_cls: 0.0307, acc: 98.6465, loss_bbox: 0.0783, loss: 0.1419
2020-11-22 11:21:49,650 - mmdet - INFO - Evaluating bbox...
2020-11-22 11:21:52,582 - mmdet - INFO - Epoch [2][619/619]	lr: 1.000e-02, bbox_mAP: 0.8060, bbox_mAP_50: 0.8650, bbox_mAP_75: 0.8550, bbox_mAP_s: 0.5030, bbox_mAP_m: 0.8680, bbox_mAP_l: 0.8940, bbox_mAP_copypaste: 0.806 0.865 0.855 0.503 0.868 0.894
2020-11-22 11:22:26,212 - mmdet - INFO - Epoch(train) [2][83]	loss_rpn_cls: 0.0033, loss_rpn_bbox: 0.0296, loss_cls: 0.0335, acc: 98.5940, loss_bbox: 0.0777, loss: 0.1441
2020-11-22 11:23:43,516 - mmdet - INFO - Epoch [3][100/619]	lr: 1.000e-02, eta: 0:13:53, time: 0.771, data_time: 0.033, memory: 10075, loss_rpn_cls: 0.0027, loss_rpn_bbox: 0.0293, loss_cls: 0.0328, acc: 98.5703, loss_bbox: 0.0721, loss: 0.1368
2020-11-22 11:24:58,307 - mmdet - INFO - Epoch [3][200/619]	lr: 1.000e-02, eta: 0:12:41, time: 0.748, data_time: 0.012, memory: 10075, loss_rpn_cls: 0.0024, loss_rpn_bbox: 0.0310, loss_cls: 0.0300, acc: 98.7354, loss_bbox: 0.0731, loss: 0.1365
2020-11-22 11:26:13,113 - mmdet - INFO - Epoch [3][300/619]	lr: 1.000e-02, eta: 0:11:28, time: 0.748, data_time: 0.012, memory: 10075, loss_rpn_cls: 0.0032, loss_rpn_bbox: 0.0326, loss_cls: 0.0369, acc: 98.4590, loss_bbox: 0.0778, loss: 0.1506
2020-11-22 11:27:27,998 - mmdet - INFO - Epoch [3][400/619]	lr: 1.000e-02, eta: 0:10:16, time: 0.749, data_time: 0.012, memory: 10075, loss_rpn_cls: 0.0027, loss_rpn_bbox: 0.0331, loss_cls: 0.0336, acc: 98.5410, loss_bbox: 0.0754, loss: 0.1449
2020-11-22 11:28:42,886 - mmdet - INFO - Epoch [3][500/619]	lr: 1.000e-02, eta: 0:09:03, time: 0.749, data_time: 0.012, memory: 10075, loss_rpn_cls: 0.0025, loss_rpn_bbox: 0.0318, loss_cls: 0.0287, acc: 98.7891, loss_bbox: 0.0763, loss: 0.1393
2020-11-22 11:29:57,519 - mmdet - INFO - Epoch [3][600/619]	lr: 1.000e-02, eta: 0:07:50, time: 0.746, data_time: 0.012, memory: 10075, loss_rpn_cls: 0.0023, loss_rpn_bbox: 0.0299, loss_cls: 0.0280, acc: 98.8564, loss_bbox: 0.0706, loss: 0.1308
2020-11-22 11:30:38,306 - mmdet - INFO - Evaluating bbox...
2020-11-22 11:30:41,255 - mmdet - INFO - Epoch [3][619/619]	lr: 1.000e-02, bbox_mAP: 0.8040, bbox_mAP_50: 0.8600, bbox_mAP_75: 0.8500, bbox_mAP_s: 0.4940, bbox_mAP_m: 0.8570, bbox_mAP_l: 0.8980, bbox_mAP_copypaste: 0.804 0.860 0.850 0.494 0.857 0.898
2020-11-22 11:31:58,644 - mmdet - INFO - Epoch [4][100/619]	lr: 1.000e-02, eta: 0:06:19, time: 0.772, data_time: 0.033, memory: 10075, loss_rpn_cls: 0.0032, loss_rpn_bbox: 0.0320, loss_cls: 0.0331, acc: 98.6152, loss_bbox: 0.0788, loss: 0.1471
2020-11-22 11:33:13,297 - mmdet - INFO - Epoch [4][200/619]	lr: 1.000e-02, eta: 0:05:06, time: 0.747, data_time: 0.012, memory: 10075, loss_rpn_cls: 0.0039, loss_rpn_bbox: 0.0321, loss_cls: 0.0360, acc: 98.5645, loss_bbox: 0.0759, loss: 0.1478
2020-11-22 11:34:28,204 - mmdet - INFO - Epoch [4][300/619]	lr: 1.000e-02, eta: 0:03:53, time: 0.749, data_time: 0.012, memory: 10075, loss_rpn_cls: 0.0035, loss_rpn_bbox: 0.0320, loss_cls: 0.0295, acc: 98.7637, loss_bbox: 0.0755, loss: 0.1405
2020-11-22 11:35:49,817 - mmdet - INFO - Epoch [4][400/619]	lr: 1.000e-02, eta: 0:02:41, time: 0.816, data_time: 0.078, memory: 10075, loss_rpn_cls: 0.0025, loss_rpn_bbox: 0.0311, loss_cls: 0.0304, acc: 98.7363, loss_bbox: 0.0737, loss: 0.1377
2020-11-22 11:37:04,811 - mmdet - INFO - Epoch [4][500/619]	lr: 1.000e-02, eta: 0:01:27, time: 0.750, data_time: 0.012, memory: 10075, loss_rpn_cls: 0.0026, loss_rpn_bbox: 0.0303, loss_cls: 0.0327, acc: 98.5820, loss_bbox: 0.0707, loss: 0.1363
2020-11-22 11:38:19,459 - mmdet - INFO - Epoch [4][600/619]	lr: 1.000e-02, eta: 0:00:14, time: 0.746, data_time: 0.012, memory: 10075, loss_rpn_cls: 0.0029, loss_rpn_bbox: 0.0309, loss_cls: 0.0318, acc: 98.7021, loss_bbox: 0.0764, loss: 0.1420
2020-11-22 11:38:33,588 - mmdet - INFO - Saving checkpoint at 4 epochs
2020-11-22 11:39:02,323 - mmdet - INFO - Evaluating bbox...
2020-11-22 11:39:05,306 - mmdet - INFO - Epoch [4][619/619]	lr: 1.000e-02, bbox_mAP: 0.8030, bbox_mAP_50: 0.8550, bbox_mAP_75: 0.8450, bbox_mAP_s: 0.4940, bbox_mAP_m: 0.8740, bbox_mAP_l: 0.9030, bbox_mAP_copypaste: 0.803 0.855 0.845 0.494 0.874 0.903
2020-11-22 11:39:38,484 - mmdet - INFO - Epoch(train) [4][83]	loss_rpn_cls: 0.0035, loss_rpn_bbox: 0.0315, loss_cls: 0.0336, acc: 98.5281, loss_bbox: 0.0728, loss: 0.1413
