2020-11-19 23:20:41,745 - mmdet - INFO - Environment info:
------------------------------------------------------------
sys.platform: linux
Python: 3.6.4 |Anaconda, Inc.| (default, Jan 16 2018, 18:10:19) [GCC 7.2.0]
CUDA available: True
CUDA_HOME: /usr/local/cuda
NVCC: Cuda compilation tools, release 10.0, V10.0.130
GPU 0: Tesla P100-PCIE-16GB
GCC: gcc (GCC) 5.3.0
PyTorch: 1.3.1+cu100
PyTorch compiling details: PyTorch built with:
  - GCC 7.3
  - Intel(R) Math Kernel Library Version 2019.0.4 Product Build 20190411 for Intel(R) 64 architecture applications
  - Intel(R) MKL-DNN v0.20.5 (Git Hash 0125f28c61c1f822fd48570b4c1066f96fcb9b2e)
  - OpenMP 201511 (a.k.a. OpenMP 4.5)
  - NNPACK is enabled
  - CUDA Runtime 10.0
  - NVCC architecture flags: -gencode;arch=compute_37,code=sm_37;-gencode;arch=compute_50,code=sm_50;-gencode;arch=compute_60,code=sm_60;-gencode;arch=compute_61,code=sm_61;-gencode;arch=compute_70,code=sm_70;-gencode;arch=compute_75,code=sm_75;-gencode;arch=compute_37,code=compute_37
  - CuDNN 7.6.3
  - Magma 2.5.1
  - Build settings: BLAS=MKL, BUILD_NAMEDTENSOR=OFF, BUILD_TYPE=Release, CXX_FLAGS= -Wno-deprecated -fvisibility-inlines-hidden -fopenmp -DUSE_FBGEMM -DUSE_QNNPACK -DUSE_PYTORCH_QNNPACK -O2 -fPIC -Wno-narrowing -Wall -Wextra -Wno-missing-field-initializers -Wno-type-limits -Wno-array-bounds -Wno-unknown-pragmas -Wno-sign-compare -Wno-unused-parameter -Wno-unused-variable -Wno-unused-function -Wno-unused-result -Wno-strict-overflow -Wno-strict-aliasing -Wno-error=deprecated-declarations -Wno-stringop-overflow -Wno-error=pedantic -Wno-error=redundant-decls -Wno-error=old-style-cast -fdiagnostics-color=always -faligned-new -Wno-unused-but-set-variable -Wno-maybe-uninitialized -fno-math-errno -fno-trapping-math -Wno-stringop-overflow, DISABLE_NUMA=1, PERF_WITH_AVX=1, PERF_WITH_AVX2=1, PERF_WITH_AVX512=1, USE_CUDA=True, USE_EXCEPTION_PTR=1, USE_GFLAGS=OFF, USE_GLOG=OFF, USE_MKL=ON, USE_MKLDNN=ON, USE_MPI=OFF, USE_NCCL=ON, USE_NNPACK=ON, USE_OPENMP=ON, USE_STATIC_DISPATCH=OFF, 

TorchVision: 0.4.2+cu100
OpenCV: 4.4.0
MMCV: 1.0.5
MMDetection: 2.3.0+788fa8d
MMDetection Compiler: GCC 7.3
MMDetection CUDA Compiler: 10.0
------------------------------------------------------------

2020-11-19 23:20:41,745 - mmdet - INFO - Distributed training: False
2020-11-19 23:20:42,133 - mmdet - INFO - Config:
model = dict(
    type='FasterRCNN',
    pretrained='torchvision://resnet50',
    backbone=dict(
        type='ResNet',
        depth=50,
        num_stages=4,
        out_indices=(0, 1, 2, 3),
        frozen_stages=1,
        norm_cfg=dict(type='BN', requires_grad=True),
        norm_eval=True,
        style='pytorch'),
    neck=dict(
        type='FPN',
        in_channels=[256, 512, 1024, 2048],
        out_channels=256,
        num_outs=5),
    rpn_head=dict(
        type='RPNHead',
        in_channels=256,
        feat_channels=256,
        anchor_generator=dict(
            type='AnchorGenerator',
            scales=[8],
            ratios=[0.5, 1.0, 2.0],
            strides=[4, 8, 16, 32, 64]),
        bbox_coder=dict(
            type='DeltaXYWHBBoxCoder',
            target_means=[0.0, 0.0, 0.0, 0.0],
            target_stds=[1.0, 1.0, 1.0, 1.0]),
        loss_cls=dict(
            type='CrossEntropyLoss', use_sigmoid=True, loss_weight=1.0),
        loss_bbox=dict(type='L1Loss', loss_weight=1.0)),
    roi_head=dict(
        type='StandardRoIHead',
        bbox_roi_extractor=dict(
            type='SingleRoIExtractor',
            roi_layer=dict(type='RoIAlign', output_size=7, sampling_ratio=0),
            out_channels=256,
            featmap_strides=[4, 8, 16, 32]),
        bbox_head=dict(
            type='Shared2FCBBoxHead',
            in_channels=256,
            fc_out_channels=1024,
            roi_feat_size=7,
            num_classes=2,
            bbox_coder=dict(
                type='DeltaXYWHBBoxCoder',
                target_means=[0.0, 0.0, 0.0, 0.0],
                target_stds=[0.1, 0.1, 0.2, 0.2]),
            reg_class_agnostic=False,
            loss_cls=dict(
                type='CrossEntropyLoss', use_sigmoid=False, loss_weight=1.0),
            loss_bbox=dict(type='L1Loss', loss_weight=1.0))))
train_cfg = dict(
    rpn=dict(
        assigner=dict(
            type='MaxIoUAssigner',
            pos_iou_thr=0.7,
            neg_iou_thr=0.3,
            min_pos_iou=0.3,
            match_low_quality=True,
            ignore_iof_thr=-1),
        sampler=dict(
            type='RandomSampler',
            num=256,
            pos_fraction=0.5,
            neg_pos_ub=-1,
            add_gt_as_proposals=False),
        allowed_border=-1,
        pos_weight=-1,
        debug=False),
    rpn_proposal=dict(
        nms_across_levels=False,
        nms_pre=2000,
        nms_post=1000,
        max_num=1000,
        nms_thr=0.7,
        min_bbox_size=0),
    rcnn=dict(
        assigner=dict(
            type='MaxIoUAssigner',
            pos_iou_thr=0.5,
            neg_iou_thr=0.5,
            min_pos_iou=0.5,
            match_low_quality=False,
            ignore_iof_thr=-1),
        sampler=dict(
            type='RandomSampler',
            num=512,
            pos_fraction=0.25,
            neg_pos_ub=-1,
            add_gt_as_proposals=True),
        pos_weight=-1,
        debug=False))
test_cfg = dict(
    rpn=dict(
        nms_across_levels=False,
        nms_pre=1000,
        nms_post=1000,
        max_num=1000,
        nms_thr=0.7,
        min_bbox_size=0),
    rcnn=dict(
        score_thr=0.05,
        nms=dict(type='nms', iou_threshold=0.5),
        max_per_img=100))
dataset_type = 'CocoDataset'
data_root = 'data/coco/'
img_norm_cfg = dict(
    mean=[123.675, 116.28, 103.53], std=[58.395, 57.12, 57.375], to_rgb=True)
train_pipeline = [
    dict(type='LoadImageFromFile'),
    dict(type='LoadAnnotations', with_bbox=True),
    dict(type='Resize', img_scale=(1550, 1550), keep_ratio=True),
    dict(type='RandomFlip', flip_ratio=0.5),
    dict(
        type='Normalize',
        mean=[123.675, 116.28, 103.53],
        std=[58.395, 57.12, 57.375],
        to_rgb=True),
    dict(type='Pad', size_divisor=32),
    dict(type='DefaultFormatBundle'),
    dict(type='Collect', keys=['img', 'gt_bboxes', 'gt_labels'])
]
test_pipeline = [
    dict(type='LoadImageFromFile'),
    dict(
        type='MultiScaleFlipAug',
        img_scale=(1550, 1550),
        flip=False,
        transforms=[
            dict(type='Resize', keep_ratio=True),
            dict(type='RandomFlip'),
            dict(
                type='Normalize',
                mean=[123.675, 116.28, 103.53],
                std=[58.395, 57.12, 57.375],
                to_rgb=True),
            dict(type='Pad', size_divisor=32),
            dict(type='ImageToTensor', keys=['img']),
            dict(type='Collect', keys=['img'])
        ])
]
data = dict(
    samples_per_gpu=2,
    workers_per_gpu=2,
    train=dict(
        type='CocoDataset',
        ann_file='data/coco/annotations/annotations_trai.json',
        img_prefix='data/coco/img/',
        pipeline=[
            dict(type='LoadImageFromFile'),
            dict(type='LoadAnnotations', with_bbox=True),
            dict(type='Resize', img_scale=(1550, 1550), keep_ratio=True),
            dict(type='RandomFlip', flip_ratio=0.5),
            dict(
                type='Normalize',
                mean=[123.675, 116.28, 103.53],
                std=[58.395, 57.12, 57.375],
                to_rgb=True),
            dict(type='Pad', size_divisor=32),
            dict(type='DefaultFormatBundle'),
            dict(type='Collect', keys=['img', 'gt_bboxes', 'gt_labels'])
        ]),
    val=dict(
        type='CocoDataset',
        ann_file='data/coco/annotations/annotations_test.json',
        img_prefix='data/coco/img/',
        pipeline=[
            dict(type='LoadImageFromFile'),
            dict(
                type='MultiScaleFlipAug',
                img_scale=(1550, 1550),
                flip=False,
                transforms=[
                    dict(type='Resize', keep_ratio=True),
                    dict(type='RandomFlip'),
                    dict(
                        type='Normalize',
                        mean=[123.675, 116.28, 103.53],
                        std=[58.395, 57.12, 57.375],
                        to_rgb=True),
                    dict(type='Pad', size_divisor=32),
                    dict(type='ImageToTensor', keys=['img']),
                    dict(type='Collect', keys=['img'])
                ])
        ]),
    test=dict(
        type='CocoDataset',
        ann_file='data/coco/annotations/annotations_vals.json',
        img_prefix='data/coco/img/',
        pipeline=[
            dict(type='LoadImageFromFile'),
            dict(
                type='MultiScaleFlipAug',
                img_scale=(1550, 1550),
                flip=False,
                transforms=[
                    dict(type='Resize', keep_ratio=True),
                    dict(type='RandomFlip'),
                    dict(
                        type='Normalize',
                        mean=[123.675, 116.28, 103.53],
                        std=[58.395, 57.12, 57.375],
                        to_rgb=True),
                    dict(type='Pad', size_divisor=32),
                    dict(type='ImageToTensor', keys=['img']),
                    dict(type='Collect', keys=['img'])
                ])
        ]))
evaluation = dict(interval=1, metric='bbox')
optimizer = dict(type='SGD', lr=0.01, momentum=0.9, weight_decay=0.0001)
optimizer_config = dict(grad_clip=None)
lr_config = dict(
    policy='step',
    warmup='linear',
    warmup_iters=500,
    warmup_ratio=0.001,
    step=[8, 11])
total_epochs = 4
checkpoint_config = dict(interval=4)
log_config = dict(interval=100, hooks=[dict(type='TextLoggerHook')])
dist_params = dict(backend='nccl')
log_level = 'INFO'
load_from = '/home/admin/.cache/torch/checkpoints/X.pth'
resume_from = None
workflow = [('train', 2), ('val', 1)]
work_dir = '/home/admin/jupyter/SecurityAI_Round5/data/work'
gpu_ids = range(0, 1)

2020-11-19 23:20:42,629 - mmdet - INFO - load model from: torchvision://resnet50
2020-11-19 23:20:50,593 - mmdet - WARNING - The model and loaded state dict do not match exactly

unexpected key in source state_dict: fc.weight, fc.bias

2020-11-19 23:21:00,660 - mmdet - INFO - load checkpoint from /home/admin/.cache/torch/checkpoints/X.pth
2020-11-19 23:21:07,388 - mmdet - INFO - Start running, host: admin@fuxilabor_labor0_S4_Odps_S96_dsw_prepaid_cnsh_838_2020111911384, work_dir: /home/admin/jupyter/SecurityAI_Round5/data/work
2020-11-19 23:21:07,388 - mmdet - INFO - workflow: [('train', 2), ('val', 1)], max: 4 epochs
2020-11-19 23:22:24,651 - mmdet - INFO - Epoch [1][100/629]	lr: 1.988e-03, eta: 0:31:01, time: 0.771, data_time: 0.033, memory: 10075, loss_rpn_cls: 0.0040, loss_rpn_bbox: 0.0331, loss_cls: 0.0317, acc: 98.7529, loss_bbox: 0.0807, loss: 0.1495
2020-11-19 23:23:39,470 - mmdet - INFO - Epoch [1][200/629]	lr: 3.986e-03, eta: 0:29:18, time: 0.748, data_time: 0.012, memory: 10075, loss_rpn_cls: 0.0044, loss_rpn_bbox: 0.0338, loss_cls: 0.0382, acc: 98.3369, loss_bbox: 0.0806, loss: 0.1569
2020-11-19 23:24:53,993 - mmdet - INFO - Epoch [1][300/629]	lr: 5.984e-03, eta: 0:27:52, time: 0.745, data_time: 0.012, memory: 10075, loss_rpn_cls: 0.0022, loss_rpn_bbox: 0.0285, loss_cls: 0.0301, acc: 98.7080, loss_bbox: 0.0753, loss: 0.1361
2020-11-19 23:26:08,443 - mmdet - INFO - Epoch [1][400/629]	lr: 7.982e-03, eta: 0:26:31, time: 0.744, data_time: 0.012, memory: 10075, loss_rpn_cls: 0.0031, loss_rpn_bbox: 0.0353, loss_cls: 0.0362, acc: 98.4824, loss_bbox: 0.0825, loss: 0.1572
2020-11-19 23:27:23,046 - mmdet - INFO - Epoch [1][500/629]	lr: 9.980e-03, eta: 0:25:13, time: 0.746, data_time: 0.012, memory: 10075, loss_rpn_cls: 0.0030, loss_rpn_bbox: 0.0388, loss_cls: 0.0434, acc: 98.1709, loss_bbox: 0.0919, loss: 0.1771
2020-11-19 23:28:37,571 - mmdet - INFO - Epoch [1][600/629]	lr: 1.000e-02, eta: 0:23:56, time: 0.745, data_time: 0.012, memory: 10075, loss_rpn_cls: 0.0032, loss_rpn_bbox: 0.0390, loss_cls: 0.0377, acc: 98.4307, loss_bbox: 0.0874, loss: 0.1674
2020-11-19 23:29:25,071 - mmdet - INFO - Evaluating bbox...
2020-11-19 23:29:28,373 - mmdet - INFO - Epoch [1][629/629]	lr: 1.000e-02, bbox_mAP: 0.7750, bbox_mAP_50: 0.8490, bbox_mAP_75: 0.8290, bbox_mAP_s: 0.4720, bbox_mAP_m: 0.8140, bbox_mAP_l: 0.8700, bbox_mAP_copypaste: 0.775 0.849 0.829 0.472 0.814 0.870
2020-11-19 23:30:45,538 - mmdet - INFO - Epoch [2][100/629]	lr: 1.000e-02, eta: 0:21:31, time: 0.770, data_time: 0.033, memory: 10075, loss_rpn_cls: 0.0027, loss_rpn_bbox: 0.0348, loss_cls: 0.0328, acc: 98.6250, loss_bbox: 0.0806, loss: 0.1508
2020-11-19 23:32:00,370 - mmdet - INFO - Epoch [2][200/629]	lr: 1.000e-02, eta: 0:20:24, time: 0.748, data_time: 0.012, memory: 10075, loss_rpn_cls: 0.0038, loss_rpn_bbox: 0.0388, loss_cls: 0.0408, acc: 98.2793, loss_bbox: 0.0859, loss: 0.1692
2020-11-19 23:33:15,308 - mmdet - INFO - Epoch [2][300/629]	lr: 1.000e-02, eta: 0:19:16, time: 0.749, data_time: 0.012, memory: 10075, loss_rpn_cls: 0.0032, loss_rpn_bbox: 0.0404, loss_cls: 0.0375, acc: 98.4521, loss_bbox: 0.0936, loss: 0.1747
2020-11-19 23:34:30,115 - mmdet - INFO - Epoch [2][400/629]	lr: 1.000e-02, eta: 0:18:06, time: 0.748, data_time: 0.012, memory: 10075, loss_rpn_cls: 0.0030, loss_rpn_bbox: 0.0387, loss_cls: 0.0389, acc: 98.3906, loss_bbox: 0.0933, loss: 0.1739
2020-11-19 23:35:44,828 - mmdet - INFO - Epoch [2][500/629]	lr: 1.000e-02, eta: 0:16:55, time: 0.747, data_time: 0.012, memory: 10075, loss_rpn_cls: 0.0035, loss_rpn_bbox: 0.0390, loss_cls: 0.0368, acc: 98.4463, loss_bbox: 0.0870, loss: 0.1663
2020-11-19 23:36:59,723 - mmdet - INFO - Epoch [2][600/629]	lr: 1.000e-02, eta: 0:15:43, time: 0.749, data_time: 0.012, memory: 10075, loss_rpn_cls: 0.0033, loss_rpn_bbox: 0.0401, loss_cls: 0.0440, acc: 98.1182, loss_bbox: 0.0985, loss: 0.1859
2020-11-19 23:37:46,954 - mmdet - INFO - Evaluating bbox...
2020-11-19 23:37:50,367 - mmdet - INFO - Epoch [2][629/629]	lr: 1.000e-02, bbox_mAP: 0.7780, bbox_mAP_50: 0.8530, bbox_mAP_75: 0.8330, bbox_mAP_s: 0.4580, bbox_mAP_m: 0.8150, bbox_mAP_l: 0.8720, bbox_mAP_copypaste: 0.778 0.853 0.833 0.458 0.815 0.872
2020-11-19 23:38:22,423 - mmdet - INFO - Epoch(train) [2][80]	loss_rpn_cls: 0.0046, loss_rpn_bbox: 0.0404, loss_cls: 0.0452, acc: 98.1848, loss_bbox: 0.0955, loss: 0.1857
2020-11-19 23:39:39,378 - mmdet - INFO - Epoch [3][100/629]	lr: 1.000e-02, eta: 0:13:53, time: 0.768, data_time: 0.033, memory: 10075, loss_rpn_cls: 0.0035, loss_rpn_bbox: 0.0383, loss_cls: 0.0406, acc: 98.2393, loss_bbox: 0.0921, loss: 0.1745
2020-11-19 23:40:54,100 - mmdet - INFO - Epoch [3][200/629]	lr: 1.000e-02, eta: 0:12:43, time: 0.747, data_time: 0.012, memory: 10075, loss_rpn_cls: 0.0035, loss_rpn_bbox: 0.0387, loss_cls: 0.0444, acc: 98.1592, loss_bbox: 0.0995, loss: 0.1861
2020-11-19 23:42:08,927 - mmdet - INFO - Epoch [3][300/629]	lr: 1.000e-02, eta: 0:11:33, time: 0.748, data_time: 0.012, memory: 10075, loss_rpn_cls: 0.0032, loss_rpn_bbox: 0.0369, loss_cls: 0.0346, acc: 98.5977, loss_bbox: 0.0925, loss: 0.1671
2020-11-19 23:43:23,645 - mmdet - INFO - Epoch [3][400/629]	lr: 1.000e-02, eta: 0:10:22, time: 0.747, data_time: 0.012, memory: 10075, loss_rpn_cls: 0.0041, loss_rpn_bbox: 0.0434, loss_cls: 0.0416, acc: 98.2285, loss_bbox: 0.0940, loss: 0.1830
2020-11-19 23:44:38,557 - mmdet - INFO - Epoch [3][500/629]	lr: 1.000e-02, eta: 0:09:10, time: 0.749, data_time: 0.012, memory: 10075, loss_rpn_cls: 0.0033, loss_rpn_bbox: 0.0373, loss_cls: 0.0358, acc: 98.4639, loss_bbox: 0.0852, loss: 0.1616
2020-11-19 23:45:53,387 - mmdet - INFO - Epoch [3][600/629]	lr: 1.000e-02, eta: 0:07:58, time: 0.748, data_time: 0.012, memory: 10075, loss_rpn_cls: 0.0036, loss_rpn_bbox: 0.0401, loss_cls: 0.0422, acc: 98.2539, loss_bbox: 0.0913, loss: 0.1772
2020-11-19 23:46:40,723 - mmdet - INFO - Evaluating bbox...
2020-11-19 23:46:44,146 - mmdet - INFO - Epoch [3][629/629]	lr: 1.000e-02, bbox_mAP: 0.7750, bbox_mAP_50: 0.8530, bbox_mAP_75: 0.8280, bbox_mAP_s: 0.4540, bbox_mAP_m: 0.8070, bbox_mAP_l: 0.8730, bbox_mAP_copypaste: 0.775 0.853 0.828 0.454 0.807 0.873
2020-11-19 23:48:01,381 - mmdet - INFO - Epoch [4][100/629]	lr: 1.000e-02, eta: 0:06:20, time: 0.770, data_time: 0.033, memory: 10075, loss_rpn_cls: 0.0035, loss_rpn_bbox: 0.0385, loss_cls: 0.0424, acc: 98.1768, loss_bbox: 0.0934, loss: 0.1777
2020-11-19 23:49:16,241 - mmdet - INFO - Epoch [4][200/629]	lr: 1.000e-02, eta: 0:05:09, time: 0.749, data_time: 0.012, memory: 10075, loss_rpn_cls: 0.0174, loss_rpn_bbox: 0.0537, loss_cls: 0.0494, acc: 98.1123, loss_bbox: 0.1038, loss: 0.2242
2020-11-19 23:50:31,721 - mmdet - INFO - Epoch [4][300/629]	lr: 1.000e-02, eta: 0:03:57, time: 0.755, data_time: 0.012, memory: 10075, loss_rpn_cls: 0.0086, loss_rpn_bbox: 0.0538, loss_cls: 0.0454, acc: 98.1943, loss_bbox: 0.1070, loss: 0.2149
2020-11-19 23:51:47,088 - mmdet - INFO - Epoch [4][400/629]	lr: 1.000e-02, eta: 0:02:45, time: 0.754, data_time: 0.012, memory: 10075, loss_rpn_cls: 0.0074, loss_rpn_bbox: 0.0449, loss_cls: 0.0385, acc: 98.3584, loss_bbox: 0.0905, loss: 0.1813
2020-11-19 23:53:02,260 - mmdet - INFO - Epoch [4][500/629]	lr: 1.000e-02, eta: 0:01:33, time: 0.752, data_time: 0.012, memory: 10075, loss_rpn_cls: 0.0096, loss_rpn_bbox: 0.0432, loss_cls: 0.0413, acc: 98.3447, loss_bbox: 0.0948, loss: 0.1889
2020-11-19 23:54:17,393 - mmdet - INFO - Epoch [4][600/629]	lr: 1.000e-02, eta: 0:00:21, time: 0.751, data_time: 0.012, memory: 10075, loss_rpn_cls: 0.0059, loss_rpn_bbox: 0.0460, loss_cls: 0.0434, acc: 98.2275, loss_bbox: 0.0954, loss: 0.1907
2020-11-19 23:54:39,008 - mmdet - INFO - Saving checkpoint at 4 epochs
2020-11-19 23:55:06,595 - mmdet - INFO - Evaluating bbox...
2020-11-19 23:55:09,958 - mmdet - INFO - Epoch [4][629/629]	lr: 1.000e-02, bbox_mAP: 0.7690, bbox_mAP_50: 0.8570, bbox_mAP_75: 0.8210, bbox_mAP_s: 0.4450, bbox_mAP_m: 0.7860, bbox_mAP_l: 0.8650, bbox_mAP_copypaste: 0.769 0.857 0.821 0.445 0.786 0.865
2020-11-19 23:55:41,984 - mmdet - INFO - Epoch(train) [4][80]	loss_rpn_cls: 0.0064, loss_rpn_bbox: 0.0466, loss_cls: 0.0470, acc: 97.9944, loss_bbox: 0.1013, loss: 0.2013
