2020-11-19 20:35:36,968 - mmdet - INFO - Environment info:
------------------------------------------------------------
sys.platform: linux
Python: 3.6.4 |Anaconda, Inc.| (default, Jan 16 2018, 18:10:19) [GCC 7.2.0]
CUDA available: True
CUDA_HOME: /usr/local/cuda
NVCC: Cuda compilation tools, release 10.0, V10.0.130
GPU 0: Tesla P100-PCIE-16GB
GCC: gcc (GCC) 5.3.0
PyTorch: 1.3.1+cu100
PyTorch compiling details: PyTorch built with:
  - GCC 7.3
  - Intel(R) Math Kernel Library Version 2019.0.4 Product Build 20190411 for Intel(R) 64 architecture applications
  - Intel(R) MKL-DNN v0.20.5 (Git Hash 0125f28c61c1f822fd48570b4c1066f96fcb9b2e)
  - OpenMP 201511 (a.k.a. OpenMP 4.5)
  - NNPACK is enabled
  - CUDA Runtime 10.0
  - NVCC architecture flags: -gencode;arch=compute_37,code=sm_37;-gencode;arch=compute_50,code=sm_50;-gencode;arch=compute_60,code=sm_60;-gencode;arch=compute_61,code=sm_61;-gencode;arch=compute_70,code=sm_70;-gencode;arch=compute_75,code=sm_75;-gencode;arch=compute_37,code=compute_37
  - CuDNN 7.6.3
  - Magma 2.5.1
  - Build settings: BLAS=MKL, BUILD_NAMEDTENSOR=OFF, BUILD_TYPE=Release, CXX_FLAGS= -Wno-deprecated -fvisibility-inlines-hidden -fopenmp -DUSE_FBGEMM -DUSE_QNNPACK -DUSE_PYTORCH_QNNPACK -O2 -fPIC -Wno-narrowing -Wall -Wextra -Wno-missing-field-initializers -Wno-type-limits -Wno-array-bounds -Wno-unknown-pragmas -Wno-sign-compare -Wno-unused-parameter -Wno-unused-variable -Wno-unused-function -Wno-unused-result -Wno-strict-overflow -Wno-strict-aliasing -Wno-error=deprecated-declarations -Wno-stringop-overflow -Wno-error=pedantic -Wno-error=redundant-decls -Wno-error=old-style-cast -fdiagnostics-color=always -faligned-new -Wno-unused-but-set-variable -Wno-maybe-uninitialized -fno-math-errno -fno-trapping-math -Wno-stringop-overflow, DISABLE_NUMA=1, PERF_WITH_AVX=1, PERF_WITH_AVX2=1, PERF_WITH_AVX512=1, USE_CUDA=True, USE_EXCEPTION_PTR=1, USE_GFLAGS=OFF, USE_GLOG=OFF, USE_MKL=ON, USE_MKLDNN=ON, USE_MPI=OFF, USE_NCCL=ON, USE_NNPACK=ON, USE_OPENMP=ON, USE_STATIC_DISPATCH=OFF, 

TorchVision: 0.4.2+cu100
OpenCV: 4.4.0
MMCV: 1.0.5
MMDetection: 2.3.0+788fa8d
MMDetection Compiler: GCC 7.3
MMDetection CUDA Compiler: 10.0
------------------------------------------------------------

2020-11-19 20:35:36,968 - mmdet - INFO - Distributed training: False
2020-11-19 20:35:37,363 - mmdet - INFO - Config:
model = dict(
    type='FasterRCNN',
    pretrained='torchvision://resnet50',
    backbone=dict(
        type='ResNet',
        depth=50,
        num_stages=4,
        out_indices=(0, 1, 2, 3),
        frozen_stages=1,
        norm_cfg=dict(type='BN', requires_grad=True),
        norm_eval=True,
        style='pytorch'),
    neck=dict(
        type='FPN',
        in_channels=[256, 512, 1024, 2048],
        out_channels=256,
        num_outs=5),
    rpn_head=dict(
        type='RPNHead',
        in_channels=256,
        feat_channels=256,
        anchor_generator=dict(
            type='AnchorGenerator',
            scales=[8],
            ratios=[0.5, 1.0, 2.0],
            strides=[4, 8, 16, 32, 64]),
        bbox_coder=dict(
            type='DeltaXYWHBBoxCoder',
            target_means=[0.0, 0.0, 0.0, 0.0],
            target_stds=[1.0, 1.0, 1.0, 1.0]),
        loss_cls=dict(
            type='CrossEntropyLoss', use_sigmoid=True, loss_weight=1.0),
        loss_bbox=dict(type='L1Loss', loss_weight=1.0)),
    roi_head=dict(
        type='StandardRoIHead',
        bbox_roi_extractor=dict(
            type='SingleRoIExtractor',
            roi_layer=dict(type='RoIAlign', output_size=7, sampling_ratio=0),
            out_channels=256,
            featmap_strides=[4, 8, 16, 32]),
        bbox_head=dict(
            type='Shared2FCBBoxHead',
            in_channels=256,
            fc_out_channels=1024,
            roi_feat_size=7,
            num_classes=2,
            bbox_coder=dict(
                type='DeltaXYWHBBoxCoder',
                target_means=[0.0, 0.0, 0.0, 0.0],
                target_stds=[0.1, 0.1, 0.2, 0.2]),
            reg_class_agnostic=False,
            loss_cls=dict(
                type='CrossEntropyLoss', use_sigmoid=False, loss_weight=1.0),
            loss_bbox=dict(type='L1Loss', loss_weight=1.0))))
train_cfg = dict(
    rpn=dict(
        assigner=dict(
            type='MaxIoUAssigner',
            pos_iou_thr=0.7,
            neg_iou_thr=0.3,
            min_pos_iou=0.3,
            match_low_quality=True,
            ignore_iof_thr=-1),
        sampler=dict(
            type='RandomSampler',
            num=256,
            pos_fraction=0.5,
            neg_pos_ub=-1,
            add_gt_as_proposals=False),
        allowed_border=-1,
        pos_weight=-1,
        debug=False),
    rpn_proposal=dict(
        nms_across_levels=False,
        nms_pre=2000,
        nms_post=1000,
        max_num=1000,
        nms_thr=0.7,
        min_bbox_size=0),
    rcnn=dict(
        assigner=dict(
            type='MaxIoUAssigner',
            pos_iou_thr=0.5,
            neg_iou_thr=0.5,
            min_pos_iou=0.5,
            match_low_quality=False,
            ignore_iof_thr=-1),
        sampler=dict(
            type='RandomSampler',
            num=512,
            pos_fraction=0.25,
            neg_pos_ub=-1,
            add_gt_as_proposals=True),
        pos_weight=-1,
        debug=False))
test_cfg = dict(
    rpn=dict(
        nms_across_levels=False,
        nms_pre=1000,
        nms_post=1000,
        max_num=1000,
        nms_thr=0.7,
        min_bbox_size=0),
    rcnn=dict(
        score_thr=0.05,
        nms=dict(type='nms', iou_threshold=0.5),
        max_per_img=100))
dataset_type = 'CocoDataset'
data_root = 'data/coco/'
img_norm_cfg = dict(
    mean=[123.675, 116.28, 103.53], std=[58.395, 57.12, 57.375], to_rgb=True)
train_pipeline = [
    dict(type='LoadImageFromFile'),
    dict(type='LoadAnnotations', with_bbox=True),
    dict(type='Resize', img_scale=(1550, 1550), keep_ratio=True),
    dict(type='RandomFlip', flip_ratio=0.5),
    dict(
        type='Normalize',
        mean=[123.675, 116.28, 103.53],
        std=[58.395, 57.12, 57.375],
        to_rgb=True),
    dict(type='Pad', size_divisor=32),
    dict(type='DefaultFormatBundle'),
    dict(type='Collect', keys=['img', 'gt_bboxes', 'gt_labels'])
]
test_pipeline = [
    dict(type='LoadImageFromFile'),
    dict(
        type='MultiScaleFlipAug',
        img_scale=(1550, 1550),
        flip=False,
        transforms=[
            dict(type='Resize', keep_ratio=True),
            dict(type='RandomFlip'),
            dict(
                type='Normalize',
                mean=[123.675, 116.28, 103.53],
                std=[58.395, 57.12, 57.375],
                to_rgb=True),
            dict(type='Pad', size_divisor=32),
            dict(type='ImageToTensor', keys=['img']),
            dict(type='Collect', keys=['img'])
        ])
]
data = dict(
    samples_per_gpu=2,
    workers_per_gpu=2,
    train=dict(
        type='CocoDataset',
        ann_file='data/coco/annotations/annotations_trai.json',
        img_prefix='data/coco/img/',
        pipeline=[
            dict(type='LoadImageFromFile'),
            dict(type='LoadAnnotations', with_bbox=True),
            dict(type='Resize', img_scale=(1550, 1550), keep_ratio=True),
            dict(type='RandomFlip', flip_ratio=0.5),
            dict(
                type='Normalize',
                mean=[123.675, 116.28, 103.53],
                std=[58.395, 57.12, 57.375],
                to_rgb=True),
            dict(type='Pad', size_divisor=32),
            dict(type='DefaultFormatBundle'),
            dict(type='Collect', keys=['img', 'gt_bboxes', 'gt_labels'])
        ]),
    val=dict(
        type='CocoDataset',
        ann_file='data/coco/annotations/annotations_test.json',
        img_prefix='data/coco/img/',
        pipeline=[
            dict(type='LoadImageFromFile'),
            dict(
                type='MultiScaleFlipAug',
                img_scale=(1550, 1550),
                flip=False,
                transforms=[
                    dict(type='Resize', keep_ratio=True),
                    dict(type='RandomFlip'),
                    dict(
                        type='Normalize',
                        mean=[123.675, 116.28, 103.53],
                        std=[58.395, 57.12, 57.375],
                        to_rgb=True),
                    dict(type='Pad', size_divisor=32),
                    dict(type='ImageToTensor', keys=['img']),
                    dict(type='Collect', keys=['img'])
                ])
        ]),
    test=dict(
        type='CocoDataset',
        ann_file='data/coco/annotations/annotations_vals.json',
        img_prefix='data/coco/img/',
        pipeline=[
            dict(type='LoadImageFromFile'),
            dict(
                type='MultiScaleFlipAug',
                img_scale=(1550, 1550),
                flip=False,
                transforms=[
                    dict(type='Resize', keep_ratio=True),
                    dict(type='RandomFlip'),
                    dict(
                        type='Normalize',
                        mean=[123.675, 116.28, 103.53],
                        std=[58.395, 57.12, 57.375],
                        to_rgb=True),
                    dict(type='Pad', size_divisor=32),
                    dict(type='ImageToTensor', keys=['img']),
                    dict(type='Collect', keys=['img'])
                ])
        ]))
evaluation = dict(interval=1, metric='bbox')
optimizer = dict(type='SGD', lr=0.01, momentum=0.9, weight_decay=0.0001)
optimizer_config = dict(grad_clip=None)
lr_config = dict(
    policy='step',
    warmup='linear',
    warmup_iters=500,
    warmup_ratio=0.001,
    step=[8, 11])
total_epochs = 4
checkpoint_config = dict(interval=4)
log_config = dict(interval=100, hooks=[dict(type='TextLoggerHook')])
dist_params = dict(backend='nccl')
log_level = 'INFO'
load_from = '/home/admin/.cache/torch/checkpoints/X.pth'
resume_from = None
workflow = [('train', 2), ('val', 1)]
work_dir = '/home/admin/jupyter/SecurityAI_Round5/data/work'
gpu_ids = range(0, 1)

2020-11-19 20:35:37,866 - mmdet - INFO - load model from: torchvision://resnet50
2020-11-19 20:35:45,784 - mmdet - WARNING - The model and loaded state dict do not match exactly

unexpected key in source state_dict: fc.weight, fc.bias

2020-11-19 20:35:55,901 - mmdet - INFO - load checkpoint from /home/admin/.cache/torch/checkpoints/X.pth
2020-11-19 20:36:02,419 - mmdet - INFO - Start running, host: admin@fuxilabor_labor0_S4_Odps_S96_dsw_prepaid_cnsh_838_2020111911384, work_dir: /home/admin/jupyter/SecurityAI_Round5/data/work
2020-11-19 20:36:02,419 - mmdet - INFO - workflow: [('train', 2), ('val', 1)], max: 4 epochs
2020-11-19 20:37:19,891 - mmdet - INFO - Epoch [1][100/619]	lr: 1.988e-03, eta: 0:30:36, time: 0.773, data_time: 0.033, memory: 8018, loss_rpn_cls: 0.0024, loss_rpn_bbox: 0.0318, loss_cls: 0.0382, acc: 98.4336, loss_bbox: 0.0849, loss: 0.1574
2020-11-19 20:38:34,718 - mmdet - INFO - Epoch [1][200/619]	lr: 3.986e-03, eta: 0:28:50, time: 0.748, data_time: 0.012, memory: 11907, loss_rpn_cls: 0.0042, loss_rpn_bbox: 0.0343, loss_cls: 0.0408, acc: 98.2471, loss_bbox: 0.0893, loss: 0.1685
2020-11-19 20:39:49,554 - mmdet - INFO - Epoch [1][300/619]	lr: 5.984e-03, eta: 0:27:26, time: 0.748, data_time: 0.012, memory: 11907, loss_rpn_cls: 0.0032, loss_rpn_bbox: 0.0347, loss_cls: 0.0409, acc: 98.2412, loss_bbox: 0.0825, loss: 0.1613
2020-11-19 20:41:04,183 - mmdet - INFO - Epoch [1][400/619]	lr: 7.982e-03, eta: 0:26:05, time: 0.746, data_time: 0.012, memory: 11907, loss_rpn_cls: 0.0029, loss_rpn_bbox: 0.0326, loss_cls: 0.0374, acc: 98.4648, loss_bbox: 0.0818, loss: 0.1548
2020-11-19 20:42:19,018 - mmdet - INFO - Epoch [1][500/619]	lr: 9.980e-03, eta: 0:24:47, time: 0.748, data_time: 0.012, memory: 11907, loss_rpn_cls: 0.0031, loss_rpn_bbox: 0.0383, loss_cls: 0.0396, acc: 98.4004, loss_bbox: 0.0879, loss: 0.1688
2020-11-19 20:43:33,828 - mmdet - INFO - Epoch [1][600/619]	lr: 1.000e-02, eta: 0:23:30, time: 0.748, data_time: 0.012, memory: 11907, loss_rpn_cls: 0.0033, loss_rpn_bbox: 0.0391, loss_cls: 0.0358, acc: 98.5273, loss_bbox: 0.0949, loss: 0.1732
2020-11-19 20:44:12,203 - mmdet - INFO - Evaluating bbox...
2020-11-19 20:44:14,369 - mmdet - INFO - Epoch [1][619/619]	lr: 1.000e-02, bbox_mAP: 0.8040, bbox_mAP_50: 0.8690, bbox_mAP_75: 0.8540, bbox_mAP_s: 0.4960, bbox_mAP_m: 0.8220, bbox_mAP_l: 0.8970, bbox_mAP_copypaste: 0.804 0.869 0.854 0.496 0.822 0.897
2020-11-19 20:45:31,515 - mmdet - INFO - Epoch [2][100/619]	lr: 1.000e-02, eta: 0:21:30, time: 0.770, data_time: 0.033, memory: 11907, loss_rpn_cls: 0.0032, loss_rpn_bbox: 0.0379, loss_cls: 0.0439, acc: 98.1211, loss_bbox: 0.0897, loss: 0.1748
2020-11-19 20:46:46,204 - mmdet - INFO - Epoch [2][200/619]	lr: 1.000e-02, eta: 0:20:19, time: 0.747, data_time: 0.012, memory: 11907, loss_rpn_cls: 0.0033, loss_rpn_bbox: 0.0374, loss_cls: 0.0415, acc: 98.2686, loss_bbox: 0.0893, loss: 0.1714
2020-11-19 20:48:00,946 - mmdet - INFO - Epoch [2][300/619]	lr: 1.000e-02, eta: 0:19:07, time: 0.747, data_time: 0.012, memory: 11907, loss_rpn_cls: 0.0040, loss_rpn_bbox: 0.0395, loss_cls: 0.0458, acc: 98.0967, loss_bbox: 0.0936, loss: 0.1829
2020-11-19 20:49:15,494 - mmdet - INFO - Epoch [2][400/619]	lr: 1.000e-02, eta: 0:17:55, time: 0.745, data_time: 0.012, memory: 11907, loss_rpn_cls: 0.0041, loss_rpn_bbox: 0.0387, loss_cls: 0.0403, acc: 98.3555, loss_bbox: 0.0890, loss: 0.1721
2020-11-19 20:50:30,404 - mmdet - INFO - Epoch [2][500/619]	lr: 1.000e-02, eta: 0:16:42, time: 0.749, data_time: 0.012, memory: 11907, loss_rpn_cls: 0.0047, loss_rpn_bbox: 0.0409, loss_cls: 0.0419, acc: 98.2588, loss_bbox: 0.0941, loss: 0.1816
2020-11-19 20:51:45,087 - mmdet - INFO - Epoch [2][600/619]	lr: 1.000e-02, eta: 0:15:29, time: 0.747, data_time: 0.012, memory: 11907, loss_rpn_cls: 0.0035, loss_rpn_bbox: 0.0414, loss_cls: 0.0400, acc: 98.3252, loss_bbox: 0.0975, loss: 0.1824
2020-11-19 20:52:23,257 - mmdet - INFO - Evaluating bbox...
2020-11-19 20:52:25,490 - mmdet - INFO - Epoch [2][619/619]	lr: 1.000e-02, bbox_mAP: 0.8010, bbox_mAP_50: 0.8730, bbox_mAP_75: 0.8570, bbox_mAP_s: 0.4850, bbox_mAP_m: 0.8200, bbox_mAP_l: 0.8850, bbox_mAP_copypaste: 0.801 0.873 0.857 0.485 0.820 0.885
2020-11-19 20:52:55,823 - mmdet - INFO - Epoch(train) [2][75]	loss_rpn_cls: 0.0037, loss_rpn_bbox: 0.0392, loss_cls: 0.0430, acc: 98.1823, loss_bbox: 0.0980, loss: 0.1839
2020-11-19 20:54:12,847 - mmdet - INFO - Epoch [3][100/619]	lr: 1.000e-02, eta: 0:13:52, time: 0.768, data_time: 0.033, memory: 11907, loss_rpn_cls: 0.0044, loss_rpn_bbox: 0.0403, loss_cls: 0.0499, acc: 97.9160, loss_bbox: 0.1033, loss: 0.1980
2020-11-19 20:55:27,619 - mmdet - INFO - Epoch [3][200/619]	lr: 1.000e-02, eta: 0:12:40, time: 0.748, data_time: 0.012, memory: 11907, loss_rpn_cls: 0.0038, loss_rpn_bbox: 0.0410, loss_cls: 0.0387, acc: 98.3672, loss_bbox: 0.0932, loss: 0.1767
2020-11-19 20:56:42,320 - mmdet - INFO - Epoch [3][300/619]	lr: 1.000e-02, eta: 0:11:27, time: 0.747, data_time: 0.012, memory: 11907, loss_rpn_cls: 0.0041, loss_rpn_bbox: 0.0403, loss_cls: 0.0468, acc: 98.0664, loss_bbox: 0.1026, loss: 0.1938
2020-11-19 20:57:57,130 - mmdet - INFO - Epoch [3][400/619]	lr: 1.000e-02, eta: 0:10:15, time: 0.748, data_time: 0.012, memory: 11907, loss_rpn_cls: 0.0032, loss_rpn_bbox: 0.0410, loss_cls: 0.0383, acc: 98.3623, loss_bbox: 0.0914, loss: 0.1738
2020-11-19 20:59:12,000 - mmdet - INFO - Epoch [3][500/619]	lr: 1.000e-02, eta: 0:09:02, time: 0.749, data_time: 0.012, memory: 11907, loss_rpn_cls: 0.0030, loss_rpn_bbox: 0.0375, loss_cls: 0.0403, acc: 98.3018, loss_bbox: 0.0936, loss: 0.1745
2020-11-19 21:00:26,612 - mmdet - INFO - Epoch [3][600/619]	lr: 1.000e-02, eta: 0:07:49, time: 0.746, data_time: 0.012, memory: 11907, loss_rpn_cls: 0.0023, loss_rpn_bbox: 0.0363, loss_cls: 0.0332, acc: 98.6016, loss_bbox: 0.0839, loss: 0.1556
2020-11-19 21:01:04,902 - mmdet - INFO - Evaluating bbox...
2020-11-19 21:01:07,054 - mmdet - INFO - Epoch [3][619/619]	lr: 1.000e-02, bbox_mAP: 0.8040, bbox_mAP_50: 0.8730, bbox_mAP_75: 0.8540, bbox_mAP_s: 0.4760, bbox_mAP_m: 0.8140, bbox_mAP_l: 0.8970, bbox_mAP_copypaste: 0.804 0.873 0.854 0.476 0.814 0.897
2020-11-19 21:02:23,984 - mmdet - INFO - Epoch [4][100/619]	lr: 1.000e-02, eta: 0:06:18, time: 0.767, data_time: 0.034, memory: 11907, loss_rpn_cls: 0.0034, loss_rpn_bbox: 0.0399, loss_cls: 0.0402, acc: 98.3125, loss_bbox: 0.0947, loss: 0.1782
2020-11-19 21:03:38,919 - mmdet - INFO - Epoch [4][200/619]	lr: 1.000e-02, eta: 0:05:06, time: 0.749, data_time: 0.012, memory: 11907, loss_rpn_cls: 0.0032, loss_rpn_bbox: 0.0382, loss_cls: 0.0408, acc: 98.2744, loss_bbox: 0.0975, loss: 0.1797
2020-11-19 21:04:53,682 - mmdet - INFO - Epoch [4][300/619]	lr: 1.000e-02, eta: 0:03:53, time: 0.748, data_time: 0.012, memory: 11907, loss_rpn_cls: 0.0038, loss_rpn_bbox: 0.0396, loss_cls: 0.0380, acc: 98.4355, loss_bbox: 0.0897, loss: 0.1711
2020-11-19 21:06:08,489 - mmdet - INFO - Epoch [4][400/619]	lr: 1.000e-02, eta: 0:02:40, time: 0.748, data_time: 0.012, memory: 11907, loss_rpn_cls: 0.0037, loss_rpn_bbox: 0.0394, loss_cls: 0.0458, acc: 98.0859, loss_bbox: 0.0962, loss: 0.1851
2020-11-19 21:07:23,371 - mmdet - INFO - Epoch [4][500/619]	lr: 1.000e-02, eta: 0:01:27, time: 0.749, data_time: 0.012, memory: 11907, loss_rpn_cls: 0.0042, loss_rpn_bbox: 0.0406, loss_cls: 0.0436, acc: 98.2061, loss_bbox: 0.0950, loss: 0.1834
2020-11-19 21:08:37,995 - mmdet - INFO - Epoch [4][600/619]	lr: 1.000e-02, eta: 0:00:13, time: 0.746, data_time: 0.012, memory: 11907, loss_rpn_cls: 0.0035, loss_rpn_bbox: 0.0406, loss_cls: 0.0452, acc: 98.0605, loss_bbox: 0.0988, loss: 0.1880
2020-11-19 21:08:52,081 - mmdet - INFO - Saving checkpoint at 4 epochs
2020-11-19 21:09:18,146 - mmdet - INFO - Evaluating bbox...
2020-11-19 21:09:20,360 - mmdet - INFO - Epoch [4][619/619]	lr: 1.000e-02, bbox_mAP: 0.7980, bbox_mAP_50: 0.8670, bbox_mAP_75: 0.8480, bbox_mAP_s: 0.4820, bbox_mAP_m: 0.8140, bbox_mAP_l: 0.8860, bbox_mAP_copypaste: 0.798 0.867 0.848 0.482 0.814 0.886
2020-11-19 21:09:50,689 - mmdet - INFO - Epoch(train) [4][75]	loss_rpn_cls: 0.0038, loss_rpn_bbox: 0.0421, loss_cls: 0.0451, acc: 98.0885, loss_bbox: 0.0950, loss: 0.1860
