2020-11-17 18:45:31,285 - mmdet - INFO - Environment info:
------------------------------------------------------------
sys.platform: linux
Python: 3.6.4 |Anaconda, Inc.| (default, Jan 16 2018, 18:10:19) [GCC 7.2.0]
CUDA available: True
CUDA_HOME: /usr/local/cuda
NVCC: Cuda compilation tools, release 10.0, V10.0.130
GPU 0: Tesla P100-PCIE-16GB
GCC: gcc (GCC) 5.3.0
PyTorch: 1.3.1+cu100
PyTorch compiling details: PyTorch built with:
  - GCC 7.3
  - Intel(R) Math Kernel Library Version 2019.0.4 Product Build 20190411 for Intel(R) 64 architecture applications
  - Intel(R) MKL-DNN v0.20.5 (Git Hash 0125f28c61c1f822fd48570b4c1066f96fcb9b2e)
  - OpenMP 201511 (a.k.a. OpenMP 4.5)
  - NNPACK is enabled
  - CUDA Runtime 10.0
  - NVCC architecture flags: -gencode;arch=compute_37,code=sm_37;-gencode;arch=compute_50,code=sm_50;-gencode;arch=compute_60,code=sm_60;-gencode;arch=compute_61,code=sm_61;-gencode;arch=compute_70,code=sm_70;-gencode;arch=compute_75,code=sm_75;-gencode;arch=compute_37,code=compute_37
  - CuDNN 7.6.3
  - Magma 2.5.1
  - Build settings: BLAS=MKL, BUILD_NAMEDTENSOR=OFF, BUILD_TYPE=Release, CXX_FLAGS= -Wno-deprecated -fvisibility-inlines-hidden -fopenmp -DUSE_FBGEMM -DUSE_QNNPACK -DUSE_PYTORCH_QNNPACK -O2 -fPIC -Wno-narrowing -Wall -Wextra -Wno-missing-field-initializers -Wno-type-limits -Wno-array-bounds -Wno-unknown-pragmas -Wno-sign-compare -Wno-unused-parameter -Wno-unused-variable -Wno-unused-function -Wno-unused-result -Wno-strict-overflow -Wno-strict-aliasing -Wno-error=deprecated-declarations -Wno-stringop-overflow -Wno-error=pedantic -Wno-error=redundant-decls -Wno-error=old-style-cast -fdiagnostics-color=always -faligned-new -Wno-unused-but-set-variable -Wno-maybe-uninitialized -fno-math-errno -fno-trapping-math -Wno-stringop-overflow, DISABLE_NUMA=1, PERF_WITH_AVX=1, PERF_WITH_AVX2=1, PERF_WITH_AVX512=1, USE_CUDA=True, USE_EXCEPTION_PTR=1, USE_GFLAGS=OFF, USE_GLOG=OFF, USE_MKL=ON, USE_MKLDNN=ON, USE_MPI=OFF, USE_NCCL=ON, USE_NNPACK=ON, USE_OPENMP=ON, USE_STATIC_DISPATCH=OFF, 

TorchVision: 0.4.2+cu100
OpenCV: 4.4.0
MMCV: 1.0.5
MMDetection: 2.3.0+788fa8d
MMDetection Compiler: GCC 7.3
MMDetection CUDA Compiler: 10.0
------------------------------------------------------------

2020-11-17 18:45:31,286 - mmdet - INFO - Distributed training: False
2020-11-17 18:45:31,718 - mmdet - INFO - Config:
model = dict(
    type='FasterRCNN',
    pretrained='torchvision://resnet50',
    backbone=dict(
        type='ResNet',
        depth=50,
        num_stages=4,
        out_indices=(0, 1, 2, 3),
        frozen_stages=1,
        norm_cfg=dict(type='BN', requires_grad=True),
        norm_eval=True,
        style='pytorch'),
    neck=dict(
        type='FPN',
        in_channels=[256, 512, 1024, 2048],
        out_channels=256,
        num_outs=5),
    rpn_head=dict(
        type='RPNHead',
        in_channels=256,
        feat_channels=256,
        anchor_generator=dict(
            type='AnchorGenerator',
            scales=[8],
            ratios=[0.5, 1.0, 2.0],
            strides=[4, 8, 16, 32, 64]),
        bbox_coder=dict(
            type='DeltaXYWHBBoxCoder',
            target_means=[0.0, 0.0, 0.0, 0.0],
            target_stds=[1.0, 1.0, 1.0, 1.0]),
        loss_cls=dict(
            type='CrossEntropyLoss', use_sigmoid=True, loss_weight=1.0),
        loss_bbox=dict(type='L1Loss', loss_weight=1.0)),
    roi_head=dict(
        type='StandardRoIHead',
        bbox_roi_extractor=dict(
            type='SingleRoIExtractor',
            roi_layer=dict(type='RoIAlign', output_size=7, sampling_ratio=0),
            out_channels=256,
            featmap_strides=[4, 8, 16, 32]),
        bbox_head=dict(
            type='Shared2FCBBoxHead',
            in_channels=256,
            fc_out_channels=1024,
            roi_feat_size=7,
            num_classes=2,
            bbox_coder=dict(
                type='DeltaXYWHBBoxCoder',
                target_means=[0.0, 0.0, 0.0, 0.0],
                target_stds=[0.1, 0.1, 0.2, 0.2]),
            reg_class_agnostic=False,
            loss_cls=dict(
                type='CrossEntropyLoss', use_sigmoid=False, loss_weight=1.0),
            loss_bbox=dict(type='L1Loss', loss_weight=1.0))))
train_cfg = dict(
    rpn=dict(
        assigner=dict(
            type='MaxIoUAssigner',
            pos_iou_thr=0.7,
            neg_iou_thr=0.3,
            min_pos_iou=0.3,
            match_low_quality=True,
            ignore_iof_thr=-1),
        sampler=dict(
            type='RandomSampler',
            num=256,
            pos_fraction=0.5,
            neg_pos_ub=-1,
            add_gt_as_proposals=False),
        allowed_border=-1,
        pos_weight=-1,
        debug=False),
    rpn_proposal=dict(
        nms_across_levels=False,
        nms_pre=2000,
        nms_post=1000,
        max_num=1000,
        nms_thr=0.7,
        min_bbox_size=0),
    rcnn=dict(
        assigner=dict(
            type='MaxIoUAssigner',
            pos_iou_thr=0.5,
            neg_iou_thr=0.5,
            min_pos_iou=0.5,
            match_low_quality=False,
            ignore_iof_thr=-1),
        sampler=dict(
            type='RandomSampler',
            num=512,
            pos_fraction=0.25,
            neg_pos_ub=-1,
            add_gt_as_proposals=True),
        pos_weight=-1,
        debug=False))
test_cfg = dict(
    rpn=dict(
        nms_across_levels=False,
        nms_pre=1000,
        nms_post=1000,
        max_num=1000,
        nms_thr=0.7,
        min_bbox_size=0),
    rcnn=dict(
        score_thr=0.05,
        nms=dict(type='nms', iou_threshold=0.5),
        max_per_img=100))
dataset_type = 'CocoDataset'
data_root = 'data/coco/'
img_norm_cfg = dict(
    mean=[123.675, 116.28, 103.53], std=[58.395, 57.12, 57.375], to_rgb=True)
train_pipeline = [
    dict(type='LoadImageFromFile'),
    dict(type='LoadAnnotations', with_bbox=True),
    dict(type='Resize', img_scale=(1550, 1550), keep_ratio=True),
    dict(type='RandomFlip', flip_ratio=0.5),
    dict(
        type='Normalize',
        mean=[123.675, 116.28, 103.53],
        std=[58.395, 57.12, 57.375],
        to_rgb=True),
    dict(type='Pad', size_divisor=32),
    dict(type='DefaultFormatBundle'),
    dict(type='Collect', keys=['img', 'gt_bboxes', 'gt_labels'])
]
test_pipeline = [
    dict(type='LoadImageFromFile'),
    dict(
        type='MultiScaleFlipAug',
        img_scale=(1550, 1550),
        flip=False,
        transforms=[
            dict(type='Resize', keep_ratio=True),
            dict(type='RandomFlip'),
            dict(
                type='Normalize',
                mean=[123.675, 116.28, 103.53],
                std=[58.395, 57.12, 57.375],
                to_rgb=True),
            dict(type='Pad', size_divisor=32),
            dict(type='ImageToTensor', keys=['img']),
            dict(type='Collect', keys=['img'])
        ])
]
data = dict(
    samples_per_gpu=2,
    workers_per_gpu=2,
    train=dict(
        type='CocoDataset',
        ann_file='data/coco/annotations/annotations_trai.json',
        img_prefix='data/coco/img/',
        pipeline=[
            dict(type='LoadImageFromFile'),
            dict(type='LoadAnnotations', with_bbox=True),
            dict(type='Resize', img_scale=(1550, 1550), keep_ratio=True),
            dict(type='RandomFlip', flip_ratio=0.5),
            dict(
                type='Normalize',
                mean=[123.675, 116.28, 103.53],
                std=[58.395, 57.12, 57.375],
                to_rgb=True),
            dict(type='Pad', size_divisor=32),
            dict(type='DefaultFormatBundle'),
            dict(type='Collect', keys=['img', 'gt_bboxes', 'gt_labels'])
        ]),
    val=dict(
        type='CocoDataset',
        ann_file='data/coco/annotations/annotations_test.json',
        img_prefix='data/coco/img/',
        pipeline=[
            dict(type='LoadImageFromFile'),
            dict(
                type='MultiScaleFlipAug',
                img_scale=(1550, 1550),
                flip=False,
                transforms=[
                    dict(type='Resize', keep_ratio=True),
                    dict(type='RandomFlip'),
                    dict(
                        type='Normalize',
                        mean=[123.675, 116.28, 103.53],
                        std=[58.395, 57.12, 57.375],
                        to_rgb=True),
                    dict(type='Pad', size_divisor=32),
                    dict(type='ImageToTensor', keys=['img']),
                    dict(type='Collect', keys=['img'])
                ])
        ]),
    test=dict(
        type='CocoDataset',
        ann_file='data/coco/annotations/annotations_vals.json',
        img_prefix='data/coco/img/',
        pipeline=[
            dict(type='LoadImageFromFile'),
            dict(
                type='MultiScaleFlipAug',
                img_scale=(1550, 1550),
                flip=False,
                transforms=[
                    dict(type='Resize', keep_ratio=True),
                    dict(type='RandomFlip'),
                    dict(
                        type='Normalize',
                        mean=[123.675, 116.28, 103.53],
                        std=[58.395, 57.12, 57.375],
                        to_rgb=True),
                    dict(type='Pad', size_divisor=32),
                    dict(type='ImageToTensor', keys=['img']),
                    dict(type='Collect', keys=['img'])
                ])
        ]))
evaluation = dict(interval=1, metric='bbox')
optimizer = dict(type='SGD', lr=0.01, momentum=0.9, weight_decay=0.0001)
optimizer_config = dict(grad_clip=None)
lr_config = dict(
    policy='step',
    warmup='linear',
    warmup_iters=500,
    warmup_ratio=0.001,
    step=[8, 11])
total_epochs = 4
checkpoint_config = dict(interval=4)
log_config = dict(interval=100, hooks=[dict(type='TextLoggerHook')])
dist_params = dict(backend='nccl')
log_level = 'INFO'
load_from = '/home/admin/.cache/torch/checkpoints/X.pth'
resume_from = None
workflow = [('train', 2), ('val', 1)]
work_dir = '/home/admin/jupyter/SecurityAI_Round5/data/work'
gpu_ids = range(0, 1)

2020-11-17 18:45:32,235 - mmdet - INFO - load model from: torchvision://resnet50
2020-11-17 18:45:40,293 - mmdet - WARNING - The model and loaded state dict do not match exactly

unexpected key in source state_dict: fc.weight, fc.bias

2020-11-17 18:45:50,818 - mmdet - INFO - load checkpoint from /home/admin/.cache/torch/checkpoints/X.pth
2020-11-17 18:45:57,706 - mmdet - INFO - Start running, host: admin@fuxilabor_labor0_S4_Odps_S96_dsw_prepaid_cnsh_838_2020111707413, work_dir: /home/admin/jupyter/SecurityAI_Round5/data/work
2020-11-17 18:45:57,706 - mmdet - INFO - workflow: [('train', 2), ('val', 1)], max: 4 epochs
2020-11-17 18:47:15,218 - mmdet - INFO - Epoch [1][100/621]	lr: 1.988e-03, eta: 0:30:43, time: 0.773, data_time: 0.034, memory: 9774, loss_rpn_cls: 0.0580, loss_rpn_bbox: 0.0978, loss_cls: 0.1693, acc: 93.6172, loss_bbox: 0.2252, loss: 0.5502
2020-11-17 18:48:29,667 - mmdet - INFO - Epoch [1][200/621]	lr: 3.986e-03, eta: 0:28:53, time: 0.744, data_time: 0.012, memory: 9774, loss_rpn_cls: 0.0483, loss_rpn_bbox: 0.0908, loss_cls: 0.1650, acc: 93.7852, loss_bbox: 0.2207, loss: 0.5248
2020-11-17 18:49:44,104 - mmdet - INFO - Epoch [1][300/621]	lr: 5.984e-03, eta: 0:27:26, time: 0.744, data_time: 0.012, memory: 9963, loss_rpn_cls: 0.0472, loss_rpn_bbox: 0.0923, loss_cls: 0.1650, acc: 93.7451, loss_bbox: 0.2318, loss: 0.5363
2020-11-17 18:50:58,368 - mmdet - INFO - Epoch [1][400/621]	lr: 7.982e-03, eta: 0:26:05, time: 0.743, data_time: 0.012, memory: 9963, loss_rpn_cls: 0.0528, loss_rpn_bbox: 0.1000, loss_cls: 0.1717, acc: 93.6230, loss_bbox: 0.2287, loss: 0.5531
2020-11-17 18:52:13,134 - mmdet - INFO - Epoch [1][500/621]	lr: 9.980e-03, eta: 0:24:48, time: 0.748, data_time: 0.012, memory: 9963, loss_rpn_cls: 0.0682, loss_rpn_bbox: 0.0994, loss_cls: 0.1663, acc: 93.8311, loss_bbox: 0.2204, loss: 0.5543
2020-11-17 18:53:27,042 - mmdet - INFO - Epoch [1][600/621]	lr: 1.000e-02, eta: 0:23:30, time: 0.739, data_time: 0.012, memory: 9963, loss_rpn_cls: 0.0490, loss_rpn_bbox: 0.0941, loss_cls: 0.1566, acc: 94.3633, loss_bbox: 0.2092, loss: 0.5089
2020-11-17 18:54:09,066 - mmdet - INFO - Evaluating bbox...
2020-11-17 18:54:16,282 - mmdet - INFO - Epoch [1][621/621]	lr: 1.000e-02, bbox_mAP: 0.5550, bbox_mAP_50: 0.6450, bbox_mAP_75: 0.5730, bbox_mAP_s: 0.0560, bbox_mAP_m: 0.3570, bbox_mAP_l: 0.6530, bbox_mAP_copypaste: 0.555 0.645 0.573 0.056 0.357 0.653
2020-11-17 18:55:33,600 - mmdet - INFO - Epoch [2][100/621]	lr: 1.000e-02, eta: 0:21:26, time: 0.771, data_time: 0.034, memory: 9963, loss_rpn_cls: 0.0594, loss_rpn_bbox: 0.0990, loss_cls: 0.1772, acc: 93.4004, loss_bbox: 0.2288, loss: 0.5644
2020-11-17 18:56:48,194 - mmdet - INFO - Epoch [2][200/621]	lr: 1.000e-02, eta: 0:20:17, time: 0.746, data_time: 0.013, memory: 9963, loss_rpn_cls: 0.0500, loss_rpn_bbox: 0.1076, loss_cls: 0.1713, acc: 93.5586, loss_bbox: 0.2325, loss: 0.5615
2020-11-17 18:58:02,757 - mmdet - INFO - Epoch [2][300/621]	lr: 1.000e-02, eta: 0:19:06, time: 0.746, data_time: 0.012, memory: 9963, loss_rpn_cls: 0.0461, loss_rpn_bbox: 0.0992, loss_cls: 0.1696, acc: 93.6455, loss_bbox: 0.2236, loss: 0.5385
2020-11-17 18:59:17,395 - mmdet - INFO - Epoch [2][400/621]	lr: 1.000e-02, eta: 0:17:54, time: 0.746, data_time: 0.012, memory: 9989, loss_rpn_cls: 0.0529, loss_rpn_bbox: 0.0970, loss_cls: 0.1677, acc: 93.7812, loss_bbox: 0.2209, loss: 0.5385
2020-11-17 19:00:31,956 - mmdet - INFO - Epoch [2][500/621]	lr: 1.000e-02, eta: 0:16:42, time: 0.746, data_time: 0.012, memory: 9989, loss_rpn_cls: 0.0719, loss_rpn_bbox: 0.1062, loss_cls: 0.1760, acc: 93.6191, loss_bbox: 0.2240, loss: 0.5782
2020-11-17 19:01:46,489 - mmdet - INFO - Epoch [2][600/621]	lr: 1.000e-02, eta: 0:15:30, time: 0.745, data_time: 0.012, memory: 9989, loss_rpn_cls: 0.0612, loss_rpn_bbox: 0.1045, loss_cls: 0.1726, acc: 93.6904, loss_bbox: 0.2169, loss: 0.5552
2020-11-17 19:02:28,043 - mmdet - INFO - Evaluating bbox...
2020-11-17 19:02:35,203 - mmdet - INFO - Epoch [2][621/621]	lr: 1.000e-02, bbox_mAP: 0.5520, bbox_mAP_50: 0.6440, bbox_mAP_75: 0.5730, bbox_mAP_s: 0.0490, bbox_mAP_m: 0.3560, bbox_mAP_l: 0.6450, bbox_mAP_copypaste: 0.552 0.644 0.573 0.049 0.356 0.645
2020-11-17 19:03:07,481 - mmdet - INFO - Epoch(train) [2][79]	loss_rpn_cls: 0.0675, loss_rpn_bbox: 0.1057, loss_cls: 0.1804, acc: 93.2790, loss_bbox: 0.2213, loss: 0.5748
2020-11-17 19:04:24,044 - mmdet - INFO - Epoch [3][100/621]	lr: 1.000e-02, eta: 0:13:50, time: 0.764, data_time: 0.034, memory: 9989, loss_rpn_cls: 0.0367, loss_rpn_bbox: 0.0932, loss_cls: 0.1594, acc: 93.8379, loss_bbox: 0.2346, loss: 0.5238
2020-11-17 19:05:38,630 - mmdet - INFO - Epoch [3][200/621]	lr: 1.000e-02, eta: 0:12:38, time: 0.746, data_time: 0.013, memory: 9989, loss_rpn_cls: 0.0400, loss_rpn_bbox: 0.0940, loss_cls: 0.1606, acc: 93.9336, loss_bbox: 0.2210, loss: 0.5156
2020-11-17 19:06:53,021 - mmdet - INFO - Epoch [3][300/621]	lr: 1.000e-02, eta: 0:11:26, time: 0.744, data_time: 0.012, memory: 9989, loss_rpn_cls: 0.0586, loss_rpn_bbox: 0.0988, loss_cls: 0.1672, acc: 93.8955, loss_bbox: 0.2116, loss: 0.5362
2020-11-17 19:08:07,602 - mmdet - INFO - Epoch [3][400/621]	lr: 1.000e-02, eta: 0:10:14, time: 0.746, data_time: 0.013, memory: 9989, loss_rpn_cls: 0.0455, loss_rpn_bbox: 0.0963, loss_cls: 0.1658, acc: 93.8379, loss_bbox: 0.2247, loss: 0.5322
2020-11-17 19:09:21,771 - mmdet - INFO - Epoch [3][500/621]	lr: 1.000e-02, eta: 0:09:02, time: 0.742, data_time: 0.012, memory: 9989, loss_rpn_cls: 0.0603, loss_rpn_bbox: 0.1033, loss_cls: 0.1685, acc: 93.8018, loss_bbox: 0.2027, loss: 0.5348
2020-11-17 19:10:36,687 - mmdet - INFO - Epoch [3][600/621]	lr: 1.000e-02, eta: 0:07:49, time: 0.749, data_time: 0.013, memory: 9989, loss_rpn_cls: 0.0632, loss_rpn_bbox: 0.1122, loss_cls: 0.1835, acc: 93.1699, loss_bbox: 0.2356, loss: 0.5945
2020-11-17 19:11:18,724 - mmdet - INFO - Evaluating bbox...
2020-11-17 19:11:25,884 - mmdet - INFO - Epoch [3][621/621]	lr: 1.000e-02, bbox_mAP: 0.5400, bbox_mAP_50: 0.6270, bbox_mAP_75: 0.5620, bbox_mAP_s: 0.0520, bbox_mAP_m: 0.3480, bbox_mAP_l: 0.6360, bbox_mAP_copypaste: 0.540 0.627 0.562 0.052 0.348 0.636
2020-11-17 19:12:42,717 - mmdet - INFO - Epoch [4][100/621]	lr: 1.000e-02, eta: 0:06:18, time: 0.766, data_time: 0.035, memory: 9989, loss_rpn_cls: 0.0483, loss_rpn_bbox: 0.0935, loss_cls: 0.1589, acc: 94.0068, loss_bbox: 0.2214, loss: 0.5220
2020-11-17 19:13:56,886 - mmdet - INFO - Epoch [4][200/621]	lr: 1.000e-02, eta: 0:05:05, time: 0.742, data_time: 0.012, memory: 9989, loss_rpn_cls: 0.0336, loss_rpn_bbox: 0.1002, loss_cls: 0.1587, acc: 93.9053, loss_bbox: 0.2311, loss: 0.5235
2020-11-17 19:15:11,588 - mmdet - INFO - Epoch [4][300/621]	lr: 1.000e-02, eta: 0:03:53, time: 0.747, data_time: 0.013, memory: 9989, loss_rpn_cls: 0.0437, loss_rpn_bbox: 0.0991, loss_cls: 0.1651, acc: 93.6748, loss_bbox: 0.2283, loss: 0.5363
2020-11-17 19:16:26,205 - mmdet - INFO - Epoch [4][400/621]	lr: 1.000e-02, eta: 0:02:40, time: 0.746, data_time: 0.013, memory: 9989, loss_rpn_cls: 0.0505, loss_rpn_bbox: 0.0935, loss_cls: 0.1558, acc: 94.1738, loss_bbox: 0.2155, loss: 0.5153
2020-11-17 19:17:40,645 - mmdet - INFO - Epoch [4][500/621]	lr: 1.000e-02, eta: 0:01:28, time: 0.744, data_time: 0.012, memory: 9989, loss_rpn_cls: 0.0731, loss_rpn_bbox: 0.1059, loss_cls: 0.1748, acc: 93.3281, loss_bbox: 0.2296, loss: 0.5834
2020-11-17 19:18:55,252 - mmdet - INFO - Epoch [4][600/621]	lr: 1.000e-02, eta: 0:00:15, time: 0.746, data_time: 0.013, memory: 9989, loss_rpn_cls: 0.0597, loss_rpn_bbox: 0.1035, loss_cls: 0.1715, acc: 93.7900, loss_bbox: 0.2229, loss: 0.5575
2020-11-17 19:19:10,837 - mmdet - INFO - Saving checkpoint at 4 epochs
2020-11-17 19:19:38,644 - mmdet - INFO - Evaluating bbox...
2020-11-17 19:19:44,927 - mmdet - INFO - Epoch [4][621/621]	lr: 1.000e-02, bbox_mAP: 0.5340, bbox_mAP_50: 0.6240, bbox_mAP_75: 0.5530, bbox_mAP_s: 0.0500, bbox_mAP_m: 0.3170, bbox_mAP_l: 0.6340, bbox_mAP_copypaste: 0.534 0.624 0.553 0.050 0.317 0.634
2020-11-17 19:20:16,958 - mmdet - INFO - Epoch(train) [4][79]	loss_rpn_cls: 0.0792, loss_rpn_bbox: 0.1071, loss_cls: 0.1896, acc: 93.1888, loss_bbox: 0.2188, loss: 0.5947
