2020-11-21 06:20:52,989 - mmdet - INFO - Environment info:
------------------------------------------------------------
sys.platform: linux
Python: 3.6.4 |Anaconda, Inc.| (default, Jan 16 2018, 18:10:19) [GCC 7.2.0]
CUDA available: True
CUDA_HOME: /usr/local/cuda
NVCC: Cuda compilation tools, release 10.0, V10.0.130
GPU 0: Tesla P100-PCIE-16GB
GCC: gcc (GCC) 5.3.0
PyTorch: 1.3.1+cu100
PyTorch compiling details: PyTorch built with:
  - GCC 7.3
  - Intel(R) Math Kernel Library Version 2019.0.4 Product Build 20190411 for Intel(R) 64 architecture applications
  - Intel(R) MKL-DNN v0.20.5 (Git Hash 0125f28c61c1f822fd48570b4c1066f96fcb9b2e)
  - OpenMP 201511 (a.k.a. OpenMP 4.5)
  - NNPACK is enabled
  - CUDA Runtime 10.0
  - NVCC architecture flags: -gencode;arch=compute_37,code=sm_37;-gencode;arch=compute_50,code=sm_50;-gencode;arch=compute_60,code=sm_60;-gencode;arch=compute_61,code=sm_61;-gencode;arch=compute_70,code=sm_70;-gencode;arch=compute_75,code=sm_75;-gencode;arch=compute_37,code=compute_37
  - CuDNN 7.6.3
  - Magma 2.5.1
  - Build settings: BLAS=MKL, BUILD_NAMEDTENSOR=OFF, BUILD_TYPE=Release, CXX_FLAGS= -Wno-deprecated -fvisibility-inlines-hidden -fopenmp -DUSE_FBGEMM -DUSE_QNNPACK -DUSE_PYTORCH_QNNPACK -O2 -fPIC -Wno-narrowing -Wall -Wextra -Wno-missing-field-initializers -Wno-type-limits -Wno-array-bounds -Wno-unknown-pragmas -Wno-sign-compare -Wno-unused-parameter -Wno-unused-variable -Wno-unused-function -Wno-unused-result -Wno-strict-overflow -Wno-strict-aliasing -Wno-error=deprecated-declarations -Wno-stringop-overflow -Wno-error=pedantic -Wno-error=redundant-decls -Wno-error=old-style-cast -fdiagnostics-color=always -faligned-new -Wno-unused-but-set-variable -Wno-maybe-uninitialized -fno-math-errno -fno-trapping-math -Wno-stringop-overflow, DISABLE_NUMA=1, PERF_WITH_AVX=1, PERF_WITH_AVX2=1, PERF_WITH_AVX512=1, USE_CUDA=True, USE_EXCEPTION_PTR=1, USE_GFLAGS=OFF, USE_GLOG=OFF, USE_MKL=ON, USE_MKLDNN=ON, USE_MPI=OFF, USE_NCCL=ON, USE_NNPACK=ON, USE_OPENMP=ON, USE_STATIC_DISPATCH=OFF, 

TorchVision: 0.4.2+cu100
OpenCV: 4.4.0
MMCV: 1.0.5
MMDetection: 2.3.0+788fa8d
MMDetection Compiler: GCC 7.3
MMDetection CUDA Compiler: 10.0
------------------------------------------------------------

2020-11-21 06:20:52,990 - mmdet - INFO - Distributed training: False
2020-11-21 06:20:53,378 - mmdet - INFO - Config:
model = dict(
    type='FasterRCNN',
    pretrained='torchvision://resnet50',
    backbone=dict(
        type='ResNet',
        depth=50,
        num_stages=4,
        out_indices=(0, 1, 2, 3),
        frozen_stages=1,
        norm_cfg=dict(type='BN', requires_grad=True),
        norm_eval=True,
        style='pytorch'),
    neck=dict(
        type='FPN',
        in_channels=[256, 512, 1024, 2048],
        out_channels=256,
        num_outs=5),
    rpn_head=dict(
        type='RPNHead',
        in_channels=256,
        feat_channels=256,
        anchor_generator=dict(
            type='AnchorGenerator',
            scales=[8],
            ratios=[0.5, 1.0, 2.0],
            strides=[4, 8, 16, 32, 64]),
        bbox_coder=dict(
            type='DeltaXYWHBBoxCoder',
            target_means=[0.0, 0.0, 0.0, 0.0],
            target_stds=[1.0, 1.0, 1.0, 1.0]),
        loss_cls=dict(
            type='CrossEntropyLoss', use_sigmoid=True, loss_weight=1.0),
        loss_bbox=dict(type='L1Loss', loss_weight=1.0)),
    roi_head=dict(
        type='StandardRoIHead',
        bbox_roi_extractor=dict(
            type='SingleRoIExtractor',
            roi_layer=dict(type='RoIAlign', output_size=7, sampling_ratio=0),
            out_channels=256,
            featmap_strides=[4, 8, 16, 32]),
        bbox_head=dict(
            type='Shared2FCBBoxHead',
            in_channels=256,
            fc_out_channels=1024,
            roi_feat_size=7,
            num_classes=2,
            bbox_coder=dict(
                type='DeltaXYWHBBoxCoder',
                target_means=[0.0, 0.0, 0.0, 0.0],
                target_stds=[0.1, 0.1, 0.2, 0.2]),
            reg_class_agnostic=False,
            loss_cls=dict(
                type='CrossEntropyLoss', use_sigmoid=False, loss_weight=1.0),
            loss_bbox=dict(type='L1Loss', loss_weight=1.0))))
train_cfg = dict(
    rpn=dict(
        assigner=dict(
            type='MaxIoUAssigner',
            pos_iou_thr=0.7,
            neg_iou_thr=0.3,
            min_pos_iou=0.3,
            match_low_quality=True,
            ignore_iof_thr=-1),
        sampler=dict(
            type='RandomSampler',
            num=256,
            pos_fraction=0.5,
            neg_pos_ub=-1,
            add_gt_as_proposals=False),
        allowed_border=-1,
        pos_weight=-1,
        debug=False),
    rpn_proposal=dict(
        nms_across_levels=False,
        nms_pre=2000,
        nms_post=1000,
        max_num=1000,
        nms_thr=0.7,
        min_bbox_size=0),
    rcnn=dict(
        assigner=dict(
            type='MaxIoUAssigner',
            pos_iou_thr=0.5,
            neg_iou_thr=0.5,
            min_pos_iou=0.5,
            match_low_quality=False,
            ignore_iof_thr=-1),
        sampler=dict(
            type='RandomSampler',
            num=512,
            pos_fraction=0.25,
            neg_pos_ub=-1,
            add_gt_as_proposals=True),
        pos_weight=-1,
        debug=False))
test_cfg = dict(
    rpn=dict(
        nms_across_levels=False,
        nms_pre=1000,
        nms_post=1000,
        max_num=1000,
        nms_thr=0.7,
        min_bbox_size=0),
    rcnn=dict(
        score_thr=0.05,
        nms=dict(type='nms', iou_threshold=0.5),
        max_per_img=100))
dataset_type = 'CocoDataset'
data_root = 'data/coco/'
img_norm_cfg = dict(
    mean=[123.675, 116.28, 103.53], std=[58.395, 57.12, 57.375], to_rgb=True)
train_pipeline = [
    dict(type='LoadImageFromFile'),
    dict(type='LoadAnnotations', with_bbox=True),
    dict(type='Resize', img_scale=(1550, 1550), keep_ratio=True),
    dict(type='RandomFlip', flip_ratio=0.5),
    dict(
        type='Normalize',
        mean=[123.675, 116.28, 103.53],
        std=[58.395, 57.12, 57.375],
        to_rgb=True),
    dict(type='Pad', size_divisor=32),
    dict(type='DefaultFormatBundle'),
    dict(type='Collect', keys=['img', 'gt_bboxes', 'gt_labels'])
]
test_pipeline = [
    dict(type='LoadImageFromFile'),
    dict(
        type='MultiScaleFlipAug',
        img_scale=(1550, 1550),
        flip=False,
        transforms=[
            dict(type='Resize', keep_ratio=True),
            dict(type='RandomFlip'),
            dict(
                type='Normalize',
                mean=[123.675, 116.28, 103.53],
                std=[58.395, 57.12, 57.375],
                to_rgb=True),
            dict(type='Pad', size_divisor=32),
            dict(type='ImageToTensor', keys=['img']),
            dict(type='Collect', keys=['img'])
        ])
]
data = dict(
    samples_per_gpu=2,
    workers_per_gpu=2,
    train=dict(
        type='CocoDataset',
        ann_file='data/coco/annotations/annotations_trai.json',
        img_prefix='data/coco/img/',
        pipeline=[
            dict(type='LoadImageFromFile'),
            dict(type='LoadAnnotations', with_bbox=True),
            dict(type='Resize', img_scale=(1550, 1550), keep_ratio=True),
            dict(type='RandomFlip', flip_ratio=0.5),
            dict(
                type='Normalize',
                mean=[123.675, 116.28, 103.53],
                std=[58.395, 57.12, 57.375],
                to_rgb=True),
            dict(type='Pad', size_divisor=32),
            dict(type='DefaultFormatBundle'),
            dict(type='Collect', keys=['img', 'gt_bboxes', 'gt_labels'])
        ]),
    val=dict(
        type='CocoDataset',
        ann_file='data/coco/annotations/annotations_test.json',
        img_prefix='data/coco/img/',
        pipeline=[
            dict(type='LoadImageFromFile'),
            dict(
                type='MultiScaleFlipAug',
                img_scale=(1550, 1550),
                flip=False,
                transforms=[
                    dict(type='Resize', keep_ratio=True),
                    dict(type='RandomFlip'),
                    dict(
                        type='Normalize',
                        mean=[123.675, 116.28, 103.53],
                        std=[58.395, 57.12, 57.375],
                        to_rgb=True),
                    dict(type='Pad', size_divisor=32),
                    dict(type='ImageToTensor', keys=['img']),
                    dict(type='Collect', keys=['img'])
                ])
        ]),
    test=dict(
        type='CocoDataset',
        ann_file='data/coco/annotations/annotations_vals.json',
        img_prefix='data/coco/img/',
        pipeline=[
            dict(type='LoadImageFromFile'),
            dict(
                type='MultiScaleFlipAug',
                img_scale=(1550, 1550),
                flip=False,
                transforms=[
                    dict(type='Resize', keep_ratio=True),
                    dict(type='RandomFlip'),
                    dict(
                        type='Normalize',
                        mean=[123.675, 116.28, 103.53],
                        std=[58.395, 57.12, 57.375],
                        to_rgb=True),
                    dict(type='Pad', size_divisor=32),
                    dict(type='ImageToTensor', keys=['img']),
                    dict(type='Collect', keys=['img'])
                ])
        ]))
evaluation = dict(interval=1, metric='bbox')
optimizer = dict(type='SGD', lr=0.01, momentum=0.9, weight_decay=0.0001)
optimizer_config = dict(grad_clip=None)
lr_config = dict(
    policy='step',
    warmup='linear',
    warmup_iters=500,
    warmup_ratio=0.001,
    step=[8, 11])
total_epochs = 4
checkpoint_config = dict(interval=4)
log_config = dict(interval=100, hooks=[dict(type='TextLoggerHook')])
dist_params = dict(backend='nccl')
log_level = 'INFO'
load_from = '/home/admin/.cache/torch/checkpoints/X.pth'
resume_from = None
workflow = [('train', 2), ('val', 1)]
work_dir = '/home/admin/jupyter/SecurityAI_Round5/data/work'
gpu_ids = range(0, 1)

2020-11-21 06:20:53,931 - mmdet - INFO - load model from: torchvision://resnet50
2020-11-21 06:21:02,086 - mmdet - WARNING - The model and loaded state dict do not match exactly

unexpected key in source state_dict: fc.weight, fc.bias

2020-11-21 06:21:12,562 - mmdet - INFO - load checkpoint from /home/admin/.cache/torch/checkpoints/X.pth
2020-11-21 06:21:19,266 - mmdet - INFO - Start running, host: admin@fuxilabor_labor0_S4_Odps_S96_dsw_prepaid_cnsh_838_2020112019152, work_dir: /home/admin/jupyter/SecurityAI_Round5/data/work
2020-11-21 06:21:19,266 - mmdet - INFO - workflow: [('train', 2), ('val', 1)], max: 4 epochs
2020-11-21 06:22:36,787 - mmdet - INFO - Epoch [1][100/616]	lr: 1.988e-03, eta: 0:30:27, time: 0.773, data_time: 0.034, memory: 8021, loss_rpn_cls: 0.0024, loss_rpn_bbox: 0.0322, loss_cls: 0.0290, acc: 98.7793, loss_bbox: 0.0762, loss: 0.1398
2020-11-21 06:23:51,770 - mmdet - INFO - Epoch [1][200/616]	lr: 3.986e-03, eta: 0:28:44, time: 0.750, data_time: 0.012, memory: 11883, loss_rpn_cls: 0.0034, loss_rpn_bbox: 0.0300, loss_cls: 0.0340, acc: 98.6045, loss_bbox: 0.0770, loss: 0.1443
2020-11-21 06:25:06,776 - mmdet - INFO - Epoch [1][300/616]	lr: 5.984e-03, eta: 0:27:19, time: 0.750, data_time: 0.012, memory: 11883, loss_rpn_cls: 0.0028, loss_rpn_bbox: 0.0294, loss_cls: 0.0295, acc: 98.7568, loss_bbox: 0.0708, loss: 0.1325
2020-11-21 06:26:21,767 - mmdet - INFO - Epoch [1][400/616]	lr: 7.982e-03, eta: 0:25:59, time: 0.750, data_time: 0.013, memory: 11883, loss_rpn_cls: 0.0034, loss_rpn_bbox: 0.0315, loss_cls: 0.0369, acc: 98.4219, loss_bbox: 0.0787, loss: 0.1504
2020-11-21 06:27:36,520 - mmdet - INFO - Epoch [1][500/616]	lr: 9.980e-03, eta: 0:24:41, time: 0.748, data_time: 0.012, memory: 11883, loss_rpn_cls: 0.0031, loss_rpn_bbox: 0.0308, loss_cls: 0.0301, acc: 98.7344, loss_bbox: 0.0728, loss: 0.1368
2020-11-21 06:28:51,615 - mmdet - INFO - Epoch [1][600/616]	lr: 1.000e-02, eta: 0:23:24, time: 0.751, data_time: 0.012, memory: 11883, loss_rpn_cls: 0.0031, loss_rpn_bbox: 0.0342, loss_cls: 0.0379, acc: 98.4150, loss_bbox: 0.0880, loss: 0.1632
2020-11-21 06:29:29,913 - mmdet - INFO - Evaluating bbox...
2020-11-21 06:29:33,228 - mmdet - INFO - Epoch [1][616/616]	lr: 1.000e-02, bbox_mAP: 0.7760, bbox_mAP_50: 0.8490, bbox_mAP_75: 0.8290, bbox_mAP_s: 0.5130, bbox_mAP_m: 0.8210, bbox_mAP_l: 0.8670, bbox_mAP_copypaste: 0.776 0.849 0.829 0.513 0.821 0.867
2020-11-21 06:30:50,271 - mmdet - INFO - Epoch [2][100/616]	lr: 1.000e-02, eta: 0:21:31, time: 0.768, data_time: 0.033, memory: 11883, loss_rpn_cls: 0.0024, loss_rpn_bbox: 0.0318, loss_cls: 0.0336, acc: 98.6035, loss_bbox: 0.0794, loss: 0.1472
2020-11-21 06:32:05,105 - mmdet - INFO - Epoch [2][200/616]	lr: 1.000e-02, eta: 0:20:19, time: 0.748, data_time: 0.013, memory: 11883, loss_rpn_cls: 0.0039, loss_rpn_bbox: 0.0356, loss_cls: 0.0354, acc: 98.5166, loss_bbox: 0.0813, loss: 0.1561
2020-11-21 06:33:19,884 - mmdet - INFO - Epoch [2][300/616]	lr: 1.000e-02, eta: 0:19:06, time: 0.748, data_time: 0.012, memory: 11883, loss_rpn_cls: 0.0032, loss_rpn_bbox: 0.0357, loss_cls: 0.0326, acc: 98.6289, loss_bbox: 0.0772, loss: 0.1487
2020-11-21 06:34:34,636 - mmdet - INFO - Epoch [2][400/616]	lr: 1.000e-02, eta: 0:17:53, time: 0.748, data_time: 0.012, memory: 11883, loss_rpn_cls: 0.0042, loss_rpn_bbox: 0.0362, loss_cls: 0.0405, acc: 98.3398, loss_bbox: 0.0907, loss: 0.1715
2020-11-21 06:35:49,275 - mmdet - INFO - Epoch [2][500/616]	lr: 1.000e-02, eta: 0:16:40, time: 0.746, data_time: 0.012, memory: 11883, loss_rpn_cls: 0.0030, loss_rpn_bbox: 0.0340, loss_cls: 0.0336, acc: 98.6299, loss_bbox: 0.0832, loss: 0.1538
2020-11-21 06:37:04,227 - mmdet - INFO - Epoch [2][600/616]	lr: 1.000e-02, eta: 0:15:26, time: 0.750, data_time: 0.012, memory: 11883, loss_rpn_cls: 0.0029, loss_rpn_bbox: 0.0351, loss_cls: 0.0362, acc: 98.4668, loss_bbox: 0.0827, loss: 0.1570
2020-11-21 06:37:42,470 - mmdet - INFO - Evaluating bbox...
2020-11-21 06:37:45,682 - mmdet - INFO - Epoch [2][616/616]	lr: 1.000e-02, bbox_mAP: 0.7820, bbox_mAP_50: 0.8540, bbox_mAP_75: 0.8290, bbox_mAP_s: 0.5210, bbox_mAP_m: 0.8240, bbox_mAP_l: 0.8750, bbox_mAP_copypaste: 0.782 0.854 0.829 0.521 0.824 0.875
2020-11-21 06:38:18,628 - mmdet - INFO - Epoch(train) [2][82]	loss_rpn_cls: 0.0034, loss_rpn_bbox: 0.0335, loss_cls: 0.0448, acc: 98.1421, loss_bbox: 0.0900, loss: 0.1717
2020-11-21 06:39:35,804 - mmdet - INFO - Epoch [3][100/616]	lr: 1.000e-02, eta: 0:13:52, time: 0.770, data_time: 0.034, memory: 11883, loss_rpn_cls: 0.0030, loss_rpn_bbox: 0.0348, loss_cls: 0.0323, acc: 98.6592, loss_bbox: 0.0777, loss: 0.1478
2020-11-21 06:40:50,753 - mmdet - INFO - Epoch [3][200/616]	lr: 1.000e-02, eta: 0:12:40, time: 0.749, data_time: 0.012, memory: 11909, loss_rpn_cls: 0.0031, loss_rpn_bbox: 0.0338, loss_cls: 0.0380, acc: 98.4287, loss_bbox: 0.0855, loss: 0.1604
2020-11-21 06:42:05,623 - mmdet - INFO - Epoch [3][300/616]	lr: 1.000e-02, eta: 0:11:27, time: 0.749, data_time: 0.012, memory: 11909, loss_rpn_cls: 0.0029, loss_rpn_bbox: 0.0335, loss_cls: 0.0340, acc: 98.5078, loss_bbox: 0.0794, loss: 0.1498
2020-11-21 06:43:20,338 - mmdet - INFO - Epoch [3][400/616]	lr: 1.000e-02, eta: 0:10:14, time: 0.747, data_time: 0.012, memory: 11909, loss_rpn_cls: 0.0023, loss_rpn_bbox: 0.0318, loss_cls: 0.0324, acc: 98.6416, loss_bbox: 0.0835, loss: 0.1500
2020-11-21 06:44:35,170 - mmdet - INFO - Epoch [3][500/616]	lr: 1.000e-02, eta: 0:09:00, time: 0.748, data_time: 0.012, memory: 11909, loss_rpn_cls: 0.0028, loss_rpn_bbox: 0.0343, loss_cls: 0.0334, acc: 98.6025, loss_bbox: 0.0859, loss: 0.1565
2020-11-21 06:45:49,979 - mmdet - INFO - Epoch [3][600/616]	lr: 1.000e-02, eta: 0:07:47, time: 0.748, data_time: 0.012, memory: 11909, loss_rpn_cls: 0.0037, loss_rpn_bbox: 0.0394, loss_cls: 0.0458, acc: 98.0732, loss_bbox: 0.0981, loss: 0.1870
2020-11-21 06:46:28,588 - mmdet - INFO - Evaluating bbox...
2020-11-21 06:46:31,974 - mmdet - INFO - Epoch [3][616/616]	lr: 1.000e-02, bbox_mAP: 0.7640, bbox_mAP_50: 0.8480, bbox_mAP_75: 0.8220, bbox_mAP_s: 0.4910, bbox_mAP_m: 0.7980, bbox_mAP_l: 0.8530, bbox_mAP_copypaste: 0.764 0.848 0.822 0.491 0.798 0.853
2020-11-21 06:47:49,018 - mmdet - INFO - Epoch [4][100/616]	lr: 1.000e-02, eta: 0:06:19, time: 0.768, data_time: 0.033, memory: 11909, loss_rpn_cls: 0.0037, loss_rpn_bbox: 0.0372, loss_cls: 0.0416, acc: 98.2783, loss_bbox: 0.0933, loss: 0.1758
2020-11-21 06:49:03,809 - mmdet - INFO - Epoch [4][200/616]	lr: 1.000e-02, eta: 0:05:05, time: 0.748, data_time: 0.012, memory: 11909, loss_rpn_cls: 0.0032, loss_rpn_bbox: 0.0365, loss_cls: 0.0375, acc: 98.3584, loss_bbox: 0.0883, loss: 0.1655
2020-11-21 06:50:18,778 - mmdet - INFO - Epoch [4][300/616]	lr: 1.000e-02, eta: 0:03:52, time: 0.750, data_time: 0.013, memory: 11909, loss_rpn_cls: 0.0025, loss_rpn_bbox: 0.0359, loss_cls: 0.0331, acc: 98.6787, loss_bbox: 0.0867, loss: 0.1582
2020-11-21 06:51:33,692 - mmdet - INFO - Epoch [4][400/616]	lr: 1.000e-02, eta: 0:02:39, time: 0.749, data_time: 0.012, memory: 11909, loss_rpn_cls: 0.0031, loss_rpn_bbox: 0.0362, loss_cls: 0.0390, acc: 98.2764, loss_bbox: 0.0878, loss: 0.1661
2020-11-21 06:52:48,500 - mmdet - INFO - Epoch [4][500/616]	lr: 1.000e-02, eta: 0:01:25, time: 0.748, data_time: 0.012, memory: 11909, loss_rpn_cls: 0.0026, loss_rpn_bbox: 0.0347, loss_cls: 0.0358, acc: 98.5078, loss_bbox: 0.0836, loss: 0.1567
2020-11-21 06:54:03,215 - mmdet - INFO - Epoch [4][600/616]	lr: 1.000e-02, eta: 0:00:11, time: 0.747, data_time: 0.012, memory: 11909, loss_rpn_cls: 0.0032, loss_rpn_bbox: 0.0343, loss_cls: 0.0363, acc: 98.4873, loss_bbox: 0.0842, loss: 0.1580
2020-11-21 06:54:15,100 - mmdet - INFO - Saving checkpoint at 4 epochs
2020-11-21 06:54:43,350 - mmdet - INFO - Evaluating bbox...
2020-11-21 06:54:46,645 - mmdet - INFO - Epoch [4][616/616]	lr: 1.000e-02, bbox_mAP: 0.7640, bbox_mAP_50: 0.8390, bbox_mAP_75: 0.8180, bbox_mAP_s: 0.4980, bbox_mAP_m: 0.8190, bbox_mAP_l: 0.8600, bbox_mAP_copypaste: 0.764 0.839 0.818 0.498 0.819 0.860
2020-11-21 06:55:19,504 - mmdet - INFO - Epoch(train) [4][82]	loss_rpn_cls: 0.0053, loss_rpn_bbox: 0.0365, loss_cls: 0.0441, acc: 98.1517, loss_bbox: 0.0898, loss: 0.1757
