2020-11-24 04:06:28,135 - mmdet - INFO - Environment info:
------------------------------------------------------------
sys.platform: linux
Python: 3.6.4 |Anaconda, Inc.| (default, Jan 16 2018, 18:10:19) [GCC 7.2.0]
CUDA available: True
CUDA_HOME: /usr/local/cuda
NVCC: Cuda compilation tools, release 10.0, V10.0.130
GPU 0: Tesla P100-PCIE-16GB
GCC: gcc (GCC) 5.3.0
PyTorch: 1.3.1+cu100
PyTorch compiling details: PyTorch built with:
  - GCC 7.3
  - Intel(R) Math Kernel Library Version 2019.0.4 Product Build 20190411 for Intel(R) 64 architecture applications
  - Intel(R) MKL-DNN v0.20.5 (Git Hash 0125f28c61c1f822fd48570b4c1066f96fcb9b2e)
  - OpenMP 201511 (a.k.a. OpenMP 4.5)
  - NNPACK is enabled
  - CUDA Runtime 10.0
  - NVCC architecture flags: -gencode;arch=compute_37,code=sm_37;-gencode;arch=compute_50,code=sm_50;-gencode;arch=compute_60,code=sm_60;-gencode;arch=compute_61,code=sm_61;-gencode;arch=compute_70,code=sm_70;-gencode;arch=compute_75,code=sm_75;-gencode;arch=compute_37,code=compute_37
  - CuDNN 7.6.3
  - Magma 2.5.1
  - Build settings: BLAS=MKL, BUILD_NAMEDTENSOR=OFF, BUILD_TYPE=Release, CXX_FLAGS= -Wno-deprecated -fvisibility-inlines-hidden -fopenmp -DUSE_FBGEMM -DUSE_QNNPACK -DUSE_PYTORCH_QNNPACK -O2 -fPIC -Wno-narrowing -Wall -Wextra -Wno-missing-field-initializers -Wno-type-limits -Wno-array-bounds -Wno-unknown-pragmas -Wno-sign-compare -Wno-unused-parameter -Wno-unused-variable -Wno-unused-function -Wno-unused-result -Wno-strict-overflow -Wno-strict-aliasing -Wno-error=deprecated-declarations -Wno-stringop-overflow -Wno-error=pedantic -Wno-error=redundant-decls -Wno-error=old-style-cast -fdiagnostics-color=always -faligned-new -Wno-unused-but-set-variable -Wno-maybe-uninitialized -fno-math-errno -fno-trapping-math -Wno-stringop-overflow, DISABLE_NUMA=1, PERF_WITH_AVX=1, PERF_WITH_AVX2=1, PERF_WITH_AVX512=1, USE_CUDA=True, USE_EXCEPTION_PTR=1, USE_GFLAGS=OFF, USE_GLOG=OFF, USE_MKL=ON, USE_MKLDNN=ON, USE_MPI=OFF, USE_NCCL=ON, USE_NNPACK=ON, USE_OPENMP=ON, USE_STATIC_DISPATCH=OFF, 

TorchVision: 0.4.2+cu100
OpenCV: 4.4.0
MMCV: 1.0.5
MMDetection: 2.3.0+788fa8d
MMDetection Compiler: GCC 7.3
MMDetection CUDA Compiler: 10.0
------------------------------------------------------------

2020-11-24 04:06:28,135 - mmdet - INFO - Distributed training: False
2020-11-24 04:06:28,523 - mmdet - INFO - Config:
model = dict(
    type='FasterRCNN',
    pretrained='torchvision://resnet50',
    backbone=dict(
        type='ResNet',
        depth=50,
        num_stages=4,
        out_indices=(0, 1, 2, 3),
        frozen_stages=1,
        norm_cfg=dict(type='BN', requires_grad=True),
        norm_eval=True,
        style='pytorch'),
    neck=dict(
        type='FPN',
        in_channels=[256, 512, 1024, 2048],
        out_channels=256,
        num_outs=5),
    rpn_head=dict(
        type='RPNHead',
        in_channels=256,
        feat_channels=256,
        anchor_generator=dict(
            type='AnchorGenerator',
            scales=[8],
            ratios=[0.5, 1.0, 2.0],
            strides=[4, 8, 16, 32, 64]),
        bbox_coder=dict(
            type='DeltaXYWHBBoxCoder',
            target_means=[0.0, 0.0, 0.0, 0.0],
            target_stds=[1.0, 1.0, 1.0, 1.0]),
        loss_cls=dict(
            type='CrossEntropyLoss', use_sigmoid=True, loss_weight=1.0),
        loss_bbox=dict(type='L1Loss', loss_weight=1.0)),
    roi_head=dict(
        type='StandardRoIHead',
        bbox_roi_extractor=dict(
            type='SingleRoIExtractor',
            roi_layer=dict(type='RoIAlign', output_size=7, sampling_ratio=0),
            out_channels=256,
            featmap_strides=[4, 8, 16, 32]),
        bbox_head=dict(
            type='Shared2FCBBoxHead',
            in_channels=256,
            fc_out_channels=1024,
            roi_feat_size=7,
            num_classes=2,
            bbox_coder=dict(
                type='DeltaXYWHBBoxCoder',
                target_means=[0.0, 0.0, 0.0, 0.0],
                target_stds=[0.1, 0.1, 0.2, 0.2]),
            reg_class_agnostic=False,
            loss_cls=dict(
                type='CrossEntropyLoss', use_sigmoid=False, loss_weight=1.0),
            loss_bbox=dict(type='L1Loss', loss_weight=1.0))))
train_cfg = dict(
    rpn=dict(
        assigner=dict(
            type='MaxIoUAssigner',
            pos_iou_thr=0.7,
            neg_iou_thr=0.3,
            min_pos_iou=0.3,
            match_low_quality=True,
            ignore_iof_thr=-1),
        sampler=dict(
            type='RandomSampler',
            num=256,
            pos_fraction=0.5,
            neg_pos_ub=-1,
            add_gt_as_proposals=False),
        allowed_border=-1,
        pos_weight=-1,
        debug=False),
    rpn_proposal=dict(
        nms_across_levels=False,
        nms_pre=2000,
        nms_post=1000,
        max_num=1000,
        nms_thr=0.7,
        min_bbox_size=0),
    rcnn=dict(
        assigner=dict(
            type='MaxIoUAssigner',
            pos_iou_thr=0.5,
            neg_iou_thr=0.5,
            min_pos_iou=0.5,
            match_low_quality=False,
            ignore_iof_thr=-1),
        sampler=dict(
            type='RandomSampler',
            num=512,
            pos_fraction=0.25,
            neg_pos_ub=-1,
            add_gt_as_proposals=True),
        pos_weight=-1,
        debug=False))
test_cfg = dict(
    rpn=dict(
        nms_across_levels=False,
        nms_pre=1000,
        nms_post=1000,
        max_num=1000,
        nms_thr=0.7,
        min_bbox_size=0),
    rcnn=dict(
        score_thr=0.05,
        nms=dict(type='nms', iou_threshold=0.5),
        max_per_img=100))
dataset_type = 'CocoDataset'
data_root = 'data/coco/'
img_norm_cfg = dict(
    mean=[123.675, 116.28, 103.53], std=[58.395, 57.12, 57.375], to_rgb=True)
train_pipeline = [
    dict(type='LoadImageFromFile'),
    dict(type='LoadAnnotations', with_bbox=True),
    dict(type='Resize', img_scale=(1550, 1550), keep_ratio=True),
    dict(type='RandomFlip', flip_ratio=0.5),
    dict(
        type='Normalize',
        mean=[123.675, 116.28, 103.53],
        std=[58.395, 57.12, 57.375],
        to_rgb=True),
    dict(type='Pad', size_divisor=32),
    dict(type='DefaultFormatBundle'),
    dict(type='Collect', keys=['img', 'gt_bboxes', 'gt_labels'])
]
test_pipeline = [
    dict(type='LoadImageFromFile'),
    dict(
        type='MultiScaleFlipAug',
        img_scale=(1550, 1550),
        flip=False,
        transforms=[
            dict(type='Resize', keep_ratio=True),
            dict(type='RandomFlip'),
            dict(
                type='Normalize',
                mean=[123.675, 116.28, 103.53],
                std=[58.395, 57.12, 57.375],
                to_rgb=True),
            dict(type='Pad', size_divisor=32),
            dict(type='ImageToTensor', keys=['img']),
            dict(type='Collect', keys=['img'])
        ])
]
data = dict(
    samples_per_gpu=2,
    workers_per_gpu=2,
    train=dict(
        type='CocoDataset',
        ann_file='data/coco/annotations/annotations_trai.json',
        img_prefix='data/coco/img/',
        pipeline=[
            dict(type='LoadImageFromFile'),
            dict(type='LoadAnnotations', with_bbox=True),
            dict(type='Resize', img_scale=(1550, 1550), keep_ratio=True),
            dict(type='RandomFlip', flip_ratio=0.5),
            dict(
                type='Normalize',
                mean=[123.675, 116.28, 103.53],
                std=[58.395, 57.12, 57.375],
                to_rgb=True),
            dict(type='Pad', size_divisor=32),
            dict(type='DefaultFormatBundle'),
            dict(type='Collect', keys=['img', 'gt_bboxes', 'gt_labels'])
        ]),
    val=dict(
        type='CocoDataset',
        ann_file='data/coco/annotations/annotations_test.json',
        img_prefix='data/coco/img/',
        pipeline=[
            dict(type='LoadImageFromFile'),
            dict(
                type='MultiScaleFlipAug',
                img_scale=(1550, 1550),
                flip=False,
                transforms=[
                    dict(type='Resize', keep_ratio=True),
                    dict(type='RandomFlip'),
                    dict(
                        type='Normalize',
                        mean=[123.675, 116.28, 103.53],
                        std=[58.395, 57.12, 57.375],
                        to_rgb=True),
                    dict(type='Pad', size_divisor=32),
                    dict(type='ImageToTensor', keys=['img']),
                    dict(type='Collect', keys=['img'])
                ])
        ]),
    test=dict(
        type='CocoDataset',
        ann_file='data/coco/annotations/annotations_vals.json',
        img_prefix='data/coco/img/',
        pipeline=[
            dict(type='LoadImageFromFile'),
            dict(
                type='MultiScaleFlipAug',
                img_scale=(1550, 1550),
                flip=False,
                transforms=[
                    dict(type='Resize', keep_ratio=True),
                    dict(type='RandomFlip'),
                    dict(
                        type='Normalize',
                        mean=[123.675, 116.28, 103.53],
                        std=[58.395, 57.12, 57.375],
                        to_rgb=True),
                    dict(type='Pad', size_divisor=32),
                    dict(type='ImageToTensor', keys=['img']),
                    dict(type='Collect', keys=['img'])
                ])
        ]))
evaluation = dict(interval=1, metric='bbox')
optimizer = dict(type='SGD', lr=0.01, momentum=0.9, weight_decay=0.0001)
optimizer_config = dict(grad_clip=None)
lr_config = dict(
    policy='step',
    warmup='linear',
    warmup_iters=500,
    warmup_ratio=0.001,
    step=[8, 11])
total_epochs = 4
checkpoint_config = dict(interval=4)
log_config = dict(interval=100, hooks=[dict(type='TextLoggerHook')])
dist_params = dict(backend='nccl')
log_level = 'INFO'
load_from = '/home/admin/.cache/torch/checkpoints/X.pth'
resume_from = None
workflow = [('train', 2), ('val', 1)]
work_dir = '/home/admin/jupyter/SecurityAI_Round5/data/work'
gpu_ids = range(0, 1)

2020-11-24 04:06:29,033 - mmdet - INFO - load model from: torchvision://resnet50
2020-11-24 04:06:36,866 - mmdet - WARNING - The model and loaded state dict do not match exactly

unexpected key in source state_dict: fc.weight, fc.bias

2020-11-24 04:06:47,013 - mmdet - INFO - load checkpoint from /home/admin/.cache/torch/checkpoints/X.pth
2020-11-24 04:06:53,701 - mmdet - INFO - Start running, host: admin@fuxilabor_labor0_S4_Odps_S96_dsw_prepaid_cnsh_838_2020112313382, work_dir: /home/admin/jupyter/SecurityAI_Round5/data/work
2020-11-24 04:06:53,701 - mmdet - INFO - workflow: [('train', 2), ('val', 1)], max: 4 epochs
2020-11-24 04:08:11,140 - mmdet - INFO - Epoch [1][100/619]	lr: 1.988e-03, eta: 0:30:35, time: 0.773, data_time: 0.033, memory: 9227, loss_rpn_cls: 0.0023, loss_rpn_bbox: 0.0259, loss_cls: 0.0284, acc: 98.8369, loss_bbox: 0.0669, loss: 0.1235
2020-11-24 04:09:25,819 - mmdet - INFO - Epoch [1][200/619]	lr: 3.986e-03, eta: 0:28:48, time: 0.747, data_time: 0.012, memory: 10050, loss_rpn_cls: 0.0017, loss_rpn_bbox: 0.0230, loss_cls: 0.0299, acc: 98.7070, loss_bbox: 0.0656, loss: 0.1202
2020-11-24 04:10:40,536 - mmdet - INFO - Epoch [1][300/619]	lr: 5.984e-03, eta: 0:27:23, time: 0.747, data_time: 0.012, memory: 10050, loss_rpn_cls: 0.0017, loss_rpn_bbox: 0.0241, loss_cls: 0.0332, acc: 98.5273, loss_bbox: 0.0683, loss: 0.1273
2020-11-24 04:11:55,771 - mmdet - INFO - Epoch [1][400/619]	lr: 7.982e-03, eta: 0:26:06, time: 0.752, data_time: 0.012, memory: 11911, loss_rpn_cls: 0.0018, loss_rpn_bbox: 0.0253, loss_cls: 0.0256, acc: 98.9463, loss_bbox: 0.0617, loss: 0.1144
2020-11-24 04:13:10,376 - mmdet - INFO - Epoch [1][500/619]	lr: 9.980e-03, eta: 0:24:47, time: 0.746, data_time: 0.012, memory: 11911, loss_rpn_cls: 0.0019, loss_rpn_bbox: 0.0280, loss_cls: 0.0335, acc: 98.4951, loss_bbox: 0.0640, loss: 0.1274
2020-11-24 04:14:25,149 - mmdet - INFO - Epoch [1][600/619]	lr: 1.000e-02, eta: 0:23:30, time: 0.748, data_time: 0.012, memory: 11911, loss_rpn_cls: 0.0028, loss_rpn_bbox: 0.0282, loss_cls: 0.0304, acc: 98.7324, loss_bbox: 0.0734, loss: 0.1347
2020-11-24 04:15:06,664 - mmdet - INFO - Evaluating bbox...
2020-11-24 04:15:08,607 - mmdet - INFO - Epoch [1][619/619]	lr: 1.000e-02, bbox_mAP: 0.8590, bbox_mAP_50: 0.9060, bbox_mAP_75: 0.9050, bbox_mAP_s: 0.6160, bbox_mAP_m: 0.9110, bbox_mAP_l: 0.9290, bbox_mAP_copypaste: 0.859 0.906 0.905 0.616 0.911 0.929
2020-11-24 04:16:25,571 - mmdet - INFO - Epoch [2][100/619]	lr: 1.000e-02, eta: 0:21:30, time: 0.768, data_time: 0.033, memory: 11911, loss_rpn_cls: 0.0025, loss_rpn_bbox: 0.0295, loss_cls: 0.0288, acc: 98.7773, loss_bbox: 0.0699, loss: 0.1307
2020-11-24 04:17:40,147 - mmdet - INFO - Epoch [2][200/619]	lr: 1.000e-02, eta: 0:20:19, time: 0.746, data_time: 0.012, memory: 11911, loss_rpn_cls: 0.0028, loss_rpn_bbox: 0.0283, loss_cls: 0.0337, acc: 98.7119, loss_bbox: 0.0677, loss: 0.1326
2020-11-24 04:18:54,904 - mmdet - INFO - Epoch [2][300/619]	lr: 1.000e-02, eta: 0:19:07, time: 0.748, data_time: 0.012, memory: 11911, loss_rpn_cls: 0.0027, loss_rpn_bbox: 0.0300, loss_cls: 0.0292, acc: 98.7490, loss_bbox: 0.0708, loss: 0.1328
2020-11-24 04:20:09,746 - mmdet - INFO - Epoch [2][400/619]	lr: 1.000e-02, eta: 0:17:55, time: 0.748, data_time: 0.012, memory: 11911, loss_rpn_cls: 0.0022, loss_rpn_bbox: 0.0292, loss_cls: 0.0344, acc: 98.5752, loss_bbox: 0.0701, loss: 0.1360
2020-11-24 04:21:24,555 - mmdet - INFO - Epoch [2][500/619]	lr: 1.000e-02, eta: 0:16:42, time: 0.748, data_time: 0.012, memory: 11911, loss_rpn_cls: 0.0023, loss_rpn_bbox: 0.0295, loss_cls: 0.0322, acc: 98.6328, loss_bbox: 0.0700, loss: 0.1340
2020-11-24 04:22:39,308 - mmdet - INFO - Epoch [2][600/619]	lr: 1.000e-02, eta: 0:15:29, time: 0.748, data_time: 0.012, memory: 11911, loss_rpn_cls: 0.0024, loss_rpn_bbox: 0.0292, loss_cls: 0.0313, acc: 98.7012, loss_bbox: 0.0718, loss: 0.1347
2020-11-24 04:23:21,116 - mmdet - INFO - Evaluating bbox...
2020-11-24 04:23:23,071 - mmdet - INFO - Epoch [2][619/619]	lr: 1.000e-02, bbox_mAP: 0.8620, bbox_mAP_50: 0.9060, bbox_mAP_75: 0.9050, bbox_mAP_s: 0.6210, bbox_mAP_m: 0.9130, bbox_mAP_l: 0.9290, bbox_mAP_copypaste: 0.862 0.906 0.905 0.621 0.913 0.929
2020-11-24 04:23:56,723 - mmdet - INFO - Epoch(train) [2][85]	loss_rpn_cls: 0.0024, loss_rpn_bbox: 0.0279, loss_cls: 0.0287, acc: 98.8120, loss_bbox: 0.0719, loss: 0.1309
2020-11-24 04:25:13,822 - mmdet - INFO - Epoch [3][100/619]	lr: 1.000e-02, eta: 0:13:52, time: 0.769, data_time: 0.033, memory: 11911, loss_rpn_cls: 0.0026, loss_rpn_bbox: 0.0297, loss_cls: 0.0301, acc: 98.7578, loss_bbox: 0.0708, loss: 0.1332
2020-11-24 04:26:28,750 - mmdet - INFO - Epoch [3][200/619]	lr: 1.000e-02, eta: 0:12:40, time: 0.749, data_time: 0.012, memory: 11911, loss_rpn_cls: 0.0016, loss_rpn_bbox: 0.0257, loss_cls: 0.0277, acc: 98.7793, loss_bbox: 0.0666, loss: 0.1216
2020-11-24 04:27:43,671 - mmdet - INFO - Epoch [3][300/619]	lr: 1.000e-02, eta: 0:11:28, time: 0.749, data_time: 0.012, memory: 11911, loss_rpn_cls: 0.0031, loss_rpn_bbox: 0.0283, loss_cls: 0.0342, acc: 98.5225, loss_bbox: 0.0735, loss: 0.1392
2020-11-24 04:28:58,489 - mmdet - INFO - Epoch [3][400/619]	lr: 1.000e-02, eta: 0:10:15, time: 0.748, data_time: 0.012, memory: 11911, loss_rpn_cls: 0.0028, loss_rpn_bbox: 0.0316, loss_cls: 0.0324, acc: 98.5938, loss_bbox: 0.0744, loss: 0.1412
2020-11-24 04:30:13,104 - mmdet - INFO - Epoch [3][500/619]	lr: 1.000e-02, eta: 0:09:02, time: 0.746, data_time: 0.012, memory: 11911, loss_rpn_cls: 0.0025, loss_rpn_bbox: 0.0295, loss_cls: 0.0307, acc: 98.6689, loss_bbox: 0.0729, loss: 0.1356
2020-11-24 04:31:27,792 - mmdet - INFO - Epoch [3][600/619]	lr: 1.000e-02, eta: 0:07:49, time: 0.747, data_time: 0.012, memory: 11911, loss_rpn_cls: 0.0021, loss_rpn_bbox: 0.0292, loss_cls: 0.0319, acc: 98.6807, loss_bbox: 0.0683, loss: 0.1315
2020-11-24 04:32:09,334 - mmdet - INFO - Evaluating bbox...
2020-11-24 04:32:11,252 - mmdet - INFO - Epoch [3][619/619]	lr: 1.000e-02, bbox_mAP: 0.8580, bbox_mAP_50: 0.9060, bbox_mAP_75: 0.9050, bbox_mAP_s: 0.6120, bbox_mAP_m: 0.9060, bbox_mAP_l: 0.9280, bbox_mAP_copypaste: 0.858 0.906 0.905 0.612 0.906 0.928
2020-11-24 04:33:28,418 - mmdet - INFO - Epoch [4][100/619]	lr: 1.000e-02, eta: 0:06:19, time: 0.770, data_time: 0.033, memory: 11911, loss_rpn_cls: 0.0025, loss_rpn_bbox: 0.0301, loss_cls: 0.0281, acc: 98.8789, loss_bbox: 0.0677, loss: 0.1284
2020-11-24 04:34:43,102 - mmdet - INFO - Epoch [4][200/619]	lr: 1.000e-02, eta: 0:05:06, time: 0.747, data_time: 0.012, memory: 11911, loss_rpn_cls: 0.0022, loss_rpn_bbox: 0.0284, loss_cls: 0.0246, acc: 98.9619, loss_bbox: 0.0686, loss: 0.1238
2020-11-24 04:35:58,098 - mmdet - INFO - Epoch [4][300/619]	lr: 1.000e-02, eta: 0:03:53, time: 0.750, data_time: 0.012, memory: 11911, loss_rpn_cls: 0.0032, loss_rpn_bbox: 0.0321, loss_cls: 0.0361, acc: 98.4766, loss_bbox: 0.0758, loss: 0.1473
2020-11-24 04:37:12,949 - mmdet - INFO - Epoch [4][400/619]	lr: 1.000e-02, eta: 0:02:40, time: 0.748, data_time: 0.012, memory: 11911, loss_rpn_cls: 0.0026, loss_rpn_bbox: 0.0286, loss_cls: 0.0337, acc: 98.5156, loss_bbox: 0.0747, loss: 0.1396
2020-11-24 04:38:27,863 - mmdet - INFO - Epoch [4][500/619]	lr: 1.000e-02, eta: 0:01:27, time: 0.749, data_time: 0.012, memory: 11911, loss_rpn_cls: 0.0019, loss_rpn_bbox: 0.0308, loss_cls: 0.0294, acc: 98.7617, loss_bbox: 0.0742, loss: 0.1364
2020-11-24 04:39:42,764 - mmdet - INFO - Epoch [4][600/619]	lr: 1.000e-02, eta: 0:00:13, time: 0.749, data_time: 0.012, memory: 11911, loss_rpn_cls: 0.0025, loss_rpn_bbox: 0.0309, loss_cls: 0.0334, acc: 98.5693, loss_bbox: 0.0732, loss: 0.1399
2020-11-24 04:39:56,861 - mmdet - INFO - Saving checkpoint at 4 epochs
2020-11-24 04:40:26,037 - mmdet - INFO - Evaluating bbox...
2020-11-24 04:40:27,963 - mmdet - INFO - Epoch [4][619/619]	lr: 1.000e-02, bbox_mAP: 0.8590, bbox_mAP_50: 0.9060, bbox_mAP_75: 0.9050, bbox_mAP_s: 0.6110, bbox_mAP_m: 0.9150, bbox_mAP_l: 0.9230, bbox_mAP_copypaste: 0.859 0.906 0.905 0.611 0.915 0.923
2020-11-24 04:41:01,603 - mmdet - INFO - Epoch(train) [4][85]	loss_rpn_cls: 0.0018, loss_rpn_bbox: 0.0272, loss_cls: 0.0290, acc: 98.7557, loss_bbox: 0.0730, loss: 0.1310
