2020-11-23 23:13:53,008 - mmdet - INFO - Environment info:
------------------------------------------------------------
sys.platform: linux
Python: 3.6.4 |Anaconda, Inc.| (default, Jan 16 2018, 18:10:19) [GCC 7.2.0]
CUDA available: True
CUDA_HOME: /usr/local/cuda
NVCC: Cuda compilation tools, release 10.0, V10.0.130
GPU 0: Tesla P100-PCIE-16GB
GCC: gcc (GCC) 5.3.0
PyTorch: 1.3.1+cu100
PyTorch compiling details: PyTorch built with:
  - GCC 7.3
  - Intel(R) Math Kernel Library Version 2019.0.4 Product Build 20190411 for Intel(R) 64 architecture applications
  - Intel(R) MKL-DNN v0.20.5 (Git Hash 0125f28c61c1f822fd48570b4c1066f96fcb9b2e)
  - OpenMP 201511 (a.k.a. OpenMP 4.5)
  - NNPACK is enabled
  - CUDA Runtime 10.0
  - NVCC architecture flags: -gencode;arch=compute_37,code=sm_37;-gencode;arch=compute_50,code=sm_50;-gencode;arch=compute_60,code=sm_60;-gencode;arch=compute_61,code=sm_61;-gencode;arch=compute_70,code=sm_70;-gencode;arch=compute_75,code=sm_75;-gencode;arch=compute_37,code=compute_37
  - CuDNN 7.6.3
  - Magma 2.5.1
  - Build settings: BLAS=MKL, BUILD_NAMEDTENSOR=OFF, BUILD_TYPE=Release, CXX_FLAGS= -Wno-deprecated -fvisibility-inlines-hidden -fopenmp -DUSE_FBGEMM -DUSE_QNNPACK -DUSE_PYTORCH_QNNPACK -O2 -fPIC -Wno-narrowing -Wall -Wextra -Wno-missing-field-initializers -Wno-type-limits -Wno-array-bounds -Wno-unknown-pragmas -Wno-sign-compare -Wno-unused-parameter -Wno-unused-variable -Wno-unused-function -Wno-unused-result -Wno-strict-overflow -Wno-strict-aliasing -Wno-error=deprecated-declarations -Wno-stringop-overflow -Wno-error=pedantic -Wno-error=redundant-decls -Wno-error=old-style-cast -fdiagnostics-color=always -faligned-new -Wno-unused-but-set-variable -Wno-maybe-uninitialized -fno-math-errno -fno-trapping-math -Wno-stringop-overflow, DISABLE_NUMA=1, PERF_WITH_AVX=1, PERF_WITH_AVX2=1, PERF_WITH_AVX512=1, USE_CUDA=True, USE_EXCEPTION_PTR=1, USE_GFLAGS=OFF, USE_GLOG=OFF, USE_MKL=ON, USE_MKLDNN=ON, USE_MPI=OFF, USE_NCCL=ON, USE_NNPACK=ON, USE_OPENMP=ON, USE_STATIC_DISPATCH=OFF, 

TorchVision: 0.4.2+cu100
OpenCV: 4.4.0
MMCV: 1.0.5
MMDetection: 2.3.0+788fa8d
MMDetection Compiler: GCC 7.3
MMDetection CUDA Compiler: 10.0
------------------------------------------------------------

2020-11-23 23:13:53,008 - mmdet - INFO - Distributed training: False
2020-11-23 23:13:53,413 - mmdet - INFO - Config:
model = dict(
    type='FasterRCNN',
    pretrained='torchvision://resnet50',
    backbone=dict(
        type='ResNet',
        depth=50,
        num_stages=4,
        out_indices=(0, 1, 2, 3),
        frozen_stages=1,
        norm_cfg=dict(type='BN', requires_grad=True),
        norm_eval=True,
        style='pytorch'),
    neck=dict(
        type='FPN',
        in_channels=[256, 512, 1024, 2048],
        out_channels=256,
        num_outs=5),
    rpn_head=dict(
        type='RPNHead',
        in_channels=256,
        feat_channels=256,
        anchor_generator=dict(
            type='AnchorGenerator',
            scales=[8],
            ratios=[0.5, 1.0, 2.0],
            strides=[4, 8, 16, 32, 64]),
        bbox_coder=dict(
            type='DeltaXYWHBBoxCoder',
            target_means=[0.0, 0.0, 0.0, 0.0],
            target_stds=[1.0, 1.0, 1.0, 1.0]),
        loss_cls=dict(
            type='CrossEntropyLoss', use_sigmoid=True, loss_weight=1.0),
        loss_bbox=dict(type='L1Loss', loss_weight=1.0)),
    roi_head=dict(
        type='StandardRoIHead',
        bbox_roi_extractor=dict(
            type='SingleRoIExtractor',
            roi_layer=dict(type='RoIAlign', output_size=7, sampling_ratio=0),
            out_channels=256,
            featmap_strides=[4, 8, 16, 32]),
        bbox_head=dict(
            type='Shared2FCBBoxHead',
            in_channels=256,
            fc_out_channels=1024,
            roi_feat_size=7,
            num_classes=2,
            bbox_coder=dict(
                type='DeltaXYWHBBoxCoder',
                target_means=[0.0, 0.0, 0.0, 0.0],
                target_stds=[0.1, 0.1, 0.2, 0.2]),
            reg_class_agnostic=False,
            loss_cls=dict(
                type='CrossEntropyLoss', use_sigmoid=False, loss_weight=1.0),
            loss_bbox=dict(type='L1Loss', loss_weight=1.0))))
train_cfg = dict(
    rpn=dict(
        assigner=dict(
            type='MaxIoUAssigner',
            pos_iou_thr=0.7,
            neg_iou_thr=0.3,
            min_pos_iou=0.3,
            match_low_quality=True,
            ignore_iof_thr=-1),
        sampler=dict(
            type='RandomSampler',
            num=256,
            pos_fraction=0.5,
            neg_pos_ub=-1,
            add_gt_as_proposals=False),
        allowed_border=-1,
        pos_weight=-1,
        debug=False),
    rpn_proposal=dict(
        nms_across_levels=False,
        nms_pre=2000,
        nms_post=1000,
        max_num=1000,
        nms_thr=0.7,
        min_bbox_size=0),
    rcnn=dict(
        assigner=dict(
            type='MaxIoUAssigner',
            pos_iou_thr=0.5,
            neg_iou_thr=0.5,
            min_pos_iou=0.5,
            match_low_quality=False,
            ignore_iof_thr=-1),
        sampler=dict(
            type='RandomSampler',
            num=512,
            pos_fraction=0.25,
            neg_pos_ub=-1,
            add_gt_as_proposals=True),
        pos_weight=-1,
        debug=False))
test_cfg = dict(
    rpn=dict(
        nms_across_levels=False,
        nms_pre=1000,
        nms_post=1000,
        max_num=1000,
        nms_thr=0.7,
        min_bbox_size=0),
    rcnn=dict(
        score_thr=0.05,
        nms=dict(type='nms', iou_threshold=0.5),
        max_per_img=100))
dataset_type = 'CocoDataset'
data_root = 'data/coco/'
img_norm_cfg = dict(
    mean=[123.675, 116.28, 103.53], std=[58.395, 57.12, 57.375], to_rgb=True)
train_pipeline = [
    dict(type='LoadImageFromFile'),
    dict(type='LoadAnnotations', with_bbox=True),
    dict(type='Resize', img_scale=(1550, 1550), keep_ratio=True),
    dict(type='RandomFlip', flip_ratio=0.5),
    dict(
        type='Normalize',
        mean=[123.675, 116.28, 103.53],
        std=[58.395, 57.12, 57.375],
        to_rgb=True),
    dict(type='Pad', size_divisor=32),
    dict(type='DefaultFormatBundle'),
    dict(type='Collect', keys=['img', 'gt_bboxes', 'gt_labels'])
]
test_pipeline = [
    dict(type='LoadImageFromFile'),
    dict(
        type='MultiScaleFlipAug',
        img_scale=(1550, 1550),
        flip=False,
        transforms=[
            dict(type='Resize', keep_ratio=True),
            dict(type='RandomFlip'),
            dict(
                type='Normalize',
                mean=[123.675, 116.28, 103.53],
                std=[58.395, 57.12, 57.375],
                to_rgb=True),
            dict(type='Pad', size_divisor=32),
            dict(type='ImageToTensor', keys=['img']),
            dict(type='Collect', keys=['img'])
        ])
]
data = dict(
    samples_per_gpu=2,
    workers_per_gpu=2,
    train=dict(
        type='CocoDataset',
        ann_file='data/coco/annotations/annotations_trai.json',
        img_prefix='data/coco/img/',
        pipeline=[
            dict(type='LoadImageFromFile'),
            dict(type='LoadAnnotations', with_bbox=True),
            dict(type='Resize', img_scale=(1550, 1550), keep_ratio=True),
            dict(type='RandomFlip', flip_ratio=0.5),
            dict(
                type='Normalize',
                mean=[123.675, 116.28, 103.53],
                std=[58.395, 57.12, 57.375],
                to_rgb=True),
            dict(type='Pad', size_divisor=32),
            dict(type='DefaultFormatBundle'),
            dict(type='Collect', keys=['img', 'gt_bboxes', 'gt_labels'])
        ]),
    val=dict(
        type='CocoDataset',
        ann_file='data/coco/annotations/annotations_test.json',
        img_prefix='data/coco/img/',
        pipeline=[
            dict(type='LoadImageFromFile'),
            dict(
                type='MultiScaleFlipAug',
                img_scale=(1550, 1550),
                flip=False,
                transforms=[
                    dict(type='Resize', keep_ratio=True),
                    dict(type='RandomFlip'),
                    dict(
                        type='Normalize',
                        mean=[123.675, 116.28, 103.53],
                        std=[58.395, 57.12, 57.375],
                        to_rgb=True),
                    dict(type='Pad', size_divisor=32),
                    dict(type='ImageToTensor', keys=['img']),
                    dict(type='Collect', keys=['img'])
                ])
        ]),
    test=dict(
        type='CocoDataset',
        ann_file='data/coco/annotations/annotations_vals.json',
        img_prefix='data/coco/img/',
        pipeline=[
            dict(type='LoadImageFromFile'),
            dict(
                type='MultiScaleFlipAug',
                img_scale=(1550, 1550),
                flip=False,
                transforms=[
                    dict(type='Resize', keep_ratio=True),
                    dict(type='RandomFlip'),
                    dict(
                        type='Normalize',
                        mean=[123.675, 116.28, 103.53],
                        std=[58.395, 57.12, 57.375],
                        to_rgb=True),
                    dict(type='Pad', size_divisor=32),
                    dict(type='ImageToTensor', keys=['img']),
                    dict(type='Collect', keys=['img'])
                ])
        ]))
evaluation = dict(interval=1, metric='bbox')
optimizer = dict(type='SGD', lr=0.01, momentum=0.9, weight_decay=0.0001)
optimizer_config = dict(grad_clip=None)
lr_config = dict(
    policy='step',
    warmup='linear',
    warmup_iters=500,
    warmup_ratio=0.001,
    step=[8, 11])
total_epochs = 4
checkpoint_config = dict(interval=4)
log_config = dict(interval=100, hooks=[dict(type='TextLoggerHook')])
dist_params = dict(backend='nccl')
log_level = 'INFO'
load_from = '/home/admin/.cache/torch/checkpoints/X.pth'
resume_from = None
workflow = [('train', 2), ('val', 1)]
work_dir = '/home/admin/jupyter/SecurityAI_Round5/data/work'
gpu_ids = range(0, 1)

2020-11-23 23:13:53,912 - mmdet - INFO - load model from: torchvision://resnet50
2020-11-23 23:14:01,810 - mmdet - WARNING - The model and loaded state dict do not match exactly

unexpected key in source state_dict: fc.weight, fc.bias

2020-11-23 23:14:12,396 - mmdet - INFO - load checkpoint from /home/admin/.cache/torch/checkpoints/X.pth
2020-11-23 23:14:19,010 - mmdet - INFO - Start running, host: admin@fuxilabor_labor0_S4_Odps_S96_dsw_prepaid_cnsh_838_2020112313382, work_dir: /home/admin/jupyter/SecurityAI_Round5/data/work
2020-11-23 23:14:19,011 - mmdet - INFO - workflow: [('train', 2), ('val', 1)], max: 4 epochs
2020-11-23 23:15:36,615 - mmdet - INFO - Epoch [1][100/597]	lr: 1.988e-03, eta: 0:29:31, time: 0.774, data_time: 0.034, memory: 8657, loss_rpn_cls: 0.0017, loss_rpn_bbox: 0.0245, loss_cls: 0.0268, acc: 98.8643, loss_bbox: 0.0693, loss: 0.1222
2020-11-23 23:16:51,352 - mmdet - INFO - Epoch [1][200/597]	lr: 3.986e-03, eta: 0:27:44, time: 0.747, data_time: 0.012, memory: 8657, loss_rpn_cls: 0.0027, loss_rpn_bbox: 0.0217, loss_cls: 0.0267, acc: 98.9131, loss_bbox: 0.0573, loss: 0.1083
2020-11-23 23:18:06,170 - mmdet - INFO - Epoch [1][300/597]	lr: 5.984e-03, eta: 0:26:19, time: 0.748, data_time: 0.012, memory: 9844, loss_rpn_cls: 0.0018, loss_rpn_bbox: 0.0247, loss_cls: 0.0273, acc: 98.8428, loss_bbox: 0.0643, loss: 0.1181
2020-11-23 23:19:21,333 - mmdet - INFO - Epoch [1][400/597]	lr: 7.982e-03, eta: 0:25:01, time: 0.752, data_time: 0.012, memory: 11909, loss_rpn_cls: 0.0025, loss_rpn_bbox: 0.0264, loss_cls: 0.0274, acc: 98.8516, loss_bbox: 0.0678, loss: 0.1241
2020-11-23 23:20:36,034 - mmdet - INFO - Epoch [1][500/597]	lr: 9.980e-03, eta: 0:23:42, time: 0.747, data_time: 0.012, memory: 11909, loss_rpn_cls: 0.0027, loss_rpn_bbox: 0.0295, loss_cls: 0.0318, acc: 98.5820, loss_bbox: 0.0665, loss: 0.1305
2020-11-23 23:22:16,809 - mmdet - INFO - Evaluating bbox...
2020-11-23 23:22:19,091 - mmdet - INFO - Epoch [1][597/597]	lr: 1.000e-02, bbox_mAP: 0.8500, bbox_mAP_50: 0.9050, bbox_mAP_75: 0.8950, bbox_mAP_s: 0.6140, bbox_mAP_m: 0.8760, bbox_mAP_l: 0.9170, bbox_mAP_copypaste: 0.850 0.905 0.895 0.614 0.876 0.917
2020-11-23 23:23:36,244 - mmdet - INFO - Epoch [2][100/597]	lr: 1.000e-02, eta: 0:18:20, time: 0.769, data_time: 0.033, memory: 11909, loss_rpn_cls: 0.0023, loss_rpn_bbox: 0.0300, loss_cls: 0.0262, acc: 98.8447, loss_bbox: 0.0657, loss: 0.1242
2020-11-23 23:24:51,016 - mmdet - INFO - Epoch [2][200/597]	lr: 1.000e-02, eta: 0:17:35, time: 0.748, data_time: 0.012, memory: 11909, loss_rpn_cls: 0.0030, loss_rpn_bbox: 0.0294, loss_cls: 0.0285, acc: 98.8398, loss_bbox: 0.0688, loss: 0.1297
2020-11-23 23:26:05,855 - mmdet - INFO - Epoch [2][300/597]	lr: 1.000e-02, eta: 0:16:42, time: 0.748, data_time: 0.012, memory: 11909, loss_rpn_cls: 0.0032, loss_rpn_bbox: 0.0312, loss_cls: 0.0330, acc: 98.5576, loss_bbox: 0.0727, loss: 0.1400
2020-11-23 23:27:20,550 - mmdet - INFO - Epoch [2][400/597]	lr: 1.000e-02, eta: 0:15:46, time: 0.747, data_time: 0.012, memory: 11909, loss_rpn_cls: 0.0023, loss_rpn_bbox: 0.0281, loss_cls: 0.0307, acc: 98.6475, loss_bbox: 0.0723, loss: 0.1334
2020-11-23 23:28:35,190 - mmdet - INFO - Epoch [2][500/597]	lr: 1.000e-02, eta: 0:14:45, time: 0.746, data_time: 0.012, memory: 11909, loss_rpn_cls: 0.0019, loss_rpn_bbox: 0.0311, loss_cls: 0.0269, acc: 98.8359, loss_bbox: 0.0712, loss: 0.1312
2020-11-23 23:30:15,548 - mmdet - INFO - Evaluating bbox...
2020-11-23 23:30:17,670 - mmdet - INFO - Epoch [2][597/597]	lr: 1.000e-02, bbox_mAP: 0.8560, bbox_mAP_50: 0.9000, bbox_mAP_75: 0.9000, bbox_mAP_s: 0.6260, bbox_mAP_m: 0.8870, bbox_mAP_l: 0.9230, bbox_mAP_copypaste: 0.856 0.900 0.900 0.626 0.887 0.923
2020-11-23 23:30:52,484 - mmdet - INFO - Epoch(train) [2][88]	loss_rpn_cls: 0.0041, loss_rpn_bbox: 0.0280, loss_cls: 0.0297, acc: 98.7826, loss_bbox: 0.0665, loss: 0.1284
2020-11-23 23:32:09,666 - mmdet - INFO - Epoch [3][100/597]	lr: 1.000e-02, eta: 0:11:41, time: 0.770, data_time: 0.034, memory: 11909, loss_rpn_cls: 0.0025, loss_rpn_bbox: 0.0328, loss_cls: 0.0330, acc: 98.5215, loss_bbox: 0.0777, loss: 0.1460
2020-11-23 23:33:24,184 - mmdet - INFO - Epoch [3][200/597]	lr: 1.000e-02, eta: 0:10:44, time: 0.745, data_time: 0.012, memory: 11909, loss_rpn_cls: 0.0022, loss_rpn_bbox: 0.0268, loss_cls: 0.0283, acc: 98.8008, loss_bbox: 0.0702, loss: 0.1274
2020-11-23 23:34:38,958 - mmdet - INFO - Epoch [3][300/597]	lr: 1.000e-02, eta: 0:09:45, time: 0.748, data_time: 0.012, memory: 11909, loss_rpn_cls: 0.0023, loss_rpn_bbox: 0.0282, loss_cls: 0.0312, acc: 98.6494, loss_bbox: 0.0715, loss: 0.1332
2020-11-23 23:35:53,931 - mmdet - INFO - Epoch [3][400/597]	lr: 1.000e-02, eta: 0:08:44, time: 0.750, data_time: 0.012, memory: 11909, loss_rpn_cls: 0.0024, loss_rpn_bbox: 0.0300, loss_cls: 0.0301, acc: 98.7383, loss_bbox: 0.0734, loss: 0.1359
2020-11-23 23:37:08,897 - mmdet - INFO - Epoch [3][500/597]	lr: 1.000e-02, eta: 0:07:42, time: 0.750, data_time: 0.012, memory: 11909, loss_rpn_cls: 0.0027, loss_rpn_bbox: 0.0300, loss_cls: 0.0311, acc: 98.7061, loss_bbox: 0.0689, loss: 0.1327
2020-11-23 23:38:49,622 - mmdet - INFO - Evaluating bbox...
2020-11-23 23:38:51,897 - mmdet - INFO - Epoch [3][597/597]	lr: 1.000e-02, bbox_mAP: 0.8480, bbox_mAP_50: 0.8990, bbox_mAP_75: 0.8940, bbox_mAP_s: 0.6130, bbox_mAP_m: 0.8840, bbox_mAP_l: 0.9160, bbox_mAP_copypaste: 0.848 0.899 0.894 0.613 0.884 0.916
2020-11-23 23:40:09,162 - mmdet - INFO - Epoch [4][100/597]	lr: 1.000e-02, eta: 0:05:16, time: 0.771, data_time: 0.033, memory: 11909, loss_rpn_cls: 0.0025, loss_rpn_bbox: 0.0326, loss_cls: 0.0303, acc: 98.7148, loss_bbox: 0.0764, loss: 0.1418
2020-11-23 23:41:23,671 - mmdet - INFO - Epoch [4][200/597]	lr: 1.000e-02, eta: 0:04:15, time: 0.745, data_time: 0.012, memory: 11909, loss_rpn_cls: 0.0020, loss_rpn_bbox: 0.0290, loss_cls: 0.0274, acc: 98.8936, loss_bbox: 0.0721, loss: 0.1305
2020-11-23 23:42:38,368 - mmdet - INFO - Epoch [4][300/597]	lr: 1.000e-02, eta: 0:03:12, time: 0.747, data_time: 0.012, memory: 11909, loss_rpn_cls: 0.0021, loss_rpn_bbox: 0.0297, loss_cls: 0.0326, acc: 98.5508, loss_bbox: 0.0716, loss: 0.1360
2020-11-23 23:43:53,039 - mmdet - INFO - Epoch [4][400/597]	lr: 1.000e-02, eta: 0:02:08, time: 0.747, data_time: 0.012, memory: 11909, loss_rpn_cls: 0.0027, loss_rpn_bbox: 0.0285, loss_cls: 0.0291, acc: 98.7871, loss_bbox: 0.0719, loss: 0.1323
2020-11-23 23:45:07,759 - mmdet - INFO - Epoch [4][500/597]	lr: 1.000e-02, eta: 0:01:03, time: 0.747, data_time: 0.012, memory: 11909, loss_rpn_cls: 0.0033, loss_rpn_bbox: 0.0301, loss_cls: 0.0328, acc: 98.6279, loss_bbox: 0.0722, loss: 0.1383
2020-11-23 23:46:20,308 - mmdet - INFO - Saving checkpoint at 4 epochs
2020-11-23 23:46:50,197 - mmdet - INFO - Evaluating bbox...
2020-11-23 23:46:52,651 - mmdet - INFO - Epoch [4][597/597]	lr: 1.000e-02, bbox_mAP: 0.8340, bbox_mAP_50: 0.8970, bbox_mAP_75: 0.8880, bbox_mAP_s: 0.5790, bbox_mAP_m: 0.8490, bbox_mAP_l: 0.8990, bbox_mAP_copypaste: 0.834 0.897 0.888 0.579 0.849 0.899
2020-11-23 23:47:27,778 - mmdet - INFO - Epoch(train) [4][88]	loss_rpn_cls: 0.0054, loss_rpn_bbox: 0.0357, loss_cls: 0.0406, acc: 98.4575, loss_bbox: 0.0777, loss: 0.1593
