2020-11-22 12:27:12,219 - mmdet - INFO - Environment info:
------------------------------------------------------------
sys.platform: linux
Python: 3.6.4 |Anaconda, Inc.| (default, Jan 16 2018, 18:10:19) [GCC 7.2.0]
CUDA available: True
CUDA_HOME: /usr/local/cuda
NVCC: Cuda compilation tools, release 10.0, V10.0.130
GPU 0: Tesla P100-PCIE-16GB
GCC: gcc (GCC) 5.3.0
PyTorch: 1.3.1+cu100
PyTorch compiling details: PyTorch built with:
  - GCC 7.3
  - Intel(R) Math Kernel Library Version 2019.0.4 Product Build 20190411 for Intel(R) 64 architecture applications
  - Intel(R) MKL-DNN v0.20.5 (Git Hash 0125f28c61c1f822fd48570b4c1066f96fcb9b2e)
  - OpenMP 201511 (a.k.a. OpenMP 4.5)
  - NNPACK is enabled
  - CUDA Runtime 10.0
  - NVCC architecture flags: -gencode;arch=compute_37,code=sm_37;-gencode;arch=compute_50,code=sm_50;-gencode;arch=compute_60,code=sm_60;-gencode;arch=compute_61,code=sm_61;-gencode;arch=compute_70,code=sm_70;-gencode;arch=compute_75,code=sm_75;-gencode;arch=compute_37,code=compute_37
  - CuDNN 7.6.3
  - Magma 2.5.1
  - Build settings: BLAS=MKL, BUILD_NAMEDTENSOR=OFF, BUILD_TYPE=Release, CXX_FLAGS= -Wno-deprecated -fvisibility-inlines-hidden -fopenmp -DUSE_FBGEMM -DUSE_QNNPACK -DUSE_PYTORCH_QNNPACK -O2 -fPIC -Wno-narrowing -Wall -Wextra -Wno-missing-field-initializers -Wno-type-limits -Wno-array-bounds -Wno-unknown-pragmas -Wno-sign-compare -Wno-unused-parameter -Wno-unused-variable -Wno-unused-function -Wno-unused-result -Wno-strict-overflow -Wno-strict-aliasing -Wno-error=deprecated-declarations -Wno-stringop-overflow -Wno-error=pedantic -Wno-error=redundant-decls -Wno-error=old-style-cast -fdiagnostics-color=always -faligned-new -Wno-unused-but-set-variable -Wno-maybe-uninitialized -fno-math-errno -fno-trapping-math -Wno-stringop-overflow, DISABLE_NUMA=1, PERF_WITH_AVX=1, PERF_WITH_AVX2=1, PERF_WITH_AVX512=1, USE_CUDA=True, USE_EXCEPTION_PTR=1, USE_GFLAGS=OFF, USE_GLOG=OFF, USE_MKL=ON, USE_MKLDNN=ON, USE_MPI=OFF, USE_NCCL=ON, USE_NNPACK=ON, USE_OPENMP=ON, USE_STATIC_DISPATCH=OFF, 

TorchVision: 0.4.2+cu100
OpenCV: 4.4.0
MMCV: 1.0.5
MMDetection: 2.3.0+788fa8d
MMDetection Compiler: GCC 7.3
MMDetection CUDA Compiler: 10.0
------------------------------------------------------------

2020-11-22 12:27:12,219 - mmdet - INFO - Distributed training: False
2020-11-22 12:27:12,616 - mmdet - INFO - Config:
model = dict(
    type='FasterRCNN',
    pretrained='torchvision://resnet50',
    backbone=dict(
        type='ResNet',
        depth=50,
        num_stages=4,
        out_indices=(0, 1, 2, 3),
        frozen_stages=1,
        norm_cfg=dict(type='BN', requires_grad=True),
        norm_eval=True,
        style='pytorch'),
    neck=dict(
        type='FPN',
        in_channels=[256, 512, 1024, 2048],
        out_channels=256,
        num_outs=5),
    rpn_head=dict(
        type='RPNHead',
        in_channels=256,
        feat_channels=256,
        anchor_generator=dict(
            type='AnchorGenerator',
            scales=[8],
            ratios=[0.5, 1.0, 2.0],
            strides=[4, 8, 16, 32, 64]),
        bbox_coder=dict(
            type='DeltaXYWHBBoxCoder',
            target_means=[0.0, 0.0, 0.0, 0.0],
            target_stds=[1.0, 1.0, 1.0, 1.0]),
        loss_cls=dict(
            type='CrossEntropyLoss', use_sigmoid=True, loss_weight=1.0),
        loss_bbox=dict(type='L1Loss', loss_weight=1.0)),
    roi_head=dict(
        type='StandardRoIHead',
        bbox_roi_extractor=dict(
            type='SingleRoIExtractor',
            roi_layer=dict(type='RoIAlign', output_size=7, sampling_ratio=0),
            out_channels=256,
            featmap_strides=[4, 8, 16, 32]),
        bbox_head=dict(
            type='Shared2FCBBoxHead',
            in_channels=256,
            fc_out_channels=1024,
            roi_feat_size=7,
            num_classes=2,
            bbox_coder=dict(
                type='DeltaXYWHBBoxCoder',
                target_means=[0.0, 0.0, 0.0, 0.0],
                target_stds=[0.1, 0.1, 0.2, 0.2]),
            reg_class_agnostic=False,
            loss_cls=dict(
                type='CrossEntropyLoss', use_sigmoid=False, loss_weight=1.0),
            loss_bbox=dict(type='L1Loss', loss_weight=1.0))))
train_cfg = dict(
    rpn=dict(
        assigner=dict(
            type='MaxIoUAssigner',
            pos_iou_thr=0.7,
            neg_iou_thr=0.3,
            min_pos_iou=0.3,
            match_low_quality=True,
            ignore_iof_thr=-1),
        sampler=dict(
            type='RandomSampler',
            num=256,
            pos_fraction=0.5,
            neg_pos_ub=-1,
            add_gt_as_proposals=False),
        allowed_border=-1,
        pos_weight=-1,
        debug=False),
    rpn_proposal=dict(
        nms_across_levels=False,
        nms_pre=2000,
        nms_post=1000,
        max_num=1000,
        nms_thr=0.7,
        min_bbox_size=0),
    rcnn=dict(
        assigner=dict(
            type='MaxIoUAssigner',
            pos_iou_thr=0.5,
            neg_iou_thr=0.5,
            min_pos_iou=0.5,
            match_low_quality=False,
            ignore_iof_thr=-1),
        sampler=dict(
            type='RandomSampler',
            num=512,
            pos_fraction=0.25,
            neg_pos_ub=-1,
            add_gt_as_proposals=True),
        pos_weight=-1,
        debug=False))
test_cfg = dict(
    rpn=dict(
        nms_across_levels=False,
        nms_pre=1000,
        nms_post=1000,
        max_num=1000,
        nms_thr=0.7,
        min_bbox_size=0),
    rcnn=dict(
        score_thr=0.05,
        nms=dict(type='nms', iou_threshold=0.5),
        max_per_img=100))
dataset_type = 'CocoDataset'
data_root = 'data/coco/'
img_norm_cfg = dict(
    mean=[123.675, 116.28, 103.53], std=[58.395, 57.12, 57.375], to_rgb=True)
train_pipeline = [
    dict(type='LoadImageFromFile'),
    dict(type='LoadAnnotations', with_bbox=True),
    dict(type='Resize', img_scale=(1550, 1550), keep_ratio=True),
    dict(type='RandomFlip', flip_ratio=0.5),
    dict(
        type='Normalize',
        mean=[123.675, 116.28, 103.53],
        std=[58.395, 57.12, 57.375],
        to_rgb=True),
    dict(type='Pad', size_divisor=32),
    dict(type='DefaultFormatBundle'),
    dict(type='Collect', keys=['img', 'gt_bboxes', 'gt_labels'])
]
test_pipeline = [
    dict(type='LoadImageFromFile'),
    dict(
        type='MultiScaleFlipAug',
        img_scale=(1550, 1550),
        flip=False,
        transforms=[
            dict(type='Resize', keep_ratio=True),
            dict(type='RandomFlip'),
            dict(
                type='Normalize',
                mean=[123.675, 116.28, 103.53],
                std=[58.395, 57.12, 57.375],
                to_rgb=True),
            dict(type='Pad', size_divisor=32),
            dict(type='ImageToTensor', keys=['img']),
            dict(type='Collect', keys=['img'])
        ])
]
data = dict(
    samples_per_gpu=2,
    workers_per_gpu=2,
    train=dict(
        type='CocoDataset',
        ann_file='data/coco/annotations/annotations_trai.json',
        img_prefix='data/coco/img/',
        pipeline=[
            dict(type='LoadImageFromFile'),
            dict(type='LoadAnnotations', with_bbox=True),
            dict(type='Resize', img_scale=(1550, 1550), keep_ratio=True),
            dict(type='RandomFlip', flip_ratio=0.5),
            dict(
                type='Normalize',
                mean=[123.675, 116.28, 103.53],
                std=[58.395, 57.12, 57.375],
                to_rgb=True),
            dict(type='Pad', size_divisor=32),
            dict(type='DefaultFormatBundle'),
            dict(type='Collect', keys=['img', 'gt_bboxes', 'gt_labels'])
        ]),
    val=dict(
        type='CocoDataset',
        ann_file='data/coco/annotations/annotations_test.json',
        img_prefix='data/coco/img/',
        pipeline=[
            dict(type='LoadImageFromFile'),
            dict(
                type='MultiScaleFlipAug',
                img_scale=(1550, 1550),
                flip=False,
                transforms=[
                    dict(type='Resize', keep_ratio=True),
                    dict(type='RandomFlip'),
                    dict(
                        type='Normalize',
                        mean=[123.675, 116.28, 103.53],
                        std=[58.395, 57.12, 57.375],
                        to_rgb=True),
                    dict(type='Pad', size_divisor=32),
                    dict(type='ImageToTensor', keys=['img']),
                    dict(type='Collect', keys=['img'])
                ])
        ]),
    test=dict(
        type='CocoDataset',
        ann_file='data/coco/annotations/annotations_vals.json',
        img_prefix='data/coco/img/',
        pipeline=[
            dict(type='LoadImageFromFile'),
            dict(
                type='MultiScaleFlipAug',
                img_scale=(1550, 1550),
                flip=False,
                transforms=[
                    dict(type='Resize', keep_ratio=True),
                    dict(type='RandomFlip'),
                    dict(
                        type='Normalize',
                        mean=[123.675, 116.28, 103.53],
                        std=[58.395, 57.12, 57.375],
                        to_rgb=True),
                    dict(type='Pad', size_divisor=32),
                    dict(type='ImageToTensor', keys=['img']),
                    dict(type='Collect', keys=['img'])
                ])
        ]))
evaluation = dict(interval=1, metric='bbox')
optimizer = dict(type='SGD', lr=0.01, momentum=0.9, weight_decay=0.0001)
optimizer_config = dict(grad_clip=None)
lr_config = dict(
    policy='step',
    warmup='linear',
    warmup_iters=500,
    warmup_ratio=0.001,
    step=[8, 11])
total_epochs = 4
checkpoint_config = dict(interval=4)
log_config = dict(interval=100, hooks=[dict(type='TextLoggerHook')])
dist_params = dict(backend='nccl')
log_level = 'INFO'
load_from = '/home/admin/.cache/torch/checkpoints/X.pth'
resume_from = None
workflow = [('train', 2), ('val', 1)]
work_dir = '/home/admin/jupyter/SecurityAI_Round5/data/work'
gpu_ids = range(0, 1)

2020-11-22 12:27:13,122 - mmdet - INFO - load model from: torchvision://resnet50
2020-11-22 12:27:21,063 - mmdet - WARNING - The model and loaded state dict do not match exactly

unexpected key in source state_dict: fc.weight, fc.bias

2020-11-22 12:27:31,276 - mmdet - INFO - load checkpoint from /home/admin/.cache/torch/checkpoints/X.pth
2020-11-22 12:27:37,998 - mmdet - INFO - Start running, host: admin@fuxilabor_labor0_S4_Odps_S96_dsw_prepaid_cnsh_838_2020112201080, work_dir: /home/admin/jupyter/SecurityAI_Round5/data/work
2020-11-22 12:27:37,998 - mmdet - INFO - workflow: [('train', 2), ('val', 1)], max: 4 epochs
2020-11-22 12:28:55,537 - mmdet - INFO - Epoch [1][100/619]	lr: 1.988e-03, eta: 0:30:37, time: 0.773, data_time: 0.034, memory: 11909, loss_rpn_cls: 0.0027, loss_rpn_bbox: 0.0262, loss_cls: 0.0294, acc: 98.7861, loss_bbox: 0.0661, loss: 0.1245
2020-11-22 12:30:10,388 - mmdet - INFO - Epoch [1][200/619]	lr: 3.986e-03, eta: 0:28:51, time: 0.749, data_time: 0.012, memory: 11909, loss_rpn_cls: 0.0024, loss_rpn_bbox: 0.0252, loss_cls: 0.0283, acc: 98.8262, loss_bbox: 0.0657, loss: 0.1216
2020-11-22 12:31:25,419 - mmdet - INFO - Epoch [1][300/619]	lr: 5.984e-03, eta: 0:27:28, time: 0.750, data_time: 0.012, memory: 11909, loss_rpn_cls: 0.0023, loss_rpn_bbox: 0.0248, loss_cls: 0.0312, acc: 98.6484, loss_bbox: 0.0684, loss: 0.1267
2020-11-22 12:32:40,384 - mmdet - INFO - Epoch [1][400/619]	lr: 7.982e-03, eta: 0:26:08, time: 0.750, data_time: 0.012, memory: 11909, loss_rpn_cls: 0.0020, loss_rpn_bbox: 0.0283, loss_cls: 0.0317, acc: 98.6230, loss_bbox: 0.0692, loss: 0.1312
2020-11-22 12:33:55,382 - mmdet - INFO - Epoch [1][500/619]	lr: 9.980e-03, eta: 0:24:50, time: 0.750, data_time: 0.012, memory: 11909, loss_rpn_cls: 0.0016, loss_rpn_bbox: 0.0279, loss_cls: 0.0258, acc: 98.9189, loss_bbox: 0.0713, loss: 0.1265
2020-11-22 12:35:10,316 - mmdet - INFO - Epoch [1][600/619]	lr: 1.000e-02, eta: 0:23:33, time: 0.749, data_time: 0.012, memory: 11909, loss_rpn_cls: 0.0030, loss_rpn_bbox: 0.0287, loss_cls: 0.0323, acc: 98.6992, loss_bbox: 0.0725, loss: 0.1366
2020-11-22 12:35:49,427 - mmdet - INFO - Evaluating bbox...
2020-11-22 12:35:51,701 - mmdet - INFO - Epoch [1][619/619]	lr: 1.000e-02, bbox_mAP: 0.8460, bbox_mAP_50: 0.8990, bbox_mAP_75: 0.8900, bbox_mAP_s: 0.5910, bbox_mAP_m: 0.8810, bbox_mAP_l: 0.9210, bbox_mAP_copypaste: 0.846 0.899 0.890 0.591 0.881 0.921
2020-11-22 12:37:09,066 - mmdet - INFO - Epoch [2][100/619]	lr: 1.000e-02, eta: 0:21:33, time: 0.772, data_time: 0.033, memory: 11909, loss_rpn_cls: 0.0021, loss_rpn_bbox: 0.0326, loss_cls: 0.0340, acc: 98.5938, loss_bbox: 0.0783, loss: 0.1470
2020-11-22 12:38:23,803 - mmdet - INFO - Epoch [2][200/619]	lr: 1.000e-02, eta: 0:20:22, time: 0.747, data_time: 0.012, memory: 11909, loss_rpn_cls: 0.0021, loss_rpn_bbox: 0.0301, loss_cls: 0.0284, acc: 98.7949, loss_bbox: 0.0696, loss: 0.1302
2020-11-22 12:39:38,898 - mmdet - INFO - Epoch [2][300/619]	lr: 1.000e-02, eta: 0:19:10, time: 0.751, data_time: 0.012, memory: 11909, loss_rpn_cls: 0.0029, loss_rpn_bbox: 0.0320, loss_cls: 0.0326, acc: 98.6982, loss_bbox: 0.0755, loss: 0.1430
2020-11-22 12:40:53,638 - mmdet - INFO - Epoch [2][400/619]	lr: 1.000e-02, eta: 0:17:57, time: 0.747, data_time: 0.012, memory: 11909, loss_rpn_cls: 0.0024, loss_rpn_bbox: 0.0280, loss_cls: 0.0315, acc: 98.7070, loss_bbox: 0.0704, loss: 0.1323
2020-11-22 12:42:08,610 - mmdet - INFO - Epoch [2][500/619]	lr: 1.000e-02, eta: 0:16:45, time: 0.750, data_time: 0.012, memory: 11909, loss_rpn_cls: 0.0022, loss_rpn_bbox: 0.0279, loss_cls: 0.0280, acc: 98.8623, loss_bbox: 0.0682, loss: 0.1263
2020-11-22 12:43:23,418 - mmdet - INFO - Epoch [2][600/619]	lr: 1.000e-02, eta: 0:15:31, time: 0.748, data_time: 0.012, memory: 11909, loss_rpn_cls: 0.0024, loss_rpn_bbox: 0.0309, loss_cls: 0.0250, acc: 99.0137, loss_bbox: 0.0706, loss: 0.1289
2020-11-22 12:44:02,583 - mmdet - INFO - Evaluating bbox...
2020-11-22 12:44:05,065 - mmdet - INFO - Epoch [2][619/619]	lr: 1.000e-02, bbox_mAP: 0.8380, bbox_mAP_50: 0.8930, bbox_mAP_75: 0.8880, bbox_mAP_s: 0.5710, bbox_mAP_m: 0.8760, bbox_mAP_l: 0.9080, bbox_mAP_copypaste: 0.838 0.893 0.888 0.571 0.876 0.908
2020-11-22 12:44:36,182 - mmdet - INFO - Epoch(train) [2][77]	loss_rpn_cls: 0.0038, loss_rpn_bbox: 0.0300, loss_cls: 0.0356, acc: 98.6074, loss_bbox: 0.0732, loss: 0.1425
2020-11-22 12:45:53,367 - mmdet - INFO - Epoch [3][100/619]	lr: 1.000e-02, eta: 0:13:54, time: 0.770, data_time: 0.033, memory: 11909, loss_rpn_cls: 0.0022, loss_rpn_bbox: 0.0313, loss_cls: 0.0320, acc: 98.6611, loss_bbox: 0.0776, loss: 0.1431
2020-11-22 12:47:08,136 - mmdet - INFO - Epoch [3][200/619]	lr: 1.000e-02, eta: 0:12:41, time: 0.748, data_time: 0.012, memory: 11909, loss_rpn_cls: 0.0031, loss_rpn_bbox: 0.0316, loss_cls: 0.0317, acc: 98.7617, loss_bbox: 0.0775, loss: 0.1439
2020-11-22 12:48:23,044 - mmdet - INFO - Epoch [3][300/619]	lr: 1.000e-02, eta: 0:11:29, time: 0.749, data_time: 0.012, memory: 11909, loss_rpn_cls: 0.0021, loss_rpn_bbox: 0.0308, loss_cls: 0.0305, acc: 98.7354, loss_bbox: 0.0777, loss: 0.1411
2020-11-22 12:49:38,198 - mmdet - INFO - Epoch [3][400/619]	lr: 1.000e-02, eta: 0:10:16, time: 0.752, data_time: 0.012, memory: 11909, loss_rpn_cls: 0.0025, loss_rpn_bbox: 0.0327, loss_cls: 0.0308, acc: 98.6934, loss_bbox: 0.0730, loss: 0.1390
2020-11-22 12:50:53,339 - mmdet - INFO - Epoch [3][500/619]	lr: 1.000e-02, eta: 0:09:03, time: 0.751, data_time: 0.012, memory: 11909, loss_rpn_cls: 0.0022, loss_rpn_bbox: 0.0303, loss_cls: 0.0334, acc: 98.5742, loss_bbox: 0.0759, loss: 0.1418
2020-11-22 12:52:08,340 - mmdet - INFO - Epoch [3][600/619]	lr: 1.000e-02, eta: 0:07:50, time: 0.750, data_time: 0.012, memory: 11909, loss_rpn_cls: 0.0021, loss_rpn_bbox: 0.0307, loss_cls: 0.0327, acc: 98.6152, loss_bbox: 0.0762, loss: 0.1418
2020-11-22 12:52:47,382 - mmdet - INFO - Evaluating bbox...
2020-11-22 12:52:49,715 - mmdet - INFO - Epoch [3][619/619]	lr: 1.000e-02, bbox_mAP: 0.8330, bbox_mAP_50: 0.8930, bbox_mAP_75: 0.8820, bbox_mAP_s: 0.5550, bbox_mAP_m: 0.8600, bbox_mAP_l: 0.9140, bbox_mAP_copypaste: 0.833 0.893 0.882 0.555 0.860 0.914
2020-11-22 12:54:07,150 - mmdet - INFO - Epoch [4][100/619]	lr: 1.000e-02, eta: 0:06:19, time: 0.772, data_time: 0.033, memory: 11909, loss_rpn_cls: 0.0040, loss_rpn_bbox: 0.0349, loss_cls: 0.0399, acc: 98.3438, loss_bbox: 0.0826, loss: 0.1613
2020-11-22 12:55:22,085 - mmdet - INFO - Epoch [4][200/619]	lr: 1.000e-02, eta: 0:05:07, time: 0.749, data_time: 0.012, memory: 11909, loss_rpn_cls: 0.0020, loss_rpn_bbox: 0.0305, loss_cls: 0.0299, acc: 98.7705, loss_bbox: 0.0723, loss: 0.1347
2020-11-22 12:56:37,209 - mmdet - INFO - Epoch [4][300/619]	lr: 1.000e-02, eta: 0:03:54, time: 0.751, data_time: 0.012, memory: 11909, loss_rpn_cls: 0.0025, loss_rpn_bbox: 0.0324, loss_cls: 0.0335, acc: 98.5928, loss_bbox: 0.0815, loss: 0.1499
2020-11-22 12:57:52,199 - mmdet - INFO - Epoch [4][400/619]	lr: 1.000e-02, eta: 0:02:40, time: 0.750, data_time: 0.012, memory: 11909, loss_rpn_cls: 0.0023, loss_rpn_bbox: 0.0308, loss_cls: 0.0311, acc: 98.6641, loss_bbox: 0.0736, loss: 0.1378
2020-11-22 12:59:07,037 - mmdet - INFO - Epoch [4][500/619]	lr: 1.000e-02, eta: 0:01:27, time: 0.748, data_time: 0.012, memory: 11909, loss_rpn_cls: 0.0024, loss_rpn_bbox: 0.0278, loss_cls: 0.0282, acc: 98.8730, loss_bbox: 0.0676, loss: 0.1260
2020-11-22 13:00:22,132 - mmdet - INFO - Epoch [4][600/619]	lr: 1.000e-02, eta: 0:00:13, time: 0.751, data_time: 0.012, memory: 11909, loss_rpn_cls: 0.0021, loss_rpn_bbox: 0.0341, loss_cls: 0.0302, acc: 98.7695, loss_bbox: 0.0802, loss: 0.1466
2020-11-22 13:00:36,250 - mmdet - INFO - Saving checkpoint at 4 epochs
2020-11-22 13:01:02,902 - mmdet - INFO - Evaluating bbox...
2020-11-22 13:01:05,237 - mmdet - INFO - Epoch [4][619/619]	lr: 1.000e-02, bbox_mAP: 0.8340, bbox_mAP_50: 0.8920, bbox_mAP_75: 0.8830, bbox_mAP_s: 0.5650, bbox_mAP_m: 0.8750, bbox_mAP_l: 0.9110, bbox_mAP_copypaste: 0.834 0.892 0.883 0.565 0.875 0.911
2020-11-22 13:01:36,305 - mmdet - INFO - Epoch(train) [4][77]	loss_rpn_cls: 0.0035, loss_rpn_bbox: 0.0296, loss_cls: 0.0361, acc: 98.5783, loss_bbox: 0.0720, loss: 0.1412
