2020-11-18 21:43:27,937 - mmdet - INFO - Environment info:
------------------------------------------------------------
sys.platform: linux
Python: 3.6.4 |Anaconda, Inc.| (default, Jan 16 2018, 18:10:19) [GCC 7.2.0]
CUDA available: True
CUDA_HOME: /usr/local/cuda
NVCC: Cuda compilation tools, release 10.0, V10.0.130
GPU 0: Tesla P100-PCIE-16GB
GCC: gcc (GCC) 5.3.0
PyTorch: 1.3.1+cu100
PyTorch compiling details: PyTorch built with:
  - GCC 7.3
  - Intel(R) Math Kernel Library Version 2019.0.4 Product Build 20190411 for Intel(R) 64 architecture applications
  - Intel(R) MKL-DNN v0.20.5 (Git Hash 0125f28c61c1f822fd48570b4c1066f96fcb9b2e)
  - OpenMP 201511 (a.k.a. OpenMP 4.5)
  - NNPACK is enabled
  - CUDA Runtime 10.0
  - NVCC architecture flags: -gencode;arch=compute_37,code=sm_37;-gencode;arch=compute_50,code=sm_50;-gencode;arch=compute_60,code=sm_60;-gencode;arch=compute_61,code=sm_61;-gencode;arch=compute_70,code=sm_70;-gencode;arch=compute_75,code=sm_75;-gencode;arch=compute_37,code=compute_37
  - CuDNN 7.6.3
  - Magma 2.5.1
  - Build settings: BLAS=MKL, BUILD_NAMEDTENSOR=OFF, BUILD_TYPE=Release, CXX_FLAGS= -Wno-deprecated -fvisibility-inlines-hidden -fopenmp -DUSE_FBGEMM -DUSE_QNNPACK -DUSE_PYTORCH_QNNPACK -O2 -fPIC -Wno-narrowing -Wall -Wextra -Wno-missing-field-initializers -Wno-type-limits -Wno-array-bounds -Wno-unknown-pragmas -Wno-sign-compare -Wno-unused-parameter -Wno-unused-variable -Wno-unused-function -Wno-unused-result -Wno-strict-overflow -Wno-strict-aliasing -Wno-error=deprecated-declarations -Wno-stringop-overflow -Wno-error=pedantic -Wno-error=redundant-decls -Wno-error=old-style-cast -fdiagnostics-color=always -faligned-new -Wno-unused-but-set-variable -Wno-maybe-uninitialized -fno-math-errno -fno-trapping-math -Wno-stringop-overflow, DISABLE_NUMA=1, PERF_WITH_AVX=1, PERF_WITH_AVX2=1, PERF_WITH_AVX512=1, USE_CUDA=True, USE_EXCEPTION_PTR=1, USE_GFLAGS=OFF, USE_GLOG=OFF, USE_MKL=ON, USE_MKLDNN=ON, USE_MPI=OFF, USE_NCCL=ON, USE_NNPACK=ON, USE_OPENMP=ON, USE_STATIC_DISPATCH=OFF, 

TorchVision: 0.4.2+cu100
OpenCV: 4.4.0
MMCV: 1.0.5
MMDetection: 2.3.0+788fa8d
MMDetection Compiler: GCC 7.3
MMDetection CUDA Compiler: 10.0
------------------------------------------------------------

2020-11-18 21:43:27,937 - mmdet - INFO - Distributed training: False
2020-11-18 21:43:28,327 - mmdet - INFO - Config:
model = dict(
    type='FasterRCNN',
    pretrained='torchvision://resnet50',
    backbone=dict(
        type='ResNet',
        depth=50,
        num_stages=4,
        out_indices=(0, 1, 2, 3),
        frozen_stages=1,
        norm_cfg=dict(type='BN', requires_grad=True),
        norm_eval=True,
        style='pytorch'),
    neck=dict(
        type='FPN',
        in_channels=[256, 512, 1024, 2048],
        out_channels=256,
        num_outs=5),
    rpn_head=dict(
        type='RPNHead',
        in_channels=256,
        feat_channels=256,
        anchor_generator=dict(
            type='AnchorGenerator',
            scales=[8],
            ratios=[0.5, 1.0, 2.0],
            strides=[4, 8, 16, 32, 64]),
        bbox_coder=dict(
            type='DeltaXYWHBBoxCoder',
            target_means=[0.0, 0.0, 0.0, 0.0],
            target_stds=[1.0, 1.0, 1.0, 1.0]),
        loss_cls=dict(
            type='CrossEntropyLoss', use_sigmoid=True, loss_weight=1.0),
        loss_bbox=dict(type='L1Loss', loss_weight=1.0)),
    roi_head=dict(
        type='StandardRoIHead',
        bbox_roi_extractor=dict(
            type='SingleRoIExtractor',
            roi_layer=dict(type='RoIAlign', output_size=7, sampling_ratio=0),
            out_channels=256,
            featmap_strides=[4, 8, 16, 32]),
        bbox_head=dict(
            type='Shared2FCBBoxHead',
            in_channels=256,
            fc_out_channels=1024,
            roi_feat_size=7,
            num_classes=2,
            bbox_coder=dict(
                type='DeltaXYWHBBoxCoder',
                target_means=[0.0, 0.0, 0.0, 0.0],
                target_stds=[0.1, 0.1, 0.2, 0.2]),
            reg_class_agnostic=False,
            loss_cls=dict(
                type='CrossEntropyLoss', use_sigmoid=False, loss_weight=1.0),
            loss_bbox=dict(type='L1Loss', loss_weight=1.0))))
train_cfg = dict(
    rpn=dict(
        assigner=dict(
            type='MaxIoUAssigner',
            pos_iou_thr=0.7,
            neg_iou_thr=0.3,
            min_pos_iou=0.3,
            match_low_quality=True,
            ignore_iof_thr=-1),
        sampler=dict(
            type='RandomSampler',
            num=256,
            pos_fraction=0.5,
            neg_pos_ub=-1,
            add_gt_as_proposals=False),
        allowed_border=-1,
        pos_weight=-1,
        debug=False),
    rpn_proposal=dict(
        nms_across_levels=False,
        nms_pre=2000,
        nms_post=1000,
        max_num=1000,
        nms_thr=0.7,
        min_bbox_size=0),
    rcnn=dict(
        assigner=dict(
            type='MaxIoUAssigner',
            pos_iou_thr=0.5,
            neg_iou_thr=0.5,
            min_pos_iou=0.5,
            match_low_quality=False,
            ignore_iof_thr=-1),
        sampler=dict(
            type='RandomSampler',
            num=512,
            pos_fraction=0.25,
            neg_pos_ub=-1,
            add_gt_as_proposals=True),
        pos_weight=-1,
        debug=False))
test_cfg = dict(
    rpn=dict(
        nms_across_levels=False,
        nms_pre=1000,
        nms_post=1000,
        max_num=1000,
        nms_thr=0.7,
        min_bbox_size=0),
    rcnn=dict(
        score_thr=0.05,
        nms=dict(type='nms', iou_threshold=0.5),
        max_per_img=100))
dataset_type = 'CocoDataset'
data_root = 'data/coco/'
img_norm_cfg = dict(
    mean=[123.675, 116.28, 103.53], std=[58.395, 57.12, 57.375], to_rgb=True)
train_pipeline = [
    dict(type='LoadImageFromFile'),
    dict(type='LoadAnnotations', with_bbox=True),
    dict(type='Resize', img_scale=(1550, 1550), keep_ratio=True),
    dict(type='RandomFlip', flip_ratio=0.5),
    dict(
        type='Normalize',
        mean=[123.675, 116.28, 103.53],
        std=[58.395, 57.12, 57.375],
        to_rgb=True),
    dict(type='Pad', size_divisor=32),
    dict(type='DefaultFormatBundle'),
    dict(type='Collect', keys=['img', 'gt_bboxes', 'gt_labels'])
]
test_pipeline = [
    dict(type='LoadImageFromFile'),
    dict(
        type='MultiScaleFlipAug',
        img_scale=(1550, 1550),
        flip=False,
        transforms=[
            dict(type='Resize', keep_ratio=True),
            dict(type='RandomFlip'),
            dict(
                type='Normalize',
                mean=[123.675, 116.28, 103.53],
                std=[58.395, 57.12, 57.375],
                to_rgb=True),
            dict(type='Pad', size_divisor=32),
            dict(type='ImageToTensor', keys=['img']),
            dict(type='Collect', keys=['img'])
        ])
]
data = dict(
    samples_per_gpu=2,
    workers_per_gpu=2,
    train=dict(
        type='CocoDataset',
        ann_file='data/coco/annotations/annotations_trai.json',
        img_prefix='data/coco/img/',
        pipeline=[
            dict(type='LoadImageFromFile'),
            dict(type='LoadAnnotations', with_bbox=True),
            dict(type='Resize', img_scale=(1550, 1550), keep_ratio=True),
            dict(type='RandomFlip', flip_ratio=0.5),
            dict(
                type='Normalize',
                mean=[123.675, 116.28, 103.53],
                std=[58.395, 57.12, 57.375],
                to_rgb=True),
            dict(type='Pad', size_divisor=32),
            dict(type='DefaultFormatBundle'),
            dict(type='Collect', keys=['img', 'gt_bboxes', 'gt_labels'])
        ]),
    val=dict(
        type='CocoDataset',
        ann_file='data/coco/annotations/annotations_test.json',
        img_prefix='data/coco/img/',
        pipeline=[
            dict(type='LoadImageFromFile'),
            dict(
                type='MultiScaleFlipAug',
                img_scale=(1550, 1550),
                flip=False,
                transforms=[
                    dict(type='Resize', keep_ratio=True),
                    dict(type='RandomFlip'),
                    dict(
                        type='Normalize',
                        mean=[123.675, 116.28, 103.53],
                        std=[58.395, 57.12, 57.375],
                        to_rgb=True),
                    dict(type='Pad', size_divisor=32),
                    dict(type='ImageToTensor', keys=['img']),
                    dict(type='Collect', keys=['img'])
                ])
        ]),
    test=dict(
        type='CocoDataset',
        ann_file='data/coco/annotations/annotations_vals.json',
        img_prefix='data/coco/img/',
        pipeline=[
            dict(type='LoadImageFromFile'),
            dict(
                type='MultiScaleFlipAug',
                img_scale=(1550, 1550),
                flip=False,
                transforms=[
                    dict(type='Resize', keep_ratio=True),
                    dict(type='RandomFlip'),
                    dict(
                        type='Normalize',
                        mean=[123.675, 116.28, 103.53],
                        std=[58.395, 57.12, 57.375],
                        to_rgb=True),
                    dict(type='Pad', size_divisor=32),
                    dict(type='ImageToTensor', keys=['img']),
                    dict(type='Collect', keys=['img'])
                ])
        ]))
evaluation = dict(interval=1, metric='bbox')
optimizer = dict(type='SGD', lr=0.01, momentum=0.9, weight_decay=0.0001)
optimizer_config = dict(grad_clip=None)
lr_config = dict(
    policy='step',
    warmup='linear',
    warmup_iters=500,
    warmup_ratio=0.001,
    step=[8, 11])
total_epochs = 4
checkpoint_config = dict(interval=4)
log_config = dict(interval=100, hooks=[dict(type='TextLoggerHook')])
dist_params = dict(backend='nccl')
log_level = 'INFO'
load_from = '/home/admin/.cache/torch/checkpoints/X.pth'
resume_from = None
workflow = [('train', 2), ('val', 1)]
work_dir = '/home/admin/jupyter/SecurityAI_Round5/data/work'
gpu_ids = range(0, 1)

2020-11-18 21:43:28,824 - mmdet - INFO - load model from: torchvision://resnet50
2020-11-18 21:43:36,685 - mmdet - WARNING - The model and loaded state dict do not match exactly

unexpected key in source state_dict: fc.weight, fc.bias

2020-11-18 21:43:47,250 - mmdet - INFO - load checkpoint from /home/admin/.cache/torch/checkpoints/X.pth
2020-11-18 21:43:54,106 - mmdet - INFO - Start running, host: admin@fuxilabor_labor0_S4_Odps_S96_dsw_prepaid_cnsh_838_2020111813282, work_dir: /home/admin/jupyter/SecurityAI_Round5/data/work
2020-11-18 21:43:54,106 - mmdet - INFO - workflow: [('train', 2), ('val', 1)], max: 4 epochs
2020-11-18 21:45:11,553 - mmdet - INFO - Epoch [1][100/635]	lr: 1.988e-03, eta: 0:31:25, time: 0.773, data_time: 0.033, memory: 8916, loss_rpn_cls: 0.0058, loss_rpn_bbox: 0.0457, loss_cls: 0.0610, acc: 97.4248, loss_bbox: 0.1237, loss: 0.2362
2020-11-18 21:46:26,413 - mmdet - INFO - Epoch [1][200/635]	lr: 3.986e-03, eta: 0:29:39, time: 0.749, data_time: 0.012, memory: 9991, loss_rpn_cls: 0.0044, loss_rpn_bbox: 0.0387, loss_cls: 0.0434, acc: 98.2510, loss_bbox: 0.0996, loss: 0.1861
2020-11-18 21:47:41,380 - mmdet - INFO - Epoch [1][300/635]	lr: 5.984e-03, eta: 0:28:15, time: 0.750, data_time: 0.012, memory: 10076, loss_rpn_cls: 0.0047, loss_rpn_bbox: 0.0408, loss_cls: 0.0465, acc: 98.1250, loss_bbox: 0.1023, loss: 0.1942
2020-11-18 21:48:56,080 - mmdet - INFO - Epoch [1][400/635]	lr: 7.982e-03, eta: 0:26:54, time: 0.747, data_time: 0.012, memory: 10076, loss_rpn_cls: 0.0060, loss_rpn_bbox: 0.0458, loss_cls: 0.0561, acc: 97.6484, loss_bbox: 0.1149, loss: 0.2228
2020-11-18 21:50:10,625 - mmdet - INFO - Epoch [1][500/635]	lr: 9.980e-03, eta: 0:25:35, time: 0.745, data_time: 0.012, memory: 10076, loss_rpn_cls: 0.0075, loss_rpn_bbox: 0.0475, loss_cls: 0.0565, acc: 97.6699, loss_bbox: 0.1180, loss: 0.2295
2020-11-18 21:51:25,199 - mmdet - INFO - Epoch [1][600/635]	lr: 1.000e-02, eta: 0:24:17, time: 0.746, data_time: 0.012, memory: 11910, loss_rpn_cls: 0.0111, loss_rpn_bbox: 0.0523, loss_cls: 0.0686, acc: 97.2139, loss_bbox: 0.1315, loss: 0.2635
2020-11-18 21:52:13,096 - mmdet - INFO - Evaluating bbox...
2020-11-18 21:52:15,390 - mmdet - INFO - Epoch [1][635/635]	lr: 1.000e-02, bbox_mAP: 0.7340, bbox_mAP_50: 0.8250, bbox_mAP_75: 0.7910, bbox_mAP_s: 0.4360, bbox_mAP_m: 0.7210, bbox_mAP_l: 0.8380, bbox_mAP_copypaste: 0.734 0.825 0.791 0.436 0.721 0.838
2020-11-18 21:53:32,487 - mmdet - INFO - Epoch [2][100/635]	lr: 1.000e-02, eta: 0:21:36, time: 0.769, data_time: 0.034, memory: 11910, loss_rpn_cls: 0.0073, loss_rpn_bbox: 0.0473, loss_cls: 0.0563, acc: 97.7188, loss_bbox: 0.1192, loss: 0.2301
2020-11-18 21:54:47,056 - mmdet - INFO - Epoch [2][200/635]	lr: 1.000e-02, eta: 0:20:29, time: 0.746, data_time: 0.012, memory: 11910, loss_rpn_cls: 0.0044, loss_rpn_bbox: 0.0500, loss_cls: 0.0535, acc: 97.7891, loss_bbox: 0.1167, loss: 0.2247
2020-11-18 21:56:01,788 - mmdet - INFO - Epoch [2][300/635]	lr: 1.000e-02, eta: 0:19:22, time: 0.747, data_time: 0.012, memory: 11910, loss_rpn_cls: 0.0067, loss_rpn_bbox: 0.0485, loss_cls: 0.0551, acc: 97.7197, loss_bbox: 0.1169, loss: 0.2272
2020-11-18 21:57:16,528 - mmdet - INFO - Epoch [2][400/635]	lr: 1.000e-02, eta: 0:18:13, time: 0.747, data_time: 0.012, memory: 11910, loss_rpn_cls: 0.0052, loss_rpn_bbox: 0.0518, loss_cls: 0.0600, acc: 97.5000, loss_bbox: 0.1292, loss: 0.2462
2020-11-18 21:58:31,186 - mmdet - INFO - Epoch [2][500/635]	lr: 1.000e-02, eta: 0:17:03, time: 0.747, data_time: 0.012, memory: 11910, loss_rpn_cls: 0.0067, loss_rpn_bbox: 0.0518, loss_cls: 0.0574, acc: 97.6299, loss_bbox: 0.1238, loss: 0.2396
2020-11-18 21:59:45,857 - mmdet - INFO - Epoch [2][600/635]	lr: 1.000e-02, eta: 0:15:52, time: 0.747, data_time: 0.012, memory: 11910, loss_rpn_cls: 0.0071, loss_rpn_bbox: 0.0539, loss_cls: 0.0619, acc: 97.4453, loss_bbox: 0.1284, loss: 0.2513
2020-11-18 22:00:33,717 - mmdet - INFO - Evaluating bbox...
2020-11-18 22:00:36,053 - mmdet - INFO - Epoch [2][635/635]	lr: 1.000e-02, bbox_mAP: 0.7300, bbox_mAP_50: 0.8250, bbox_mAP_75: 0.7860, bbox_mAP_s: 0.4180, bbox_mAP_m: 0.7140, bbox_mAP_l: 0.8360, bbox_mAP_copypaste: 0.730 0.825 0.786 0.418 0.714 0.836
2020-11-18 22:01:03,745 - mmdet - INFO - Epoch(train) [2][68]	loss_rpn_cls: 0.0070, loss_rpn_bbox: 0.0440, loss_cls: 0.0470, acc: 98.0483, loss_bbox: 0.1131, loss: 0.2111
2020-11-18 22:02:20,861 - mmdet - INFO - Epoch [3][100/635]	lr: 1.000e-02, eta: 0:13:55, time: 0.769, data_time: 0.034, memory: 11910, loss_rpn_cls: 0.0069, loss_rpn_bbox: 0.0477, loss_cls: 0.0556, acc: 97.7568, loss_bbox: 0.1181, loss: 0.2284
2020-11-18 22:03:35,795 - mmdet - INFO - Epoch [3][200/635]	lr: 1.000e-02, eta: 0:12:46, time: 0.749, data_time: 0.012, memory: 11910, loss_rpn_cls: 0.0057, loss_rpn_bbox: 0.0483, loss_cls: 0.0652, acc: 97.3184, loss_bbox: 0.1285, loss: 0.2478
2020-11-18 22:04:50,287 - mmdet - INFO - Epoch [3][300/635]	lr: 1.000e-02, eta: 0:11:36, time: 0.745, data_time: 0.012, memory: 11910, loss_rpn_cls: 0.0053, loss_rpn_bbox: 0.0466, loss_cls: 0.0514, acc: 97.8242, loss_bbox: 0.1111, loss: 0.2144
2020-11-18 22:06:04,811 - mmdet - INFO - Epoch [3][400/635]	lr: 1.000e-02, eta: 0:10:26, time: 0.745, data_time: 0.012, memory: 11910, loss_rpn_cls: 0.0051, loss_rpn_bbox: 0.0492, loss_cls: 0.0514, acc: 97.8730, loss_bbox: 0.1153, loss: 0.2210
2020-11-18 22:07:19,463 - mmdet - INFO - Epoch [3][500/635]	lr: 1.000e-02, eta: 0:09:15, time: 0.747, data_time: 0.012, memory: 11910, loss_rpn_cls: 0.0046, loss_rpn_bbox: 0.0493, loss_cls: 0.0606, acc: 97.5439, loss_bbox: 0.1322, loss: 0.2468
2020-11-18 22:08:34,159 - mmdet - INFO - Epoch [3][600/635]	lr: 1.000e-02, eta: 0:08:04, time: 0.747, data_time: 0.012, memory: 11910, loss_rpn_cls: 0.0054, loss_rpn_bbox: 0.0503, loss_cls: 0.0519, acc: 97.8613, loss_bbox: 0.1172, loss: 0.2248
2020-11-18 22:09:22,300 - mmdet - INFO - Evaluating bbox...
2020-11-18 22:09:24,702 - mmdet - INFO - Epoch [3][635/635]	lr: 1.000e-02, bbox_mAP: 0.7350, bbox_mAP_50: 0.8300, bbox_mAP_75: 0.7910, bbox_mAP_s: 0.4200, bbox_mAP_m: 0.7150, bbox_mAP_l: 0.8320, bbox_mAP_copypaste: 0.735 0.830 0.791 0.420 0.715 0.832
2020-11-18 22:10:41,730 - mmdet - INFO - Epoch [4][100/635]	lr: 1.000e-02, eta: 0:06:21, time: 0.768, data_time: 0.034, memory: 11910, loss_rpn_cls: 0.0055, loss_rpn_bbox: 0.0530, loss_cls: 0.0611, acc: 97.4307, loss_bbox: 0.1321, loss: 0.2516
2020-11-18 22:11:56,666 - mmdet - INFO - Epoch [4][200/635]	lr: 1.000e-02, eta: 0:05:10, time: 0.749, data_time: 0.012, memory: 11910, loss_rpn_cls: 0.0069, loss_rpn_bbox: 0.0510, loss_cls: 0.0552, acc: 97.6514, loss_bbox: 0.1210, loss: 0.2340
2020-11-18 22:13:11,282 - mmdet - INFO - Epoch [4][300/635]	lr: 1.000e-02, eta: 0:03:59, time: 0.746, data_time: 0.012, memory: 11910, loss_rpn_cls: 0.0062, loss_rpn_bbox: 0.0457, loss_cls: 0.0473, acc: 98.1260, loss_bbox: 0.1106, loss: 0.2098
2020-11-18 22:14:25,969 - mmdet - INFO - Epoch [4][400/635]	lr: 1.000e-02, eta: 0:02:48, time: 0.747, data_time: 0.012, memory: 11910, loss_rpn_cls: 0.0060, loss_rpn_bbox: 0.0475, loss_cls: 0.0606, acc: 97.4131, loss_bbox: 0.1196, loss: 0.2336
2020-11-18 22:15:40,760 - mmdet - INFO - Epoch [4][500/635]	lr: 1.000e-02, eta: 0:01:36, time: 0.748, data_time: 0.012, memory: 11910, loss_rpn_cls: 0.0061, loss_rpn_bbox: 0.0495, loss_cls: 0.0590, acc: 97.5605, loss_bbox: 0.1244, loss: 0.2390
2020-11-18 22:16:55,511 - mmdet - INFO - Epoch [4][600/635]	lr: 1.000e-02, eta: 0:00:25, time: 0.748, data_time: 0.012, memory: 11910, loss_rpn_cls: 0.0040, loss_rpn_bbox: 0.0462, loss_cls: 0.0470, acc: 98.0146, loss_bbox: 0.1088, loss: 0.2060
2020-11-18 22:17:21,634 - mmdet - INFO - Saving checkpoint at 4 epochs
2020-11-18 22:17:45,442 - mmdet - INFO - Evaluating bbox...
2020-11-18 22:17:47,706 - mmdet - INFO - Epoch [4][635/635]	lr: 1.000e-02, bbox_mAP: 0.7360, bbox_mAP_50: 0.8260, bbox_mAP_75: 0.7910, bbox_mAP_s: 0.4320, bbox_mAP_m: 0.7250, bbox_mAP_l: 0.8300, bbox_mAP_copypaste: 0.736 0.826 0.791 0.432 0.725 0.830
2020-11-18 22:18:15,412 - mmdet - INFO - Epoch(train) [4][68]	loss_rpn_cls: 0.0078, loss_rpn_bbox: 0.0476, loss_cls: 0.0523, acc: 97.8587, loss_bbox: 0.1150, loss: 0.2227
