2020-11-19 22:39:38,434 - mmdet - INFO - Environment info:
------------------------------------------------------------
sys.platform: linux
Python: 3.6.4 |Anaconda, Inc.| (default, Jan 16 2018, 18:10:19) [GCC 7.2.0]
CUDA available: True
CUDA_HOME: /usr/local/cuda
NVCC: Cuda compilation tools, release 10.0, V10.0.130
GPU 0: Tesla P100-PCIE-16GB
GCC: gcc (GCC) 5.3.0
PyTorch: 1.3.1+cu100
PyTorch compiling details: PyTorch built with:
  - GCC 7.3
  - Intel(R) Math Kernel Library Version 2019.0.4 Product Build 20190411 for Intel(R) 64 architecture applications
  - Intel(R) MKL-DNN v0.20.5 (Git Hash 0125f28c61c1f822fd48570b4c1066f96fcb9b2e)
  - OpenMP 201511 (a.k.a. OpenMP 4.5)
  - NNPACK is enabled
  - CUDA Runtime 10.0
  - NVCC architecture flags: -gencode;arch=compute_37,code=sm_37;-gencode;arch=compute_50,code=sm_50;-gencode;arch=compute_60,code=sm_60;-gencode;arch=compute_61,code=sm_61;-gencode;arch=compute_70,code=sm_70;-gencode;arch=compute_75,code=sm_75;-gencode;arch=compute_37,code=compute_37
  - CuDNN 7.6.3
  - Magma 2.5.1
  - Build settings: BLAS=MKL, BUILD_NAMEDTENSOR=OFF, BUILD_TYPE=Release, CXX_FLAGS= -Wno-deprecated -fvisibility-inlines-hidden -fopenmp -DUSE_FBGEMM -DUSE_QNNPACK -DUSE_PYTORCH_QNNPACK -O2 -fPIC -Wno-narrowing -Wall -Wextra -Wno-missing-field-initializers -Wno-type-limits -Wno-array-bounds -Wno-unknown-pragmas -Wno-sign-compare -Wno-unused-parameter -Wno-unused-variable -Wno-unused-function -Wno-unused-result -Wno-strict-overflow -Wno-strict-aliasing -Wno-error=deprecated-declarations -Wno-stringop-overflow -Wno-error=pedantic -Wno-error=redundant-decls -Wno-error=old-style-cast -fdiagnostics-color=always -faligned-new -Wno-unused-but-set-variable -Wno-maybe-uninitialized -fno-math-errno -fno-trapping-math -Wno-stringop-overflow, DISABLE_NUMA=1, PERF_WITH_AVX=1, PERF_WITH_AVX2=1, PERF_WITH_AVX512=1, USE_CUDA=True, USE_EXCEPTION_PTR=1, USE_GFLAGS=OFF, USE_GLOG=OFF, USE_MKL=ON, USE_MKLDNN=ON, USE_MPI=OFF, USE_NCCL=ON, USE_NNPACK=ON, USE_OPENMP=ON, USE_STATIC_DISPATCH=OFF, 

TorchVision: 0.4.2+cu100
OpenCV: 4.4.0
MMCV: 1.0.5
MMDetection: 2.3.0+788fa8d
MMDetection Compiler: GCC 7.3
MMDetection CUDA Compiler: 10.0
------------------------------------------------------------

2020-11-19 22:39:38,434 - mmdet - INFO - Distributed training: False
2020-11-19 22:39:38,827 - mmdet - INFO - Config:
model = dict(
    type='FasterRCNN',
    pretrained='torchvision://resnet50',
    backbone=dict(
        type='ResNet',
        depth=50,
        num_stages=4,
        out_indices=(0, 1, 2, 3),
        frozen_stages=1,
        norm_cfg=dict(type='BN', requires_grad=True),
        norm_eval=True,
        style='pytorch'),
    neck=dict(
        type='FPN',
        in_channels=[256, 512, 1024, 2048],
        out_channels=256,
        num_outs=5),
    rpn_head=dict(
        type='RPNHead',
        in_channels=256,
        feat_channels=256,
        anchor_generator=dict(
            type='AnchorGenerator',
            scales=[8],
            ratios=[0.5, 1.0, 2.0],
            strides=[4, 8, 16, 32, 64]),
        bbox_coder=dict(
            type='DeltaXYWHBBoxCoder',
            target_means=[0.0, 0.0, 0.0, 0.0],
            target_stds=[1.0, 1.0, 1.0, 1.0]),
        loss_cls=dict(
            type='CrossEntropyLoss', use_sigmoid=True, loss_weight=1.0),
        loss_bbox=dict(type='L1Loss', loss_weight=1.0)),
    roi_head=dict(
        type='StandardRoIHead',
        bbox_roi_extractor=dict(
            type='SingleRoIExtractor',
            roi_layer=dict(type='RoIAlign', output_size=7, sampling_ratio=0),
            out_channels=256,
            featmap_strides=[4, 8, 16, 32]),
        bbox_head=dict(
            type='Shared2FCBBoxHead',
            in_channels=256,
            fc_out_channels=1024,
            roi_feat_size=7,
            num_classes=2,
            bbox_coder=dict(
                type='DeltaXYWHBBoxCoder',
                target_means=[0.0, 0.0, 0.0, 0.0],
                target_stds=[0.1, 0.1, 0.2, 0.2]),
            reg_class_agnostic=False,
            loss_cls=dict(
                type='CrossEntropyLoss', use_sigmoid=False, loss_weight=1.0),
            loss_bbox=dict(type='L1Loss', loss_weight=1.0))))
train_cfg = dict(
    rpn=dict(
        assigner=dict(
            type='MaxIoUAssigner',
            pos_iou_thr=0.7,
            neg_iou_thr=0.3,
            min_pos_iou=0.3,
            match_low_quality=True,
            ignore_iof_thr=-1),
        sampler=dict(
            type='RandomSampler',
            num=256,
            pos_fraction=0.5,
            neg_pos_ub=-1,
            add_gt_as_proposals=False),
        allowed_border=-1,
        pos_weight=-1,
        debug=False),
    rpn_proposal=dict(
        nms_across_levels=False,
        nms_pre=2000,
        nms_post=1000,
        max_num=1000,
        nms_thr=0.7,
        min_bbox_size=0),
    rcnn=dict(
        assigner=dict(
            type='MaxIoUAssigner',
            pos_iou_thr=0.5,
            neg_iou_thr=0.5,
            min_pos_iou=0.5,
            match_low_quality=False,
            ignore_iof_thr=-1),
        sampler=dict(
            type='RandomSampler',
            num=512,
            pos_fraction=0.25,
            neg_pos_ub=-1,
            add_gt_as_proposals=True),
        pos_weight=-1,
        debug=False))
test_cfg = dict(
    rpn=dict(
        nms_across_levels=False,
        nms_pre=1000,
        nms_post=1000,
        max_num=1000,
        nms_thr=0.7,
        min_bbox_size=0),
    rcnn=dict(
        score_thr=0.05,
        nms=dict(type='nms', iou_threshold=0.5),
        max_per_img=100))
dataset_type = 'CocoDataset'
data_root = 'data/coco/'
img_norm_cfg = dict(
    mean=[123.675, 116.28, 103.53], std=[58.395, 57.12, 57.375], to_rgb=True)
train_pipeline = [
    dict(type='LoadImageFromFile'),
    dict(type='LoadAnnotations', with_bbox=True),
    dict(type='Resize', img_scale=(1550, 1550), keep_ratio=True),
    dict(type='RandomFlip', flip_ratio=0.5),
    dict(
        type='Normalize',
        mean=[123.675, 116.28, 103.53],
        std=[58.395, 57.12, 57.375],
        to_rgb=True),
    dict(type='Pad', size_divisor=32),
    dict(type='DefaultFormatBundle'),
    dict(type='Collect', keys=['img', 'gt_bboxes', 'gt_labels'])
]
test_pipeline = [
    dict(type='LoadImageFromFile'),
    dict(
        type='MultiScaleFlipAug',
        img_scale=(1550, 1550),
        flip=False,
        transforms=[
            dict(type='Resize', keep_ratio=True),
            dict(type='RandomFlip'),
            dict(
                type='Normalize',
                mean=[123.675, 116.28, 103.53],
                std=[58.395, 57.12, 57.375],
                to_rgb=True),
            dict(type='Pad', size_divisor=32),
            dict(type='ImageToTensor', keys=['img']),
            dict(type='Collect', keys=['img'])
        ])
]
data = dict(
    samples_per_gpu=2,
    workers_per_gpu=2,
    train=dict(
        type='CocoDataset',
        ann_file='data/coco/annotations/annotations_trai.json',
        img_prefix='data/coco/img/',
        pipeline=[
            dict(type='LoadImageFromFile'),
            dict(type='LoadAnnotations', with_bbox=True),
            dict(type='Resize', img_scale=(1550, 1550), keep_ratio=True),
            dict(type='RandomFlip', flip_ratio=0.5),
            dict(
                type='Normalize',
                mean=[123.675, 116.28, 103.53],
                std=[58.395, 57.12, 57.375],
                to_rgb=True),
            dict(type='Pad', size_divisor=32),
            dict(type='DefaultFormatBundle'),
            dict(type='Collect', keys=['img', 'gt_bboxes', 'gt_labels'])
        ]),
    val=dict(
        type='CocoDataset',
        ann_file='data/coco/annotations/annotations_test.json',
        img_prefix='data/coco/img/',
        pipeline=[
            dict(type='LoadImageFromFile'),
            dict(
                type='MultiScaleFlipAug',
                img_scale=(1550, 1550),
                flip=False,
                transforms=[
                    dict(type='Resize', keep_ratio=True),
                    dict(type='RandomFlip'),
                    dict(
                        type='Normalize',
                        mean=[123.675, 116.28, 103.53],
                        std=[58.395, 57.12, 57.375],
                        to_rgb=True),
                    dict(type='Pad', size_divisor=32),
                    dict(type='ImageToTensor', keys=['img']),
                    dict(type='Collect', keys=['img'])
                ])
        ]),
    test=dict(
        type='CocoDataset',
        ann_file='data/coco/annotations/annotations_vals.json',
        img_prefix='data/coco/img/',
        pipeline=[
            dict(type='LoadImageFromFile'),
            dict(
                type='MultiScaleFlipAug',
                img_scale=(1550, 1550),
                flip=False,
                transforms=[
                    dict(type='Resize', keep_ratio=True),
                    dict(type='RandomFlip'),
                    dict(
                        type='Normalize',
                        mean=[123.675, 116.28, 103.53],
                        std=[58.395, 57.12, 57.375],
                        to_rgb=True),
                    dict(type='Pad', size_divisor=32),
                    dict(type='ImageToTensor', keys=['img']),
                    dict(type='Collect', keys=['img'])
                ])
        ]))
evaluation = dict(interval=1, metric='bbox')
optimizer = dict(type='SGD', lr=0.01, momentum=0.9, weight_decay=0.0001)
optimizer_config = dict(grad_clip=None)
lr_config = dict(
    policy='step',
    warmup='linear',
    warmup_iters=500,
    warmup_ratio=0.001,
    step=[8, 11])
total_epochs = 4
checkpoint_config = dict(interval=4)
log_config = dict(interval=100, hooks=[dict(type='TextLoggerHook')])
dist_params = dict(backend='nccl')
log_level = 'INFO'
load_from = '/home/admin/.cache/torch/checkpoints/X.pth'
resume_from = None
workflow = [('train', 2), ('val', 1)]
work_dir = '/home/admin/jupyter/SecurityAI_Round5/data/work'
gpu_ids = range(0, 1)

2020-11-19 22:39:39,325 - mmdet - INFO - load model from: torchvision://resnet50
2020-11-19 22:39:47,112 - mmdet - WARNING - The model and loaded state dict do not match exactly

unexpected key in source state_dict: fc.weight, fc.bias

2020-11-19 22:39:57,258 - mmdet - INFO - load checkpoint from /home/admin/.cache/torch/checkpoints/X.pth
2020-11-19 22:40:03,889 - mmdet - INFO - Start running, host: admin@fuxilabor_labor0_S4_Odps_S96_dsw_prepaid_cnsh_838_2020111911384, work_dir: /home/admin/jupyter/SecurityAI_Round5/data/work
2020-11-19 22:40:03,889 - mmdet - INFO - workflow: [('train', 2), ('val', 1)], max: 4 epochs
2020-11-19 22:41:21,830 - mmdet - INFO - Epoch [1][100/623]	lr: 1.988e-03, eta: 0:30:59, time: 0.778, data_time: 0.033, memory: 11887, loss_rpn_cls: 0.0031, loss_rpn_bbox: 0.0338, loss_cls: 0.0402, acc: 98.3018, loss_bbox: 0.0835, loss: 0.1606
2020-11-19 22:42:36,628 - mmdet - INFO - Epoch [1][200/623]	lr: 3.986e-03, eta: 0:29:08, time: 0.748, data_time: 0.012, memory: 11887, loss_rpn_cls: 0.0034, loss_rpn_bbox: 0.0308, loss_cls: 0.0354, acc: 98.5947, loss_bbox: 0.0820, loss: 0.1516
2020-11-19 22:43:51,486 - mmdet - INFO - Epoch [1][300/623]	lr: 5.984e-03, eta: 0:27:41, time: 0.749, data_time: 0.012, memory: 11887, loss_rpn_cls: 0.0025, loss_rpn_bbox: 0.0309, loss_cls: 0.0375, acc: 98.4258, loss_bbox: 0.0844, loss: 0.1553
2020-11-19 22:45:06,511 - mmdet - INFO - Epoch [1][400/623]	lr: 7.982e-03, eta: 0:26:21, time: 0.750, data_time: 0.012, memory: 11887, loss_rpn_cls: 0.0032, loss_rpn_bbox: 0.0346, loss_cls: 0.0350, acc: 98.5410, loss_bbox: 0.0816, loss: 0.1544
2020-11-19 22:46:21,201 - mmdet - INFO - Epoch [1][500/623]	lr: 9.980e-03, eta: 0:25:02, time: 0.747, data_time: 0.012, memory: 11887, loss_rpn_cls: 0.0030, loss_rpn_bbox: 0.0356, loss_cls: 0.0421, acc: 98.1943, loss_bbox: 0.0860, loss: 0.1667
2020-11-19 22:47:35,940 - mmdet - INFO - Epoch [1][600/623]	lr: 1.000e-02, eta: 0:23:44, time: 0.747, data_time: 0.012, memory: 11887, loss_rpn_cls: 0.0030, loss_rpn_bbox: 0.0389, loss_cls: 0.0345, acc: 98.5811, loss_bbox: 0.0875, loss: 0.1639
2020-11-19 22:48:15,327 - mmdet - INFO - Evaluating bbox...
2020-11-19 22:48:17,183 - mmdet - INFO - Epoch [1][623/623]	lr: 1.000e-02, bbox_mAP: 0.8010, bbox_mAP_50: 0.8730, bbox_mAP_75: 0.8530, bbox_mAP_s: 0.4870, bbox_mAP_m: 0.8310, bbox_mAP_l: 0.8940, bbox_mAP_copypaste: 0.801 0.873 0.853 0.487 0.831 0.894
2020-11-19 22:49:34,420 - mmdet - INFO - Epoch [2][100/623]	lr: 1.000e-02, eta: 0:21:34, time: 0.770, data_time: 0.033, memory: 11913, loss_rpn_cls: 0.0052, loss_rpn_bbox: 0.0420, loss_cls: 0.0404, acc: 98.3584, loss_bbox: 0.0949, loss: 0.1824
2020-11-19 22:50:49,229 - mmdet - INFO - Epoch [2][200/623]	lr: 1.000e-02, eta: 0:20:24, time: 0.748, data_time: 0.012, memory: 11913, loss_rpn_cls: 0.0044, loss_rpn_bbox: 0.0393, loss_cls: 0.0394, acc: 98.3721, loss_bbox: 0.0910, loss: 0.1742
2020-11-19 22:52:04,320 - mmdet - INFO - Epoch [2][300/623]	lr: 1.000e-02, eta: 0:19:13, time: 0.751, data_time: 0.012, memory: 11913, loss_rpn_cls: 0.0029, loss_rpn_bbox: 0.0396, loss_cls: 0.0370, acc: 98.4424, loss_bbox: 0.0866, loss: 0.1661
2020-11-19 22:53:18,945 - mmdet - INFO - Epoch [2][400/623]	lr: 1.000e-02, eta: 0:18:01, time: 0.746, data_time: 0.012, memory: 11913, loss_rpn_cls: 0.0038, loss_rpn_bbox: 0.0362, loss_cls: 0.0419, acc: 98.2305, loss_bbox: 0.0862, loss: 0.1682
2020-11-19 22:54:33,751 - mmdet - INFO - Epoch [2][500/623]	lr: 1.000e-02, eta: 0:16:49, time: 0.748, data_time: 0.012, memory: 11913, loss_rpn_cls: 0.0029, loss_rpn_bbox: 0.0372, loss_cls: 0.0350, acc: 98.5400, loss_bbox: 0.0861, loss: 0.1612
2020-11-19 22:55:48,748 - mmdet - INFO - Epoch [2][600/623]	lr: 1.000e-02, eta: 0:15:37, time: 0.750, data_time: 0.012, memory: 11913, loss_rpn_cls: 0.0034, loss_rpn_bbox: 0.0383, loss_cls: 0.0403, acc: 98.2676, loss_bbox: 0.0899, loss: 0.1719
2020-11-19 22:56:28,311 - mmdet - INFO - Evaluating bbox...
2020-11-19 22:56:30,223 - mmdet - INFO - Epoch [2][623/623]	lr: 1.000e-02, bbox_mAP: 0.8000, bbox_mAP_50: 0.8720, bbox_mAP_75: 0.8490, bbox_mAP_s: 0.4850, bbox_mAP_m: 0.8360, bbox_mAP_l: 0.8960, bbox_mAP_copypaste: 0.800 0.872 0.849 0.485 0.836 0.896
2020-11-19 22:56:58,246 - mmdet - INFO - Epoch(train) [2][69]	loss_rpn_cls: 0.0036, loss_rpn_bbox: 0.0396, loss_cls: 0.0380, acc: 98.4502, loss_bbox: 0.0853, loss: 0.1666
2020-11-19 22:58:15,974 - mmdet - INFO - Epoch [3][100/623]	lr: 1.000e-02, eta: 0:13:55, time: 0.775, data_time: 0.033, memory: 11913, loss_rpn_cls: 0.0120, loss_rpn_bbox: 0.0423, loss_cls: 0.0439, acc: 98.2188, loss_bbox: 0.0965, loss: 0.1947
2020-11-19 22:59:31,118 - mmdet - INFO - Epoch [3][200/623]	lr: 1.000e-02, eta: 0:12:43, time: 0.751, data_time: 0.012, memory: 11913, loss_rpn_cls: 0.0059, loss_rpn_bbox: 0.0425, loss_cls: 0.0478, acc: 98.1094, loss_bbox: 0.1020, loss: 0.1983
2020-11-19 23:00:46,246 - mmdet - INFO - Epoch [3][300/623]	lr: 1.000e-02, eta: 0:11:32, time: 0.751, data_time: 0.012, memory: 11913, loss_rpn_cls: 0.0063, loss_rpn_bbox: 0.0459, loss_cls: 0.0461, acc: 98.0479, loss_bbox: 0.1029, loss: 0.2012
2020-11-19 23:02:00,941 - mmdet - INFO - Epoch [3][400/623]	lr: 1.000e-02, eta: 0:10:19, time: 0.747, data_time: 0.012, memory: 11913, loss_rpn_cls: 0.0037, loss_rpn_bbox: 0.0397, loss_cls: 0.0403, acc: 98.2178, loss_bbox: 0.0942, loss: 0.1779
2020-11-19 23:03:15,633 - mmdet - INFO - Epoch [3][500/623]	lr: 1.000e-02, eta: 0:09:07, time: 0.747, data_time: 0.012, memory: 11913, loss_rpn_cls: 0.0029, loss_rpn_bbox: 0.0372, loss_cls: 0.0336, acc: 98.6357, loss_bbox: 0.0808, loss: 0.1545
2020-11-19 23:04:30,558 - mmdet - INFO - Epoch [3][600/623]	lr: 1.000e-02, eta: 0:07:54, time: 0.749, data_time: 0.012, memory: 11913, loss_rpn_cls: 0.0046, loss_rpn_bbox: 0.0422, loss_cls: 0.0447, acc: 98.1953, loss_bbox: 0.0972, loss: 0.1886
2020-11-19 23:05:09,891 - mmdet - INFO - Evaluating bbox...
2020-11-19 23:05:11,777 - mmdet - INFO - Epoch [3][623/623]	lr: 1.000e-02, bbox_mAP: 0.7990, bbox_mAP_50: 0.8720, bbox_mAP_75: 0.8530, bbox_mAP_s: 0.4820, bbox_mAP_m: 0.8280, bbox_mAP_l: 0.8910, bbox_mAP_copypaste: 0.799 0.872 0.853 0.482 0.828 0.891
2020-11-19 23:06:28,810 - mmdet - INFO - Epoch [4][100/623]	lr: 1.000e-02, eta: 0:06:20, time: 0.768, data_time: 0.033, memory: 11913, loss_rpn_cls: 0.0034, loss_rpn_bbox: 0.0375, loss_cls: 0.0430, acc: 98.2373, loss_bbox: 0.0952, loss: 0.1791
2020-11-19 23:07:43,696 - mmdet - INFO - Epoch [4][200/623]	lr: 1.000e-02, eta: 0:05:08, time: 0.749, data_time: 0.012, memory: 11913, loss_rpn_cls: 0.0034, loss_rpn_bbox: 0.0392, loss_cls: 0.0335, acc: 98.6348, loss_bbox: 0.0902, loss: 0.1662
2020-11-19 23:08:58,385 - mmdet - INFO - Epoch [4][300/623]	lr: 1.000e-02, eta: 0:03:55, time: 0.747, data_time: 0.012, memory: 11913, loss_rpn_cls: 0.0039, loss_rpn_bbox: 0.0379, loss_cls: 0.0415, acc: 98.2715, loss_bbox: 0.0888, loss: 0.1721
2020-11-19 23:10:13,205 - mmdet - INFO - Epoch [4][400/623]	lr: 1.000e-02, eta: 0:02:42, time: 0.748, data_time: 0.012, memory: 11913, loss_rpn_cls: 0.0037, loss_rpn_bbox: 0.0391, loss_cls: 0.0399, acc: 98.3623, loss_bbox: 0.0892, loss: 0.1719
2020-11-19 23:11:27,808 - mmdet - INFO - Epoch [4][500/623]	lr: 1.000e-02, eta: 0:01:29, time: 0.746, data_time: 0.012, memory: 11913, loss_rpn_cls: 0.0048, loss_rpn_bbox: 0.0415, loss_cls: 0.0403, acc: 98.3574, loss_bbox: 0.0970, loss: 0.1836
2020-11-19 23:12:42,370 - mmdet - INFO - Epoch [4][600/623]	lr: 1.000e-02, eta: 0:00:16, time: 0.746, data_time: 0.012, memory: 11913, loss_rpn_cls: 0.0094, loss_rpn_bbox: 0.0463, loss_cls: 0.0573, acc: 97.6162, loss_bbox: 0.1058, loss: 0.2189
2020-11-19 23:12:59,442 - mmdet - INFO - Saving checkpoint at 4 epochs
2020-11-19 23:13:23,463 - mmdet - INFO - Evaluating bbox...
2020-11-19 23:13:25,224 - mmdet - INFO - Epoch [4][623/623]	lr: 1.000e-02, bbox_mAP: 0.7820, bbox_mAP_50: 0.8530, bbox_mAP_75: 0.8330, bbox_mAP_s: 0.4720, bbox_mAP_m: 0.8190, bbox_mAP_l: 0.8770, bbox_mAP_copypaste: 0.782 0.853 0.833 0.472 0.819 0.877
2020-11-19 23:13:53,153 - mmdet - INFO - Epoch(train) [4][69]	loss_rpn_cls: 0.0050, loss_rpn_bbox: 0.0434, loss_cls: 0.0432, acc: 98.1827, loss_bbox: 0.0909, loss: 0.1824
