2020-11-24 13:48:00,337 - mmdet - INFO - Environment info:
------------------------------------------------------------
sys.platform: linux
Python: 3.6.4 |Anaconda, Inc.| (default, Jan 16 2018, 18:10:19) [GCC 7.2.0]
CUDA available: True
CUDA_HOME: /usr/local/cuda
NVCC: Cuda compilation tools, release 10.0, V10.0.130
GPU 0: Tesla P100-PCIE-16GB
GCC: gcc (GCC) 5.3.0
PyTorch: 1.3.1+cu100
PyTorch compiling details: PyTorch built with:
  - GCC 7.3
  - Intel(R) Math Kernel Library Version 2019.0.4 Product Build 20190411 for Intel(R) 64 architecture applications
  - Intel(R) MKL-DNN v0.20.5 (Git Hash 0125f28c61c1f822fd48570b4c1066f96fcb9b2e)
  - OpenMP 201511 (a.k.a. OpenMP 4.5)
  - NNPACK is enabled
  - CUDA Runtime 10.0
  - NVCC architecture flags: -gencode;arch=compute_37,code=sm_37;-gencode;arch=compute_50,code=sm_50;-gencode;arch=compute_60,code=sm_60;-gencode;arch=compute_61,code=sm_61;-gencode;arch=compute_70,code=sm_70;-gencode;arch=compute_75,code=sm_75;-gencode;arch=compute_37,code=compute_37
  - CuDNN 7.6.3
  - Magma 2.5.1
  - Build settings: BLAS=MKL, BUILD_NAMEDTENSOR=OFF, BUILD_TYPE=Release, CXX_FLAGS= -Wno-deprecated -fvisibility-inlines-hidden -fopenmp -DUSE_FBGEMM -DUSE_QNNPACK -DUSE_PYTORCH_QNNPACK -O2 -fPIC -Wno-narrowing -Wall -Wextra -Wno-missing-field-initializers -Wno-type-limits -Wno-array-bounds -Wno-unknown-pragmas -Wno-sign-compare -Wno-unused-parameter -Wno-unused-variable -Wno-unused-function -Wno-unused-result -Wno-strict-overflow -Wno-strict-aliasing -Wno-error=deprecated-declarations -Wno-stringop-overflow -Wno-error=pedantic -Wno-error=redundant-decls -Wno-error=old-style-cast -fdiagnostics-color=always -faligned-new -Wno-unused-but-set-variable -Wno-maybe-uninitialized -fno-math-errno -fno-trapping-math -Wno-stringop-overflow, DISABLE_NUMA=1, PERF_WITH_AVX=1, PERF_WITH_AVX2=1, PERF_WITH_AVX512=1, USE_CUDA=True, USE_EXCEPTION_PTR=1, USE_GFLAGS=OFF, USE_GLOG=OFF, USE_MKL=ON, USE_MKLDNN=ON, USE_MPI=OFF, USE_NCCL=ON, USE_NNPACK=ON, USE_OPENMP=ON, USE_STATIC_DISPATCH=OFF, 

TorchVision: 0.4.2+cu100
OpenCV: 4.4.0
MMCV: 1.0.5
MMDetection: 2.3.0+788fa8d
MMDetection Compiler: GCC 7.3
MMDetection CUDA Compiler: 10.0
------------------------------------------------------------

2020-11-24 13:48:00,337 - mmdet - INFO - Distributed training: False
2020-11-24 13:48:00,730 - mmdet - INFO - Config:
model = dict(
    type='FasterRCNN',
    pretrained='torchvision://resnet50',
    backbone=dict(
        type='ResNet',
        depth=50,
        num_stages=4,
        out_indices=(0, 1, 2, 3),
        frozen_stages=1,
        norm_cfg=dict(type='BN', requires_grad=True),
        norm_eval=True,
        style='pytorch'),
    neck=dict(
        type='FPN',
        in_channels=[256, 512, 1024, 2048],
        out_channels=256,
        num_outs=5),
    rpn_head=dict(
        type='RPNHead',
        in_channels=256,
        feat_channels=256,
        anchor_generator=dict(
            type='AnchorGenerator',
            scales=[8],
            ratios=[0.5, 1.0, 2.0],
            strides=[4, 8, 16, 32, 64]),
        bbox_coder=dict(
            type='DeltaXYWHBBoxCoder',
            target_means=[0.0, 0.0, 0.0, 0.0],
            target_stds=[1.0, 1.0, 1.0, 1.0]),
        loss_cls=dict(
            type='CrossEntropyLoss', use_sigmoid=True, loss_weight=1.0),
        loss_bbox=dict(type='L1Loss', loss_weight=1.0)),
    roi_head=dict(
        type='StandardRoIHead',
        bbox_roi_extractor=dict(
            type='SingleRoIExtractor',
            roi_layer=dict(type='RoIAlign', output_size=7, sampling_ratio=0),
            out_channels=256,
            featmap_strides=[4, 8, 16, 32]),
        bbox_head=dict(
            type='Shared2FCBBoxHead',
            in_channels=256,
            fc_out_channels=1024,
            roi_feat_size=7,
            num_classes=2,
            bbox_coder=dict(
                type='DeltaXYWHBBoxCoder',
                target_means=[0.0, 0.0, 0.0, 0.0],
                target_stds=[0.1, 0.1, 0.2, 0.2]),
            reg_class_agnostic=False,
            loss_cls=dict(
                type='CrossEntropyLoss', use_sigmoid=False, loss_weight=1.0),
            loss_bbox=dict(type='L1Loss', loss_weight=1.0))))
train_cfg = dict(
    rpn=dict(
        assigner=dict(
            type='MaxIoUAssigner',
            pos_iou_thr=0.7,
            neg_iou_thr=0.3,
            min_pos_iou=0.3,
            match_low_quality=True,
            ignore_iof_thr=-1),
        sampler=dict(
            type='RandomSampler',
            num=256,
            pos_fraction=0.5,
            neg_pos_ub=-1,
            add_gt_as_proposals=False),
        allowed_border=-1,
        pos_weight=-1,
        debug=False),
    rpn_proposal=dict(
        nms_across_levels=False,
        nms_pre=2000,
        nms_post=1000,
        max_num=1000,
        nms_thr=0.7,
        min_bbox_size=0),
    rcnn=dict(
        assigner=dict(
            type='MaxIoUAssigner',
            pos_iou_thr=0.5,
            neg_iou_thr=0.5,
            min_pos_iou=0.5,
            match_low_quality=False,
            ignore_iof_thr=-1),
        sampler=dict(
            type='RandomSampler',
            num=512,
            pos_fraction=0.25,
            neg_pos_ub=-1,
            add_gt_as_proposals=True),
        pos_weight=-1,
        debug=False))
test_cfg = dict(
    rpn=dict(
        nms_across_levels=False,
        nms_pre=1000,
        nms_post=1000,
        max_num=1000,
        nms_thr=0.7,
        min_bbox_size=0),
    rcnn=dict(
        score_thr=0.05,
        nms=dict(type='nms', iou_threshold=0.5),
        max_per_img=100))
dataset_type = 'CocoDataset'
data_root = 'data/coco/'
img_norm_cfg = dict(
    mean=[123.675, 116.28, 103.53], std=[58.395, 57.12, 57.375], to_rgb=True)
train_pipeline = [
    dict(type='LoadImageFromFile'),
    dict(type='LoadAnnotations', with_bbox=True),
    dict(type='Resize', img_scale=(1550, 1550), keep_ratio=True),
    dict(type='RandomFlip', flip_ratio=0.5),
    dict(
        type='Normalize',
        mean=[123.675, 116.28, 103.53],
        std=[58.395, 57.12, 57.375],
        to_rgb=True),
    dict(type='Pad', size_divisor=32),
    dict(type='DefaultFormatBundle'),
    dict(type='Collect', keys=['img', 'gt_bboxes', 'gt_labels'])
]
test_pipeline = [
    dict(type='LoadImageFromFile'),
    dict(
        type='MultiScaleFlipAug',
        img_scale=(1550, 1550),
        flip=False,
        transforms=[
            dict(type='Resize', keep_ratio=True),
            dict(type='RandomFlip'),
            dict(
                type='Normalize',
                mean=[123.675, 116.28, 103.53],
                std=[58.395, 57.12, 57.375],
                to_rgb=True),
            dict(type='Pad', size_divisor=32),
            dict(type='ImageToTensor', keys=['img']),
            dict(type='Collect', keys=['img'])
        ])
]
data = dict(
    samples_per_gpu=2,
    workers_per_gpu=2,
    train=dict(
        type='CocoDataset',
        ann_file='data/coco/annotations/annotations_trai.json',
        img_prefix='data/coco/img/',
        pipeline=[
            dict(type='LoadImageFromFile'),
            dict(type='LoadAnnotations', with_bbox=True),
            dict(type='Resize', img_scale=(1550, 1550), keep_ratio=True),
            dict(type='RandomFlip', flip_ratio=0.5),
            dict(
                type='Normalize',
                mean=[123.675, 116.28, 103.53],
                std=[58.395, 57.12, 57.375],
                to_rgb=True),
            dict(type='Pad', size_divisor=32),
            dict(type='DefaultFormatBundle'),
            dict(type='Collect', keys=['img', 'gt_bboxes', 'gt_labels'])
        ]),
    val=dict(
        type='CocoDataset',
        ann_file='data/coco/annotations/annotations_test.json',
        img_prefix='data/coco/img/',
        pipeline=[
            dict(type='LoadImageFromFile'),
            dict(
                type='MultiScaleFlipAug',
                img_scale=(1550, 1550),
                flip=False,
                transforms=[
                    dict(type='Resize', keep_ratio=True),
                    dict(type='RandomFlip'),
                    dict(
                        type='Normalize',
                        mean=[123.675, 116.28, 103.53],
                        std=[58.395, 57.12, 57.375],
                        to_rgb=True),
                    dict(type='Pad', size_divisor=32),
                    dict(type='ImageToTensor', keys=['img']),
                    dict(type='Collect', keys=['img'])
                ])
        ]),
    test=dict(
        type='CocoDataset',
        ann_file='data/coco/annotations/annotations_vals.json',
        img_prefix='data/coco/img/',
        pipeline=[
            dict(type='LoadImageFromFile'),
            dict(
                type='MultiScaleFlipAug',
                img_scale=(1550, 1550),
                flip=False,
                transforms=[
                    dict(type='Resize', keep_ratio=True),
                    dict(type='RandomFlip'),
                    dict(
                        type='Normalize',
                        mean=[123.675, 116.28, 103.53],
                        std=[58.395, 57.12, 57.375],
                        to_rgb=True),
                    dict(type='Pad', size_divisor=32),
                    dict(type='ImageToTensor', keys=['img']),
                    dict(type='Collect', keys=['img'])
                ])
        ]))
evaluation = dict(interval=1, metric='bbox')
optimizer = dict(type='SGD', lr=0.01, momentum=0.9, weight_decay=0.0001)
optimizer_config = dict(grad_clip=None)
lr_config = dict(
    policy='step',
    warmup='linear',
    warmup_iters=500,
    warmup_ratio=0.001,
    step=[8, 11])
total_epochs = 4
checkpoint_config = dict(interval=4)
log_config = dict(interval=100, hooks=[dict(type='TextLoggerHook')])
dist_params = dict(backend='nccl')
log_level = 'INFO'
load_from = '/home/admin/.cache/torch/checkpoints/X.pth'
resume_from = None
workflow = [('train', 2), ('val', 1)]
work_dir = '/home/admin/jupyter/SecurityAI_Round5/data/work'
gpu_ids = range(0, 1)

2020-11-24 13:48:01,233 - mmdet - INFO - load model from: torchvision://resnet50
2020-11-24 13:48:09,283 - mmdet - WARNING - The model and loaded state dict do not match exactly

unexpected key in source state_dict: fc.weight, fc.bias

2020-11-24 13:48:19,848 - mmdet - INFO - load checkpoint from /home/admin/.cache/torch/checkpoints/X.pth
2020-11-24 13:48:26,726 - mmdet - INFO - Start running, host: admin@fuxilabor_labor0_S4_Odps_S96_dsw_prepaid_cnsh_838_2020112401190, work_dir: /home/admin/jupyter/SecurityAI_Round5/data/work
2020-11-24 13:48:26,727 - mmdet - INFO - workflow: [('train', 2), ('val', 1)], max: 4 epochs
2020-11-24 13:49:44,535 - mmdet - INFO - Epoch [1][100/620]	lr: 1.988e-03, eta: 0:30:47, time: 0.776, data_time: 0.033, memory: 11887, loss_rpn_cls: 0.0025, loss_rpn_bbox: 0.0247, loss_cls: 0.0299, acc: 98.7021, loss_bbox: 0.0659, loss: 0.1229
2020-11-24 13:50:59,511 - mmdet - INFO - Epoch [1][200/620]	lr: 3.986e-03, eta: 0:28:59, time: 0.750, data_time: 0.012, memory: 11887, loss_rpn_cls: 0.0015, loss_rpn_bbox: 0.0214, loss_cls: 0.0304, acc: 98.6523, loss_bbox: 0.0627, loss: 0.1161
2020-11-24 13:52:14,456 - mmdet - INFO - Epoch [1][300/620]	lr: 5.984e-03, eta: 0:27:33, time: 0.749, data_time: 0.012, memory: 11887, loss_rpn_cls: 0.0018, loss_rpn_bbox: 0.0214, loss_cls: 0.0222, acc: 99.0967, loss_bbox: 0.0571, loss: 0.1025
2020-11-24 13:53:29,416 - mmdet - INFO - Epoch [1][400/620]	lr: 7.982e-03, eta: 0:26:12, time: 0.750, data_time: 0.012, memory: 11887, loss_rpn_cls: 0.0016, loss_rpn_bbox: 0.0249, loss_cls: 0.0288, acc: 98.6465, loss_bbox: 0.0614, loss: 0.1167
2020-11-24 13:54:44,427 - mmdet - INFO - Epoch [1][500/620]	lr: 9.980e-03, eta: 0:24:54, time: 0.750, data_time: 0.012, memory: 11887, loss_rpn_cls: 0.0016, loss_rpn_bbox: 0.0267, loss_cls: 0.0258, acc: 98.9004, loss_bbox: 0.0649, loss: 0.1190
2020-11-24 13:55:59,546 - mmdet - INFO - Epoch [1][600/620]	lr: 1.000e-02, eta: 0:23:38, time: 0.751, data_time: 0.012, memory: 11887, loss_rpn_cls: 0.0028, loss_rpn_bbox: 0.0276, loss_cls: 0.0347, acc: 98.5469, loss_bbox: 0.0718, loss: 0.1369
2020-11-24 13:56:38,490 - mmdet - INFO - Evaluating bbox...
2020-11-24 13:56:40,709 - mmdet - INFO - Epoch [1][620/620]	lr: 1.000e-02, bbox_mAP: 0.8710, bbox_mAP_50: 0.9200, bbox_mAP_75: 0.9150, bbox_mAP_s: 0.6040, bbox_mAP_m: 0.9160, bbox_mAP_l: 0.9400, bbox_mAP_copypaste: 0.871 0.920 0.915 0.604 0.916 0.940
2020-11-24 13:57:57,946 - mmdet - INFO - Epoch [2][100/620]	lr: 1.000e-02, eta: 0:21:34, time: 0.770, data_time: 0.034, memory: 11887, loss_rpn_cls: 0.0022, loss_rpn_bbox: 0.0269, loss_cls: 0.0226, acc: 99.0645, loss_bbox: 0.0636, loss: 0.1154
2020-11-24 13:59:13,083 - mmdet - INFO - Epoch [2][200/620]	lr: 1.000e-02, eta: 0:20:24, time: 0.751, data_time: 0.012, memory: 11887, loss_rpn_cls: 0.0029, loss_rpn_bbox: 0.0292, loss_cls: 0.0338, acc: 98.5479, loss_bbox: 0.0681, loss: 0.1340
2020-11-24 14:00:27,954 - mmdet - INFO - Epoch [2][300/620]	lr: 1.000e-02, eta: 0:19:12, time: 0.749, data_time: 0.012, memory: 11887, loss_rpn_cls: 0.0022, loss_rpn_bbox: 0.0268, loss_cls: 0.0267, acc: 98.8662, loss_bbox: 0.0632, loss: 0.1189
2020-11-24 14:01:42,947 - mmdet - INFO - Epoch [2][400/620]	lr: 1.000e-02, eta: 0:18:00, time: 0.750, data_time: 0.012, memory: 11887, loss_rpn_cls: 0.0030, loss_rpn_bbox: 0.0307, loss_cls: 0.0351, acc: 98.5176, loss_bbox: 0.0739, loss: 0.1428
2020-11-24 14:02:57,751 - mmdet - INFO - Epoch [2][500/620]	lr: 1.000e-02, eta: 0:16:47, time: 0.748, data_time: 0.012, memory: 11887, loss_rpn_cls: 0.0021, loss_rpn_bbox: 0.0269, loss_cls: 0.0253, acc: 98.9219, loss_bbox: 0.0604, loss: 0.1147
2020-11-24 14:04:12,619 - mmdet - INFO - Epoch [2][600/620]	lr: 1.000e-02, eta: 0:15:33, time: 0.749, data_time: 0.012, memory: 11887, loss_rpn_cls: 0.0025, loss_rpn_bbox: 0.0292, loss_cls: 0.0277, acc: 98.7803, loss_bbox: 0.0712, loss: 0.1305
2020-11-24 14:04:51,651 - mmdet - INFO - Evaluating bbox...
2020-11-24 14:04:53,772 - mmdet - INFO - Epoch [2][620/620]	lr: 1.000e-02, bbox_mAP: 0.8670, bbox_mAP_50: 0.9200, bbox_mAP_75: 0.9100, bbox_mAP_s: 0.5790, bbox_mAP_m: 0.9080, bbox_mAP_l: 0.9380, bbox_mAP_copypaste: 0.867 0.920 0.910 0.579 0.908 0.938
2020-11-24 14:05:23,753 - mmdet - INFO - Epoch(train) [2][74]	loss_rpn_cls: 0.0043, loss_rpn_bbox: 0.0328, loss_cls: 0.0325, acc: 98.6011, loss_bbox: 0.0779, loss: 0.1475
2020-11-24 14:06:41,211 - mmdet - INFO - Epoch [3][100/620]	lr: 1.000e-02, eta: 0:13:55, time: 0.773, data_time: 0.034, memory: 11887, loss_rpn_cls: 0.0024, loss_rpn_bbox: 0.0285, loss_cls: 0.0273, acc: 98.8477, loss_bbox: 0.0680, loss: 0.1262
2020-11-24 14:07:56,037 - mmdet - INFO - Epoch [3][200/620]	lr: 1.000e-02, eta: 0:12:42, time: 0.748, data_time: 0.012, memory: 11887, loss_rpn_cls: 0.0021, loss_rpn_bbox: 0.0294, loss_cls: 0.0286, acc: 98.7422, loss_bbox: 0.0668, loss: 0.1269
2020-11-24 14:09:11,077 - mmdet - INFO - Epoch [3][300/620]	lr: 1.000e-02, eta: 0:11:30, time: 0.750, data_time: 0.012, memory: 11887, loss_rpn_cls: 0.0028, loss_rpn_bbox: 0.0294, loss_cls: 0.0290, acc: 98.7881, loss_bbox: 0.0684, loss: 0.1297
2020-11-24 14:10:26,185 - mmdet - INFO - Epoch [3][400/620]	lr: 1.000e-02, eta: 0:10:17, time: 0.751, data_time: 0.012, memory: 11887, loss_rpn_cls: 0.0031, loss_rpn_bbox: 0.0309, loss_cls: 0.0283, acc: 98.8018, loss_bbox: 0.0688, loss: 0.1311
2020-11-24 14:11:41,476 - mmdet - INFO - Epoch [3][500/620]	lr: 1.000e-02, eta: 0:09:05, time: 0.753, data_time: 0.012, memory: 11887, loss_rpn_cls: 0.0024, loss_rpn_bbox: 0.0314, loss_cls: 0.0321, acc: 98.6426, loss_bbox: 0.0724, loss: 0.1383
2020-11-24 14:12:56,304 - mmdet - INFO - Epoch [3][600/620]	lr: 1.000e-02, eta: 0:07:51, time: 0.748, data_time: 0.012, memory: 11887, loss_rpn_cls: 0.0027, loss_rpn_bbox: 0.0278, loss_cls: 0.0316, acc: 98.6777, loss_bbox: 0.0671, loss: 0.1293
2020-11-24 14:13:35,424 - mmdet - INFO - Evaluating bbox...
2020-11-24 14:13:37,788 - mmdet - INFO - Epoch [3][620/620]	lr: 1.000e-02, bbox_mAP: 0.8680, bbox_mAP_50: 0.9190, bbox_mAP_75: 0.9140, bbox_mAP_s: 0.5980, bbox_mAP_m: 0.9130, bbox_mAP_l: 0.9360, bbox_mAP_copypaste: 0.868 0.919 0.914 0.598 0.913 0.936
2020-11-24 14:14:55,339 - mmdet - INFO - Epoch [4][100/620]	lr: 1.000e-02, eta: 0:06:20, time: 0.774, data_time: 0.033, memory: 11887, loss_rpn_cls: 0.0027, loss_rpn_bbox: 0.0300, loss_cls: 0.0315, acc: 98.6709, loss_bbox: 0.0706, loss: 0.1348
2020-11-24 14:16:10,262 - mmdet - INFO - Epoch [4][200/620]	lr: 1.000e-02, eta: 0:05:07, time: 0.749, data_time: 0.012, memory: 11887, loss_rpn_cls: 0.0027, loss_rpn_bbox: 0.0275, loss_cls: 0.0280, acc: 98.8389, loss_bbox: 0.0687, loss: 0.1269
2020-11-24 14:17:25,297 - mmdet - INFO - Epoch [4][300/620]	lr: 1.000e-02, eta: 0:03:54, time: 0.750, data_time: 0.012, memory: 11887, loss_rpn_cls: 0.0038, loss_rpn_bbox: 0.0299, loss_cls: 0.0327, acc: 98.6562, loss_bbox: 0.0745, loss: 0.1409
2020-11-24 14:18:40,286 - mmdet - INFO - Epoch [4][400/620]	lr: 1.000e-02, eta: 0:02:41, time: 0.750, data_time: 0.012, memory: 11887, loss_rpn_cls: 0.0024, loss_rpn_bbox: 0.0287, loss_cls: 0.0244, acc: 99.0244, loss_bbox: 0.0664, loss: 0.1218
2020-11-24 14:19:55,214 - mmdet - INFO - Epoch [4][500/620]	lr: 1.000e-02, eta: 0:01:28, time: 0.749, data_time: 0.012, memory: 11887, loss_rpn_cls: 0.0022, loss_rpn_bbox: 0.0260, loss_cls: 0.0245, acc: 98.9854, loss_bbox: 0.0635, loss: 0.1162
2020-11-24 14:21:10,248 - mmdet - INFO - Epoch [4][600/620]	lr: 1.000e-02, eta: 0:00:14, time: 0.750, data_time: 0.012, memory: 11887, loss_rpn_cls: 0.0036, loss_rpn_bbox: 0.0309, loss_cls: 0.0387, acc: 98.4355, loss_bbox: 0.0776, loss: 0.1509
2020-11-24 14:21:25,344 - mmdet - INFO - Saving checkpoint at 4 epochs
2020-11-24 14:21:51,059 - mmdet - INFO - Evaluating bbox...
2020-11-24 14:21:53,251 - mmdet - INFO - Epoch [4][620/620]	lr: 1.000e-02, bbox_mAP: 0.8660, bbox_mAP_50: 0.9190, bbox_mAP_75: 0.9100, bbox_mAP_s: 0.5840, bbox_mAP_m: 0.9030, bbox_mAP_l: 0.9360, bbox_mAP_copypaste: 0.866 0.919 0.910 0.584 0.903 0.936
2020-11-24 14:22:23,234 - mmdet - INFO - Epoch(train) [4][74]	loss_rpn_cls: 0.0036, loss_rpn_bbox: 0.0321, loss_cls: 0.0364, acc: 98.4810, loss_bbox: 0.0794, loss: 0.1515
