2020-11-22 23:47:45,562 - mmdet - INFO - Environment info:
------------------------------------------------------------
sys.platform: linux
Python: 3.6.4 |Anaconda, Inc.| (default, Jan 16 2018, 18:10:19) [GCC 7.2.0]
CUDA available: True
CUDA_HOME: /usr/local/cuda
NVCC: Cuda compilation tools, release 10.0, V10.0.130
GPU 0: Tesla P100-PCIE-16GB
GCC: gcc (GCC) 5.3.0
PyTorch: 1.3.1+cu100
PyTorch compiling details: PyTorch built with:
  - GCC 7.3
  - Intel(R) Math Kernel Library Version 2019.0.4 Product Build 20190411 for Intel(R) 64 architecture applications
  - Intel(R) MKL-DNN v0.20.5 (Git Hash 0125f28c61c1f822fd48570b4c1066f96fcb9b2e)
  - OpenMP 201511 (a.k.a. OpenMP 4.5)
  - NNPACK is enabled
  - CUDA Runtime 10.0
  - NVCC architecture flags: -gencode;arch=compute_37,code=sm_37;-gencode;arch=compute_50,code=sm_50;-gencode;arch=compute_60,code=sm_60;-gencode;arch=compute_61,code=sm_61;-gencode;arch=compute_70,code=sm_70;-gencode;arch=compute_75,code=sm_75;-gencode;arch=compute_37,code=compute_37
  - CuDNN 7.6.3
  - Magma 2.5.1
  - Build settings: BLAS=MKL, BUILD_NAMEDTENSOR=OFF, BUILD_TYPE=Release, CXX_FLAGS= -Wno-deprecated -fvisibility-inlines-hidden -fopenmp -DUSE_FBGEMM -DUSE_QNNPACK -DUSE_PYTORCH_QNNPACK -O2 -fPIC -Wno-narrowing -Wall -Wextra -Wno-missing-field-initializers -Wno-type-limits -Wno-array-bounds -Wno-unknown-pragmas -Wno-sign-compare -Wno-unused-parameter -Wno-unused-variable -Wno-unused-function -Wno-unused-result -Wno-strict-overflow -Wno-strict-aliasing -Wno-error=deprecated-declarations -Wno-stringop-overflow -Wno-error=pedantic -Wno-error=redundant-decls -Wno-error=old-style-cast -fdiagnostics-color=always -faligned-new -Wno-unused-but-set-variable -Wno-maybe-uninitialized -fno-math-errno -fno-trapping-math -Wno-stringop-overflow, DISABLE_NUMA=1, PERF_WITH_AVX=1, PERF_WITH_AVX2=1, PERF_WITH_AVX512=1, USE_CUDA=True, USE_EXCEPTION_PTR=1, USE_GFLAGS=OFF, USE_GLOG=OFF, USE_MKL=ON, USE_MKLDNN=ON, USE_MPI=OFF, USE_NCCL=ON, USE_NNPACK=ON, USE_OPENMP=ON, USE_STATIC_DISPATCH=OFF, 

TorchVision: 0.4.2+cu100
OpenCV: 4.4.0
MMCV: 1.0.5
MMDetection: 2.3.0+788fa8d
MMDetection Compiler: GCC 7.3
MMDetection CUDA Compiler: 10.0
------------------------------------------------------------

2020-11-22 23:47:45,563 - mmdet - INFO - Distributed training: False
2020-11-22 23:47:45,960 - mmdet - INFO - Config:
model = dict(
    type='FasterRCNN',
    pretrained='torchvision://resnet50',
    backbone=dict(
        type='ResNet',
        depth=50,
        num_stages=4,
        out_indices=(0, 1, 2, 3),
        frozen_stages=1,
        norm_cfg=dict(type='BN', requires_grad=True),
        norm_eval=True,
        style='pytorch'),
    neck=dict(
        type='FPN',
        in_channels=[256, 512, 1024, 2048],
        out_channels=256,
        num_outs=5),
    rpn_head=dict(
        type='RPNHead',
        in_channels=256,
        feat_channels=256,
        anchor_generator=dict(
            type='AnchorGenerator',
            scales=[8],
            ratios=[0.5, 1.0, 2.0],
            strides=[4, 8, 16, 32, 64]),
        bbox_coder=dict(
            type='DeltaXYWHBBoxCoder',
            target_means=[0.0, 0.0, 0.0, 0.0],
            target_stds=[1.0, 1.0, 1.0, 1.0]),
        loss_cls=dict(
            type='CrossEntropyLoss', use_sigmoid=True, loss_weight=1.0),
        loss_bbox=dict(type='L1Loss', loss_weight=1.0)),
    roi_head=dict(
        type='StandardRoIHead',
        bbox_roi_extractor=dict(
            type='SingleRoIExtractor',
            roi_layer=dict(type='RoIAlign', output_size=7, sampling_ratio=0),
            out_channels=256,
            featmap_strides=[4, 8, 16, 32]),
        bbox_head=dict(
            type='Shared2FCBBoxHead',
            in_channels=256,
            fc_out_channels=1024,
            roi_feat_size=7,
            num_classes=2,
            bbox_coder=dict(
                type='DeltaXYWHBBoxCoder',
                target_means=[0.0, 0.0, 0.0, 0.0],
                target_stds=[0.1, 0.1, 0.2, 0.2]),
            reg_class_agnostic=False,
            loss_cls=dict(
                type='CrossEntropyLoss', use_sigmoid=False, loss_weight=1.0),
            loss_bbox=dict(type='L1Loss', loss_weight=1.0))))
train_cfg = dict(
    rpn=dict(
        assigner=dict(
            type='MaxIoUAssigner',
            pos_iou_thr=0.7,
            neg_iou_thr=0.3,
            min_pos_iou=0.3,
            match_low_quality=True,
            ignore_iof_thr=-1),
        sampler=dict(
            type='RandomSampler',
            num=256,
            pos_fraction=0.5,
            neg_pos_ub=-1,
            add_gt_as_proposals=False),
        allowed_border=-1,
        pos_weight=-1,
        debug=False),
    rpn_proposal=dict(
        nms_across_levels=False,
        nms_pre=2000,
        nms_post=1000,
        max_num=1000,
        nms_thr=0.7,
        min_bbox_size=0),
    rcnn=dict(
        assigner=dict(
            type='MaxIoUAssigner',
            pos_iou_thr=0.5,
            neg_iou_thr=0.5,
            min_pos_iou=0.5,
            match_low_quality=False,
            ignore_iof_thr=-1),
        sampler=dict(
            type='RandomSampler',
            num=512,
            pos_fraction=0.25,
            neg_pos_ub=-1,
            add_gt_as_proposals=True),
        pos_weight=-1,
        debug=False))
test_cfg = dict(
    rpn=dict(
        nms_across_levels=False,
        nms_pre=1000,
        nms_post=1000,
        max_num=1000,
        nms_thr=0.7,
        min_bbox_size=0),
    rcnn=dict(
        score_thr=0.05,
        nms=dict(type='nms', iou_threshold=0.5),
        max_per_img=100))
dataset_type = 'CocoDataset'
data_root = 'data/coco/'
img_norm_cfg = dict(
    mean=[123.675, 116.28, 103.53], std=[58.395, 57.12, 57.375], to_rgb=True)
train_pipeline = [
    dict(type='LoadImageFromFile'),
    dict(type='LoadAnnotations', with_bbox=True),
    dict(type='Resize', img_scale=(1550, 1550), keep_ratio=True),
    dict(type='RandomFlip', flip_ratio=0.5),
    dict(
        type='Normalize',
        mean=[123.675, 116.28, 103.53],
        std=[58.395, 57.12, 57.375],
        to_rgb=True),
    dict(type='Pad', size_divisor=32),
    dict(type='DefaultFormatBundle'),
    dict(type='Collect', keys=['img', 'gt_bboxes', 'gt_labels'])
]
test_pipeline = [
    dict(type='LoadImageFromFile'),
    dict(
        type='MultiScaleFlipAug',
        img_scale=(1550, 1550),
        flip=False,
        transforms=[
            dict(type='Resize', keep_ratio=True),
            dict(type='RandomFlip'),
            dict(
                type='Normalize',
                mean=[123.675, 116.28, 103.53],
                std=[58.395, 57.12, 57.375],
                to_rgb=True),
            dict(type='Pad', size_divisor=32),
            dict(type='ImageToTensor', keys=['img']),
            dict(type='Collect', keys=['img'])
        ])
]
data = dict(
    samples_per_gpu=2,
    workers_per_gpu=2,
    train=dict(
        type='CocoDataset',
        ann_file='data/coco/annotations/annotations_trai.json',
        img_prefix='data/coco/img/',
        pipeline=[
            dict(type='LoadImageFromFile'),
            dict(type='LoadAnnotations', with_bbox=True),
            dict(type='Resize', img_scale=(1550, 1550), keep_ratio=True),
            dict(type='RandomFlip', flip_ratio=0.5),
            dict(
                type='Normalize',
                mean=[123.675, 116.28, 103.53],
                std=[58.395, 57.12, 57.375],
                to_rgb=True),
            dict(type='Pad', size_divisor=32),
            dict(type='DefaultFormatBundle'),
            dict(type='Collect', keys=['img', 'gt_bboxes', 'gt_labels'])
        ]),
    val=dict(
        type='CocoDataset',
        ann_file='data/coco/annotations/annotations_test.json',
        img_prefix='data/coco/img/',
        pipeline=[
            dict(type='LoadImageFromFile'),
            dict(
                type='MultiScaleFlipAug',
                img_scale=(1550, 1550),
                flip=False,
                transforms=[
                    dict(type='Resize', keep_ratio=True),
                    dict(type='RandomFlip'),
                    dict(
                        type='Normalize',
                        mean=[123.675, 116.28, 103.53],
                        std=[58.395, 57.12, 57.375],
                        to_rgb=True),
                    dict(type='Pad', size_divisor=32),
                    dict(type='ImageToTensor', keys=['img']),
                    dict(type='Collect', keys=['img'])
                ])
        ]),
    test=dict(
        type='CocoDataset',
        ann_file='data/coco/annotations/annotations_vals.json',
        img_prefix='data/coco/img/',
        pipeline=[
            dict(type='LoadImageFromFile'),
            dict(
                type='MultiScaleFlipAug',
                img_scale=(1550, 1550),
                flip=False,
                transforms=[
                    dict(type='Resize', keep_ratio=True),
                    dict(type='RandomFlip'),
                    dict(
                        type='Normalize',
                        mean=[123.675, 116.28, 103.53],
                        std=[58.395, 57.12, 57.375],
                        to_rgb=True),
                    dict(type='Pad', size_divisor=32),
                    dict(type='ImageToTensor', keys=['img']),
                    dict(type='Collect', keys=['img'])
                ])
        ]))
evaluation = dict(interval=1, metric='bbox')
optimizer = dict(type='SGD', lr=0.01, momentum=0.9, weight_decay=0.0001)
optimizer_config = dict(grad_clip=None)
lr_config = dict(
    policy='step',
    warmup='linear',
    warmup_iters=500,
    warmup_ratio=0.001,
    step=[8, 11])
total_epochs = 4
checkpoint_config = dict(interval=4)
log_config = dict(interval=100, hooks=[dict(type='TextLoggerHook')])
dist_params = dict(backend='nccl')
log_level = 'INFO'
load_from = '/home/admin/.cache/torch/checkpoints/X.pth'
resume_from = None
workflow = [('train', 2), ('val', 1)]
work_dir = '/home/admin/jupyter/SecurityAI_Round5/data/work'
gpu_ids = range(0, 1)

2020-11-22 23:47:46,471 - mmdet - INFO - load model from: torchvision://resnet50
2020-11-22 23:47:54,344 - mmdet - WARNING - The model and loaded state dict do not match exactly

unexpected key in source state_dict: fc.weight, fc.bias

2020-11-22 23:48:04,863 - mmdet - INFO - load checkpoint from /home/admin/.cache/torch/checkpoints/X.pth
2020-11-22 23:48:11,545 - mmdet - INFO - Start running, host: admin@fuxilabor_labor0_S4_Odps_S96_dsw_prepaid_cnsh_838_2020112209220, work_dir: /home/admin/jupyter/SecurityAI_Round5/data/work
2020-11-22 23:48:11,545 - mmdet - INFO - workflow: [('train', 2), ('val', 1)], max: 4 epochs
2020-11-22 23:49:29,151 - mmdet - INFO - Epoch [1][100/633]	lr: 1.988e-03, eta: 0:31:22, time: 0.774, data_time: 0.033, memory: 8109, loss_rpn_cls: 0.0027, loss_rpn_bbox: 0.0297, loss_cls: 0.0308, acc: 98.7041, loss_bbox: 0.0747, loss: 0.1379
2020-11-22 23:50:44,141 - mmdet - INFO - Epoch [1][200/633]	lr: 3.986e-03, eta: 0:29:37, time: 0.750, data_time: 0.012, memory: 11884, loss_rpn_cls: 0.0032, loss_rpn_bbox: 0.0268, loss_cls: 0.0321, acc: 98.6982, loss_bbox: 0.0705, loss: 0.1326
2020-11-22 23:51:58,930 - mmdet - INFO - Epoch [1][300/633]	lr: 5.984e-03, eta: 0:28:10, time: 0.748, data_time: 0.012, memory: 11884, loss_rpn_cls: 0.0024, loss_rpn_bbox: 0.0266, loss_cls: 0.0310, acc: 98.7012, loss_bbox: 0.0673, loss: 0.1274
2020-11-22 23:53:13,887 - mmdet - INFO - Epoch [1][400/633]	lr: 7.982e-03, eta: 0:26:50, time: 0.750, data_time: 0.012, memory: 11884, loss_rpn_cls: 0.0018, loss_rpn_bbox: 0.0287, loss_cls: 0.0284, acc: 98.7988, loss_bbox: 0.0692, loss: 0.1280
2020-11-22 23:54:28,959 - mmdet - INFO - Epoch [1][500/633]	lr: 9.980e-03, eta: 0:25:33, time: 0.751, data_time: 0.012, memory: 11884, loss_rpn_cls: 0.0027, loss_rpn_bbox: 0.0284, loss_cls: 0.0323, acc: 98.5879, loss_bbox: 0.0717, loss: 0.1351
2020-11-22 23:55:43,751 - mmdet - INFO - Epoch [1][600/633]	lr: 1.000e-02, eta: 0:24:15, time: 0.748, data_time: 0.012, memory: 11884, loss_rpn_cls: 0.0038, loss_rpn_bbox: 0.0324, loss_cls: 0.0333, acc: 98.6309, loss_bbox: 0.0759, loss: 0.1454
2020-11-22 23:56:32,865 - mmdet - INFO - Evaluating bbox...
2020-11-22 23:56:35,445 - mmdet - INFO - Epoch [1][633/633]	lr: 1.000e-02, bbox_mAP: 0.8300, bbox_mAP_50: 0.8840, bbox_mAP_75: 0.8790, bbox_mAP_s: 0.5440, bbox_mAP_m: 0.8730, bbox_mAP_l: 0.9130, bbox_mAP_copypaste: 0.830 0.884 0.879 0.544 0.873 0.913
2020-11-22 23:57:52,780 - mmdet - INFO - Epoch [2][100/633]	lr: 1.000e-02, eta: 0:21:38, time: 0.771, data_time: 0.033, memory: 11884, loss_rpn_cls: 0.0026, loss_rpn_bbox: 0.0327, loss_cls: 0.0374, acc: 98.3232, loss_bbox: 0.0783, loss: 0.1510
2020-11-22 23:59:07,613 - mmdet - INFO - Epoch [2][200/633]	lr: 1.000e-02, eta: 0:20:31, time: 0.748, data_time: 0.012, memory: 11884, loss_rpn_cls: 0.0024, loss_rpn_bbox: 0.0299, loss_cls: 0.0311, acc: 98.6865, loss_bbox: 0.0713, loss: 0.1347
2020-11-23 00:00:22,530 - mmdet - INFO - Epoch [2][300/633]	lr: 1.000e-02, eta: 0:19:23, time: 0.749, data_time: 0.012, memory: 11884, loss_rpn_cls: 0.0024, loss_rpn_bbox: 0.0329, loss_cls: 0.0338, acc: 98.6084, loss_bbox: 0.0750, loss: 0.1442
2020-11-23 00:01:37,664 - mmdet - INFO - Epoch [2][400/633]	lr: 1.000e-02, eta: 0:18:14, time: 0.751, data_time: 0.012, memory: 11884, loss_rpn_cls: 0.0022, loss_rpn_bbox: 0.0309, loss_cls: 0.0312, acc: 98.6699, loss_bbox: 0.0748, loss: 0.1391
2020-11-23 00:02:52,675 - mmdet - INFO - Epoch [2][500/633]	lr: 1.000e-02, eta: 0:17:03, time: 0.750, data_time: 0.012, memory: 11910, loss_rpn_cls: 0.0027, loss_rpn_bbox: 0.0337, loss_cls: 0.0305, acc: 98.7373, loss_bbox: 0.0783, loss: 0.1452
2020-11-23 00:04:07,789 - mmdet - INFO - Epoch [2][600/633]	lr: 1.000e-02, eta: 0:15:52, time: 0.751, data_time: 0.012, memory: 11910, loss_rpn_cls: 0.0032, loss_rpn_bbox: 0.0320, loss_cls: 0.0315, acc: 98.7451, loss_bbox: 0.0779, loss: 0.1446
2020-11-23 00:04:56,903 - mmdet - INFO - Evaluating bbox...
2020-11-23 00:04:59,491 - mmdet - INFO - Epoch [2][633/633]	lr: 1.000e-02, bbox_mAP: 0.8230, bbox_mAP_50: 0.8790, bbox_mAP_75: 0.8740, bbox_mAP_s: 0.5330, bbox_mAP_m: 0.8700, bbox_mAP_l: 0.9040, bbox_mAP_copypaste: 0.823 0.879 0.874 0.533 0.870 0.904
2020-11-23 00:05:30,112 - mmdet - INFO - Epoch(train) [2][76]	loss_rpn_cls: 0.0029, loss_rpn_bbox: 0.0303, loss_cls: 0.0330, acc: 98.6200, loss_bbox: 0.0724, loss: 0.1387
2020-11-23 00:06:47,505 - mmdet - INFO - Epoch [3][100/633]	lr: 1.000e-02, eta: 0:13:57, time: 0.772, data_time: 0.034, memory: 11910, loss_rpn_cls: 0.0022, loss_rpn_bbox: 0.0304, loss_cls: 0.0345, acc: 98.5703, loss_bbox: 0.0758, loss: 0.1429
2020-11-23 00:08:02,410 - mmdet - INFO - Epoch [3][200/633]	lr: 1.000e-02, eta: 0:12:48, time: 0.749, data_time: 0.012, memory: 11910, loss_rpn_cls: 0.0031, loss_rpn_bbox: 0.0332, loss_cls: 0.0340, acc: 98.6631, loss_bbox: 0.0793, loss: 0.1497
2020-11-23 00:09:17,253 - mmdet - INFO - Epoch [3][300/633]	lr: 1.000e-02, eta: 0:11:37, time: 0.748, data_time: 0.012, memory: 11910, loss_rpn_cls: 0.0038, loss_rpn_bbox: 0.0372, loss_cls: 0.0402, acc: 98.3291, loss_bbox: 0.0914, loss: 0.1725
2020-11-23 00:10:31,932 - mmdet - INFO - Epoch [3][400/633]	lr: 1.000e-02, eta: 0:10:26, time: 0.747, data_time: 0.012, memory: 11910, loss_rpn_cls: 0.0030, loss_rpn_bbox: 0.0316, loss_cls: 0.0282, acc: 98.8027, loss_bbox: 0.0712, loss: 0.1341
2020-11-23 00:11:46,668 - mmdet - INFO - Epoch [3][500/633]	lr: 1.000e-02, eta: 0:09:15, time: 0.747, data_time: 0.012, memory: 11910, loss_rpn_cls: 0.0024, loss_rpn_bbox: 0.0324, loss_cls: 0.0329, acc: 98.5889, loss_bbox: 0.0745, loss: 0.1422
2020-11-23 00:13:01,628 - mmdet - INFO - Epoch [3][600/633]	lr: 1.000e-02, eta: 0:08:03, time: 0.750, data_time: 0.012, memory: 11910, loss_rpn_cls: 0.0031, loss_rpn_bbox: 0.0337, loss_cls: 0.0329, acc: 98.5820, loss_bbox: 0.0740, loss: 0.1436
2020-11-23 00:13:50,840 - mmdet - INFO - Evaluating bbox...
2020-11-23 00:13:53,425 - mmdet - INFO - Epoch [3][633/633]	lr: 1.000e-02, bbox_mAP: 0.8180, bbox_mAP_50: 0.8790, bbox_mAP_75: 0.8690, bbox_mAP_s: 0.5200, bbox_mAP_m: 0.8450, bbox_mAP_l: 0.9070, bbox_mAP_copypaste: 0.818 0.879 0.869 0.520 0.845 0.907
2020-11-23 00:15:10,455 - mmdet - INFO - Epoch [4][100/633]	lr: 1.000e-02, eta: 0:06:21, time: 0.768, data_time: 0.034, memory: 11910, loss_rpn_cls: 0.0019, loss_rpn_bbox: 0.0302, loss_cls: 0.0317, acc: 98.6797, loss_bbox: 0.0767, loss: 0.1404
2020-11-23 00:16:25,680 - mmdet - INFO - Epoch [4][200/633]	lr: 1.000e-02, eta: 0:05:10, time: 0.752, data_time: 0.012, memory: 11910, loss_rpn_cls: 0.0023, loss_rpn_bbox: 0.0332, loss_cls: 0.0315, acc: 98.6611, loss_bbox: 0.0785, loss: 0.1454
2020-11-23 00:17:40,575 - mmdet - INFO - Epoch [4][300/633]	lr: 1.000e-02, eta: 0:03:59, time: 0.749, data_time: 0.012, memory: 11910, loss_rpn_cls: 0.0027, loss_rpn_bbox: 0.0325, loss_cls: 0.0389, acc: 98.3711, loss_bbox: 0.0824, loss: 0.1565
2020-11-23 00:18:55,475 - mmdet - INFO - Epoch [4][400/633]	lr: 1.000e-02, eta: 0:02:47, time: 0.749, data_time: 0.012, memory: 11910, loss_rpn_cls: 0.0029, loss_rpn_bbox: 0.0328, loss_cls: 0.0348, acc: 98.5342, loss_bbox: 0.0793, loss: 0.1499
2020-11-23 00:20:10,342 - mmdet - INFO - Epoch [4][500/633]	lr: 1.000e-02, eta: 0:01:36, time: 0.749, data_time: 0.012, memory: 11910, loss_rpn_cls: 0.0026, loss_rpn_bbox: 0.0328, loss_cls: 0.0325, acc: 98.6367, loss_bbox: 0.0771, loss: 0.1450
2020-11-23 00:21:25,269 - mmdet - INFO - Epoch [4][600/633]	lr: 1.000e-02, eta: 0:00:23, time: 0.749, data_time: 0.012, memory: 11910, loss_rpn_cls: 0.0025, loss_rpn_bbox: 0.0332, loss_cls: 0.0342, acc: 98.5957, loss_bbox: 0.0770, loss: 0.1469
2020-11-23 00:21:49,787 - mmdet - INFO - Saving checkpoint at 4 epochs
2020-11-23 00:22:16,081 - mmdet - INFO - Evaluating bbox...
2020-11-23 00:22:18,606 - mmdet - INFO - Epoch [4][633/633]	lr: 1.000e-02, bbox_mAP: 0.8220, bbox_mAP_50: 0.8780, bbox_mAP_75: 0.8730, bbox_mAP_s: 0.5070, bbox_mAP_m: 0.8500, bbox_mAP_l: 0.9170, bbox_mAP_copypaste: 0.822 0.878 0.873 0.507 0.850 0.917
2020-11-23 00:22:49,128 - mmdet - INFO - Epoch(train) [4][76]	loss_rpn_cls: 0.0029, loss_rpn_bbox: 0.0354, loss_cls: 0.0367, acc: 98.4465, loss_bbox: 0.0732, loss: 0.1482
