2020-11-17 20:09:32,325 - mmdet - INFO - Environment info:
------------------------------------------------------------
sys.platform: linux
Python: 3.6.4 |Anaconda, Inc.| (default, Jan 16 2018, 18:10:19) [GCC 7.2.0]
CUDA available: True
CUDA_HOME: /usr/local/cuda
NVCC: Cuda compilation tools, release 10.0, V10.0.130
GPU 0: Tesla P100-PCIE-16GB
GCC: gcc (GCC) 5.3.0
PyTorch: 1.3.1+cu100
PyTorch compiling details: PyTorch built with:
  - GCC 7.3
  - Intel(R) Math Kernel Library Version 2019.0.4 Product Build 20190411 for Intel(R) 64 architecture applications
  - Intel(R) MKL-DNN v0.20.5 (Git Hash 0125f28c61c1f822fd48570b4c1066f96fcb9b2e)
  - OpenMP 201511 (a.k.a. OpenMP 4.5)
  - NNPACK is enabled
  - CUDA Runtime 10.0
  - NVCC architecture flags: -gencode;arch=compute_37,code=sm_37;-gencode;arch=compute_50,code=sm_50;-gencode;arch=compute_60,code=sm_60;-gencode;arch=compute_61,code=sm_61;-gencode;arch=compute_70,code=sm_70;-gencode;arch=compute_75,code=sm_75;-gencode;arch=compute_37,code=compute_37
  - CuDNN 7.6.3
  - Magma 2.5.1
  - Build settings: BLAS=MKL, BUILD_NAMEDTENSOR=OFF, BUILD_TYPE=Release, CXX_FLAGS= -Wno-deprecated -fvisibility-inlines-hidden -fopenmp -DUSE_FBGEMM -DUSE_QNNPACK -DUSE_PYTORCH_QNNPACK -O2 -fPIC -Wno-narrowing -Wall -Wextra -Wno-missing-field-initializers -Wno-type-limits -Wno-array-bounds -Wno-unknown-pragmas -Wno-sign-compare -Wno-unused-parameter -Wno-unused-variable -Wno-unused-function -Wno-unused-result -Wno-strict-overflow -Wno-strict-aliasing -Wno-error=deprecated-declarations -Wno-stringop-overflow -Wno-error=pedantic -Wno-error=redundant-decls -Wno-error=old-style-cast -fdiagnostics-color=always -faligned-new -Wno-unused-but-set-variable -Wno-maybe-uninitialized -fno-math-errno -fno-trapping-math -Wno-stringop-overflow, DISABLE_NUMA=1, PERF_WITH_AVX=1, PERF_WITH_AVX2=1, PERF_WITH_AVX512=1, USE_CUDA=True, USE_EXCEPTION_PTR=1, USE_GFLAGS=OFF, USE_GLOG=OFF, USE_MKL=ON, USE_MKLDNN=ON, USE_MPI=OFF, USE_NCCL=ON, USE_NNPACK=ON, USE_OPENMP=ON, USE_STATIC_DISPATCH=OFF, 

TorchVision: 0.4.2+cu100
OpenCV: 4.4.0
MMCV: 1.0.5
MMDetection: 2.3.0+788fa8d
MMDetection Compiler: GCC 7.3
MMDetection CUDA Compiler: 10.0
------------------------------------------------------------

2020-11-17 20:09:32,325 - mmdet - INFO - Distributed training: False
2020-11-17 20:09:32,757 - mmdet - INFO - Config:
model = dict(
    type='FasterRCNN',
    pretrained='torchvision://resnet50',
    backbone=dict(
        type='ResNet',
        depth=50,
        num_stages=4,
        out_indices=(0, 1, 2, 3),
        frozen_stages=1,
        norm_cfg=dict(type='BN', requires_grad=True),
        norm_eval=True,
        style='pytorch'),
    neck=dict(
        type='FPN',
        in_channels=[256, 512, 1024, 2048],
        out_channels=256,
        num_outs=5),
    rpn_head=dict(
        type='RPNHead',
        in_channels=256,
        feat_channels=256,
        anchor_generator=dict(
            type='AnchorGenerator',
            scales=[8],
            ratios=[0.5, 1.0, 2.0],
            strides=[4, 8, 16, 32, 64]),
        bbox_coder=dict(
            type='DeltaXYWHBBoxCoder',
            target_means=[0.0, 0.0, 0.0, 0.0],
            target_stds=[1.0, 1.0, 1.0, 1.0]),
        loss_cls=dict(
            type='CrossEntropyLoss', use_sigmoid=True, loss_weight=1.0),
        loss_bbox=dict(type='L1Loss', loss_weight=1.0)),
    roi_head=dict(
        type='StandardRoIHead',
        bbox_roi_extractor=dict(
            type='SingleRoIExtractor',
            roi_layer=dict(type='RoIAlign', output_size=7, sampling_ratio=0),
            out_channels=256,
            featmap_strides=[4, 8, 16, 32]),
        bbox_head=dict(
            type='Shared2FCBBoxHead',
            in_channels=256,
            fc_out_channels=1024,
            roi_feat_size=7,
            num_classes=2,
            bbox_coder=dict(
                type='DeltaXYWHBBoxCoder',
                target_means=[0.0, 0.0, 0.0, 0.0],
                target_stds=[0.1, 0.1, 0.2, 0.2]),
            reg_class_agnostic=False,
            loss_cls=dict(
                type='CrossEntropyLoss', use_sigmoid=False, loss_weight=1.0),
            loss_bbox=dict(type='L1Loss', loss_weight=1.0))))
train_cfg = dict(
    rpn=dict(
        assigner=dict(
            type='MaxIoUAssigner',
            pos_iou_thr=0.7,
            neg_iou_thr=0.3,
            min_pos_iou=0.3,
            match_low_quality=True,
            ignore_iof_thr=-1),
        sampler=dict(
            type='RandomSampler',
            num=256,
            pos_fraction=0.5,
            neg_pos_ub=-1,
            add_gt_as_proposals=False),
        allowed_border=-1,
        pos_weight=-1,
        debug=False),
    rpn_proposal=dict(
        nms_across_levels=False,
        nms_pre=2000,
        nms_post=1000,
        max_num=1000,
        nms_thr=0.7,
        min_bbox_size=0),
    rcnn=dict(
        assigner=dict(
            type='MaxIoUAssigner',
            pos_iou_thr=0.5,
            neg_iou_thr=0.5,
            min_pos_iou=0.5,
            match_low_quality=False,
            ignore_iof_thr=-1),
        sampler=dict(
            type='RandomSampler',
            num=512,
            pos_fraction=0.25,
            neg_pos_ub=-1,
            add_gt_as_proposals=True),
        pos_weight=-1,
        debug=False))
test_cfg = dict(
    rpn=dict(
        nms_across_levels=False,
        nms_pre=1000,
        nms_post=1000,
        max_num=1000,
        nms_thr=0.7,
        min_bbox_size=0),
    rcnn=dict(
        score_thr=0.05,
        nms=dict(type='nms', iou_threshold=0.5),
        max_per_img=100))
dataset_type = 'CocoDataset'
data_root = 'data/coco/'
img_norm_cfg = dict(
    mean=[123.675, 116.28, 103.53], std=[58.395, 57.12, 57.375], to_rgb=True)
train_pipeline = [
    dict(type='LoadImageFromFile'),
    dict(type='LoadAnnotations', with_bbox=True),
    dict(type='Resize', img_scale=(1550, 1550), keep_ratio=True),
    dict(type='RandomFlip', flip_ratio=0.5),
    dict(
        type='Normalize',
        mean=[123.675, 116.28, 103.53],
        std=[58.395, 57.12, 57.375],
        to_rgb=True),
    dict(type='Pad', size_divisor=32),
    dict(type='DefaultFormatBundle'),
    dict(type='Collect', keys=['img', 'gt_bboxes', 'gt_labels'])
]
test_pipeline = [
    dict(type='LoadImageFromFile'),
    dict(
        type='MultiScaleFlipAug',
        img_scale=(1550, 1550),
        flip=False,
        transforms=[
            dict(type='Resize', keep_ratio=True),
            dict(type='RandomFlip'),
            dict(
                type='Normalize',
                mean=[123.675, 116.28, 103.53],
                std=[58.395, 57.12, 57.375],
                to_rgb=True),
            dict(type='Pad', size_divisor=32),
            dict(type='ImageToTensor', keys=['img']),
            dict(type='Collect', keys=['img'])
        ])
]
data = dict(
    samples_per_gpu=2,
    workers_per_gpu=2,
    train=dict(
        type='CocoDataset',
        ann_file='data/coco/annotations/annotations_trai.json',
        img_prefix='data/coco/img/',
        pipeline=[
            dict(type='LoadImageFromFile'),
            dict(type='LoadAnnotations', with_bbox=True),
            dict(type='Resize', img_scale=(1550, 1550), keep_ratio=True),
            dict(type='RandomFlip', flip_ratio=0.5),
            dict(
                type='Normalize',
                mean=[123.675, 116.28, 103.53],
                std=[58.395, 57.12, 57.375],
                to_rgb=True),
            dict(type='Pad', size_divisor=32),
            dict(type='DefaultFormatBundle'),
            dict(type='Collect', keys=['img', 'gt_bboxes', 'gt_labels'])
        ]),
    val=dict(
        type='CocoDataset',
        ann_file='data/coco/annotations/annotations_test.json',
        img_prefix='data/coco/img/',
        pipeline=[
            dict(type='LoadImageFromFile'),
            dict(
                type='MultiScaleFlipAug',
                img_scale=(1550, 1550),
                flip=False,
                transforms=[
                    dict(type='Resize', keep_ratio=True),
                    dict(type='RandomFlip'),
                    dict(
                        type='Normalize',
                        mean=[123.675, 116.28, 103.53],
                        std=[58.395, 57.12, 57.375],
                        to_rgb=True),
                    dict(type='Pad', size_divisor=32),
                    dict(type='ImageToTensor', keys=['img']),
                    dict(type='Collect', keys=['img'])
                ])
        ]),
    test=dict(
        type='CocoDataset',
        ann_file='data/coco/annotations/annotations_vals.json',
        img_prefix='data/coco/img/',
        pipeline=[
            dict(type='LoadImageFromFile'),
            dict(
                type='MultiScaleFlipAug',
                img_scale=(1550, 1550),
                flip=False,
                transforms=[
                    dict(type='Resize', keep_ratio=True),
                    dict(type='RandomFlip'),
                    dict(
                        type='Normalize',
                        mean=[123.675, 116.28, 103.53],
                        std=[58.395, 57.12, 57.375],
                        to_rgb=True),
                    dict(type='Pad', size_divisor=32),
                    dict(type='ImageToTensor', keys=['img']),
                    dict(type='Collect', keys=['img'])
                ])
        ]))
evaluation = dict(interval=1, metric='bbox')
optimizer = dict(type='SGD', lr=0.01, momentum=0.9, weight_decay=0.0001)
optimizer_config = dict(grad_clip=None)
lr_config = dict(
    policy='step',
    warmup='linear',
    warmup_iters=500,
    warmup_ratio=0.001,
    step=[8, 11])
total_epochs = 4
checkpoint_config = dict(interval=4)
log_config = dict(interval=100, hooks=[dict(type='TextLoggerHook')])
dist_params = dict(backend='nccl')
log_level = 'INFO'
load_from = '/home/admin/.cache/torch/checkpoints/X.pth'
resume_from = None
workflow = [('train', 2), ('val', 1)]
work_dir = '/home/admin/jupyter/SecurityAI_Round5/data/work'
gpu_ids = range(0, 1)

2020-11-17 20:09:33,267 - mmdet - INFO - load model from: torchvision://resnet50
2020-11-17 20:09:41,489 - mmdet - WARNING - The model and loaded state dict do not match exactly

unexpected key in source state_dict: fc.weight, fc.bias

2020-11-17 20:09:52,823 - mmdet - INFO - load checkpoint from /home/admin/.cache/torch/checkpoints/X.pth
2020-11-17 20:10:00,102 - mmdet - INFO - Start running, host: admin@fuxilabor_labor0_S4_Odps_S96_dsw_prepaid_cnsh_838_2020111707413, work_dir: /home/admin/jupyter/SecurityAI_Round5/data/work
2020-11-17 20:10:00,102 - mmdet - INFO - workflow: [('train', 2), ('val', 1)], max: 4 epochs
2020-11-17 20:11:18,005 - mmdet - INFO - Epoch [1][100/609]	lr: 1.988e-03, eta: 0:30:15, time: 0.777, data_time: 0.034, memory: 9227, loss_rpn_cls: 0.0406, loss_rpn_bbox: 0.0895, loss_cls: 0.1566, acc: 93.8340, loss_bbox: 0.2219, loss: 0.5086
2020-11-17 20:12:33,009 - mmdet - INFO - Epoch [1][200/609]	lr: 3.986e-03, eta: 0:28:27, time: 0.750, data_time: 0.012, memory: 9846, loss_rpn_cls: 0.0309, loss_rpn_bbox: 0.0736, loss_cls: 0.1373, acc: 94.7129, loss_bbox: 0.2135, loss: 0.4552
2020-11-17 20:13:47,538 - mmdet - INFO - Epoch [1][300/609]	lr: 5.984e-03, eta: 0:26:57, time: 0.745, data_time: 0.012, memory: 9965, loss_rpn_cls: 0.0354, loss_rpn_bbox: 0.0771, loss_cls: 0.1292, acc: 95.1465, loss_bbox: 0.2011, loss: 0.4429
2020-11-17 20:15:02,274 - mmdet - INFO - Epoch [1][400/609]	lr: 7.982e-03, eta: 0:25:37, time: 0.747, data_time: 0.012, memory: 9965, loss_rpn_cls: 0.0343, loss_rpn_bbox: 0.0829, loss_cls: 0.1489, acc: 94.1836, loss_bbox: 0.2197, loss: 0.4857
2020-11-17 20:16:17,266 - mmdet - INFO - Epoch [1][500/609]	lr: 9.980e-03, eta: 0:24:19, time: 0.750, data_time: 0.013, memory: 9965, loss_rpn_cls: 0.0392, loss_rpn_bbox: 0.0941, loss_cls: 0.1650, acc: 93.6865, loss_bbox: 0.2394, loss: 0.5378
2020-11-17 20:17:31,802 - mmdet - INFO - Epoch [1][600/609]	lr: 1.000e-02, eta: 0:23:01, time: 0.745, data_time: 0.012, memory: 9965, loss_rpn_cls: 0.0324, loss_rpn_bbox: 0.0902, loss_cls: 0.1531, acc: 94.1289, loss_bbox: 0.2377, loss: 0.5134
2020-11-17 20:18:03,451 - mmdet - INFO - Evaluating bbox...
2020-11-17 20:18:08,776 - mmdet - INFO - Epoch [1][609/609]	lr: 1.000e-02, bbox_mAP: 0.5870, bbox_mAP_50: 0.6930, bbox_mAP_75: 0.6100, bbox_mAP_s: 0.0960, bbox_mAP_m: 0.4170, bbox_mAP_l: 0.7160, bbox_mAP_copypaste: 0.587 0.693 0.610 0.096 0.417 0.716
2020-11-17 20:19:26,258 - mmdet - INFO - Epoch [2][100/609]	lr: 1.000e-02, eta: 0:21:28, time: 0.773, data_time: 0.035, memory: 9965, loss_rpn_cls: 0.0364, loss_rpn_bbox: 0.0932, loss_cls: 0.1592, acc: 93.8643, loss_bbox: 0.2317, loss: 0.5205
2020-11-17 20:20:41,069 - mmdet - INFO - Epoch [2][200/609]	lr: 1.000e-02, eta: 0:20:13, time: 0.748, data_time: 0.012, memory: 9965, loss_rpn_cls: 0.0372, loss_rpn_bbox: 0.0940, loss_cls: 0.1679, acc: 93.4033, loss_bbox: 0.2383, loss: 0.5375
2020-11-17 20:21:55,733 - mmdet - INFO - Epoch [2][300/609]	lr: 1.000e-02, eta: 0:18:59, time: 0.747, data_time: 0.013, memory: 9965, loss_rpn_cls: 0.0479, loss_rpn_bbox: 0.0971, loss_cls: 0.1675, acc: 93.7783, loss_bbox: 0.2265, loss: 0.5390
2020-11-17 20:23:10,431 - mmdet - INFO - Epoch [2][400/609]	lr: 1.000e-02, eta: 0:17:44, time: 0.747, data_time: 0.012, memory: 9965, loss_rpn_cls: 0.0397, loss_rpn_bbox: 0.0888, loss_cls: 0.1483, acc: 94.2988, loss_bbox: 0.2212, loss: 0.4981
2020-11-17 20:24:25,382 - mmdet - INFO - Epoch [2][500/609]	lr: 1.000e-02, eta: 0:16:30, time: 0.749, data_time: 0.013, memory: 9965, loss_rpn_cls: 0.0342, loss_rpn_bbox: 0.0893, loss_cls: 0.1635, acc: 93.7139, loss_bbox: 0.2390, loss: 0.5259
2020-11-17 20:25:40,434 - mmdet - INFO - Epoch [2][600/609]	lr: 1.000e-02, eta: 0:15:16, time: 0.750, data_time: 0.013, memory: 9965, loss_rpn_cls: 0.0362, loss_rpn_bbox: 0.0915, loss_cls: 0.1581, acc: 93.9756, loss_bbox: 0.2277, loss: 0.5134
2020-11-17 20:26:11,786 - mmdet - INFO - Evaluating bbox...
2020-11-17 20:26:17,143 - mmdet - INFO - Epoch [2][609/609]	lr: 1.000e-02, bbox_mAP: 0.5830, bbox_mAP_50: 0.7000, bbox_mAP_75: 0.6000, bbox_mAP_s: 0.0870, bbox_mAP_m: 0.3810, bbox_mAP_l: 0.6960, bbox_mAP_copypaste: 0.583 0.700 0.600 0.087 0.381 0.696
2020-11-17 20:26:47,951 - mmdet - INFO - Epoch(train) [2][76]	loss_rpn_cls: 0.0383, loss_rpn_bbox: 0.0910, loss_cls: 0.1588, acc: 94.0340, loss_bbox: 0.2116, loss: 0.4996
2020-11-17 20:28:05,065 - mmdet - INFO - Epoch [3][100/609]	lr: 1.000e-02, eta: 0:13:51, time: 0.769, data_time: 0.034, memory: 9965, loss_rpn_cls: 0.0356, loss_rpn_bbox: 0.0918, loss_cls: 0.1631, acc: 93.6865, loss_bbox: 0.2485, loss: 0.5391
2020-11-17 20:29:19,793 - mmdet - INFO - Epoch [3][200/609]	lr: 1.000e-02, eta: 0:12:37, time: 0.747, data_time: 0.013, memory: 9965, loss_rpn_cls: 0.0391, loss_rpn_bbox: 0.0879, loss_cls: 0.1475, acc: 94.3408, loss_bbox: 0.2190, loss: 0.4935
2020-11-17 20:30:34,467 - mmdet - INFO - Epoch [3][300/609]	lr: 1.000e-02, eta: 0:11:22, time: 0.747, data_time: 0.012, memory: 9965, loss_rpn_cls: 0.0356, loss_rpn_bbox: 0.0858, loss_cls: 0.1513, acc: 94.0322, loss_bbox: 0.2149, loss: 0.4876
2020-11-17 20:31:49,054 - mmdet - INFO - Epoch [3][400/609]	lr: 1.000e-02, eta: 0:10:08, time: 0.746, data_time: 0.013, memory: 9965, loss_rpn_cls: 0.0284, loss_rpn_bbox: 0.0844, loss_cls: 0.1417, acc: 94.5068, loss_bbox: 0.2155, loss: 0.4699
2020-11-17 20:33:03,772 - mmdet - INFO - Epoch [3][500/609]	lr: 1.000e-02, eta: 0:08:54, time: 0.747, data_time: 0.012, memory: 9965, loss_rpn_cls: 0.0408, loss_rpn_bbox: 0.0924, loss_cls: 0.1610, acc: 93.7539, loss_bbox: 0.2336, loss: 0.5278
2020-11-17 20:34:18,798 - mmdet - INFO - Epoch [3][600/609]	lr: 1.000e-02, eta: 0:07:40, time: 0.750, data_time: 0.013, memory: 9965, loss_rpn_cls: 0.0410, loss_rpn_bbox: 0.0937, loss_cls: 0.1555, acc: 94.1162, loss_bbox: 0.2216, loss: 0.5117
2020-11-17 20:34:50,194 - mmdet - INFO - Evaluating bbox...
2020-11-17 20:34:55,244 - mmdet - INFO - Epoch [3][609/609]	lr: 1.000e-02, bbox_mAP: 0.5740, bbox_mAP_50: 0.6880, bbox_mAP_75: 0.5880, bbox_mAP_s: 0.0820, bbox_mAP_m: 0.3960, bbox_mAP_l: 0.6870, bbox_mAP_copypaste: 0.574 0.688 0.588 0.082 0.396 0.687
2020-11-17 20:36:12,259 - mmdet - INFO - Epoch [4][100/609]	lr: 1.000e-02, eta: 0:06:17, time: 0.768, data_time: 0.034, memory: 9965, loss_rpn_cls: 0.0437, loss_rpn_bbox: 0.0905, loss_cls: 0.1616, acc: 93.6123, loss_bbox: 0.2488, loss: 0.5447
2020-11-17 20:37:26,934 - mmdet - INFO - Epoch [4][200/609]	lr: 1.000e-02, eta: 0:05:03, time: 0.747, data_time: 0.012, memory: 9965, loss_rpn_cls: 0.0415, loss_rpn_bbox: 0.0899, loss_cls: 0.1466, acc: 94.3047, loss_bbox: 0.2180, loss: 0.4960
2020-11-17 20:38:41,391 - mmdet - INFO - Epoch [4][300/609]	lr: 1.000e-02, eta: 0:03:49, time: 0.745, data_time: 0.012, memory: 9965, loss_rpn_cls: 0.0313, loss_rpn_bbox: 0.0831, loss_cls: 0.1350, acc: 94.8779, loss_bbox: 0.1945, loss: 0.4438
2020-11-17 20:39:56,441 - mmdet - INFO - Epoch [4][400/609]	lr: 1.000e-02, eta: 0:02:35, time: 0.750, data_time: 0.013, memory: 9965, loss_rpn_cls: 0.0264, loss_rpn_bbox: 0.0885, loss_cls: 0.1613, acc: 93.6318, loss_bbox: 0.2421, loss: 0.5184
2020-11-17 20:41:10,932 - mmdet - INFO - Epoch [4][500/609]	lr: 1.000e-02, eta: 0:01:20, time: 0.745, data_time: 0.013, memory: 9965, loss_rpn_cls: 0.0307, loss_rpn_bbox: 0.0850, loss_cls: 0.1529, acc: 94.2275, loss_bbox: 0.2283, loss: 0.4969
2020-11-17 20:42:25,792 - mmdet - INFO - Epoch [4][600/609]	lr: 1.000e-02, eta: 0:00:06, time: 0.749, data_time: 0.013, memory: 9965, loss_rpn_cls: 0.0385, loss_rpn_bbox: 0.0876, loss_cls: 0.1493, acc: 94.0996, loss_bbox: 0.2350, loss: 0.5104
2020-11-17 20:42:32,389 - mmdet - INFO - Saving checkpoint at 4 epochs
2020-11-17 20:42:58,927 - mmdet - INFO - Evaluating bbox...
2020-11-17 20:43:03,927 - mmdet - INFO - Epoch [4][609/609]	lr: 1.000e-02, bbox_mAP: 0.5610, bbox_mAP_50: 0.6640, bbox_mAP_75: 0.5760, bbox_mAP_s: 0.0800, bbox_mAP_m: 0.3370, bbox_mAP_l: 0.6710, bbox_mAP_copypaste: 0.561 0.664 0.576 0.080 0.337 0.671
2020-11-17 20:43:35,172 - mmdet - INFO - Epoch(train) [4][76]	loss_rpn_cls: 0.0563, loss_rpn_bbox: 0.0917, loss_cls: 0.1641, acc: 94.0083, loss_bbox: 0.2112, loss: 0.5233
