2020-11-21 04:56:18,909 - mmdet - INFO - Environment info:
------------------------------------------------------------
sys.platform: linux
Python: 3.6.4 |Anaconda, Inc.| (default, Jan 16 2018, 18:10:19) [GCC 7.2.0]
CUDA available: True
CUDA_HOME: /usr/local/cuda
NVCC: Cuda compilation tools, release 10.0, V10.0.130
GPU 0: Tesla P100-PCIE-16GB
GCC: gcc (GCC) 5.3.0
PyTorch: 1.3.1+cu100
PyTorch compiling details: PyTorch built with:
  - GCC 7.3
  - Intel(R) Math Kernel Library Version 2019.0.4 Product Build 20190411 for Intel(R) 64 architecture applications
  - Intel(R) MKL-DNN v0.20.5 (Git Hash 0125f28c61c1f822fd48570b4c1066f96fcb9b2e)
  - OpenMP 201511 (a.k.a. OpenMP 4.5)
  - NNPACK is enabled
  - CUDA Runtime 10.0
  - NVCC architecture flags: -gencode;arch=compute_37,code=sm_37;-gencode;arch=compute_50,code=sm_50;-gencode;arch=compute_60,code=sm_60;-gencode;arch=compute_61,code=sm_61;-gencode;arch=compute_70,code=sm_70;-gencode;arch=compute_75,code=sm_75;-gencode;arch=compute_37,code=compute_37
  - CuDNN 7.6.3
  - Magma 2.5.1
  - Build settings: BLAS=MKL, BUILD_NAMEDTENSOR=OFF, BUILD_TYPE=Release, CXX_FLAGS= -Wno-deprecated -fvisibility-inlines-hidden -fopenmp -DUSE_FBGEMM -DUSE_QNNPACK -DUSE_PYTORCH_QNNPACK -O2 -fPIC -Wno-narrowing -Wall -Wextra -Wno-missing-field-initializers -Wno-type-limits -Wno-array-bounds -Wno-unknown-pragmas -Wno-sign-compare -Wno-unused-parameter -Wno-unused-variable -Wno-unused-function -Wno-unused-result -Wno-strict-overflow -Wno-strict-aliasing -Wno-error=deprecated-declarations -Wno-stringop-overflow -Wno-error=pedantic -Wno-error=redundant-decls -Wno-error=old-style-cast -fdiagnostics-color=always -faligned-new -Wno-unused-but-set-variable -Wno-maybe-uninitialized -fno-math-errno -fno-trapping-math -Wno-stringop-overflow, DISABLE_NUMA=1, PERF_WITH_AVX=1, PERF_WITH_AVX2=1, PERF_WITH_AVX512=1, USE_CUDA=True, USE_EXCEPTION_PTR=1, USE_GFLAGS=OFF, USE_GLOG=OFF, USE_MKL=ON, USE_MKLDNN=ON, USE_MPI=OFF, USE_NCCL=ON, USE_NNPACK=ON, USE_OPENMP=ON, USE_STATIC_DISPATCH=OFF, 

TorchVision: 0.4.2+cu100
OpenCV: 4.4.0
MMCV: 1.0.5
MMDetection: 2.3.0+788fa8d
MMDetection Compiler: GCC 7.3
MMDetection CUDA Compiler: 10.0
------------------------------------------------------------

2020-11-21 04:56:18,909 - mmdet - INFO - Distributed training: False
2020-11-21 04:56:19,309 - mmdet - INFO - Config:
model = dict(
    type='FasterRCNN',
    pretrained='torchvision://resnet50',
    backbone=dict(
        type='ResNet',
        depth=50,
        num_stages=4,
        out_indices=(0, 1, 2, 3),
        frozen_stages=1,
        norm_cfg=dict(type='BN', requires_grad=True),
        norm_eval=True,
        style='pytorch'),
    neck=dict(
        type='FPN',
        in_channels=[256, 512, 1024, 2048],
        out_channels=256,
        num_outs=5),
    rpn_head=dict(
        type='RPNHead',
        in_channels=256,
        feat_channels=256,
        anchor_generator=dict(
            type='AnchorGenerator',
            scales=[8],
            ratios=[0.5, 1.0, 2.0],
            strides=[4, 8, 16, 32, 64]),
        bbox_coder=dict(
            type='DeltaXYWHBBoxCoder',
            target_means=[0.0, 0.0, 0.0, 0.0],
            target_stds=[1.0, 1.0, 1.0, 1.0]),
        loss_cls=dict(
            type='CrossEntropyLoss', use_sigmoid=True, loss_weight=1.0),
        loss_bbox=dict(type='L1Loss', loss_weight=1.0)),
    roi_head=dict(
        type='StandardRoIHead',
        bbox_roi_extractor=dict(
            type='SingleRoIExtractor',
            roi_layer=dict(type='RoIAlign', output_size=7, sampling_ratio=0),
            out_channels=256,
            featmap_strides=[4, 8, 16, 32]),
        bbox_head=dict(
            type='Shared2FCBBoxHead',
            in_channels=256,
            fc_out_channels=1024,
            roi_feat_size=7,
            num_classes=2,
            bbox_coder=dict(
                type='DeltaXYWHBBoxCoder',
                target_means=[0.0, 0.0, 0.0, 0.0],
                target_stds=[0.1, 0.1, 0.2, 0.2]),
            reg_class_agnostic=False,
            loss_cls=dict(
                type='CrossEntropyLoss', use_sigmoid=False, loss_weight=1.0),
            loss_bbox=dict(type='L1Loss', loss_weight=1.0))))
train_cfg = dict(
    rpn=dict(
        assigner=dict(
            type='MaxIoUAssigner',
            pos_iou_thr=0.7,
            neg_iou_thr=0.3,
            min_pos_iou=0.3,
            match_low_quality=True,
            ignore_iof_thr=-1),
        sampler=dict(
            type='RandomSampler',
            num=256,
            pos_fraction=0.5,
            neg_pos_ub=-1,
            add_gt_as_proposals=False),
        allowed_border=-1,
        pos_weight=-1,
        debug=False),
    rpn_proposal=dict(
        nms_across_levels=False,
        nms_pre=2000,
        nms_post=1000,
        max_num=1000,
        nms_thr=0.7,
        min_bbox_size=0),
    rcnn=dict(
        assigner=dict(
            type='MaxIoUAssigner',
            pos_iou_thr=0.5,
            neg_iou_thr=0.5,
            min_pos_iou=0.5,
            match_low_quality=False,
            ignore_iof_thr=-1),
        sampler=dict(
            type='RandomSampler',
            num=512,
            pos_fraction=0.25,
            neg_pos_ub=-1,
            add_gt_as_proposals=True),
        pos_weight=-1,
        debug=False))
test_cfg = dict(
    rpn=dict(
        nms_across_levels=False,
        nms_pre=1000,
        nms_post=1000,
        max_num=1000,
        nms_thr=0.7,
        min_bbox_size=0),
    rcnn=dict(
        score_thr=0.05,
        nms=dict(type='nms', iou_threshold=0.5),
        max_per_img=100))
dataset_type = 'CocoDataset'
data_root = 'data/coco/'
img_norm_cfg = dict(
    mean=[123.675, 116.28, 103.53], std=[58.395, 57.12, 57.375], to_rgb=True)
train_pipeline = [
    dict(type='LoadImageFromFile'),
    dict(type='LoadAnnotations', with_bbox=True),
    dict(type='Resize', img_scale=(1550, 1550), keep_ratio=True),
    dict(type='RandomFlip', flip_ratio=0.5),
    dict(
        type='Normalize',
        mean=[123.675, 116.28, 103.53],
        std=[58.395, 57.12, 57.375],
        to_rgb=True),
    dict(type='Pad', size_divisor=32),
    dict(type='DefaultFormatBundle'),
    dict(type='Collect', keys=['img', 'gt_bboxes', 'gt_labels'])
]
test_pipeline = [
    dict(type='LoadImageFromFile'),
    dict(
        type='MultiScaleFlipAug',
        img_scale=(1550, 1550),
        flip=False,
        transforms=[
            dict(type='Resize', keep_ratio=True),
            dict(type='RandomFlip'),
            dict(
                type='Normalize',
                mean=[123.675, 116.28, 103.53],
                std=[58.395, 57.12, 57.375],
                to_rgb=True),
            dict(type='Pad', size_divisor=32),
            dict(type='ImageToTensor', keys=['img']),
            dict(type='Collect', keys=['img'])
        ])
]
data = dict(
    samples_per_gpu=2,
    workers_per_gpu=2,
    train=dict(
        type='CocoDataset',
        ann_file='data/coco/annotations/annotations_trai.json',
        img_prefix='data/coco/img/',
        pipeline=[
            dict(type='LoadImageFromFile'),
            dict(type='LoadAnnotations', with_bbox=True),
            dict(type='Resize', img_scale=(1550, 1550), keep_ratio=True),
            dict(type='RandomFlip', flip_ratio=0.5),
            dict(
                type='Normalize',
                mean=[123.675, 116.28, 103.53],
                std=[58.395, 57.12, 57.375],
                to_rgb=True),
            dict(type='Pad', size_divisor=32),
            dict(type='DefaultFormatBundle'),
            dict(type='Collect', keys=['img', 'gt_bboxes', 'gt_labels'])
        ]),
    val=dict(
        type='CocoDataset',
        ann_file='data/coco/annotations/annotations_test.json',
        img_prefix='data/coco/img/',
        pipeline=[
            dict(type='LoadImageFromFile'),
            dict(
                type='MultiScaleFlipAug',
                img_scale=(1550, 1550),
                flip=False,
                transforms=[
                    dict(type='Resize', keep_ratio=True),
                    dict(type='RandomFlip'),
                    dict(
                        type='Normalize',
                        mean=[123.675, 116.28, 103.53],
                        std=[58.395, 57.12, 57.375],
                        to_rgb=True),
                    dict(type='Pad', size_divisor=32),
                    dict(type='ImageToTensor', keys=['img']),
                    dict(type='Collect', keys=['img'])
                ])
        ]),
    test=dict(
        type='CocoDataset',
        ann_file='data/coco/annotations/annotations_vals.json',
        img_prefix='data/coco/img/',
        pipeline=[
            dict(type='LoadImageFromFile'),
            dict(
                type='MultiScaleFlipAug',
                img_scale=(1550, 1550),
                flip=False,
                transforms=[
                    dict(type='Resize', keep_ratio=True),
                    dict(type='RandomFlip'),
                    dict(
                        type='Normalize',
                        mean=[123.675, 116.28, 103.53],
                        std=[58.395, 57.12, 57.375],
                        to_rgb=True),
                    dict(type='Pad', size_divisor=32),
                    dict(type='ImageToTensor', keys=['img']),
                    dict(type='Collect', keys=['img'])
                ])
        ]))
evaluation = dict(interval=1, metric='bbox')
optimizer = dict(type='SGD', lr=0.01, momentum=0.9, weight_decay=0.0001)
optimizer_config = dict(grad_clip=None)
lr_config = dict(
    policy='step',
    warmup='linear',
    warmup_iters=500,
    warmup_ratio=0.001,
    step=[8, 11])
total_epochs = 4
checkpoint_config = dict(interval=4)
log_config = dict(interval=100, hooks=[dict(type='TextLoggerHook')])
dist_params = dict(backend='nccl')
log_level = 'INFO'
load_from = '/home/admin/.cache/torch/checkpoints/X.pth'
resume_from = None
workflow = [('train', 2), ('val', 1)]
work_dir = '/home/admin/jupyter/SecurityAI_Round5/data/work'
gpu_ids = range(0, 1)

2020-11-21 04:56:19,816 - mmdet - INFO - load model from: torchvision://resnet50
2020-11-21 04:56:27,872 - mmdet - WARNING - The model and loaded state dict do not match exactly

unexpected key in source state_dict: fc.weight, fc.bias

2020-11-21 04:56:38,378 - mmdet - INFO - load checkpoint from /home/admin/.cache/torch/checkpoints/X.pth
2020-11-21 04:56:44,941 - mmdet - INFO - Start running, host: admin@fuxilabor_labor0_S4_Odps_S96_dsw_prepaid_cnsh_838_2020112019152, work_dir: /home/admin/jupyter/SecurityAI_Round5/data/work
2020-11-21 04:56:44,941 - mmdet - INFO - workflow: [('train', 2), ('val', 1)], max: 4 epochs
2020-11-21 04:58:02,476 - mmdet - INFO - Epoch [1][100/610]	lr: 1.988e-03, eta: 0:30:09, time: 0.773, data_time: 0.034, memory: 8106, loss_rpn_cls: 0.0090, loss_rpn_bbox: 0.0402, loss_cls: 0.0510, acc: 98.0020, loss_bbox: 0.0983, loss: 0.1985
2020-11-21 04:59:17,516 - mmdet - INFO - Epoch [1][200/610]	lr: 3.986e-03, eta: 0:28:26, time: 0.750, data_time: 0.012, memory: 9842, loss_rpn_cls: 0.0054, loss_rpn_bbox: 0.0327, loss_cls: 0.0435, acc: 98.2197, loss_bbox: 0.0891, loss: 0.1707
2020-11-21 05:00:32,480 - mmdet - INFO - Epoch [1][300/610]	lr: 5.984e-03, eta: 0:27:01, time: 0.750, data_time: 0.012, memory: 10046, loss_rpn_cls: 0.0048, loss_rpn_bbox: 0.0345, loss_cls: 0.0434, acc: 98.1826, loss_bbox: 0.0898, loss: 0.1725
2020-11-21 05:01:47,018 - mmdet - INFO - Epoch [1][400/610]	lr: 7.982e-03, eta: 0:25:39, time: 0.745, data_time: 0.012, memory: 10046, loss_rpn_cls: 0.0048, loss_rpn_bbox: 0.0330, loss_cls: 0.0428, acc: 98.3115, loss_bbox: 0.0837, loss: 0.1642
2020-11-21 05:03:01,940 - mmdet - INFO - Epoch [1][500/610]	lr: 9.980e-03, eta: 0:24:21, time: 0.749, data_time: 0.013, memory: 10046, loss_rpn_cls: 0.0036, loss_rpn_bbox: 0.0397, loss_cls: 0.0393, acc: 98.3691, loss_bbox: 0.0949, loss: 0.1775
2020-11-21 05:04:17,079 - mmdet - INFO - Epoch [1][600/610]	lr: 1.000e-02, eta: 0:23:05, time: 0.751, data_time: 0.012, memory: 11907, loss_rpn_cls: 0.0053, loss_rpn_bbox: 0.0386, loss_cls: 0.0482, acc: 97.9736, loss_bbox: 0.0993, loss: 0.1914
2020-11-21 05:04:53,470 - mmdet - INFO - Evaluating bbox...
2020-11-21 05:04:55,661 - mmdet - INFO - Epoch [1][610/610]	lr: 1.000e-02, bbox_mAP: 0.8250, bbox_mAP_50: 0.9020, bbox_mAP_75: 0.8870, bbox_mAP_s: 0.5320, bbox_mAP_m: 0.8360, bbox_mAP_l: 0.8910, bbox_mAP_copypaste: 0.825 0.902 0.887 0.532 0.836 0.891
2020-11-21 05:06:13,047 - mmdet - INFO - Epoch [2][100/610]	lr: 1.000e-02, eta: 0:21:29, time: 0.772, data_time: 0.033, memory: 11907, loss_rpn_cls: 0.0050, loss_rpn_bbox: 0.0414, loss_cls: 0.0473, acc: 98.0879, loss_bbox: 0.1019, loss: 0.1957
2020-11-21 05:07:27,982 - mmdet - INFO - Epoch [2][200/610]	lr: 1.000e-02, eta: 0:20:15, time: 0.749, data_time: 0.012, memory: 11907, loss_rpn_cls: 0.0076, loss_rpn_bbox: 0.0428, loss_cls: 0.0605, acc: 97.5850, loss_bbox: 0.1091, loss: 0.2200
2020-11-21 05:08:42,631 - mmdet - INFO - Epoch [2][300/610]	lr: 1.000e-02, eta: 0:19:01, time: 0.746, data_time: 0.012, memory: 11907, loss_rpn_cls: 0.0057, loss_rpn_bbox: 0.0414, loss_cls: 0.0426, acc: 98.3203, loss_bbox: 0.0928, loss: 0.1826
2020-11-21 05:09:57,308 - mmdet - INFO - Epoch [2][400/610]	lr: 1.000e-02, eta: 0:17:46, time: 0.747, data_time: 0.012, memory: 11907, loss_rpn_cls: 0.0052, loss_rpn_bbox: 0.0400, loss_cls: 0.0404, acc: 98.3389, loss_bbox: 0.0900, loss: 0.1755
2020-11-21 05:11:11,997 - mmdet - INFO - Epoch [2][500/610]	lr: 1.000e-02, eta: 0:16:32, time: 0.747, data_time: 0.012, memory: 11907, loss_rpn_cls: 0.0050, loss_rpn_bbox: 0.0386, loss_cls: 0.0453, acc: 98.1895, loss_bbox: 0.0942, loss: 0.1832
2020-11-21 05:12:26,844 - mmdet - INFO - Epoch [2][600/610]	lr: 1.000e-02, eta: 0:15:17, time: 0.748, data_time: 0.012, memory: 11907, loss_rpn_cls: 0.0049, loss_rpn_bbox: 0.0390, loss_cls: 0.0442, acc: 98.1436, loss_bbox: 0.0946, loss: 0.1827
2020-11-21 05:13:03,151 - mmdet - INFO - Evaluating bbox...
2020-11-21 05:13:05,236 - mmdet - INFO - Epoch [2][610/610]	lr: 1.000e-02, bbox_mAP: 0.8180, bbox_mAP_50: 0.8970, bbox_mAP_75: 0.8820, bbox_mAP_s: 0.5170, bbox_mAP_m: 0.8170, bbox_mAP_l: 0.8880, bbox_mAP_copypaste: 0.818 0.897 0.882 0.517 0.817 0.888
2020-11-21 05:13:40,901 - mmdet - INFO - Epoch(train) [2][90]	loss_rpn_cls: 0.0056, loss_rpn_bbox: 0.0419, loss_cls: 0.0539, acc: 97.8342, loss_bbox: 0.1027, loss: 0.2041
2020-11-21 05:14:58,045 - mmdet - INFO - Epoch [3][100/610]	lr: 1.000e-02, eta: 0:13:51, time: 0.769, data_time: 0.033, memory: 11907, loss_rpn_cls: 0.0035, loss_rpn_bbox: 0.0382, loss_cls: 0.0374, acc: 98.4980, loss_bbox: 0.0927, loss: 0.1718
2020-11-21 05:16:12,976 - mmdet - INFO - Epoch [3][200/610]	lr: 1.000e-02, eta: 0:12:37, time: 0.749, data_time: 0.014, memory: 11907, loss_rpn_cls: 0.0054, loss_rpn_bbox: 0.0411, loss_cls: 0.0512, acc: 97.8574, loss_bbox: 0.1055, loss: 0.2032
2020-11-21 05:17:27,641 - mmdet - INFO - Epoch [3][300/610]	lr: 1.000e-02, eta: 0:11:23, time: 0.747, data_time: 0.012, memory: 11907, loss_rpn_cls: 0.0034, loss_rpn_bbox: 0.0375, loss_cls: 0.0401, acc: 98.3613, loss_bbox: 0.0956, loss: 0.1765
2020-11-21 05:18:42,419 - mmdet - INFO - Epoch [3][400/610]	lr: 1.000e-02, eta: 0:10:09, time: 0.748, data_time: 0.012, memory: 11907, loss_rpn_cls: 0.0046, loss_rpn_bbox: 0.0377, loss_cls: 0.0442, acc: 98.1191, loss_bbox: 0.0958, loss: 0.1823
2020-11-21 05:19:57,198 - mmdet - INFO - Epoch [3][500/610]	lr: 1.000e-02, eta: 0:08:55, time: 0.748, data_time: 0.012, memory: 11907, loss_rpn_cls: 0.0026, loss_rpn_bbox: 0.0386, loss_cls: 0.0424, acc: 98.2197, loss_bbox: 0.0939, loss: 0.1775
2020-11-21 05:21:11,981 - mmdet - INFO - Epoch [3][600/610]	lr: 1.000e-02, eta: 0:07:41, time: 0.748, data_time: 0.012, memory: 11907, loss_rpn_cls: 0.0038, loss_rpn_bbox: 0.0370, loss_cls: 0.0402, acc: 98.3545, loss_bbox: 0.0888, loss: 0.1698
2020-11-21 05:21:48,205 - mmdet - INFO - Evaluating bbox...
2020-11-21 05:21:50,407 - mmdet - INFO - Epoch [3][610/610]	lr: 1.000e-02, bbox_mAP: 0.8300, bbox_mAP_50: 0.9020, bbox_mAP_75: 0.8880, bbox_mAP_s: 0.5470, bbox_mAP_m: 0.8390, bbox_mAP_l: 0.8920, bbox_mAP_copypaste: 0.830 0.902 0.888 0.547 0.839 0.892
2020-11-21 05:23:07,721 - mmdet - INFO - Epoch [4][100/610]	lr: 1.000e-02, eta: 0:06:18, time: 0.771, data_time: 0.034, memory: 11907, loss_rpn_cls: 0.0032, loss_rpn_bbox: 0.0376, loss_cls: 0.0404, acc: 98.3076, loss_bbox: 0.0964, loss: 0.1776
2020-11-21 05:24:22,669 - mmdet - INFO - Epoch [4][200/610]	lr: 1.000e-02, eta: 0:05:04, time: 0.749, data_time: 0.012, memory: 11907, loss_rpn_cls: 0.0054, loss_rpn_bbox: 0.0419, loss_cls: 0.0394, acc: 98.4248, loss_bbox: 0.0973, loss: 0.1841
2020-11-21 05:25:37,497 - mmdet - INFO - Epoch [4][300/610]	lr: 1.000e-02, eta: 0:03:50, time: 0.748, data_time: 0.012, memory: 11907, loss_rpn_cls: 0.0034, loss_rpn_bbox: 0.0359, loss_cls: 0.0412, acc: 98.3086, loss_bbox: 0.0884, loss: 0.1689
2020-11-21 05:26:52,280 - mmdet - INFO - Epoch [4][400/610]	lr: 1.000e-02, eta: 0:02:35, time: 0.748, data_time: 0.012, memory: 11907, loss_rpn_cls: 0.0033, loss_rpn_bbox: 0.0378, loss_cls: 0.0413, acc: 98.2686, loss_bbox: 0.0904, loss: 0.1728
2020-11-21 05:28:07,051 - mmdet - INFO - Epoch [4][500/610]	lr: 1.000e-02, eta: 0:01:21, time: 0.748, data_time: 0.012, memory: 11907, loss_rpn_cls: 0.0038, loss_rpn_bbox: 0.0377, loss_cls: 0.0444, acc: 98.1768, loss_bbox: 0.0912, loss: 0.1770
2020-11-21 05:29:22,534 - mmdet - INFO - Epoch [4][600/610]	lr: 1.000e-02, eta: 0:00:07, time: 0.755, data_time: 0.012, memory: 11907, loss_rpn_cls: 0.0037, loss_rpn_bbox: 0.0382, loss_cls: 0.0406, acc: 98.3740, loss_bbox: 0.0920, loss: 0.1746
2020-11-21 05:29:29,902 - mmdet - INFO - Saving checkpoint at 4 epochs
2020-11-21 05:30:00,670 - mmdet - INFO - Evaluating bbox...
2020-11-21 05:30:02,838 - mmdet - INFO - Epoch [4][610/610]	lr: 1.000e-02, bbox_mAP: 0.8340, bbox_mAP_50: 0.9060, bbox_mAP_75: 0.8970, bbox_mAP_s: 0.5520, bbox_mAP_m: 0.8480, bbox_mAP_l: 0.8980, bbox_mAP_copypaste: 0.834 0.906 0.897 0.552 0.848 0.898
2020-11-21 05:30:38,476 - mmdet - INFO - Epoch(train) [4][90]	loss_rpn_cls: 0.0046, loss_rpn_bbox: 0.0392, loss_cls: 0.0454, acc: 98.1532, loss_bbox: 0.0930, loss: 0.1822
