2020-11-21 16:10:45,708 - mmdet - INFO - Environment info:
------------------------------------------------------------
sys.platform: linux
Python: 3.6.4 |Anaconda, Inc.| (default, Jan 16 2018, 18:10:19) [GCC 7.2.0]
CUDA available: True
CUDA_HOME: /usr/local/cuda
NVCC: Cuda compilation tools, release 10.0, V10.0.130
GPU 0: Tesla P100-PCIE-16GB
GCC: gcc (GCC) 5.3.0
PyTorch: 1.3.1+cu100
PyTorch compiling details: PyTorch built with:
  - GCC 7.3
  - Intel(R) Math Kernel Library Version 2019.0.4 Product Build 20190411 for Intel(R) 64 architecture applications
  - Intel(R) MKL-DNN v0.20.5 (Git Hash 0125f28c61c1f822fd48570b4c1066f96fcb9b2e)
  - OpenMP 201511 (a.k.a. OpenMP 4.5)
  - NNPACK is enabled
  - CUDA Runtime 10.0
  - NVCC architecture flags: -gencode;arch=compute_37,code=sm_37;-gencode;arch=compute_50,code=sm_50;-gencode;arch=compute_60,code=sm_60;-gencode;arch=compute_61,code=sm_61;-gencode;arch=compute_70,code=sm_70;-gencode;arch=compute_75,code=sm_75;-gencode;arch=compute_37,code=compute_37
  - CuDNN 7.6.3
  - Magma 2.5.1
  - Build settings: BLAS=MKL, BUILD_NAMEDTENSOR=OFF, BUILD_TYPE=Release, CXX_FLAGS= -Wno-deprecated -fvisibility-inlines-hidden -fopenmp -DUSE_FBGEMM -DUSE_QNNPACK -DUSE_PYTORCH_QNNPACK -O2 -fPIC -Wno-narrowing -Wall -Wextra -Wno-missing-field-initializers -Wno-type-limits -Wno-array-bounds -Wno-unknown-pragmas -Wno-sign-compare -Wno-unused-parameter -Wno-unused-variable -Wno-unused-function -Wno-unused-result -Wno-strict-overflow -Wno-strict-aliasing -Wno-error=deprecated-declarations -Wno-stringop-overflow -Wno-error=pedantic -Wno-error=redundant-decls -Wno-error=old-style-cast -fdiagnostics-color=always -faligned-new -Wno-unused-but-set-variable -Wno-maybe-uninitialized -fno-math-errno -fno-trapping-math -Wno-stringop-overflow, DISABLE_NUMA=1, PERF_WITH_AVX=1, PERF_WITH_AVX2=1, PERF_WITH_AVX512=1, USE_CUDA=True, USE_EXCEPTION_PTR=1, USE_GFLAGS=OFF, USE_GLOG=OFF, USE_MKL=ON, USE_MKLDNN=ON, USE_MPI=OFF, USE_NCCL=ON, USE_NNPACK=ON, USE_OPENMP=ON, USE_STATIC_DISPATCH=OFF, 

TorchVision: 0.4.2+cu100
OpenCV: 4.4.0
MMCV: 1.0.5
MMDetection: 2.3.0+788fa8d
MMDetection Compiler: GCC 7.3
MMDetection CUDA Compiler: 10.0
------------------------------------------------------------

2020-11-21 16:10:45,708 - mmdet - INFO - Distributed training: False
2020-11-21 16:10:46,107 - mmdet - INFO - Config:
model = dict(
    type='FasterRCNN',
    pretrained='torchvision://resnet50',
    backbone=dict(
        type='ResNet',
        depth=50,
        num_stages=4,
        out_indices=(0, 1, 2, 3),
        frozen_stages=1,
        norm_cfg=dict(type='BN', requires_grad=True),
        norm_eval=True,
        style='pytorch'),
    neck=dict(
        type='FPN',
        in_channels=[256, 512, 1024, 2048],
        out_channels=256,
        num_outs=5),
    rpn_head=dict(
        type='RPNHead',
        in_channels=256,
        feat_channels=256,
        anchor_generator=dict(
            type='AnchorGenerator',
            scales=[8],
            ratios=[0.5, 1.0, 2.0],
            strides=[4, 8, 16, 32, 64]),
        bbox_coder=dict(
            type='DeltaXYWHBBoxCoder',
            target_means=[0.0, 0.0, 0.0, 0.0],
            target_stds=[1.0, 1.0, 1.0, 1.0]),
        loss_cls=dict(
            type='CrossEntropyLoss', use_sigmoid=True, loss_weight=1.0),
        loss_bbox=dict(type='L1Loss', loss_weight=1.0)),
    roi_head=dict(
        type='StandardRoIHead',
        bbox_roi_extractor=dict(
            type='SingleRoIExtractor',
            roi_layer=dict(type='RoIAlign', output_size=7, sampling_ratio=0),
            out_channels=256,
            featmap_strides=[4, 8, 16, 32]),
        bbox_head=dict(
            type='Shared2FCBBoxHead',
            in_channels=256,
            fc_out_channels=1024,
            roi_feat_size=7,
            num_classes=2,
            bbox_coder=dict(
                type='DeltaXYWHBBoxCoder',
                target_means=[0.0, 0.0, 0.0, 0.0],
                target_stds=[0.1, 0.1, 0.2, 0.2]),
            reg_class_agnostic=False,
            loss_cls=dict(
                type='CrossEntropyLoss', use_sigmoid=False, loss_weight=1.0),
            loss_bbox=dict(type='L1Loss', loss_weight=1.0))))
train_cfg = dict(
    rpn=dict(
        assigner=dict(
            type='MaxIoUAssigner',
            pos_iou_thr=0.7,
            neg_iou_thr=0.3,
            min_pos_iou=0.3,
            match_low_quality=True,
            ignore_iof_thr=-1),
        sampler=dict(
            type='RandomSampler',
            num=256,
            pos_fraction=0.5,
            neg_pos_ub=-1,
            add_gt_as_proposals=False),
        allowed_border=-1,
        pos_weight=-1,
        debug=False),
    rpn_proposal=dict(
        nms_across_levels=False,
        nms_pre=2000,
        nms_post=1000,
        max_num=1000,
        nms_thr=0.7,
        min_bbox_size=0),
    rcnn=dict(
        assigner=dict(
            type='MaxIoUAssigner',
            pos_iou_thr=0.5,
            neg_iou_thr=0.5,
            min_pos_iou=0.5,
            match_low_quality=False,
            ignore_iof_thr=-1),
        sampler=dict(
            type='RandomSampler',
            num=512,
            pos_fraction=0.25,
            neg_pos_ub=-1,
            add_gt_as_proposals=True),
        pos_weight=-1,
        debug=False))
test_cfg = dict(
    rpn=dict(
        nms_across_levels=False,
        nms_pre=1000,
        nms_post=1000,
        max_num=1000,
        nms_thr=0.7,
        min_bbox_size=0),
    rcnn=dict(
        score_thr=0.05,
        nms=dict(type='nms', iou_threshold=0.5),
        max_per_img=100))
dataset_type = 'CocoDataset'
data_root = 'data/coco/'
img_norm_cfg = dict(
    mean=[123.675, 116.28, 103.53], std=[58.395, 57.12, 57.375], to_rgb=True)
train_pipeline = [
    dict(type='LoadImageFromFile'),
    dict(type='LoadAnnotations', with_bbox=True),
    dict(type='Resize', img_scale=(1550, 1550), keep_ratio=True),
    dict(type='RandomFlip', flip_ratio=0.5),
    dict(
        type='Normalize',
        mean=[123.675, 116.28, 103.53],
        std=[58.395, 57.12, 57.375],
        to_rgb=True),
    dict(type='Pad', size_divisor=32),
    dict(type='DefaultFormatBundle'),
    dict(type='Collect', keys=['img', 'gt_bboxes', 'gt_labels'])
]
test_pipeline = [
    dict(type='LoadImageFromFile'),
    dict(
        type='MultiScaleFlipAug',
        img_scale=(1550, 1550),
        flip=False,
        transforms=[
            dict(type='Resize', keep_ratio=True),
            dict(type='RandomFlip'),
            dict(
                type='Normalize',
                mean=[123.675, 116.28, 103.53],
                std=[58.395, 57.12, 57.375],
                to_rgb=True),
            dict(type='Pad', size_divisor=32),
            dict(type='ImageToTensor', keys=['img']),
            dict(type='Collect', keys=['img'])
        ])
]
data = dict(
    samples_per_gpu=2,
    workers_per_gpu=2,
    train=dict(
        type='CocoDataset',
        ann_file='data/coco/annotations/annotations_trai.json',
        img_prefix='data/coco/img/',
        pipeline=[
            dict(type='LoadImageFromFile'),
            dict(type='LoadAnnotations', with_bbox=True),
            dict(type='Resize', img_scale=(1550, 1550), keep_ratio=True),
            dict(type='RandomFlip', flip_ratio=0.5),
            dict(
                type='Normalize',
                mean=[123.675, 116.28, 103.53],
                std=[58.395, 57.12, 57.375],
                to_rgb=True),
            dict(type='Pad', size_divisor=32),
            dict(type='DefaultFormatBundle'),
            dict(type='Collect', keys=['img', 'gt_bboxes', 'gt_labels'])
        ]),
    val=dict(
        type='CocoDataset',
        ann_file='data/coco/annotations/annotations_test.json',
        img_prefix='data/coco/img/',
        pipeline=[
            dict(type='LoadImageFromFile'),
            dict(
                type='MultiScaleFlipAug',
                img_scale=(1550, 1550),
                flip=False,
                transforms=[
                    dict(type='Resize', keep_ratio=True),
                    dict(type='RandomFlip'),
                    dict(
                        type='Normalize',
                        mean=[123.675, 116.28, 103.53],
                        std=[58.395, 57.12, 57.375],
                        to_rgb=True),
                    dict(type='Pad', size_divisor=32),
                    dict(type='ImageToTensor', keys=['img']),
                    dict(type='Collect', keys=['img'])
                ])
        ]),
    test=dict(
        type='CocoDataset',
        ann_file='data/coco/annotations/annotations_vals.json',
        img_prefix='data/coco/img/',
        pipeline=[
            dict(type='LoadImageFromFile'),
            dict(
                type='MultiScaleFlipAug',
                img_scale=(1550, 1550),
                flip=False,
                transforms=[
                    dict(type='Resize', keep_ratio=True),
                    dict(type='RandomFlip'),
                    dict(
                        type='Normalize',
                        mean=[123.675, 116.28, 103.53],
                        std=[58.395, 57.12, 57.375],
                        to_rgb=True),
                    dict(type='Pad', size_divisor=32),
                    dict(type='ImageToTensor', keys=['img']),
                    dict(type='Collect', keys=['img'])
                ])
        ]))
evaluation = dict(interval=1, metric='bbox')
optimizer = dict(type='SGD', lr=0.01, momentum=0.9, weight_decay=0.0001)
optimizer_config = dict(grad_clip=None)
lr_config = dict(
    policy='step',
    warmup='linear',
    warmup_iters=500,
    warmup_ratio=0.001,
    step=[8, 11])
total_epochs = 4
checkpoint_config = dict(interval=4)
log_config = dict(interval=100, hooks=[dict(type='TextLoggerHook')])
dist_params = dict(backend='nccl')
log_level = 'INFO'
load_from = '/home/admin/.cache/torch/checkpoints/X.pth'
resume_from = None
workflow = [('train', 2), ('val', 1)]
work_dir = '/home/admin/jupyter/SecurityAI_Round5/data/work'
gpu_ids = range(0, 1)

2020-11-21 16:10:46,612 - mmdet - INFO - load model from: torchvision://resnet50
2020-11-21 16:10:54,472 - mmdet - WARNING - The model and loaded state dict do not match exactly

unexpected key in source state_dict: fc.weight, fc.bias

2020-11-21 16:11:04,794 - mmdet - INFO - load checkpoint from /home/admin/.cache/torch/checkpoints/X.pth
2020-11-21 16:11:11,494 - mmdet - INFO - Start running, host: admin@fuxilabor_labor0_S4_Odps_S96_dsw_prepaid_cnsh_838_2020112106175, work_dir: /home/admin/jupyter/SecurityAI_Round5/data/work
2020-11-21 16:11:11,494 - mmdet - INFO - workflow: [('train', 2), ('val', 1)], max: 4 epochs
2020-11-21 16:12:29,703 - mmdet - INFO - Epoch [1][100/617]	lr: 1.988e-03, eta: 0:30:47, time: 0.780, data_time: 0.034, memory: 10046, loss_rpn_cls: 0.0057, loss_rpn_bbox: 0.0304, loss_cls: 0.0320, acc: 98.6865, loss_bbox: 0.0795, loss: 0.1477
2020-11-21 16:13:44,655 - mmdet - INFO - Epoch [1][200/617]	lr: 3.986e-03, eta: 0:28:54, time: 0.750, data_time: 0.012, memory: 10046, loss_rpn_cls: 0.0046, loss_rpn_bbox: 0.0300, loss_cls: 0.0302, acc: 98.7939, loss_bbox: 0.0731, loss: 0.1380
2020-11-21 16:14:59,519 - mmdet - INFO - Epoch [1][300/617]	lr: 5.984e-03, eta: 0:27:26, time: 0.749, data_time: 0.012, memory: 10046, loss_rpn_cls: 0.0032, loss_rpn_bbox: 0.0278, loss_cls: 0.0314, acc: 98.7266, loss_bbox: 0.0715, loss: 0.1339
2020-11-21 16:16:14,688 - mmdet - INFO - Epoch [1][400/617]	lr: 7.982e-03, eta: 0:26:06, time: 0.752, data_time: 0.012, memory: 10046, loss_rpn_cls: 0.0034, loss_rpn_bbox: 0.0310, loss_cls: 0.0326, acc: 98.6318, loss_bbox: 0.0750, loss: 0.1421
2020-11-21 16:17:29,350 - mmdet - INFO - Epoch [1][500/617]	lr: 9.980e-03, eta: 0:24:46, time: 0.747, data_time: 0.012, memory: 10046, loss_rpn_cls: 0.0029, loss_rpn_bbox: 0.0315, loss_cls: 0.0388, acc: 98.4072, loss_bbox: 0.0784, loss: 0.1516
2020-11-21 16:18:44,099 - mmdet - INFO - Epoch [1][600/617]	lr: 1.000e-02, eta: 0:23:28, time: 0.747, data_time: 0.012, memory: 10046, loss_rpn_cls: 0.0032, loss_rpn_bbox: 0.0329, loss_cls: 0.0337, acc: 98.6055, loss_bbox: 0.0821, loss: 0.1519
2020-11-21 16:19:24,455 - mmdet - INFO - Evaluating bbox...
2020-11-21 16:19:26,286 - mmdet - INFO - Epoch [1][617/617]	lr: 1.000e-02, bbox_mAP: 0.8400, bbox_mAP_50: 0.9040, bbox_mAP_75: 0.9000, bbox_mAP_s: 0.6520, bbox_mAP_m: 0.8830, bbox_mAP_l: 0.9000, bbox_mAP_copypaste: 0.840 0.904 0.900 0.652 0.883 0.900
2020-11-21 16:20:43,234 - mmdet - INFO - Epoch [2][100/617]	lr: 1.000e-02, eta: 0:21:32, time: 0.768, data_time: 0.033, memory: 10046, loss_rpn_cls: 0.0031, loss_rpn_bbox: 0.0349, loss_cls: 0.0382, acc: 98.4404, loss_bbox: 0.0838, loss: 0.1600
2020-11-21 16:21:57,856 - mmdet - INFO - Epoch [2][200/617]	lr: 1.000e-02, eta: 0:20:20, time: 0.746, data_time: 0.012, memory: 10071, loss_rpn_cls: 0.0041, loss_rpn_bbox: 0.0317, loss_cls: 0.0371, acc: 98.5293, loss_bbox: 0.0758, loss: 0.1486
2020-11-21 16:23:12,502 - mmdet - INFO - Epoch [2][300/617]	lr: 1.000e-02, eta: 0:19:07, time: 0.746, data_time: 0.012, memory: 10071, loss_rpn_cls: 0.0043, loss_rpn_bbox: 0.0339, loss_cls: 0.0344, acc: 98.6172, loss_bbox: 0.0841, loss: 0.1567
2020-11-21 16:24:27,706 - mmdet - INFO - Epoch [2][400/617]	lr: 1.000e-02, eta: 0:17:55, time: 0.752, data_time: 0.012, memory: 10071, loss_rpn_cls: 0.0039, loss_rpn_bbox: 0.0372, loss_cls: 0.0384, acc: 98.3955, loss_bbox: 0.0838, loss: 0.1633
2020-11-21 16:25:42,610 - mmdet - INFO - Epoch [2][500/617]	lr: 1.000e-02, eta: 0:16:42, time: 0.749, data_time: 0.012, memory: 10071, loss_rpn_cls: 0.0024, loss_rpn_bbox: 0.0337, loss_cls: 0.0308, acc: 98.7012, loss_bbox: 0.0766, loss: 0.1436
2020-11-21 16:26:57,255 - mmdet - INFO - Epoch [2][600/617]	lr: 1.000e-02, eta: 0:15:28, time: 0.746, data_time: 0.012, memory: 10071, loss_rpn_cls: 0.0036, loss_rpn_bbox: 0.0352, loss_cls: 0.0365, acc: 98.4590, loss_bbox: 0.0866, loss: 0.1619
2020-11-21 16:27:37,726 - mmdet - INFO - Evaluating bbox...
2020-11-21 16:27:39,583 - mmdet - INFO - Epoch [2][617/617]	lr: 1.000e-02, bbox_mAP: 0.8390, bbox_mAP_50: 0.9030, bbox_mAP_75: 0.8980, bbox_mAP_s: 0.6510, bbox_mAP_m: 0.8760, bbox_mAP_l: 0.8950, bbox_mAP_copypaste: 0.839 0.903 0.898 0.651 0.876 0.895
2020-11-21 16:28:14,218 - mmdet - INFO - Epoch(train) [2][87]	loss_rpn_cls: 0.0053, loss_rpn_bbox: 0.0366, loss_cls: 0.0432, acc: 98.2355, loss_bbox: 0.0946, loss: 0.1797
2020-11-21 16:29:31,069 - mmdet - INFO - Epoch [3][100/617]	lr: 1.000e-02, eta: 0:13:52, time: 0.766, data_time: 0.033, memory: 10071, loss_rpn_cls: 0.0034, loss_rpn_bbox: 0.0345, loss_cls: 0.0355, acc: 98.4463, loss_bbox: 0.0820, loss: 0.1554
2020-11-21 16:30:45,809 - mmdet - INFO - Epoch [3][200/617]	lr: 1.000e-02, eta: 0:12:40, time: 0.747, data_time: 0.012, memory: 10071, loss_rpn_cls: 0.0030, loss_rpn_bbox: 0.0327, loss_cls: 0.0335, acc: 98.6104, loss_bbox: 0.0843, loss: 0.1535
2020-11-21 16:32:00,560 - mmdet - INFO - Epoch [3][300/617]	lr: 1.000e-02, eta: 0:11:27, time: 0.747, data_time: 0.012, memory: 10071, loss_rpn_cls: 0.0034, loss_rpn_bbox: 0.0351, loss_cls: 0.0391, acc: 98.2861, loss_bbox: 0.0853, loss: 0.1630
2020-11-21 16:33:15,348 - mmdet - INFO - Epoch [3][400/617]	lr: 1.000e-02, eta: 0:10:14, time: 0.748, data_time: 0.012, memory: 10071, loss_rpn_cls: 0.0035, loss_rpn_bbox: 0.0338, loss_cls: 0.0406, acc: 98.3301, loss_bbox: 0.0818, loss: 0.1597
2020-11-21 16:34:30,302 - mmdet - INFO - Epoch [3][500/617]	lr: 1.000e-02, eta: 0:09:01, time: 0.750, data_time: 0.012, memory: 10071, loss_rpn_cls: 0.0040, loss_rpn_bbox: 0.0358, loss_cls: 0.0370, acc: 98.4951, loss_bbox: 0.0862, loss: 0.1630
2020-11-21 16:35:44,953 - mmdet - INFO - Epoch [3][600/617]	lr: 1.000e-02, eta: 0:07:47, time: 0.747, data_time: 0.012, memory: 10071, loss_rpn_cls: 0.0051, loss_rpn_bbox: 0.0375, loss_cls: 0.0428, acc: 98.2188, loss_bbox: 0.0988, loss: 0.1842
2020-11-21 16:36:25,523 - mmdet - INFO - Evaluating bbox...
2020-11-21 16:36:27,467 - mmdet - INFO - Epoch [3][617/617]	lr: 1.000e-02, bbox_mAP: 0.8230, bbox_mAP_50: 0.8980, bbox_mAP_75: 0.8920, bbox_mAP_s: 0.6150, bbox_mAP_m: 0.8500, bbox_mAP_l: 0.8850, bbox_mAP_copypaste: 0.823 0.898 0.892 0.615 0.850 0.885
2020-11-21 16:37:44,425 - mmdet - INFO - Epoch [4][100/617]	lr: 1.000e-02, eta: 0:06:19, time: 0.768, data_time: 0.033, memory: 10071, loss_rpn_cls: 0.0044, loss_rpn_bbox: 0.0380, loss_cls: 0.0402, acc: 98.3613, loss_bbox: 0.0951, loss: 0.1776
2020-11-21 16:38:59,141 - mmdet - INFO - Epoch [4][200/617]	lr: 1.000e-02, eta: 0:05:06, time: 0.747, data_time: 0.012, memory: 10071, loss_rpn_cls: 0.0034, loss_rpn_bbox: 0.0349, loss_cls: 0.0360, acc: 98.5186, loss_bbox: 0.0832, loss: 0.1574
2020-11-21 16:40:13,763 - mmdet - INFO - Epoch [4][300/617]	lr: 1.000e-02, eta: 0:03:52, time: 0.746, data_time: 0.012, memory: 10071, loss_rpn_cls: 0.0032, loss_rpn_bbox: 0.0344, loss_cls: 0.0361, acc: 98.5127, loss_bbox: 0.0856, loss: 0.1594
2020-11-21 16:41:28,386 - mmdet - INFO - Epoch [4][400/617]	lr: 1.000e-02, eta: 0:02:39, time: 0.746, data_time: 0.012, memory: 10071, loss_rpn_cls: 0.0033, loss_rpn_bbox: 0.0334, loss_cls: 0.0393, acc: 98.2715, loss_bbox: 0.0842, loss: 0.1602
2020-11-21 16:42:42,903 - mmdet - INFO - Epoch [4][500/617]	lr: 1.000e-02, eta: 0:01:26, time: 0.745, data_time: 0.012, memory: 10071, loss_rpn_cls: 0.0035, loss_rpn_bbox: 0.0346, loss_cls: 0.0381, acc: 98.4404, loss_bbox: 0.0877, loss: 0.1639
2020-11-21 16:43:57,723 - mmdet - INFO - Epoch [4][600/617]	lr: 1.000e-02, eta: 0:00:12, time: 0.748, data_time: 0.012, memory: 10071, loss_rpn_cls: 0.0047, loss_rpn_bbox: 0.0359, loss_cls: 0.0407, acc: 98.3115, loss_bbox: 0.0914, loss: 0.1726
2020-11-21 16:44:10,315 - mmdet - INFO - Saving checkpoint at 4 epochs
2020-11-21 16:44:39,960 - mmdet - INFO - Evaluating bbox...
2020-11-21 16:44:41,912 - mmdet - INFO - Epoch [4][617/617]	lr: 1.000e-02, bbox_mAP: 0.8240, bbox_mAP_50: 0.8990, bbox_mAP_75: 0.8930, bbox_mAP_s: 0.6330, bbox_mAP_m: 0.8550, bbox_mAP_l: 0.8820, bbox_mAP_copypaste: 0.824 0.899 0.893 0.633 0.855 0.882
2020-11-21 16:45:16,493 - mmdet - INFO - Epoch(train) [4][87]	loss_rpn_cls: 0.0043, loss_rpn_bbox: 0.0432, loss_cls: 0.0403, acc: 98.3421, loss_bbox: 0.0952, loss: 0.1830
