2020-11-18 19:33:27,244 - mmdet - INFO - Environment info:
------------------------------------------------------------
sys.platform: linux
Python: 3.6.4 |Anaconda, Inc.| (default, Jan 16 2018, 18:10:19) [GCC 7.2.0]
CUDA available: True
CUDA_HOME: /usr/local/cuda
NVCC: Cuda compilation tools, release 10.0, V10.0.130
GPU 0: Tesla P100-PCIE-16GB
GCC: gcc (GCC) 5.3.0
PyTorch: 1.3.1+cu100
PyTorch compiling details: PyTorch built with:
  - GCC 7.3
  - Intel(R) Math Kernel Library Version 2019.0.4 Product Build 20190411 for Intel(R) 64 architecture applications
  - Intel(R) MKL-DNN v0.20.5 (Git Hash 0125f28c61c1f822fd48570b4c1066f96fcb9b2e)
  - OpenMP 201511 (a.k.a. OpenMP 4.5)
  - NNPACK is enabled
  - CUDA Runtime 10.0
  - NVCC architecture flags: -gencode;arch=compute_37,code=sm_37;-gencode;arch=compute_50,code=sm_50;-gencode;arch=compute_60,code=sm_60;-gencode;arch=compute_61,code=sm_61;-gencode;arch=compute_70,code=sm_70;-gencode;arch=compute_75,code=sm_75;-gencode;arch=compute_37,code=compute_37
  - CuDNN 7.6.3
  - Magma 2.5.1
  - Build settings: BLAS=MKL, BUILD_NAMEDTENSOR=OFF, BUILD_TYPE=Release, CXX_FLAGS= -Wno-deprecated -fvisibility-inlines-hidden -fopenmp -DUSE_FBGEMM -DUSE_QNNPACK -DUSE_PYTORCH_QNNPACK -O2 -fPIC -Wno-narrowing -Wall -Wextra -Wno-missing-field-initializers -Wno-type-limits -Wno-array-bounds -Wno-unknown-pragmas -Wno-sign-compare -Wno-unused-parameter -Wno-unused-variable -Wno-unused-function -Wno-unused-result -Wno-strict-overflow -Wno-strict-aliasing -Wno-error=deprecated-declarations -Wno-stringop-overflow -Wno-error=pedantic -Wno-error=redundant-decls -Wno-error=old-style-cast -fdiagnostics-color=always -faligned-new -Wno-unused-but-set-variable -Wno-maybe-uninitialized -fno-math-errno -fno-trapping-math -Wno-stringop-overflow, DISABLE_NUMA=1, PERF_WITH_AVX=1, PERF_WITH_AVX2=1, PERF_WITH_AVX512=1, USE_CUDA=True, USE_EXCEPTION_PTR=1, USE_GFLAGS=OFF, USE_GLOG=OFF, USE_MKL=ON, USE_MKLDNN=ON, USE_MPI=OFF, USE_NCCL=ON, USE_NNPACK=ON, USE_OPENMP=ON, USE_STATIC_DISPATCH=OFF, 

TorchVision: 0.4.2+cu100
OpenCV: 4.4.0
MMCV: 1.0.5
MMDetection: 2.3.0+788fa8d
MMDetection Compiler: GCC 7.3
MMDetection CUDA Compiler: 10.0
------------------------------------------------------------

2020-11-18 19:33:27,244 - mmdet - INFO - Distributed training: False
2020-11-18 19:33:27,632 - mmdet - INFO - Config:
model = dict(
    type='FasterRCNN',
    pretrained='torchvision://resnet50',
    backbone=dict(
        type='ResNet',
        depth=50,
        num_stages=4,
        out_indices=(0, 1, 2, 3),
        frozen_stages=1,
        norm_cfg=dict(type='BN', requires_grad=True),
        norm_eval=True,
        style='pytorch'),
    neck=dict(
        type='FPN',
        in_channels=[256, 512, 1024, 2048],
        out_channels=256,
        num_outs=5),
    rpn_head=dict(
        type='RPNHead',
        in_channels=256,
        feat_channels=256,
        anchor_generator=dict(
            type='AnchorGenerator',
            scales=[8],
            ratios=[0.5, 1.0, 2.0],
            strides=[4, 8, 16, 32, 64]),
        bbox_coder=dict(
            type='DeltaXYWHBBoxCoder',
            target_means=[0.0, 0.0, 0.0, 0.0],
            target_stds=[1.0, 1.0, 1.0, 1.0]),
        loss_cls=dict(
            type='CrossEntropyLoss', use_sigmoid=True, loss_weight=1.0),
        loss_bbox=dict(type='L1Loss', loss_weight=1.0)),
    roi_head=dict(
        type='StandardRoIHead',
        bbox_roi_extractor=dict(
            type='SingleRoIExtractor',
            roi_layer=dict(type='RoIAlign', output_size=7, sampling_ratio=0),
            out_channels=256,
            featmap_strides=[4, 8, 16, 32]),
        bbox_head=dict(
            type='Shared2FCBBoxHead',
            in_channels=256,
            fc_out_channels=1024,
            roi_feat_size=7,
            num_classes=2,
            bbox_coder=dict(
                type='DeltaXYWHBBoxCoder',
                target_means=[0.0, 0.0, 0.0, 0.0],
                target_stds=[0.1, 0.1, 0.2, 0.2]),
            reg_class_agnostic=False,
            loss_cls=dict(
                type='CrossEntropyLoss', use_sigmoid=False, loss_weight=1.0),
            loss_bbox=dict(type='L1Loss', loss_weight=1.0))))
train_cfg = dict(
    rpn=dict(
        assigner=dict(
            type='MaxIoUAssigner',
            pos_iou_thr=0.7,
            neg_iou_thr=0.3,
            min_pos_iou=0.3,
            match_low_quality=True,
            ignore_iof_thr=-1),
        sampler=dict(
            type='RandomSampler',
            num=256,
            pos_fraction=0.5,
            neg_pos_ub=-1,
            add_gt_as_proposals=False),
        allowed_border=-1,
        pos_weight=-1,
        debug=False),
    rpn_proposal=dict(
        nms_across_levels=False,
        nms_pre=2000,
        nms_post=1000,
        max_num=1000,
        nms_thr=0.7,
        min_bbox_size=0),
    rcnn=dict(
        assigner=dict(
            type='MaxIoUAssigner',
            pos_iou_thr=0.5,
            neg_iou_thr=0.5,
            min_pos_iou=0.5,
            match_low_quality=False,
            ignore_iof_thr=-1),
        sampler=dict(
            type='RandomSampler',
            num=512,
            pos_fraction=0.25,
            neg_pos_ub=-1,
            add_gt_as_proposals=True),
        pos_weight=-1,
        debug=False))
test_cfg = dict(
    rpn=dict(
        nms_across_levels=False,
        nms_pre=1000,
        nms_post=1000,
        max_num=1000,
        nms_thr=0.7,
        min_bbox_size=0),
    rcnn=dict(
        score_thr=0.05,
        nms=dict(type='nms', iou_threshold=0.5),
        max_per_img=100))
dataset_type = 'CocoDataset'
data_root = 'data/coco/'
img_norm_cfg = dict(
    mean=[123.675, 116.28, 103.53], std=[58.395, 57.12, 57.375], to_rgb=True)
train_pipeline = [
    dict(type='LoadImageFromFile'),
    dict(type='LoadAnnotations', with_bbox=True),
    dict(type='Resize', img_scale=(1550, 1550), keep_ratio=True),
    dict(type='RandomFlip', flip_ratio=0.5),
    dict(
        type='Normalize',
        mean=[123.675, 116.28, 103.53],
        std=[58.395, 57.12, 57.375],
        to_rgb=True),
    dict(type='Pad', size_divisor=32),
    dict(type='DefaultFormatBundle'),
    dict(type='Collect', keys=['img', 'gt_bboxes', 'gt_labels'])
]
test_pipeline = [
    dict(type='LoadImageFromFile'),
    dict(
        type='MultiScaleFlipAug',
        img_scale=(1550, 1550),
        flip=False,
        transforms=[
            dict(type='Resize', keep_ratio=True),
            dict(type='RandomFlip'),
            dict(
                type='Normalize',
                mean=[123.675, 116.28, 103.53],
                std=[58.395, 57.12, 57.375],
                to_rgb=True),
            dict(type='Pad', size_divisor=32),
            dict(type='ImageToTensor', keys=['img']),
            dict(type='Collect', keys=['img'])
        ])
]
data = dict(
    samples_per_gpu=2,
    workers_per_gpu=2,
    train=dict(
        type='CocoDataset',
        ann_file='data/coco/annotations/annotations_trai.json',
        img_prefix='data/coco/img/',
        pipeline=[
            dict(type='LoadImageFromFile'),
            dict(type='LoadAnnotations', with_bbox=True),
            dict(type='Resize', img_scale=(1550, 1550), keep_ratio=True),
            dict(type='RandomFlip', flip_ratio=0.5),
            dict(
                type='Normalize',
                mean=[123.675, 116.28, 103.53],
                std=[58.395, 57.12, 57.375],
                to_rgb=True),
            dict(type='Pad', size_divisor=32),
            dict(type='DefaultFormatBundle'),
            dict(type='Collect', keys=['img', 'gt_bboxes', 'gt_labels'])
        ]),
    val=dict(
        type='CocoDataset',
        ann_file='data/coco/annotations/annotations_test.json',
        img_prefix='data/coco/img/',
        pipeline=[
            dict(type='LoadImageFromFile'),
            dict(
                type='MultiScaleFlipAug',
                img_scale=(1550, 1550),
                flip=False,
                transforms=[
                    dict(type='Resize', keep_ratio=True),
                    dict(type='RandomFlip'),
                    dict(
                        type='Normalize',
                        mean=[123.675, 116.28, 103.53],
                        std=[58.395, 57.12, 57.375],
                        to_rgb=True),
                    dict(type='Pad', size_divisor=32),
                    dict(type='ImageToTensor', keys=['img']),
                    dict(type='Collect', keys=['img'])
                ])
        ]),
    test=dict(
        type='CocoDataset',
        ann_file='data/coco/annotations/annotations_vals.json',
        img_prefix='data/coco/img/',
        pipeline=[
            dict(type='LoadImageFromFile'),
            dict(
                type='MultiScaleFlipAug',
                img_scale=(1550, 1550),
                flip=False,
                transforms=[
                    dict(type='Resize', keep_ratio=True),
                    dict(type='RandomFlip'),
                    dict(
                        type='Normalize',
                        mean=[123.675, 116.28, 103.53],
                        std=[58.395, 57.12, 57.375],
                        to_rgb=True),
                    dict(type='Pad', size_divisor=32),
                    dict(type='ImageToTensor', keys=['img']),
                    dict(type='Collect', keys=['img'])
                ])
        ]))
evaluation = dict(interval=1, metric='bbox')
optimizer = dict(type='SGD', lr=0.01, momentum=0.9, weight_decay=0.0001)
optimizer_config = dict(grad_clip=None)
lr_config = dict(
    policy='step',
    warmup='linear',
    warmup_iters=500,
    warmup_ratio=0.001,
    step=[8, 11])
total_epochs = 4
checkpoint_config = dict(interval=4)
log_config = dict(interval=100, hooks=[dict(type='TextLoggerHook')])
dist_params = dict(backend='nccl')
log_level = 'INFO'
load_from = '/home/admin/.cache/torch/checkpoints/X.pth'
resume_from = None
workflow = [('train', 2), ('val', 1)]
work_dir = '/home/admin/jupyter/SecurityAI_Round5/data/work'
gpu_ids = range(0, 1)

2020-11-18 19:33:28,125 - mmdet - INFO - load model from: torchvision://resnet50
2020-11-18 19:33:35,879 - mmdet - WARNING - The model and loaded state dict do not match exactly

unexpected key in source state_dict: fc.weight, fc.bias

2020-11-18 19:33:46,055 - mmdet - INFO - load checkpoint from /home/admin/.cache/torch/checkpoints/X.pth
2020-11-18 19:33:52,850 - mmdet - INFO - Start running, host: admin@fuxilabor_labor0_S4_Odps_S95_dsw_prepaid_cnsh_838_2020111810132, work_dir: /home/admin/jupyter/SecurityAI_Round5/data/work
2020-11-18 19:33:52,850 - mmdet - INFO - workflow: [('train', 2), ('val', 1)], max: 4 epochs
2020-11-18 19:35:10,259 - mmdet - INFO - Epoch [1][100/613]	lr: 1.988e-03, eta: 0:30:15, time: 0.772, data_time: 0.033, memory: 8571, loss_rpn_cls: 0.0064, loss_rpn_bbox: 0.0452, loss_cls: 0.0634, acc: 97.3916, loss_bbox: 0.1294, loss: 0.2443
2020-11-18 19:36:25,001 - mmdet - INFO - Epoch [1][200/613]	lr: 3.986e-03, eta: 0:28:30, time: 0.747, data_time: 0.012, memory: 10047, loss_rpn_cls: 0.0049, loss_rpn_bbox: 0.0407, loss_cls: 0.0478, acc: 97.9844, loss_bbox: 0.1094, loss: 0.2029
2020-11-18 19:37:39,801 - mmdet - INFO - Epoch [1][300/613]	lr: 5.984e-03, eta: 0:27:06, time: 0.748, data_time: 0.012, memory: 10047, loss_rpn_cls: 0.0045, loss_rpn_bbox: 0.0429, loss_cls: 0.0568, acc: 97.6182, loss_bbox: 0.1073, loss: 0.2115
2020-11-18 19:38:54,077 - mmdet - INFO - Epoch [1][400/613]	lr: 7.982e-03, eta: 0:25:44, time: 0.743, data_time: 0.012, memory: 10047, loss_rpn_cls: 0.0030, loss_rpn_bbox: 0.0402, loss_cls: 0.0369, acc: 98.5371, loss_bbox: 0.0927, loss: 0.1728
2020-11-18 19:40:08,313 - mmdet - INFO - Epoch [1][500/613]	lr: 9.980e-03, eta: 0:24:25, time: 0.742, data_time: 0.012, memory: 10047, loss_rpn_cls: 0.0068, loss_rpn_bbox: 0.0452, loss_cls: 0.0506, acc: 97.8770, loss_bbox: 0.1051, loss: 0.2078
2020-11-18 19:41:22,624 - mmdet - INFO - Epoch [1][600/613]	lr: 1.000e-02, eta: 0:23:07, time: 0.743, data_time: 0.012, memory: 10047, loss_rpn_cls: 0.0068, loss_rpn_bbox: 0.0545, loss_cls: 0.0679, acc: 97.2051, loss_bbox: 0.1338, loss: 0.2630
2020-11-18 19:41:58,460 - mmdet - INFO - Evaluating bbox...
2020-11-18 19:42:02,431 - mmdet - INFO - Epoch [1][613/613]	lr: 1.000e-02, bbox_mAP: 0.7040, bbox_mAP_50: 0.7930, bbox_mAP_75: 0.7540, bbox_mAP_s: 0.3570, bbox_mAP_m: 0.6900, bbox_mAP_l: 0.8260, bbox_mAP_copypaste: 0.704 0.793 0.754 0.357 0.690 0.826
2020-11-18 19:43:19,540 - mmdet - INFO - Epoch [2][100/613]	lr: 1.000e-02, eta: 0:21:24, time: 0.769, data_time: 0.034, memory: 10047, loss_rpn_cls: 0.0068, loss_rpn_bbox: 0.0471, loss_cls: 0.0564, acc: 97.7344, loss_bbox: 0.1194, loss: 0.2297
2020-11-18 19:44:34,052 - mmdet - INFO - Epoch [2][200/613]	lr: 1.000e-02, eta: 0:20:11, time: 0.745, data_time: 0.012, memory: 10047, loss_rpn_cls: 0.0054, loss_rpn_bbox: 0.0478, loss_cls: 0.0538, acc: 97.7783, loss_bbox: 0.1140, loss: 0.2210
2020-11-18 19:45:48,512 - mmdet - INFO - Epoch [2][300/613]	lr: 1.000e-02, eta: 0:18:58, time: 0.745, data_time: 0.012, memory: 10047, loss_rpn_cls: 0.0070, loss_rpn_bbox: 0.0522, loss_cls: 0.0597, acc: 97.5029, loss_bbox: 0.1259, loss: 0.2448
2020-11-18 19:47:03,276 - mmdet - INFO - Epoch [2][400/613]	lr: 1.000e-02, eta: 0:17:45, time: 0.748, data_time: 0.012, memory: 10073, loss_rpn_cls: 0.0067, loss_rpn_bbox: 0.0524, loss_cls: 0.0600, acc: 97.3916, loss_bbox: 0.1232, loss: 0.2423
2020-11-18 19:48:18,874 - mmdet - INFO - Epoch [2][500/613]	lr: 1.000e-02, eta: 0:16:33, time: 0.756, data_time: 0.012, memory: 10073, loss_rpn_cls: 0.0061, loss_rpn_bbox: 0.0516, loss_cls: 0.0611, acc: 97.5273, loss_bbox: 0.1290, loss: 0.2478
2020-11-18 19:49:32,912 - mmdet - INFO - Epoch [2][600/613]	lr: 1.000e-02, eta: 0:15:19, time: 0.740, data_time: 0.012, memory: 10073, loss_rpn_cls: 0.0165, loss_rpn_bbox: 0.0551, loss_cls: 0.0656, acc: 97.3818, loss_bbox: 0.1225, loss: 0.2597
2020-11-18 19:50:08,793 - mmdet - INFO - Evaluating bbox...
2020-11-18 19:50:12,649 - mmdet - INFO - Epoch [2][613/613]	lr: 1.000e-02, bbox_mAP: 0.7050, bbox_mAP_50: 0.7990, bbox_mAP_75: 0.7580, bbox_mAP_s: 0.3460, bbox_mAP_m: 0.6950, bbox_mAP_l: 0.8290, bbox_mAP_copypaste: 0.705 0.799 0.758 0.346 0.695 0.829
2020-11-18 19:50:45,389 - mmdet - INFO - Epoch(train) [2][81]	loss_rpn_cls: 0.0096, loss_rpn_bbox: 0.0587, loss_cls: 0.0593, acc: 97.5839, loss_bbox: 0.1249, loss: 0.2525
2020-11-18 19:52:02,604 - mmdet - INFO - Epoch [3][100/613]	lr: 1.000e-02, eta: 0:13:49, time: 0.770, data_time: 0.033, memory: 10073, loss_rpn_cls: 0.0050, loss_rpn_bbox: 0.0497, loss_cls: 0.0512, acc: 97.8926, loss_bbox: 0.1144, loss: 0.2203
2020-11-18 19:53:17,090 - mmdet - INFO - Epoch [3][200/613]	lr: 1.000e-02, eta: 0:12:36, time: 0.745, data_time: 0.012, memory: 10073, loss_rpn_cls: 0.0093, loss_rpn_bbox: 0.0528, loss_cls: 0.0651, acc: 97.4111, loss_bbox: 0.1316, loss: 0.2589
2020-11-18 19:54:31,881 - mmdet - INFO - Epoch [3][300/613]	lr: 1.000e-02, eta: 0:11:23, time: 0.748, data_time: 0.012, memory: 10073, loss_rpn_cls: 0.0061, loss_rpn_bbox: 0.0504, loss_cls: 0.0530, acc: 97.8047, loss_bbox: 0.1194, loss: 0.2288
2020-11-18 19:55:46,465 - mmdet - INFO - Epoch [3][400/613]	lr: 1.000e-02, eta: 0:10:09, time: 0.746, data_time: 0.012, memory: 10073, loss_rpn_cls: 0.0061, loss_rpn_bbox: 0.0506, loss_cls: 0.0619, acc: 97.3262, loss_bbox: 0.1204, loss: 0.2390
2020-11-18 19:57:00,962 - mmdet - INFO - Epoch [3][500/613]	lr: 1.000e-02, eta: 0:08:56, time: 0.745, data_time: 0.012, memory: 10073, loss_rpn_cls: 0.0071, loss_rpn_bbox: 0.0492, loss_cls: 0.0543, acc: 97.7402, loss_bbox: 0.1146, loss: 0.2251
2020-11-18 19:58:15,774 - mmdet - INFO - Epoch [3][600/613]	lr: 1.000e-02, eta: 0:07:42, time: 0.748, data_time: 0.012, memory: 10073, loss_rpn_cls: 0.0067, loss_rpn_bbox: 0.0503, loss_cls: 0.0627, acc: 97.4473, loss_bbox: 0.1285, loss: 0.2483
2020-11-18 19:58:51,640 - mmdet - INFO - Evaluating bbox...
2020-11-18 19:58:55,305 - mmdet - INFO - Epoch [3][613/613]	lr: 1.000e-02, bbox_mAP: 0.7110, bbox_mAP_50: 0.8020, bbox_mAP_75: 0.7600, bbox_mAP_s: 0.3570, bbox_mAP_m: 0.7120, bbox_mAP_l: 0.8330, bbox_mAP_copypaste: 0.711 0.802 0.760 0.357 0.712 0.833
