2020-11-23 15:46:45,101 - mmdet - INFO - Environment info:
------------------------------------------------------------
sys.platform: linux
Python: 3.6.4 |Anaconda, Inc.| (default, Jan 16 2018, 18:10:19) [GCC 7.2.0]
CUDA available: True
CUDA_HOME: /usr/local/cuda
NVCC: Cuda compilation tools, release 10.0, V10.0.130
GPU 0: Tesla P100-PCIE-16GB
GCC: gcc (GCC) 5.3.0
PyTorch: 1.3.1+cu100
PyTorch compiling details: PyTorch built with:
  - GCC 7.3
  - Intel(R) Math Kernel Library Version 2019.0.4 Product Build 20190411 for Intel(R) 64 architecture applications
  - Intel(R) MKL-DNN v0.20.5 (Git Hash 0125f28c61c1f822fd48570b4c1066f96fcb9b2e)
  - OpenMP 201511 (a.k.a. OpenMP 4.5)
  - NNPACK is enabled
  - CUDA Runtime 10.0
  - NVCC architecture flags: -gencode;arch=compute_37,code=sm_37;-gencode;arch=compute_50,code=sm_50;-gencode;arch=compute_60,code=sm_60;-gencode;arch=compute_61,code=sm_61;-gencode;arch=compute_70,code=sm_70;-gencode;arch=compute_75,code=sm_75;-gencode;arch=compute_37,code=compute_37
  - CuDNN 7.6.3
  - Magma 2.5.1
  - Build settings: BLAS=MKL, BUILD_NAMEDTENSOR=OFF, BUILD_TYPE=Release, CXX_FLAGS= -Wno-deprecated -fvisibility-inlines-hidden -fopenmp -DUSE_FBGEMM -DUSE_QNNPACK -DUSE_PYTORCH_QNNPACK -O2 -fPIC -Wno-narrowing -Wall -Wextra -Wno-missing-field-initializers -Wno-type-limits -Wno-array-bounds -Wno-unknown-pragmas -Wno-sign-compare -Wno-unused-parameter -Wno-unused-variable -Wno-unused-function -Wno-unused-result -Wno-strict-overflow -Wno-strict-aliasing -Wno-error=deprecated-declarations -Wno-stringop-overflow -Wno-error=pedantic -Wno-error=redundant-decls -Wno-error=old-style-cast -fdiagnostics-color=always -faligned-new -Wno-unused-but-set-variable -Wno-maybe-uninitialized -fno-math-errno -fno-trapping-math -Wno-stringop-overflow, DISABLE_NUMA=1, PERF_WITH_AVX=1, PERF_WITH_AVX2=1, PERF_WITH_AVX512=1, USE_CUDA=True, USE_EXCEPTION_PTR=1, USE_GFLAGS=OFF, USE_GLOG=OFF, USE_MKL=ON, USE_MKLDNN=ON, USE_MPI=OFF, USE_NCCL=ON, USE_NNPACK=ON, USE_OPENMP=ON, USE_STATIC_DISPATCH=OFF, 

TorchVision: 0.4.2+cu100
OpenCV: 4.4.0
MMCV: 1.0.5
MMDetection: 2.3.0+788fa8d
MMDetection Compiler: GCC 7.3
MMDetection CUDA Compiler: 10.0
------------------------------------------------------------

2020-11-23 15:46:45,101 - mmdet - INFO - Distributed training: False
2020-11-23 15:46:45,497 - mmdet - INFO - Config:
model = dict(
    type='FasterRCNN',
    pretrained='torchvision://resnet50',
    backbone=dict(
        type='ResNet',
        depth=50,
        num_stages=4,
        out_indices=(0, 1, 2, 3),
        frozen_stages=1,
        norm_cfg=dict(type='BN', requires_grad=True),
        norm_eval=True,
        style='pytorch'),
    neck=dict(
        type='FPN',
        in_channels=[256, 512, 1024, 2048],
        out_channels=256,
        num_outs=5),
    rpn_head=dict(
        type='RPNHead',
        in_channels=256,
        feat_channels=256,
        anchor_generator=dict(
            type='AnchorGenerator',
            scales=[8],
            ratios=[0.5, 1.0, 2.0],
            strides=[4, 8, 16, 32, 64]),
        bbox_coder=dict(
            type='DeltaXYWHBBoxCoder',
            target_means=[0.0, 0.0, 0.0, 0.0],
            target_stds=[1.0, 1.0, 1.0, 1.0]),
        loss_cls=dict(
            type='CrossEntropyLoss', use_sigmoid=True, loss_weight=1.0),
        loss_bbox=dict(type='L1Loss', loss_weight=1.0)),
    roi_head=dict(
        type='StandardRoIHead',
        bbox_roi_extractor=dict(
            type='SingleRoIExtractor',
            roi_layer=dict(type='RoIAlign', output_size=7, sampling_ratio=0),
            out_channels=256,
            featmap_strides=[4, 8, 16, 32]),
        bbox_head=dict(
            type='Shared2FCBBoxHead',
            in_channels=256,
            fc_out_channels=1024,
            roi_feat_size=7,
            num_classes=2,
            bbox_coder=dict(
                type='DeltaXYWHBBoxCoder',
                target_means=[0.0, 0.0, 0.0, 0.0],
                target_stds=[0.1, 0.1, 0.2, 0.2]),
            reg_class_agnostic=False,
            loss_cls=dict(
                type='CrossEntropyLoss', use_sigmoid=False, loss_weight=1.0),
            loss_bbox=dict(type='L1Loss', loss_weight=1.0))))
train_cfg = dict(
    rpn=dict(
        assigner=dict(
            type='MaxIoUAssigner',
            pos_iou_thr=0.7,
            neg_iou_thr=0.3,
            min_pos_iou=0.3,
            match_low_quality=True,
            ignore_iof_thr=-1),
        sampler=dict(
            type='RandomSampler',
            num=256,
            pos_fraction=0.5,
            neg_pos_ub=-1,
            add_gt_as_proposals=False),
        allowed_border=-1,
        pos_weight=-1,
        debug=False),
    rpn_proposal=dict(
        nms_across_levels=False,
        nms_pre=2000,
        nms_post=1000,
        max_num=1000,
        nms_thr=0.7,
        min_bbox_size=0),
    rcnn=dict(
        assigner=dict(
            type='MaxIoUAssigner',
            pos_iou_thr=0.5,
            neg_iou_thr=0.5,
            min_pos_iou=0.5,
            match_low_quality=False,
            ignore_iof_thr=-1),
        sampler=dict(
            type='RandomSampler',
            num=512,
            pos_fraction=0.25,
            neg_pos_ub=-1,
            add_gt_as_proposals=True),
        pos_weight=-1,
        debug=False))
test_cfg = dict(
    rpn=dict(
        nms_across_levels=False,
        nms_pre=1000,
        nms_post=1000,
        max_num=1000,
        nms_thr=0.7,
        min_bbox_size=0),
    rcnn=dict(
        score_thr=0.05,
        nms=dict(type='nms', iou_threshold=0.5),
        max_per_img=100))
dataset_type = 'CocoDataset'
data_root = 'data/coco/'
img_norm_cfg = dict(
    mean=[123.675, 116.28, 103.53], std=[58.395, 57.12, 57.375], to_rgb=True)
train_pipeline = [
    dict(type='LoadImageFromFile'),
    dict(type='LoadAnnotations', with_bbox=True),
    dict(type='Resize', img_scale=(1550, 1550), keep_ratio=True),
    dict(type='RandomFlip', flip_ratio=0.5),
    dict(
        type='Normalize',
        mean=[123.675, 116.28, 103.53],
        std=[58.395, 57.12, 57.375],
        to_rgb=True),
    dict(type='Pad', size_divisor=32),
    dict(type='DefaultFormatBundle'),
    dict(type='Collect', keys=['img', 'gt_bboxes', 'gt_labels'])
]
test_pipeline = [
    dict(type='LoadImageFromFile'),
    dict(
        type='MultiScaleFlipAug',
        img_scale=(1550, 1550),
        flip=False,
        transforms=[
            dict(type='Resize', keep_ratio=True),
            dict(type='RandomFlip'),
            dict(
                type='Normalize',
                mean=[123.675, 116.28, 103.53],
                std=[58.395, 57.12, 57.375],
                to_rgb=True),
            dict(type='Pad', size_divisor=32),
            dict(type='ImageToTensor', keys=['img']),
            dict(type='Collect', keys=['img'])
        ])
]
data = dict(
    samples_per_gpu=2,
    workers_per_gpu=2,
    train=dict(
        type='CocoDataset',
        ann_file='data/coco/annotations/annotations_trai.json',
        img_prefix='data/coco/img/',
        pipeline=[
            dict(type='LoadImageFromFile'),
            dict(type='LoadAnnotations', with_bbox=True),
            dict(type='Resize', img_scale=(1550, 1550), keep_ratio=True),
            dict(type='RandomFlip', flip_ratio=0.5),
            dict(
                type='Normalize',
                mean=[123.675, 116.28, 103.53],
                std=[58.395, 57.12, 57.375],
                to_rgb=True),
            dict(type='Pad', size_divisor=32),
            dict(type='DefaultFormatBundle'),
            dict(type='Collect', keys=['img', 'gt_bboxes', 'gt_labels'])
        ]),
    val=dict(
        type='CocoDataset',
        ann_file='data/coco/annotations/annotations_test.json',
        img_prefix='data/coco/img/',
        pipeline=[
            dict(type='LoadImageFromFile'),
            dict(
                type='MultiScaleFlipAug',
                img_scale=(1550, 1550),
                flip=False,
                transforms=[
                    dict(type='Resize', keep_ratio=True),
                    dict(type='RandomFlip'),
                    dict(
                        type='Normalize',
                        mean=[123.675, 116.28, 103.53],
                        std=[58.395, 57.12, 57.375],
                        to_rgb=True),
                    dict(type='Pad', size_divisor=32),
                    dict(type='ImageToTensor', keys=['img']),
                    dict(type='Collect', keys=['img'])
                ])
        ]),
    test=dict(
        type='CocoDataset',
        ann_file='data/coco/annotations/annotations_vals.json',
        img_prefix='data/coco/img/',
        pipeline=[
            dict(type='LoadImageFromFile'),
            dict(
                type='MultiScaleFlipAug',
                img_scale=(1550, 1550),
                flip=False,
                transforms=[
                    dict(type='Resize', keep_ratio=True),
                    dict(type='RandomFlip'),
                    dict(
                        type='Normalize',
                        mean=[123.675, 116.28, 103.53],
                        std=[58.395, 57.12, 57.375],
                        to_rgb=True),
                    dict(type='Pad', size_divisor=32),
                    dict(type='ImageToTensor', keys=['img']),
                    dict(type='Collect', keys=['img'])
                ])
        ]))
evaluation = dict(interval=1, metric='bbox')
optimizer = dict(type='SGD', lr=0.01, momentum=0.9, weight_decay=0.0001)
optimizer_config = dict(grad_clip=None)
lr_config = dict(
    policy='step',
    warmup='linear',
    warmup_iters=500,
    warmup_ratio=0.001,
    step=[8, 11])
total_epochs = 4
checkpoint_config = dict(interval=4)
log_config = dict(interval=100, hooks=[dict(type='TextLoggerHook')])
dist_params = dict(backend='nccl')
log_level = 'INFO'
load_from = '/home/admin/.cache/torch/checkpoints/X.pth'
resume_from = None
workflow = [('train', 2), ('val', 1)]
work_dir = '/home/admin/jupyter/SecurityAI_Round5/data/work'
gpu_ids = range(0, 1)

2020-11-23 15:46:45,991 - mmdet - INFO - load model from: torchvision://resnet50
2020-11-23 15:46:53,703 - mmdet - WARNING - The model and loaded state dict do not match exactly

unexpected key in source state_dict: fc.weight, fc.bias

2020-11-23 15:47:04,013 - mmdet - INFO - load checkpoint from /home/admin/.cache/torch/checkpoints/X.pth
2020-11-23 15:47:11,073 - mmdet - INFO - Start running, host: admin@fuxilabor_labor0_S4_Odps_S96_dsw_prepaid_cnsh_838_2020112301033, work_dir: /home/admin/jupyter/SecurityAI_Round5/data/work
2020-11-23 15:47:11,073 - mmdet - INFO - workflow: [('train', 2), ('val', 1)], max: 4 epochs
2020-11-23 15:48:28,662 - mmdet - INFO - Epoch [1][100/602]	lr: 1.988e-03, eta: 0:29:46, time: 0.774, data_time: 0.034, memory: 9962, loss_rpn_cls: 0.0038, loss_rpn_bbox: 0.0293, loss_cls: 0.0350, acc: 98.5254, loss_bbox: 0.0754, loss: 0.1435
2020-11-23 15:49:43,133 - mmdet - INFO - Epoch [1][200/602]	lr: 3.986e-03, eta: 0:27:56, time: 0.745, data_time: 0.012, memory: 9962, loss_rpn_cls: 0.0020, loss_rpn_bbox: 0.0213, loss_cls: 0.0223, acc: 99.0381, loss_bbox: 0.0559, loss: 0.1015
2020-11-23 15:50:57,926 - mmdet - INFO - Epoch [1][300/602]	lr: 5.984e-03, eta: 0:26:32, time: 0.748, data_time: 0.012, memory: 10046, loss_rpn_cls: 0.0031, loss_rpn_bbox: 0.0240, loss_cls: 0.0250, acc: 98.9844, loss_bbox: 0.0657, loss: 0.1177
2020-11-23 15:52:12,863 - mmdet - INFO - Epoch [1][400/602]	lr: 7.982e-03, eta: 0:25:13, time: 0.749, data_time: 0.012, memory: 11880, loss_rpn_cls: 0.0022, loss_rpn_bbox: 0.0284, loss_cls: 0.0303, acc: 98.6777, loss_bbox: 0.0697, loss: 0.1307
2020-11-23 15:53:27,568 - mmdet - INFO - Epoch [1][500/602]	lr: 9.980e-03, eta: 0:23:55, time: 0.747, data_time: 0.012, memory: 11880, loss_rpn_cls: 0.0022, loss_rpn_bbox: 0.0260, loss_cls: 0.0288, acc: 98.7852, loss_bbox: 0.0659, loss: 0.1229
2020-11-23 15:54:42,393 - mmdet - INFO - Epoch [1][600/602]	lr: 1.000e-02, eta: 0:22:39, time: 0.748, data_time: 0.012, memory: 11880, loss_rpn_cls: 0.0017, loss_rpn_bbox: 0.0273, loss_cls: 0.0253, acc: 98.9746, loss_bbox: 0.0703, loss: 0.1246
2020-11-23 15:55:10,682 - mmdet - INFO - Evaluating bbox...
2020-11-23 15:55:13,404 - mmdet - INFO - Epoch [1][602/602]	lr: 1.000e-02, bbox_mAP: 0.8160, bbox_mAP_50: 0.8770, bbox_mAP_75: 0.8680, bbox_mAP_s: 0.5560, bbox_mAP_m: 0.8540, bbox_mAP_l: 0.8970, bbox_mAP_copypaste: 0.816 0.877 0.868 0.556 0.854 0.897
2020-11-23 15:56:30,821 - mmdet - INFO - Epoch [2][100/602]	lr: 1.000e-02, eta: 0:21:23, time: 0.772, data_time: 0.033, memory: 11906, loss_rpn_cls: 0.0028, loss_rpn_bbox: 0.0316, loss_cls: 0.0329, acc: 98.6201, loss_bbox: 0.0730, loss: 0.1403
2020-11-23 15:57:45,470 - mmdet - INFO - Epoch [2][200/602]	lr: 1.000e-02, eta: 0:20:07, time: 0.746, data_time: 0.012, memory: 11906, loss_rpn_cls: 0.0025, loss_rpn_bbox: 0.0317, loss_cls: 0.0303, acc: 98.7969, loss_bbox: 0.0672, loss: 0.1317
2020-11-23 15:59:00,375 - mmdet - INFO - Epoch [2][300/602]	lr: 1.000e-02, eta: 0:18:51, time: 0.749, data_time: 0.012, memory: 11906, loss_rpn_cls: 0.0024, loss_rpn_bbox: 0.0285, loss_cls: 0.0278, acc: 98.8154, loss_bbox: 0.0711, loss: 0.1297
2020-11-23 16:00:15,061 - mmdet - INFO - Epoch [2][400/602]	lr: 1.000e-02, eta: 0:17:36, time: 0.747, data_time: 0.012, memory: 11906, loss_rpn_cls: 0.0027, loss_rpn_bbox: 0.0316, loss_cls: 0.0324, acc: 98.6299, loss_bbox: 0.0733, loss: 0.1399
2020-11-23 16:01:29,985 - mmdet - INFO - Epoch [2][500/602]	lr: 1.000e-02, eta: 0:16:20, time: 0.749, data_time: 0.012, memory: 11906, loss_rpn_cls: 0.0022, loss_rpn_bbox: 0.0291, loss_cls: 0.0317, acc: 98.5947, loss_bbox: 0.0762, loss: 0.1391
2020-11-23 16:02:45,004 - mmdet - INFO - Epoch [2][600/602]	lr: 1.000e-02, eta: 0:15:05, time: 0.750, data_time: 0.012, memory: 11906, loss_rpn_cls: 0.0021, loss_rpn_bbox: 0.0274, loss_cls: 0.0246, acc: 98.9902, loss_bbox: 0.0677, loss: 0.1218
2020-11-23 16:03:13,523 - mmdet - INFO - Evaluating bbox...
2020-11-23 16:03:16,286 - mmdet - INFO - Epoch [2][602/602]	lr: 1.000e-02, bbox_mAP: 0.8090, bbox_mAP_50: 0.8670, bbox_mAP_75: 0.8570, bbox_mAP_s: 0.5520, bbox_mAP_m: 0.8590, bbox_mAP_l: 0.8910, bbox_mAP_copypaste: 0.809 0.867 0.857 0.552 0.859 0.891
2020-11-23 16:03:49,836 - mmdet - INFO - Epoch(train) [2][84]	loss_rpn_cls: 0.0050, loss_rpn_bbox: 0.0300, loss_cls: 0.0370, acc: 98.4363, loss_bbox: 0.0722, loss: 0.1442
2020-11-23 16:05:07,404 - mmdet - INFO - Epoch [3][100/602]	lr: 1.000e-02, eta: 0:13:49, time: 0.774, data_time: 0.033, memory: 11906, loss_rpn_cls: 0.0029, loss_rpn_bbox: 0.0301, loss_cls: 0.0341, acc: 98.5342, loss_bbox: 0.0774, loss: 0.1445
2020-11-23 16:06:22,477 - mmdet - INFO - Epoch [3][200/602]	lr: 1.000e-02, eta: 0:12:34, time: 0.751, data_time: 0.012, memory: 11906, loss_rpn_cls: 0.0025, loss_rpn_bbox: 0.0290, loss_cls: 0.0324, acc: 98.6055, loss_bbox: 0.0756, loss: 0.1396
2020-11-23 16:07:37,016 - mmdet - INFO - Epoch [3][300/602]	lr: 1.000e-02, eta: 0:11:18, time: 0.745, data_time: 0.012, memory: 11906, loss_rpn_cls: 0.0058, loss_rpn_bbox: 0.0333, loss_cls: 0.0413, acc: 98.3994, loss_bbox: 0.0791, loss: 0.1594
2020-11-23 16:08:51,871 - mmdet - INFO - Epoch [3][400/602]	lr: 1.000e-02, eta: 0:10:03, time: 0.749, data_time: 0.012, memory: 11906, loss_rpn_cls: 0.0044, loss_rpn_bbox: 0.0344, loss_cls: 0.0362, acc: 98.5801, loss_bbox: 0.0770, loss: 0.1520
2020-11-23 16:10:06,859 - mmdet - INFO - Epoch [3][500/602]	lr: 1.000e-02, eta: 0:08:48, time: 0.750, data_time: 0.012, memory: 11906, loss_rpn_cls: 0.0034, loss_rpn_bbox: 0.0335, loss_cls: 0.0306, acc: 98.8096, loss_bbox: 0.0748, loss: 0.1423
2020-11-23 16:11:21,863 - mmdet - INFO - Epoch [3][600/602]	lr: 1.000e-02, eta: 0:07:33, time: 0.750, data_time: 0.012, memory: 11906, loss_rpn_cls: 0.0025, loss_rpn_bbox: 0.0318, loss_cls: 0.0327, acc: 98.5947, loss_bbox: 0.0784, loss: 0.1454
2020-11-23 16:11:50,223 - mmdet - INFO - Evaluating bbox...
2020-11-23 16:11:53,036 - mmdet - INFO - Epoch [3][602/602]	lr: 1.000e-02, bbox_mAP: 0.8010, bbox_mAP_50: 0.8620, bbox_mAP_75: 0.8520, bbox_mAP_s: 0.5420, bbox_mAP_m: 0.8500, bbox_mAP_l: 0.8790, bbox_mAP_copypaste: 0.801 0.862 0.852 0.542 0.850 0.879
2020-11-23 16:13:10,415 - mmdet - INFO - Epoch [4][100/602]	lr: 1.000e-02, eta: 0:06:17, time: 0.772, data_time: 0.034, memory: 11906, loss_rpn_cls: 0.0027, loss_rpn_bbox: 0.0285, loss_cls: 0.0275, acc: 98.8799, loss_bbox: 0.0707, loss: 0.1293
2020-11-23 16:14:25,672 - mmdet - INFO - Epoch [4][200/602]	lr: 1.000e-02, eta: 0:05:01, time: 0.753, data_time: 0.012, memory: 11906, loss_rpn_cls: 0.0023, loss_rpn_bbox: 0.0310, loss_cls: 0.0289, acc: 98.8271, loss_bbox: 0.0739, loss: 0.1361
2020-11-23 16:15:40,664 - mmdet - INFO - Epoch [4][300/602]	lr: 1.000e-02, eta: 0:03:46, time: 0.750, data_time: 0.012, memory: 11906, loss_rpn_cls: 0.0027, loss_rpn_bbox: 0.0313, loss_cls: 0.0357, acc: 98.6201, loss_bbox: 0.0747, loss: 0.1444
2020-11-23 16:16:55,904 - mmdet - INFO - Epoch [4][400/602]	lr: 1.000e-02, eta: 0:02:31, time: 0.752, data_time: 0.012, memory: 11906, loss_rpn_cls: 0.0032, loss_rpn_bbox: 0.0335, loss_cls: 0.0363, acc: 98.4141, loss_bbox: 0.0831, loss: 0.1562
2020-11-23 16:18:10,760 - mmdet - INFO - Epoch [4][500/602]	lr: 1.000e-02, eta: 0:01:16, time: 0.749, data_time: 0.012, memory: 11906, loss_rpn_cls: 0.0029, loss_rpn_bbox: 0.0315, loss_cls: 0.0352, acc: 98.4941, loss_bbox: 0.0776, loss: 0.1472
2020-11-23 16:19:25,697 - mmdet - INFO - Epoch [4][600/602]	lr: 1.000e-02, eta: 0:00:01, time: 0.749, data_time: 0.012, memory: 11906, loss_rpn_cls: 0.0066, loss_rpn_bbox: 0.0346, loss_cls: 0.0538, acc: 97.9268, loss_bbox: 0.0883, loss: 0.1833
2020-11-23 16:19:27,130 - mmdet - INFO - Saving checkpoint at 4 epochs
2020-11-23 16:19:55,780 - mmdet - INFO - Evaluating bbox...
2020-11-23 16:19:59,051 - mmdet - INFO - Epoch [4][602/602]	lr: 1.000e-02, bbox_mAP: 0.7620, bbox_mAP_50: 0.8420, bbox_mAP_75: 0.8230, bbox_mAP_s: 0.4860, bbox_mAP_m: 0.7600, bbox_mAP_l: 0.8310, bbox_mAP_copypaste: 0.762 0.842 0.823 0.486 0.760 0.831
2020-11-23 16:20:32,499 - mmdet - INFO - Epoch(train) [4][84]	loss_rpn_cls: 0.0127, loss_rpn_bbox: 0.0380, loss_cls: 0.0591, acc: 97.6423, loss_bbox: 0.0994, loss: 0.2092
