2020-11-22 15:53:17,217 - mmdet - INFO - Environment info:
------------------------------------------------------------
sys.platform: linux
Python: 3.6.4 |Anaconda, Inc.| (default, Jan 16 2018, 18:10:19) [GCC 7.2.0]
CUDA available: True
CUDA_HOME: /usr/local/cuda
NVCC: Cuda compilation tools, release 10.0, V10.0.130
GPU 0: Tesla P100-PCIE-16GB
GCC: gcc (GCC) 5.3.0
PyTorch: 1.3.1+cu100
PyTorch compiling details: PyTorch built with:
  - GCC 7.3
  - Intel(R) Math Kernel Library Version 2019.0.4 Product Build 20190411 for Intel(R) 64 architecture applications
  - Intel(R) MKL-DNN v0.20.5 (Git Hash 0125f28c61c1f822fd48570b4c1066f96fcb9b2e)
  - OpenMP 201511 (a.k.a. OpenMP 4.5)
  - NNPACK is enabled
  - CUDA Runtime 10.0
  - NVCC architecture flags: -gencode;arch=compute_37,code=sm_37;-gencode;arch=compute_50,code=sm_50;-gencode;arch=compute_60,code=sm_60;-gencode;arch=compute_61,code=sm_61;-gencode;arch=compute_70,code=sm_70;-gencode;arch=compute_75,code=sm_75;-gencode;arch=compute_37,code=compute_37
  - CuDNN 7.6.3
  - Magma 2.5.1
  - Build settings: BLAS=MKL, BUILD_NAMEDTENSOR=OFF, BUILD_TYPE=Release, CXX_FLAGS= -Wno-deprecated -fvisibility-inlines-hidden -fopenmp -DUSE_FBGEMM -DUSE_QNNPACK -DUSE_PYTORCH_QNNPACK -O2 -fPIC -Wno-narrowing -Wall -Wextra -Wno-missing-field-initializers -Wno-type-limits -Wno-array-bounds -Wno-unknown-pragmas -Wno-sign-compare -Wno-unused-parameter -Wno-unused-variable -Wno-unused-function -Wno-unused-result -Wno-strict-overflow -Wno-strict-aliasing -Wno-error=deprecated-declarations -Wno-stringop-overflow -Wno-error=pedantic -Wno-error=redundant-decls -Wno-error=old-style-cast -fdiagnostics-color=always -faligned-new -Wno-unused-but-set-variable -Wno-maybe-uninitialized -fno-math-errno -fno-trapping-math -Wno-stringop-overflow, DISABLE_NUMA=1, PERF_WITH_AVX=1, PERF_WITH_AVX2=1, PERF_WITH_AVX512=1, USE_CUDA=True, USE_EXCEPTION_PTR=1, USE_GFLAGS=OFF, USE_GLOG=OFF, USE_MKL=ON, USE_MKLDNN=ON, USE_MPI=OFF, USE_NCCL=ON, USE_NNPACK=ON, USE_OPENMP=ON, USE_STATIC_DISPATCH=OFF, 

TorchVision: 0.4.2+cu100
OpenCV: 4.4.0
MMCV: 1.0.5
MMDetection: 2.3.0+788fa8d
MMDetection Compiler: GCC 7.3
MMDetection CUDA Compiler: 10.0
------------------------------------------------------------

2020-11-22 15:53:17,217 - mmdet - INFO - Distributed training: False
2020-11-22 15:53:17,612 - mmdet - INFO - Config:
model = dict(
    type='FasterRCNN',
    pretrained='torchvision://resnet50',
    backbone=dict(
        type='ResNet',
        depth=50,
        num_stages=4,
        out_indices=(0, 1, 2, 3),
        frozen_stages=1,
        norm_cfg=dict(type='BN', requires_grad=True),
        norm_eval=True,
        style='pytorch'),
    neck=dict(
        type='FPN',
        in_channels=[256, 512, 1024, 2048],
        out_channels=256,
        num_outs=5),
    rpn_head=dict(
        type='RPNHead',
        in_channels=256,
        feat_channels=256,
        anchor_generator=dict(
            type='AnchorGenerator',
            scales=[8],
            ratios=[0.5, 1.0, 2.0],
            strides=[4, 8, 16, 32, 64]),
        bbox_coder=dict(
            type='DeltaXYWHBBoxCoder',
            target_means=[0.0, 0.0, 0.0, 0.0],
            target_stds=[1.0, 1.0, 1.0, 1.0]),
        loss_cls=dict(
            type='CrossEntropyLoss', use_sigmoid=True, loss_weight=1.0),
        loss_bbox=dict(type='L1Loss', loss_weight=1.0)),
    roi_head=dict(
        type='StandardRoIHead',
        bbox_roi_extractor=dict(
            type='SingleRoIExtractor',
            roi_layer=dict(type='RoIAlign', output_size=7, sampling_ratio=0),
            out_channels=256,
            featmap_strides=[4, 8, 16, 32]),
        bbox_head=dict(
            type='Shared2FCBBoxHead',
            in_channels=256,
            fc_out_channels=1024,
            roi_feat_size=7,
            num_classes=2,
            bbox_coder=dict(
                type='DeltaXYWHBBoxCoder',
                target_means=[0.0, 0.0, 0.0, 0.0],
                target_stds=[0.1, 0.1, 0.2, 0.2]),
            reg_class_agnostic=False,
            loss_cls=dict(
                type='CrossEntropyLoss', use_sigmoid=False, loss_weight=1.0),
            loss_bbox=dict(type='L1Loss', loss_weight=1.0))))
train_cfg = dict(
    rpn=dict(
        assigner=dict(
            type='MaxIoUAssigner',
            pos_iou_thr=0.7,
            neg_iou_thr=0.3,
            min_pos_iou=0.3,
            match_low_quality=True,
            ignore_iof_thr=-1),
        sampler=dict(
            type='RandomSampler',
            num=256,
            pos_fraction=0.5,
            neg_pos_ub=-1,
            add_gt_as_proposals=False),
        allowed_border=-1,
        pos_weight=-1,
        debug=False),
    rpn_proposal=dict(
        nms_across_levels=False,
        nms_pre=2000,
        nms_post=1000,
        max_num=1000,
        nms_thr=0.7,
        min_bbox_size=0),
    rcnn=dict(
        assigner=dict(
            type='MaxIoUAssigner',
            pos_iou_thr=0.5,
            neg_iou_thr=0.5,
            min_pos_iou=0.5,
            match_low_quality=False,
            ignore_iof_thr=-1),
        sampler=dict(
            type='RandomSampler',
            num=512,
            pos_fraction=0.25,
            neg_pos_ub=-1,
            add_gt_as_proposals=True),
        pos_weight=-1,
        debug=False))
test_cfg = dict(
    rpn=dict(
        nms_across_levels=False,
        nms_pre=1000,
        nms_post=1000,
        max_num=1000,
        nms_thr=0.7,
        min_bbox_size=0),
    rcnn=dict(
        score_thr=0.05,
        nms=dict(type='nms', iou_threshold=0.5),
        max_per_img=100))
dataset_type = 'CocoDataset'
data_root = 'data/coco/'
img_norm_cfg = dict(
    mean=[123.675, 116.28, 103.53], std=[58.395, 57.12, 57.375], to_rgb=True)
train_pipeline = [
    dict(type='LoadImageFromFile'),
    dict(type='LoadAnnotations', with_bbox=True),
    dict(type='Resize', img_scale=(1550, 1550), keep_ratio=True),
    dict(type='RandomFlip', flip_ratio=0.5),
    dict(
        type='Normalize',
        mean=[123.675, 116.28, 103.53],
        std=[58.395, 57.12, 57.375],
        to_rgb=True),
    dict(type='Pad', size_divisor=32),
    dict(type='DefaultFormatBundle'),
    dict(type='Collect', keys=['img', 'gt_bboxes', 'gt_labels'])
]
test_pipeline = [
    dict(type='LoadImageFromFile'),
    dict(
        type='MultiScaleFlipAug',
        img_scale=(1550, 1550),
        flip=False,
        transforms=[
            dict(type='Resize', keep_ratio=True),
            dict(type='RandomFlip'),
            dict(
                type='Normalize',
                mean=[123.675, 116.28, 103.53],
                std=[58.395, 57.12, 57.375],
                to_rgb=True),
            dict(type='Pad', size_divisor=32),
            dict(type='ImageToTensor', keys=['img']),
            dict(type='Collect', keys=['img'])
        ])
]
data = dict(
    samples_per_gpu=2,
    workers_per_gpu=2,
    train=dict(
        type='CocoDataset',
        ann_file='data/coco/annotations/annotations_trai.json',
        img_prefix='data/coco/img/',
        pipeline=[
            dict(type='LoadImageFromFile'),
            dict(type='LoadAnnotations', with_bbox=True),
            dict(type='Resize', img_scale=(1550, 1550), keep_ratio=True),
            dict(type='RandomFlip', flip_ratio=0.5),
            dict(
                type='Normalize',
                mean=[123.675, 116.28, 103.53],
                std=[58.395, 57.12, 57.375],
                to_rgb=True),
            dict(type='Pad', size_divisor=32),
            dict(type='DefaultFormatBundle'),
            dict(type='Collect', keys=['img', 'gt_bboxes', 'gt_labels'])
        ]),
    val=dict(
        type='CocoDataset',
        ann_file='data/coco/annotations/annotations_test.json',
        img_prefix='data/coco/img/',
        pipeline=[
            dict(type='LoadImageFromFile'),
            dict(
                type='MultiScaleFlipAug',
                img_scale=(1550, 1550),
                flip=False,
                transforms=[
                    dict(type='Resize', keep_ratio=True),
                    dict(type='RandomFlip'),
                    dict(
                        type='Normalize',
                        mean=[123.675, 116.28, 103.53],
                        std=[58.395, 57.12, 57.375],
                        to_rgb=True),
                    dict(type='Pad', size_divisor=32),
                    dict(type='ImageToTensor', keys=['img']),
                    dict(type='Collect', keys=['img'])
                ])
        ]),
    test=dict(
        type='CocoDataset',
        ann_file='data/coco/annotations/annotations_vals.json',
        img_prefix='data/coco/img/',
        pipeline=[
            dict(type='LoadImageFromFile'),
            dict(
                type='MultiScaleFlipAug',
                img_scale=(1550, 1550),
                flip=False,
                transforms=[
                    dict(type='Resize', keep_ratio=True),
                    dict(type='RandomFlip'),
                    dict(
                        type='Normalize',
                        mean=[123.675, 116.28, 103.53],
                        std=[58.395, 57.12, 57.375],
                        to_rgb=True),
                    dict(type='Pad', size_divisor=32),
                    dict(type='ImageToTensor', keys=['img']),
                    dict(type='Collect', keys=['img'])
                ])
        ]))
evaluation = dict(interval=1, metric='bbox')
optimizer = dict(type='SGD', lr=0.01, momentum=0.9, weight_decay=0.0001)
optimizer_config = dict(grad_clip=None)
lr_config = dict(
    policy='step',
    warmup='linear',
    warmup_iters=500,
    warmup_ratio=0.001,
    step=[8, 11])
total_epochs = 4
checkpoint_config = dict(interval=4)
log_config = dict(interval=100, hooks=[dict(type='TextLoggerHook')])
dist_params = dict(backend='nccl')
log_level = 'INFO'
load_from = '/home/admin/.cache/torch/checkpoints/X.pth'
resume_from = None
workflow = [('train', 2), ('val', 1)]
work_dir = '/home/admin/jupyter/SecurityAI_Round5/data/work'
gpu_ids = range(0, 1)

2020-11-22 15:53:18,125 - mmdet - INFO - load model from: torchvision://resnet50
2020-11-22 15:53:26,000 - mmdet - WARNING - The model and loaded state dict do not match exactly

unexpected key in source state_dict: fc.weight, fc.bias

2020-11-22 15:53:36,318 - mmdet - INFO - load checkpoint from /home/admin/.cache/torch/checkpoints/X.pth
2020-11-22 15:53:43,057 - mmdet - INFO - Start running, host: admin@fuxilabor_labor0_S4_Odps_S96_dsw_prepaid_cnsh_838_2020112201080, work_dir: /home/admin/jupyter/SecurityAI_Round5/data/work
2020-11-22 15:53:43,057 - mmdet - INFO - workflow: [('train', 2), ('val', 1)], max: 4 epochs
2020-11-22 15:55:00,657 - mmdet - INFO - Epoch [1][100/622]	lr: 1.988e-03, eta: 0:30:48, time: 0.774, data_time: 0.034, memory: 8888, loss_rpn_cls: 0.0021, loss_rpn_bbox: 0.0282, loss_cls: 0.0336, acc: 98.6143, loss_bbox: 0.0742, loss: 0.1381
2020-11-22 15:56:15,373 - mmdet - INFO - Epoch [1][200/622]	lr: 3.986e-03, eta: 0:29:00, time: 0.747, data_time: 0.012, memory: 8888, loss_rpn_cls: 0.0016, loss_rpn_bbox: 0.0239, loss_cls: 0.0270, acc: 98.8340, loss_bbox: 0.0659, loss: 0.1184
2020-11-22 15:57:30,178 - mmdet - INFO - Epoch [1][300/622]	lr: 5.984e-03, eta: 0:27:34, time: 0.748, data_time: 0.012, memory: 8888, loss_rpn_cls: 0.0016, loss_rpn_bbox: 0.0233, loss_cls: 0.0251, acc: 98.9639, loss_bbox: 0.0638, loss: 0.1139
2020-11-22 15:58:45,211 - mmdet - INFO - Epoch [1][400/622]	lr: 7.982e-03, eta: 0:26:16, time: 0.750, data_time: 0.012, memory: 8888, loss_rpn_cls: 0.0032, loss_rpn_bbox: 0.0282, loss_cls: 0.0339, acc: 98.5869, loss_bbox: 0.0720, loss: 0.1373
2020-11-22 16:00:00,495 - mmdet - INFO - Epoch [1][500/622]	lr: 9.980e-03, eta: 0:24:59, time: 0.753, data_time: 0.012, memory: 10048, loss_rpn_cls: 0.0030, loss_rpn_bbox: 0.0309, loss_cls: 0.0327, acc: 98.6064, loss_bbox: 0.0761, loss: 0.1427
2020-11-22 16:01:15,450 - mmdet - INFO - Epoch [1][600/622]	lr: 1.000e-02, eta: 0:23:42, time: 0.750, data_time: 0.012, memory: 10048, loss_rpn_cls: 0.0023, loss_rpn_bbox: 0.0299, loss_cls: 0.0323, acc: 98.5898, loss_bbox: 0.0755, loss: 0.1401
2020-11-22 16:01:56,957 - mmdet - INFO - Evaluating bbox...
2020-11-22 16:02:00,361 - mmdet - INFO - Epoch [1][622/622]	lr: 1.000e-02, bbox_mAP: 0.8070, bbox_mAP_50: 0.8690, bbox_mAP_75: 0.8550, bbox_mAP_s: 0.5060, bbox_mAP_m: 0.8580, bbox_mAP_l: 0.9000, bbox_mAP_copypaste: 0.807 0.869 0.855 0.506 0.858 0.900
2020-11-22 16:03:17,734 - mmdet - INFO - Epoch [2][100/622]	lr: 1.000e-02, eta: 0:21:34, time: 0.771, data_time: 0.034, memory: 10048, loss_rpn_cls: 0.0021, loss_rpn_bbox: 0.0302, loss_cls: 0.0285, acc: 98.8320, loss_bbox: 0.0722, loss: 0.1331
2020-11-22 16:04:32,521 - mmdet - INFO - Epoch [2][200/622]	lr: 1.000e-02, eta: 0:20:24, time: 0.748, data_time: 0.012, memory: 10074, loss_rpn_cls: 0.0020, loss_rpn_bbox: 0.0293, loss_cls: 0.0298, acc: 98.7725, loss_bbox: 0.0705, loss: 0.1317
2020-11-22 16:05:47,781 - mmdet - INFO - Epoch [2][300/622]	lr: 1.000e-02, eta: 0:19:13, time: 0.753, data_time: 0.012, memory: 10074, loss_rpn_cls: 0.0024, loss_rpn_bbox: 0.0345, loss_cls: 0.0355, acc: 98.4971, loss_bbox: 0.0830, loss: 0.1553
2020-11-22 16:07:02,439 - mmdet - INFO - Epoch [2][400/622]	lr: 1.000e-02, eta: 0:18:01, time: 0.747, data_time: 0.012, memory: 10074, loss_rpn_cls: 0.0024, loss_rpn_bbox: 0.0299, loss_cls: 0.0314, acc: 98.7051, loss_bbox: 0.0776, loss: 0.1413
2020-11-22 16:08:17,150 - mmdet - INFO - Epoch [2][500/622]	lr: 1.000e-02, eta: 0:16:48, time: 0.747, data_time: 0.012, memory: 10074, loss_rpn_cls: 0.0030, loss_rpn_bbox: 0.0319, loss_cls: 0.0355, acc: 98.5312, loss_bbox: 0.0749, loss: 0.1453
2020-11-22 16:09:32,375 - mmdet - INFO - Epoch [2][600/622]	lr: 1.000e-02, eta: 0:15:36, time: 0.752, data_time: 0.012, memory: 10074, loss_rpn_cls: 0.0024, loss_rpn_bbox: 0.0315, loss_cls: 0.0268, acc: 98.8477, loss_bbox: 0.0640, loss: 0.1247
2020-11-22 16:10:14,221 - mmdet - INFO - Evaluating bbox...
2020-11-22 16:10:17,729 - mmdet - INFO - Epoch [2][622/622]	lr: 1.000e-02, bbox_mAP: 0.8100, bbox_mAP_50: 0.8690, bbox_mAP_75: 0.8590, bbox_mAP_s: 0.4960, bbox_mAP_m: 0.8630, bbox_mAP_l: 0.9070, bbox_mAP_copypaste: 0.810 0.869 0.859 0.496 0.863 0.907
2020-11-22 16:10:49,610 - mmdet - INFO - Epoch(train) [2][78]	loss_rpn_cls: 0.0036, loss_rpn_bbox: 0.0336, loss_cls: 0.0373, acc: 98.4563, loss_bbox: 0.0763, loss: 0.1507
2020-11-22 16:12:06,956 - mmdet - INFO - Epoch [3][100/622]	lr: 1.000e-02, eta: 0:13:55, time: 0.771, data_time: 0.033, memory: 10074, loss_rpn_cls: 0.0040, loss_rpn_bbox: 0.0345, loss_cls: 0.0323, acc: 98.7119, loss_bbox: 0.0798, loss: 0.1506
2020-11-22 16:13:21,935 - mmdet - INFO - Epoch [3][200/622]	lr: 1.000e-02, eta: 0:12:43, time: 0.750, data_time: 0.012, memory: 10074, loss_rpn_cls: 0.0033, loss_rpn_bbox: 0.0337, loss_cls: 0.0332, acc: 98.6514, loss_bbox: 0.0861, loss: 0.1563
2020-11-22 16:14:36,850 - mmdet - INFO - Epoch [3][300/622]	lr: 1.000e-02, eta: 0:11:31, time: 0.749, data_time: 0.012, memory: 10074, loss_rpn_cls: 0.0028, loss_rpn_bbox: 0.0333, loss_cls: 0.0356, acc: 98.5527, loss_bbox: 0.0822, loss: 0.1538
2020-11-22 16:15:51,509 - mmdet - INFO - Epoch [3][400/622]	lr: 1.000e-02, eta: 0:10:18, time: 0.747, data_time: 0.012, memory: 10074, loss_rpn_cls: 0.0033, loss_rpn_bbox: 0.0295, loss_cls: 0.0320, acc: 98.6260, loss_bbox: 0.0717, loss: 0.1365
2020-11-22 16:17:06,248 - mmdet - INFO - Epoch [3][500/622]	lr: 1.000e-02, eta: 0:09:06, time: 0.747, data_time: 0.012, memory: 10074, loss_rpn_cls: 0.0027, loss_rpn_bbox: 0.0291, loss_cls: 0.0315, acc: 98.6797, loss_bbox: 0.0741, loss: 0.1373
2020-11-22 16:18:20,754 - mmdet - INFO - Epoch [3][600/622]	lr: 1.000e-02, eta: 0:07:53, time: 0.745, data_time: 0.012, memory: 10074, loss_rpn_cls: 0.0035, loss_rpn_bbox: 0.0302, loss_cls: 0.0295, acc: 98.7979, loss_bbox: 0.0757, loss: 0.1388
2020-11-22 16:19:02,067 - mmdet - INFO - Evaluating bbox...
2020-11-22 16:19:05,495 - mmdet - INFO - Epoch [3][622/622]	lr: 1.000e-02, bbox_mAP: 0.7960, bbox_mAP_50: 0.8590, bbox_mAP_75: 0.8450, bbox_mAP_s: 0.4870, bbox_mAP_m: 0.8460, bbox_mAP_l: 0.8970, bbox_mAP_copypaste: 0.796 0.859 0.845 0.487 0.846 0.897
2020-11-22 16:20:22,795 - mmdet - INFO - Epoch [4][100/622]	lr: 1.000e-02, eta: 0:06:20, time: 0.771, data_time: 0.033, memory: 10074, loss_rpn_cls: 0.0026, loss_rpn_bbox: 0.0327, loss_cls: 0.0325, acc: 98.6113, loss_bbox: 0.0803, loss: 0.1481
2020-11-22 16:21:37,706 - mmdet - INFO - Epoch [4][200/622]	lr: 1.000e-02, eta: 0:05:07, time: 0.749, data_time: 0.012, memory: 10074, loss_rpn_cls: 0.0023, loss_rpn_bbox: 0.0302, loss_cls: 0.0275, acc: 98.8564, loss_bbox: 0.0678, loss: 0.1278
2020-11-22 16:22:52,601 - mmdet - INFO - Epoch [4][300/622]	lr: 1.000e-02, eta: 0:03:55, time: 0.749, data_time: 0.012, memory: 10074, loss_rpn_cls: 0.0027, loss_rpn_bbox: 0.0326, loss_cls: 0.0340, acc: 98.5518, loss_bbox: 0.0793, loss: 0.1485
2020-11-22 16:24:07,361 - mmdet - INFO - Epoch [4][400/622]	lr: 1.000e-02, eta: 0:02:42, time: 0.748, data_time: 0.012, memory: 10074, loss_rpn_cls: 0.0023, loss_rpn_bbox: 0.0289, loss_cls: 0.0318, acc: 98.6641, loss_bbox: 0.0754, loss: 0.1384
2020-11-22 16:25:22,752 - mmdet - INFO - Epoch [4][500/622]	lr: 1.000e-02, eta: 0:01:29, time: 0.754, data_time: 0.013, memory: 10074, loss_rpn_cls: 0.0034, loss_rpn_bbox: 0.0312, loss_cls: 0.0338, acc: 98.6064, loss_bbox: 0.0758, loss: 0.1442
2020-11-22 16:26:37,702 - mmdet - INFO - Epoch [4][600/622]	lr: 1.000e-02, eta: 0:00:16, time: 0.749, data_time: 0.012, memory: 10074, loss_rpn_cls: 0.0025, loss_rpn_bbox: 0.0310, loss_cls: 0.0310, acc: 98.6621, loss_bbox: 0.0782, loss: 0.1428
2020-11-22 16:26:54,251 - mmdet - INFO - Saving checkpoint at 4 epochs
2020-11-22 16:27:21,298 - mmdet - INFO - Evaluating bbox...
2020-11-22 16:27:24,768 - mmdet - INFO - Epoch [4][622/622]	lr: 1.000e-02, bbox_mAP: 0.8040, bbox_mAP_50: 0.8640, bbox_mAP_75: 0.8550, bbox_mAP_s: 0.4980, bbox_mAP_m: 0.8540, bbox_mAP_l: 0.9030, bbox_mAP_copypaste: 0.804 0.864 0.855 0.498 0.854 0.903
2020-11-22 16:27:56,648 - mmdet - INFO - Epoch(train) [4][78]	loss_rpn_cls: 0.0036, loss_rpn_bbox: 0.0337, loss_cls: 0.0389, acc: 98.4125, loss_bbox: 0.0808, loss: 0.1570
