2020-11-23 18:32:52,431 - mmdet - INFO - Environment info:
------------------------------------------------------------
sys.platform: linux
Python: 3.6.4 |Anaconda, Inc.| (default, Jan 16 2018, 18:10:19) [GCC 7.2.0]
CUDA available: True
CUDA_HOME: /usr/local/cuda
NVCC: Cuda compilation tools, release 10.0, V10.0.130
GPU 0: Tesla P100-PCIE-16GB
GCC: gcc (GCC) 5.3.0
PyTorch: 1.3.1+cu100
PyTorch compiling details: PyTorch built with:
  - GCC 7.3
  - Intel(R) Math Kernel Library Version 2019.0.4 Product Build 20190411 for Intel(R) 64 architecture applications
  - Intel(R) MKL-DNN v0.20.5 (Git Hash 0125f28c61c1f822fd48570b4c1066f96fcb9b2e)
  - OpenMP 201511 (a.k.a. OpenMP 4.5)
  - NNPACK is enabled
  - CUDA Runtime 10.0
  - NVCC architecture flags: -gencode;arch=compute_37,code=sm_37;-gencode;arch=compute_50,code=sm_50;-gencode;arch=compute_60,code=sm_60;-gencode;arch=compute_61,code=sm_61;-gencode;arch=compute_70,code=sm_70;-gencode;arch=compute_75,code=sm_75;-gencode;arch=compute_37,code=compute_37
  - CuDNN 7.6.3
  - Magma 2.5.1
  - Build settings: BLAS=MKL, BUILD_NAMEDTENSOR=OFF, BUILD_TYPE=Release, CXX_FLAGS= -Wno-deprecated -fvisibility-inlines-hidden -fopenmp -DUSE_FBGEMM -DUSE_QNNPACK -DUSE_PYTORCH_QNNPACK -O2 -fPIC -Wno-narrowing -Wall -Wextra -Wno-missing-field-initializers -Wno-type-limits -Wno-array-bounds -Wno-unknown-pragmas -Wno-sign-compare -Wno-unused-parameter -Wno-unused-variable -Wno-unused-function -Wno-unused-result -Wno-strict-overflow -Wno-strict-aliasing -Wno-error=deprecated-declarations -Wno-stringop-overflow -Wno-error=pedantic -Wno-error=redundant-decls -Wno-error=old-style-cast -fdiagnostics-color=always -faligned-new -Wno-unused-but-set-variable -Wno-maybe-uninitialized -fno-math-errno -fno-trapping-math -Wno-stringop-overflow, DISABLE_NUMA=1, PERF_WITH_AVX=1, PERF_WITH_AVX2=1, PERF_WITH_AVX512=1, USE_CUDA=True, USE_EXCEPTION_PTR=1, USE_GFLAGS=OFF, USE_GLOG=OFF, USE_MKL=ON, USE_MKLDNN=ON, USE_MPI=OFF, USE_NCCL=ON, USE_NNPACK=ON, USE_OPENMP=ON, USE_STATIC_DISPATCH=OFF, 

TorchVision: 0.4.2+cu100
OpenCV: 4.4.0
MMCV: 1.0.5
MMDetection: 2.3.0+788fa8d
MMDetection Compiler: GCC 7.3
MMDetection CUDA Compiler: 10.0
------------------------------------------------------------

2020-11-23 18:32:52,431 - mmdet - INFO - Distributed training: False
2020-11-23 18:32:52,818 - mmdet - INFO - Config:
model = dict(
    type='FasterRCNN',
    pretrained='torchvision://resnet50',
    backbone=dict(
        type='ResNet',
        depth=50,
        num_stages=4,
        out_indices=(0, 1, 2, 3),
        frozen_stages=1,
        norm_cfg=dict(type='BN', requires_grad=True),
        norm_eval=True,
        style='pytorch'),
    neck=dict(
        type='FPN',
        in_channels=[256, 512, 1024, 2048],
        out_channels=256,
        num_outs=5),
    rpn_head=dict(
        type='RPNHead',
        in_channels=256,
        feat_channels=256,
        anchor_generator=dict(
            type='AnchorGenerator',
            scales=[8],
            ratios=[0.5, 1.0, 2.0],
            strides=[4, 8, 16, 32, 64]),
        bbox_coder=dict(
            type='DeltaXYWHBBoxCoder',
            target_means=[0.0, 0.0, 0.0, 0.0],
            target_stds=[1.0, 1.0, 1.0, 1.0]),
        loss_cls=dict(
            type='CrossEntropyLoss', use_sigmoid=True, loss_weight=1.0),
        loss_bbox=dict(type='L1Loss', loss_weight=1.0)),
    roi_head=dict(
        type='StandardRoIHead',
        bbox_roi_extractor=dict(
            type='SingleRoIExtractor',
            roi_layer=dict(type='RoIAlign', output_size=7, sampling_ratio=0),
            out_channels=256,
            featmap_strides=[4, 8, 16, 32]),
        bbox_head=dict(
            type='Shared2FCBBoxHead',
            in_channels=256,
            fc_out_channels=1024,
            roi_feat_size=7,
            num_classes=2,
            bbox_coder=dict(
                type='DeltaXYWHBBoxCoder',
                target_means=[0.0, 0.0, 0.0, 0.0],
                target_stds=[0.1, 0.1, 0.2, 0.2]),
            reg_class_agnostic=False,
            loss_cls=dict(
                type='CrossEntropyLoss', use_sigmoid=False, loss_weight=1.0),
            loss_bbox=dict(type='L1Loss', loss_weight=1.0))))
train_cfg = dict(
    rpn=dict(
        assigner=dict(
            type='MaxIoUAssigner',
            pos_iou_thr=0.7,
            neg_iou_thr=0.3,
            min_pos_iou=0.3,
            match_low_quality=True,
            ignore_iof_thr=-1),
        sampler=dict(
            type='RandomSampler',
            num=256,
            pos_fraction=0.5,
            neg_pos_ub=-1,
            add_gt_as_proposals=False),
        allowed_border=-1,
        pos_weight=-1,
        debug=False),
    rpn_proposal=dict(
        nms_across_levels=False,
        nms_pre=2000,
        nms_post=1000,
        max_num=1000,
        nms_thr=0.7,
        min_bbox_size=0),
    rcnn=dict(
        assigner=dict(
            type='MaxIoUAssigner',
            pos_iou_thr=0.5,
            neg_iou_thr=0.5,
            min_pos_iou=0.5,
            match_low_quality=False,
            ignore_iof_thr=-1),
        sampler=dict(
            type='RandomSampler',
            num=512,
            pos_fraction=0.25,
            neg_pos_ub=-1,
            add_gt_as_proposals=True),
        pos_weight=-1,
        debug=False))
test_cfg = dict(
    rpn=dict(
        nms_across_levels=False,
        nms_pre=1000,
        nms_post=1000,
        max_num=1000,
        nms_thr=0.7,
        min_bbox_size=0),
    rcnn=dict(
        score_thr=0.05,
        nms=dict(type='nms', iou_threshold=0.5),
        max_per_img=100))
dataset_type = 'CocoDataset'
data_root = 'data/coco/'
img_norm_cfg = dict(
    mean=[123.675, 116.28, 103.53], std=[58.395, 57.12, 57.375], to_rgb=True)
train_pipeline = [
    dict(type='LoadImageFromFile'),
    dict(type='LoadAnnotations', with_bbox=True),
    dict(type='Resize', img_scale=(1550, 1550), keep_ratio=True),
    dict(type='RandomFlip', flip_ratio=0.5),
    dict(
        type='Normalize',
        mean=[123.675, 116.28, 103.53],
        std=[58.395, 57.12, 57.375],
        to_rgb=True),
    dict(type='Pad', size_divisor=32),
    dict(type='DefaultFormatBundle'),
    dict(type='Collect', keys=['img', 'gt_bboxes', 'gt_labels'])
]
test_pipeline = [
    dict(type='LoadImageFromFile'),
    dict(
        type='MultiScaleFlipAug',
        img_scale=(1550, 1550),
        flip=False,
        transforms=[
            dict(type='Resize', keep_ratio=True),
            dict(type='RandomFlip'),
            dict(
                type='Normalize',
                mean=[123.675, 116.28, 103.53],
                std=[58.395, 57.12, 57.375],
                to_rgb=True),
            dict(type='Pad', size_divisor=32),
            dict(type='ImageToTensor', keys=['img']),
            dict(type='Collect', keys=['img'])
        ])
]
data = dict(
    samples_per_gpu=2,
    workers_per_gpu=2,
    train=dict(
        type='CocoDataset',
        ann_file='data/coco/annotations/annotations_trai.json',
        img_prefix='data/coco/img/',
        pipeline=[
            dict(type='LoadImageFromFile'),
            dict(type='LoadAnnotations', with_bbox=True),
            dict(type='Resize', img_scale=(1550, 1550), keep_ratio=True),
            dict(type='RandomFlip', flip_ratio=0.5),
            dict(
                type='Normalize',
                mean=[123.675, 116.28, 103.53],
                std=[58.395, 57.12, 57.375],
                to_rgb=True),
            dict(type='Pad', size_divisor=32),
            dict(type='DefaultFormatBundle'),
            dict(type='Collect', keys=['img', 'gt_bboxes', 'gt_labels'])
        ]),
    val=dict(
        type='CocoDataset',
        ann_file='data/coco/annotations/annotations_test.json',
        img_prefix='data/coco/img/',
        pipeline=[
            dict(type='LoadImageFromFile'),
            dict(
                type='MultiScaleFlipAug',
                img_scale=(1550, 1550),
                flip=False,
                transforms=[
                    dict(type='Resize', keep_ratio=True),
                    dict(type='RandomFlip'),
                    dict(
                        type='Normalize',
                        mean=[123.675, 116.28, 103.53],
                        std=[58.395, 57.12, 57.375],
                        to_rgb=True),
                    dict(type='Pad', size_divisor=32),
                    dict(type='ImageToTensor', keys=['img']),
                    dict(type='Collect', keys=['img'])
                ])
        ]),
    test=dict(
        type='CocoDataset',
        ann_file='data/coco/annotations/annotations_vals.json',
        img_prefix='data/coco/img/',
        pipeline=[
            dict(type='LoadImageFromFile'),
            dict(
                type='MultiScaleFlipAug',
                img_scale=(1550, 1550),
                flip=False,
                transforms=[
                    dict(type='Resize', keep_ratio=True),
                    dict(type='RandomFlip'),
                    dict(
                        type='Normalize',
                        mean=[123.675, 116.28, 103.53],
                        std=[58.395, 57.12, 57.375],
                        to_rgb=True),
                    dict(type='Pad', size_divisor=32),
                    dict(type='ImageToTensor', keys=['img']),
                    dict(type='Collect', keys=['img'])
                ])
        ]))
evaluation = dict(interval=1, metric='bbox')
optimizer = dict(type='SGD', lr=0.01, momentum=0.9, weight_decay=0.0001)
optimizer_config = dict(grad_clip=None)
lr_config = dict(
    policy='step',
    warmup='linear',
    warmup_iters=500,
    warmup_ratio=0.001,
    step=[8, 11])
total_epochs = 4
checkpoint_config = dict(interval=4)
log_config = dict(interval=100, hooks=[dict(type='TextLoggerHook')])
dist_params = dict(backend='nccl')
log_level = 'INFO'
load_from = '/home/admin/.cache/torch/checkpoints/X.pth'
resume_from = None
workflow = [('train', 2), ('val', 1)]
work_dir = '/home/admin/jupyter/SecurityAI_Round5/data/work'
gpu_ids = range(0, 1)

2020-11-23 18:32:53,336 - mmdet - INFO - load model from: torchvision://resnet50
2020-11-23 18:33:00,970 - mmdet - WARNING - The model and loaded state dict do not match exactly

unexpected key in source state_dict: fc.weight, fc.bias

2020-11-23 18:33:11,459 - mmdet - INFO - load checkpoint from /home/admin/.cache/torch/checkpoints/X.pth
2020-11-23 18:33:18,097 - mmdet - INFO - Start running, host: admin@fuxilabor_labor0_S4_Odps_S96_dsw_prepaid_cnsh_838_2020112310060, work_dir: /home/admin/jupyter/SecurityAI_Round5/data/work
2020-11-23 18:33:18,098 - mmdet - INFO - workflow: [('train', 2), ('val', 1)], max: 4 epochs
2020-11-23 18:34:35,313 - mmdet - INFO - Epoch [1][100/633]	lr: 1.988e-03, eta: 0:31:13, time: 0.770, data_time: 0.033, memory: 10080, loss_rpn_cls: 0.0076, loss_rpn_bbox: 0.0324, loss_cls: 0.0483, acc: 98.1221, loss_bbox: 0.0885, loss: 0.1768
2020-11-23 18:35:50,436 - mmdet - INFO - Epoch [1][200/633]	lr: 3.986e-03, eta: 0:29:33, time: 0.751, data_time: 0.012, memory: 10080, loss_rpn_cls: 0.0037, loss_rpn_bbox: 0.0260, loss_cls: 0.0338, acc: 98.6260, loss_bbox: 0.0758, loss: 0.1394
2020-11-23 18:37:05,681 - mmdet - INFO - Epoch [1][300/633]	lr: 5.984e-03, eta: 0:28:11, time: 0.752, data_time: 0.012, memory: 11889, loss_rpn_cls: 0.0030, loss_rpn_bbox: 0.0291, loss_cls: 0.0395, acc: 98.4590, loss_bbox: 0.0757, loss: 0.1473
2020-11-23 18:38:20,428 - mmdet - INFO - Epoch [1][400/633]	lr: 7.982e-03, eta: 0:26:50, time: 0.747, data_time: 0.012, memory: 11889, loss_rpn_cls: 0.0025, loss_rpn_bbox: 0.0284, loss_cls: 0.0287, acc: 98.8945, loss_bbox: 0.0701, loss: 0.1296
2020-11-23 18:39:35,548 - mmdet - INFO - Epoch [1][500/633]	lr: 9.980e-03, eta: 0:25:33, time: 0.751, data_time: 0.012, memory: 11889, loss_rpn_cls: 0.0029, loss_rpn_bbox: 0.0284, loss_cls: 0.0307, acc: 98.6982, loss_bbox: 0.0705, loss: 0.1324
2020-11-23 18:40:50,602 - mmdet - INFO - Epoch [1][600/633]	lr: 1.000e-02, eta: 0:24:16, time: 0.751, data_time: 0.012, memory: 11889, loss_rpn_cls: 0.0026, loss_rpn_bbox: 0.0336, loss_cls: 0.0354, acc: 98.5176, loss_bbox: 0.0793, loss: 0.1509
2020-11-23 18:41:40,380 - mmdet - INFO - Evaluating bbox...
2020-11-23 18:41:42,544 - mmdet - INFO - Epoch [1][633/633]	lr: 1.000e-02, bbox_mAP: 0.8490, bbox_mAP_50: 0.9140, bbox_mAP_75: 0.9040, bbox_mAP_s: 0.6210, bbox_mAP_m: 0.8750, bbox_mAP_l: 0.9050, bbox_mAP_copypaste: 0.849 0.914 0.904 0.621 0.875 0.905
2020-11-23 18:42:59,860 - mmdet - INFO - Epoch [2][100/633]	lr: 1.000e-02, eta: 0:21:39, time: 0.771, data_time: 0.034, memory: 11889, loss_rpn_cls: 0.0028, loss_rpn_bbox: 0.0353, loss_cls: 0.0388, acc: 98.3760, loss_bbox: 0.0826, loss: 0.1595
2020-11-23 18:44:14,929 - mmdet - INFO - Epoch [2][200/633]	lr: 1.000e-02, eta: 0:20:32, time: 0.751, data_time: 0.012, memory: 11889, loss_rpn_cls: 0.0032, loss_rpn_bbox: 0.0334, loss_cls: 0.0355, acc: 98.4111, loss_bbox: 0.0765, loss: 0.1486
2020-11-23 18:45:29,911 - mmdet - INFO - Epoch [2][300/633]	lr: 1.000e-02, eta: 0:19:24, time: 0.750, data_time: 0.012, memory: 11889, loss_rpn_cls: 0.0038, loss_rpn_bbox: 0.0308, loss_cls: 0.0368, acc: 98.5537, loss_bbox: 0.0768, loss: 0.1482
2020-11-23 18:46:44,660 - mmdet - INFO - Epoch [2][400/633]	lr: 1.000e-02, eta: 0:18:14, time: 0.747, data_time: 0.012, memory: 11889, loss_rpn_cls: 0.0030, loss_rpn_bbox: 0.0294, loss_cls: 0.0361, acc: 98.4492, loss_bbox: 0.0746, loss: 0.1431
2020-11-23 18:47:59,365 - mmdet - INFO - Epoch [2][500/633]	lr: 1.000e-02, eta: 0:17:03, time: 0.747, data_time: 0.012, memory: 11889, loss_rpn_cls: 0.0032, loss_rpn_bbox: 0.0334, loss_cls: 0.0300, acc: 98.7461, loss_bbox: 0.0793, loss: 0.1460
2020-11-23 18:49:14,039 - mmdet - INFO - Epoch [2][600/633]	lr: 1.000e-02, eta: 0:15:51, time: 0.747, data_time: 0.012, memory: 11889, loss_rpn_cls: 0.0036, loss_rpn_bbox: 0.0307, loss_cls: 0.0317, acc: 98.7705, loss_bbox: 0.0712, loss: 0.1372
2020-11-23 18:50:03,681 - mmdet - INFO - Evaluating bbox...
2020-11-23 18:50:05,878 - mmdet - INFO - Epoch [2][633/633]	lr: 1.000e-02, bbox_mAP: 0.8520, bbox_mAP_50: 0.9130, bbox_mAP_75: 0.9030, bbox_mAP_s: 0.6120, bbox_mAP_m: 0.8850, bbox_mAP_l: 0.9100, bbox_mAP_copypaste: 0.852 0.913 0.903 0.612 0.885 0.910
2020-11-23 18:50:37,199 - mmdet - INFO - Epoch(train) [2][78]	loss_rpn_cls: 0.0036, loss_rpn_bbox: 0.0343, loss_cls: 0.0414, acc: 98.3161, loss_bbox: 0.0795, loss: 0.1588
2020-11-23 18:51:54,312 - mmdet - INFO - Epoch [3][100/633]	lr: 1.000e-02, eta: 0:13:56, time: 0.769, data_time: 0.033, memory: 11889, loss_rpn_cls: 0.0028, loss_rpn_bbox: 0.0310, loss_cls: 0.0338, acc: 98.6289, loss_bbox: 0.0756, loss: 0.1432
2020-11-23 18:53:09,488 - mmdet - INFO - Epoch [3][200/633]	lr: 1.000e-02, eta: 0:12:47, time: 0.752, data_time: 0.012, memory: 11889, loss_rpn_cls: 0.0032, loss_rpn_bbox: 0.0307, loss_cls: 0.0345, acc: 98.5488, loss_bbox: 0.0761, loss: 0.1445
2020-11-23 18:54:24,669 - mmdet - INFO - Epoch [3][300/633]	lr: 1.000e-02, eta: 0:11:37, time: 0.752, data_time: 0.012, memory: 11889, loss_rpn_cls: 0.0028, loss_rpn_bbox: 0.0322, loss_cls: 0.0351, acc: 98.4834, loss_bbox: 0.0786, loss: 0.1487
2020-11-23 18:55:39,928 - mmdet - INFO - Epoch [3][400/633]	lr: 1.000e-02, eta: 0:10:26, time: 0.753, data_time: 0.012, memory: 11889, loss_rpn_cls: 0.0023, loss_rpn_bbox: 0.0281, loss_cls: 0.0306, acc: 98.7197, loss_bbox: 0.0747, loss: 0.1358
2020-11-23 18:56:55,168 - mmdet - INFO - Epoch [3][500/633]	lr: 1.000e-02, eta: 0:09:15, time: 0.752, data_time: 0.012, memory: 11889, loss_rpn_cls: 0.0022, loss_rpn_bbox: 0.0318, loss_cls: 0.0330, acc: 98.5645, loss_bbox: 0.0800, loss: 0.1470
2020-11-23 18:58:10,416 - mmdet - INFO - Epoch [3][600/633]	lr: 1.000e-02, eta: 0:08:04, time: 0.752, data_time: 0.012, memory: 11889, loss_rpn_cls: 0.0031, loss_rpn_bbox: 0.0347, loss_cls: 0.0344, acc: 98.6016, loss_bbox: 0.0759, loss: 0.1481
2020-11-23 18:59:00,101 - mmdet - INFO - Evaluating bbox...
2020-11-23 18:59:02,155 - mmdet - INFO - Epoch [3][633/633]	lr: 1.000e-02, bbox_mAP: 0.8510, bbox_mAP_50: 0.9140, bbox_mAP_75: 0.9030, bbox_mAP_s: 0.6250, bbox_mAP_m: 0.8780, bbox_mAP_l: 0.9150, bbox_mAP_copypaste: 0.851 0.914 0.903 0.625 0.878 0.915
2020-11-23 19:00:19,468 - mmdet - INFO - Epoch [4][100/633]	lr: 1.000e-02, eta: 0:06:22, time: 0.771, data_time: 0.033, memory: 11889, loss_rpn_cls: 0.0026, loss_rpn_bbox: 0.0312, loss_cls: 0.0315, acc: 98.7061, loss_bbox: 0.0748, loss: 0.1401
2020-11-23 19:01:34,200 - mmdet - INFO - Epoch [4][200/633]	lr: 1.000e-02, eta: 0:05:11, time: 0.747, data_time: 0.012, memory: 11889, loss_rpn_cls: 0.0032, loss_rpn_bbox: 0.0316, loss_cls: 0.0311, acc: 98.6924, loss_bbox: 0.0757, loss: 0.1415
2020-11-23 19:02:49,275 - mmdet - INFO - Epoch [4][300/633]	lr: 1.000e-02, eta: 0:03:59, time: 0.751, data_time: 0.012, memory: 11889, loss_rpn_cls: 0.0026, loss_rpn_bbox: 0.0313, loss_cls: 0.0307, acc: 98.6465, loss_bbox: 0.0729, loss: 0.1374
2020-11-23 19:04:04,385 - mmdet - INFO - Epoch [4][400/633]	lr: 1.000e-02, eta: 0:02:48, time: 0.751, data_time: 0.012, memory: 11915, loss_rpn_cls: 0.0040, loss_rpn_bbox: 0.0291, loss_cls: 0.0334, acc: 98.6494, loss_bbox: 0.0750, loss: 0.1415
2020-11-23 19:05:19,069 - mmdet - INFO - Epoch [4][500/633]	lr: 1.000e-02, eta: 0:01:36, time: 0.747, data_time: 0.012, memory: 11915, loss_rpn_cls: 0.0038, loss_rpn_bbox: 0.0311, loss_cls: 0.0345, acc: 98.5459, loss_bbox: 0.0749, loss: 0.1443
2020-11-23 19:06:33,980 - mmdet - INFO - Epoch [4][600/633]	lr: 1.000e-02, eta: 0:00:23, time: 0.749, data_time: 0.012, memory: 11915, loss_rpn_cls: 0.0031, loss_rpn_bbox: 0.0328, loss_cls: 0.0307, acc: 98.7207, loss_bbox: 0.0805, loss: 0.1471
2020-11-23 19:06:58,659 - mmdet - INFO - Saving checkpoint at 4 epochs
2020-11-23 19:07:25,578 - mmdet - INFO - Evaluating bbox...
2020-11-23 19:07:27,724 - mmdet - INFO - Epoch [4][633/633]	lr: 1.000e-02, bbox_mAP: 0.8550, bbox_mAP_50: 0.9230, bbox_mAP_75: 0.9080, bbox_mAP_s: 0.6150, bbox_mAP_m: 0.8720, bbox_mAP_l: 0.9220, bbox_mAP_copypaste: 0.855 0.923 0.908 0.615 0.872 0.922
2020-11-23 19:07:59,030 - mmdet - INFO - Epoch(train) [4][78]	loss_rpn_cls: 0.0024, loss_rpn_bbox: 0.0355, loss_cls: 0.0356, acc: 98.5464, loss_bbox: 0.0778, loss: 0.1512
