2020-11-21 07:02:42,897 - mmdet - INFO - Environment info:
------------------------------------------------------------
sys.platform: linux
Python: 3.6.4 |Anaconda, Inc.| (default, Jan 16 2018, 18:10:19) [GCC 7.2.0]
CUDA available: True
CUDA_HOME: /usr/local/cuda
NVCC: Cuda compilation tools, release 10.0, V10.0.130
GPU 0: Tesla P100-PCIE-16GB
GCC: gcc (GCC) 5.3.0
PyTorch: 1.3.1+cu100
PyTorch compiling details: PyTorch built with:
  - GCC 7.3
  - Intel(R) Math Kernel Library Version 2019.0.4 Product Build 20190411 for Intel(R) 64 architecture applications
  - Intel(R) MKL-DNN v0.20.5 (Git Hash 0125f28c61c1f822fd48570b4c1066f96fcb9b2e)
  - OpenMP 201511 (a.k.a. OpenMP 4.5)
  - NNPACK is enabled
  - CUDA Runtime 10.0
  - NVCC architecture flags: -gencode;arch=compute_37,code=sm_37;-gencode;arch=compute_50,code=sm_50;-gencode;arch=compute_60,code=sm_60;-gencode;arch=compute_61,code=sm_61;-gencode;arch=compute_70,code=sm_70;-gencode;arch=compute_75,code=sm_75;-gencode;arch=compute_37,code=compute_37
  - CuDNN 7.6.3
  - Magma 2.5.1
  - Build settings: BLAS=MKL, BUILD_NAMEDTENSOR=OFF, BUILD_TYPE=Release, CXX_FLAGS= -Wno-deprecated -fvisibility-inlines-hidden -fopenmp -DUSE_FBGEMM -DUSE_QNNPACK -DUSE_PYTORCH_QNNPACK -O2 -fPIC -Wno-narrowing -Wall -Wextra -Wno-missing-field-initializers -Wno-type-limits -Wno-array-bounds -Wno-unknown-pragmas -Wno-sign-compare -Wno-unused-parameter -Wno-unused-variable -Wno-unused-function -Wno-unused-result -Wno-strict-overflow -Wno-strict-aliasing -Wno-error=deprecated-declarations -Wno-stringop-overflow -Wno-error=pedantic -Wno-error=redundant-decls -Wno-error=old-style-cast -fdiagnostics-color=always -faligned-new -Wno-unused-but-set-variable -Wno-maybe-uninitialized -fno-math-errno -fno-trapping-math -Wno-stringop-overflow, DISABLE_NUMA=1, PERF_WITH_AVX=1, PERF_WITH_AVX2=1, PERF_WITH_AVX512=1, USE_CUDA=True, USE_EXCEPTION_PTR=1, USE_GFLAGS=OFF, USE_GLOG=OFF, USE_MKL=ON, USE_MKLDNN=ON, USE_MPI=OFF, USE_NCCL=ON, USE_NNPACK=ON, USE_OPENMP=ON, USE_STATIC_DISPATCH=OFF, 

TorchVision: 0.4.2+cu100
OpenCV: 4.4.0
MMCV: 1.0.5
MMDetection: 2.3.0+788fa8d
MMDetection Compiler: GCC 7.3
MMDetection CUDA Compiler: 10.0
------------------------------------------------------------

2020-11-21 07:02:42,898 - mmdet - INFO - Distributed training: False
2020-11-21 07:02:43,290 - mmdet - INFO - Config:
model = dict(
    type='FasterRCNN',
    pretrained='torchvision://resnet50',
    backbone=dict(
        type='ResNet',
        depth=50,
        num_stages=4,
        out_indices=(0, 1, 2, 3),
        frozen_stages=1,
        norm_cfg=dict(type='BN', requires_grad=True),
        norm_eval=True,
        style='pytorch'),
    neck=dict(
        type='FPN',
        in_channels=[256, 512, 1024, 2048],
        out_channels=256,
        num_outs=5),
    rpn_head=dict(
        type='RPNHead',
        in_channels=256,
        feat_channels=256,
        anchor_generator=dict(
            type='AnchorGenerator',
            scales=[8],
            ratios=[0.5, 1.0, 2.0],
            strides=[4, 8, 16, 32, 64]),
        bbox_coder=dict(
            type='DeltaXYWHBBoxCoder',
            target_means=[0.0, 0.0, 0.0, 0.0],
            target_stds=[1.0, 1.0, 1.0, 1.0]),
        loss_cls=dict(
            type='CrossEntropyLoss', use_sigmoid=True, loss_weight=1.0),
        loss_bbox=dict(type='L1Loss', loss_weight=1.0)),
    roi_head=dict(
        type='StandardRoIHead',
        bbox_roi_extractor=dict(
            type='SingleRoIExtractor',
            roi_layer=dict(type='RoIAlign', output_size=7, sampling_ratio=0),
            out_channels=256,
            featmap_strides=[4, 8, 16, 32]),
        bbox_head=dict(
            type='Shared2FCBBoxHead',
            in_channels=256,
            fc_out_channels=1024,
            roi_feat_size=7,
            num_classes=2,
            bbox_coder=dict(
                type='DeltaXYWHBBoxCoder',
                target_means=[0.0, 0.0, 0.0, 0.0],
                target_stds=[0.1, 0.1, 0.2, 0.2]),
            reg_class_agnostic=False,
            loss_cls=dict(
                type='CrossEntropyLoss', use_sigmoid=False, loss_weight=1.0),
            loss_bbox=dict(type='L1Loss', loss_weight=1.0))))
train_cfg = dict(
    rpn=dict(
        assigner=dict(
            type='MaxIoUAssigner',
            pos_iou_thr=0.7,
            neg_iou_thr=0.3,
            min_pos_iou=0.3,
            match_low_quality=True,
            ignore_iof_thr=-1),
        sampler=dict(
            type='RandomSampler',
            num=256,
            pos_fraction=0.5,
            neg_pos_ub=-1,
            add_gt_as_proposals=False),
        allowed_border=-1,
        pos_weight=-1,
        debug=False),
    rpn_proposal=dict(
        nms_across_levels=False,
        nms_pre=2000,
        nms_post=1000,
        max_num=1000,
        nms_thr=0.7,
        min_bbox_size=0),
    rcnn=dict(
        assigner=dict(
            type='MaxIoUAssigner',
            pos_iou_thr=0.5,
            neg_iou_thr=0.5,
            min_pos_iou=0.5,
            match_low_quality=False,
            ignore_iof_thr=-1),
        sampler=dict(
            type='RandomSampler',
            num=512,
            pos_fraction=0.25,
            neg_pos_ub=-1,
            add_gt_as_proposals=True),
        pos_weight=-1,
        debug=False))
test_cfg = dict(
    rpn=dict(
        nms_across_levels=False,
        nms_pre=1000,
        nms_post=1000,
        max_num=1000,
        nms_thr=0.7,
        min_bbox_size=0),
    rcnn=dict(
        score_thr=0.05,
        nms=dict(type='nms', iou_threshold=0.5),
        max_per_img=100))
dataset_type = 'CocoDataset'
data_root = 'data/coco/'
img_norm_cfg = dict(
    mean=[123.675, 116.28, 103.53], std=[58.395, 57.12, 57.375], to_rgb=True)
train_pipeline = [
    dict(type='LoadImageFromFile'),
    dict(type='LoadAnnotations', with_bbox=True),
    dict(type='Resize', img_scale=(1550, 1550), keep_ratio=True),
    dict(type='RandomFlip', flip_ratio=0.5),
    dict(
        type='Normalize',
        mean=[123.675, 116.28, 103.53],
        std=[58.395, 57.12, 57.375],
        to_rgb=True),
    dict(type='Pad', size_divisor=32),
    dict(type='DefaultFormatBundle'),
    dict(type='Collect', keys=['img', 'gt_bboxes', 'gt_labels'])
]
test_pipeline = [
    dict(type='LoadImageFromFile'),
    dict(
        type='MultiScaleFlipAug',
        img_scale=(1550, 1550),
        flip=False,
        transforms=[
            dict(type='Resize', keep_ratio=True),
            dict(type='RandomFlip'),
            dict(
                type='Normalize',
                mean=[123.675, 116.28, 103.53],
                std=[58.395, 57.12, 57.375],
                to_rgb=True),
            dict(type='Pad', size_divisor=32),
            dict(type='ImageToTensor', keys=['img']),
            dict(type='Collect', keys=['img'])
        ])
]
data = dict(
    samples_per_gpu=2,
    workers_per_gpu=2,
    train=dict(
        type='CocoDataset',
        ann_file='data/coco/annotations/annotations_trai.json',
        img_prefix='data/coco/img/',
        pipeline=[
            dict(type='LoadImageFromFile'),
            dict(type='LoadAnnotations', with_bbox=True),
            dict(type='Resize', img_scale=(1550, 1550), keep_ratio=True),
            dict(type='RandomFlip', flip_ratio=0.5),
            dict(
                type='Normalize',
                mean=[123.675, 116.28, 103.53],
                std=[58.395, 57.12, 57.375],
                to_rgb=True),
            dict(type='Pad', size_divisor=32),
            dict(type='DefaultFormatBundle'),
            dict(type='Collect', keys=['img', 'gt_bboxes', 'gt_labels'])
        ]),
    val=dict(
        type='CocoDataset',
        ann_file='data/coco/annotations/annotations_test.json',
        img_prefix='data/coco/img/',
        pipeline=[
            dict(type='LoadImageFromFile'),
            dict(
                type='MultiScaleFlipAug',
                img_scale=(1550, 1550),
                flip=False,
                transforms=[
                    dict(type='Resize', keep_ratio=True),
                    dict(type='RandomFlip'),
                    dict(
                        type='Normalize',
                        mean=[123.675, 116.28, 103.53],
                        std=[58.395, 57.12, 57.375],
                        to_rgb=True),
                    dict(type='Pad', size_divisor=32),
                    dict(type='ImageToTensor', keys=['img']),
                    dict(type='Collect', keys=['img'])
                ])
        ]),
    test=dict(
        type='CocoDataset',
        ann_file='data/coco/annotations/annotations_vals.json',
        img_prefix='data/coco/img/',
        pipeline=[
            dict(type='LoadImageFromFile'),
            dict(
                type='MultiScaleFlipAug',
                img_scale=(1550, 1550),
                flip=False,
                transforms=[
                    dict(type='Resize', keep_ratio=True),
                    dict(type='RandomFlip'),
                    dict(
                        type='Normalize',
                        mean=[123.675, 116.28, 103.53],
                        std=[58.395, 57.12, 57.375],
                        to_rgb=True),
                    dict(type='Pad', size_divisor=32),
                    dict(type='ImageToTensor', keys=['img']),
                    dict(type='Collect', keys=['img'])
                ])
        ]))
evaluation = dict(interval=1, metric='bbox')
optimizer = dict(type='SGD', lr=0.01, momentum=0.9, weight_decay=0.0001)
optimizer_config = dict(grad_clip=None)
lr_config = dict(
    policy='step',
    warmup='linear',
    warmup_iters=500,
    warmup_ratio=0.001,
    step=[8, 11])
total_epochs = 4
checkpoint_config = dict(interval=4)
log_config = dict(interval=100, hooks=[dict(type='TextLoggerHook')])
dist_params = dict(backend='nccl')
log_level = 'INFO'
load_from = '/home/admin/.cache/torch/checkpoints/X.pth'
resume_from = None
workflow = [('train', 2), ('val', 1)]
work_dir = '/home/admin/jupyter/SecurityAI_Round5/data/work'
gpu_ids = range(0, 1)

2020-11-21 07:02:43,791 - mmdet - INFO - load model from: torchvision://resnet50
2020-11-21 07:02:51,624 - mmdet - WARNING - The model and loaded state dict do not match exactly

unexpected key in source state_dict: fc.weight, fc.bias

2020-11-21 07:03:02,109 - mmdet - INFO - load checkpoint from /home/admin/.cache/torch/checkpoints/X.pth
2020-11-21 07:03:08,922 - mmdet - INFO - Start running, host: admin@fuxilabor_labor0_S4_Odps_S96_dsw_prepaid_cnsh_838_2020112019152, work_dir: /home/admin/jupyter/SecurityAI_Round5/data/work
2020-11-21 07:03:08,923 - mmdet - INFO - workflow: [('train', 2), ('val', 1)], max: 4 epochs
2020-11-21 07:04:26,967 - mmdet - INFO - Epoch [1][100/627]	lr: 1.988e-03, eta: 0:31:10, time: 0.777, data_time: 0.034, memory: 9847, loss_rpn_cls: 0.0028, loss_rpn_bbox: 0.0299, loss_cls: 0.0307, acc: 98.7852, loss_bbox: 0.0766, loss: 0.1401
2020-11-21 07:05:41,800 - mmdet - INFO - Epoch [1][200/627]	lr: 3.986e-03, eta: 0:29:20, time: 0.748, data_time: 0.012, memory: 9847, loss_rpn_cls: 0.0031, loss_rpn_bbox: 0.0294, loss_cls: 0.0383, acc: 98.3652, loss_bbox: 0.0781, loss: 0.1490
2020-11-21 07:06:56,410 - mmdet - INFO - Epoch [1][300/627]	lr: 5.984e-03, eta: 0:27:51, time: 0.746, data_time: 0.012, memory: 9847, loss_rpn_cls: 0.0018, loss_rpn_bbox: 0.0267, loss_cls: 0.0288, acc: 98.7607, loss_bbox: 0.0718, loss: 0.1291
2020-11-21 07:08:11,343 - mmdet - INFO - Epoch [1][400/627]	lr: 7.982e-03, eta: 0:26:31, time: 0.749, data_time: 0.012, memory: 9993, loss_rpn_cls: 0.0024, loss_rpn_bbox: 0.0284, loss_cls: 0.0309, acc: 98.7305, loss_bbox: 0.0700, loss: 0.1316
2020-11-21 07:09:26,325 - mmdet - INFO - Epoch [1][500/627]	lr: 9.980e-03, eta: 0:25:14, time: 0.750, data_time: 0.012, memory: 9993, loss_rpn_cls: 0.0025, loss_rpn_bbox: 0.0313, loss_cls: 0.0406, acc: 98.3252, loss_bbox: 0.0801, loss: 0.1545
2020-11-21 07:10:41,151 - mmdet - INFO - Epoch [1][600/627]	lr: 1.000e-02, eta: 0:23:56, time: 0.748, data_time: 0.012, memory: 10051, loss_rpn_cls: 0.0039, loss_rpn_bbox: 0.0351, loss_cls: 0.0368, acc: 98.4756, loss_bbox: 0.0842, loss: 0.1599
2020-11-21 07:11:27,438 - mmdet - INFO - Evaluating bbox...
2020-11-21 07:11:30,181 - mmdet - INFO - Epoch [1][627/627]	lr: 1.000e-02, bbox_mAP: 0.8020, bbox_mAP_50: 0.8640, bbox_mAP_75: 0.8490, bbox_mAP_s: 0.4540, bbox_mAP_m: 0.8270, bbox_mAP_l: 0.9070, bbox_mAP_copypaste: 0.802 0.864 0.849 0.454 0.827 0.907
2020-11-21 07:12:47,301 - mmdet - INFO - Epoch [2][100/627]	lr: 1.000e-02, eta: 0:21:35, time: 0.769, data_time: 0.033, memory: 10051, loss_rpn_cls: 0.0024, loss_rpn_bbox: 0.0345, loss_cls: 0.0364, acc: 98.4111, loss_bbox: 0.0870, loss: 0.1604
2020-11-21 07:14:02,281 - mmdet - INFO - Epoch [2][200/627]	lr: 1.000e-02, eta: 0:20:27, time: 0.750, data_time: 0.012, memory: 10051, loss_rpn_cls: 0.0035, loss_rpn_bbox: 0.0341, loss_cls: 0.0419, acc: 98.1914, loss_bbox: 0.0829, loss: 0.1624
2020-11-21 07:15:17,298 - mmdet - INFO - Epoch [2][300/627]	lr: 1.000e-02, eta: 0:19:17, time: 0.750, data_time: 0.012, memory: 10077, loss_rpn_cls: 0.0032, loss_rpn_bbox: 0.0349, loss_cls: 0.0381, acc: 98.4355, loss_bbox: 0.0858, loss: 0.1620
2020-11-21 07:16:31,890 - mmdet - INFO - Epoch [2][400/627]	lr: 1.000e-02, eta: 0:18:06, time: 0.746, data_time: 0.012, memory: 10077, loss_rpn_cls: 0.0029, loss_rpn_bbox: 0.0336, loss_cls: 0.0352, acc: 98.5947, loss_bbox: 0.0861, loss: 0.1578
2020-11-21 07:17:46,482 - mmdet - INFO - Epoch [2][500/627]	lr: 1.000e-02, eta: 0:16:54, time: 0.746, data_time: 0.012, memory: 10077, loss_rpn_cls: 0.0022, loss_rpn_bbox: 0.0326, loss_cls: 0.0316, acc: 98.6807, loss_bbox: 0.0810, loss: 0.1474
2020-11-21 07:19:01,241 - mmdet - INFO - Epoch [2][600/627]	lr: 1.000e-02, eta: 0:15:42, time: 0.748, data_time: 0.012, memory: 10077, loss_rpn_cls: 0.0028, loss_rpn_bbox: 0.0353, loss_cls: 0.0337, acc: 98.5479, loss_bbox: 0.0791, loss: 0.1509
2020-11-21 07:19:48,369 - mmdet - INFO - Evaluating bbox...
2020-11-21 07:19:51,249 - mmdet - INFO - Epoch [2][627/627]	lr: 1.000e-02, bbox_mAP: 0.7990, bbox_mAP_50: 0.8630, bbox_mAP_75: 0.8480, bbox_mAP_s: 0.4550, bbox_mAP_m: 0.8120, bbox_mAP_l: 0.9050, bbox_mAP_copypaste: 0.799 0.863 0.848 0.455 0.812 0.905
2020-11-21 07:20:24,307 - mmdet - INFO - Epoch(train) [2][82]	loss_rpn_cls: 0.0033, loss_rpn_bbox: 0.0354, loss_cls: 0.0400, acc: 98.3136, loss_bbox: 0.0851, loss: 0.1638
2020-11-21 07:21:41,343 - mmdet - INFO - Epoch [3][100/627]	lr: 1.000e-02, eta: 0:13:54, time: 0.768, data_time: 0.033, memory: 10077, loss_rpn_cls: 0.0021, loss_rpn_bbox: 0.0311, loss_cls: 0.0287, acc: 98.8340, loss_bbox: 0.0731, loss: 0.1350
2020-11-21 07:22:56,301 - mmdet - INFO - Epoch [3][200/627]	lr: 1.000e-02, eta: 0:12:44, time: 0.750, data_time: 0.012, memory: 10077, loss_rpn_cls: 0.0027, loss_rpn_bbox: 0.0371, loss_cls: 0.0336, acc: 98.5820, loss_bbox: 0.0874, loss: 0.1608
2020-11-21 07:24:11,031 - mmdet - INFO - Epoch [3][300/627]	lr: 1.000e-02, eta: 0:11:33, time: 0.747, data_time: 0.012, memory: 10077, loss_rpn_cls: 0.0031, loss_rpn_bbox: 0.0357, loss_cls: 0.0454, acc: 98.0928, loss_bbox: 0.0916, loss: 0.1757
2020-11-21 07:25:26,011 - mmdet - INFO - Epoch [3][400/627]	lr: 1.000e-02, eta: 0:10:21, time: 0.750, data_time: 0.012, memory: 10077, loss_rpn_cls: 0.0029, loss_rpn_bbox: 0.0362, loss_cls: 0.0351, acc: 98.5049, loss_bbox: 0.0867, loss: 0.1609
2020-11-21 07:26:40,647 - mmdet - INFO - Epoch [3][500/627]	lr: 1.000e-02, eta: 0:09:09, time: 0.746, data_time: 0.013, memory: 10077, loss_rpn_cls: 0.0037, loss_rpn_bbox: 0.0326, loss_cls: 0.0341, acc: 98.5752, loss_bbox: 0.0865, loss: 0.1568
2020-11-21 07:27:55,507 - mmdet - INFO - Epoch [3][600/627]	lr: 1.000e-02, eta: 0:07:57, time: 0.749, data_time: 0.012, memory: 10077, loss_rpn_cls: 0.0026, loss_rpn_bbox: 0.0356, loss_cls: 0.0304, acc: 98.7725, loss_bbox: 0.0776, loss: 0.1462
2020-11-21 07:28:42,174 - mmdet - INFO - Evaluating bbox...
2020-11-21 07:28:44,890 - mmdet - INFO - Epoch [3][627/627]	lr: 1.000e-02, bbox_mAP: 0.8030, bbox_mAP_50: 0.8640, bbox_mAP_75: 0.8480, bbox_mAP_s: 0.4520, bbox_mAP_m: 0.8200, bbox_mAP_l: 0.9120, bbox_mAP_copypaste: 0.803 0.864 0.848 0.452 0.820 0.912
2020-11-21 07:30:02,085 - mmdet - INFO - Epoch [4][100/627]	lr: 1.000e-02, eta: 0:06:20, time: 0.770, data_time: 0.034, memory: 10077, loss_rpn_cls: 0.0030, loss_rpn_bbox: 0.0336, loss_cls: 0.0383, acc: 98.4375, loss_bbox: 0.0876, loss: 0.1625
2020-11-21 07:31:16,928 - mmdet - INFO - Epoch [4][200/627]	lr: 1.000e-02, eta: 0:05:08, time: 0.748, data_time: 0.012, memory: 10077, loss_rpn_cls: 0.0035, loss_rpn_bbox: 0.0337, loss_cls: 0.0352, acc: 98.5332, loss_bbox: 0.0806, loss: 0.1530
2020-11-21 07:32:31,494 - mmdet - INFO - Epoch [4][300/627]	lr: 1.000e-02, eta: 0:03:56, time: 0.746, data_time: 0.012, memory: 10077, loss_rpn_cls: 0.0047, loss_rpn_bbox: 0.0333, loss_cls: 0.0436, acc: 98.1328, loss_bbox: 0.0883, loss: 0.1700
2020-11-21 07:33:46,109 - mmdet - INFO - Epoch [4][400/627]	lr: 1.000e-02, eta: 0:02:44, time: 0.746, data_time: 0.012, memory: 10077, loss_rpn_cls: 0.0032, loss_rpn_bbox: 0.0340, loss_cls: 0.0351, acc: 98.5264, loss_bbox: 0.0853, loss: 0.1576
2020-11-21 07:35:00,870 - mmdet - INFO - Epoch [4][500/627]	lr: 1.000e-02, eta: 0:01:32, time: 0.748, data_time: 0.012, memory: 10077, loss_rpn_cls: 0.0027, loss_rpn_bbox: 0.0361, loss_cls: 0.0351, acc: 98.5645, loss_bbox: 0.0846, loss: 0.1586
2020-11-21 07:36:15,755 - mmdet - INFO - Epoch [4][600/627]	lr: 1.000e-02, eta: 0:00:19, time: 0.749, data_time: 0.012, memory: 10077, loss_rpn_cls: 0.0031, loss_rpn_bbox: 0.0339, loss_cls: 0.0363, acc: 98.4414, loss_bbox: 0.0822, loss: 0.1554
2020-11-21 07:36:35,886 - mmdet - INFO - Saving checkpoint at 4 epochs
2020-11-21 07:37:04,073 - mmdet - INFO - Evaluating bbox...
2020-11-21 07:37:06,858 - mmdet - INFO - Epoch [4][627/627]	lr: 1.000e-02, bbox_mAP: 0.7930, bbox_mAP_50: 0.8590, bbox_mAP_75: 0.8390, bbox_mAP_s: 0.4330, bbox_mAP_m: 0.8070, bbox_mAP_l: 0.8980, bbox_mAP_copypaste: 0.793 0.859 0.839 0.433 0.807 0.898
2020-11-21 07:37:39,528 - mmdet - INFO - Epoch(train) [4][82]	loss_rpn_cls: 0.0045, loss_rpn_bbox: 0.0353, loss_cls: 0.0441, acc: 98.2398, loss_bbox: 0.0899, loss: 0.1738
