2020-11-24 15:53:15,503 - mmdet - INFO - Environment info:
------------------------------------------------------------
sys.platform: linux
Python: 3.6.4 |Anaconda, Inc.| (default, Jan 16 2018, 18:10:19) [GCC 7.2.0]
CUDA available: True
CUDA_HOME: /usr/local/cuda
NVCC: Cuda compilation tools, release 10.0, V10.0.130
GPU 0: Tesla P100-PCIE-16GB
GCC: gcc (GCC) 5.3.0
PyTorch: 1.3.1+cu100
PyTorch compiling details: PyTorch built with:
  - GCC 7.3
  - Intel(R) Math Kernel Library Version 2019.0.4 Product Build 20190411 for Intel(R) 64 architecture applications
  - Intel(R) MKL-DNN v0.20.5 (Git Hash 0125f28c61c1f822fd48570b4c1066f96fcb9b2e)
  - OpenMP 201511 (a.k.a. OpenMP 4.5)
  - NNPACK is enabled
  - CUDA Runtime 10.0
  - NVCC architecture flags: -gencode;arch=compute_37,code=sm_37;-gencode;arch=compute_50,code=sm_50;-gencode;arch=compute_60,code=sm_60;-gencode;arch=compute_61,code=sm_61;-gencode;arch=compute_70,code=sm_70;-gencode;arch=compute_75,code=sm_75;-gencode;arch=compute_37,code=compute_37
  - CuDNN 7.6.3
  - Magma 2.5.1
  - Build settings: BLAS=MKL, BUILD_NAMEDTENSOR=OFF, BUILD_TYPE=Release, CXX_FLAGS= -Wno-deprecated -fvisibility-inlines-hidden -fopenmp -DUSE_FBGEMM -DUSE_QNNPACK -DUSE_PYTORCH_QNNPACK -O2 -fPIC -Wno-narrowing -Wall -Wextra -Wno-missing-field-initializers -Wno-type-limits -Wno-array-bounds -Wno-unknown-pragmas -Wno-sign-compare -Wno-unused-parameter -Wno-unused-variable -Wno-unused-function -Wno-unused-result -Wno-strict-overflow -Wno-strict-aliasing -Wno-error=deprecated-declarations -Wno-stringop-overflow -Wno-error=pedantic -Wno-error=redundant-decls -Wno-error=old-style-cast -fdiagnostics-color=always -faligned-new -Wno-unused-but-set-variable -Wno-maybe-uninitialized -fno-math-errno -fno-trapping-math -Wno-stringop-overflow, DISABLE_NUMA=1, PERF_WITH_AVX=1, PERF_WITH_AVX2=1, PERF_WITH_AVX512=1, USE_CUDA=True, USE_EXCEPTION_PTR=1, USE_GFLAGS=OFF, USE_GLOG=OFF, USE_MKL=ON, USE_MKLDNN=ON, USE_MPI=OFF, USE_NCCL=ON, USE_NNPACK=ON, USE_OPENMP=ON, USE_STATIC_DISPATCH=OFF, 

TorchVision: 0.4.2+cu100
OpenCV: 4.4.0
MMCV: 1.0.5
MMDetection: 2.3.0+788fa8d
MMDetection Compiler: GCC 7.3
MMDetection CUDA Compiler: 10.0
------------------------------------------------------------

2020-11-24 15:53:15,504 - mmdet - INFO - Distributed training: False
2020-11-24 15:53:15,908 - mmdet - INFO - Config:
model = dict(
    type='FasterRCNN',
    pretrained='torchvision://resnet50',
    backbone=dict(
        type='ResNet',
        depth=50,
        num_stages=4,
        out_indices=(0, 1, 2, 3),
        frozen_stages=1,
        norm_cfg=dict(type='BN', requires_grad=True),
        norm_eval=True,
        style='pytorch'),
    neck=dict(
        type='FPN',
        in_channels=[256, 512, 1024, 2048],
        out_channels=256,
        num_outs=5),
    rpn_head=dict(
        type='RPNHead',
        in_channels=256,
        feat_channels=256,
        anchor_generator=dict(
            type='AnchorGenerator',
            scales=[8],
            ratios=[0.5, 1.0, 2.0],
            strides=[4, 8, 16, 32, 64]),
        bbox_coder=dict(
            type='DeltaXYWHBBoxCoder',
            target_means=[0.0, 0.0, 0.0, 0.0],
            target_stds=[1.0, 1.0, 1.0, 1.0]),
        loss_cls=dict(
            type='CrossEntropyLoss', use_sigmoid=True, loss_weight=1.0),
        loss_bbox=dict(type='L1Loss', loss_weight=1.0)),
    roi_head=dict(
        type='StandardRoIHead',
        bbox_roi_extractor=dict(
            type='SingleRoIExtractor',
            roi_layer=dict(type='RoIAlign', output_size=7, sampling_ratio=0),
            out_channels=256,
            featmap_strides=[4, 8, 16, 32]),
        bbox_head=dict(
            type='Shared2FCBBoxHead',
            in_channels=256,
            fc_out_channels=1024,
            roi_feat_size=7,
            num_classes=2,
            bbox_coder=dict(
                type='DeltaXYWHBBoxCoder',
                target_means=[0.0, 0.0, 0.0, 0.0],
                target_stds=[0.1, 0.1, 0.2, 0.2]),
            reg_class_agnostic=False,
            loss_cls=dict(
                type='CrossEntropyLoss', use_sigmoid=False, loss_weight=1.0),
            loss_bbox=dict(type='L1Loss', loss_weight=1.0))))
train_cfg = dict(
    rpn=dict(
        assigner=dict(
            type='MaxIoUAssigner',
            pos_iou_thr=0.7,
            neg_iou_thr=0.3,
            min_pos_iou=0.3,
            match_low_quality=True,
            ignore_iof_thr=-1),
        sampler=dict(
            type='RandomSampler',
            num=256,
            pos_fraction=0.5,
            neg_pos_ub=-1,
            add_gt_as_proposals=False),
        allowed_border=-1,
        pos_weight=-1,
        debug=False),
    rpn_proposal=dict(
        nms_across_levels=False,
        nms_pre=2000,
        nms_post=1000,
        max_num=1000,
        nms_thr=0.7,
        min_bbox_size=0),
    rcnn=dict(
        assigner=dict(
            type='MaxIoUAssigner',
            pos_iou_thr=0.5,
            neg_iou_thr=0.5,
            min_pos_iou=0.5,
            match_low_quality=False,
            ignore_iof_thr=-1),
        sampler=dict(
            type='RandomSampler',
            num=512,
            pos_fraction=0.25,
            neg_pos_ub=-1,
            add_gt_as_proposals=True),
        pos_weight=-1,
        debug=False))
test_cfg = dict(
    rpn=dict(
        nms_across_levels=False,
        nms_pre=1000,
        nms_post=1000,
        max_num=1000,
        nms_thr=0.7,
        min_bbox_size=0),
    rcnn=dict(
        score_thr=0.05,
        nms=dict(type='nms', iou_threshold=0.5),
        max_per_img=100))
dataset_type = 'CocoDataset'
data_root = 'data/coco/'
img_norm_cfg = dict(
    mean=[123.675, 116.28, 103.53], std=[58.395, 57.12, 57.375], to_rgb=True)
train_pipeline = [
    dict(type='LoadImageFromFile'),
    dict(type='LoadAnnotations', with_bbox=True),
    dict(type='Resize', img_scale=(1550, 1550), keep_ratio=True),
    dict(type='RandomFlip', flip_ratio=0.5),
    dict(
        type='Normalize',
        mean=[123.675, 116.28, 103.53],
        std=[58.395, 57.12, 57.375],
        to_rgb=True),
    dict(type='Pad', size_divisor=32),
    dict(type='DefaultFormatBundle'),
    dict(type='Collect', keys=['img', 'gt_bboxes', 'gt_labels'])
]
test_pipeline = [
    dict(type='LoadImageFromFile'),
    dict(
        type='MultiScaleFlipAug',
        img_scale=(1550, 1550),
        flip=False,
        transforms=[
            dict(type='Resize', keep_ratio=True),
            dict(type='RandomFlip'),
            dict(
                type='Normalize',
                mean=[123.675, 116.28, 103.53],
                std=[58.395, 57.12, 57.375],
                to_rgb=True),
            dict(type='Pad', size_divisor=32),
            dict(type='ImageToTensor', keys=['img']),
            dict(type='Collect', keys=['img'])
        ])
]
data = dict(
    samples_per_gpu=2,
    workers_per_gpu=2,
    train=dict(
        type='CocoDataset',
        ann_file='data/coco/annotations/annotations_trai.json',
        img_prefix='data/coco/img/',
        pipeline=[
            dict(type='LoadImageFromFile'),
            dict(type='LoadAnnotations', with_bbox=True),
            dict(type='Resize', img_scale=(1550, 1550), keep_ratio=True),
            dict(type='RandomFlip', flip_ratio=0.5),
            dict(
                type='Normalize',
                mean=[123.675, 116.28, 103.53],
                std=[58.395, 57.12, 57.375],
                to_rgb=True),
            dict(type='Pad', size_divisor=32),
            dict(type='DefaultFormatBundle'),
            dict(type='Collect', keys=['img', 'gt_bboxes', 'gt_labels'])
        ]),
    val=dict(
        type='CocoDataset',
        ann_file='data/coco/annotations/annotations_test.json',
        img_prefix='data/coco/img/',
        pipeline=[
            dict(type='LoadImageFromFile'),
            dict(
                type='MultiScaleFlipAug',
                img_scale=(1550, 1550),
                flip=False,
                transforms=[
                    dict(type='Resize', keep_ratio=True),
                    dict(type='RandomFlip'),
                    dict(
                        type='Normalize',
                        mean=[123.675, 116.28, 103.53],
                        std=[58.395, 57.12, 57.375],
                        to_rgb=True),
                    dict(type='Pad', size_divisor=32),
                    dict(type='ImageToTensor', keys=['img']),
                    dict(type='Collect', keys=['img'])
                ])
        ]),
    test=dict(
        type='CocoDataset',
        ann_file='data/coco/annotations/annotations_vals.json',
        img_prefix='data/coco/img/',
        pipeline=[
            dict(type='LoadImageFromFile'),
            dict(
                type='MultiScaleFlipAug',
                img_scale=(1550, 1550),
                flip=False,
                transforms=[
                    dict(type='Resize', keep_ratio=True),
                    dict(type='RandomFlip'),
                    dict(
                        type='Normalize',
                        mean=[123.675, 116.28, 103.53],
                        std=[58.395, 57.12, 57.375],
                        to_rgb=True),
                    dict(type='Pad', size_divisor=32),
                    dict(type='ImageToTensor', keys=['img']),
                    dict(type='Collect', keys=['img'])
                ])
        ]))
evaluation = dict(interval=1, metric='bbox')
optimizer = dict(type='SGD', lr=0.01, momentum=0.9, weight_decay=0.0001)
optimizer_config = dict(grad_clip=None)
lr_config = dict(
    policy='step',
    warmup='linear',
    warmup_iters=500,
    warmup_ratio=0.001,
    step=[8, 11])
total_epochs = 4
checkpoint_config = dict(interval=4)
log_config = dict(interval=100, hooks=[dict(type='TextLoggerHook')])
dist_params = dict(backend='nccl')
log_level = 'INFO'
load_from = '/home/admin/.cache/torch/checkpoints/X.pth'
resume_from = None
workflow = [('train', 2), ('val', 1)]
work_dir = '/home/admin/jupyter/SecurityAI_Round5/data/work'
gpu_ids = range(0, 1)

2020-11-24 15:53:16,414 - mmdet - INFO - load model from: torchvision://resnet50
2020-11-24 15:53:24,576 - mmdet - WARNING - The model and loaded state dict do not match exactly

unexpected key in source state_dict: fc.weight, fc.bias

2020-11-24 15:53:35,116 - mmdet - INFO - load checkpoint from /home/admin/.cache/torch/checkpoints/X.pth
2020-11-24 15:53:41,823 - mmdet - INFO - Start running, host: admin@fuxilabor_labor0_S4_Odps_S96_dsw_prepaid_cnsh_838_2020112401190, work_dir: /home/admin/jupyter/SecurityAI_Round5/data/work
2020-11-24 15:53:41,823 - mmdet - INFO - workflow: [('train', 2), ('val', 1)], max: 4 epochs
2020-11-24 15:54:59,373 - mmdet - INFO - Epoch [1][100/625]	lr: 1.988e-03, eta: 0:30:56, time: 0.774, data_time: 0.034, memory: 8033, loss_rpn_cls: 0.0046, loss_rpn_bbox: 0.0342, loss_cls: 0.0385, acc: 98.4414, loss_bbox: 0.0891, loss: 0.1665
2020-11-24 15:56:14,163 - mmdet - INFO - Epoch [1][200/625]	lr: 3.986e-03, eta: 0:29:09, time: 0.748, data_time: 0.012, memory: 9530, loss_rpn_cls: 0.0049, loss_rpn_bbox: 0.0293, loss_cls: 0.0382, acc: 98.5000, loss_bbox: 0.0753, loss: 0.1477
2020-11-24 15:57:29,459 - mmdet - INFO - Epoch [1][300/625]	lr: 5.984e-03, eta: 0:27:47, time: 0.753, data_time: 0.012, memory: 9848, loss_rpn_cls: 0.0027, loss_rpn_bbox: 0.0300, loss_cls: 0.0358, acc: 98.5645, loss_bbox: 0.0796, loss: 0.1481
2020-11-24 15:58:44,645 - mmdet - INFO - Epoch [1][400/625]	lr: 7.982e-03, eta: 0:26:28, time: 0.752, data_time: 0.012, memory: 9968, loss_rpn_cls: 0.0045, loss_rpn_bbox: 0.0321, loss_cls: 0.0454, acc: 98.0557, loss_bbox: 0.0861, loss: 0.1680
2020-11-24 15:59:59,607 - mmdet - INFO - Epoch [1][500/625]	lr: 9.980e-03, eta: 0:25:10, time: 0.750, data_time: 0.012, memory: 9968, loss_rpn_cls: 0.0036, loss_rpn_bbox: 0.0336, loss_cls: 0.0413, acc: 98.2275, loss_bbox: 0.0886, loss: 0.1671
2020-11-24 16:01:14,434 - mmdet - INFO - Epoch [1][600/625]	lr: 1.000e-02, eta: 0:23:52, time: 0.748, data_time: 0.012, memory: 11887, loss_rpn_cls: 0.0050, loss_rpn_bbox: 0.0385, loss_cls: 0.0435, acc: 98.1904, loss_bbox: 0.0898, loss: 0.1769
2020-11-24 16:01:57,990 - mmdet - INFO - Evaluating bbox...
2020-11-24 16:02:00,220 - mmdet - INFO - Epoch [1][625/625]	lr: 1.000e-02, bbox_mAP: 0.8040, bbox_mAP_50: 0.8810, bbox_mAP_75: 0.8700, bbox_mAP_s: 0.5630, bbox_mAP_m: 0.8370, bbox_mAP_l: 0.8880, bbox_mAP_copypaste: 0.804 0.881 0.870 0.563 0.837 0.888
2020-11-24 16:03:17,696 - mmdet - INFO - Epoch [2][100/625]	lr: 1.000e-02, eta: 0:21:36, time: 0.773, data_time: 0.034, memory: 11887, loss_rpn_cls: 0.0036, loss_rpn_bbox: 0.0368, loss_cls: 0.0406, acc: 98.3516, loss_bbox: 0.0940, loss: 0.1749
2020-11-24 16:04:32,945 - mmdet - INFO - Epoch [2][200/625]	lr: 1.000e-02, eta: 0:20:28, time: 0.752, data_time: 0.012, memory: 11887, loss_rpn_cls: 0.0038, loss_rpn_bbox: 0.0378, loss_cls: 0.0434, acc: 98.2549, loss_bbox: 0.0923, loss: 0.1773
2020-11-24 16:05:47,845 - mmdet - INFO - Epoch [2][300/625]	lr: 1.000e-02, eta: 0:19:17, time: 0.749, data_time: 0.012, memory: 11887, loss_rpn_cls: 0.0026, loss_rpn_bbox: 0.0345, loss_cls: 0.0348, acc: 98.5586, loss_bbox: 0.0817, loss: 0.1537
2020-11-24 16:07:02,717 - mmdet - INFO - Epoch [2][400/625]	lr: 1.000e-02, eta: 0:18:06, time: 0.749, data_time: 0.012, memory: 11887, loss_rpn_cls: 0.0033, loss_rpn_bbox: 0.0363, loss_cls: 0.0384, acc: 98.3799, loss_bbox: 0.0877, loss: 0.1658
2020-11-24 16:08:17,786 - mmdet - INFO - Epoch [2][500/625]	lr: 1.000e-02, eta: 0:16:54, time: 0.751, data_time: 0.012, memory: 11887, loss_rpn_cls: 0.0037, loss_rpn_bbox: 0.0347, loss_cls: 0.0413, acc: 98.2734, loss_bbox: 0.0836, loss: 0.1633
2020-11-24 16:09:32,449 - mmdet - INFO - Epoch [2][600/625]	lr: 1.000e-02, eta: 0:15:41, time: 0.747, data_time: 0.012, memory: 11887, loss_rpn_cls: 0.0037, loss_rpn_bbox: 0.0349, loss_cls: 0.0393, acc: 98.3311, loss_bbox: 0.0828, loss: 0.1606
2020-11-24 16:10:16,029 - mmdet - INFO - Evaluating bbox...
2020-11-24 16:10:18,270 - mmdet - INFO - Epoch [2][625/625]	lr: 1.000e-02, bbox_mAP: 0.8080, bbox_mAP_50: 0.8810, bbox_mAP_75: 0.8710, bbox_mAP_s: 0.5710, bbox_mAP_m: 0.8470, bbox_mAP_l: 0.8820, bbox_mAP_copypaste: 0.808 0.881 0.871 0.571 0.847 0.882
2020-11-24 16:10:49,112 - mmdet - INFO - Epoch(train) [2][77]	loss_rpn_cls: 0.0047, loss_rpn_bbox: 0.0387, loss_cls: 0.0421, acc: 98.2016, loss_bbox: 0.0874, loss: 0.1729
2020-11-24 16:12:06,899 - mmdet - INFO - Epoch [3][100/625]	lr: 1.000e-02, eta: 0:13:56, time: 0.776, data_time: 0.034, memory: 11913, loss_rpn_cls: 0.0042, loss_rpn_bbox: 0.0343, loss_cls: 0.0406, acc: 98.2881, loss_bbox: 0.0850, loss: 0.1641
2020-11-24 16:13:22,108 - mmdet - INFO - Epoch [3][200/625]	lr: 1.000e-02, eta: 0:12:45, time: 0.752, data_time: 0.012, memory: 11913, loss_rpn_cls: 0.0059, loss_rpn_bbox: 0.0376, loss_cls: 0.0392, acc: 98.4365, loss_bbox: 0.0867, loss: 0.1694
2020-11-24 16:14:36,795 - mmdet - INFO - Epoch [3][300/625]	lr: 1.000e-02, eta: 0:11:33, time: 0.747, data_time: 0.012, memory: 11913, loss_rpn_cls: 0.0041, loss_rpn_bbox: 0.0349, loss_cls: 0.0430, acc: 98.1875, loss_bbox: 0.0909, loss: 0.1729
2020-11-24 16:15:51,481 - mmdet - INFO - Epoch [3][400/625]	lr: 1.000e-02, eta: 0:10:21, time: 0.747, data_time: 0.012, memory: 11913, loss_rpn_cls: 0.0045, loss_rpn_bbox: 0.0352, loss_cls: 0.0330, acc: 98.6729, loss_bbox: 0.0820, loss: 0.1547
2020-11-24 16:17:06,612 - mmdet - INFO - Epoch [3][500/625]	lr: 1.000e-02, eta: 0:09:09, time: 0.751, data_time: 0.012, memory: 11913, loss_rpn_cls: 0.0034, loss_rpn_bbox: 0.0393, loss_cls: 0.0408, acc: 98.3467, loss_bbox: 0.0895, loss: 0.1730
2020-11-24 16:18:21,375 - mmdet - INFO - Epoch [3][600/625]	lr: 1.000e-02, eta: 0:07:56, time: 0.748, data_time: 0.012, memory: 11913, loss_rpn_cls: 0.0025, loss_rpn_bbox: 0.0338, loss_cls: 0.0362, acc: 98.5146, loss_bbox: 0.0847, loss: 0.1573
2020-11-24 16:19:04,971 - mmdet - INFO - Evaluating bbox...
2020-11-24 16:19:07,348 - mmdet - INFO - Epoch [3][625/625]	lr: 1.000e-02, bbox_mAP: 0.7930, bbox_mAP_50: 0.8650, bbox_mAP_75: 0.8500, bbox_mAP_s: 0.5750, bbox_mAP_m: 0.8510, bbox_mAP_l: 0.8680, bbox_mAP_copypaste: 0.793 0.865 0.850 0.575 0.851 0.868
2020-11-24 16:20:24,834 - mmdet - INFO - Epoch [4][100/625]	lr: 1.000e-02, eta: 0:06:21, time: 0.773, data_time: 0.034, memory: 11913, loss_rpn_cls: 0.0029, loss_rpn_bbox: 0.0337, loss_cls: 0.0371, acc: 98.4854, loss_bbox: 0.0837, loss: 0.1574
2020-11-24 16:21:39,737 - mmdet - INFO - Epoch [4][200/625]	lr: 1.000e-02, eta: 0:05:09, time: 0.749, data_time: 0.012, memory: 11913, loss_rpn_cls: 0.0034, loss_rpn_bbox: 0.0335, loss_cls: 0.0396, acc: 98.3311, loss_bbox: 0.0876, loss: 0.1642
2020-11-24 16:22:55,178 - mmdet - INFO - Epoch [4][300/625]	lr: 1.000e-02, eta: 0:03:56, time: 0.754, data_time: 0.012, memory: 11913, loss_rpn_cls: 0.0034, loss_rpn_bbox: 0.0345, loss_cls: 0.0365, acc: 98.5225, loss_bbox: 0.0844, loss: 0.1588
2020-11-24 16:24:10,113 - mmdet - INFO - Epoch [4][400/625]	lr: 1.000e-02, eta: 0:02:44, time: 0.749, data_time: 0.012, memory: 11913, loss_rpn_cls: 0.0025, loss_rpn_bbox: 0.0354, loss_cls: 0.0358, acc: 98.4688, loss_bbox: 0.0812, loss: 0.1548
2020-11-24 16:25:24,946 - mmdet - INFO - Epoch [4][500/625]	lr: 1.000e-02, eta: 0:01:31, time: 0.748, data_time: 0.012, memory: 11913, loss_rpn_cls: 0.0035, loss_rpn_bbox: 0.0301, loss_cls: 0.0319, acc: 98.7607, loss_bbox: 0.0788, loss: 0.1442
2020-11-24 16:26:39,542 - mmdet - INFO - Epoch [4][600/625]	lr: 1.000e-02, eta: 0:00:18, time: 0.746, data_time: 0.012, memory: 11913, loss_rpn_cls: 0.0039, loss_rpn_bbox: 0.0350, loss_cls: 0.0433, acc: 98.2139, loss_bbox: 0.0917, loss: 0.1739
2020-11-24 16:26:58,160 - mmdet - INFO - Saving checkpoint at 4 epochs
2020-11-24 16:27:24,720 - mmdet - INFO - Evaluating bbox...
2020-11-24 16:27:26,852 - mmdet - INFO - Epoch [4][625/625]	lr: 1.000e-02, bbox_mAP: 0.8080, bbox_mAP_50: 0.8810, bbox_mAP_75: 0.8710, bbox_mAP_s: 0.5530, bbox_mAP_m: 0.8380, bbox_mAP_l: 0.8830, bbox_mAP_copypaste: 0.808 0.881 0.871 0.553 0.838 0.883
2020-11-24 16:27:58,007 - mmdet - INFO - Epoch(train) [4][77]	loss_rpn_cls: 0.0046, loss_rpn_bbox: 0.0352, loss_cls: 0.0521, acc: 97.7907, loss_bbox: 0.0946, loss: 0.1864
