2020-11-19 01:52:24,503 - mmdet - INFO - Environment info:
------------------------------------------------------------
sys.platform: linux
Python: 3.6.4 |Anaconda, Inc.| (default, Jan 16 2018, 18:10:19) [GCC 7.2.0]
CUDA available: True
CUDA_HOME: /usr/local/cuda
NVCC: Cuda compilation tools, release 10.0, V10.0.130
GPU 0: Tesla P100-PCIE-16GB
GCC: gcc (GCC) 5.3.0
PyTorch: 1.3.1+cu100
PyTorch compiling details: PyTorch built with:
  - GCC 7.3
  - Intel(R) Math Kernel Library Version 2019.0.4 Product Build 20190411 for Intel(R) 64 architecture applications
  - Intel(R) MKL-DNN v0.20.5 (Git Hash 0125f28c61c1f822fd48570b4c1066f96fcb9b2e)
  - OpenMP 201511 (a.k.a. OpenMP 4.5)
  - NNPACK is enabled
  - CUDA Runtime 10.0
  - NVCC architecture flags: -gencode;arch=compute_37,code=sm_37;-gencode;arch=compute_50,code=sm_50;-gencode;arch=compute_60,code=sm_60;-gencode;arch=compute_61,code=sm_61;-gencode;arch=compute_70,code=sm_70;-gencode;arch=compute_75,code=sm_75;-gencode;arch=compute_37,code=compute_37
  - CuDNN 7.6.3
  - Magma 2.5.1
  - Build settings: BLAS=MKL, BUILD_NAMEDTENSOR=OFF, BUILD_TYPE=Release, CXX_FLAGS= -Wno-deprecated -fvisibility-inlines-hidden -fopenmp -DUSE_FBGEMM -DUSE_QNNPACK -DUSE_PYTORCH_QNNPACK -O2 -fPIC -Wno-narrowing -Wall -Wextra -Wno-missing-field-initializers -Wno-type-limits -Wno-array-bounds -Wno-unknown-pragmas -Wno-sign-compare -Wno-unused-parameter -Wno-unused-variable -Wno-unused-function -Wno-unused-result -Wno-strict-overflow -Wno-strict-aliasing -Wno-error=deprecated-declarations -Wno-stringop-overflow -Wno-error=pedantic -Wno-error=redundant-decls -Wno-error=old-style-cast -fdiagnostics-color=always -faligned-new -Wno-unused-but-set-variable -Wno-maybe-uninitialized -fno-math-errno -fno-trapping-math -Wno-stringop-overflow, DISABLE_NUMA=1, PERF_WITH_AVX=1, PERF_WITH_AVX2=1, PERF_WITH_AVX512=1, USE_CUDA=True, USE_EXCEPTION_PTR=1, USE_GFLAGS=OFF, USE_GLOG=OFF, USE_MKL=ON, USE_MKLDNN=ON, USE_MPI=OFF, USE_NCCL=ON, USE_NNPACK=ON, USE_OPENMP=ON, USE_STATIC_DISPATCH=OFF, 

TorchVision: 0.4.2+cu100
OpenCV: 4.4.0
MMCV: 1.0.5
MMDetection: 2.3.0+788fa8d
MMDetection Compiler: GCC 7.3
MMDetection CUDA Compiler: 10.0
------------------------------------------------------------

2020-11-19 01:52:24,504 - mmdet - INFO - Distributed training: False
2020-11-19 01:52:24,897 - mmdet - INFO - Config:
model = dict(
    type='FasterRCNN',
    pretrained='torchvision://resnet50',
    backbone=dict(
        type='ResNet',
        depth=50,
        num_stages=4,
        out_indices=(0, 1, 2, 3),
        frozen_stages=1,
        norm_cfg=dict(type='BN', requires_grad=True),
        norm_eval=True,
        style='pytorch'),
    neck=dict(
        type='FPN',
        in_channels=[256, 512, 1024, 2048],
        out_channels=256,
        num_outs=5),
    rpn_head=dict(
        type='RPNHead',
        in_channels=256,
        feat_channels=256,
        anchor_generator=dict(
            type='AnchorGenerator',
            scales=[8],
            ratios=[0.5, 1.0, 2.0],
            strides=[4, 8, 16, 32, 64]),
        bbox_coder=dict(
            type='DeltaXYWHBBoxCoder',
            target_means=[0.0, 0.0, 0.0, 0.0],
            target_stds=[1.0, 1.0, 1.0, 1.0]),
        loss_cls=dict(
            type='CrossEntropyLoss', use_sigmoid=True, loss_weight=1.0),
        loss_bbox=dict(type='L1Loss', loss_weight=1.0)),
    roi_head=dict(
        type='StandardRoIHead',
        bbox_roi_extractor=dict(
            type='SingleRoIExtractor',
            roi_layer=dict(type='RoIAlign', output_size=7, sampling_ratio=0),
            out_channels=256,
            featmap_strides=[4, 8, 16, 32]),
        bbox_head=dict(
            type='Shared2FCBBoxHead',
            in_channels=256,
            fc_out_channels=1024,
            roi_feat_size=7,
            num_classes=2,
            bbox_coder=dict(
                type='DeltaXYWHBBoxCoder',
                target_means=[0.0, 0.0, 0.0, 0.0],
                target_stds=[0.1, 0.1, 0.2, 0.2]),
            reg_class_agnostic=False,
            loss_cls=dict(
                type='CrossEntropyLoss', use_sigmoid=False, loss_weight=1.0),
            loss_bbox=dict(type='L1Loss', loss_weight=1.0))))
train_cfg = dict(
    rpn=dict(
        assigner=dict(
            type='MaxIoUAssigner',
            pos_iou_thr=0.7,
            neg_iou_thr=0.3,
            min_pos_iou=0.3,
            match_low_quality=True,
            ignore_iof_thr=-1),
        sampler=dict(
            type='RandomSampler',
            num=256,
            pos_fraction=0.5,
            neg_pos_ub=-1,
            add_gt_as_proposals=False),
        allowed_border=-1,
        pos_weight=-1,
        debug=False),
    rpn_proposal=dict(
        nms_across_levels=False,
        nms_pre=2000,
        nms_post=1000,
        max_num=1000,
        nms_thr=0.7,
        min_bbox_size=0),
    rcnn=dict(
        assigner=dict(
            type='MaxIoUAssigner',
            pos_iou_thr=0.5,
            neg_iou_thr=0.5,
            min_pos_iou=0.5,
            match_low_quality=False,
            ignore_iof_thr=-1),
        sampler=dict(
            type='RandomSampler',
            num=512,
            pos_fraction=0.25,
            neg_pos_ub=-1,
            add_gt_as_proposals=True),
        pos_weight=-1,
        debug=False))
test_cfg = dict(
    rpn=dict(
        nms_across_levels=False,
        nms_pre=1000,
        nms_post=1000,
        max_num=1000,
        nms_thr=0.7,
        min_bbox_size=0),
    rcnn=dict(
        score_thr=0.05,
        nms=dict(type='nms', iou_threshold=0.5),
        max_per_img=100))
dataset_type = 'CocoDataset'
data_root = 'data/coco/'
img_norm_cfg = dict(
    mean=[123.675, 116.28, 103.53], std=[58.395, 57.12, 57.375], to_rgb=True)
train_pipeline = [
    dict(type='LoadImageFromFile'),
    dict(type='LoadAnnotations', with_bbox=True),
    dict(type='Resize', img_scale=(1550, 1550), keep_ratio=True),
    dict(type='RandomFlip', flip_ratio=0.5),
    dict(
        type='Normalize',
        mean=[123.675, 116.28, 103.53],
        std=[58.395, 57.12, 57.375],
        to_rgb=True),
    dict(type='Pad', size_divisor=32),
    dict(type='DefaultFormatBundle'),
    dict(type='Collect', keys=['img', 'gt_bboxes', 'gt_labels'])
]
test_pipeline = [
    dict(type='LoadImageFromFile'),
    dict(
        type='MultiScaleFlipAug',
        img_scale=(1550, 1550),
        flip=False,
        transforms=[
            dict(type='Resize', keep_ratio=True),
            dict(type='RandomFlip'),
            dict(
                type='Normalize',
                mean=[123.675, 116.28, 103.53],
                std=[58.395, 57.12, 57.375],
                to_rgb=True),
            dict(type='Pad', size_divisor=32),
            dict(type='ImageToTensor', keys=['img']),
            dict(type='Collect', keys=['img'])
        ])
]
data = dict(
    samples_per_gpu=2,
    workers_per_gpu=2,
    train=dict(
        type='CocoDataset',
        ann_file='data/coco/annotations/annotations_trai.json',
        img_prefix='data/coco/img/',
        pipeline=[
            dict(type='LoadImageFromFile'),
            dict(type='LoadAnnotations', with_bbox=True),
            dict(type='Resize', img_scale=(1550, 1550), keep_ratio=True),
            dict(type='RandomFlip', flip_ratio=0.5),
            dict(
                type='Normalize',
                mean=[123.675, 116.28, 103.53],
                std=[58.395, 57.12, 57.375],
                to_rgb=True),
            dict(type='Pad', size_divisor=32),
            dict(type='DefaultFormatBundle'),
            dict(type='Collect', keys=['img', 'gt_bboxes', 'gt_labels'])
        ]),
    val=dict(
        type='CocoDataset',
        ann_file='data/coco/annotations/annotations_test.json',
        img_prefix='data/coco/img/',
        pipeline=[
            dict(type='LoadImageFromFile'),
            dict(
                type='MultiScaleFlipAug',
                img_scale=(1550, 1550),
                flip=False,
                transforms=[
                    dict(type='Resize', keep_ratio=True),
                    dict(type='RandomFlip'),
                    dict(
                        type='Normalize',
                        mean=[123.675, 116.28, 103.53],
                        std=[58.395, 57.12, 57.375],
                        to_rgb=True),
                    dict(type='Pad', size_divisor=32),
                    dict(type='ImageToTensor', keys=['img']),
                    dict(type='Collect', keys=['img'])
                ])
        ]),
    test=dict(
        type='CocoDataset',
        ann_file='data/coco/annotations/annotations_vals.json',
        img_prefix='data/coco/img/',
        pipeline=[
            dict(type='LoadImageFromFile'),
            dict(
                type='MultiScaleFlipAug',
                img_scale=(1550, 1550),
                flip=False,
                transforms=[
                    dict(type='Resize', keep_ratio=True),
                    dict(type='RandomFlip'),
                    dict(
                        type='Normalize',
                        mean=[123.675, 116.28, 103.53],
                        std=[58.395, 57.12, 57.375],
                        to_rgb=True),
                    dict(type='Pad', size_divisor=32),
                    dict(type='ImageToTensor', keys=['img']),
                    dict(type='Collect', keys=['img'])
                ])
        ]))
evaluation = dict(interval=1, metric='bbox')
optimizer = dict(type='SGD', lr=0.01, momentum=0.9, weight_decay=0.0001)
optimizer_config = dict(grad_clip=None)
lr_config = dict(
    policy='step',
    warmup='linear',
    warmup_iters=500,
    warmup_ratio=0.001,
    step=[8, 11])
total_epochs = 4
checkpoint_config = dict(interval=4)
log_config = dict(interval=100, hooks=[dict(type='TextLoggerHook')])
dist_params = dict(backend='nccl')
log_level = 'INFO'
load_from = '/home/admin/.cache/torch/checkpoints/X.pth'
resume_from = None
workflow = [('train', 2), ('val', 1)]
work_dir = '/home/admin/jupyter/SecurityAI_Round5/data/work'
gpu_ids = range(0, 1)

2020-11-19 01:52:25,392 - mmdet - INFO - load model from: torchvision://resnet50
2020-11-19 01:52:33,350 - mmdet - WARNING - The model and loaded state dict do not match exactly

unexpected key in source state_dict: fc.weight, fc.bias

2020-11-19 01:52:43,698 - mmdet - INFO - load checkpoint from /home/admin/.cache/torch/checkpoints/X.pth
2020-11-19 01:52:50,547 - mmdet - INFO - Start running, host: admin@fuxilabor_labor0_S4_Odps_S96_dsw_prepaid_cnsh_838_2020111813282, work_dir: /home/admin/jupyter/SecurityAI_Round5/data/work
2020-11-19 01:52:50,547 - mmdet - INFO - workflow: [('train', 2), ('val', 1)], max: 4 epochs
2020-11-19 01:54:08,066 - mmdet - INFO - Epoch [1][100/628]	lr: 1.988e-03, eta: 0:31:05, time: 0.773, data_time: 0.033, memory: 11909, loss_rpn_cls: 0.0091, loss_rpn_bbox: 0.0488, loss_cls: 0.0605, acc: 97.5293, loss_bbox: 0.1216, loss: 0.2399
2020-11-19 01:55:22,540 - mmdet - INFO - Epoch [1][200/628]	lr: 3.986e-03, eta: 0:29:14, time: 0.745, data_time: 0.012, memory: 11909, loss_rpn_cls: 0.0081, loss_rpn_bbox: 0.0435, loss_cls: 0.0515, acc: 97.8770, loss_bbox: 0.1013, loss: 0.2044
2020-11-19 01:56:37,345 - mmdet - INFO - Epoch [1][300/628]	lr: 5.984e-03, eta: 0:27:50, time: 0.748, data_time: 0.012, memory: 11909, loss_rpn_cls: 0.0056, loss_rpn_bbox: 0.0402, loss_cls: 0.0444, acc: 98.2334, loss_bbox: 0.1016, loss: 0.1917
2020-11-19 01:57:52,351 - mmdet - INFO - Epoch [1][400/628]	lr: 7.982e-03, eta: 0:26:32, time: 0.750, data_time: 0.014, memory: 11909, loss_rpn_cls: 0.0069, loss_rpn_bbox: 0.0437, loss_cls: 0.0448, acc: 98.1943, loss_bbox: 0.1005, loss: 0.1960
2020-11-19 01:59:07,129 - mmdet - INFO - Epoch [1][500/628]	lr: 9.980e-03, eta: 0:25:14, time: 0.748, data_time: 0.012, memory: 11909, loss_rpn_cls: 0.0044, loss_rpn_bbox: 0.0410, loss_cls: 0.0421, acc: 98.2158, loss_bbox: 0.0975, loss: 0.1850
2020-11-19 02:00:21,952 - mmdet - INFO - Epoch [1][600/628]	lr: 1.000e-02, eta: 0:23:57, time: 0.748, data_time: 0.012, memory: 11909, loss_rpn_cls: 0.0032, loss_rpn_bbox: 0.0461, loss_cls: 0.0450, acc: 98.0684, loss_bbox: 0.1003, loss: 0.1945
2020-11-19 02:01:06,457 - mmdet - INFO - Evaluating bbox...
2020-11-19 02:01:08,502 - mmdet - INFO - Epoch [1][628/628]	lr: 1.000e-02, bbox_mAP: 0.8030, bbox_mAP_50: 0.8920, bbox_mAP_75: 0.8630, bbox_mAP_s: 0.5510, bbox_mAP_m: 0.8060, bbox_mAP_l: 0.8700, bbox_mAP_copypaste: 0.803 0.892 0.863 0.551 0.806 0.870
2020-11-19 02:02:25,912 - mmdet - INFO - Epoch [2][100/628]	lr: 1.000e-02, eta: 0:21:34, time: 0.772, data_time: 0.034, memory: 11909, loss_rpn_cls: 0.0031, loss_rpn_bbox: 0.0428, loss_cls: 0.0464, acc: 98.0205, loss_bbox: 0.1041, loss: 0.1965
2020-11-19 02:03:41,508 - mmdet - INFO - Epoch [2][200/628]	lr: 1.000e-02, eta: 0:20:28, time: 0.756, data_time: 0.014, memory: 11909, loss_rpn_cls: 0.0079, loss_rpn_bbox: 0.0503, loss_cls: 0.0553, acc: 97.8076, loss_bbox: 0.1074, loss: 0.2209
2020-11-19 02:04:56,395 - mmdet - INFO - Epoch [2][300/628]	lr: 1.000e-02, eta: 0:19:18, time: 0.749, data_time: 0.012, memory: 11909, loss_rpn_cls: 0.0094, loss_rpn_bbox: 0.0475, loss_cls: 0.0578, acc: 97.6309, loss_bbox: 0.1105, loss: 0.2252
2020-11-19 02:06:11,188 - mmdet - INFO - Epoch [2][400/628]	lr: 1.000e-02, eta: 0:18:08, time: 0.748, data_time: 0.012, memory: 11909, loss_rpn_cls: 0.0048, loss_rpn_bbox: 0.0443, loss_cls: 0.0462, acc: 98.0645, loss_bbox: 0.1042, loss: 0.1996
2020-11-19 02:07:25,973 - mmdet - INFO - Epoch [2][500/628]	lr: 1.000e-02, eta: 0:16:56, time: 0.748, data_time: 0.012, memory: 11909, loss_rpn_cls: 0.0059, loss_rpn_bbox: 0.0509, loss_cls: 0.0548, acc: 97.7754, loss_bbox: 0.1194, loss: 0.2310
2020-11-19 02:08:40,731 - mmdet - INFO - Epoch [2][600/628]	lr: 1.000e-02, eta: 0:15:44, time: 0.748, data_time: 0.012, memory: 11909, loss_rpn_cls: 0.0052, loss_rpn_bbox: 0.0483, loss_cls: 0.0536, acc: 97.7168, loss_bbox: 0.1153, loss: 0.2224
2020-11-19 02:09:25,456 - mmdet - INFO - Evaluating bbox...
2020-11-19 02:09:27,567 - mmdet - INFO - Epoch [2][628/628]	lr: 1.000e-02, bbox_mAP: 0.7930, bbox_mAP_50: 0.8900, bbox_mAP_75: 0.8550, bbox_mAP_s: 0.5350, bbox_mAP_m: 0.7920, bbox_mAP_l: 0.8590, bbox_mAP_copypaste: 0.793 0.890 0.855 0.535 0.792 0.859
2020-11-19 02:09:57,564 - mmdet - INFO - Epoch(train) [2][74]	loss_rpn_cls: 0.0056, loss_rpn_bbox: 0.0487, loss_cls: 0.0611, acc: 97.4095, loss_bbox: 0.1255, loss: 0.2409
2020-11-19 02:11:14,785 - mmdet - INFO - Epoch [3][100/628]	lr: 1.000e-02, eta: 0:13:55, time: 0.770, data_time: 0.034, memory: 11909, loss_rpn_cls: 0.0048, loss_rpn_bbox: 0.0491, loss_cls: 0.0495, acc: 97.9268, loss_bbox: 0.1165, loss: 0.2197
2020-11-19 02:12:29,991 - mmdet - INFO - Epoch [3][200/628]	lr: 1.000e-02, eta: 0:12:45, time: 0.752, data_time: 0.012, memory: 11909, loss_rpn_cls: 0.0055, loss_rpn_bbox: 0.0498, loss_cls: 0.0475, acc: 98.0303, loss_bbox: 0.1120, loss: 0.2149
2020-11-19 02:13:44,989 - mmdet - INFO - Epoch [3][300/628]	lr: 1.000e-02, eta: 0:11:34, time: 0.750, data_time: 0.012, memory: 11909, loss_rpn_cls: 0.0057, loss_rpn_bbox: 0.0463, loss_cls: 0.0524, acc: 97.8857, loss_bbox: 0.1125, loss: 0.2169
2020-11-19 02:14:59,828 - mmdet - INFO - Epoch [3][400/628]	lr: 1.000e-02, eta: 0:10:23, time: 0.748, data_time: 0.012, memory: 11909, loss_rpn_cls: 0.0055, loss_rpn_bbox: 0.0424, loss_cls: 0.0474, acc: 98.1426, loss_bbox: 0.0952, loss: 0.1905
2020-11-19 02:16:14,758 - mmdet - INFO - Epoch [3][500/628]	lr: 1.000e-02, eta: 0:09:11, time: 0.749, data_time: 0.012, memory: 11909, loss_rpn_cls: 0.0047, loss_rpn_bbox: 0.0461, loss_cls: 0.0557, acc: 97.6758, loss_bbox: 0.1150, loss: 0.2216
2020-11-19 02:17:29,594 - mmdet - INFO - Epoch [3][600/628]	lr: 1.000e-02, eta: 0:07:58, time: 0.748, data_time: 0.012, memory: 11909, loss_rpn_cls: 0.0042, loss_rpn_bbox: 0.0466, loss_cls: 0.0530, acc: 97.7598, loss_bbox: 0.1120, loss: 0.2158
2020-11-19 02:18:14,189 - mmdet - INFO - Evaluating bbox...
2020-11-19 02:18:16,315 - mmdet - INFO - Epoch [3][628/628]	lr: 1.000e-02, bbox_mAP: 0.8020, bbox_mAP_50: 0.8920, bbox_mAP_75: 0.8660, bbox_mAP_s: 0.5420, bbox_mAP_m: 0.7880, bbox_mAP_l: 0.8640, bbox_mAP_copypaste: 0.802 0.892 0.866 0.542 0.788 0.864
2020-11-19 02:19:33,465 - mmdet - INFO - Epoch [4][100/628]	lr: 1.000e-02, eta: 0:06:21, time: 0.770, data_time: 0.033, memory: 11909, loss_rpn_cls: 0.0040, loss_rpn_bbox: 0.0438, loss_cls: 0.0468, acc: 98.0020, loss_bbox: 0.1051, loss: 0.1997
2020-11-19 02:20:48,724 - mmdet - INFO - Epoch [4][200/628]	lr: 1.000e-02, eta: 0:05:09, time: 0.753, data_time: 0.012, memory: 11909, loss_rpn_cls: 0.0075, loss_rpn_bbox: 0.0490, loss_cls: 0.0567, acc: 97.6523, loss_bbox: 0.1169, loss: 0.2302
2020-11-19 02:22:03,953 - mmdet - INFO - Epoch [4][300/628]	lr: 1.000e-02, eta: 0:03:57, time: 0.752, data_time: 0.012, memory: 11909, loss_rpn_cls: 0.0062, loss_rpn_bbox: 0.0499, loss_cls: 0.0593, acc: 97.4512, loss_bbox: 0.1258, loss: 0.2412
2020-11-19 02:23:18,744 - mmdet - INFO - Epoch [4][400/628]	lr: 1.000e-02, eta: 0:02:45, time: 0.748, data_time: 0.012, memory: 11909, loss_rpn_cls: 0.0052, loss_rpn_bbox: 0.0455, loss_cls: 0.0511, acc: 97.8496, loss_bbox: 0.1090, loss: 0.2107
2020-11-19 02:24:33,693 - mmdet - INFO - Epoch [4][500/628]	lr: 1.000e-02, eta: 0:01:33, time: 0.749, data_time: 0.012, memory: 11909, loss_rpn_cls: 0.0059, loss_rpn_bbox: 0.0491, loss_cls: 0.0517, acc: 97.8467, loss_bbox: 0.1126, loss: 0.2194
2020-11-19 02:25:48,613 - mmdet - INFO - Epoch [4][600/628]	lr: 1.000e-02, eta: 0:00:20, time: 0.749, data_time: 0.012, memory: 11909, loss_rpn_cls: 0.0036, loss_rpn_bbox: 0.0457, loss_cls: 0.0391, acc: 98.4150, loss_bbox: 0.0980, loss: 0.1863
2020-11-19 02:26:09,377 - mmdet - INFO - Saving checkpoint at 4 epochs
2020-11-19 02:26:35,889 - mmdet - INFO - Evaluating bbox...
2020-11-19 02:26:38,053 - mmdet - INFO - Epoch [4][628/628]	lr: 1.000e-02, bbox_mAP: 0.8050, bbox_mAP_50: 0.8920, bbox_mAP_75: 0.8620, bbox_mAP_s: 0.5470, bbox_mAP_m: 0.7960, bbox_mAP_l: 0.8700, bbox_mAP_copypaste: 0.805 0.892 0.862 0.547 0.796 0.870
2020-11-19 02:27:08,009 - mmdet - INFO - Epoch(train) [4][74]	loss_rpn_cls: 0.0056, loss_rpn_bbox: 0.0471, loss_cls: 0.0541, acc: 97.7236, loss_bbox: 0.1176, loss: 0.2244
