2020-11-24 21:59:48,078 - mmdet - INFO - Environment info:
------------------------------------------------------------
sys.platform: linux
Python: 3.6.4 |Anaconda, Inc.| (default, Jan 16 2018, 18:10:19) [GCC 7.2.0]
CUDA available: True
CUDA_HOME: /usr/local/cuda
NVCC: Cuda compilation tools, release 10.0, V10.0.130
GPU 0: Tesla P100-PCIE-16GB
GCC: gcc (GCC) 5.3.0
PyTorch: 1.3.1+cu100
PyTorch compiling details: PyTorch built with:
  - GCC 7.3
  - Intel(R) Math Kernel Library Version 2019.0.4 Product Build 20190411 for Intel(R) 64 architecture applications
  - Intel(R) MKL-DNN v0.20.5 (Git Hash 0125f28c61c1f822fd48570b4c1066f96fcb9b2e)
  - OpenMP 201511 (a.k.a. OpenMP 4.5)
  - NNPACK is enabled
  - CUDA Runtime 10.0
  - NVCC architecture flags: -gencode;arch=compute_37,code=sm_37;-gencode;arch=compute_50,code=sm_50;-gencode;arch=compute_60,code=sm_60;-gencode;arch=compute_61,code=sm_61;-gencode;arch=compute_70,code=sm_70;-gencode;arch=compute_75,code=sm_75;-gencode;arch=compute_37,code=compute_37
  - CuDNN 7.6.3
  - Magma 2.5.1
  - Build settings: BLAS=MKL, BUILD_NAMEDTENSOR=OFF, BUILD_TYPE=Release, CXX_FLAGS= -Wno-deprecated -fvisibility-inlines-hidden -fopenmp -DUSE_FBGEMM -DUSE_QNNPACK -DUSE_PYTORCH_QNNPACK -O2 -fPIC -Wno-narrowing -Wall -Wextra -Wno-missing-field-initializers -Wno-type-limits -Wno-array-bounds -Wno-unknown-pragmas -Wno-sign-compare -Wno-unused-parameter -Wno-unused-variable -Wno-unused-function -Wno-unused-result -Wno-strict-overflow -Wno-strict-aliasing -Wno-error=deprecated-declarations -Wno-stringop-overflow -Wno-error=pedantic -Wno-error=redundant-decls -Wno-error=old-style-cast -fdiagnostics-color=always -faligned-new -Wno-unused-but-set-variable -Wno-maybe-uninitialized -fno-math-errno -fno-trapping-math -Wno-stringop-overflow, DISABLE_NUMA=1, PERF_WITH_AVX=1, PERF_WITH_AVX2=1, PERF_WITH_AVX512=1, USE_CUDA=True, USE_EXCEPTION_PTR=1, USE_GFLAGS=OFF, USE_GLOG=OFF, USE_MKL=ON, USE_MKLDNN=ON, USE_MPI=OFF, USE_NCCL=ON, USE_NNPACK=ON, USE_OPENMP=ON, USE_STATIC_DISPATCH=OFF, 

TorchVision: 0.4.2+cu100
OpenCV: 4.4.0
MMCV: 1.0.5
MMDetection: 2.3.0+788fa8d
MMDetection Compiler: GCC 7.3
MMDetection CUDA Compiler: 10.0
------------------------------------------------------------

2020-11-24 21:59:48,078 - mmdet - INFO - Distributed training: False
2020-11-24 21:59:48,461 - mmdet - INFO - Config:
model = dict(
    type='FasterRCNN',
    pretrained='torchvision://resnet50',
    backbone=dict(
        type='ResNet',
        depth=50,
        num_stages=4,
        out_indices=(0, 1, 2, 3),
        frozen_stages=1,
        norm_cfg=dict(type='BN', requires_grad=True),
        norm_eval=True,
        style='pytorch'),
    neck=dict(
        type='FPN',
        in_channels=[256, 512, 1024, 2048],
        out_channels=256,
        num_outs=5),
    rpn_head=dict(
        type='RPNHead',
        in_channels=256,
        feat_channels=256,
        anchor_generator=dict(
            type='AnchorGenerator',
            scales=[8],
            ratios=[0.5, 1.0, 2.0],
            strides=[4, 8, 16, 32, 64]),
        bbox_coder=dict(
            type='DeltaXYWHBBoxCoder',
            target_means=[0.0, 0.0, 0.0, 0.0],
            target_stds=[1.0, 1.0, 1.0, 1.0]),
        loss_cls=dict(
            type='CrossEntropyLoss', use_sigmoid=True, loss_weight=1.0),
        loss_bbox=dict(type='L1Loss', loss_weight=1.0)),
    roi_head=dict(
        type='StandardRoIHead',
        bbox_roi_extractor=dict(
            type='SingleRoIExtractor',
            roi_layer=dict(type='RoIAlign', output_size=7, sampling_ratio=0),
            out_channels=256,
            featmap_strides=[4, 8, 16, 32]),
        bbox_head=dict(
            type='Shared2FCBBoxHead',
            in_channels=256,
            fc_out_channels=1024,
            roi_feat_size=7,
            num_classes=2,
            bbox_coder=dict(
                type='DeltaXYWHBBoxCoder',
                target_means=[0.0, 0.0, 0.0, 0.0],
                target_stds=[0.1, 0.1, 0.2, 0.2]),
            reg_class_agnostic=False,
            loss_cls=dict(
                type='CrossEntropyLoss', use_sigmoid=False, loss_weight=1.0),
            loss_bbox=dict(type='L1Loss', loss_weight=1.0))))
train_cfg = dict(
    rpn=dict(
        assigner=dict(
            type='MaxIoUAssigner',
            pos_iou_thr=0.7,
            neg_iou_thr=0.3,
            min_pos_iou=0.3,
            match_low_quality=True,
            ignore_iof_thr=-1),
        sampler=dict(
            type='RandomSampler',
            num=256,
            pos_fraction=0.5,
            neg_pos_ub=-1,
            add_gt_as_proposals=False),
        allowed_border=-1,
        pos_weight=-1,
        debug=False),
    rpn_proposal=dict(
        nms_across_levels=False,
        nms_pre=2000,
        nms_post=1000,
        max_num=1000,
        nms_thr=0.7,
        min_bbox_size=0),
    rcnn=dict(
        assigner=dict(
            type='MaxIoUAssigner',
            pos_iou_thr=0.5,
            neg_iou_thr=0.5,
            min_pos_iou=0.5,
            match_low_quality=False,
            ignore_iof_thr=-1),
        sampler=dict(
            type='RandomSampler',
            num=512,
            pos_fraction=0.25,
            neg_pos_ub=-1,
            add_gt_as_proposals=True),
        pos_weight=-1,
        debug=False))
test_cfg = dict(
    rpn=dict(
        nms_across_levels=False,
        nms_pre=1000,
        nms_post=1000,
        max_num=1000,
        nms_thr=0.7,
        min_bbox_size=0),
    rcnn=dict(
        score_thr=0.05,
        nms=dict(type='nms', iou_threshold=0.5),
        max_per_img=100))
dataset_type = 'CocoDataset'
data_root = 'data/coco/'
img_norm_cfg = dict(
    mean=[123.675, 116.28, 103.53], std=[58.395, 57.12, 57.375], to_rgb=True)
train_pipeline = [
    dict(type='LoadImageFromFile'),
    dict(type='LoadAnnotations', with_bbox=True),
    dict(type='Resize', img_scale=(1550, 1550), keep_ratio=True),
    dict(type='RandomFlip', flip_ratio=0.5),
    dict(
        type='Normalize',
        mean=[123.675, 116.28, 103.53],
        std=[58.395, 57.12, 57.375],
        to_rgb=True),
    dict(type='Pad', size_divisor=32),
    dict(type='DefaultFormatBundle'),
    dict(type='Collect', keys=['img', 'gt_bboxes', 'gt_labels'])
]
test_pipeline = [
    dict(type='LoadImageFromFile'),
    dict(
        type='MultiScaleFlipAug',
        img_scale=(1550, 1550),
        flip=False,
        transforms=[
            dict(type='Resize', keep_ratio=True),
            dict(type='RandomFlip'),
            dict(
                type='Normalize',
                mean=[123.675, 116.28, 103.53],
                std=[58.395, 57.12, 57.375],
                to_rgb=True),
            dict(type='Pad', size_divisor=32),
            dict(type='ImageToTensor', keys=['img']),
            dict(type='Collect', keys=['img'])
        ])
]
data = dict(
    samples_per_gpu=2,
    workers_per_gpu=2,
    train=dict(
        type='CocoDataset',
        ann_file='data/coco/annotations/annotations_trai.json',
        img_prefix='data/coco/img/',
        pipeline=[
            dict(type='LoadImageFromFile'),
            dict(type='LoadAnnotations', with_bbox=True),
            dict(type='Resize', img_scale=(1550, 1550), keep_ratio=True),
            dict(type='RandomFlip', flip_ratio=0.5),
            dict(
                type='Normalize',
                mean=[123.675, 116.28, 103.53],
                std=[58.395, 57.12, 57.375],
                to_rgb=True),
            dict(type='Pad', size_divisor=32),
            dict(type='DefaultFormatBundle'),
            dict(type='Collect', keys=['img', 'gt_bboxes', 'gt_labels'])
        ]),
    val=dict(
        type='CocoDataset',
        ann_file='data/coco/annotations/annotations_test.json',
        img_prefix='data/coco/img/',
        pipeline=[
            dict(type='LoadImageFromFile'),
            dict(
                type='MultiScaleFlipAug',
                img_scale=(1550, 1550),
                flip=False,
                transforms=[
                    dict(type='Resize', keep_ratio=True),
                    dict(type='RandomFlip'),
                    dict(
                        type='Normalize',
                        mean=[123.675, 116.28, 103.53],
                        std=[58.395, 57.12, 57.375],
                        to_rgb=True),
                    dict(type='Pad', size_divisor=32),
                    dict(type='ImageToTensor', keys=['img']),
                    dict(type='Collect', keys=['img'])
                ])
        ]),
    test=dict(
        type='CocoDataset',
        ann_file='data/coco/annotations/annotations_vals.json',
        img_prefix='data/coco/img/',
        pipeline=[
            dict(type='LoadImageFromFile'),
            dict(
                type='MultiScaleFlipAug',
                img_scale=(1550, 1550),
                flip=False,
                transforms=[
                    dict(type='Resize', keep_ratio=True),
                    dict(type='RandomFlip'),
                    dict(
                        type='Normalize',
                        mean=[123.675, 116.28, 103.53],
                        std=[58.395, 57.12, 57.375],
                        to_rgb=True),
                    dict(type='Pad', size_divisor=32),
                    dict(type='ImageToTensor', keys=['img']),
                    dict(type='Collect', keys=['img'])
                ])
        ]))
evaluation = dict(interval=1, metric='bbox')
optimizer = dict(type='SGD', lr=0.01, momentum=0.9, weight_decay=0.0001)
optimizer_config = dict(grad_clip=None)
lr_config = dict(
    policy='step',
    warmup='linear',
    warmup_iters=500,
    warmup_ratio=0.001,
    step=[8, 11])
total_epochs = 4
checkpoint_config = dict(interval=4)
log_config = dict(interval=100, hooks=[dict(type='TextLoggerHook')])
dist_params = dict(backend='nccl')
log_level = 'INFO'
load_from = '/home/admin/.cache/torch/checkpoints/X.pth'
resume_from = None
workflow = [('train', 2), ('val', 1)]
work_dir = '/home/admin/jupyter/SecurityAI_Round5/data/work'
gpu_ids = range(0, 1)

2020-11-24 21:59:48,961 - mmdet - INFO - load model from: torchvision://resnet50
2020-11-24 21:59:57,017 - mmdet - WARNING - The model and loaded state dict do not match exactly

unexpected key in source state_dict: fc.weight, fc.bias

2020-11-24 22:00:07,430 - mmdet - INFO - load checkpoint from /home/admin/.cache/torch/checkpoints/X.pth
2020-11-24 22:00:14,238 - mmdet - INFO - Start running, host: admin@fuxilabor_labor0_S4_Odps_S95_dsw_prepaid_cnsh_838_2020112410550, work_dir: /home/admin/jupyter/SecurityAI_Round5/data/work
2020-11-24 22:00:14,238 - mmdet - INFO - workflow: [('train', 2), ('val', 1)], max: 4 epochs
2020-11-24 22:01:31,773 - mmdet - INFO - Epoch [1][100/639]	lr: 1.988e-03, eta: 0:31:39, time: 0.773, data_time: 0.034, memory: 8025, loss_rpn_cls: 0.0020, loss_rpn_bbox: 0.0233, loss_cls: 0.0258, acc: 98.9307, loss_bbox: 0.0639, loss: 0.1150
2020-11-24 22:02:46,509 - mmdet - INFO - Epoch [1][200/639]	lr: 3.986e-03, eta: 0:29:51, time: 0.747, data_time: 0.012, memory: 10051, loss_rpn_cls: 0.0017, loss_rpn_bbox: 0.0230, loss_cls: 0.0271, acc: 98.8330, loss_bbox: 0.0645, loss: 0.1164
2020-11-24 22:04:01,290 - mmdet - INFO - Epoch [1][300/639]	lr: 5.984e-03, eta: 0:28:25, time: 0.748, data_time: 0.012, memory: 10051, loss_rpn_cls: 0.0012, loss_rpn_bbox: 0.0227, loss_cls: 0.0259, acc: 98.9258, loss_bbox: 0.0609, loss: 0.1108
2020-11-24 22:05:16,214 - mmdet - INFO - Epoch [1][400/639]	lr: 7.982e-03, eta: 0:27:06, time: 0.749, data_time: 0.012, memory: 10051, loss_rpn_cls: 0.0016, loss_rpn_bbox: 0.0243, loss_cls: 0.0285, acc: 98.7109, loss_bbox: 0.0573, loss: 0.1118
2020-11-24 22:06:31,022 - mmdet - INFO - Epoch [1][500/639]	lr: 9.980e-03, eta: 0:25:48, time: 0.748, data_time: 0.012, memory: 10051, loss_rpn_cls: 0.0019, loss_rpn_bbox: 0.0257, loss_cls: 0.0270, acc: 98.8125, loss_bbox: 0.0632, loss: 0.1179
2020-11-24 22:07:45,749 - mmdet - INFO - Epoch [1][600/639]	lr: 1.000e-02, eta: 0:24:31, time: 0.747, data_time: 0.012, memory: 10051, loss_rpn_cls: 0.0022, loss_rpn_bbox: 0.0251, loss_cls: 0.0265, acc: 98.8828, loss_bbox: 0.0636, loss: 0.1174
2020-11-24 22:08:36,310 - mmdet - INFO - Evaluating bbox...
2020-11-24 22:08:40,427 - mmdet - INFO - Epoch [1][639/639]	lr: 1.000e-02, bbox_mAP: 0.7860, bbox_mAP_50: 0.8360, bbox_mAP_75: 0.8300, bbox_mAP_s: 0.4640, bbox_mAP_m: 0.8500, bbox_mAP_l: 0.8960, bbox_mAP_copypaste: 0.786 0.836 0.830 0.464 0.850 0.896
2020-11-24 22:09:57,641 - mmdet - INFO - Epoch [2][100/639]	lr: 1.000e-02, eta: 0:21:39, time: 0.770, data_time: 0.033, memory: 10051, loss_rpn_cls: 0.0020, loss_rpn_bbox: 0.0285, loss_cls: 0.0264, acc: 98.8594, loss_bbox: 0.0629, loss: 0.1198
2020-11-24 22:11:12,209 - mmdet - INFO - Epoch [2][200/639]	lr: 1.000e-02, eta: 0:20:33, time: 0.746, data_time: 0.012, memory: 10051, loss_rpn_cls: 0.0019, loss_rpn_bbox: 0.0254, loss_cls: 0.0226, acc: 99.0586, loss_bbox: 0.0610, loss: 0.1110
2020-11-24 22:12:26,860 - mmdet - INFO - Epoch [2][300/639]	lr: 1.000e-02, eta: 0:19:26, time: 0.747, data_time: 0.012, memory: 10051, loss_rpn_cls: 0.0023, loss_rpn_bbox: 0.0270, loss_cls: 0.0272, acc: 98.8711, loss_bbox: 0.0659, loss: 0.1224
2020-11-24 22:13:41,600 - mmdet - INFO - Epoch [2][400/639]	lr: 1.000e-02, eta: 0:18:18, time: 0.747, data_time: 0.012, memory: 10051, loss_rpn_cls: 0.0021, loss_rpn_bbox: 0.0267, loss_cls: 0.0277, acc: 98.7461, loss_bbox: 0.0649, loss: 0.1213
2020-11-24 22:14:56,752 - mmdet - INFO - Epoch [2][500/639]	lr: 1.000e-02, eta: 0:17:09, time: 0.752, data_time: 0.012, memory: 10051, loss_rpn_cls: 0.0018, loss_rpn_bbox: 0.0281, loss_cls: 0.0322, acc: 98.6006, loss_bbox: 0.0705, loss: 0.1326
2020-11-24 22:16:11,569 - mmdet - INFO - Epoch [2][600/639]	lr: 1.000e-02, eta: 0:15:59, time: 0.748, data_time: 0.012, memory: 10051, loss_rpn_cls: 0.0026, loss_rpn_bbox: 0.0296, loss_cls: 0.0279, acc: 98.8535, loss_bbox: 0.0652, loss: 0.1253
2020-11-24 22:17:02,078 - mmdet - INFO - Evaluating bbox...
2020-11-24 22:17:06,278 - mmdet - INFO - Epoch [2][639/639]	lr: 1.000e-02, bbox_mAP: 0.7870, bbox_mAP_50: 0.8400, bbox_mAP_75: 0.8300, bbox_mAP_s: 0.4600, bbox_mAP_m: 0.8590, bbox_mAP_l: 0.8940, bbox_mAP_copypaste: 0.787 0.840 0.830 0.460 0.859 0.894
2020-11-24 22:17:33,925 - mmdet - INFO - Epoch(train) [2][67]	loss_rpn_cls: 0.0024, loss_rpn_bbox: 0.0326, loss_cls: 0.0313, acc: 98.7174, loss_bbox: 0.0743, loss: 0.1406
2020-11-24 22:18:51,213 - mmdet - INFO - Epoch [3][100/639]	lr: 1.000e-02, eta: 0:13:57, time: 0.771, data_time: 0.033, memory: 10051, loss_rpn_cls: 0.0020, loss_rpn_bbox: 0.0275, loss_cls: 0.0288, acc: 98.7295, loss_bbox: 0.0713, loss: 0.1296
2020-11-24 22:20:05,741 - mmdet - INFO - Epoch [3][200/639]	lr: 1.000e-02, eta: 0:12:48, time: 0.745, data_time: 0.012, memory: 10051, loss_rpn_cls: 0.0018, loss_rpn_bbox: 0.0278, loss_cls: 0.0269, acc: 98.8740, loss_bbox: 0.0652, loss: 0.1217
2020-11-24 22:21:20,678 - mmdet - INFO - Epoch [3][300/639]	lr: 1.000e-02, eta: 0:11:39, time: 0.749, data_time: 0.012, memory: 10051, loss_rpn_cls: 0.0019, loss_rpn_bbox: 0.0279, loss_cls: 0.0275, acc: 98.8184, loss_bbox: 0.0661, loss: 0.1234
2020-11-24 22:22:35,661 - mmdet - INFO - Epoch [3][400/639]	lr: 1.000e-02, eta: 0:10:29, time: 0.750, data_time: 0.012, memory: 10055, loss_rpn_cls: 0.0039, loss_rpn_bbox: 0.0305, loss_cls: 0.0380, acc: 98.2930, loss_bbox: 0.0728, loss: 0.1452
2020-11-24 22:23:50,170 - mmdet - INFO - Epoch [3][500/639]	lr: 1.000e-02, eta: 0:09:19, time: 0.745, data_time: 0.012, memory: 10055, loss_rpn_cls: 0.0028, loss_rpn_bbox: 0.0289, loss_cls: 0.0282, acc: 98.8291, loss_bbox: 0.0652, loss: 0.1251
2020-11-24 22:25:05,005 - mmdet - INFO - Epoch [3][600/639]	lr: 1.000e-02, eta: 0:08:08, time: 0.748, data_time: 0.012, memory: 10055, loss_rpn_cls: 0.0022, loss_rpn_bbox: 0.0283, loss_cls: 0.0256, acc: 98.9648, loss_bbox: 0.0669, loss: 0.1230
2020-11-24 22:25:55,732 - mmdet - INFO - Evaluating bbox...
2020-11-24 22:25:59,850 - mmdet - INFO - Epoch [3][639/639]	lr: 1.000e-02, bbox_mAP: 0.7810, bbox_mAP_50: 0.8350, bbox_mAP_75: 0.8250, bbox_mAP_s: 0.4460, bbox_mAP_m: 0.8530, bbox_mAP_l: 0.8810, bbox_mAP_copypaste: 0.781 0.835 0.825 0.446 0.853 0.881
2020-11-24 22:27:17,015 - mmdet - INFO - Epoch [4][100/639]	lr: 1.000e-02, eta: 0:06:22, time: 0.770, data_time: 0.033, memory: 10055, loss_rpn_cls: 0.0025, loss_rpn_bbox: 0.0298, loss_cls: 0.0333, acc: 98.5488, loss_bbox: 0.0726, loss: 0.1383
2020-11-24 22:28:31,836 - mmdet - INFO - Epoch [4][200/639]	lr: 1.000e-02, eta: 0:05:12, time: 0.748, data_time: 0.012, memory: 10055, loss_rpn_cls: 0.0018, loss_rpn_bbox: 0.0249, loss_cls: 0.0264, acc: 98.8682, loss_bbox: 0.0628, loss: 0.1160
2020-11-24 22:29:46,510 - mmdet - INFO - Epoch [4][300/639]	lr: 1.000e-02, eta: 0:04:01, time: 0.747, data_time: 0.012, memory: 10055, loss_rpn_cls: 0.0024, loss_rpn_bbox: 0.0285, loss_cls: 0.0328, acc: 98.5615, loss_bbox: 0.0709, loss: 0.1348
2020-11-24 22:31:01,278 - mmdet - INFO - Epoch [4][400/639]	lr: 1.000e-02, eta: 0:02:50, time: 0.748, data_time: 0.012, memory: 10055, loss_rpn_cls: 0.0019, loss_rpn_bbox: 0.0312, loss_cls: 0.0278, acc: 98.8379, loss_bbox: 0.0738, loss: 0.1346
2020-11-24 22:32:16,143 - mmdet - INFO - Epoch [4][500/639]	lr: 1.000e-02, eta: 0:01:39, time: 0.749, data_time: 0.012, memory: 10055, loss_rpn_cls: 0.0021, loss_rpn_bbox: 0.0277, loss_cls: 0.0292, acc: 98.7295, loss_bbox: 0.0697, loss: 0.1287
2020-11-24 22:33:31,063 - mmdet - INFO - Epoch [4][600/639]	lr: 1.000e-02, eta: 0:00:27, time: 0.749, data_time: 0.012, memory: 10055, loss_rpn_cls: 0.0022, loss_rpn_bbox: 0.0282, loss_cls: 0.0280, acc: 98.7803, loss_bbox: 0.0695, loss: 0.1279
2020-11-24 22:34:00,042 - mmdet - INFO - Saving checkpoint at 4 epochs
2020-11-24 22:34:23,202 - mmdet - INFO - Evaluating bbox...
2020-11-24 22:34:27,427 - mmdet - INFO - Epoch [4][639/639]	lr: 1.000e-02, bbox_mAP: 0.7770, bbox_mAP_50: 0.8300, bbox_mAP_75: 0.8200, bbox_mAP_s: 0.4570, bbox_mAP_m: 0.8470, bbox_mAP_l: 0.8690, bbox_mAP_copypaste: 0.777 0.830 0.820 0.457 0.847 0.869
2020-11-24 22:34:54,903 - mmdet - INFO - Epoch(train) [4][67]	loss_rpn_cls: 0.0038, loss_rpn_bbox: 0.0321, loss_cls: 0.0371, acc: 98.4798, loss_bbox: 0.0782, loss: 0.1513
