2020-11-18 14:03:44,488 - mmdet - INFO - Environment info:
------------------------------------------------------------
sys.platform: linux
Python: 3.6.4 |Anaconda, Inc.| (default, Jan 16 2018, 18:10:19) [GCC 7.2.0]
CUDA available: True
CUDA_HOME: /usr/local/cuda
NVCC: Cuda compilation tools, release 10.0, V10.0.130
GPU 0: Tesla P100-PCIE-16GB
GCC: gcc (GCC) 5.3.0
PyTorch: 1.3.1+cu100
PyTorch compiling details: PyTorch built with:
  - GCC 7.3
  - Intel(R) Math Kernel Library Version 2019.0.4 Product Build 20190411 for Intel(R) 64 architecture applications
  - Intel(R) MKL-DNN v0.20.5 (Git Hash 0125f28c61c1f822fd48570b4c1066f96fcb9b2e)
  - OpenMP 201511 (a.k.a. OpenMP 4.5)
  - NNPACK is enabled
  - CUDA Runtime 10.0
  - NVCC architecture flags: -gencode;arch=compute_37,code=sm_37;-gencode;arch=compute_50,code=sm_50;-gencode;arch=compute_60,code=sm_60;-gencode;arch=compute_61,code=sm_61;-gencode;arch=compute_70,code=sm_70;-gencode;arch=compute_75,code=sm_75;-gencode;arch=compute_37,code=compute_37
  - CuDNN 7.6.3
  - Magma 2.5.1
  - Build settings: BLAS=MKL, BUILD_NAMEDTENSOR=OFF, BUILD_TYPE=Release, CXX_FLAGS= -Wno-deprecated -fvisibility-inlines-hidden -fopenmp -DUSE_FBGEMM -DUSE_QNNPACK -DUSE_PYTORCH_QNNPACK -O2 -fPIC -Wno-narrowing -Wall -Wextra -Wno-missing-field-initializers -Wno-type-limits -Wno-array-bounds -Wno-unknown-pragmas -Wno-sign-compare -Wno-unused-parameter -Wno-unused-variable -Wno-unused-function -Wno-unused-result -Wno-strict-overflow -Wno-strict-aliasing -Wno-error=deprecated-declarations -Wno-stringop-overflow -Wno-error=pedantic -Wno-error=redundant-decls -Wno-error=old-style-cast -fdiagnostics-color=always -faligned-new -Wno-unused-but-set-variable -Wno-maybe-uninitialized -fno-math-errno -fno-trapping-math -Wno-stringop-overflow, DISABLE_NUMA=1, PERF_WITH_AVX=1, PERF_WITH_AVX2=1, PERF_WITH_AVX512=1, USE_CUDA=True, USE_EXCEPTION_PTR=1, USE_GFLAGS=OFF, USE_GLOG=OFF, USE_MKL=ON, USE_MKLDNN=ON, USE_MPI=OFF, USE_NCCL=ON, USE_NNPACK=ON, USE_OPENMP=ON, USE_STATIC_DISPATCH=OFF, 

TorchVision: 0.4.2+cu100
OpenCV: 4.4.0
MMCV: 1.0.5
MMDetection: 2.3.0+788fa8d
MMDetection Compiler: GCC 7.3
MMDetection CUDA Compiler: 10.0
------------------------------------------------------------

2020-11-18 14:03:44,489 - mmdet - INFO - Distributed training: False
2020-11-18 14:03:44,877 - mmdet - INFO - Config:
model = dict(
    type='FasterRCNN',
    pretrained='torchvision://resnet50',
    backbone=dict(
        type='ResNet',
        depth=50,
        num_stages=4,
        out_indices=(0, 1, 2, 3),
        frozen_stages=1,
        norm_cfg=dict(type='BN', requires_grad=True),
        norm_eval=True,
        style='pytorch'),
    neck=dict(
        type='FPN',
        in_channels=[256, 512, 1024, 2048],
        out_channels=256,
        num_outs=5),
    rpn_head=dict(
        type='RPNHead',
        in_channels=256,
        feat_channels=256,
        anchor_generator=dict(
            type='AnchorGenerator',
            scales=[8],
            ratios=[0.5, 1.0, 2.0],
            strides=[4, 8, 16, 32, 64]),
        bbox_coder=dict(
            type='DeltaXYWHBBoxCoder',
            target_means=[0.0, 0.0, 0.0, 0.0],
            target_stds=[1.0, 1.0, 1.0, 1.0]),
        loss_cls=dict(
            type='CrossEntropyLoss', use_sigmoid=True, loss_weight=1.0),
        loss_bbox=dict(type='L1Loss', loss_weight=1.0)),
    roi_head=dict(
        type='StandardRoIHead',
        bbox_roi_extractor=dict(
            type='SingleRoIExtractor',
            roi_layer=dict(type='RoIAlign', output_size=7, sampling_ratio=0),
            out_channels=256,
            featmap_strides=[4, 8, 16, 32]),
        bbox_head=dict(
            type='Shared2FCBBoxHead',
            in_channels=256,
            fc_out_channels=1024,
            roi_feat_size=7,
            num_classes=2,
            bbox_coder=dict(
                type='DeltaXYWHBBoxCoder',
                target_means=[0.0, 0.0, 0.0, 0.0],
                target_stds=[0.1, 0.1, 0.2, 0.2]),
            reg_class_agnostic=False,
            loss_cls=dict(
                type='CrossEntropyLoss', use_sigmoid=False, loss_weight=1.0),
            loss_bbox=dict(type='L1Loss', loss_weight=1.0))))
train_cfg = dict(
    rpn=dict(
        assigner=dict(
            type='MaxIoUAssigner',
            pos_iou_thr=0.7,
            neg_iou_thr=0.3,
            min_pos_iou=0.3,
            match_low_quality=True,
            ignore_iof_thr=-1),
        sampler=dict(
            type='RandomSampler',
            num=256,
            pos_fraction=0.5,
            neg_pos_ub=-1,
            add_gt_as_proposals=False),
        allowed_border=-1,
        pos_weight=-1,
        debug=False),
    rpn_proposal=dict(
        nms_across_levels=False,
        nms_pre=2000,
        nms_post=1000,
        max_num=1000,
        nms_thr=0.7,
        min_bbox_size=0),
    rcnn=dict(
        assigner=dict(
            type='MaxIoUAssigner',
            pos_iou_thr=0.5,
            neg_iou_thr=0.5,
            min_pos_iou=0.5,
            match_low_quality=False,
            ignore_iof_thr=-1),
        sampler=dict(
            type='RandomSampler',
            num=512,
            pos_fraction=0.25,
            neg_pos_ub=-1,
            add_gt_as_proposals=True),
        pos_weight=-1,
        debug=False))
test_cfg = dict(
    rpn=dict(
        nms_across_levels=False,
        nms_pre=1000,
        nms_post=1000,
        max_num=1000,
        nms_thr=0.7,
        min_bbox_size=0),
    rcnn=dict(
        score_thr=0.05,
        nms=dict(type='nms', iou_threshold=0.5),
        max_per_img=100))
dataset_type = 'CocoDataset'
data_root = 'data/coco/'
img_norm_cfg = dict(
    mean=[123.675, 116.28, 103.53], std=[58.395, 57.12, 57.375], to_rgb=True)
train_pipeline = [
    dict(type='LoadImageFromFile'),
    dict(type='LoadAnnotations', with_bbox=True),
    dict(type='Resize', img_scale=(1550, 1550), keep_ratio=True),
    dict(type='RandomFlip', flip_ratio=0.5),
    dict(
        type='Normalize',
        mean=[123.675, 116.28, 103.53],
        std=[58.395, 57.12, 57.375],
        to_rgb=True),
    dict(type='Pad', size_divisor=32),
    dict(type='DefaultFormatBundle'),
    dict(type='Collect', keys=['img', 'gt_bboxes', 'gt_labels'])
]
test_pipeline = [
    dict(type='LoadImageFromFile'),
    dict(
        type='MultiScaleFlipAug',
        img_scale=(1550, 1550),
        flip=False,
        transforms=[
            dict(type='Resize', keep_ratio=True),
            dict(type='RandomFlip'),
            dict(
                type='Normalize',
                mean=[123.675, 116.28, 103.53],
                std=[58.395, 57.12, 57.375],
                to_rgb=True),
            dict(type='Pad', size_divisor=32),
            dict(type='ImageToTensor', keys=['img']),
            dict(type='Collect', keys=['img'])
        ])
]
data = dict(
    samples_per_gpu=2,
    workers_per_gpu=2,
    train=dict(
        type='CocoDataset',
        ann_file='data/coco/annotations/annotations_trai.json',
        img_prefix='data/coco/img/',
        pipeline=[
            dict(type='LoadImageFromFile'),
            dict(type='LoadAnnotations', with_bbox=True),
            dict(type='Resize', img_scale=(1550, 1550), keep_ratio=True),
            dict(type='RandomFlip', flip_ratio=0.5),
            dict(
                type='Normalize',
                mean=[123.675, 116.28, 103.53],
                std=[58.395, 57.12, 57.375],
                to_rgb=True),
            dict(type='Pad', size_divisor=32),
            dict(type='DefaultFormatBundle'),
            dict(type='Collect', keys=['img', 'gt_bboxes', 'gt_labels'])
        ]),
    val=dict(
        type='CocoDataset',
        ann_file='data/coco/annotations/annotations_test.json',
        img_prefix='data/coco/img/',
        pipeline=[
            dict(type='LoadImageFromFile'),
            dict(
                type='MultiScaleFlipAug',
                img_scale=(1550, 1550),
                flip=False,
                transforms=[
                    dict(type='Resize', keep_ratio=True),
                    dict(type='RandomFlip'),
                    dict(
                        type='Normalize',
                        mean=[123.675, 116.28, 103.53],
                        std=[58.395, 57.12, 57.375],
                        to_rgb=True),
                    dict(type='Pad', size_divisor=32),
                    dict(type='ImageToTensor', keys=['img']),
                    dict(type='Collect', keys=['img'])
                ])
        ]),
    test=dict(
        type='CocoDataset',
        ann_file='data/coco/annotations/annotations_vals.json',
        img_prefix='data/coco/img/',
        pipeline=[
            dict(type='LoadImageFromFile'),
            dict(
                type='MultiScaleFlipAug',
                img_scale=(1550, 1550),
                flip=False,
                transforms=[
                    dict(type='Resize', keep_ratio=True),
                    dict(type='RandomFlip'),
                    dict(
                        type='Normalize',
                        mean=[123.675, 116.28, 103.53],
                        std=[58.395, 57.12, 57.375],
                        to_rgb=True),
                    dict(type='Pad', size_divisor=32),
                    dict(type='ImageToTensor', keys=['img']),
                    dict(type='Collect', keys=['img'])
                ])
        ]))
evaluation = dict(interval=1, metric='bbox')
optimizer = dict(type='SGD', lr=0.01, momentum=0.9, weight_decay=0.0001)
optimizer_config = dict(grad_clip=None)
lr_config = dict(
    policy='step',
    warmup='linear',
    warmup_iters=500,
    warmup_ratio=0.001,
    step=[8, 11])
total_epochs = 4
checkpoint_config = dict(interval=4)
log_config = dict(interval=100, hooks=[dict(type='TextLoggerHook')])
dist_params = dict(backend='nccl')
log_level = 'INFO'
load_from = '/home/admin/.cache/torch/checkpoints/X.pth'
resume_from = None
workflow = [('train', 2), ('val', 1)]
work_dir = '/home/admin/jupyter/SecurityAI_Round5/data/work'
gpu_ids = range(0, 1)

2020-11-18 14:03:45,376 - mmdet - INFO - load model from: torchvision://resnet50
2020-11-18 14:03:53,530 - mmdet - WARNING - The model and loaded state dict do not match exactly

unexpected key in source state_dict: fc.weight, fc.bias

2020-11-18 14:04:03,965 - mmdet - INFO - load checkpoint from /home/admin/.cache/torch/checkpoints/X.pth
2020-11-18 14:04:10,794 - mmdet - INFO - Start running, host: admin@fuxilabor_labor0_S4_Odps_S95_dsw_prepaid_cnsh_838_2020111802041, work_dir: /home/admin/jupyter/SecurityAI_Round5/data/work
2020-11-18 14:04:10,794 - mmdet - INFO - workflow: [('train', 2), ('val', 1)], max: 4 epochs
2020-11-18 14:05:28,140 - mmdet - INFO - Epoch [1][100/600]	lr: 1.988e-03, eta: 0:29:34, time: 0.772, data_time: 0.033, memory: 11913, loss_rpn_cls: 0.0050, loss_rpn_bbox: 0.0464, loss_cls: 0.0603, acc: 97.4795, loss_bbox: 0.1309, loss: 0.2426
2020-11-18 14:06:42,673 - mmdet - INFO - Epoch [1][200/600]	lr: 3.986e-03, eta: 0:27:48, time: 0.745, data_time: 0.012, memory: 11913, loss_rpn_cls: 0.0092, loss_rpn_bbox: 0.0474, loss_cls: 0.0577, acc: 97.6416, loss_bbox: 0.1192, loss: 0.2335
2020-11-18 14:07:57,260 - mmdet - INFO - Epoch [1][300/600]	lr: 5.984e-03, eta: 0:26:23, time: 0.746, data_time: 0.012, memory: 11913, loss_rpn_cls: 0.0071, loss_rpn_bbox: 0.0437, loss_cls: 0.0588, acc: 97.5137, loss_bbox: 0.1204, loss: 0.2301
2020-11-18 14:09:11,666 - mmdet - INFO - Epoch [1][400/600]	lr: 7.982e-03, eta: 0:25:03, time: 0.744, data_time: 0.012, memory: 11913, loss_rpn_cls: 0.0083, loss_rpn_bbox: 0.0484, loss_cls: 0.0583, acc: 97.6396, loss_bbox: 0.1186, loss: 0.2337
2020-11-18 14:10:26,386 - mmdet - INFO - Epoch [1][500/600]	lr: 9.980e-03, eta: 0:23:46, time: 0.747, data_time: 0.012, memory: 11913, loss_rpn_cls: 0.0059, loss_rpn_bbox: 0.0482, loss_cls: 0.0609, acc: 97.4619, loss_bbox: 0.1298, loss: 0.2449
2020-11-18 14:11:41,044 - mmdet - INFO - Epoch [1][600/600]	lr: 1.000e-02, eta: 0:22:30, time: 0.747, data_time: 0.012, memory: 11913, loss_rpn_cls: 0.0088, loss_rpn_bbox: 0.0552, loss_cls: 0.0736, acc: 96.9580, loss_bbox: 0.1403, loss: 0.2778
2020-11-18 14:12:07,910 - mmdet - INFO - Evaluating bbox...
2020-11-18 14:12:10,544 - mmdet - INFO - Epoch [1][600/600]	lr: 1.000e-02, bbox_mAP: 0.7510, bbox_mAP_50: 0.8460, bbox_mAP_75: 0.8100, bbox_mAP_s: 0.3880, bbox_mAP_m: 0.7640, bbox_mAP_l: 0.8580, bbox_mAP_copypaste: 0.751 0.846 0.810 0.388 0.764 0.858
2020-11-18 14:13:27,450 - mmdet - INFO - Epoch [2][100/600]	lr: 1.000e-02, eta: 0:21:19, time: 0.767, data_time: 0.033, memory: 11913, loss_rpn_cls: 0.0082, loss_rpn_bbox: 0.0492, loss_cls: 0.0597, acc: 97.5625, loss_bbox: 0.1255, loss: 0.2426
2020-11-18 14:14:41,936 - mmdet - INFO - Epoch [2][200/600]	lr: 1.000e-02, eta: 0:20:02, time: 0.745, data_time: 0.012, memory: 11913, loss_rpn_cls: 0.0063, loss_rpn_bbox: 0.0531, loss_cls: 0.0628, acc: 97.3262, loss_bbox: 0.1272, loss: 0.2493
2020-11-18 14:15:56,709 - mmdet - INFO - Epoch [2][300/600]	lr: 1.000e-02, eta: 0:18:46, time: 0.748, data_time: 0.012, memory: 11913, loss_rpn_cls: 0.0077, loss_rpn_bbox: 0.0547, loss_cls: 0.0705, acc: 97.1104, loss_bbox: 0.1422, loss: 0.2751
2020-11-18 14:17:11,461 - mmdet - INFO - Epoch [2][400/600]	lr: 1.000e-02, eta: 0:17:31, time: 0.748, data_time: 0.012, memory: 11913, loss_rpn_cls: 0.0073, loss_rpn_bbox: 0.0534, loss_cls: 0.0598, acc: 97.5840, loss_bbox: 0.1333, loss: 0.2538
2020-11-18 14:18:25,941 - mmdet - INFO - Epoch [2][500/600]	lr: 1.000e-02, eta: 0:16:15, time: 0.745, data_time: 0.012, memory: 11913, loss_rpn_cls: 0.0073, loss_rpn_bbox: 0.0505, loss_cls: 0.0621, acc: 97.4277, loss_bbox: 0.1364, loss: 0.2564
2020-11-18 14:19:40,561 - mmdet - INFO - Epoch [2][600/600]	lr: 1.000e-02, eta: 0:14:59, time: 0.746, data_time: 0.012, memory: 11913, loss_rpn_cls: 0.0089, loss_rpn_bbox: 0.0518, loss_cls: 0.0625, acc: 97.3926, loss_bbox: 0.1259, loss: 0.2490
2020-11-18 14:20:07,320 - mmdet - INFO - Evaluating bbox...
2020-11-18 14:20:09,919 - mmdet - INFO - Epoch [2][600/600]	lr: 1.000e-02, bbox_mAP: 0.7490, bbox_mAP_50: 0.8410, bbox_mAP_75: 0.8070, bbox_mAP_s: 0.3900, bbox_mAP_m: 0.7650, bbox_mAP_l: 0.8470, bbox_mAP_copypaste: 0.749 0.841 0.807 0.390 0.765 0.847
2020-11-18 14:20:42,850 - mmdet - INFO - Epoch(train) [2][83]	loss_rpn_cls: 0.0075, loss_rpn_bbox: 0.0506, loss_cls: 0.0602, acc: 97.4892, loss_bbox: 0.1224, loss: 0.2407
2020-11-18 14:21:59,612 - mmdet - INFO - Epoch [3][100/600]	lr: 1.000e-02, eta: 0:13:46, time: 0.766, data_time: 0.033, memory: 11913, loss_rpn_cls: 0.0044, loss_rpn_bbox: 0.0481, loss_cls: 0.0517, acc: 97.8457, loss_bbox: 0.1232, loss: 0.2275
2020-11-18 14:23:14,118 - mmdet - INFO - Epoch [3][200/600]	lr: 1.000e-02, eta: 0:12:30, time: 0.745, data_time: 0.012, memory: 11913, loss_rpn_cls: 0.0073, loss_rpn_bbox: 0.0588, loss_cls: 0.0669, acc: 97.2588, loss_bbox: 0.1409, loss: 0.2738
2020-11-18 14:24:28,580 - mmdet - INFO - Epoch [3][300/600]	lr: 1.000e-02, eta: 0:11:15, time: 0.745, data_time: 0.012, memory: 11913, loss_rpn_cls: 0.0106, loss_rpn_bbox: 0.0498, loss_cls: 0.0646, acc: 97.3799, loss_bbox: 0.1329, loss: 0.2579
2020-11-18 14:25:43,424 - mmdet - INFO - Epoch [3][400/600]	lr: 1.000e-02, eta: 0:10:00, time: 0.748, data_time: 0.012, memory: 11913, loss_rpn_cls: 0.0104, loss_rpn_bbox: 0.0544, loss_cls: 0.0743, acc: 96.8975, loss_bbox: 0.1428, loss: 0.2819
2020-11-18 14:26:57,961 - mmdet - INFO - Epoch [3][500/600]	lr: 1.000e-02, eta: 0:08:44, time: 0.745, data_time: 0.012, memory: 11913, loss_rpn_cls: 0.0046, loss_rpn_bbox: 0.0500, loss_cls: 0.0605, acc: 97.5059, loss_bbox: 0.1339, loss: 0.2490
2020-11-18 14:28:12,511 - mmdet - INFO - Epoch [3][600/600]	lr: 1.000e-02, eta: 0:07:29, time: 0.745, data_time: 0.012, memory: 11913, loss_rpn_cls: 0.0105, loss_rpn_bbox: 0.0545, loss_cls: 0.0657, acc: 97.3760, loss_bbox: 0.1326, loss: 0.2633
2020-11-18 14:28:39,264 - mmdet - INFO - Evaluating bbox...
2020-11-18 14:28:41,866 - mmdet - INFO - Epoch [3][600/600]	lr: 1.000e-02, bbox_mAP: 0.7400, bbox_mAP_50: 0.8270, bbox_mAP_75: 0.8000, bbox_mAP_s: 0.3780, bbox_mAP_m: 0.7470, bbox_mAP_l: 0.8440, bbox_mAP_copypaste: 0.740 0.827 0.800 0.378 0.747 0.844
2020-11-18 14:29:58,865 - mmdet - INFO - Epoch [4][100/600]	lr: 1.000e-02, eta: 0:06:15, time: 0.768, data_time: 0.033, memory: 11913, loss_rpn_cls: 0.0070, loss_rpn_bbox: 0.0538, loss_cls: 0.0718, acc: 96.9795, loss_bbox: 0.1379, loss: 0.2705
2020-11-18 14:31:26,670 - mmdet - INFO - Epoch [4][200/600]	lr: 1.000e-02, eta: 0:05:02, time: 0.878, data_time: 0.145, memory: 11913, loss_rpn_cls: 0.0124, loss_rpn_bbox: 0.0555, loss_cls: 0.0689, acc: 97.2598, loss_bbox: 0.1414, loss: 0.2781
2020-11-18 14:32:41,248 - mmdet - INFO - Epoch [4][300/600]	lr: 1.000e-02, eta: 0:03:46, time: 0.746, data_time: 0.012, memory: 11913, loss_rpn_cls: 0.0065, loss_rpn_bbox: 0.0560, loss_cls: 0.0567, acc: 97.6484, loss_bbox: 0.1327, loss: 0.2519
2020-11-18 14:33:55,763 - mmdet - INFO - Epoch [4][400/600]	lr: 1.000e-02, eta: 0:02:31, time: 0.745, data_time: 0.012, memory: 11913, loss_rpn_cls: 0.0062, loss_rpn_bbox: 0.0501, loss_cls: 0.0559, acc: 97.6768, loss_bbox: 0.1222, loss: 0.2344
2020-11-18 14:35:10,291 - mmdet - INFO - Epoch [4][500/600]	lr: 1.000e-02, eta: 0:01:15, time: 0.745, data_time: 0.012, memory: 11913, loss_rpn_cls: 0.0070, loss_rpn_bbox: 0.0529, loss_cls: 0.0647, acc: 97.3271, loss_bbox: 0.1353, loss: 0.2599
2020-11-18 14:36:24,756 - mmdet - INFO - Epoch [4][600/600]	lr: 1.000e-02, eta: 0:00:00, time: 0.745, data_time: 0.012, memory: 11913, loss_rpn_cls: 0.0097, loss_rpn_bbox: 0.0545, loss_cls: 0.0643, acc: 97.3779, loss_bbox: 0.1307, loss: 0.2592
2020-11-18 14:36:24,804 - mmdet - INFO - Saving checkpoint at 4 epochs
2020-11-18 14:36:53,222 - mmdet - INFO - Evaluating bbox...
2020-11-18 14:36:55,799 - mmdet - INFO - Epoch [4][600/600]	lr: 1.000e-02, bbox_mAP: 0.7500, bbox_mAP_50: 0.8400, bbox_mAP_75: 0.8040, bbox_mAP_s: 0.3790, bbox_mAP_m: 0.7630, bbox_mAP_l: 0.8520, bbox_mAP_copypaste: 0.750 0.840 0.804 0.379 0.763 0.852
2020-11-18 14:37:28,751 - mmdet - INFO - Epoch(train) [4][83]	loss_rpn_cls: 0.0076, loss_rpn_bbox: 0.0523, loss_cls: 0.0622, acc: 97.4245, loss_bbox: 0.1229, loss: 0.2450
