2020-11-18 10:39:09,494 - mmdet - INFO - Environment info:
------------------------------------------------------------
sys.platform: linux
Python: 3.6.4 |Anaconda, Inc.| (default, Jan 16 2018, 18:10:19) [GCC 7.2.0]
CUDA available: True
CUDA_HOME: /usr/local/cuda
NVCC: Cuda compilation tools, release 10.0, V10.0.130
GPU 0: Tesla P100-PCIE-16GB
GCC: gcc (GCC) 5.3.0
PyTorch: 1.3.1+cu100
PyTorch compiling details: PyTorch built with:
  - GCC 7.3
  - Intel(R) Math Kernel Library Version 2019.0.4 Product Build 20190411 for Intel(R) 64 architecture applications
  - Intel(R) MKL-DNN v0.20.5 (Git Hash 0125f28c61c1f822fd48570b4c1066f96fcb9b2e)
  - OpenMP 201511 (a.k.a. OpenMP 4.5)
  - NNPACK is enabled
  - CUDA Runtime 10.0
  - NVCC architecture flags: -gencode;arch=compute_37,code=sm_37;-gencode;arch=compute_50,code=sm_50;-gencode;arch=compute_60,code=sm_60;-gencode;arch=compute_61,code=sm_61;-gencode;arch=compute_70,code=sm_70;-gencode;arch=compute_75,code=sm_75;-gencode;arch=compute_37,code=compute_37
  - CuDNN 7.6.3
  - Magma 2.5.1
  - Build settings: BLAS=MKL, BUILD_NAMEDTENSOR=OFF, BUILD_TYPE=Release, CXX_FLAGS= -Wno-deprecated -fvisibility-inlines-hidden -fopenmp -DUSE_FBGEMM -DUSE_QNNPACK -DUSE_PYTORCH_QNNPACK -O2 -fPIC -Wno-narrowing -Wall -Wextra -Wno-missing-field-initializers -Wno-type-limits -Wno-array-bounds -Wno-unknown-pragmas -Wno-sign-compare -Wno-unused-parameter -Wno-unused-variable -Wno-unused-function -Wno-unused-result -Wno-strict-overflow -Wno-strict-aliasing -Wno-error=deprecated-declarations -Wno-stringop-overflow -Wno-error=pedantic -Wno-error=redundant-decls -Wno-error=old-style-cast -fdiagnostics-color=always -faligned-new -Wno-unused-but-set-variable -Wno-maybe-uninitialized -fno-math-errno -fno-trapping-math -Wno-stringop-overflow, DISABLE_NUMA=1, PERF_WITH_AVX=1, PERF_WITH_AVX2=1, PERF_WITH_AVX512=1, USE_CUDA=True, USE_EXCEPTION_PTR=1, USE_GFLAGS=OFF, USE_GLOG=OFF, USE_MKL=ON, USE_MKLDNN=ON, USE_MPI=OFF, USE_NCCL=ON, USE_NNPACK=ON, USE_OPENMP=ON, USE_STATIC_DISPATCH=OFF, 

TorchVision: 0.4.2+cu100
OpenCV: 4.4.0
MMCV: 1.0.5
MMDetection: 2.3.0+788fa8d
MMDetection Compiler: GCC 7.3
MMDetection CUDA Compiler: 10.0
------------------------------------------------------------

2020-11-18 10:39:09,494 - mmdet - INFO - Distributed training: False
2020-11-18 10:39:09,887 - mmdet - INFO - Config:
model = dict(
    type='FasterRCNN',
    pretrained='torchvision://resnet50',
    backbone=dict(
        type='ResNet',
        depth=50,
        num_stages=4,
        out_indices=(0, 1, 2, 3),
        frozen_stages=1,
        norm_cfg=dict(type='BN', requires_grad=True),
        norm_eval=True,
        style='pytorch'),
    neck=dict(
        type='FPN',
        in_channels=[256, 512, 1024, 2048],
        out_channels=256,
        num_outs=5),
    rpn_head=dict(
        type='RPNHead',
        in_channels=256,
        feat_channels=256,
        anchor_generator=dict(
            type='AnchorGenerator',
            scales=[8],
            ratios=[0.5, 1.0, 2.0],
            strides=[4, 8, 16, 32, 64]),
        bbox_coder=dict(
            type='DeltaXYWHBBoxCoder',
            target_means=[0.0, 0.0, 0.0, 0.0],
            target_stds=[1.0, 1.0, 1.0, 1.0]),
        loss_cls=dict(
            type='CrossEntropyLoss', use_sigmoid=True, loss_weight=1.0),
        loss_bbox=dict(type='L1Loss', loss_weight=1.0)),
    roi_head=dict(
        type='StandardRoIHead',
        bbox_roi_extractor=dict(
            type='SingleRoIExtractor',
            roi_layer=dict(type='RoIAlign', output_size=7, sampling_ratio=0),
            out_channels=256,
            featmap_strides=[4, 8, 16, 32]),
        bbox_head=dict(
            type='Shared2FCBBoxHead',
            in_channels=256,
            fc_out_channels=1024,
            roi_feat_size=7,
            num_classes=2,
            bbox_coder=dict(
                type='DeltaXYWHBBoxCoder',
                target_means=[0.0, 0.0, 0.0, 0.0],
                target_stds=[0.1, 0.1, 0.2, 0.2]),
            reg_class_agnostic=False,
            loss_cls=dict(
                type='CrossEntropyLoss', use_sigmoid=False, loss_weight=1.0),
            loss_bbox=dict(type='L1Loss', loss_weight=1.0))))
train_cfg = dict(
    rpn=dict(
        assigner=dict(
            type='MaxIoUAssigner',
            pos_iou_thr=0.7,
            neg_iou_thr=0.3,
            min_pos_iou=0.3,
            match_low_quality=True,
            ignore_iof_thr=-1),
        sampler=dict(
            type='RandomSampler',
            num=256,
            pos_fraction=0.5,
            neg_pos_ub=-1,
            add_gt_as_proposals=False),
        allowed_border=-1,
        pos_weight=-1,
        debug=False),
    rpn_proposal=dict(
        nms_across_levels=False,
        nms_pre=2000,
        nms_post=1000,
        max_num=1000,
        nms_thr=0.7,
        min_bbox_size=0),
    rcnn=dict(
        assigner=dict(
            type='MaxIoUAssigner',
            pos_iou_thr=0.5,
            neg_iou_thr=0.5,
            min_pos_iou=0.5,
            match_low_quality=False,
            ignore_iof_thr=-1),
        sampler=dict(
            type='RandomSampler',
            num=512,
            pos_fraction=0.25,
            neg_pos_ub=-1,
            add_gt_as_proposals=True),
        pos_weight=-1,
        debug=False))
test_cfg = dict(
    rpn=dict(
        nms_across_levels=False,
        nms_pre=1000,
        nms_post=1000,
        max_num=1000,
        nms_thr=0.7,
        min_bbox_size=0),
    rcnn=dict(
        score_thr=0.05,
        nms=dict(type='nms', iou_threshold=0.5),
        max_per_img=100))
dataset_type = 'CocoDataset'
data_root = 'data/coco/'
img_norm_cfg = dict(
    mean=[123.675, 116.28, 103.53], std=[58.395, 57.12, 57.375], to_rgb=True)
train_pipeline = [
    dict(type='LoadImageFromFile'),
    dict(type='LoadAnnotations', with_bbox=True),
    dict(type='Resize', img_scale=(1550, 1550), keep_ratio=True),
    dict(type='RandomFlip', flip_ratio=0.5),
    dict(
        type='Normalize',
        mean=[123.675, 116.28, 103.53],
        std=[58.395, 57.12, 57.375],
        to_rgb=True),
    dict(type='Pad', size_divisor=32),
    dict(type='DefaultFormatBundle'),
    dict(type='Collect', keys=['img', 'gt_bboxes', 'gt_labels'])
]
test_pipeline = [
    dict(type='LoadImageFromFile'),
    dict(
        type='MultiScaleFlipAug',
        img_scale=(1550, 1550),
        flip=False,
        transforms=[
            dict(type='Resize', keep_ratio=True),
            dict(type='RandomFlip'),
            dict(
                type='Normalize',
                mean=[123.675, 116.28, 103.53],
                std=[58.395, 57.12, 57.375],
                to_rgb=True),
            dict(type='Pad', size_divisor=32),
            dict(type='ImageToTensor', keys=['img']),
            dict(type='Collect', keys=['img'])
        ])
]
data = dict(
    samples_per_gpu=2,
    workers_per_gpu=2,
    train=dict(
        type='CocoDataset',
        ann_file='data/coco/annotations/annotations_trai.json',
        img_prefix='data/coco/img/',
        pipeline=[
            dict(type='LoadImageFromFile'),
            dict(type='LoadAnnotations', with_bbox=True),
            dict(type='Resize', img_scale=(1550, 1550), keep_ratio=True),
            dict(type='RandomFlip', flip_ratio=0.5),
            dict(
                type='Normalize',
                mean=[123.675, 116.28, 103.53],
                std=[58.395, 57.12, 57.375],
                to_rgb=True),
            dict(type='Pad', size_divisor=32),
            dict(type='DefaultFormatBundle'),
            dict(type='Collect', keys=['img', 'gt_bboxes', 'gt_labels'])
        ]),
    val=dict(
        type='CocoDataset',
        ann_file='data/coco/annotations/annotations_test.json',
        img_prefix='data/coco/img/',
        pipeline=[
            dict(type='LoadImageFromFile'),
            dict(
                type='MultiScaleFlipAug',
                img_scale=(1550, 1550),
                flip=False,
                transforms=[
                    dict(type='Resize', keep_ratio=True),
                    dict(type='RandomFlip'),
                    dict(
                        type='Normalize',
                        mean=[123.675, 116.28, 103.53],
                        std=[58.395, 57.12, 57.375],
                        to_rgb=True),
                    dict(type='Pad', size_divisor=32),
                    dict(type='ImageToTensor', keys=['img']),
                    dict(type='Collect', keys=['img'])
                ])
        ]),
    test=dict(
        type='CocoDataset',
        ann_file='data/coco/annotations/annotations_vals.json',
        img_prefix='data/coco/img/',
        pipeline=[
            dict(type='LoadImageFromFile'),
            dict(
                type='MultiScaleFlipAug',
                img_scale=(1550, 1550),
                flip=False,
                transforms=[
                    dict(type='Resize', keep_ratio=True),
                    dict(type='RandomFlip'),
                    dict(
                        type='Normalize',
                        mean=[123.675, 116.28, 103.53],
                        std=[58.395, 57.12, 57.375],
                        to_rgb=True),
                    dict(type='Pad', size_divisor=32),
                    dict(type='ImageToTensor', keys=['img']),
                    dict(type='Collect', keys=['img'])
                ])
        ]))
evaluation = dict(interval=1, metric='bbox')
optimizer = dict(type='SGD', lr=0.01, momentum=0.9, weight_decay=0.0001)
optimizer_config = dict(grad_clip=None)
lr_config = dict(
    policy='step',
    warmup='linear',
    warmup_iters=500,
    warmup_ratio=0.001,
    step=[8, 11])
total_epochs = 4
checkpoint_config = dict(interval=4)
log_config = dict(interval=100, hooks=[dict(type='TextLoggerHook')])
dist_params = dict(backend='nccl')
log_level = 'INFO'
load_from = '/home/admin/.cache/torch/checkpoints/X.pth'
resume_from = None
workflow = [('train', 2), ('val', 1)]
work_dir = '/home/admin/jupyter/SecurityAI_Round5/data/work'
gpu_ids = range(0, 1)

2020-11-18 10:39:10,406 - mmdet - INFO - load model from: torchvision://resnet50
2020-11-18 10:39:18,409 - mmdet - WARNING - The model and loaded state dict do not match exactly

unexpected key in source state_dict: fc.weight, fc.bias

2020-11-18 10:39:28,679 - mmdet - INFO - load checkpoint from /home/admin/.cache/torch/checkpoints/X.pth
2020-11-18 10:39:35,190 - mmdet - INFO - Start running, host: admin@fuxilabor_labor0_S4_Odps_S95_dsw_prepaid_cnsh_838_2020111802041, work_dir: /home/admin/jupyter/SecurityAI_Round5/data/work
2020-11-18 10:39:35,190 - mmdet - INFO - workflow: [('train', 2), ('val', 1)], max: 4 epochs
2020-11-18 10:40:52,002 - mmdet - INFO - Epoch [1][100/619]	lr: 1.988e-03, eta: 0:30:20, time: 0.766, data_time: 0.034, memory: 11910, loss_rpn_cls: 0.0169, loss_rpn_bbox: 0.0540, loss_cls: 0.0749, acc: 97.0791, loss_bbox: 0.1309, loss: 0.2766
2020-11-18 10:42:06,398 - mmdet - INFO - Epoch [1][200/619]	lr: 3.986e-03, eta: 0:28:38, time: 0.744, data_time: 0.011, memory: 11910, loss_rpn_cls: 0.0089, loss_rpn_bbox: 0.0515, loss_cls: 0.0680, acc: 97.2422, loss_bbox: 0.1389, loss: 0.2673
2020-11-18 10:43:20,619 - mmdet - INFO - Epoch [1][300/619]	lr: 5.984e-03, eta: 0:27:13, time: 0.742, data_time: 0.012, memory: 11910, loss_rpn_cls: 0.0092, loss_rpn_bbox: 0.0488, loss_cls: 0.0665, acc: 97.3008, loss_bbox: 0.1300, loss: 0.2544
2020-11-18 10:44:35,174 - mmdet - INFO - Epoch [1][400/619]	lr: 7.982e-03, eta: 0:25:55, time: 0.746, data_time: 0.012, memory: 11910, loss_rpn_cls: 0.0116, loss_rpn_bbox: 0.0560, loss_cls: 0.0756, acc: 96.9521, loss_bbox: 0.1471, loss: 0.2903
2020-11-18 10:45:49,521 - mmdet - INFO - Epoch [1][500/619]	lr: 9.980e-03, eta: 0:24:38, time: 0.743, data_time: 0.012, memory: 11910, loss_rpn_cls: 0.0095, loss_rpn_bbox: 0.0571, loss_cls: 0.0682, acc: 97.2422, loss_bbox: 0.1457, loss: 0.2804
2020-11-18 10:47:03,810 - mmdet - INFO - Epoch [1][600/619]	lr: 1.000e-02, eta: 0:23:22, time: 0.743, data_time: 0.012, memory: 11910, loss_rpn_cls: 0.0086, loss_rpn_bbox: 0.0567, loss_cls: 0.0746, acc: 97.0127, loss_bbox: 0.1485, loss: 0.2883
2020-11-18 10:47:44,344 - mmdet - INFO - Evaluating bbox...
2020-11-18 10:47:47,258 - mmdet - INFO - Epoch [1][619/619]	lr: 1.000e-02, bbox_mAP: 0.7240, bbox_mAP_50: 0.8300, bbox_mAP_75: 0.7850, bbox_mAP_s: 0.3470, bbox_mAP_m: 0.7170, bbox_mAP_l: 0.8130, bbox_mAP_copypaste: 0.724 0.830 0.785 0.347 0.717 0.813
2020-11-18 10:49:04,072 - mmdet - INFO - Epoch [2][100/619]	lr: 1.000e-02, eta: 0:21:23, time: 0.766, data_time: 0.033, memory: 11910, loss_rpn_cls: 0.0106, loss_rpn_bbox: 0.0588, loss_cls: 0.0735, acc: 96.9609, loss_bbox: 0.1490, loss: 0.2919
2020-11-18 10:50:18,600 - mmdet - INFO - Epoch [2][200/619]	lr: 1.000e-02, eta: 0:20:13, time: 0.745, data_time: 0.012, memory: 11910, loss_rpn_cls: 0.0084, loss_rpn_bbox: 0.0621, loss_cls: 0.0766, acc: 96.8867, loss_bbox: 0.1560, loss: 0.3031
2020-11-18 10:51:33,086 - mmdet - INFO - Epoch [2][300/619]	lr: 1.000e-02, eta: 0:19:02, time: 0.745, data_time: 0.012, memory: 11910, loss_rpn_cls: 0.0113, loss_rpn_bbox: 0.0568, loss_cls: 0.0752, acc: 96.9600, loss_bbox: 0.1438, loss: 0.2872
2020-11-18 10:52:47,392 - mmdet - INFO - Epoch [2][400/619]	lr: 1.000e-02, eta: 0:17:50, time: 0.743, data_time: 0.012, memory: 11910, loss_rpn_cls: 0.0184, loss_rpn_bbox: 0.0627, loss_cls: 0.0881, acc: 96.4258, loss_bbox: 0.1576, loss: 0.3269
2020-11-18 10:54:01,786 - mmdet - INFO - Epoch [2][500/619]	lr: 1.000e-02, eta: 0:16:37, time: 0.744, data_time: 0.012, memory: 11910, loss_rpn_cls: 0.0147, loss_rpn_bbox: 0.0622, loss_cls: 0.0846, acc: 96.5957, loss_bbox: 0.1526, loss: 0.3141
2020-11-18 10:55:15,969 - mmdet - INFO - Epoch [2][600/619]	lr: 1.000e-02, eta: 0:15:24, time: 0.742, data_time: 0.012, memory: 11910, loss_rpn_cls: 0.0072, loss_rpn_bbox: 0.0572, loss_cls: 0.0730, acc: 97.0244, loss_bbox: 0.1475, loss: 0.2850
2020-11-18 10:55:56,539 - mmdet - INFO - Evaluating bbox...
2020-11-18 10:55:59,428 - mmdet - INFO - Epoch [2][619/619]	lr: 1.000e-02, bbox_mAP: 0.7130, bbox_mAP_50: 0.8150, bbox_mAP_75: 0.7720, bbox_mAP_s: 0.3310, bbox_mAP_m: 0.7070, bbox_mAP_l: 0.8130, bbox_mAP_copypaste: 0.713 0.815 0.772 0.331 0.707 0.813
2020-11-18 10:56:32,124 - mmdet - INFO - Epoch(train) [2][82]	loss_rpn_cls: 0.0111, loss_rpn_bbox: 0.0593, loss_cls: 0.0753, acc: 96.8631, loss_bbox: 0.1554, loss: 0.3012
2020-11-18 10:57:48,799 - mmdet - INFO - Epoch [3][100/619]	lr: 1.000e-02, eta: 0:13:47, time: 0.765, data_time: 0.033, memory: 11910, loss_rpn_cls: 0.0096, loss_rpn_bbox: 0.0573, loss_cls: 0.0714, acc: 97.1289, loss_bbox: 0.1445, loss: 0.2827
2020-11-18 10:59:03,194 - mmdet - INFO - Epoch [3][200/619]	lr: 1.000e-02, eta: 0:12:36, time: 0.744, data_time: 0.012, memory: 11910, loss_rpn_cls: 0.0098, loss_rpn_bbox: 0.0622, loss_cls: 0.0831, acc: 96.5771, loss_bbox: 0.1576, loss: 0.3127
2020-11-18 11:00:17,502 - mmdet - INFO - Epoch [3][300/619]	lr: 1.000e-02, eta: 0:11:24, time: 0.743, data_time: 0.012, memory: 11910, loss_rpn_cls: 0.0105, loss_rpn_bbox: 0.0563, loss_cls: 0.0779, acc: 96.7705, loss_bbox: 0.1467, loss: 0.2915
2020-11-18 11:01:32,193 - mmdet - INFO - Epoch [3][400/619]	lr: 1.000e-02, eta: 0:10:12, time: 0.747, data_time: 0.012, memory: 11910, loss_rpn_cls: 0.0070, loss_rpn_bbox: 0.0592, loss_cls: 0.0697, acc: 97.1045, loss_bbox: 0.1510, loss: 0.2869
2020-11-18 11:02:46,681 - mmdet - INFO - Epoch [3][500/619]	lr: 1.000e-02, eta: 0:08:59, time: 0.745, data_time: 0.012, memory: 11910, loss_rpn_cls: 0.0114, loss_rpn_bbox: 0.0594, loss_cls: 0.0745, acc: 96.9590, loss_bbox: 0.1547, loss: 0.3000
2020-11-18 11:04:01,141 - mmdet - INFO - Epoch [3][600/619]	lr: 1.000e-02, eta: 0:07:47, time: 0.745, data_time: 0.012, memory: 11910, loss_rpn_cls: 0.0102, loss_rpn_bbox: 0.0554, loss_cls: 0.0724, acc: 97.0430, loss_bbox: 0.1442, loss: 0.2822
2020-11-18 11:04:41,638 - mmdet - INFO - Evaluating bbox...
2020-11-18 11:04:44,521 - mmdet - INFO - Epoch [3][619/619]	lr: 1.000e-02, bbox_mAP: 0.7180, bbox_mAP_50: 0.8280, bbox_mAP_75: 0.7830, bbox_mAP_s: 0.3320, bbox_mAP_m: 0.7020, bbox_mAP_l: 0.8110, bbox_mAP_copypaste: 0.718 0.828 0.783 0.332 0.702 0.811
2020-11-18 11:06:01,316 - mmdet - INFO - Epoch [4][100/619]	lr: 1.000e-02, eta: 0:06:17, time: 0.766, data_time: 0.033, memory: 11910, loss_rpn_cls: 0.0085, loss_rpn_bbox: 0.0572, loss_cls: 0.0706, acc: 97.0205, loss_bbox: 0.1409, loss: 0.2772
2020-11-18 11:07:16,066 - mmdet - INFO - Epoch [4][200/619]	lr: 1.000e-02, eta: 0:05:04, time: 0.747, data_time: 0.012, memory: 11910, loss_rpn_cls: 0.0085, loss_rpn_bbox: 0.0654, loss_cls: 0.0850, acc: 96.3389, loss_bbox: 0.1686, loss: 0.3276
2020-11-18 11:08:30,780 - mmdet - INFO - Epoch [4][300/619]	lr: 1.000e-02, eta: 0:03:52, time: 0.747, data_time: 0.012, memory: 11910, loss_rpn_cls: 0.0072, loss_rpn_bbox: 0.0553, loss_cls: 0.0685, acc: 97.2109, loss_bbox: 0.1409, loss: 0.2719
2020-11-18 11:09:45,091 - mmdet - INFO - Epoch [4][400/619]	lr: 1.000e-02, eta: 0:02:39, time: 0.743, data_time: 0.012, memory: 11910, loss_rpn_cls: 0.0069, loss_rpn_bbox: 0.0549, loss_cls: 0.0645, acc: 97.3535, loss_bbox: 0.1334, loss: 0.2597
2020-11-18 11:10:59,529 - mmdet - INFO - Epoch [4][500/619]	lr: 1.000e-02, eta: 0:01:26, time: 0.744, data_time: 0.012, memory: 11910, loss_rpn_cls: 0.0108, loss_rpn_bbox: 0.0590, loss_cls: 0.0812, acc: 96.7598, loss_bbox: 0.1541, loss: 0.3051
2020-11-18 11:12:13,916 - mmdet - INFO - Epoch [4][600/619]	lr: 1.000e-02, eta: 0:00:13, time: 0.744, data_time: 0.012, memory: 11910, loss_rpn_cls: 0.0173, loss_rpn_bbox: 0.0556, loss_cls: 0.0705, acc: 97.2236, loss_bbox: 0.1317, loss: 0.2750
2020-11-18 11:12:28,025 - mmdet - INFO - Saving checkpoint at 4 epochs
2020-11-18 11:12:56,109 - mmdet - INFO - Evaluating bbox...
2020-11-18 11:12:58,971 - mmdet - INFO - Epoch [4][619/619]	lr: 1.000e-02, bbox_mAP: 0.6930, bbox_mAP_50: 0.8020, bbox_mAP_75: 0.7500, bbox_mAP_s: 0.3060, bbox_mAP_m: 0.6750, bbox_mAP_l: 0.7920, bbox_mAP_copypaste: 0.693 0.802 0.750 0.306 0.675 0.792
2020-11-18 11:13:31,682 - mmdet - INFO - Epoch(train) [4][82]	loss_rpn_cls: 0.0145, loss_rpn_bbox: 0.0623, loss_cls: 0.0821, acc: 96.6190, loss_bbox: 0.1607, loss: 0.3196
