2020-11-24 19:54:27,221 - mmdet - INFO - Environment info:
------------------------------------------------------------
sys.platform: linux
Python: 3.6.4 |Anaconda, Inc.| (default, Jan 16 2018, 18:10:19) [GCC 7.2.0]
CUDA available: True
CUDA_HOME: /usr/local/cuda
NVCC: Cuda compilation tools, release 10.0, V10.0.130
GPU 0: Tesla P100-PCIE-16GB
GCC: gcc (GCC) 5.3.0
PyTorch: 1.3.1+cu100
PyTorch compiling details: PyTorch built with:
  - GCC 7.3
  - Intel(R) Math Kernel Library Version 2019.0.4 Product Build 20190411 for Intel(R) 64 architecture applications
  - Intel(R) MKL-DNN v0.20.5 (Git Hash 0125f28c61c1f822fd48570b4c1066f96fcb9b2e)
  - OpenMP 201511 (a.k.a. OpenMP 4.5)
  - NNPACK is enabled
  - CUDA Runtime 10.0
  - NVCC architecture flags: -gencode;arch=compute_37,code=sm_37;-gencode;arch=compute_50,code=sm_50;-gencode;arch=compute_60,code=sm_60;-gencode;arch=compute_61,code=sm_61;-gencode;arch=compute_70,code=sm_70;-gencode;arch=compute_75,code=sm_75;-gencode;arch=compute_37,code=compute_37
  - CuDNN 7.6.3
  - Magma 2.5.1
  - Build settings: BLAS=MKL, BUILD_NAMEDTENSOR=OFF, BUILD_TYPE=Release, CXX_FLAGS= -Wno-deprecated -fvisibility-inlines-hidden -fopenmp -DUSE_FBGEMM -DUSE_QNNPACK -DUSE_PYTORCH_QNNPACK -O2 -fPIC -Wno-narrowing -Wall -Wextra -Wno-missing-field-initializers -Wno-type-limits -Wno-array-bounds -Wno-unknown-pragmas -Wno-sign-compare -Wno-unused-parameter -Wno-unused-variable -Wno-unused-function -Wno-unused-result -Wno-strict-overflow -Wno-strict-aliasing -Wno-error=deprecated-declarations -Wno-stringop-overflow -Wno-error=pedantic -Wno-error=redundant-decls -Wno-error=old-style-cast -fdiagnostics-color=always -faligned-new -Wno-unused-but-set-variable -Wno-maybe-uninitialized -fno-math-errno -fno-trapping-math -Wno-stringop-overflow, DISABLE_NUMA=1, PERF_WITH_AVX=1, PERF_WITH_AVX2=1, PERF_WITH_AVX512=1, USE_CUDA=True, USE_EXCEPTION_PTR=1, USE_GFLAGS=OFF, USE_GLOG=OFF, USE_MKL=ON, USE_MKLDNN=ON, USE_MPI=OFF, USE_NCCL=ON, USE_NNPACK=ON, USE_OPENMP=ON, USE_STATIC_DISPATCH=OFF, 

TorchVision: 0.4.2+cu100
OpenCV: 4.4.0
MMCV: 1.0.5
MMDetection: 2.3.0+788fa8d
MMDetection Compiler: GCC 7.3
MMDetection CUDA Compiler: 10.0
------------------------------------------------------------

2020-11-24 19:54:27,222 - mmdet - INFO - Distributed training: False
2020-11-24 19:54:27,613 - mmdet - INFO - Config:
model = dict(
    type='FasterRCNN',
    pretrained='torchvision://resnet50',
    backbone=dict(
        type='ResNet',
        depth=50,
        num_stages=4,
        out_indices=(0, 1, 2, 3),
        frozen_stages=1,
        norm_cfg=dict(type='BN', requires_grad=True),
        norm_eval=True,
        style='pytorch'),
    neck=dict(
        type='FPN',
        in_channels=[256, 512, 1024, 2048],
        out_channels=256,
        num_outs=5),
    rpn_head=dict(
        type='RPNHead',
        in_channels=256,
        feat_channels=256,
        anchor_generator=dict(
            type='AnchorGenerator',
            scales=[8],
            ratios=[0.5, 1.0, 2.0],
            strides=[4, 8, 16, 32, 64]),
        bbox_coder=dict(
            type='DeltaXYWHBBoxCoder',
            target_means=[0.0, 0.0, 0.0, 0.0],
            target_stds=[1.0, 1.0, 1.0, 1.0]),
        loss_cls=dict(
            type='CrossEntropyLoss', use_sigmoid=True, loss_weight=1.0),
        loss_bbox=dict(type='L1Loss', loss_weight=1.0)),
    roi_head=dict(
        type='StandardRoIHead',
        bbox_roi_extractor=dict(
            type='SingleRoIExtractor',
            roi_layer=dict(type='RoIAlign', output_size=7, sampling_ratio=0),
            out_channels=256,
            featmap_strides=[4, 8, 16, 32]),
        bbox_head=dict(
            type='Shared2FCBBoxHead',
            in_channels=256,
            fc_out_channels=1024,
            roi_feat_size=7,
            num_classes=2,
            bbox_coder=dict(
                type='DeltaXYWHBBoxCoder',
                target_means=[0.0, 0.0, 0.0, 0.0],
                target_stds=[0.1, 0.1, 0.2, 0.2]),
            reg_class_agnostic=False,
            loss_cls=dict(
                type='CrossEntropyLoss', use_sigmoid=False, loss_weight=1.0),
            loss_bbox=dict(type='L1Loss', loss_weight=1.0))))
train_cfg = dict(
    rpn=dict(
        assigner=dict(
            type='MaxIoUAssigner',
            pos_iou_thr=0.7,
            neg_iou_thr=0.3,
            min_pos_iou=0.3,
            match_low_quality=True,
            ignore_iof_thr=-1),
        sampler=dict(
            type='RandomSampler',
            num=256,
            pos_fraction=0.5,
            neg_pos_ub=-1,
            add_gt_as_proposals=False),
        allowed_border=-1,
        pos_weight=-1,
        debug=False),
    rpn_proposal=dict(
        nms_across_levels=False,
        nms_pre=2000,
        nms_post=1000,
        max_num=1000,
        nms_thr=0.7,
        min_bbox_size=0),
    rcnn=dict(
        assigner=dict(
            type='MaxIoUAssigner',
            pos_iou_thr=0.5,
            neg_iou_thr=0.5,
            min_pos_iou=0.5,
            match_low_quality=False,
            ignore_iof_thr=-1),
        sampler=dict(
            type='RandomSampler',
            num=512,
            pos_fraction=0.25,
            neg_pos_ub=-1,
            add_gt_as_proposals=True),
        pos_weight=-1,
        debug=False))
test_cfg = dict(
    rpn=dict(
        nms_across_levels=False,
        nms_pre=1000,
        nms_post=1000,
        max_num=1000,
        nms_thr=0.7,
        min_bbox_size=0),
    rcnn=dict(
        score_thr=0.05,
        nms=dict(type='nms', iou_threshold=0.5),
        max_per_img=100))
dataset_type = 'CocoDataset'
data_root = 'data/coco/'
img_norm_cfg = dict(
    mean=[123.675, 116.28, 103.53], std=[58.395, 57.12, 57.375], to_rgb=True)
train_pipeline = [
    dict(type='LoadImageFromFile'),
    dict(type='LoadAnnotations', with_bbox=True),
    dict(type='Resize', img_scale=(1550, 1550), keep_ratio=True),
    dict(type='RandomFlip', flip_ratio=0.5),
    dict(
        type='Normalize',
        mean=[123.675, 116.28, 103.53],
        std=[58.395, 57.12, 57.375],
        to_rgb=True),
    dict(type='Pad', size_divisor=32),
    dict(type='DefaultFormatBundle'),
    dict(type='Collect', keys=['img', 'gt_bboxes', 'gt_labels'])
]
test_pipeline = [
    dict(type='LoadImageFromFile'),
    dict(
        type='MultiScaleFlipAug',
        img_scale=(1550, 1550),
        flip=False,
        transforms=[
            dict(type='Resize', keep_ratio=True),
            dict(type='RandomFlip'),
            dict(
                type='Normalize',
                mean=[123.675, 116.28, 103.53],
                std=[58.395, 57.12, 57.375],
                to_rgb=True),
            dict(type='Pad', size_divisor=32),
            dict(type='ImageToTensor', keys=['img']),
            dict(type='Collect', keys=['img'])
        ])
]
data = dict(
    samples_per_gpu=2,
    workers_per_gpu=2,
    train=dict(
        type='CocoDataset',
        ann_file='data/coco/annotations/annotations_trai.json',
        img_prefix='data/coco/img/',
        pipeline=[
            dict(type='LoadImageFromFile'),
            dict(type='LoadAnnotations', with_bbox=True),
            dict(type='Resize', img_scale=(1550, 1550), keep_ratio=True),
            dict(type='RandomFlip', flip_ratio=0.5),
            dict(
                type='Normalize',
                mean=[123.675, 116.28, 103.53],
                std=[58.395, 57.12, 57.375],
                to_rgb=True),
            dict(type='Pad', size_divisor=32),
            dict(type='DefaultFormatBundle'),
            dict(type='Collect', keys=['img', 'gt_bboxes', 'gt_labels'])
        ]),
    val=dict(
        type='CocoDataset',
        ann_file='data/coco/annotations/annotations_test.json',
        img_prefix='data/coco/img/',
        pipeline=[
            dict(type='LoadImageFromFile'),
            dict(
                type='MultiScaleFlipAug',
                img_scale=(1550, 1550),
                flip=False,
                transforms=[
                    dict(type='Resize', keep_ratio=True),
                    dict(type='RandomFlip'),
                    dict(
                        type='Normalize',
                        mean=[123.675, 116.28, 103.53],
                        std=[58.395, 57.12, 57.375],
                        to_rgb=True),
                    dict(type='Pad', size_divisor=32),
                    dict(type='ImageToTensor', keys=['img']),
                    dict(type='Collect', keys=['img'])
                ])
        ]),
    test=dict(
        type='CocoDataset',
        ann_file='data/coco/annotations/annotations_vals.json',
        img_prefix='data/coco/img/',
        pipeline=[
            dict(type='LoadImageFromFile'),
            dict(
                type='MultiScaleFlipAug',
                img_scale=(1550, 1550),
                flip=False,
                transforms=[
                    dict(type='Resize', keep_ratio=True),
                    dict(type='RandomFlip'),
                    dict(
                        type='Normalize',
                        mean=[123.675, 116.28, 103.53],
                        std=[58.395, 57.12, 57.375],
                        to_rgb=True),
                    dict(type='Pad', size_divisor=32),
                    dict(type='ImageToTensor', keys=['img']),
                    dict(type='Collect', keys=['img'])
                ])
        ]))
evaluation = dict(interval=1, metric='bbox')
optimizer = dict(type='SGD', lr=0.01, momentum=0.9, weight_decay=0.0001)
optimizer_config = dict(grad_clip=None)
lr_config = dict(
    policy='step',
    warmup='linear',
    warmup_iters=500,
    warmup_ratio=0.001,
    step=[8, 11])
total_epochs = 4
checkpoint_config = dict(interval=4)
log_config = dict(interval=100, hooks=[dict(type='TextLoggerHook')])
dist_params = dict(backend='nccl')
log_level = 'INFO'
load_from = '/home/admin/.cache/torch/checkpoints/X.pth'
resume_from = None
workflow = [('train', 2), ('val', 1)]
work_dir = '/home/admin/jupyter/SecurityAI_Round5/data/work'
gpu_ids = range(0, 1)

2020-11-24 19:54:28,123 - mmdet - INFO - load model from: torchvision://resnet50
2020-11-24 19:54:35,944 - mmdet - WARNING - The model and loaded state dict do not match exactly

unexpected key in source state_dict: fc.weight, fc.bias

2020-11-24 19:54:46,209 - mmdet - INFO - load checkpoint from /home/admin/.cache/torch/checkpoints/X.pth
2020-11-24 19:54:52,802 - mmdet - INFO - Start running, host: admin@fuxilabor_labor0_S4_Odps_S95_dsw_prepaid_cnsh_838_2020112410550, work_dir: /home/admin/jupyter/SecurityAI_Round5/data/work
2020-11-24 19:54:52,802 - mmdet - INFO - workflow: [('train', 2), ('val', 1)], max: 4 epochs
2020-11-24 19:56:10,210 - mmdet - INFO - Epoch [1][100/643]	lr: 1.988e-03, eta: 0:31:48, time: 0.772, data_time: 0.033, memory: 8022, loss_rpn_cls: 0.0026, loss_rpn_bbox: 0.0268, loss_cls: 0.0305, acc: 98.6953, loss_bbox: 0.0676, loss: 0.1275
2020-11-24 19:57:24,945 - mmdet - INFO - Epoch [1][200/643]	lr: 3.986e-03, eta: 0:30:02, time: 0.747, data_time: 0.012, memory: 8022, loss_rpn_cls: 0.0020, loss_rpn_bbox: 0.0234, loss_cls: 0.0283, acc: 98.8311, loss_bbox: 0.0627, loss: 0.1165
2020-11-24 19:58:39,598 - mmdet - INFO - Epoch [1][300/643]	lr: 5.984e-03, eta: 0:28:36, time: 0.747, data_time: 0.012, memory: 10073, loss_rpn_cls: 0.0018, loss_rpn_bbox: 0.0224, loss_cls: 0.0284, acc: 98.8242, loss_bbox: 0.0624, loss: 0.1150
2020-11-24 19:59:54,335 - mmdet - INFO - Epoch [1][400/643]	lr: 7.982e-03, eta: 0:27:16, time: 0.747, data_time: 0.012, memory: 10073, loss_rpn_cls: 0.0020, loss_rpn_bbox: 0.0264, loss_cls: 0.0270, acc: 98.8994, loss_bbox: 0.0666, loss: 0.1220
2020-11-24 20:01:09,249 - mmdet - INFO - Epoch [1][500/643]	lr: 9.980e-03, eta: 0:25:59, time: 0.749, data_time: 0.012, memory: 11883, loss_rpn_cls: 0.0027, loss_rpn_bbox: 0.0277, loss_cls: 0.0304, acc: 98.7109, loss_bbox: 0.0678, loss: 0.1285
2020-11-24 20:02:23,919 - mmdet - INFO - Epoch [1][600/643]	lr: 1.000e-02, eta: 0:24:42, time: 0.747, data_time: 0.012, memory: 11883, loss_rpn_cls: 0.0018, loss_rpn_bbox: 0.0284, loss_cls: 0.0278, acc: 98.7969, loss_bbox: 0.0682, loss: 0.1263
2020-11-24 20:03:16,583 - mmdet - INFO - Evaluating bbox...
2020-11-24 20:03:18,550 - mmdet - INFO - Epoch [1][643/643]	lr: 1.000e-02, bbox_mAP: 0.8280, bbox_mAP_50: 0.8780, bbox_mAP_75: 0.8730, bbox_mAP_s: 0.5460, bbox_mAP_m: 0.8920, bbox_mAP_l: 0.9100, bbox_mAP_copypaste: 0.828 0.878 0.873 0.546 0.892 0.910
2020-11-24 20:04:35,279 - mmdet - INFO - Epoch [2][100/643]	lr: 1.000e-02, eta: 0:21:38, time: 0.765, data_time: 0.033, memory: 11883, loss_rpn_cls: 0.0020, loss_rpn_bbox: 0.0295, loss_cls: 0.0273, acc: 98.8789, loss_bbox: 0.0660, loss: 0.1249
2020-11-24 20:05:50,232 - mmdet - INFO - Epoch [2][200/643]	lr: 1.000e-02, eta: 0:20:35, time: 0.750, data_time: 0.012, memory: 11883, loss_rpn_cls: 0.0029, loss_rpn_bbox: 0.0292, loss_cls: 0.0308, acc: 98.7070, loss_bbox: 0.0735, loss: 0.1363
2020-11-24 20:07:05,076 - mmdet - INFO - Epoch [2][300/643]	lr: 1.000e-02, eta: 0:19:29, time: 0.748, data_time: 0.012, memory: 11883, loss_rpn_cls: 0.0032, loss_rpn_bbox: 0.0285, loss_cls: 0.0323, acc: 98.6592, loss_bbox: 0.0705, loss: 0.1344
2020-11-24 20:08:19,970 - mmdet - INFO - Epoch [2][400/643]	lr: 1.000e-02, eta: 0:18:22, time: 0.749, data_time: 0.012, memory: 11883, loss_rpn_cls: 0.0025, loss_rpn_bbox: 0.0305, loss_cls: 0.0298, acc: 98.7422, loss_bbox: 0.0723, loss: 0.1351
2020-11-24 20:09:34,701 - mmdet - INFO - Epoch [2][500/643]	lr: 1.000e-02, eta: 0:17:13, time: 0.747, data_time: 0.012, memory: 11883, loss_rpn_cls: 0.0028, loss_rpn_bbox: 0.0299, loss_cls: 0.0318, acc: 98.6299, loss_bbox: 0.0733, loss: 0.1378
2020-11-24 20:10:49,627 - mmdet - INFO - Epoch [2][600/643]	lr: 1.000e-02, eta: 0:16:04, time: 0.749, data_time: 0.012, memory: 11883, loss_rpn_cls: 0.0027, loss_rpn_bbox: 0.0325, loss_cls: 0.0351, acc: 98.4854, loss_bbox: 0.0759, loss: 0.1462
2020-11-24 20:11:42,341 - mmdet - INFO - Evaluating bbox...
2020-11-24 20:11:44,238 - mmdet - INFO - Epoch [2][643/643]	lr: 1.000e-02, bbox_mAP: 0.8270, bbox_mAP_50: 0.8790, bbox_mAP_75: 0.8730, bbox_mAP_s: 0.5420, bbox_mAP_m: 0.8860, bbox_mAP_l: 0.9080, bbox_mAP_copypaste: 0.827 0.879 0.873 0.542 0.886 0.908
2020-11-24 20:12:10,215 - mmdet - INFO - Epoch(train) [2][64]	loss_rpn_cls: 0.0033, loss_rpn_bbox: 0.0327, loss_cls: 0.0365, acc: 98.4528, loss_bbox: 0.0747, loss: 0.1471
2020-11-24 20:13:27,398 - mmdet - INFO - Epoch [3][100/643]	lr: 1.000e-02, eta: 0:13:57, time: 0.770, data_time: 0.034, memory: 11883, loss_rpn_cls: 0.0021, loss_rpn_bbox: 0.0258, loss_cls: 0.0262, acc: 98.9023, loss_bbox: 0.0657, loss: 0.1199
2020-11-24 20:14:42,092 - mmdet - INFO - Epoch [3][200/643]	lr: 1.000e-02, eta: 0:12:49, time: 0.747, data_time: 0.012, memory: 11883, loss_rpn_cls: 0.0018, loss_rpn_bbox: 0.0282, loss_cls: 0.0301, acc: 98.7578, loss_bbox: 0.0679, loss: 0.1280
2020-11-24 20:15:56,594 - mmdet - INFO - Epoch [3][300/643]	lr: 1.000e-02, eta: 0:11:41, time: 0.745, data_time: 0.012, memory: 11883, loss_rpn_cls: 0.0026, loss_rpn_bbox: 0.0275, loss_cls: 0.0306, acc: 98.7217, loss_bbox: 0.0690, loss: 0.1298
2020-11-24 20:17:11,192 - mmdet - INFO - Epoch [3][400/643]	lr: 1.000e-02, eta: 0:10:31, time: 0.746, data_time: 0.012, memory: 11883, loss_rpn_cls: 0.0024, loss_rpn_bbox: 0.0307, loss_cls: 0.0320, acc: 98.6035, loss_bbox: 0.0800, loss: 0.1451
2020-11-24 20:18:25,845 - mmdet - INFO - Epoch [3][500/643]	lr: 1.000e-02, eta: 0:09:22, time: 0.747, data_time: 0.012, memory: 11883, loss_rpn_cls: 0.0024, loss_rpn_bbox: 0.0289, loss_cls: 0.0287, acc: 98.8115, loss_bbox: 0.0689, loss: 0.1288
2020-11-24 20:19:40,900 - mmdet - INFO - Epoch [3][600/643]	lr: 1.000e-02, eta: 0:08:11, time: 0.751, data_time: 0.012, memory: 11908, loss_rpn_cls: 0.0027, loss_rpn_bbox: 0.0330, loss_cls: 0.0363, acc: 98.4756, loss_bbox: 0.0798, loss: 0.1518
2020-11-24 20:20:33,532 - mmdet - INFO - Evaluating bbox...
2020-11-24 20:20:35,514 - mmdet - INFO - Epoch [3][643/643]	lr: 1.000e-02, bbox_mAP: 0.8310, bbox_mAP_50: 0.8830, bbox_mAP_75: 0.8740, bbox_mAP_s: 0.5490, bbox_mAP_m: 0.8950, bbox_mAP_l: 0.9200, bbox_mAP_copypaste: 0.831 0.883 0.874 0.549 0.895 0.920
2020-11-24 20:21:52,816 - mmdet - INFO - Epoch [4][100/643]	lr: 1.000e-02, eta: 0:06:22, time: 0.771, data_time: 0.034, memory: 11908, loss_rpn_cls: 0.0026, loss_rpn_bbox: 0.0311, loss_cls: 0.0308, acc: 98.6553, loss_bbox: 0.0744, loss: 0.1388
2020-11-24 20:23:07,261 - mmdet - INFO - Epoch [4][200/643]	lr: 1.000e-02, eta: 0:05:12, time: 0.744, data_time: 0.012, memory: 11908, loss_rpn_cls: 0.0020, loss_rpn_bbox: 0.0283, loss_cls: 0.0300, acc: 98.7588, loss_bbox: 0.0704, loss: 0.1306
2020-11-24 20:24:22,017 - mmdet - INFO - Epoch [4][300/643]	lr: 1.000e-02, eta: 0:04:02, time: 0.748, data_time: 0.012, memory: 11908, loss_rpn_cls: 0.0025, loss_rpn_bbox: 0.0294, loss_cls: 0.0356, acc: 98.5039, loss_bbox: 0.0759, loss: 0.1435
2020-11-24 20:25:36,640 - mmdet - INFO - Epoch [4][400/643]	lr: 1.000e-02, eta: 0:02:52, time: 0.746, data_time: 0.012, memory: 11908, loss_rpn_cls: 0.0017, loss_rpn_bbox: 0.0276, loss_cls: 0.0293, acc: 98.7217, loss_bbox: 0.0699, loss: 0.1285
2020-11-24 20:26:51,431 - mmdet - INFO - Epoch [4][500/643]	lr: 1.000e-02, eta: 0:01:41, time: 0.748, data_time: 0.012, memory: 11908, loss_rpn_cls: 0.0020, loss_rpn_bbox: 0.0277, loss_cls: 0.0291, acc: 98.7764, loss_bbox: 0.0731, loss: 0.1318
2020-11-24 20:28:06,322 - mmdet - INFO - Epoch [4][600/643]	lr: 1.000e-02, eta: 0:00:30, time: 0.749, data_time: 0.012, memory: 11908, loss_rpn_cls: 0.0020, loss_rpn_bbox: 0.0287, loss_cls: 0.0307, acc: 98.6738, loss_bbox: 0.0713, loss: 0.1327
2020-11-24 20:28:38,212 - mmdet - INFO - Saving checkpoint at 4 epochs
2020-11-24 20:29:00,545 - mmdet - INFO - Evaluating bbox...
2020-11-24 20:29:02,540 - mmdet - INFO - Epoch [4][643/643]	lr: 1.000e-02, bbox_mAP: 0.8230, bbox_mAP_50: 0.8780, bbox_mAP_75: 0.8730, bbox_mAP_s: 0.5410, bbox_mAP_m: 0.8770, bbox_mAP_l: 0.9030, bbox_mAP_copypaste: 0.823 0.878 0.873 0.541 0.877 0.903
2020-11-24 20:29:28,664 - mmdet - INFO - Epoch(train) [4][64]	loss_rpn_cls: 0.0038, loss_rpn_bbox: 0.0315, loss_cls: 0.0336, acc: 98.5779, loss_bbox: 0.0765, loss: 0.1454
