2020-11-18 12:01:08,789 - mmdet - INFO - Environment info:
------------------------------------------------------------
sys.platform: linux
Python: 3.6.4 |Anaconda, Inc.| (default, Jan 16 2018, 18:10:19) [GCC 7.2.0]
CUDA available: True
CUDA_HOME: /usr/local/cuda
NVCC: Cuda compilation tools, release 10.0, V10.0.130
GPU 0: Tesla P100-PCIE-16GB
GCC: gcc (GCC) 5.3.0
PyTorch: 1.3.1+cu100
PyTorch compiling details: PyTorch built with:
  - GCC 7.3
  - Intel(R) Math Kernel Library Version 2019.0.4 Product Build 20190411 for Intel(R) 64 architecture applications
  - Intel(R) MKL-DNN v0.20.5 (Git Hash 0125f28c61c1f822fd48570b4c1066f96fcb9b2e)
  - OpenMP 201511 (a.k.a. OpenMP 4.5)
  - NNPACK is enabled
  - CUDA Runtime 10.0
  - NVCC architecture flags: -gencode;arch=compute_37,code=sm_37;-gencode;arch=compute_50,code=sm_50;-gencode;arch=compute_60,code=sm_60;-gencode;arch=compute_61,code=sm_61;-gencode;arch=compute_70,code=sm_70;-gencode;arch=compute_75,code=sm_75;-gencode;arch=compute_37,code=compute_37
  - CuDNN 7.6.3
  - Magma 2.5.1
  - Build settings: BLAS=MKL, BUILD_NAMEDTENSOR=OFF, BUILD_TYPE=Release, CXX_FLAGS= -Wno-deprecated -fvisibility-inlines-hidden -fopenmp -DUSE_FBGEMM -DUSE_QNNPACK -DUSE_PYTORCH_QNNPACK -O2 -fPIC -Wno-narrowing -Wall -Wextra -Wno-missing-field-initializers -Wno-type-limits -Wno-array-bounds -Wno-unknown-pragmas -Wno-sign-compare -Wno-unused-parameter -Wno-unused-variable -Wno-unused-function -Wno-unused-result -Wno-strict-overflow -Wno-strict-aliasing -Wno-error=deprecated-declarations -Wno-stringop-overflow -Wno-error=pedantic -Wno-error=redundant-decls -Wno-error=old-style-cast -fdiagnostics-color=always -faligned-new -Wno-unused-but-set-variable -Wno-maybe-uninitialized -fno-math-errno -fno-trapping-math -Wno-stringop-overflow, DISABLE_NUMA=1, PERF_WITH_AVX=1, PERF_WITH_AVX2=1, PERF_WITH_AVX512=1, USE_CUDA=True, USE_EXCEPTION_PTR=1, USE_GFLAGS=OFF, USE_GLOG=OFF, USE_MKL=ON, USE_MKLDNN=ON, USE_MPI=OFF, USE_NCCL=ON, USE_NNPACK=ON, USE_OPENMP=ON, USE_STATIC_DISPATCH=OFF, 

TorchVision: 0.4.2+cu100
OpenCV: 4.4.0
MMCV: 1.0.5
MMDetection: 2.3.0+788fa8d
MMDetection Compiler: GCC 7.3
MMDetection CUDA Compiler: 10.0
------------------------------------------------------------

2020-11-18 12:01:08,789 - mmdet - INFO - Distributed training: False
2020-11-18 12:01:09,180 - mmdet - INFO - Config:
model = dict(
    type='FasterRCNN',
    pretrained='torchvision://resnet50',
    backbone=dict(
        type='ResNet',
        depth=50,
        num_stages=4,
        out_indices=(0, 1, 2, 3),
        frozen_stages=1,
        norm_cfg=dict(type='BN', requires_grad=True),
        norm_eval=True,
        style='pytorch'),
    neck=dict(
        type='FPN',
        in_channels=[256, 512, 1024, 2048],
        out_channels=256,
        num_outs=5),
    rpn_head=dict(
        type='RPNHead',
        in_channels=256,
        feat_channels=256,
        anchor_generator=dict(
            type='AnchorGenerator',
            scales=[8],
            ratios=[0.5, 1.0, 2.0],
            strides=[4, 8, 16, 32, 64]),
        bbox_coder=dict(
            type='DeltaXYWHBBoxCoder',
            target_means=[0.0, 0.0, 0.0, 0.0],
            target_stds=[1.0, 1.0, 1.0, 1.0]),
        loss_cls=dict(
            type='CrossEntropyLoss', use_sigmoid=True, loss_weight=1.0),
        loss_bbox=dict(type='L1Loss', loss_weight=1.0)),
    roi_head=dict(
        type='StandardRoIHead',
        bbox_roi_extractor=dict(
            type='SingleRoIExtractor',
            roi_layer=dict(type='RoIAlign', output_size=7, sampling_ratio=0),
            out_channels=256,
            featmap_strides=[4, 8, 16, 32]),
        bbox_head=dict(
            type='Shared2FCBBoxHead',
            in_channels=256,
            fc_out_channels=1024,
            roi_feat_size=7,
            num_classes=2,
            bbox_coder=dict(
                type='DeltaXYWHBBoxCoder',
                target_means=[0.0, 0.0, 0.0, 0.0],
                target_stds=[0.1, 0.1, 0.2, 0.2]),
            reg_class_agnostic=False,
            loss_cls=dict(
                type='CrossEntropyLoss', use_sigmoid=False, loss_weight=1.0),
            loss_bbox=dict(type='L1Loss', loss_weight=1.0))))
train_cfg = dict(
    rpn=dict(
        assigner=dict(
            type='MaxIoUAssigner',
            pos_iou_thr=0.7,
            neg_iou_thr=0.3,
            min_pos_iou=0.3,
            match_low_quality=True,
            ignore_iof_thr=-1),
        sampler=dict(
            type='RandomSampler',
            num=256,
            pos_fraction=0.5,
            neg_pos_ub=-1,
            add_gt_as_proposals=False),
        allowed_border=-1,
        pos_weight=-1,
        debug=False),
    rpn_proposal=dict(
        nms_across_levels=False,
        nms_pre=2000,
        nms_post=1000,
        max_num=1000,
        nms_thr=0.7,
        min_bbox_size=0),
    rcnn=dict(
        assigner=dict(
            type='MaxIoUAssigner',
            pos_iou_thr=0.5,
            neg_iou_thr=0.5,
            min_pos_iou=0.5,
            match_low_quality=False,
            ignore_iof_thr=-1),
        sampler=dict(
            type='RandomSampler',
            num=512,
            pos_fraction=0.25,
            neg_pos_ub=-1,
            add_gt_as_proposals=True),
        pos_weight=-1,
        debug=False))
test_cfg = dict(
    rpn=dict(
        nms_across_levels=False,
        nms_pre=1000,
        nms_post=1000,
        max_num=1000,
        nms_thr=0.7,
        min_bbox_size=0),
    rcnn=dict(
        score_thr=0.05,
        nms=dict(type='nms', iou_threshold=0.5),
        max_per_img=100))
dataset_type = 'CocoDataset'
data_root = 'data/coco/'
img_norm_cfg = dict(
    mean=[123.675, 116.28, 103.53], std=[58.395, 57.12, 57.375], to_rgb=True)
train_pipeline = [
    dict(type='LoadImageFromFile'),
    dict(type='LoadAnnotations', with_bbox=True),
    dict(type='Resize', img_scale=(1550, 1550), keep_ratio=True),
    dict(type='RandomFlip', flip_ratio=0.5),
    dict(
        type='Normalize',
        mean=[123.675, 116.28, 103.53],
        std=[58.395, 57.12, 57.375],
        to_rgb=True),
    dict(type='Pad', size_divisor=32),
    dict(type='DefaultFormatBundle'),
    dict(type='Collect', keys=['img', 'gt_bboxes', 'gt_labels'])
]
test_pipeline = [
    dict(type='LoadImageFromFile'),
    dict(
        type='MultiScaleFlipAug',
        img_scale=(1550, 1550),
        flip=False,
        transforms=[
            dict(type='Resize', keep_ratio=True),
            dict(type='RandomFlip'),
            dict(
                type='Normalize',
                mean=[123.675, 116.28, 103.53],
                std=[58.395, 57.12, 57.375],
                to_rgb=True),
            dict(type='Pad', size_divisor=32),
            dict(type='ImageToTensor', keys=['img']),
            dict(type='Collect', keys=['img'])
        ])
]
data = dict(
    samples_per_gpu=2,
    workers_per_gpu=2,
    train=dict(
        type='CocoDataset',
        ann_file='data/coco/annotations/annotations_trai.json',
        img_prefix='data/coco/img/',
        pipeline=[
            dict(type='LoadImageFromFile'),
            dict(type='LoadAnnotations', with_bbox=True),
            dict(type='Resize', img_scale=(1550, 1550), keep_ratio=True),
            dict(type='RandomFlip', flip_ratio=0.5),
            dict(
                type='Normalize',
                mean=[123.675, 116.28, 103.53],
                std=[58.395, 57.12, 57.375],
                to_rgb=True),
            dict(type='Pad', size_divisor=32),
            dict(type='DefaultFormatBundle'),
            dict(type='Collect', keys=['img', 'gt_bboxes', 'gt_labels'])
        ]),
    val=dict(
        type='CocoDataset',
        ann_file='data/coco/annotations/annotations_test.json',
        img_prefix='data/coco/img/',
        pipeline=[
            dict(type='LoadImageFromFile'),
            dict(
                type='MultiScaleFlipAug',
                img_scale=(1550, 1550),
                flip=False,
                transforms=[
                    dict(type='Resize', keep_ratio=True),
                    dict(type='RandomFlip'),
                    dict(
                        type='Normalize',
                        mean=[123.675, 116.28, 103.53],
                        std=[58.395, 57.12, 57.375],
                        to_rgb=True),
                    dict(type='Pad', size_divisor=32),
                    dict(type='ImageToTensor', keys=['img']),
                    dict(type='Collect', keys=['img'])
                ])
        ]),
    test=dict(
        type='CocoDataset',
        ann_file='data/coco/annotations/annotations_vals.json',
        img_prefix='data/coco/img/',
        pipeline=[
            dict(type='LoadImageFromFile'),
            dict(
                type='MultiScaleFlipAug',
                img_scale=(1550, 1550),
                flip=False,
                transforms=[
                    dict(type='Resize', keep_ratio=True),
                    dict(type='RandomFlip'),
                    dict(
                        type='Normalize',
                        mean=[123.675, 116.28, 103.53],
                        std=[58.395, 57.12, 57.375],
                        to_rgb=True),
                    dict(type='Pad', size_divisor=32),
                    dict(type='ImageToTensor', keys=['img']),
                    dict(type='Collect', keys=['img'])
                ])
        ]))
evaluation = dict(interval=1, metric='bbox')
optimizer = dict(type='SGD', lr=0.01, momentum=0.9, weight_decay=0.0001)
optimizer_config = dict(grad_clip=None)
lr_config = dict(
    policy='step',
    warmup='linear',
    warmup_iters=500,
    warmup_ratio=0.001,
    step=[8, 11])
total_epochs = 4
checkpoint_config = dict(interval=4)
log_config = dict(interval=100, hooks=[dict(type='TextLoggerHook')])
dist_params = dict(backend='nccl')
log_level = 'INFO'
load_from = '/home/admin/.cache/torch/checkpoints/X.pth'
resume_from = None
workflow = [('train', 2), ('val', 1)]
work_dir = '/home/admin/jupyter/SecurityAI_Round5/data/work'
gpu_ids = range(0, 1)

2020-11-18 12:01:09,689 - mmdet - INFO - load model from: torchvision://resnet50
2020-11-18 12:01:17,801 - mmdet - WARNING - The model and loaded state dict do not match exactly

unexpected key in source state_dict: fc.weight, fc.bias

2020-11-18 12:01:28,357 - mmdet - INFO - load checkpoint from /home/admin/.cache/torch/checkpoints/X.pth
2020-11-18 12:01:34,895 - mmdet - INFO - Start running, host: admin@fuxilabor_labor0_S4_Odps_S95_dsw_prepaid_cnsh_838_2020111802041, work_dir: /home/admin/jupyter/SecurityAI_Round5/data/work
2020-11-18 12:01:34,895 - mmdet - INFO - workflow: [('train', 2), ('val', 1)], max: 4 epochs
2020-11-18 12:02:52,099 - mmdet - INFO - Epoch [1][100/610]	lr: 1.988e-03, eta: 0:30:01, time: 0.770, data_time: 0.033, memory: 10079, loss_rpn_cls: 0.0076, loss_rpn_bbox: 0.0466, loss_cls: 0.0557, acc: 97.7754, loss_bbox: 0.1226, loss: 0.2324
2020-11-18 12:04:06,485 - mmdet - INFO - Epoch [1][200/610]	lr: 3.986e-03, eta: 0:28:15, time: 0.744, data_time: 0.012, memory: 10079, loss_rpn_cls: 0.0054, loss_rpn_bbox: 0.0466, loss_cls: 0.0644, acc: 97.4170, loss_bbox: 0.1321, loss: 0.2485
2020-11-18 12:05:21,283 - mmdet - INFO - Epoch [1][300/610]	lr: 5.984e-03, eta: 0:26:53, time: 0.748, data_time: 0.012, memory: 11915, loss_rpn_cls: 0.0055, loss_rpn_bbox: 0.0492, loss_cls: 0.0627, acc: 97.3887, loss_bbox: 0.1261, loss: 0.2436
2020-11-18 12:06:35,688 - mmdet - INFO - Epoch [1][400/610]	lr: 7.982e-03, eta: 0:25:32, time: 0.744, data_time: 0.012, memory: 11915, loss_rpn_cls: 0.0104, loss_rpn_bbox: 0.0469, loss_cls: 0.0622, acc: 97.4629, loss_bbox: 0.1264, loss: 0.2459
2020-11-18 12:07:50,155 - mmdet - INFO - Epoch [1][500/610]	lr: 9.980e-03, eta: 0:24:15, time: 0.745, data_time: 0.012, memory: 11915, loss_rpn_cls: 0.0088, loss_rpn_bbox: 0.0571, loss_cls: 0.0710, acc: 97.1455, loss_bbox: 0.1383, loss: 0.2752
2020-11-18 12:09:04,660 - mmdet - INFO - Epoch [1][600/610]	lr: 1.000e-02, eta: 0:22:58, time: 0.745, data_time: 0.012, memory: 11915, loss_rpn_cls: 0.0071, loss_rpn_bbox: 0.0572, loss_cls: 0.0699, acc: 97.0918, loss_bbox: 0.1452, loss: 0.2794
2020-11-18 12:09:39,211 - mmdet - INFO - Evaluating bbox...
2020-11-18 12:09:42,317 - mmdet - INFO - Epoch [1][610/610]	lr: 1.000e-02, bbox_mAP: 0.7230, bbox_mAP_50: 0.8270, bbox_mAP_75: 0.7760, bbox_mAP_s: 0.3880, bbox_mAP_m: 0.6770, bbox_mAP_l: 0.8130, bbox_mAP_copypaste: 0.723 0.827 0.776 0.388 0.677 0.813
2020-11-18 12:10:59,194 - mmdet - INFO - Epoch [2][100/610]	lr: 1.000e-02, eta: 0:21:22, time: 0.767, data_time: 0.033, memory: 11915, loss_rpn_cls: 0.0130, loss_rpn_bbox: 0.0596, loss_cls: 0.0745, acc: 96.9590, loss_bbox: 0.1498, loss: 0.2969
2020-11-18 12:12:13,380 - mmdet - INFO - Epoch [2][200/610]	lr: 1.000e-02, eta: 0:20:08, time: 0.742, data_time: 0.012, memory: 11915, loss_rpn_cls: 0.0312, loss_rpn_bbox: 0.0687, loss_cls: 0.1060, acc: 96.0527, loss_bbox: 0.1603, loss: 0.3663
2020-11-18 12:13:27,802 - mmdet - INFO - Epoch [2][300/610]	lr: 1.000e-02, eta: 0:18:54, time: 0.744, data_time: 0.012, memory: 11915, loss_rpn_cls: 0.0142, loss_rpn_bbox: 0.0655, loss_cls: 0.0905, acc: 96.3926, loss_bbox: 0.1572, loss: 0.3273
2020-11-18 12:14:42,073 - mmdet - INFO - Epoch [2][400/610]	lr: 1.000e-02, eta: 0:17:40, time: 0.743, data_time: 0.012, memory: 11915, loss_rpn_cls: 0.0122, loss_rpn_bbox: 0.0596, loss_cls: 0.0747, acc: 96.9971, loss_bbox: 0.1451, loss: 0.2916
2020-11-18 12:15:56,391 - mmdet - INFO - Epoch [2][500/610]	lr: 1.000e-02, eta: 0:16:26, time: 0.743, data_time: 0.012, memory: 11915, loss_rpn_cls: 0.0073, loss_rpn_bbox: 0.0567, loss_cls: 0.0682, acc: 97.2529, loss_bbox: 0.1396, loss: 0.2718
2020-11-18 12:17:10,782 - mmdet - INFO - Epoch [2][600/610]	lr: 1.000e-02, eta: 0:15:12, time: 0.744, data_time: 0.012, memory: 11915, loss_rpn_cls: 0.0062, loss_rpn_bbox: 0.0525, loss_cls: 0.0689, acc: 97.1191, loss_bbox: 0.1359, loss: 0.2634
2020-11-18 12:17:45,459 - mmdet - INFO - Evaluating bbox...
2020-11-18 12:17:48,824 - mmdet - INFO - Epoch [2][610/610]	lr: 1.000e-02, bbox_mAP: 0.7130, bbox_mAP_50: 0.8200, bbox_mAP_75: 0.7650, bbox_mAP_s: 0.3650, bbox_mAP_m: 0.6770, bbox_mAP_l: 0.8040, bbox_mAP_copypaste: 0.713 0.820 0.765 0.365 0.677 0.804
2020-11-18 12:18:22,663 - mmdet - INFO - Epoch(train) [2][85]	loss_rpn_cls: 0.0131, loss_rpn_bbox: 0.0559, loss_cls: 0.0770, acc: 96.7498, loss_bbox: 0.1439, loss: 0.2899
2020-11-18 12:19:39,364 - mmdet - INFO - Epoch [3][100/610]	lr: 1.000e-02, eta: 0:13:46, time: 0.765, data_time: 0.033, memory: 11915, loss_rpn_cls: 0.0076, loss_rpn_bbox: 0.0568, loss_cls: 0.0664, acc: 97.2939, loss_bbox: 0.1536, loss: 0.2844
2020-11-18 12:20:53,685 - mmdet - INFO - Epoch [3][200/610]	lr: 1.000e-02, eta: 0:12:33, time: 0.743, data_time: 0.012, memory: 11915, loss_rpn_cls: 0.0102, loss_rpn_bbox: 0.0540, loss_cls: 0.0682, acc: 97.1768, loss_bbox: 0.1376, loss: 0.2700
2020-11-18 12:22:08,073 - mmdet - INFO - Epoch [3][300/610]	lr: 1.000e-02, eta: 0:11:19, time: 0.744, data_time: 0.012, memory: 11915, loss_rpn_cls: 0.0070, loss_rpn_bbox: 0.0600, loss_cls: 0.0794, acc: 96.7109, loss_bbox: 0.1578, loss: 0.3042
2020-11-18 12:23:22,606 - mmdet - INFO - Epoch [3][400/610]	lr: 1.000e-02, eta: 0:10:06, time: 0.745, data_time: 0.012, memory: 11915, loss_rpn_cls: 0.0162, loss_rpn_bbox: 0.0610, loss_cls: 0.0842, acc: 96.8232, loss_bbox: 0.1497, loss: 0.3111
2020-11-18 12:24:37,173 - mmdet - INFO - Epoch [3][500/610]	lr: 1.000e-02, eta: 0:08:52, time: 0.746, data_time: 0.012, memory: 11915, loss_rpn_cls: 0.0098, loss_rpn_bbox: 0.0539, loss_cls: 0.0645, acc: 97.3135, loss_bbox: 0.1299, loss: 0.2581
2020-11-18 12:25:51,440 - mmdet - INFO - Epoch [3][600/610]	lr: 1.000e-02, eta: 0:07:38, time: 0.743, data_time: 0.012, memory: 11915, loss_rpn_cls: 0.0070, loss_rpn_bbox: 0.0548, loss_cls: 0.0618, acc: 97.4922, loss_bbox: 0.1300, loss: 0.2535
2020-11-18 12:26:26,027 - mmdet - INFO - Evaluating bbox...
2020-11-18 12:26:29,221 - mmdet - INFO - Epoch [3][610/610]	lr: 1.000e-02, bbox_mAP: 0.7150, bbox_mAP_50: 0.8160, bbox_mAP_75: 0.7680, bbox_mAP_s: 0.3610, bbox_mAP_m: 0.6690, bbox_mAP_l: 0.8050, bbox_mAP_copypaste: 0.715 0.816 0.768 0.361 0.669 0.805
2020-11-18 12:27:46,009 - mmdet - INFO - Epoch [4][100/610]	lr: 1.000e-02, eta: 0:06:16, time: 0.766, data_time: 0.033, memory: 11915, loss_rpn_cls: 0.0054, loss_rpn_bbox: 0.0523, loss_cls: 0.0576, acc: 97.6084, loss_bbox: 0.1324, loss: 0.2478
2020-11-18 12:29:00,623 - mmdet - INFO - Epoch [4][200/610]	lr: 1.000e-02, eta: 0:05:02, time: 0.746, data_time: 0.012, memory: 11915, loss_rpn_cls: 0.0110, loss_rpn_bbox: 0.0586, loss_cls: 0.0649, acc: 97.3486, loss_bbox: 0.1355, loss: 0.2699
2020-11-18 12:30:15,355 - mmdet - INFO - Epoch [4][300/610]	lr: 1.000e-02, eta: 0:03:48, time: 0.747, data_time: 0.012, memory: 11915, loss_rpn_cls: 0.0091, loss_rpn_bbox: 0.0571, loss_cls: 0.0764, acc: 96.8701, loss_bbox: 0.1449, loss: 0.2874
2020-11-18 12:31:29,815 - mmdet - INFO - Epoch [4][400/610]	lr: 1.000e-02, eta: 0:02:35, time: 0.745, data_time: 0.012, memory: 11915, loss_rpn_cls: 0.0083, loss_rpn_bbox: 0.0590, loss_cls: 0.0782, acc: 96.7598, loss_bbox: 0.1624, loss: 0.3078
2020-11-18 12:32:44,065 - mmdet - INFO - Epoch [4][500/610]	lr: 1.000e-02, eta: 0:01:21, time: 0.742, data_time: 0.012, memory: 11915, loss_rpn_cls: 0.0076, loss_rpn_bbox: 0.0552, loss_cls: 0.0678, acc: 97.1523, loss_bbox: 0.1456, loss: 0.2762
2020-11-18 12:33:58,452 - mmdet - INFO - Epoch [4][600/610]	lr: 1.000e-02, eta: 0:00:07, time: 0.744, data_time: 0.012, memory: 11915, loss_rpn_cls: 0.0103, loss_rpn_bbox: 0.0575, loss_cls: 0.0671, acc: 97.3018, loss_bbox: 0.1320, loss: 0.2670
2020-11-18 12:34:05,741 - mmdet - INFO - Saving checkpoint at 4 epochs
2020-11-18 12:34:34,629 - mmdet - INFO - Evaluating bbox...
2020-11-18 12:34:38,517 - mmdet - INFO - Epoch [4][610/610]	lr: 1.000e-02, bbox_mAP: 0.6680, bbox_mAP_50: 0.7840, bbox_mAP_75: 0.7180, bbox_mAP_s: 0.2890, bbox_mAP_m: 0.6020, bbox_mAP_l: 0.7600, bbox_mAP_copypaste: 0.668 0.784 0.718 0.289 0.602 0.760
2020-11-18 12:35:12,302 - mmdet - INFO - Epoch(train) [4][85]	loss_rpn_cls: 0.0343, loss_rpn_bbox: 0.0628, loss_cls: 0.0923, acc: 96.3465, loss_bbox: 0.1551, loss: 0.3444
