2020-11-20 10:02:29,640 - mmdet - INFO - Environment info:
------------------------------------------------------------
sys.platform: linux
Python: 3.6.4 |Anaconda, Inc.| (default, Jan 16 2018, 18:10:19) [GCC 7.2.0]
CUDA available: True
CUDA_HOME: /usr/local/cuda
NVCC: Cuda compilation tools, release 10.0, V10.0.130
GPU 0: Tesla P100-PCIE-16GB
GCC: gcc (GCC) 5.3.0
PyTorch: 1.3.1+cu100
PyTorch compiling details: PyTorch built with:
  - GCC 7.3
  - Intel(R) Math Kernel Library Version 2019.0.4 Product Build 20190411 for Intel(R) 64 architecture applications
  - Intel(R) MKL-DNN v0.20.5 (Git Hash 0125f28c61c1f822fd48570b4c1066f96fcb9b2e)
  - OpenMP 201511 (a.k.a. OpenMP 4.5)
  - NNPACK is enabled
  - CUDA Runtime 10.0
  - NVCC architecture flags: -gencode;arch=compute_37,code=sm_37;-gencode;arch=compute_50,code=sm_50;-gencode;arch=compute_60,code=sm_60;-gencode;arch=compute_61,code=sm_61;-gencode;arch=compute_70,code=sm_70;-gencode;arch=compute_75,code=sm_75;-gencode;arch=compute_37,code=compute_37
  - CuDNN 7.6.3
  - Magma 2.5.1
  - Build settings: BLAS=MKL, BUILD_NAMEDTENSOR=OFF, BUILD_TYPE=Release, CXX_FLAGS= -Wno-deprecated -fvisibility-inlines-hidden -fopenmp -DUSE_FBGEMM -DUSE_QNNPACK -DUSE_PYTORCH_QNNPACK -O2 -fPIC -Wno-narrowing -Wall -Wextra -Wno-missing-field-initializers -Wno-type-limits -Wno-array-bounds -Wno-unknown-pragmas -Wno-sign-compare -Wno-unused-parameter -Wno-unused-variable -Wno-unused-function -Wno-unused-result -Wno-strict-overflow -Wno-strict-aliasing -Wno-error=deprecated-declarations -Wno-stringop-overflow -Wno-error=pedantic -Wno-error=redundant-decls -Wno-error=old-style-cast -fdiagnostics-color=always -faligned-new -Wno-unused-but-set-variable -Wno-maybe-uninitialized -fno-math-errno -fno-trapping-math -Wno-stringop-overflow, DISABLE_NUMA=1, PERF_WITH_AVX=1, PERF_WITH_AVX2=1, PERF_WITH_AVX512=1, USE_CUDA=True, USE_EXCEPTION_PTR=1, USE_GFLAGS=OFF, USE_GLOG=OFF, USE_MKL=ON, USE_MKLDNN=ON, USE_MPI=OFF, USE_NCCL=ON, USE_NNPACK=ON, USE_OPENMP=ON, USE_STATIC_DISPATCH=OFF, 

TorchVision: 0.4.2+cu100
OpenCV: 4.4.0
MMCV: 1.0.5
MMDetection: 2.3.0+788fa8d
MMDetection Compiler: GCC 7.3
MMDetection CUDA Compiler: 10.0
------------------------------------------------------------

2020-11-20 10:02:29,640 - mmdet - INFO - Distributed training: False
2020-11-20 10:02:30,031 - mmdet - INFO - Config:
model = dict(
    type='FasterRCNN',
    pretrained='torchvision://resnet50',
    backbone=dict(
        type='ResNet',
        depth=50,
        num_stages=4,
        out_indices=(0, 1, 2, 3),
        frozen_stages=1,
        norm_cfg=dict(type='BN', requires_grad=True),
        norm_eval=True,
        style='pytorch'),
    neck=dict(
        type='FPN',
        in_channels=[256, 512, 1024, 2048],
        out_channels=256,
        num_outs=5),
    rpn_head=dict(
        type='RPNHead',
        in_channels=256,
        feat_channels=256,
        anchor_generator=dict(
            type='AnchorGenerator',
            scales=[8],
            ratios=[0.5, 1.0, 2.0],
            strides=[4, 8, 16, 32, 64]),
        bbox_coder=dict(
            type='DeltaXYWHBBoxCoder',
            target_means=[0.0, 0.0, 0.0, 0.0],
            target_stds=[1.0, 1.0, 1.0, 1.0]),
        loss_cls=dict(
            type='CrossEntropyLoss', use_sigmoid=True, loss_weight=1.0),
        loss_bbox=dict(type='L1Loss', loss_weight=1.0)),
    roi_head=dict(
        type='StandardRoIHead',
        bbox_roi_extractor=dict(
            type='SingleRoIExtractor',
            roi_layer=dict(type='RoIAlign', output_size=7, sampling_ratio=0),
            out_channels=256,
            featmap_strides=[4, 8, 16, 32]),
        bbox_head=dict(
            type='Shared2FCBBoxHead',
            in_channels=256,
            fc_out_channels=1024,
            roi_feat_size=7,
            num_classes=2,
            bbox_coder=dict(
                type='DeltaXYWHBBoxCoder',
                target_means=[0.0, 0.0, 0.0, 0.0],
                target_stds=[0.1, 0.1, 0.2, 0.2]),
            reg_class_agnostic=False,
            loss_cls=dict(
                type='CrossEntropyLoss', use_sigmoid=False, loss_weight=1.0),
            loss_bbox=dict(type='L1Loss', loss_weight=1.0))))
train_cfg = dict(
    rpn=dict(
        assigner=dict(
            type='MaxIoUAssigner',
            pos_iou_thr=0.7,
            neg_iou_thr=0.3,
            min_pos_iou=0.3,
            match_low_quality=True,
            ignore_iof_thr=-1),
        sampler=dict(
            type='RandomSampler',
            num=256,
            pos_fraction=0.5,
            neg_pos_ub=-1,
            add_gt_as_proposals=False),
        allowed_border=-1,
        pos_weight=-1,
        debug=False),
    rpn_proposal=dict(
        nms_across_levels=False,
        nms_pre=2000,
        nms_post=1000,
        max_num=1000,
        nms_thr=0.7,
        min_bbox_size=0),
    rcnn=dict(
        assigner=dict(
            type='MaxIoUAssigner',
            pos_iou_thr=0.5,
            neg_iou_thr=0.5,
            min_pos_iou=0.5,
            match_low_quality=False,
            ignore_iof_thr=-1),
        sampler=dict(
            type='RandomSampler',
            num=512,
            pos_fraction=0.25,
            neg_pos_ub=-1,
            add_gt_as_proposals=True),
        pos_weight=-1,
        debug=False))
test_cfg = dict(
    rpn=dict(
        nms_across_levels=False,
        nms_pre=1000,
        nms_post=1000,
        max_num=1000,
        nms_thr=0.7,
        min_bbox_size=0),
    rcnn=dict(
        score_thr=0.05,
        nms=dict(type='nms', iou_threshold=0.5),
        max_per_img=100))
dataset_type = 'CocoDataset'
data_root = 'data/coco/'
img_norm_cfg = dict(
    mean=[123.675, 116.28, 103.53], std=[58.395, 57.12, 57.375], to_rgb=True)
train_pipeline = [
    dict(type='LoadImageFromFile'),
    dict(type='LoadAnnotations', with_bbox=True),
    dict(type='Resize', img_scale=(1550, 1550), keep_ratio=True),
    dict(type='RandomFlip', flip_ratio=0.5),
    dict(
        type='Normalize',
        mean=[123.675, 116.28, 103.53],
        std=[58.395, 57.12, 57.375],
        to_rgb=True),
    dict(type='Pad', size_divisor=32),
    dict(type='DefaultFormatBundle'),
    dict(type='Collect', keys=['img', 'gt_bboxes', 'gt_labels'])
]
test_pipeline = [
    dict(type='LoadImageFromFile'),
    dict(
        type='MultiScaleFlipAug',
        img_scale=(1550, 1550),
        flip=False,
        transforms=[
            dict(type='Resize', keep_ratio=True),
            dict(type='RandomFlip'),
            dict(
                type='Normalize',
                mean=[123.675, 116.28, 103.53],
                std=[58.395, 57.12, 57.375],
                to_rgb=True),
            dict(type='Pad', size_divisor=32),
            dict(type='ImageToTensor', keys=['img']),
            dict(type='Collect', keys=['img'])
        ])
]
data = dict(
    samples_per_gpu=2,
    workers_per_gpu=2,
    train=dict(
        type='CocoDataset',
        ann_file='data/coco/annotations/annotations_trai.json',
        img_prefix='data/coco/img/',
        pipeline=[
            dict(type='LoadImageFromFile'),
            dict(type='LoadAnnotations', with_bbox=True),
            dict(type='Resize', img_scale=(1550, 1550), keep_ratio=True),
            dict(type='RandomFlip', flip_ratio=0.5),
            dict(
                type='Normalize',
                mean=[123.675, 116.28, 103.53],
                std=[58.395, 57.12, 57.375],
                to_rgb=True),
            dict(type='Pad', size_divisor=32),
            dict(type='DefaultFormatBundle'),
            dict(type='Collect', keys=['img', 'gt_bboxes', 'gt_labels'])
        ]),
    val=dict(
        type='CocoDataset',
        ann_file='data/coco/annotations/annotations_test.json',
        img_prefix='data/coco/img/',
        pipeline=[
            dict(type='LoadImageFromFile'),
            dict(
                type='MultiScaleFlipAug',
                img_scale=(1550, 1550),
                flip=False,
                transforms=[
                    dict(type='Resize', keep_ratio=True),
                    dict(type='RandomFlip'),
                    dict(
                        type='Normalize',
                        mean=[123.675, 116.28, 103.53],
                        std=[58.395, 57.12, 57.375],
                        to_rgb=True),
                    dict(type='Pad', size_divisor=32),
                    dict(type='ImageToTensor', keys=['img']),
                    dict(type='Collect', keys=['img'])
                ])
        ]),
    test=dict(
        type='CocoDataset',
        ann_file='data/coco/annotations/annotations_vals.json',
        img_prefix='data/coco/img/',
        pipeline=[
            dict(type='LoadImageFromFile'),
            dict(
                type='MultiScaleFlipAug',
                img_scale=(1550, 1550),
                flip=False,
                transforms=[
                    dict(type='Resize', keep_ratio=True),
                    dict(type='RandomFlip'),
                    dict(
                        type='Normalize',
                        mean=[123.675, 116.28, 103.53],
                        std=[58.395, 57.12, 57.375],
                        to_rgb=True),
                    dict(type='Pad', size_divisor=32),
                    dict(type='ImageToTensor', keys=['img']),
                    dict(type='Collect', keys=['img'])
                ])
        ]))
evaluation = dict(interval=1, metric='bbox')
optimizer = dict(type='SGD', lr=0.01, momentum=0.9, weight_decay=0.0001)
optimizer_config = dict(grad_clip=None)
lr_config = dict(
    policy='step',
    warmup='linear',
    warmup_iters=500,
    warmup_ratio=0.001,
    step=[8, 11])
total_epochs = 4
checkpoint_config = dict(interval=4)
log_config = dict(interval=100, hooks=[dict(type='TextLoggerHook')])
dist_params = dict(backend='nccl')
log_level = 'INFO'
load_from = '/home/admin/.cache/torch/checkpoints/X.pth'
resume_from = None
workflow = [('train', 2), ('val', 1)]
work_dir = '/home/admin/jupyter/SecurityAI_Round5/data/work'
gpu_ids = range(0, 1)

2020-11-20 10:02:30,522 - mmdet - INFO - load model from: torchvision://resnet50
2020-11-20 10:02:38,378 - mmdet - WARNING - The model and loaded state dict do not match exactly

unexpected key in source state_dict: fc.weight, fc.bias

2020-11-20 10:02:48,534 - mmdet - INFO - load checkpoint from /home/admin/.cache/torch/checkpoints/X.pth
2020-11-20 10:02:54,914 - mmdet - INFO - Start running, host: admin@fuxilabor_labor0_S4_Odps_S96_dsw_prepaid_cnsh_838_2020112000281, work_dir: /home/admin/jupyter/SecurityAI_Round5/data/work
2020-11-20 10:02:54,914 - mmdet - INFO - workflow: [('train', 2), ('val', 1)], max: 4 epochs
2020-11-20 10:04:12,541 - mmdet - INFO - Epoch [1][100/621]	lr: 1.988e-03, eta: 0:30:45, time: 0.774, data_time: 0.033, memory: 8019, loss_rpn_cls: 0.0025, loss_rpn_bbox: 0.0373, loss_cls: 0.0408, acc: 98.2266, loss_bbox: 0.0917, loss: 0.1723
2020-11-20 10:05:27,246 - mmdet - INFO - Epoch [1][200/621]	lr: 3.986e-03, eta: 0:28:57, time: 0.747, data_time: 0.012, memory: 8019, loss_rpn_cls: 0.0029, loss_rpn_bbox: 0.0325, loss_cls: 0.0367, acc: 98.4619, loss_bbox: 0.0838, loss: 0.1558
2020-11-20 10:06:42,306 - mmdet - INFO - Epoch [1][300/621]	lr: 5.984e-03, eta: 0:27:33, time: 0.751, data_time: 0.012, memory: 9497, loss_rpn_cls: 0.0043, loss_rpn_bbox: 0.0330, loss_cls: 0.0412, acc: 98.3525, loss_bbox: 0.0912, loss: 0.1697
2020-11-20 10:07:57,409 - mmdet - INFO - Epoch [1][400/621]	lr: 7.982e-03, eta: 0:26:14, time: 0.751, data_time: 0.012, memory: 11907, loss_rpn_cls: 0.0055, loss_rpn_bbox: 0.0376, loss_cls: 0.0449, acc: 98.2148, loss_bbox: 0.0936, loss: 0.1817
2020-11-20 10:09:11,979 - mmdet - INFO - Epoch [1][500/621]	lr: 9.980e-03, eta: 0:24:55, time: 0.746, data_time: 0.012, memory: 11907, loss_rpn_cls: 0.0028, loss_rpn_bbox: 0.0354, loss_cls: 0.0364, acc: 98.5176, loss_bbox: 0.0833, loss: 0.1579
2020-11-20 10:10:26,748 - mmdet - INFO - Epoch [1][600/621]	lr: 1.000e-02, eta: 0:23:38, time: 0.748, data_time: 0.012, memory: 11907, loss_rpn_cls: 0.0036, loss_rpn_bbox: 0.0384, loss_cls: 0.0384, acc: 98.4766, loss_bbox: 0.0932, loss: 0.1736
2020-11-20 10:11:06,927 - mmdet - INFO - Evaluating bbox...
2020-11-20 10:11:08,741 - mmdet - INFO - Epoch [1][621/621]	lr: 1.000e-02, bbox_mAP: 0.8110, bbox_mAP_50: 0.8840, bbox_mAP_75: 0.8690, bbox_mAP_s: 0.5150, bbox_mAP_m: 0.8300, bbox_mAP_l: 0.8840, bbox_mAP_copypaste: 0.811 0.884 0.869 0.515 0.830 0.884
2020-11-20 10:12:26,009 - mmdet - INFO - Epoch [2][100/621]	lr: 1.000e-02, eta: 0:21:32, time: 0.771, data_time: 0.033, memory: 11907, loss_rpn_cls: 0.0031, loss_rpn_bbox: 0.0357, loss_cls: 0.0404, acc: 98.3037, loss_bbox: 0.0904, loss: 0.1696
2020-11-20 10:13:41,139 - mmdet - INFO - Epoch [2][200/621]	lr: 1.000e-02, eta: 0:20:23, time: 0.751, data_time: 0.013, memory: 11907, loss_rpn_cls: 0.0039, loss_rpn_bbox: 0.0408, loss_cls: 0.0407, acc: 98.3174, loss_bbox: 0.0941, loss: 0.1795
2020-11-20 10:14:55,890 - mmdet - INFO - Epoch [2][300/621]	lr: 1.000e-02, eta: 0:19:11, time: 0.748, data_time: 0.012, memory: 11907, loss_rpn_cls: 0.0056, loss_rpn_bbox: 0.0410, loss_cls: 0.0414, acc: 98.2998, loss_bbox: 0.0939, loss: 0.1819
2020-11-20 10:16:10,776 - mmdet - INFO - Epoch [2][400/621]	lr: 1.000e-02, eta: 0:17:59, time: 0.749, data_time: 0.012, memory: 11907, loss_rpn_cls: 0.0062, loss_rpn_bbox: 0.0428, loss_cls: 0.0446, acc: 98.1240, loss_bbox: 0.0980, loss: 0.1915
2020-11-20 10:17:25,598 - mmdet - INFO - Epoch [2][500/621]	lr: 1.000e-02, eta: 0:16:47, time: 0.748, data_time: 0.012, memory: 11907, loss_rpn_cls: 0.0034, loss_rpn_bbox: 0.0400, loss_cls: 0.0374, acc: 98.4775, loss_bbox: 0.0930, loss: 0.1739
2020-11-20 10:18:40,632 - mmdet - INFO - Epoch [2][600/621]	lr: 1.000e-02, eta: 0:15:34, time: 0.750, data_time: 0.012, memory: 11907, loss_rpn_cls: 0.0036, loss_rpn_bbox: 0.0405, loss_cls: 0.0413, acc: 98.2676, loss_bbox: 0.0922, loss: 0.1777
2020-11-20 10:19:20,644 - mmdet - INFO - Evaluating bbox...
2020-11-20 10:19:22,413 - mmdet - INFO - Epoch [2][621/621]	lr: 1.000e-02, bbox_mAP: 0.8110, bbox_mAP_50: 0.8830, bbox_mAP_75: 0.8680, bbox_mAP_s: 0.5230, bbox_mAP_m: 0.8300, bbox_mAP_l: 0.8820, bbox_mAP_copypaste: 0.811 0.883 0.868 0.523 0.830 0.882
2020-11-20 10:19:53,017 - mmdet - INFO - Epoch(train) [2][76]	loss_rpn_cls: 0.0036, loss_rpn_bbox: 0.0381, loss_cls: 0.0422, acc: 98.2396, loss_bbox: 0.0958, loss: 0.1798
2020-11-20 10:21:10,266 - mmdet - INFO - Epoch [3][100/621]	lr: 1.000e-02, eta: 0:13:54, time: 0.770, data_time: 0.034, memory: 11907, loss_rpn_cls: 0.0026, loss_rpn_bbox: 0.0378, loss_cls: 0.0381, acc: 98.3828, loss_bbox: 0.0941, loss: 0.1726
2020-11-20 10:22:25,026 - mmdet - INFO - Epoch [3][200/621]	lr: 1.000e-02, eta: 0:12:42, time: 0.748, data_time: 0.012, memory: 11907, loss_rpn_cls: 0.0036, loss_rpn_bbox: 0.0372, loss_cls: 0.0432, acc: 98.2979, loss_bbox: 0.0927, loss: 0.1767
2020-11-20 10:23:40,172 - mmdet - INFO - Epoch [3][300/621]	lr: 1.000e-02, eta: 0:11:30, time: 0.751, data_time: 0.012, memory: 11907, loss_rpn_cls: 0.0025, loss_rpn_bbox: 0.0379, loss_cls: 0.0354, acc: 98.5352, loss_bbox: 0.0904, loss: 0.1662
2020-11-20 10:24:55,312 - mmdet - INFO - Epoch [3][400/621]	lr: 1.000e-02, eta: 0:10:18, time: 0.751, data_time: 0.012, memory: 11907, loss_rpn_cls: 0.0043, loss_rpn_bbox: 0.0426, loss_cls: 0.0433, acc: 98.2197, loss_bbox: 0.0957, loss: 0.1859
2020-11-20 10:26:10,480 - mmdet - INFO - Epoch [3][500/621]	lr: 1.000e-02, eta: 0:09:05, time: 0.752, data_time: 0.012, memory: 11907, loss_rpn_cls: 0.0043, loss_rpn_bbox: 0.0395, loss_cls: 0.0464, acc: 97.9766, loss_bbox: 0.0964, loss: 0.1866
2020-11-20 10:27:25,438 - mmdet - INFO - Epoch [3][600/621]	lr: 1.000e-02, eta: 0:07:52, time: 0.750, data_time: 0.012, memory: 11907, loss_rpn_cls: 0.0031, loss_rpn_bbox: 0.0403, loss_cls: 0.0392, acc: 98.4209, loss_bbox: 0.0954, loss: 0.1780
2020-11-20 10:28:05,613 - mmdet - INFO - Evaluating bbox...
2020-11-20 10:28:07,407 - mmdet - INFO - Epoch [3][621/621]	lr: 1.000e-02, bbox_mAP: 0.8090, bbox_mAP_50: 0.8840, bbox_mAP_75: 0.8640, bbox_mAP_s: 0.5280, bbox_mAP_m: 0.8340, bbox_mAP_l: 0.8860, bbox_mAP_copypaste: 0.809 0.884 0.864 0.528 0.834 0.886
2020-11-20 10:29:24,675 - mmdet - INFO - Epoch [4][100/621]	lr: 1.000e-02, eta: 0:06:20, time: 0.771, data_time: 0.034, memory: 11907, loss_rpn_cls: 0.0035, loss_rpn_bbox: 0.0387, loss_cls: 0.0434, acc: 98.1953, loss_bbox: 0.0992, loss: 0.1848
2020-11-20 10:30:40,010 - mmdet - INFO - Epoch [4][200/621]	lr: 1.000e-02, eta: 0:05:07, time: 0.753, data_time: 0.012, memory: 11907, loss_rpn_cls: 0.0041, loss_rpn_bbox: 0.0422, loss_cls: 0.0473, acc: 98.0771, loss_bbox: 0.1039, loss: 0.1976
2020-11-20 10:31:55,194 - mmdet - INFO - Epoch [4][300/621]	lr: 1.000e-02, eta: 0:03:54, time: 0.752, data_time: 0.012, memory: 11907, loss_rpn_cls: 0.0039, loss_rpn_bbox: 0.0390, loss_cls: 0.0416, acc: 98.1807, loss_bbox: 0.1002, loss: 0.1847
2020-11-20 10:33:09,837 - mmdet - INFO - Epoch [4][400/621]	lr: 1.000e-02, eta: 0:02:41, time: 0.746, data_time: 0.012, memory: 11907, loss_rpn_cls: 0.0026, loss_rpn_bbox: 0.0372, loss_cls: 0.0330, acc: 98.6035, loss_bbox: 0.0839, loss: 0.1567
2020-11-20 10:34:24,652 - mmdet - INFO - Epoch [4][500/621]	lr: 1.000e-02, eta: 0:01:28, time: 0.748, data_time: 0.012, memory: 11907, loss_rpn_cls: 0.0031, loss_rpn_bbox: 0.0403, loss_cls: 0.0364, acc: 98.4834, loss_bbox: 0.0950, loss: 0.1748
2020-11-20 10:35:39,521 - mmdet - INFO - Epoch [4][600/621]	lr: 1.000e-02, eta: 0:00:15, time: 0.749, data_time: 0.012, memory: 11907, loss_rpn_cls: 0.0030, loss_rpn_bbox: 0.0369, loss_cls: 0.0398, acc: 98.3633, loss_bbox: 0.0804, loss: 0.1601
2020-11-20 10:35:55,152 - mmdet - INFO - Saving checkpoint at 4 epochs
2020-11-20 10:36:21,342 - mmdet - INFO - Evaluating bbox...
2020-11-20 10:36:23,145 - mmdet - INFO - Epoch [4][621/621]	lr: 1.000e-02, bbox_mAP: 0.8060, bbox_mAP_50: 0.8790, bbox_mAP_75: 0.8640, bbox_mAP_s: 0.5180, bbox_mAP_m: 0.8330, bbox_mAP_l: 0.8790, bbox_mAP_copypaste: 0.806 0.879 0.864 0.518 0.833 0.879
2020-11-20 10:36:53,905 - mmdet - INFO - Epoch(train) [4][76]	loss_rpn_cls: 0.0032, loss_rpn_bbox: 0.0349, loss_cls: 0.0434, acc: 98.1921, loss_bbox: 0.0917, loss: 0.1733
