2020-11-20 18:25:37,245 - mmdet - INFO - Environment info:
------------------------------------------------------------
sys.platform: linux
Python: 3.6.4 |Anaconda, Inc.| (default, Jan 16 2018, 18:10:19) [GCC 7.2.0]
CUDA available: True
CUDA_HOME: /usr/local/cuda
NVCC: Cuda compilation tools, release 10.0, V10.0.130
GPU 0: Tesla P100-PCIE-16GB
GCC: gcc (GCC) 5.3.0
PyTorch: 1.3.1+cu100
PyTorch compiling details: PyTorch built with:
  - GCC 7.3
  - Intel(R) Math Kernel Library Version 2019.0.4 Product Build 20190411 for Intel(R) 64 architecture applications
  - Intel(R) MKL-DNN v0.20.5 (Git Hash 0125f28c61c1f822fd48570b4c1066f96fcb9b2e)
  - OpenMP 201511 (a.k.a. OpenMP 4.5)
  - NNPACK is enabled
  - CUDA Runtime 10.0
  - NVCC architecture flags: -gencode;arch=compute_37,code=sm_37;-gencode;arch=compute_50,code=sm_50;-gencode;arch=compute_60,code=sm_60;-gencode;arch=compute_61,code=sm_61;-gencode;arch=compute_70,code=sm_70;-gencode;arch=compute_75,code=sm_75;-gencode;arch=compute_37,code=compute_37
  - CuDNN 7.6.3
  - Magma 2.5.1
  - Build settings: BLAS=MKL, BUILD_NAMEDTENSOR=OFF, BUILD_TYPE=Release, CXX_FLAGS= -Wno-deprecated -fvisibility-inlines-hidden -fopenmp -DUSE_FBGEMM -DUSE_QNNPACK -DUSE_PYTORCH_QNNPACK -O2 -fPIC -Wno-narrowing -Wall -Wextra -Wno-missing-field-initializers -Wno-type-limits -Wno-array-bounds -Wno-unknown-pragmas -Wno-sign-compare -Wno-unused-parameter -Wno-unused-variable -Wno-unused-function -Wno-unused-result -Wno-strict-overflow -Wno-strict-aliasing -Wno-error=deprecated-declarations -Wno-stringop-overflow -Wno-error=pedantic -Wno-error=redundant-decls -Wno-error=old-style-cast -fdiagnostics-color=always -faligned-new -Wno-unused-but-set-variable -Wno-maybe-uninitialized -fno-math-errno -fno-trapping-math -Wno-stringop-overflow, DISABLE_NUMA=1, PERF_WITH_AVX=1, PERF_WITH_AVX2=1, PERF_WITH_AVX512=1, USE_CUDA=True, USE_EXCEPTION_PTR=1, USE_GFLAGS=OFF, USE_GLOG=OFF, USE_MKL=ON, USE_MKLDNN=ON, USE_MPI=OFF, USE_NCCL=ON, USE_NNPACK=ON, USE_OPENMP=ON, USE_STATIC_DISPATCH=OFF, 

TorchVision: 0.4.2+cu100
OpenCV: 4.4.0
MMCV: 1.0.5
MMDetection: 2.3.0+788fa8d
MMDetection Compiler: GCC 7.3
MMDetection CUDA Compiler: 10.0
------------------------------------------------------------

2020-11-20 18:25:37,245 - mmdet - INFO - Distributed training: False
2020-11-20 18:25:37,633 - mmdet - INFO - Config:
model = dict(
    type='FasterRCNN',
    pretrained='torchvision://resnet50',
    backbone=dict(
        type='ResNet',
        depth=50,
        num_stages=4,
        out_indices=(0, 1, 2, 3),
        frozen_stages=1,
        norm_cfg=dict(type='BN', requires_grad=True),
        norm_eval=True,
        style='pytorch'),
    neck=dict(
        type='FPN',
        in_channels=[256, 512, 1024, 2048],
        out_channels=256,
        num_outs=5),
    rpn_head=dict(
        type='RPNHead',
        in_channels=256,
        feat_channels=256,
        anchor_generator=dict(
            type='AnchorGenerator',
            scales=[8],
            ratios=[0.5, 1.0, 2.0],
            strides=[4, 8, 16, 32, 64]),
        bbox_coder=dict(
            type='DeltaXYWHBBoxCoder',
            target_means=[0.0, 0.0, 0.0, 0.0],
            target_stds=[1.0, 1.0, 1.0, 1.0]),
        loss_cls=dict(
            type='CrossEntropyLoss', use_sigmoid=True, loss_weight=1.0),
        loss_bbox=dict(type='L1Loss', loss_weight=1.0)),
    roi_head=dict(
        type='StandardRoIHead',
        bbox_roi_extractor=dict(
            type='SingleRoIExtractor',
            roi_layer=dict(type='RoIAlign', output_size=7, sampling_ratio=0),
            out_channels=256,
            featmap_strides=[4, 8, 16, 32]),
        bbox_head=dict(
            type='Shared2FCBBoxHead',
            in_channels=256,
            fc_out_channels=1024,
            roi_feat_size=7,
            num_classes=2,
            bbox_coder=dict(
                type='DeltaXYWHBBoxCoder',
                target_means=[0.0, 0.0, 0.0, 0.0],
                target_stds=[0.1, 0.1, 0.2, 0.2]),
            reg_class_agnostic=False,
            loss_cls=dict(
                type='CrossEntropyLoss', use_sigmoid=False, loss_weight=1.0),
            loss_bbox=dict(type='L1Loss', loss_weight=1.0))))
train_cfg = dict(
    rpn=dict(
        assigner=dict(
            type='MaxIoUAssigner',
            pos_iou_thr=0.7,
            neg_iou_thr=0.3,
            min_pos_iou=0.3,
            match_low_quality=True,
            ignore_iof_thr=-1),
        sampler=dict(
            type='RandomSampler',
            num=256,
            pos_fraction=0.5,
            neg_pos_ub=-1,
            add_gt_as_proposals=False),
        allowed_border=-1,
        pos_weight=-1,
        debug=False),
    rpn_proposal=dict(
        nms_across_levels=False,
        nms_pre=2000,
        nms_post=1000,
        max_num=1000,
        nms_thr=0.7,
        min_bbox_size=0),
    rcnn=dict(
        assigner=dict(
            type='MaxIoUAssigner',
            pos_iou_thr=0.5,
            neg_iou_thr=0.5,
            min_pos_iou=0.5,
            match_low_quality=False,
            ignore_iof_thr=-1),
        sampler=dict(
            type='RandomSampler',
            num=512,
            pos_fraction=0.25,
            neg_pos_ub=-1,
            add_gt_as_proposals=True),
        pos_weight=-1,
        debug=False))
test_cfg = dict(
    rpn=dict(
        nms_across_levels=False,
        nms_pre=1000,
        nms_post=1000,
        max_num=1000,
        nms_thr=0.7,
        min_bbox_size=0),
    rcnn=dict(
        score_thr=0.05,
        nms=dict(type='nms', iou_threshold=0.5),
        max_per_img=100))
dataset_type = 'CocoDataset'
data_root = 'data/coco/'
img_norm_cfg = dict(
    mean=[123.675, 116.28, 103.53], std=[58.395, 57.12, 57.375], to_rgb=True)
train_pipeline = [
    dict(type='LoadImageFromFile'),
    dict(type='LoadAnnotations', with_bbox=True),
    dict(type='Resize', img_scale=(1550, 1550), keep_ratio=True),
    dict(type='RandomFlip', flip_ratio=0.5),
    dict(
        type='Normalize',
        mean=[123.675, 116.28, 103.53],
        std=[58.395, 57.12, 57.375],
        to_rgb=True),
    dict(type='Pad', size_divisor=32),
    dict(type='DefaultFormatBundle'),
    dict(type='Collect', keys=['img', 'gt_bboxes', 'gt_labels'])
]
test_pipeline = [
    dict(type='LoadImageFromFile'),
    dict(
        type='MultiScaleFlipAug',
        img_scale=(1550, 1550),
        flip=False,
        transforms=[
            dict(type='Resize', keep_ratio=True),
            dict(type='RandomFlip'),
            dict(
                type='Normalize',
                mean=[123.675, 116.28, 103.53],
                std=[58.395, 57.12, 57.375],
                to_rgb=True),
            dict(type='Pad', size_divisor=32),
            dict(type='ImageToTensor', keys=['img']),
            dict(type='Collect', keys=['img'])
        ])
]
data = dict(
    samples_per_gpu=2,
    workers_per_gpu=2,
    train=dict(
        type='CocoDataset',
        ann_file='data/coco/annotations/annotations_trai.json',
        img_prefix='data/coco/img/',
        pipeline=[
            dict(type='LoadImageFromFile'),
            dict(type='LoadAnnotations', with_bbox=True),
            dict(type='Resize', img_scale=(1550, 1550), keep_ratio=True),
            dict(type='RandomFlip', flip_ratio=0.5),
            dict(
                type='Normalize',
                mean=[123.675, 116.28, 103.53],
                std=[58.395, 57.12, 57.375],
                to_rgb=True),
            dict(type='Pad', size_divisor=32),
            dict(type='DefaultFormatBundle'),
            dict(type='Collect', keys=['img', 'gt_bboxes', 'gt_labels'])
        ]),
    val=dict(
        type='CocoDataset',
        ann_file='data/coco/annotations/annotations_test.json',
        img_prefix='data/coco/img/',
        pipeline=[
            dict(type='LoadImageFromFile'),
            dict(
                type='MultiScaleFlipAug',
                img_scale=(1550, 1550),
                flip=False,
                transforms=[
                    dict(type='Resize', keep_ratio=True),
                    dict(type='RandomFlip'),
                    dict(
                        type='Normalize',
                        mean=[123.675, 116.28, 103.53],
                        std=[58.395, 57.12, 57.375],
                        to_rgb=True),
                    dict(type='Pad', size_divisor=32),
                    dict(type='ImageToTensor', keys=['img']),
                    dict(type='Collect', keys=['img'])
                ])
        ]),
    test=dict(
        type='CocoDataset',
        ann_file='data/coco/annotations/annotations_vals.json',
        img_prefix='data/coco/img/',
        pipeline=[
            dict(type='LoadImageFromFile'),
            dict(
                type='MultiScaleFlipAug',
                img_scale=(1550, 1550),
                flip=False,
                transforms=[
                    dict(type='Resize', keep_ratio=True),
                    dict(type='RandomFlip'),
                    dict(
                        type='Normalize',
                        mean=[123.675, 116.28, 103.53],
                        std=[58.395, 57.12, 57.375],
                        to_rgb=True),
                    dict(type='Pad', size_divisor=32),
                    dict(type='ImageToTensor', keys=['img']),
                    dict(type='Collect', keys=['img'])
                ])
        ]))
evaluation = dict(interval=1, metric='bbox')
optimizer = dict(type='SGD', lr=0.01, momentum=0.9, weight_decay=0.0001)
optimizer_config = dict(grad_clip=None)
lr_config = dict(
    policy='step',
    warmup='linear',
    warmup_iters=500,
    warmup_ratio=0.001,
    step=[8, 11])
total_epochs = 4
checkpoint_config = dict(interval=4)
log_config = dict(interval=100, hooks=[dict(type='TextLoggerHook')])
dist_params = dict(backend='nccl')
log_level = 'INFO'
load_from = '/home/admin/.cache/torch/checkpoints/X.pth'
resume_from = None
workflow = [('train', 2), ('val', 1)]
work_dir = '/home/admin/jupyter/SecurityAI_Round5/data/work'
gpu_ids = range(0, 1)

2020-11-20 18:25:38,146 - mmdet - INFO - load model from: torchvision://resnet50
2020-11-20 18:25:46,136 - mmdet - WARNING - The model and loaded state dict do not match exactly

unexpected key in source state_dict: fc.weight, fc.bias

2020-11-20 18:25:56,506 - mmdet - INFO - load checkpoint from /home/admin/.cache/torch/checkpoints/X.pth
2020-11-20 18:26:03,278 - mmdet - INFO - Start running, host: admin@fuxilabor_labor0_S4_Odps_S96_dsw_prepaid_cnsh_838_2020112007575, work_dir: /home/admin/jupyter/SecurityAI_Round5/data/work
2020-11-20 18:26:03,278 - mmdet - INFO - workflow: [('train', 2), ('val', 1)], max: 4 epochs
2020-11-20 18:27:20,457 - mmdet - INFO - Epoch [1][100/632]	lr: 1.988e-03, eta: 0:31:09, time: 0.770, data_time: 0.034, memory: 9992, loss_rpn_cls: 0.0027, loss_rpn_bbox: 0.0315, loss_cls: 0.0357, acc: 98.5039, loss_bbox: 0.0814, loss: 0.1513
2020-11-20 18:28:34,987 - mmdet - INFO - Epoch [1][200/632]	lr: 3.986e-03, eta: 0:29:23, time: 0.745, data_time: 0.012, memory: 10076, loss_rpn_cls: 0.0022, loss_rpn_bbox: 0.0277, loss_cls: 0.0349, acc: 98.5068, loss_bbox: 0.0734, loss: 0.1382
2020-11-20 18:29:49,905 - mmdet - INFO - Epoch [1][300/632]	lr: 5.984e-03, eta: 0:28:01, time: 0.749, data_time: 0.012, memory: 10076, loss_rpn_cls: 0.0026, loss_rpn_bbox: 0.0283, loss_cls: 0.0341, acc: 98.5605, loss_bbox: 0.0767, loss: 0.1416
2020-11-20 18:31:04,358 - mmdet - INFO - Epoch [1][400/632]	lr: 7.982e-03, eta: 0:26:40, time: 0.745, data_time: 0.012, memory: 10076, loss_rpn_cls: 0.0015, loss_rpn_bbox: 0.0275, loss_cls: 0.0297, acc: 98.7285, loss_bbox: 0.0719, loss: 0.1305
2020-11-20 18:32:18,897 - mmdet - INFO - Epoch [1][500/632]	lr: 9.980e-03, eta: 0:25:22, time: 0.745, data_time: 0.012, memory: 10076, loss_rpn_cls: 0.0023, loss_rpn_bbox: 0.0333, loss_cls: 0.0346, acc: 98.5283, loss_bbox: 0.0800, loss: 0.1503
2020-11-20 18:33:33,456 - mmdet - INFO - Epoch [1][600/632]	lr: 1.000e-02, eta: 0:24:05, time: 0.746, data_time: 0.012, memory: 10076, loss_rpn_cls: 0.0047, loss_rpn_bbox: 0.0375, loss_cls: 0.0410, acc: 98.1875, loss_bbox: 0.0887, loss: 0.1719
2020-11-20 18:34:21,162 - mmdet - INFO - Evaluating bbox...
2020-11-20 18:34:23,309 - mmdet - INFO - Epoch [1][632/632]	lr: 1.000e-02, bbox_mAP: 0.8270, bbox_mAP_50: 0.8900, bbox_mAP_75: 0.8850, bbox_mAP_s: 0.6150, bbox_mAP_m: 0.8680, bbox_mAP_l: 0.8980, bbox_mAP_copypaste: 0.827 0.890 0.885 0.615 0.868 0.898
2020-11-20 18:35:40,070 - mmdet - INFO - Epoch [2][100/632]	lr: 1.000e-02, eta: 0:21:31, time: 0.766, data_time: 0.033, memory: 10076, loss_rpn_cls: 0.0030, loss_rpn_bbox: 0.0348, loss_cls: 0.0355, acc: 98.5332, loss_bbox: 0.0814, loss: 0.1548
2020-11-20 18:36:54,812 - mmdet - INFO - Epoch [2][200/632]	lr: 1.000e-02, eta: 0:20:25, time: 0.747, data_time: 0.012, memory: 10076, loss_rpn_cls: 0.0029, loss_rpn_bbox: 0.0338, loss_cls: 0.0353, acc: 98.5479, loss_bbox: 0.0810, loss: 0.1530
2020-11-20 18:38:09,328 - mmdet - INFO - Epoch [2][300/632]	lr: 1.000e-02, eta: 0:19:17, time: 0.745, data_time: 0.012, memory: 10076, loss_rpn_cls: 0.0024, loss_rpn_bbox: 0.0363, loss_cls: 0.0328, acc: 98.5664, loss_bbox: 0.0796, loss: 0.1511
2020-11-20 18:39:24,849 - mmdet - INFO - Epoch [2][400/632]	lr: 1.000e-02, eta: 0:18:09, time: 0.755, data_time: 0.012, memory: 10076, loss_rpn_cls: 0.0022, loss_rpn_bbox: 0.0343, loss_cls: 0.0330, acc: 98.5527, loss_bbox: 0.0814, loss: 0.1508
2020-11-20 18:40:39,478 - mmdet - INFO - Epoch [2][500/632]	lr: 1.000e-02, eta: 0:16:58, time: 0.746, data_time: 0.012, memory: 10076, loss_rpn_cls: 0.0031, loss_rpn_bbox: 0.0355, loss_cls: 0.0412, acc: 98.2637, loss_bbox: 0.0849, loss: 0.1648
2020-11-20 18:41:54,072 - mmdet - INFO - Epoch [2][600/632]	lr: 1.000e-02, eta: 0:15:47, time: 0.746, data_time: 0.012, memory: 10076, loss_rpn_cls: 0.0049, loss_rpn_bbox: 0.0375, loss_cls: 0.0395, acc: 98.3633, loss_bbox: 0.0886, loss: 0.1706
2020-11-20 18:42:41,681 - mmdet - INFO - Evaluating bbox...
2020-11-20 18:42:43,864 - mmdet - INFO - Epoch [2][632/632]	lr: 1.000e-02, bbox_mAP: 0.8150, bbox_mAP_50: 0.8850, bbox_mAP_75: 0.8690, bbox_mAP_s: 0.6010, bbox_mAP_m: 0.8620, bbox_mAP_l: 0.8880, bbox_mAP_copypaste: 0.815 0.885 0.869 0.601 0.862 0.888
2020-11-20 18:43:14,090 - mmdet - INFO - Epoch(train) [2][75]	loss_rpn_cls: 0.0038, loss_rpn_bbox: 0.0375, loss_cls: 0.0352, acc: 98.5990, loss_bbox: 0.0844, loss: 0.1609
2020-11-20 18:44:30,953 - mmdet - INFO - Epoch [3][100/632]	lr: 1.000e-02, eta: 0:13:53, time: 0.767, data_time: 0.033, memory: 10076, loss_rpn_cls: 0.0026, loss_rpn_bbox: 0.0363, loss_cls: 0.0359, acc: 98.4639, loss_bbox: 0.0828, loss: 0.1576
2020-11-20 18:45:45,430 - mmdet - INFO - Epoch [3][200/632]	lr: 1.000e-02, eta: 0:12:44, time: 0.745, data_time: 0.012, memory: 10076, loss_rpn_cls: 0.0031, loss_rpn_bbox: 0.0331, loss_cls: 0.0356, acc: 98.5654, loss_bbox: 0.0834, loss: 0.1553
2020-11-20 18:47:00,130 - mmdet - INFO - Epoch [3][300/632]	lr: 1.000e-02, eta: 0:11:34, time: 0.747, data_time: 0.012, memory: 10076, loss_rpn_cls: 0.0028, loss_rpn_bbox: 0.0383, loss_cls: 0.0413, acc: 98.3369, loss_bbox: 0.0945, loss: 0.1770
2020-11-20 18:48:14,716 - mmdet - INFO - Epoch [3][400/632]	lr: 1.000e-02, eta: 0:10:23, time: 0.746, data_time: 0.012, memory: 10076, loss_rpn_cls: 0.0027, loss_rpn_bbox: 0.0347, loss_cls: 0.0333, acc: 98.6895, loss_bbox: 0.0786, loss: 0.1493
2020-11-20 18:49:29,123 - mmdet - INFO - Epoch [3][500/632]	lr: 1.000e-02, eta: 0:09:12, time: 0.744, data_time: 0.012, memory: 10076, loss_rpn_cls: 0.0034, loss_rpn_bbox: 0.0367, loss_cls: 0.0413, acc: 98.2344, loss_bbox: 0.0889, loss: 0.1704
2020-11-20 18:50:43,895 - mmdet - INFO - Epoch [3][600/632]	lr: 1.000e-02, eta: 0:08:00, time: 0.748, data_time: 0.012, memory: 10076, loss_rpn_cls: 0.0033, loss_rpn_bbox: 0.0362, loss_cls: 0.0442, acc: 98.2129, loss_bbox: 0.0969, loss: 0.1807
2020-11-20 18:51:31,447 - mmdet - INFO - Evaluating bbox...
2020-11-20 18:51:33,817 - mmdet - INFO - Epoch [3][632/632]	lr: 1.000e-02, bbox_mAP: 0.8180, bbox_mAP_50: 0.8940, bbox_mAP_75: 0.8800, bbox_mAP_s: 0.5850, bbox_mAP_m: 0.8420, bbox_mAP_l: 0.8930, bbox_mAP_copypaste: 0.818 0.894 0.880 0.585 0.842 0.893
2020-11-20 18:52:50,776 - mmdet - INFO - Epoch [4][100/632]	lr: 1.000e-02, eta: 0:06:20, time: 0.768, data_time: 0.034, memory: 10076, loss_rpn_cls: 0.0031, loss_rpn_bbox: 0.0361, loss_cls: 0.0345, acc: 98.5742, loss_bbox: 0.0833, loss: 0.1569
2020-11-20 18:54:05,296 - mmdet - INFO - Epoch [4][200/632]	lr: 1.000e-02, eta: 0:05:09, time: 0.745, data_time: 0.012, memory: 10076, loss_rpn_cls: 0.0032, loss_rpn_bbox: 0.0374, loss_cls: 0.0421, acc: 98.2432, loss_bbox: 0.0879, loss: 0.1706
2020-11-20 18:55:19,700 - mmdet - INFO - Epoch [4][300/632]	lr: 1.000e-02, eta: 0:03:58, time: 0.744, data_time: 0.012, memory: 10076, loss_rpn_cls: 0.0047, loss_rpn_bbox: 0.0369, loss_cls: 0.0411, acc: 98.2002, loss_bbox: 0.0892, loss: 0.1720
2020-11-20 18:56:34,229 - mmdet - INFO - Epoch [4][400/632]	lr: 1.000e-02, eta: 0:02:46, time: 0.745, data_time: 0.012, memory: 10076, loss_rpn_cls: 0.0041, loss_rpn_bbox: 0.0349, loss_cls: 0.0398, acc: 98.3633, loss_bbox: 0.0893, loss: 0.1680
2020-11-20 18:57:48,613 - mmdet - INFO - Epoch [4][500/632]	lr: 1.000e-02, eta: 0:01:35, time: 0.744, data_time: 0.012, memory: 10076, loss_rpn_cls: 0.0029, loss_rpn_bbox: 0.0359, loss_cls: 0.0379, acc: 98.3574, loss_bbox: 0.0875, loss: 0.1642
2020-11-20 18:59:03,092 - mmdet - INFO - Epoch [4][600/632]	lr: 1.000e-02, eta: 0:00:23, time: 0.745, data_time: 0.012, memory: 10076, loss_rpn_cls: 0.0039, loss_rpn_bbox: 0.0363, loss_cls: 0.0392, acc: 98.3809, loss_bbox: 0.0880, loss: 0.1674
2020-11-20 18:59:26,775 - mmdet - INFO - Saving checkpoint at 4 epochs
2020-11-20 18:59:52,463 - mmdet - INFO - Evaluating bbox...
2020-11-20 18:59:54,597 - mmdet - INFO - Epoch [4][632/632]	lr: 1.000e-02, bbox_mAP: 0.8110, bbox_mAP_50: 0.8750, bbox_mAP_75: 0.8640, bbox_mAP_s: 0.5820, bbox_mAP_m: 0.8540, bbox_mAP_l: 0.8870, bbox_mAP_copypaste: 0.811 0.875 0.864 0.582 0.854 0.887
2020-11-20 19:00:24,734 - mmdet - INFO - Epoch(train) [4][75]	loss_rpn_cls: 0.0036, loss_rpn_bbox: 0.0371, loss_cls: 0.0373, acc: 98.4596, loss_bbox: 0.0871, loss: 0.1651
