2020-11-18 05:40:26,444 - mmdet - INFO - Environment info:
------------------------------------------------------------
sys.platform: linux
Python: 3.6.4 |Anaconda, Inc.| (default, Jan 16 2018, 18:10:19) [GCC 7.2.0]
CUDA available: True
CUDA_HOME: /usr/local/cuda
NVCC: Cuda compilation tools, release 10.0, V10.0.130
GPU 0: Tesla P100-PCIE-16GB
GCC: gcc (GCC) 5.3.0
PyTorch: 1.3.1+cu100
PyTorch compiling details: PyTorch built with:
  - GCC 7.3
  - Intel(R) Math Kernel Library Version 2019.0.4 Product Build 20190411 for Intel(R) 64 architecture applications
  - Intel(R) MKL-DNN v0.20.5 (Git Hash 0125f28c61c1f822fd48570b4c1066f96fcb9b2e)
  - OpenMP 201511 (a.k.a. OpenMP 4.5)
  - NNPACK is enabled
  - CUDA Runtime 10.0
  - NVCC architecture flags: -gencode;arch=compute_37,code=sm_37;-gencode;arch=compute_50,code=sm_50;-gencode;arch=compute_60,code=sm_60;-gencode;arch=compute_61,code=sm_61;-gencode;arch=compute_70,code=sm_70;-gencode;arch=compute_75,code=sm_75;-gencode;arch=compute_37,code=compute_37
  - CuDNN 7.6.3
  - Magma 2.5.1
  - Build settings: BLAS=MKL, BUILD_NAMEDTENSOR=OFF, BUILD_TYPE=Release, CXX_FLAGS= -Wno-deprecated -fvisibility-inlines-hidden -fopenmp -DUSE_FBGEMM -DUSE_QNNPACK -DUSE_PYTORCH_QNNPACK -O2 -fPIC -Wno-narrowing -Wall -Wextra -Wno-missing-field-initializers -Wno-type-limits -Wno-array-bounds -Wno-unknown-pragmas -Wno-sign-compare -Wno-unused-parameter -Wno-unused-variable -Wno-unused-function -Wno-unused-result -Wno-strict-overflow -Wno-strict-aliasing -Wno-error=deprecated-declarations -Wno-stringop-overflow -Wno-error=pedantic -Wno-error=redundant-decls -Wno-error=old-style-cast -fdiagnostics-color=always -faligned-new -Wno-unused-but-set-variable -Wno-maybe-uninitialized -fno-math-errno -fno-trapping-math -Wno-stringop-overflow, DISABLE_NUMA=1, PERF_WITH_AVX=1, PERF_WITH_AVX2=1, PERF_WITH_AVX512=1, USE_CUDA=True, USE_EXCEPTION_PTR=1, USE_GFLAGS=OFF, USE_GLOG=OFF, USE_MKL=ON, USE_MKLDNN=ON, USE_MPI=OFF, USE_NCCL=ON, USE_NNPACK=ON, USE_OPENMP=ON, USE_STATIC_DISPATCH=OFF, 

TorchVision: 0.4.2+cu100
OpenCV: 4.4.0
MMCV: 1.0.5
MMDetection: 2.3.0+788fa8d
MMDetection Compiler: GCC 7.3
MMDetection CUDA Compiler: 10.0
------------------------------------------------------------

2020-11-18 05:40:26,444 - mmdet - INFO - Distributed training: False
2020-11-18 05:40:26,837 - mmdet - INFO - Config:
model = dict(
    type='FasterRCNN',
    pretrained='torchvision://resnet50',
    backbone=dict(
        type='ResNet',
        depth=50,
        num_stages=4,
        out_indices=(0, 1, 2, 3),
        frozen_stages=1,
        norm_cfg=dict(type='BN', requires_grad=True),
        norm_eval=True,
        style='pytorch'),
    neck=dict(
        type='FPN',
        in_channels=[256, 512, 1024, 2048],
        out_channels=256,
        num_outs=5),
    rpn_head=dict(
        type='RPNHead',
        in_channels=256,
        feat_channels=256,
        anchor_generator=dict(
            type='AnchorGenerator',
            scales=[8],
            ratios=[0.5, 1.0, 2.0],
            strides=[4, 8, 16, 32, 64]),
        bbox_coder=dict(
            type='DeltaXYWHBBoxCoder',
            target_means=[0.0, 0.0, 0.0, 0.0],
            target_stds=[1.0, 1.0, 1.0, 1.0]),
        loss_cls=dict(
            type='CrossEntropyLoss', use_sigmoid=True, loss_weight=1.0),
        loss_bbox=dict(type='L1Loss', loss_weight=1.0)),
    roi_head=dict(
        type='StandardRoIHead',
        bbox_roi_extractor=dict(
            type='SingleRoIExtractor',
            roi_layer=dict(type='RoIAlign', output_size=7, sampling_ratio=0),
            out_channels=256,
            featmap_strides=[4, 8, 16, 32]),
        bbox_head=dict(
            type='Shared2FCBBoxHead',
            in_channels=256,
            fc_out_channels=1024,
            roi_feat_size=7,
            num_classes=2,
            bbox_coder=dict(
                type='DeltaXYWHBBoxCoder',
                target_means=[0.0, 0.0, 0.0, 0.0],
                target_stds=[0.1, 0.1, 0.2, 0.2]),
            reg_class_agnostic=False,
            loss_cls=dict(
                type='CrossEntropyLoss', use_sigmoid=False, loss_weight=1.0),
            loss_bbox=dict(type='L1Loss', loss_weight=1.0))))
train_cfg = dict(
    rpn=dict(
        assigner=dict(
            type='MaxIoUAssigner',
            pos_iou_thr=0.7,
            neg_iou_thr=0.3,
            min_pos_iou=0.3,
            match_low_quality=True,
            ignore_iof_thr=-1),
        sampler=dict(
            type='RandomSampler',
            num=256,
            pos_fraction=0.5,
            neg_pos_ub=-1,
            add_gt_as_proposals=False),
        allowed_border=-1,
        pos_weight=-1,
        debug=False),
    rpn_proposal=dict(
        nms_across_levels=False,
        nms_pre=2000,
        nms_post=1000,
        max_num=1000,
        nms_thr=0.7,
        min_bbox_size=0),
    rcnn=dict(
        assigner=dict(
            type='MaxIoUAssigner',
            pos_iou_thr=0.5,
            neg_iou_thr=0.5,
            min_pos_iou=0.5,
            match_low_quality=False,
            ignore_iof_thr=-1),
        sampler=dict(
            type='RandomSampler',
            num=512,
            pos_fraction=0.25,
            neg_pos_ub=-1,
            add_gt_as_proposals=True),
        pos_weight=-1,
        debug=False))
test_cfg = dict(
    rpn=dict(
        nms_across_levels=False,
        nms_pre=1000,
        nms_post=1000,
        max_num=1000,
        nms_thr=0.7,
        min_bbox_size=0),
    rcnn=dict(
        score_thr=0.05,
        nms=dict(type='nms', iou_threshold=0.5),
        max_per_img=100))
dataset_type = 'CocoDataset'
data_root = 'data/coco/'
img_norm_cfg = dict(
    mean=[123.675, 116.28, 103.53], std=[58.395, 57.12, 57.375], to_rgb=True)
train_pipeline = [
    dict(type='LoadImageFromFile'),
    dict(type='LoadAnnotations', with_bbox=True),
    dict(type='Resize', img_scale=(1550, 1550), keep_ratio=True),
    dict(type='RandomFlip', flip_ratio=0.5),
    dict(
        type='Normalize',
        mean=[123.675, 116.28, 103.53],
        std=[58.395, 57.12, 57.375],
        to_rgb=True),
    dict(type='Pad', size_divisor=32),
    dict(type='DefaultFormatBundle'),
    dict(type='Collect', keys=['img', 'gt_bboxes', 'gt_labels'])
]
test_pipeline = [
    dict(type='LoadImageFromFile'),
    dict(
        type='MultiScaleFlipAug',
        img_scale=(1550, 1550),
        flip=False,
        transforms=[
            dict(type='Resize', keep_ratio=True),
            dict(type='RandomFlip'),
            dict(
                type='Normalize',
                mean=[123.675, 116.28, 103.53],
                std=[58.395, 57.12, 57.375],
                to_rgb=True),
            dict(type='Pad', size_divisor=32),
            dict(type='ImageToTensor', keys=['img']),
            dict(type='Collect', keys=['img'])
        ])
]
data = dict(
    samples_per_gpu=2,
    workers_per_gpu=2,
    train=dict(
        type='CocoDataset',
        ann_file='data/coco/annotations/annotations_trai.json',
        img_prefix='data/coco/img/',
        pipeline=[
            dict(type='LoadImageFromFile'),
            dict(type='LoadAnnotations', with_bbox=True),
            dict(type='Resize', img_scale=(1550, 1550), keep_ratio=True),
            dict(type='RandomFlip', flip_ratio=0.5),
            dict(
                type='Normalize',
                mean=[123.675, 116.28, 103.53],
                std=[58.395, 57.12, 57.375],
                to_rgb=True),
            dict(type='Pad', size_divisor=32),
            dict(type='DefaultFormatBundle'),
            dict(type='Collect', keys=['img', 'gt_bboxes', 'gt_labels'])
        ]),
    val=dict(
        type='CocoDataset',
        ann_file='data/coco/annotations/annotations_test.json',
        img_prefix='data/coco/img/',
        pipeline=[
            dict(type='LoadImageFromFile'),
            dict(
                type='MultiScaleFlipAug',
                img_scale=(1550, 1550),
                flip=False,
                transforms=[
                    dict(type='Resize', keep_ratio=True),
                    dict(type='RandomFlip'),
                    dict(
                        type='Normalize',
                        mean=[123.675, 116.28, 103.53],
                        std=[58.395, 57.12, 57.375],
                        to_rgb=True),
                    dict(type='Pad', size_divisor=32),
                    dict(type='ImageToTensor', keys=['img']),
                    dict(type='Collect', keys=['img'])
                ])
        ]),
    test=dict(
        type='CocoDataset',
        ann_file='data/coco/annotations/annotations_vals.json',
        img_prefix='data/coco/img/',
        pipeline=[
            dict(type='LoadImageFromFile'),
            dict(
                type='MultiScaleFlipAug',
                img_scale=(1550, 1550),
                flip=False,
                transforms=[
                    dict(type='Resize', keep_ratio=True),
                    dict(type='RandomFlip'),
                    dict(
                        type='Normalize',
                        mean=[123.675, 116.28, 103.53],
                        std=[58.395, 57.12, 57.375],
                        to_rgb=True),
                    dict(type='Pad', size_divisor=32),
                    dict(type='ImageToTensor', keys=['img']),
                    dict(type='Collect', keys=['img'])
                ])
        ]))
evaluation = dict(interval=1, metric='bbox')
optimizer = dict(type='SGD', lr=0.01, momentum=0.9, weight_decay=0.0001)
optimizer_config = dict(grad_clip=None)
lr_config = dict(
    policy='step',
    warmup='linear',
    warmup_iters=500,
    warmup_ratio=0.001,
    step=[8, 11])
total_epochs = 4
checkpoint_config = dict(interval=4)
log_config = dict(interval=100, hooks=[dict(type='TextLoggerHook')])
dist_params = dict(backend='nccl')
log_level = 'INFO'
load_from = '/home/admin/.cache/torch/checkpoints/X.pth'
resume_from = None
workflow = [('train', 2), ('val', 1)]
work_dir = '/home/admin/jupyter/SecurityAI_Round5/data/work'
gpu_ids = range(0, 1)

2020-11-18 05:40:27,349 - mmdet - INFO - load model from: torchvision://resnet50
2020-11-18 05:40:35,508 - mmdet - WARNING - The model and loaded state dict do not match exactly

unexpected key in source state_dict: fc.weight, fc.bias

2020-11-18 05:40:46,083 - mmdet - INFO - load checkpoint from /home/admin/.cache/torch/checkpoints/X.pth
2020-11-18 05:40:53,192 - mmdet - INFO - Start running, host: admin@fuxilabor_labor0_S4_Odps_S96_dsw_prepaid_cnsh_838_2020111715115, work_dir: /home/admin/jupyter/SecurityAI_Round5/data/work
2020-11-18 05:40:53,192 - mmdet - INFO - workflow: [('train', 2), ('val', 1)], max: 4 epochs
2020-11-18 05:42:10,468 - mmdet - INFO - Epoch [1][100/630]	lr: 1.988e-03, eta: 0:31:05, time: 0.771, data_time: 0.034, memory: 9249, loss_rpn_cls: 0.0094, loss_rpn_bbox: 0.0581, loss_cls: 0.0809, acc: 96.6611, loss_bbox: 0.1594, loss: 0.3078
2020-11-18 05:43:25,069 - mmdet - INFO - Epoch [1][200/630]	lr: 3.986e-03, eta: 0:29:19, time: 0.746, data_time: 0.012, memory: 9249, loss_rpn_cls: 0.0047, loss_rpn_bbox: 0.0473, loss_cls: 0.0631, acc: 97.3594, loss_bbox: 0.1349, loss: 0.2500
2020-11-18 05:44:39,886 - mmdet - INFO - Epoch [1][300/630]	lr: 5.984e-03, eta: 0:27:56, time: 0.748, data_time: 0.012, memory: 9841, loss_rpn_cls: 0.0097, loss_rpn_bbox: 0.0511, loss_cls: 0.0672, acc: 97.2588, loss_bbox: 0.1335, loss: 0.2615
2020-11-18 05:45:54,868 - mmdet - INFO - Epoch [1][400/630]	lr: 7.982e-03, eta: 0:26:37, time: 0.750, data_time: 0.012, memory: 9841, loss_rpn_cls: 0.0131, loss_rpn_bbox: 0.0576, loss_cls: 0.0736, acc: 97.0205, loss_bbox: 0.1504, loss: 0.2946
2020-11-18 05:47:10,061 - mmdet - INFO - Epoch [1][500/630]	lr: 9.980e-03, eta: 0:25:21, time: 0.752, data_time: 0.012, memory: 11881, loss_rpn_cls: 0.0110, loss_rpn_bbox: 0.0564, loss_cls: 0.0753, acc: 96.9141, loss_bbox: 0.1442, loss: 0.2869
2020-11-18 05:48:24,379 - mmdet - INFO - Epoch [1][600/630]	lr: 1.000e-02, eta: 0:24:03, time: 0.743, data_time: 0.012, memory: 11881, loss_rpn_cls: 0.0076, loss_rpn_bbox: 0.0577, loss_cls: 0.0738, acc: 96.9453, loss_bbox: 0.1520, loss: 0.2911
2020-11-18 05:49:10,817 - mmdet - INFO - Evaluating bbox...
2020-11-18 05:49:13,407 - mmdet - INFO - Epoch [1][630/630]	lr: 1.000e-02, bbox_mAP: 0.7270, bbox_mAP_50: 0.8340, bbox_mAP_75: 0.7830, bbox_mAP_s: 0.3500, bbox_mAP_m: 0.7210, bbox_mAP_l: 0.8340, bbox_mAP_copypaste: 0.727 0.834 0.783 0.350 0.721 0.834
2020-11-18 05:50:30,279 - mmdet - INFO - Epoch [2][100/630]	lr: 1.000e-02, eta: 0:21:33, time: 0.767, data_time: 0.034, memory: 11881, loss_rpn_cls: 0.0084, loss_rpn_bbox: 0.0625, loss_cls: 0.0746, acc: 96.9531, loss_bbox: 0.1618, loss: 0.3072
2020-11-18 05:51:44,944 - mmdet - INFO - Epoch [2][200/630]	lr: 1.000e-02, eta: 0:20:26, time: 0.747, data_time: 0.012, memory: 11881, loss_rpn_cls: 0.0140, loss_rpn_bbox: 0.0608, loss_cls: 0.0849, acc: 96.5088, loss_bbox: 0.1485, loss: 0.3082
2020-11-18 05:52:59,824 - mmdet - INFO - Epoch [2][300/630]	lr: 1.000e-02, eta: 0:19:17, time: 0.749, data_time: 0.012, memory: 11881, loss_rpn_cls: 0.0119, loss_rpn_bbox: 0.0587, loss_cls: 0.0825, acc: 96.6582, loss_bbox: 0.1575, loss: 0.3105
2020-11-18 05:54:14,369 - mmdet - INFO - Epoch [2][400/630]	lr: 1.000e-02, eta: 0:18:07, time: 0.745, data_time: 0.012, memory: 11881, loss_rpn_cls: 0.0108, loss_rpn_bbox: 0.0577, loss_cls: 0.0738, acc: 96.9912, loss_bbox: 0.1488, loss: 0.2911
2020-11-18 05:55:28,798 - mmdet - INFO - Epoch [2][500/630]	lr: 1.000e-02, eta: 0:16:56, time: 0.744, data_time: 0.012, memory: 11881, loss_rpn_cls: 0.0105, loss_rpn_bbox: 0.0551, loss_cls: 0.0670, acc: 97.2920, loss_bbox: 0.1351, loss: 0.2676
2020-11-18 05:56:43,340 - mmdet - INFO - Epoch [2][600/630]	lr: 1.000e-02, eta: 0:15:44, time: 0.745, data_time: 0.012, memory: 11907, loss_rpn_cls: 0.0111, loss_rpn_bbox: 0.0603, loss_cls: 0.0765, acc: 96.8594, loss_bbox: 0.1525, loss: 0.3003
2020-11-18 05:57:29,725 - mmdet - INFO - Evaluating bbox...
2020-11-18 05:57:32,699 - mmdet - INFO - Epoch [2][630/630]	lr: 1.000e-02, bbox_mAP: 0.7100, bbox_mAP_50: 0.8290, bbox_mAP_75: 0.7620, bbox_mAP_s: 0.3340, bbox_mAP_m: 0.6960, bbox_mAP_l: 0.8130, bbox_mAP_copypaste: 0.710 0.829 0.762 0.334 0.696 0.813
2020-11-18 05:58:02,972 - mmdet - INFO - Epoch(train) [2][75]	loss_rpn_cls: 0.0107, loss_rpn_bbox: 0.0635, loss_cls: 0.0748, acc: 97.1693, loss_bbox: 0.1592, loss: 0.3082
2020-11-18 05:59:20,451 - mmdet - INFO - Epoch [3][100/630]	lr: 1.000e-02, eta: 0:13:54, time: 0.773, data_time: 0.034, memory: 11907, loss_rpn_cls: 0.0144, loss_rpn_bbox: 0.0621, loss_cls: 0.0887, acc: 96.4912, loss_bbox: 0.1569, loss: 0.3221
2020-11-18 06:00:34,783 - mmdet - INFO - Epoch [3][200/630]	lr: 1.000e-02, eta: 0:12:44, time: 0.743, data_time: 0.012, memory: 11907, loss_rpn_cls: 0.0126, loss_rpn_bbox: 0.0622, loss_cls: 0.0816, acc: 96.7051, loss_bbox: 0.1624, loss: 0.3188
2020-11-18 06:01:49,345 - mmdet - INFO - Epoch [3][300/630]	lr: 1.000e-02, eta: 0:11:33, time: 0.746, data_time: 0.012, memory: 11907, loss_rpn_cls: 0.0074, loss_rpn_bbox: 0.0569, loss_cls: 0.0676, acc: 97.2568, loss_bbox: 0.1448, loss: 0.2767
2020-11-18 06:03:04,301 - mmdet - INFO - Epoch [3][400/630]	lr: 1.000e-02, eta: 0:10:22, time: 0.750, data_time: 0.012, memory: 11907, loss_rpn_cls: 0.0105, loss_rpn_bbox: 0.0577, loss_cls: 0.0748, acc: 96.9268, loss_bbox: 0.1488, loss: 0.2917
2020-11-18 06:04:18,940 - mmdet - INFO - Epoch [3][500/630]	lr: 1.000e-02, eta: 0:09:11, time: 0.746, data_time: 0.012, memory: 11907, loss_rpn_cls: 0.0088, loss_rpn_bbox: 0.0578, loss_cls: 0.0777, acc: 96.7334, loss_bbox: 0.1579, loss: 0.3022
2020-11-18 06:05:33,394 - mmdet - INFO - Epoch [3][600/630]	lr: 1.000e-02, eta: 0:07:59, time: 0.745, data_time: 0.012, memory: 11907, loss_rpn_cls: 0.0120, loss_rpn_bbox: 0.0572, loss_cls: 0.0753, acc: 96.8018, loss_bbox: 0.1437, loss: 0.2882
2020-11-18 06:06:20,117 - mmdet - INFO - Evaluating bbox...
2020-11-18 06:06:22,715 - mmdet - INFO - Epoch [3][630/630]	lr: 1.000e-02, bbox_mAP: 0.7130, bbox_mAP_50: 0.8310, bbox_mAP_75: 0.7700, bbox_mAP_s: 0.3280, bbox_mAP_m: 0.7110, bbox_mAP_l: 0.8230, bbox_mAP_copypaste: 0.713 0.831 0.770 0.328 0.711 0.823
2020-11-18 06:07:39,400 - mmdet - INFO - Epoch [4][100/630]	lr: 1.000e-02, eta: 0:06:20, time: 0.765, data_time: 0.034, memory: 11907, loss_rpn_cls: 0.0092, loss_rpn_bbox: 0.0548, loss_cls: 0.0721, acc: 97.1787, loss_bbox: 0.1413, loss: 0.2774
2020-11-18 06:08:54,174 - mmdet - INFO - Epoch [4][200/630]	lr: 1.000e-02, eta: 0:05:09, time: 0.748, data_time: 0.012, memory: 11907, loss_rpn_cls: 0.0112, loss_rpn_bbox: 0.0644, loss_cls: 0.0810, acc: 96.7051, loss_bbox: 0.1623, loss: 0.3189
2020-11-18 06:10:08,977 - mmdet - INFO - Epoch [4][300/630]	lr: 1.000e-02, eta: 0:03:57, time: 0.748, data_time: 0.012, memory: 11907, loss_rpn_cls: 0.0086, loss_rpn_bbox: 0.0601, loss_cls: 0.0772, acc: 96.7246, loss_bbox: 0.1513, loss: 0.2971
2020-11-18 06:11:23,292 - mmdet - INFO - Epoch [4][400/630]	lr: 1.000e-02, eta: 0:02:45, time: 0.743, data_time: 0.012, memory: 11907, loss_rpn_cls: 0.0078, loss_rpn_bbox: 0.0532, loss_cls: 0.0682, acc: 97.1914, loss_bbox: 0.1479, loss: 0.2771
2020-11-18 06:12:38,097 - mmdet - INFO - Epoch [4][500/630]	lr: 1.000e-02, eta: 0:01:33, time: 0.748, data_time: 0.012, memory: 11907, loss_rpn_cls: 0.0109, loss_rpn_bbox: 0.0601, loss_cls: 0.0753, acc: 96.9883, loss_bbox: 0.1485, loss: 0.2948
2020-11-18 06:13:52,315 - mmdet - INFO - Epoch [4][600/630]	lr: 1.000e-02, eta: 0:00:21, time: 0.742, data_time: 0.012, memory: 11907, loss_rpn_cls: 0.0100, loss_rpn_bbox: 0.0573, loss_cls: 0.0710, acc: 97.1201, loss_bbox: 0.1443, loss: 0.2825
2020-11-18 06:14:14,500 - mmdet - INFO - Saving checkpoint at 4 epochs
2020-11-18 06:14:40,195 - mmdet - INFO - Evaluating bbox...
2020-11-18 06:14:43,598 - mmdet - INFO - Epoch [4][630/630]	lr: 1.000e-02, bbox_mAP: 0.6670, bbox_mAP_50: 0.7830, bbox_mAP_75: 0.7140, bbox_mAP_s: 0.2650, bbox_mAP_m: 0.6510, bbox_mAP_l: 0.7710, bbox_mAP_copypaste: 0.667 0.783 0.714 0.265 0.651 0.771
2020-11-18 06:15:14,052 - mmdet - INFO - Epoch(train) [4][75]	loss_rpn_cls: 0.0252, loss_rpn_bbox: 0.0696, loss_cls: 0.0956, acc: 96.2982, loss_bbox: 0.1621, loss: 0.3524
