2020-11-23 09:34:33,531 - mmdet - INFO - Environment info:
------------------------------------------------------------
sys.platform: linux
Python: 3.6.4 |Anaconda, Inc.| (default, Jan 16 2018, 18:10:19) [GCC 7.2.0]
CUDA available: True
CUDA_HOME: /usr/local/cuda
NVCC: Cuda compilation tools, release 10.0, V10.0.130
GPU 0: Tesla P100-PCIE-16GB
GCC: gcc (GCC) 5.3.0
PyTorch: 1.3.1+cu100
PyTorch compiling details: PyTorch built with:
  - GCC 7.3
  - Intel(R) Math Kernel Library Version 2019.0.4 Product Build 20190411 for Intel(R) 64 architecture applications
  - Intel(R) MKL-DNN v0.20.5 (Git Hash 0125f28c61c1f822fd48570b4c1066f96fcb9b2e)
  - OpenMP 201511 (a.k.a. OpenMP 4.5)
  - NNPACK is enabled
  - CUDA Runtime 10.0
  - NVCC architecture flags: -gencode;arch=compute_37,code=sm_37;-gencode;arch=compute_50,code=sm_50;-gencode;arch=compute_60,code=sm_60;-gencode;arch=compute_61,code=sm_61;-gencode;arch=compute_70,code=sm_70;-gencode;arch=compute_75,code=sm_75;-gencode;arch=compute_37,code=compute_37
  - CuDNN 7.6.3
  - Magma 2.5.1
  - Build settings: BLAS=MKL, BUILD_NAMEDTENSOR=OFF, BUILD_TYPE=Release, CXX_FLAGS= -Wno-deprecated -fvisibility-inlines-hidden -fopenmp -DUSE_FBGEMM -DUSE_QNNPACK -DUSE_PYTORCH_QNNPACK -O2 -fPIC -Wno-narrowing -Wall -Wextra -Wno-missing-field-initializers -Wno-type-limits -Wno-array-bounds -Wno-unknown-pragmas -Wno-sign-compare -Wno-unused-parameter -Wno-unused-variable -Wno-unused-function -Wno-unused-result -Wno-strict-overflow -Wno-strict-aliasing -Wno-error=deprecated-declarations -Wno-stringop-overflow -Wno-error=pedantic -Wno-error=redundant-decls -Wno-error=old-style-cast -fdiagnostics-color=always -faligned-new -Wno-unused-but-set-variable -Wno-maybe-uninitialized -fno-math-errno -fno-trapping-math -Wno-stringop-overflow, DISABLE_NUMA=1, PERF_WITH_AVX=1, PERF_WITH_AVX2=1, PERF_WITH_AVX512=1, USE_CUDA=True, USE_EXCEPTION_PTR=1, USE_GFLAGS=OFF, USE_GLOG=OFF, USE_MKL=ON, USE_MKLDNN=ON, USE_MPI=OFF, USE_NCCL=ON, USE_NNPACK=ON, USE_OPENMP=ON, USE_STATIC_DISPATCH=OFF, 

TorchVision: 0.4.2+cu100
OpenCV: 4.4.0
MMCV: 1.0.5
MMDetection: 2.3.0+788fa8d
MMDetection Compiler: GCC 7.3
MMDetection CUDA Compiler: 10.0
------------------------------------------------------------

2020-11-23 09:34:33,532 - mmdet - INFO - Distributed training: False
2020-11-23 09:34:33,925 - mmdet - INFO - Config:
model = dict(
    type='FasterRCNN',
    pretrained='torchvision://resnet50',
    backbone=dict(
        type='ResNet',
        depth=50,
        num_stages=4,
        out_indices=(0, 1, 2, 3),
        frozen_stages=1,
        norm_cfg=dict(type='BN', requires_grad=True),
        norm_eval=True,
        style='pytorch'),
    neck=dict(
        type='FPN',
        in_channels=[256, 512, 1024, 2048],
        out_channels=256,
        num_outs=5),
    rpn_head=dict(
        type='RPNHead',
        in_channels=256,
        feat_channels=256,
        anchor_generator=dict(
            type='AnchorGenerator',
            scales=[8],
            ratios=[0.5, 1.0, 2.0],
            strides=[4, 8, 16, 32, 64]),
        bbox_coder=dict(
            type='DeltaXYWHBBoxCoder',
            target_means=[0.0, 0.0, 0.0, 0.0],
            target_stds=[1.0, 1.0, 1.0, 1.0]),
        loss_cls=dict(
            type='CrossEntropyLoss', use_sigmoid=True, loss_weight=1.0),
        loss_bbox=dict(type='L1Loss', loss_weight=1.0)),
    roi_head=dict(
        type='StandardRoIHead',
        bbox_roi_extractor=dict(
            type='SingleRoIExtractor',
            roi_layer=dict(type='RoIAlign', output_size=7, sampling_ratio=0),
            out_channels=256,
            featmap_strides=[4, 8, 16, 32]),
        bbox_head=dict(
            type='Shared2FCBBoxHead',
            in_channels=256,
            fc_out_channels=1024,
            roi_feat_size=7,
            num_classes=2,
            bbox_coder=dict(
                type='DeltaXYWHBBoxCoder',
                target_means=[0.0, 0.0, 0.0, 0.0],
                target_stds=[0.1, 0.1, 0.2, 0.2]),
            reg_class_agnostic=False,
            loss_cls=dict(
                type='CrossEntropyLoss', use_sigmoid=False, loss_weight=1.0),
            loss_bbox=dict(type='L1Loss', loss_weight=1.0))))
train_cfg = dict(
    rpn=dict(
        assigner=dict(
            type='MaxIoUAssigner',
            pos_iou_thr=0.7,
            neg_iou_thr=0.3,
            min_pos_iou=0.3,
            match_low_quality=True,
            ignore_iof_thr=-1),
        sampler=dict(
            type='RandomSampler',
            num=256,
            pos_fraction=0.5,
            neg_pos_ub=-1,
            add_gt_as_proposals=False),
        allowed_border=-1,
        pos_weight=-1,
        debug=False),
    rpn_proposal=dict(
        nms_across_levels=False,
        nms_pre=2000,
        nms_post=1000,
        max_num=1000,
        nms_thr=0.7,
        min_bbox_size=0),
    rcnn=dict(
        assigner=dict(
            type='MaxIoUAssigner',
            pos_iou_thr=0.5,
            neg_iou_thr=0.5,
            min_pos_iou=0.5,
            match_low_quality=False,
            ignore_iof_thr=-1),
        sampler=dict(
            type='RandomSampler',
            num=512,
            pos_fraction=0.25,
            neg_pos_ub=-1,
            add_gt_as_proposals=True),
        pos_weight=-1,
        debug=False))
test_cfg = dict(
    rpn=dict(
        nms_across_levels=False,
        nms_pre=1000,
        nms_post=1000,
        max_num=1000,
        nms_thr=0.7,
        min_bbox_size=0),
    rcnn=dict(
        score_thr=0.05,
        nms=dict(type='nms', iou_threshold=0.5),
        max_per_img=100))
dataset_type = 'CocoDataset'
data_root = 'data/coco/'
img_norm_cfg = dict(
    mean=[123.675, 116.28, 103.53], std=[58.395, 57.12, 57.375], to_rgb=True)
train_pipeline = [
    dict(type='LoadImageFromFile'),
    dict(type='LoadAnnotations', with_bbox=True),
    dict(type='Resize', img_scale=(1550, 1550), keep_ratio=True),
    dict(type='RandomFlip', flip_ratio=0.5),
    dict(
        type='Normalize',
        mean=[123.675, 116.28, 103.53],
        std=[58.395, 57.12, 57.375],
        to_rgb=True),
    dict(type='Pad', size_divisor=32),
    dict(type='DefaultFormatBundle'),
    dict(type='Collect', keys=['img', 'gt_bboxes', 'gt_labels'])
]
test_pipeline = [
    dict(type='LoadImageFromFile'),
    dict(
        type='MultiScaleFlipAug',
        img_scale=(1550, 1550),
        flip=False,
        transforms=[
            dict(type='Resize', keep_ratio=True),
            dict(type='RandomFlip'),
            dict(
                type='Normalize',
                mean=[123.675, 116.28, 103.53],
                std=[58.395, 57.12, 57.375],
                to_rgb=True),
            dict(type='Pad', size_divisor=32),
            dict(type='ImageToTensor', keys=['img']),
            dict(type='Collect', keys=['img'])
        ])
]
data = dict(
    samples_per_gpu=2,
    workers_per_gpu=2,
    train=dict(
        type='CocoDataset',
        ann_file='data/coco/annotations/annotations_trai.json',
        img_prefix='data/coco/img/',
        pipeline=[
            dict(type='LoadImageFromFile'),
            dict(type='LoadAnnotations', with_bbox=True),
            dict(type='Resize', img_scale=(1550, 1550), keep_ratio=True),
            dict(type='RandomFlip', flip_ratio=0.5),
            dict(
                type='Normalize',
                mean=[123.675, 116.28, 103.53],
                std=[58.395, 57.12, 57.375],
                to_rgb=True),
            dict(type='Pad', size_divisor=32),
            dict(type='DefaultFormatBundle'),
            dict(type='Collect', keys=['img', 'gt_bboxes', 'gt_labels'])
        ]),
    val=dict(
        type='CocoDataset',
        ann_file='data/coco/annotations/annotations_test.json',
        img_prefix='data/coco/img/',
        pipeline=[
            dict(type='LoadImageFromFile'),
            dict(
                type='MultiScaleFlipAug',
                img_scale=(1550, 1550),
                flip=False,
                transforms=[
                    dict(type='Resize', keep_ratio=True),
                    dict(type='RandomFlip'),
                    dict(
                        type='Normalize',
                        mean=[123.675, 116.28, 103.53],
                        std=[58.395, 57.12, 57.375],
                        to_rgb=True),
                    dict(type='Pad', size_divisor=32),
                    dict(type='ImageToTensor', keys=['img']),
                    dict(type='Collect', keys=['img'])
                ])
        ]),
    test=dict(
        type='CocoDataset',
        ann_file='data/coco/annotations/annotations_vals.json',
        img_prefix='data/coco/img/',
        pipeline=[
            dict(type='LoadImageFromFile'),
            dict(
                type='MultiScaleFlipAug',
                img_scale=(1550, 1550),
                flip=False,
                transforms=[
                    dict(type='Resize', keep_ratio=True),
                    dict(type='RandomFlip'),
                    dict(
                        type='Normalize',
                        mean=[123.675, 116.28, 103.53],
                        std=[58.395, 57.12, 57.375],
                        to_rgb=True),
                    dict(type='Pad', size_divisor=32),
                    dict(type='ImageToTensor', keys=['img']),
                    dict(type='Collect', keys=['img'])
                ])
        ]))
evaluation = dict(interval=1, metric='bbox')
optimizer = dict(type='SGD', lr=0.01, momentum=0.9, weight_decay=0.0001)
optimizer_config = dict(grad_clip=None)
lr_config = dict(
    policy='step',
    warmup='linear',
    warmup_iters=500,
    warmup_ratio=0.001,
    step=[8, 11])
total_epochs = 4
checkpoint_config = dict(interval=4)
log_config = dict(interval=100, hooks=[dict(type='TextLoggerHook')])
dist_params = dict(backend='nccl')
log_level = 'INFO'
load_from = '/home/admin/.cache/torch/checkpoints/X.pth'
resume_from = None
workflow = [('train', 2), ('val', 1)]
work_dir = '/home/admin/jupyter/SecurityAI_Round5/data/work'
gpu_ids = range(0, 1)

2020-11-23 09:34:34,445 - mmdet - INFO - load model from: torchvision://resnet50
2020-11-23 09:34:42,114 - mmdet - WARNING - The model and loaded state dict do not match exactly

unexpected key in source state_dict: fc.weight, fc.bias

2020-11-23 09:34:52,281 - mmdet - INFO - load checkpoint from /home/admin/.cache/torch/checkpoints/X.pth
2020-11-23 09:34:58,776 - mmdet - INFO - Start running, host: admin@fuxilabor_labor0_S4_Odps_S96_dsw_prepaid_cnsh_838_2020112301033, work_dir: /home/admin/jupyter/SecurityAI_Round5/data/work
2020-11-23 09:34:58,776 - mmdet - INFO - workflow: [('train', 2), ('val', 1)], max: 4 epochs
2020-11-23 09:36:16,469 - mmdet - INFO - Epoch [1][100/624]	lr: 1.988e-03, eta: 0:30:56, time: 0.775, data_time: 0.034, memory: 8703, loss_rpn_cls: 0.0032, loss_rpn_bbox: 0.0288, loss_cls: 0.0336, acc: 98.6807, loss_bbox: 0.0720, loss: 0.1376
2020-11-23 09:37:31,495 - mmdet - INFO - Epoch [1][200/624]	lr: 3.986e-03, eta: 0:29:10, time: 0.750, data_time: 0.012, memory: 9822, loss_rpn_cls: 0.0024, loss_rpn_bbox: 0.0259, loss_cls: 0.0297, acc: 98.6934, loss_bbox: 0.0682, loss: 0.1261
2020-11-23 09:38:46,782 - mmdet - INFO - Epoch [1][300/624]	lr: 5.984e-03, eta: 0:27:47, time: 0.753, data_time: 0.012, memory: 9822, loss_rpn_cls: 0.0023, loss_rpn_bbox: 0.0258, loss_cls: 0.0274, acc: 98.8223, loss_bbox: 0.0696, loss: 0.1252
2020-11-23 09:40:01,767 - mmdet - INFO - Epoch [1][400/624]	lr: 7.982e-03, eta: 0:26:26, time: 0.750, data_time: 0.012, memory: 9822, loss_rpn_cls: 0.0026, loss_rpn_bbox: 0.0274, loss_cls: 0.0323, acc: 98.6436, loss_bbox: 0.0668, loss: 0.1291
2020-11-23 09:41:16,937 - mmdet - INFO - Epoch [1][500/624]	lr: 9.980e-03, eta: 0:25:08, time: 0.752, data_time: 0.012, memory: 9822, loss_rpn_cls: 0.0020, loss_rpn_bbox: 0.0310, loss_cls: 0.0289, acc: 98.7627, loss_bbox: 0.0692, loss: 0.1311
2020-11-23 09:42:32,120 - mmdet - INFO - Epoch [1][600/624]	lr: 1.000e-02, eta: 0:23:51, time: 0.752, data_time: 0.012, memory: 9968, loss_rpn_cls: 0.0022, loss_rpn_bbox: 0.0311, loss_cls: 0.0303, acc: 98.7178, loss_bbox: 0.0731, loss: 0.1367
2020-11-23 09:43:15,796 - mmdet - INFO - Evaluating bbox...
2020-11-23 09:43:18,710 - mmdet - INFO - Epoch [1][624/624]	lr: 1.000e-02, bbox_mAP: 0.8150, bbox_mAP_50: 0.8660, bbox_mAP_75: 0.8610, bbox_mAP_s: 0.5100, bbox_mAP_m: 0.8570, bbox_mAP_l: 0.9110, bbox_mAP_copypaste: 0.815 0.866 0.861 0.510 0.857 0.911
2020-11-23 09:44:35,992 - mmdet - INFO - Epoch [2][100/624]	lr: 1.000e-02, eta: 0:21:37, time: 0.771, data_time: 0.033, memory: 9968, loss_rpn_cls: 0.0027, loss_rpn_bbox: 0.0317, loss_cls: 0.0345, acc: 98.4648, loss_bbox: 0.0719, loss: 0.1407
2020-11-23 09:45:51,006 - mmdet - INFO - Epoch [2][200/624]	lr: 1.000e-02, eta: 0:20:28, time: 0.750, data_time: 0.012, memory: 9968, loss_rpn_cls: 0.0024, loss_rpn_bbox: 0.0317, loss_cls: 0.0333, acc: 98.5566, loss_bbox: 0.0758, loss: 0.1432
2020-11-23 09:47:05,816 - mmdet - INFO - Epoch [2][300/624]	lr: 1.000e-02, eta: 0:19:16, time: 0.748, data_time: 0.012, memory: 9968, loss_rpn_cls: 0.0029, loss_rpn_bbox: 0.0305, loss_cls: 0.0326, acc: 98.6484, loss_bbox: 0.0719, loss: 0.1379
2020-11-23 09:48:20,755 - mmdet - INFO - Epoch [2][400/624]	lr: 1.000e-02, eta: 0:18:05, time: 0.749, data_time: 0.012, memory: 9968, loss_rpn_cls: 0.0023, loss_rpn_bbox: 0.0312, loss_cls: 0.0282, acc: 98.8496, loss_bbox: 0.0735, loss: 0.1351
2020-11-23 09:49:35,812 - mmdet - INFO - Epoch [2][500/624]	lr: 1.000e-02, eta: 0:16:53, time: 0.751, data_time: 0.012, memory: 9968, loss_rpn_cls: 0.0023, loss_rpn_bbox: 0.0317, loss_cls: 0.0323, acc: 98.6016, loss_bbox: 0.0735, loss: 0.1398
2020-11-23 09:50:51,069 - mmdet - INFO - Epoch [2][600/624]	lr: 1.000e-02, eta: 0:15:40, time: 0.753, data_time: 0.012, memory: 9968, loss_rpn_cls: 0.0020, loss_rpn_bbox: 0.0303, loss_cls: 0.0267, acc: 98.9141, loss_bbox: 0.0684, loss: 0.1275
2020-11-23 09:51:34,699 - mmdet - INFO - Evaluating bbox...
2020-11-23 09:51:37,633 - mmdet - INFO - Epoch [2][624/624]	lr: 1.000e-02, bbox_mAP: 0.8180, bbox_mAP_50: 0.8710, bbox_mAP_75: 0.8610, bbox_mAP_s: 0.5150, bbox_mAP_m: 0.8560, bbox_mAP_l: 0.9130, bbox_mAP_copypaste: 0.818 0.871 0.861 0.515 0.856 0.913
2020-11-23 09:52:09,749 - mmdet - INFO - Epoch(train) [2][80]	loss_rpn_cls: 0.0028, loss_rpn_bbox: 0.0320, loss_cls: 0.0271, acc: 98.8330, loss_bbox: 0.0731, loss: 0.1350
2020-11-23 09:53:27,276 - mmdet - INFO - Epoch [3][100/624]	lr: 1.000e-02, eta: 0:13:56, time: 0.773, data_time: 0.034, memory: 9968, loss_rpn_cls: 0.0020, loss_rpn_bbox: 0.0333, loss_cls: 0.0291, acc: 98.7217, loss_bbox: 0.0721, loss: 0.1366
2020-11-23 09:54:42,151 - mmdet - INFO - Epoch [3][200/624]	lr: 1.000e-02, eta: 0:12:45, time: 0.749, data_time: 0.012, memory: 9968, loss_rpn_cls: 0.0026, loss_rpn_bbox: 0.0306, loss_cls: 0.0342, acc: 98.4990, loss_bbox: 0.0711, loss: 0.1384
2020-11-23 09:55:57,401 - mmdet - INFO - Epoch [3][300/624]	lr: 1.000e-02, eta: 0:11:33, time: 0.752, data_time: 0.012, memory: 9968, loss_rpn_cls: 0.0023, loss_rpn_bbox: 0.0317, loss_cls: 0.0329, acc: 98.5977, loss_bbox: 0.0781, loss: 0.1449
2020-11-23 09:57:12,323 - mmdet - INFO - Epoch [3][400/624]	lr: 1.000e-02, eta: 0:10:21, time: 0.749, data_time: 0.012, memory: 9968, loss_rpn_cls: 0.0031, loss_rpn_bbox: 0.0337, loss_cls: 0.0342, acc: 98.5479, loss_bbox: 0.0767, loss: 0.1477
2020-11-23 09:58:27,374 - mmdet - INFO - Epoch [3][500/624]	lr: 1.000e-02, eta: 0:09:08, time: 0.751, data_time: 0.012, memory: 9968, loss_rpn_cls: 0.0028, loss_rpn_bbox: 0.0301, loss_cls: 0.0319, acc: 98.6904, loss_bbox: 0.0766, loss: 0.1414
2020-11-23 09:59:42,471 - mmdet - INFO - Epoch [3][600/624]	lr: 1.000e-02, eta: 0:07:56, time: 0.751, data_time: 0.012, memory: 9968, loss_rpn_cls: 0.0016, loss_rpn_bbox: 0.0321, loss_cls: 0.0262, acc: 98.9385, loss_bbox: 0.0725, loss: 0.1324
2020-11-23 10:00:25,980 - mmdet - INFO - Evaluating bbox...
2020-11-23 10:00:28,912 - mmdet - INFO - Epoch [3][624/624]	lr: 1.000e-02, bbox_mAP: 0.8160, bbox_mAP_50: 0.8710, bbox_mAP_75: 0.8600, bbox_mAP_s: 0.5020, bbox_mAP_m: 0.8580, bbox_mAP_l: 0.9080, bbox_mAP_copypaste: 0.816 0.871 0.860 0.502 0.858 0.908
2020-11-23 10:01:46,996 - mmdet - INFO - Epoch [4][100/624]	lr: 1.000e-02, eta: 0:06:21, time: 0.779, data_time: 0.034, memory: 9968, loss_rpn_cls: 0.0027, loss_rpn_bbox: 0.0312, loss_cls: 0.0273, acc: 98.8906, loss_bbox: 0.0724, loss: 0.1335
2020-11-23 10:03:02,019 - mmdet - INFO - Epoch [4][200/624]	lr: 1.000e-02, eta: 0:05:09, time: 0.750, data_time: 0.012, memory: 9968, loss_rpn_cls: 0.0028, loss_rpn_bbox: 0.0320, loss_cls: 0.0317, acc: 98.7158, loss_bbox: 0.0777, loss: 0.1442
2020-11-23 10:04:16,942 - mmdet - INFO - Epoch [4][300/624]	lr: 1.000e-02, eta: 0:03:56, time: 0.749, data_time: 0.012, memory: 9968, loss_rpn_cls: 0.0029, loss_rpn_bbox: 0.0333, loss_cls: 0.0348, acc: 98.5000, loss_bbox: 0.0797, loss: 0.1507
2020-11-23 10:05:31,729 - mmdet - INFO - Epoch [4][400/624]	lr: 1.000e-02, eta: 0:02:43, time: 0.748, data_time: 0.012, memory: 9968, loss_rpn_cls: 0.0025, loss_rpn_bbox: 0.0307, loss_cls: 0.0313, acc: 98.6396, loss_bbox: 0.0723, loss: 0.1368
2020-11-23 10:06:46,926 - mmdet - INFO - Epoch [4][500/624]	lr: 1.000e-02, eta: 0:01:30, time: 0.752, data_time: 0.012, memory: 9968, loss_rpn_cls: 0.0026, loss_rpn_bbox: 0.0343, loss_cls: 0.0332, acc: 98.6436, loss_bbox: 0.0764, loss: 0.1465
2020-11-23 10:08:01,806 - mmdet - INFO - Epoch [4][600/624]	lr: 1.000e-02, eta: 0:00:17, time: 0.749, data_time: 0.012, memory: 9968, loss_rpn_cls: 0.0020, loss_rpn_bbox: 0.0304, loss_cls: 0.0344, acc: 98.4668, loss_bbox: 0.0730, loss: 0.1397
2020-11-23 10:08:19,651 - mmdet - INFO - Saving checkpoint at 4 epochs
2020-11-23 10:08:47,152 - mmdet - INFO - Evaluating bbox...
2020-11-23 10:08:50,064 - mmdet - INFO - Epoch [4][624/624]	lr: 1.000e-02, bbox_mAP: 0.8120, bbox_mAP_50: 0.8660, bbox_mAP_75: 0.8600, bbox_mAP_s: 0.5030, bbox_mAP_m: 0.8550, bbox_mAP_l: 0.9090, bbox_mAP_copypaste: 0.812 0.866 0.860 0.503 0.855 0.909
2020-11-23 10:09:22,279 - mmdet - INFO - Epoch(train) [4][80]	loss_rpn_cls: 0.0022, loss_rpn_bbox: 0.0321, loss_cls: 0.0323, acc: 98.6414, loss_bbox: 0.0733, loss: 0.1399
