2020-11-22 04:49:40,069 - mmdet - INFO - Environment info:
------------------------------------------------------------
sys.platform: linux
Python: 3.6.4 |Anaconda, Inc.| (default, Jan 16 2018, 18:10:19) [GCC 7.2.0]
CUDA available: True
CUDA_HOME: /usr/local/cuda
NVCC: Cuda compilation tools, release 10.0, V10.0.130
GPU 0: Tesla P100-PCIE-16GB
GCC: gcc (GCC) 5.3.0
PyTorch: 1.3.1+cu100
PyTorch compiling details: PyTorch built with:
  - GCC 7.3
  - Intel(R) Math Kernel Library Version 2019.0.4 Product Build 20190411 for Intel(R) 64 architecture applications
  - Intel(R) MKL-DNN v0.20.5 (Git Hash 0125f28c61c1f822fd48570b4c1066f96fcb9b2e)
  - OpenMP 201511 (a.k.a. OpenMP 4.5)
  - NNPACK is enabled
  - CUDA Runtime 10.0
  - NVCC architecture flags: -gencode;arch=compute_37,code=sm_37;-gencode;arch=compute_50,code=sm_50;-gencode;arch=compute_60,code=sm_60;-gencode;arch=compute_61,code=sm_61;-gencode;arch=compute_70,code=sm_70;-gencode;arch=compute_75,code=sm_75;-gencode;arch=compute_37,code=compute_37
  - CuDNN 7.6.3
  - Magma 2.5.1
  - Build settings: BLAS=MKL, BUILD_NAMEDTENSOR=OFF, BUILD_TYPE=Release, CXX_FLAGS= -Wno-deprecated -fvisibility-inlines-hidden -fopenmp -DUSE_FBGEMM -DUSE_QNNPACK -DUSE_PYTORCH_QNNPACK -O2 -fPIC -Wno-narrowing -Wall -Wextra -Wno-missing-field-initializers -Wno-type-limits -Wno-array-bounds -Wno-unknown-pragmas -Wno-sign-compare -Wno-unused-parameter -Wno-unused-variable -Wno-unused-function -Wno-unused-result -Wno-strict-overflow -Wno-strict-aliasing -Wno-error=deprecated-declarations -Wno-stringop-overflow -Wno-error=pedantic -Wno-error=redundant-decls -Wno-error=old-style-cast -fdiagnostics-color=always -faligned-new -Wno-unused-but-set-variable -Wno-maybe-uninitialized -fno-math-errno -fno-trapping-math -Wno-stringop-overflow, DISABLE_NUMA=1, PERF_WITH_AVX=1, PERF_WITH_AVX2=1, PERF_WITH_AVX512=1, USE_CUDA=True, USE_EXCEPTION_PTR=1, USE_GFLAGS=OFF, USE_GLOG=OFF, USE_MKL=ON, USE_MKLDNN=ON, USE_MPI=OFF, USE_NCCL=ON, USE_NNPACK=ON, USE_OPENMP=ON, USE_STATIC_DISPATCH=OFF, 

TorchVision: 0.4.2+cu100
OpenCV: 4.4.0
MMCV: 1.0.5
MMDetection: 2.3.0+788fa8d
MMDetection Compiler: GCC 7.3
MMDetection CUDA Compiler: 10.0
------------------------------------------------------------

2020-11-22 04:49:40,070 - mmdet - INFO - Distributed training: False
2020-11-22 04:49:40,456 - mmdet - INFO - Config:
model = dict(
    type='FasterRCNN',
    pretrained='torchvision://resnet50',
    backbone=dict(
        type='ResNet',
        depth=50,
        num_stages=4,
        out_indices=(0, 1, 2, 3),
        frozen_stages=1,
        norm_cfg=dict(type='BN', requires_grad=True),
        norm_eval=True,
        style='pytorch'),
    neck=dict(
        type='FPN',
        in_channels=[256, 512, 1024, 2048],
        out_channels=256,
        num_outs=5),
    rpn_head=dict(
        type='RPNHead',
        in_channels=256,
        feat_channels=256,
        anchor_generator=dict(
            type='AnchorGenerator',
            scales=[8],
            ratios=[0.5, 1.0, 2.0],
            strides=[4, 8, 16, 32, 64]),
        bbox_coder=dict(
            type='DeltaXYWHBBoxCoder',
            target_means=[0.0, 0.0, 0.0, 0.0],
            target_stds=[1.0, 1.0, 1.0, 1.0]),
        loss_cls=dict(
            type='CrossEntropyLoss', use_sigmoid=True, loss_weight=1.0),
        loss_bbox=dict(type='L1Loss', loss_weight=1.0)),
    roi_head=dict(
        type='StandardRoIHead',
        bbox_roi_extractor=dict(
            type='SingleRoIExtractor',
            roi_layer=dict(type='RoIAlign', output_size=7, sampling_ratio=0),
            out_channels=256,
            featmap_strides=[4, 8, 16, 32]),
        bbox_head=dict(
            type='Shared2FCBBoxHead',
            in_channels=256,
            fc_out_channels=1024,
            roi_feat_size=7,
            num_classes=2,
            bbox_coder=dict(
                type='DeltaXYWHBBoxCoder',
                target_means=[0.0, 0.0, 0.0, 0.0],
                target_stds=[0.1, 0.1, 0.2, 0.2]),
            reg_class_agnostic=False,
            loss_cls=dict(
                type='CrossEntropyLoss', use_sigmoid=False, loss_weight=1.0),
            loss_bbox=dict(type='L1Loss', loss_weight=1.0))))
train_cfg = dict(
    rpn=dict(
        assigner=dict(
            type='MaxIoUAssigner',
            pos_iou_thr=0.7,
            neg_iou_thr=0.3,
            min_pos_iou=0.3,
            match_low_quality=True,
            ignore_iof_thr=-1),
        sampler=dict(
            type='RandomSampler',
            num=256,
            pos_fraction=0.5,
            neg_pos_ub=-1,
            add_gt_as_proposals=False),
        allowed_border=-1,
        pos_weight=-1,
        debug=False),
    rpn_proposal=dict(
        nms_across_levels=False,
        nms_pre=2000,
        nms_post=1000,
        max_num=1000,
        nms_thr=0.7,
        min_bbox_size=0),
    rcnn=dict(
        assigner=dict(
            type='MaxIoUAssigner',
            pos_iou_thr=0.5,
            neg_iou_thr=0.5,
            min_pos_iou=0.5,
            match_low_quality=False,
            ignore_iof_thr=-1),
        sampler=dict(
            type='RandomSampler',
            num=512,
            pos_fraction=0.25,
            neg_pos_ub=-1,
            add_gt_as_proposals=True),
        pos_weight=-1,
        debug=False))
test_cfg = dict(
    rpn=dict(
        nms_across_levels=False,
        nms_pre=1000,
        nms_post=1000,
        max_num=1000,
        nms_thr=0.7,
        min_bbox_size=0),
    rcnn=dict(
        score_thr=0.05,
        nms=dict(type='nms', iou_threshold=0.5),
        max_per_img=100))
dataset_type = 'CocoDataset'
data_root = 'data/coco/'
img_norm_cfg = dict(
    mean=[123.675, 116.28, 103.53], std=[58.395, 57.12, 57.375], to_rgb=True)
train_pipeline = [
    dict(type='LoadImageFromFile'),
    dict(type='LoadAnnotations', with_bbox=True),
    dict(type='Resize', img_scale=(1550, 1550), keep_ratio=True),
    dict(type='RandomFlip', flip_ratio=0.5),
    dict(
        type='Normalize',
        mean=[123.675, 116.28, 103.53],
        std=[58.395, 57.12, 57.375],
        to_rgb=True),
    dict(type='Pad', size_divisor=32),
    dict(type='DefaultFormatBundle'),
    dict(type='Collect', keys=['img', 'gt_bboxes', 'gt_labels'])
]
test_pipeline = [
    dict(type='LoadImageFromFile'),
    dict(
        type='MultiScaleFlipAug',
        img_scale=(1550, 1550),
        flip=False,
        transforms=[
            dict(type='Resize', keep_ratio=True),
            dict(type='RandomFlip'),
            dict(
                type='Normalize',
                mean=[123.675, 116.28, 103.53],
                std=[58.395, 57.12, 57.375],
                to_rgb=True),
            dict(type='Pad', size_divisor=32),
            dict(type='ImageToTensor', keys=['img']),
            dict(type='Collect', keys=['img'])
        ])
]
data = dict(
    samples_per_gpu=2,
    workers_per_gpu=2,
    train=dict(
        type='CocoDataset',
        ann_file='data/coco/annotations/annotations_trai.json',
        img_prefix='data/coco/img/',
        pipeline=[
            dict(type='LoadImageFromFile'),
            dict(type='LoadAnnotations', with_bbox=True),
            dict(type='Resize', img_scale=(1550, 1550), keep_ratio=True),
            dict(type='RandomFlip', flip_ratio=0.5),
            dict(
                type='Normalize',
                mean=[123.675, 116.28, 103.53],
                std=[58.395, 57.12, 57.375],
                to_rgb=True),
            dict(type='Pad', size_divisor=32),
            dict(type='DefaultFormatBundle'),
            dict(type='Collect', keys=['img', 'gt_bboxes', 'gt_labels'])
        ]),
    val=dict(
        type='CocoDataset',
        ann_file='data/coco/annotations/annotations_test.json',
        img_prefix='data/coco/img/',
        pipeline=[
            dict(type='LoadImageFromFile'),
            dict(
                type='MultiScaleFlipAug',
                img_scale=(1550, 1550),
                flip=False,
                transforms=[
                    dict(type='Resize', keep_ratio=True),
                    dict(type='RandomFlip'),
                    dict(
                        type='Normalize',
                        mean=[123.675, 116.28, 103.53],
                        std=[58.395, 57.12, 57.375],
                        to_rgb=True),
                    dict(type='Pad', size_divisor=32),
                    dict(type='ImageToTensor', keys=['img']),
                    dict(type='Collect', keys=['img'])
                ])
        ]),
    test=dict(
        type='CocoDataset',
        ann_file='data/coco/annotations/annotations_vals.json',
        img_prefix='data/coco/img/',
        pipeline=[
            dict(type='LoadImageFromFile'),
            dict(
                type='MultiScaleFlipAug',
                img_scale=(1550, 1550),
                flip=False,
                transforms=[
                    dict(type='Resize', keep_ratio=True),
                    dict(type='RandomFlip'),
                    dict(
                        type='Normalize',
                        mean=[123.675, 116.28, 103.53],
                        std=[58.395, 57.12, 57.375],
                        to_rgb=True),
                    dict(type='Pad', size_divisor=32),
                    dict(type='ImageToTensor', keys=['img']),
                    dict(type='Collect', keys=['img'])
                ])
        ]))
evaluation = dict(interval=1, metric='bbox')
optimizer = dict(type='SGD', lr=0.01, momentum=0.9, weight_decay=0.0001)
optimizer_config = dict(grad_clip=None)
lr_config = dict(
    policy='step',
    warmup='linear',
    warmup_iters=500,
    warmup_ratio=0.001,
    step=[8, 11])
total_epochs = 4
checkpoint_config = dict(interval=4)
log_config = dict(interval=100, hooks=[dict(type='TextLoggerHook')])
dist_params = dict(backend='nccl')
log_level = 'INFO'
load_from = '/home/admin/.cache/torch/checkpoints/X.pth'
resume_from = None
workflow = [('train', 2), ('val', 1)]
work_dir = '/home/admin/jupyter/SecurityAI_Round5/data/work'
gpu_ids = range(0, 1)

2020-11-22 04:49:40,948 - mmdet - INFO - load model from: torchvision://resnet50
2020-11-22 04:49:48,662 - mmdet - WARNING - The model and loaded state dict do not match exactly

unexpected key in source state_dict: fc.weight, fc.bias

2020-11-22 04:49:58,938 - mmdet - INFO - load checkpoint from /home/admin/.cache/torch/checkpoints/X.pth
2020-11-22 04:50:05,533 - mmdet - INFO - Start running, host: admin@fuxilabor_labor0_S4_Odps_S96_dsw_prepaid_cnsh_838_2020112114585, work_dir: /home/admin/jupyter/SecurityAI_Round5/data/work
2020-11-22 04:50:05,533 - mmdet - INFO - workflow: [('train', 2), ('val', 1)], max: 4 epochs
2020-11-22 04:51:23,419 - mmdet - INFO - Epoch [1][100/623]	lr: 1.988e-03, eta: 0:30:58, time: 0.777, data_time: 0.033, memory: 8696, loss_rpn_cls: 0.0051, loss_rpn_bbox: 0.0319, loss_cls: 0.0389, acc: 98.3867, loss_bbox: 0.0801, loss: 0.1560
2020-11-22 04:52:38,164 - mmdet - INFO - Epoch [1][200/623]	lr: 3.986e-03, eta: 0:29:06, time: 0.747, data_time: 0.012, memory: 9841, loss_rpn_cls: 0.0021, loss_rpn_bbox: 0.0248, loss_cls: 0.0240, acc: 99.0244, loss_bbox: 0.0650, loss: 0.1159
2020-11-22 04:53:52,934 - mmdet - INFO - Epoch [1][300/623]	lr: 5.984e-03, eta: 0:27:40, time: 0.748, data_time: 0.012, memory: 9841, loss_rpn_cls: 0.0023, loss_rpn_bbox: 0.0257, loss_cls: 0.0303, acc: 98.6055, loss_bbox: 0.0669, loss: 0.1252
2020-11-22 04:55:08,101 - mmdet - INFO - Epoch [1][400/623]	lr: 7.982e-03, eta: 0:26:21, time: 0.752, data_time: 0.012, memory: 9987, loss_rpn_cls: 0.0024, loss_rpn_bbox: 0.0312, loss_cls: 0.0324, acc: 98.6582, loss_bbox: 0.0792, loss: 0.1452
2020-11-22 04:56:22,991 - mmdet - INFO - Epoch [1][500/623]	lr: 9.980e-03, eta: 0:25:02, time: 0.749, data_time: 0.012, memory: 11906, loss_rpn_cls: 0.0031, loss_rpn_bbox: 0.0298, loss_cls: 0.0345, acc: 98.5791, loss_bbox: 0.0758, loss: 0.1432
2020-11-22 04:57:37,843 - mmdet - INFO - Epoch [1][600/623]	lr: 1.000e-02, eta: 0:23:45, time: 0.749, data_time: 0.012, memory: 11906, loss_rpn_cls: 0.0029, loss_rpn_bbox: 0.0331, loss_cls: 0.0375, acc: 98.3984, loss_bbox: 0.0792, loss: 0.1526
2020-11-22 04:58:20,524 - mmdet - INFO - Evaluating bbox...
2020-11-22 04:58:21,829 - mmdet - INFO - Epoch [1][623/623]	lr: 1.000e-02, bbox_mAP: 0.8500, bbox_mAP_50: 0.9010, bbox_mAP_75: 0.9010, bbox_mAP_s: 0.6300, bbox_mAP_m: 0.9050, bbox_mAP_l: 0.9030, bbox_mAP_copypaste: 0.850 0.901 0.901 0.630 0.905 0.903
2020-11-22 04:59:39,441 - mmdet - INFO - Epoch [2][100/623]	lr: 1.000e-02, eta: 0:21:35, time: 0.774, data_time: 0.034, memory: 11906, loss_rpn_cls: 0.0041, loss_rpn_bbox: 0.0357, loss_cls: 0.0372, acc: 98.4287, loss_bbox: 0.0811, loss: 0.1582
2020-11-22 05:00:54,434 - mmdet - INFO - Epoch [2][200/623]	lr: 1.000e-02, eta: 0:20:25, time: 0.750, data_time: 0.012, memory: 11906, loss_rpn_cls: 0.0028, loss_rpn_bbox: 0.0351, loss_cls: 0.0404, acc: 98.2041, loss_bbox: 0.0813, loss: 0.1597
2020-11-22 05:02:09,361 - mmdet - INFO - Epoch [2][300/623]	lr: 1.000e-02, eta: 0:19:14, time: 0.749, data_time: 0.012, memory: 11906, loss_rpn_cls: 0.0029, loss_rpn_bbox: 0.0348, loss_cls: 0.0416, acc: 98.2041, loss_bbox: 0.0825, loss: 0.1618
2020-11-22 05:03:24,456 - mmdet - INFO - Epoch [2][400/623]	lr: 1.000e-02, eta: 0:18:03, time: 0.751, data_time: 0.014, memory: 11906, loss_rpn_cls: 0.0025, loss_rpn_bbox: 0.0309, loss_cls: 0.0329, acc: 98.5762, loss_bbox: 0.0739, loss: 0.1402
2020-11-22 05:04:39,452 - mmdet - INFO - Epoch [2][500/623]	lr: 1.000e-02, eta: 0:16:51, time: 0.750, data_time: 0.012, memory: 11906, loss_rpn_cls: 0.0022, loss_rpn_bbox: 0.0347, loss_cls: 0.0313, acc: 98.6914, loss_bbox: 0.0812, loss: 0.1495
2020-11-22 05:05:54,251 - mmdet - INFO - Epoch [2][600/623]	lr: 1.000e-02, eta: 0:15:38, time: 0.748, data_time: 0.012, memory: 11906, loss_rpn_cls: 0.0030, loss_rpn_bbox: 0.0302, loss_cls: 0.0334, acc: 98.6533, loss_bbox: 0.0746, loss: 0.1412
2020-11-22 05:06:37,076 - mmdet - INFO - Evaluating bbox...
2020-11-22 05:06:38,385 - mmdet - INFO - Epoch [2][623/623]	lr: 1.000e-02, bbox_mAP: 0.8490, bbox_mAP_50: 0.9060, bbox_mAP_75: 0.9000, bbox_mAP_s: 0.6140, bbox_mAP_m: 0.8950, bbox_mAP_l: 0.9140, bbox_mAP_copypaste: 0.849 0.906 0.900 0.614 0.895 0.914
2020-11-22 05:07:09,926 - mmdet - INFO - Epoch(train) [2][79]	loss_rpn_cls: 0.0020, loss_rpn_bbox: 0.0331, loss_cls: 0.0286, acc: 98.8232, loss_bbox: 0.0709, loss: 0.1346
2020-11-22 05:08:27,663 - mmdet - INFO - Epoch [3][100/623]	lr: 1.000e-02, eta: 0:13:55, time: 0.775, data_time: 0.034, memory: 11906, loss_rpn_cls: 0.0035, loss_rpn_bbox: 0.0364, loss_cls: 0.0375, acc: 98.4609, loss_bbox: 0.0943, loss: 0.1716
2020-11-22 05:09:42,594 - mmdet - INFO - Epoch [3][200/623]	lr: 1.000e-02, eta: 0:12:44, time: 0.749, data_time: 0.012, memory: 11906, loss_rpn_cls: 0.0032, loss_rpn_bbox: 0.0332, loss_cls: 0.0439, acc: 98.1045, loss_bbox: 0.0868, loss: 0.1670
2020-11-22 05:10:57,627 - mmdet - INFO - Epoch [3][300/623]	lr: 1.000e-02, eta: 0:11:32, time: 0.750, data_time: 0.012, memory: 11906, loss_rpn_cls: 0.0027, loss_rpn_bbox: 0.0344, loss_cls: 0.0354, acc: 98.4609, loss_bbox: 0.0787, loss: 0.1512
2020-11-22 05:12:12,583 - mmdet - INFO - Epoch [3][400/623]	lr: 1.000e-02, eta: 0:10:20, time: 0.750, data_time: 0.012, memory: 11906, loss_rpn_cls: 0.0023, loss_rpn_bbox: 0.0303, loss_cls: 0.0322, acc: 98.6387, loss_bbox: 0.0779, loss: 0.1427
2020-11-22 05:13:27,372 - mmdet - INFO - Epoch [3][500/623]	lr: 1.000e-02, eta: 0:09:07, time: 0.748, data_time: 0.012, memory: 11906, loss_rpn_cls: 0.0027, loss_rpn_bbox: 0.0334, loss_cls: 0.0320, acc: 98.5684, loss_bbox: 0.0775, loss: 0.1456
2020-11-22 05:14:42,394 - mmdet - INFO - Epoch [3][600/623]	lr: 1.000e-02, eta: 0:07:54, time: 0.750, data_time: 0.012, memory: 11906, loss_rpn_cls: 0.0033, loss_rpn_bbox: 0.0316, loss_cls: 0.0336, acc: 98.6328, loss_bbox: 0.0763, loss: 0.1448
2020-11-22 05:15:25,120 - mmdet - INFO - Evaluating bbox...
2020-11-22 05:15:26,438 - mmdet - INFO - Epoch [3][623/623]	lr: 1.000e-02, bbox_mAP: 0.8520, bbox_mAP_50: 0.9010, bbox_mAP_75: 0.9000, bbox_mAP_s: 0.6300, bbox_mAP_m: 0.9060, bbox_mAP_l: 0.9170, bbox_mAP_copypaste: 0.852 0.901 0.900 0.630 0.906 0.917
2020-11-22 05:16:43,556 - mmdet - INFO - Epoch [4][100/623]	lr: 1.000e-02, eta: 0:06:20, time: 0.769, data_time: 0.033, memory: 11906, loss_rpn_cls: 0.0022, loss_rpn_bbox: 0.0308, loss_cls: 0.0282, acc: 98.8008, loss_bbox: 0.0730, loss: 0.1342
2020-11-22 05:17:58,630 - mmdet - INFO - Epoch [4][200/623]	lr: 1.000e-02, eta: 0:05:08, time: 0.751, data_time: 0.012, memory: 11906, loss_rpn_cls: 0.0033, loss_rpn_bbox: 0.0342, loss_cls: 0.0360, acc: 98.5420, loss_bbox: 0.0801, loss: 0.1537
2020-11-22 05:19:13,434 - mmdet - INFO - Epoch [4][300/623]	lr: 1.000e-02, eta: 0:03:55, time: 0.748, data_time: 0.012, memory: 11906, loss_rpn_cls: 0.0027, loss_rpn_bbox: 0.0334, loss_cls: 0.0354, acc: 98.4639, loss_bbox: 0.0810, loss: 0.1526
2020-11-22 05:20:28,213 - mmdet - INFO - Epoch [4][400/623]	lr: 1.000e-02, eta: 0:02:42, time: 0.748, data_time: 0.012, memory: 11906, loss_rpn_cls: 0.0026, loss_rpn_bbox: 0.0331, loss_cls: 0.0322, acc: 98.6992, loss_bbox: 0.0768, loss: 0.1446
2020-11-22 05:21:43,616 - mmdet - INFO - Epoch [4][500/623]	lr: 1.000e-02, eta: 0:01:30, time: 0.754, data_time: 0.012, memory: 11906, loss_rpn_cls: 0.0033, loss_rpn_bbox: 0.0353, loss_cls: 0.0429, acc: 98.1035, loss_bbox: 0.0932, loss: 0.1748
2020-11-22 05:22:58,353 - mmdet - INFO - Epoch [4][600/623]	lr: 1.000e-02, eta: 0:00:16, time: 0.747, data_time: 0.012, memory: 11906, loss_rpn_cls: 0.0025, loss_rpn_bbox: 0.0327, loss_cls: 0.0353, acc: 98.4473, loss_bbox: 0.0802, loss: 0.1507
2020-11-22 05:23:15,410 - mmdet - INFO - Saving checkpoint at 4 epochs
2020-11-22 05:23:43,133 - mmdet - INFO - Evaluating bbox...
2020-11-22 05:23:44,466 - mmdet - INFO - Epoch [4][623/623]	lr: 1.000e-02, bbox_mAP: 0.8400, bbox_mAP_50: 0.8960, bbox_mAP_75: 0.8910, bbox_mAP_s: 0.6150, bbox_mAP_m: 0.8940, bbox_mAP_l: 0.8990, bbox_mAP_copypaste: 0.840 0.896 0.891 0.615 0.894 0.899
2020-11-22 05:24:16,025 - mmdet - INFO - Epoch(train) [4][79]	loss_rpn_cls: 0.0022, loss_rpn_bbox: 0.0366, loss_cls: 0.0294, acc: 98.8121, loss_bbox: 0.0742, loss: 0.1425
