2020-11-19 02:34:30,925 - mmdet - INFO - Environment info:
------------------------------------------------------------
sys.platform: linux
Python: 3.6.4 |Anaconda, Inc.| (default, Jan 16 2018, 18:10:19) [GCC 7.2.0]
CUDA available: True
CUDA_HOME: /usr/local/cuda
NVCC: Cuda compilation tools, release 10.0, V10.0.130
GPU 0: Tesla P100-PCIE-16GB
GCC: gcc (GCC) 5.3.0
PyTorch: 1.3.1+cu100
PyTorch compiling details: PyTorch built with:
  - GCC 7.3
  - Intel(R) Math Kernel Library Version 2019.0.4 Product Build 20190411 for Intel(R) 64 architecture applications
  - Intel(R) MKL-DNN v0.20.5 (Git Hash 0125f28c61c1f822fd48570b4c1066f96fcb9b2e)
  - OpenMP 201511 (a.k.a. OpenMP 4.5)
  - NNPACK is enabled
  - CUDA Runtime 10.0
  - NVCC architecture flags: -gencode;arch=compute_37,code=sm_37;-gencode;arch=compute_50,code=sm_50;-gencode;arch=compute_60,code=sm_60;-gencode;arch=compute_61,code=sm_61;-gencode;arch=compute_70,code=sm_70;-gencode;arch=compute_75,code=sm_75;-gencode;arch=compute_37,code=compute_37
  - CuDNN 7.6.3
  - Magma 2.5.1
  - Build settings: BLAS=MKL, BUILD_NAMEDTENSOR=OFF, BUILD_TYPE=Release, CXX_FLAGS= -Wno-deprecated -fvisibility-inlines-hidden -fopenmp -DUSE_FBGEMM -DUSE_QNNPACK -DUSE_PYTORCH_QNNPACK -O2 -fPIC -Wno-narrowing -Wall -Wextra -Wno-missing-field-initializers -Wno-type-limits -Wno-array-bounds -Wno-unknown-pragmas -Wno-sign-compare -Wno-unused-parameter -Wno-unused-variable -Wno-unused-function -Wno-unused-result -Wno-strict-overflow -Wno-strict-aliasing -Wno-error=deprecated-declarations -Wno-stringop-overflow -Wno-error=pedantic -Wno-error=redundant-decls -Wno-error=old-style-cast -fdiagnostics-color=always -faligned-new -Wno-unused-but-set-variable -Wno-maybe-uninitialized -fno-math-errno -fno-trapping-math -Wno-stringop-overflow, DISABLE_NUMA=1, PERF_WITH_AVX=1, PERF_WITH_AVX2=1, PERF_WITH_AVX512=1, USE_CUDA=True, USE_EXCEPTION_PTR=1, USE_GFLAGS=OFF, USE_GLOG=OFF, USE_MKL=ON, USE_MKLDNN=ON, USE_MPI=OFF, USE_NCCL=ON, USE_NNPACK=ON, USE_OPENMP=ON, USE_STATIC_DISPATCH=OFF, 

TorchVision: 0.4.2+cu100
OpenCV: 4.4.0
MMCV: 1.0.5
MMDetection: 2.3.0+788fa8d
MMDetection Compiler: GCC 7.3
MMDetection CUDA Compiler: 10.0
------------------------------------------------------------

2020-11-19 02:34:30,925 - mmdet - INFO - Distributed training: False
2020-11-19 02:34:31,318 - mmdet - INFO - Config:
model = dict(
    type='FasterRCNN',
    pretrained='torchvision://resnet50',
    backbone=dict(
        type='ResNet',
        depth=50,
        num_stages=4,
        out_indices=(0, 1, 2, 3),
        frozen_stages=1,
        norm_cfg=dict(type='BN', requires_grad=True),
        norm_eval=True,
        style='pytorch'),
    neck=dict(
        type='FPN',
        in_channels=[256, 512, 1024, 2048],
        out_channels=256,
        num_outs=5),
    rpn_head=dict(
        type='RPNHead',
        in_channels=256,
        feat_channels=256,
        anchor_generator=dict(
            type='AnchorGenerator',
            scales=[8],
            ratios=[0.5, 1.0, 2.0],
            strides=[4, 8, 16, 32, 64]),
        bbox_coder=dict(
            type='DeltaXYWHBBoxCoder',
            target_means=[0.0, 0.0, 0.0, 0.0],
            target_stds=[1.0, 1.0, 1.0, 1.0]),
        loss_cls=dict(
            type='CrossEntropyLoss', use_sigmoid=True, loss_weight=1.0),
        loss_bbox=dict(type='L1Loss', loss_weight=1.0)),
    roi_head=dict(
        type='StandardRoIHead',
        bbox_roi_extractor=dict(
            type='SingleRoIExtractor',
            roi_layer=dict(type='RoIAlign', output_size=7, sampling_ratio=0),
            out_channels=256,
            featmap_strides=[4, 8, 16, 32]),
        bbox_head=dict(
            type='Shared2FCBBoxHead',
            in_channels=256,
            fc_out_channels=1024,
            roi_feat_size=7,
            num_classes=2,
            bbox_coder=dict(
                type='DeltaXYWHBBoxCoder',
                target_means=[0.0, 0.0, 0.0, 0.0],
                target_stds=[0.1, 0.1, 0.2, 0.2]),
            reg_class_agnostic=False,
            loss_cls=dict(
                type='CrossEntropyLoss', use_sigmoid=False, loss_weight=1.0),
            loss_bbox=dict(type='L1Loss', loss_weight=1.0))))
train_cfg = dict(
    rpn=dict(
        assigner=dict(
            type='MaxIoUAssigner',
            pos_iou_thr=0.7,
            neg_iou_thr=0.3,
            min_pos_iou=0.3,
            match_low_quality=True,
            ignore_iof_thr=-1),
        sampler=dict(
            type='RandomSampler',
            num=256,
            pos_fraction=0.5,
            neg_pos_ub=-1,
            add_gt_as_proposals=False),
        allowed_border=-1,
        pos_weight=-1,
        debug=False),
    rpn_proposal=dict(
        nms_across_levels=False,
        nms_pre=2000,
        nms_post=1000,
        max_num=1000,
        nms_thr=0.7,
        min_bbox_size=0),
    rcnn=dict(
        assigner=dict(
            type='MaxIoUAssigner',
            pos_iou_thr=0.5,
            neg_iou_thr=0.5,
            min_pos_iou=0.5,
            match_low_quality=False,
            ignore_iof_thr=-1),
        sampler=dict(
            type='RandomSampler',
            num=512,
            pos_fraction=0.25,
            neg_pos_ub=-1,
            add_gt_as_proposals=True),
        pos_weight=-1,
        debug=False))
test_cfg = dict(
    rpn=dict(
        nms_across_levels=False,
        nms_pre=1000,
        nms_post=1000,
        max_num=1000,
        nms_thr=0.7,
        min_bbox_size=0),
    rcnn=dict(
        score_thr=0.05,
        nms=dict(type='nms', iou_threshold=0.5),
        max_per_img=100))
dataset_type = 'CocoDataset'
data_root = 'data/coco/'
img_norm_cfg = dict(
    mean=[123.675, 116.28, 103.53], std=[58.395, 57.12, 57.375], to_rgb=True)
train_pipeline = [
    dict(type='LoadImageFromFile'),
    dict(type='LoadAnnotations', with_bbox=True),
    dict(type='Resize', img_scale=(1550, 1550), keep_ratio=True),
    dict(type='RandomFlip', flip_ratio=0.5),
    dict(
        type='Normalize',
        mean=[123.675, 116.28, 103.53],
        std=[58.395, 57.12, 57.375],
        to_rgb=True),
    dict(type='Pad', size_divisor=32),
    dict(type='DefaultFormatBundle'),
    dict(type='Collect', keys=['img', 'gt_bboxes', 'gt_labels'])
]
test_pipeline = [
    dict(type='LoadImageFromFile'),
    dict(
        type='MultiScaleFlipAug',
        img_scale=(1550, 1550),
        flip=False,
        transforms=[
            dict(type='Resize', keep_ratio=True),
            dict(type='RandomFlip'),
            dict(
                type='Normalize',
                mean=[123.675, 116.28, 103.53],
                std=[58.395, 57.12, 57.375],
                to_rgb=True),
            dict(type='Pad', size_divisor=32),
            dict(type='ImageToTensor', keys=['img']),
            dict(type='Collect', keys=['img'])
        ])
]
data = dict(
    samples_per_gpu=2,
    workers_per_gpu=2,
    train=dict(
        type='CocoDataset',
        ann_file='data/coco/annotations/annotations_trai.json',
        img_prefix='data/coco/img/',
        pipeline=[
            dict(type='LoadImageFromFile'),
            dict(type='LoadAnnotations', with_bbox=True),
            dict(type='Resize', img_scale=(1550, 1550), keep_ratio=True),
            dict(type='RandomFlip', flip_ratio=0.5),
            dict(
                type='Normalize',
                mean=[123.675, 116.28, 103.53],
                std=[58.395, 57.12, 57.375],
                to_rgb=True),
            dict(type='Pad', size_divisor=32),
            dict(type='DefaultFormatBundle'),
            dict(type='Collect', keys=['img', 'gt_bboxes', 'gt_labels'])
        ]),
    val=dict(
        type='CocoDataset',
        ann_file='data/coco/annotations/annotations_test.json',
        img_prefix='data/coco/img/',
        pipeline=[
            dict(type='LoadImageFromFile'),
            dict(
                type='MultiScaleFlipAug',
                img_scale=(1550, 1550),
                flip=False,
                transforms=[
                    dict(type='Resize', keep_ratio=True),
                    dict(type='RandomFlip'),
                    dict(
                        type='Normalize',
                        mean=[123.675, 116.28, 103.53],
                        std=[58.395, 57.12, 57.375],
                        to_rgb=True),
                    dict(type='Pad', size_divisor=32),
                    dict(type='ImageToTensor', keys=['img']),
                    dict(type='Collect', keys=['img'])
                ])
        ]),
    test=dict(
        type='CocoDataset',
        ann_file='data/coco/annotations/annotations_vals.json',
        img_prefix='data/coco/img/',
        pipeline=[
            dict(type='LoadImageFromFile'),
            dict(
                type='MultiScaleFlipAug',
                img_scale=(1550, 1550),
                flip=False,
                transforms=[
                    dict(type='Resize', keep_ratio=True),
                    dict(type='RandomFlip'),
                    dict(
                        type='Normalize',
                        mean=[123.675, 116.28, 103.53],
                        std=[58.395, 57.12, 57.375],
                        to_rgb=True),
                    dict(type='Pad', size_divisor=32),
                    dict(type='ImageToTensor', keys=['img']),
                    dict(type='Collect', keys=['img'])
                ])
        ]))
evaluation = dict(interval=1, metric='bbox')
optimizer = dict(type='SGD', lr=0.01, momentum=0.9, weight_decay=0.0001)
optimizer_config = dict(grad_clip=None)
lr_config = dict(
    policy='step',
    warmup='linear',
    warmup_iters=500,
    warmup_ratio=0.001,
    step=[8, 11])
total_epochs = 4
checkpoint_config = dict(interval=4)
log_config = dict(interval=100, hooks=[dict(type='TextLoggerHook')])
dist_params = dict(backend='nccl')
log_level = 'INFO'
load_from = '/home/admin/.cache/torch/checkpoints/X.pth'
resume_from = None
workflow = [('train', 2), ('val', 1)]
work_dir = '/home/admin/jupyter/SecurityAI_Round5/data/work'
gpu_ids = range(0, 1)

2020-11-19 02:34:31,813 - mmdet - INFO - load model from: torchvision://resnet50
2020-11-19 02:34:39,831 - mmdet - WARNING - The model and loaded state dict do not match exactly

unexpected key in source state_dict: fc.weight, fc.bias

2020-11-19 02:34:50,143 - mmdet - INFO - load checkpoint from /home/admin/.cache/torch/checkpoints/X.pth
2020-11-19 02:34:56,851 - mmdet - INFO - Start running, host: admin@fuxilabor_labor0_S4_Odps_S96_dsw_prepaid_cnsh_838_2020111813282, work_dir: /home/admin/jupyter/SecurityAI_Round5/data/work
2020-11-19 02:34:56,851 - mmdet - INFO - workflow: [('train', 2), ('val', 1)], max: 4 epochs
2020-11-19 02:36:14,445 - mmdet - INFO - Epoch [1][100/624]	lr: 1.988e-03, eta: 0:30:54, time: 0.774, data_time: 0.033, memory: 11909, loss_rpn_cls: 0.0048, loss_rpn_bbox: 0.0404, loss_cls: 0.0451, acc: 98.1836, loss_bbox: 0.0951, loss: 0.1854
2020-11-19 02:37:29,259 - mmdet - INFO - Epoch [1][200/624]	lr: 3.986e-03, eta: 0:29:07, time: 0.748, data_time: 0.012, memory: 11909, loss_rpn_cls: 0.0036, loss_rpn_bbox: 0.0347, loss_cls: 0.0442, acc: 98.1533, loss_bbox: 0.0940, loss: 0.1765
2020-11-19 02:38:44,161 - mmdet - INFO - Epoch [1][300/624]	lr: 5.984e-03, eta: 0:27:42, time: 0.749, data_time: 0.012, memory: 11909, loss_rpn_cls: 0.0034, loss_rpn_bbox: 0.0377, loss_cls: 0.0446, acc: 98.0830, loss_bbox: 0.0935, loss: 0.1793
2020-11-19 02:39:58,840 - mmdet - INFO - Epoch [1][400/624]	lr: 7.982e-03, eta: 0:26:21, time: 0.747, data_time: 0.012, memory: 11909, loss_rpn_cls: 0.0032, loss_rpn_bbox: 0.0389, loss_cls: 0.0406, acc: 98.3262, loss_bbox: 0.0993, loss: 0.1820
2020-11-19 02:41:13,799 - mmdet - INFO - Epoch [1][500/624]	lr: 9.980e-03, eta: 0:25:04, time: 0.750, data_time: 0.012, memory: 11909, loss_rpn_cls: 0.0052, loss_rpn_bbox: 0.0461, loss_cls: 0.0520, acc: 97.8711, loss_bbox: 0.1185, loss: 0.2218
2020-11-19 02:42:28,645 - mmdet - INFO - Epoch [1][600/624]	lr: 1.000e-02, eta: 0:23:47, time: 0.748, data_time: 0.012, memory: 11909, loss_rpn_cls: 0.0033, loss_rpn_bbox: 0.0442, loss_cls: 0.0476, acc: 98.0625, loss_bbox: 0.1081, loss: 0.2032
2020-11-19 02:43:12,528 - mmdet - INFO - Evaluating bbox...
2020-11-19 02:43:15,142 - mmdet - INFO - Epoch [1][624/624]	lr: 1.000e-02, bbox_mAP: 0.7870, bbox_mAP_50: 0.8730, bbox_mAP_75: 0.8420, bbox_mAP_s: 0.4490, bbox_mAP_m: 0.7970, bbox_mAP_l: 0.8770, bbox_mAP_copypaste: 0.787 0.873 0.842 0.449 0.797 0.877
2020-11-19 02:44:32,504 - mmdet - INFO - Epoch [2][100/624]	lr: 1.000e-02, eta: 0:21:33, time: 0.770, data_time: 0.033, memory: 11909, loss_rpn_cls: 0.0042, loss_rpn_bbox: 0.0445, loss_cls: 0.0508, acc: 97.9102, loss_bbox: 0.1147, loss: 0.2143
2020-11-19 02:45:47,443 - mmdet - INFO - Epoch [2][200/624]	lr: 1.000e-02, eta: 0:20:24, time: 0.749, data_time: 0.012, memory: 11909, loss_rpn_cls: 0.0040, loss_rpn_bbox: 0.0446, loss_cls: 0.0527, acc: 97.7295, loss_bbox: 0.1132, loss: 0.2144
2020-11-19 02:47:02,133 - mmdet - INFO - Epoch [2][300/624]	lr: 1.000e-02, eta: 0:19:13, time: 0.747, data_time: 0.012, memory: 11909, loss_rpn_cls: 0.0034, loss_rpn_bbox: 0.0405, loss_cls: 0.0454, acc: 98.0508, loss_bbox: 0.1083, loss: 0.1977
2020-11-19 02:48:16,879 - mmdet - INFO - Epoch [2][400/624]	lr: 1.000e-02, eta: 0:18:02, time: 0.747, data_time: 0.012, memory: 11909, loss_rpn_cls: 0.0057, loss_rpn_bbox: 0.0479, loss_cls: 0.0521, acc: 97.8906, loss_bbox: 0.1111, loss: 0.2168
2020-11-19 02:49:31,611 - mmdet - INFO - Epoch [2][500/624]	lr: 1.000e-02, eta: 0:16:50, time: 0.747, data_time: 0.012, memory: 11909, loss_rpn_cls: 0.0027, loss_rpn_bbox: 0.0401, loss_cls: 0.0412, acc: 98.3008, loss_bbox: 0.0977, loss: 0.1817
2020-11-19 02:50:46,509 - mmdet - INFO - Epoch [2][600/624]	lr: 1.000e-02, eta: 0:15:38, time: 0.749, data_time: 0.012, memory: 11909, loss_rpn_cls: 0.0049, loss_rpn_bbox: 0.0444, loss_cls: 0.0434, acc: 98.1562, loss_bbox: 0.0953, loss: 0.1880
2020-11-19 02:51:30,519 - mmdet - INFO - Evaluating bbox...
2020-11-19 02:51:32,941 - mmdet - INFO - Epoch [2][624/624]	lr: 1.000e-02, bbox_mAP: 0.7860, bbox_mAP_50: 0.8730, bbox_mAP_75: 0.8430, bbox_mAP_s: 0.4540, bbox_mAP_m: 0.7990, bbox_mAP_l: 0.8780, bbox_mAP_copypaste: 0.786 0.873 0.843 0.454 0.799 0.878
2020-11-19 02:52:05,394 - mmdet - INFO - Epoch(train) [2][81]	loss_rpn_cls: 0.0057, loss_rpn_bbox: 0.0447, loss_cls: 0.0483, acc: 97.9673, loss_bbox: 0.1054, loss: 0.2042
2020-11-19 02:53:22,762 - mmdet - INFO - Epoch [3][100/624]	lr: 1.000e-02, eta: 0:13:54, time: 0.772, data_time: 0.034, memory: 11909, loss_rpn_cls: 0.0051, loss_rpn_bbox: 0.0458, loss_cls: 0.0547, acc: 97.7744, loss_bbox: 0.1196, loss: 0.2252
2020-11-19 02:54:37,570 - mmdet - INFO - Epoch [3][200/624]	lr: 1.000e-02, eta: 0:12:43, time: 0.748, data_time: 0.012, memory: 11909, loss_rpn_cls: 0.0033, loss_rpn_bbox: 0.0442, loss_cls: 0.0487, acc: 97.9424, loss_bbox: 0.1130, loss: 0.2092
2020-11-19 02:55:52,509 - mmdet - INFO - Epoch [3][300/624]	lr: 1.000e-02, eta: 0:11:31, time: 0.749, data_time: 0.012, memory: 11909, loss_rpn_cls: 0.0042, loss_rpn_bbox: 0.0437, loss_cls: 0.0507, acc: 97.9150, loss_bbox: 0.1123, loss: 0.2109
2020-11-19 02:57:07,372 - mmdet - INFO - Epoch [3][400/624]	lr: 1.000e-02, eta: 0:10:19, time: 0.749, data_time: 0.012, memory: 11909, loss_rpn_cls: 0.0052, loss_rpn_bbox: 0.0465, loss_cls: 0.0470, acc: 98.0566, loss_bbox: 0.1079, loss: 0.2066
2020-11-19 02:58:22,120 - mmdet - INFO - Epoch [3][500/624]	lr: 1.000e-02, eta: 0:09:07, time: 0.747, data_time: 0.012, memory: 11909, loss_rpn_cls: 0.0043, loss_rpn_bbox: 0.0417, loss_cls: 0.0392, acc: 98.3311, loss_bbox: 0.0969, loss: 0.1820
2020-11-19 02:59:36,942 - mmdet - INFO - Epoch [3][600/624]	lr: 1.000e-02, eta: 0:07:54, time: 0.748, data_time: 0.012, memory: 11909, loss_rpn_cls: 0.0053, loss_rpn_bbox: 0.0453, loss_cls: 0.0515, acc: 97.9092, loss_bbox: 0.1074, loss: 0.2095
2020-11-19 03:00:20,816 - mmdet - INFO - Evaluating bbox...
2020-11-19 03:00:23,415 - mmdet - INFO - Epoch [3][624/624]	lr: 1.000e-02, bbox_mAP: 0.7820, bbox_mAP_50: 0.8630, bbox_mAP_75: 0.8370, bbox_mAP_s: 0.4460, bbox_mAP_m: 0.7980, bbox_mAP_l: 0.8730, bbox_mAP_copypaste: 0.782 0.863 0.837 0.446 0.798 0.873
2020-11-19 03:01:40,619 - mmdet - INFO - Epoch [4][100/624]	lr: 1.000e-02, eta: 0:06:20, time: 0.770, data_time: 0.033, memory: 11909, loss_rpn_cls: 0.0032, loss_rpn_bbox: 0.0448, loss_cls: 0.0498, acc: 97.8828, loss_bbox: 0.1086, loss: 0.2064
2020-11-19 03:02:55,495 - mmdet - INFO - Epoch [4][200/624]	lr: 1.000e-02, eta: 0:05:08, time: 0.749, data_time: 0.012, memory: 11909, loss_rpn_cls: 0.0039, loss_rpn_bbox: 0.0457, loss_cls: 0.0477, acc: 97.9766, loss_bbox: 0.1071, loss: 0.2044
2020-11-19 03:04:10,471 - mmdet - INFO - Epoch [4][300/624]	lr: 1.000e-02, eta: 0:03:55, time: 0.750, data_time: 0.012, memory: 11909, loss_rpn_cls: 0.0044, loss_rpn_bbox: 0.0455, loss_cls: 0.0468, acc: 98.0400, loss_bbox: 0.1212, loss: 0.2179
2020-11-19 03:05:25,259 - mmdet - INFO - Epoch [4][400/624]	lr: 1.000e-02, eta: 0:02:43, time: 0.748, data_time: 0.012, memory: 11909, loss_rpn_cls: 0.0051, loss_rpn_bbox: 0.0460, loss_cls: 0.0474, acc: 98.0508, loss_bbox: 0.1025, loss: 0.2010
2020-11-19 03:06:40,068 - mmdet - INFO - Epoch [4][500/624]	lr: 1.000e-02, eta: 0:01:30, time: 0.748, data_time: 0.012, memory: 11909, loss_rpn_cls: 0.0047, loss_rpn_bbox: 0.0402, loss_cls: 0.0437, acc: 98.2598, loss_bbox: 0.0999, loss: 0.1885
2020-11-19 03:07:54,963 - mmdet - INFO - Epoch [4][600/624]	lr: 1.000e-02, eta: 0:00:17, time: 0.749, data_time: 0.012, memory: 11909, loss_rpn_cls: 0.0037, loss_rpn_bbox: 0.0463, loss_cls: 0.0508, acc: 97.8789, loss_bbox: 0.1130, loss: 0.2138
2020-11-19 03:08:12,769 - mmdet - INFO - Saving checkpoint at 4 epochs
2020-11-19 03:08:40,637 - mmdet - INFO - Evaluating bbox...
2020-11-19 03:08:43,430 - mmdet - INFO - Epoch [4][624/624]	lr: 1.000e-02, bbox_mAP: 0.7840, bbox_mAP_50: 0.8710, bbox_mAP_75: 0.8410, bbox_mAP_s: 0.4500, bbox_mAP_m: 0.7880, bbox_mAP_l: 0.8720, bbox_mAP_copypaste: 0.784 0.871 0.841 0.450 0.788 0.872
2020-11-19 03:09:15,919 - mmdet - INFO - Epoch(train) [4][81]	loss_rpn_cls: 0.0054, loss_rpn_bbox: 0.0452, loss_cls: 0.0501, acc: 97.8516, loss_bbox: 0.1122, loss: 0.2129
