2020-11-20 01:27:24,079 - mmdet - INFO - Environment info:
------------------------------------------------------------
sys.platform: linux
Python: 3.6.4 |Anaconda, Inc.| (default, Jan 16 2018, 18:10:19) [GCC 7.2.0]
CUDA available: True
CUDA_HOME: /usr/local/cuda
NVCC: Cuda compilation tools, release 10.0, V10.0.130
GPU 0: Tesla P100-PCIE-16GB
GCC: gcc (GCC) 5.3.0
PyTorch: 1.3.1+cu100
PyTorch compiling details: PyTorch built with:
  - GCC 7.3
  - Intel(R) Math Kernel Library Version 2019.0.4 Product Build 20190411 for Intel(R) 64 architecture applications
  - Intel(R) MKL-DNN v0.20.5 (Git Hash 0125f28c61c1f822fd48570b4c1066f96fcb9b2e)
  - OpenMP 201511 (a.k.a. OpenMP 4.5)
  - NNPACK is enabled
  - CUDA Runtime 10.0
  - NVCC architecture flags: -gencode;arch=compute_37,code=sm_37;-gencode;arch=compute_50,code=sm_50;-gencode;arch=compute_60,code=sm_60;-gencode;arch=compute_61,code=sm_61;-gencode;arch=compute_70,code=sm_70;-gencode;arch=compute_75,code=sm_75;-gencode;arch=compute_37,code=compute_37
  - CuDNN 7.6.3
  - Magma 2.5.1
  - Build settings: BLAS=MKL, BUILD_NAMEDTENSOR=OFF, BUILD_TYPE=Release, CXX_FLAGS= -Wno-deprecated -fvisibility-inlines-hidden -fopenmp -DUSE_FBGEMM -DUSE_QNNPACK -DUSE_PYTORCH_QNNPACK -O2 -fPIC -Wno-narrowing -Wall -Wextra -Wno-missing-field-initializers -Wno-type-limits -Wno-array-bounds -Wno-unknown-pragmas -Wno-sign-compare -Wno-unused-parameter -Wno-unused-variable -Wno-unused-function -Wno-unused-result -Wno-strict-overflow -Wno-strict-aliasing -Wno-error=deprecated-declarations -Wno-stringop-overflow -Wno-error=pedantic -Wno-error=redundant-decls -Wno-error=old-style-cast -fdiagnostics-color=always -faligned-new -Wno-unused-but-set-variable -Wno-maybe-uninitialized -fno-math-errno -fno-trapping-math -Wno-stringop-overflow, DISABLE_NUMA=1, PERF_WITH_AVX=1, PERF_WITH_AVX2=1, PERF_WITH_AVX512=1, USE_CUDA=True, USE_EXCEPTION_PTR=1, USE_GFLAGS=OFF, USE_GLOG=OFF, USE_MKL=ON, USE_MKLDNN=ON, USE_MPI=OFF, USE_NCCL=ON, USE_NNPACK=ON, USE_OPENMP=ON, USE_STATIC_DISPATCH=OFF, 

TorchVision: 0.4.2+cu100
OpenCV: 4.4.0
MMCV: 1.0.5
MMDetection: 2.3.0+788fa8d
MMDetection Compiler: GCC 7.3
MMDetection CUDA Compiler: 10.0
------------------------------------------------------------

2020-11-20 01:27:24,079 - mmdet - INFO - Distributed training: False
2020-11-20 01:27:24,477 - mmdet - INFO - Config:
model = dict(
    type='FasterRCNN',
    pretrained='torchvision://resnet50',
    backbone=dict(
        type='ResNet',
        depth=50,
        num_stages=4,
        out_indices=(0, 1, 2, 3),
        frozen_stages=1,
        norm_cfg=dict(type='BN', requires_grad=True),
        norm_eval=True,
        style='pytorch'),
    neck=dict(
        type='FPN',
        in_channels=[256, 512, 1024, 2048],
        out_channels=256,
        num_outs=5),
    rpn_head=dict(
        type='RPNHead',
        in_channels=256,
        feat_channels=256,
        anchor_generator=dict(
            type='AnchorGenerator',
            scales=[8],
            ratios=[0.5, 1.0, 2.0],
            strides=[4, 8, 16, 32, 64]),
        bbox_coder=dict(
            type='DeltaXYWHBBoxCoder',
            target_means=[0.0, 0.0, 0.0, 0.0],
            target_stds=[1.0, 1.0, 1.0, 1.0]),
        loss_cls=dict(
            type='CrossEntropyLoss', use_sigmoid=True, loss_weight=1.0),
        loss_bbox=dict(type='L1Loss', loss_weight=1.0)),
    roi_head=dict(
        type='StandardRoIHead',
        bbox_roi_extractor=dict(
            type='SingleRoIExtractor',
            roi_layer=dict(type='RoIAlign', output_size=7, sampling_ratio=0),
            out_channels=256,
            featmap_strides=[4, 8, 16, 32]),
        bbox_head=dict(
            type='Shared2FCBBoxHead',
            in_channels=256,
            fc_out_channels=1024,
            roi_feat_size=7,
            num_classes=2,
            bbox_coder=dict(
                type='DeltaXYWHBBoxCoder',
                target_means=[0.0, 0.0, 0.0, 0.0],
                target_stds=[0.1, 0.1, 0.2, 0.2]),
            reg_class_agnostic=False,
            loss_cls=dict(
                type='CrossEntropyLoss', use_sigmoid=False, loss_weight=1.0),
            loss_bbox=dict(type='L1Loss', loss_weight=1.0))))
train_cfg = dict(
    rpn=dict(
        assigner=dict(
            type='MaxIoUAssigner',
            pos_iou_thr=0.7,
            neg_iou_thr=0.3,
            min_pos_iou=0.3,
            match_low_quality=True,
            ignore_iof_thr=-1),
        sampler=dict(
            type='RandomSampler',
            num=256,
            pos_fraction=0.5,
            neg_pos_ub=-1,
            add_gt_as_proposals=False),
        allowed_border=-1,
        pos_weight=-1,
        debug=False),
    rpn_proposal=dict(
        nms_across_levels=False,
        nms_pre=2000,
        nms_post=1000,
        max_num=1000,
        nms_thr=0.7,
        min_bbox_size=0),
    rcnn=dict(
        assigner=dict(
            type='MaxIoUAssigner',
            pos_iou_thr=0.5,
            neg_iou_thr=0.5,
            min_pos_iou=0.5,
            match_low_quality=False,
            ignore_iof_thr=-1),
        sampler=dict(
            type='RandomSampler',
            num=512,
            pos_fraction=0.25,
            neg_pos_ub=-1,
            add_gt_as_proposals=True),
        pos_weight=-1,
        debug=False))
test_cfg = dict(
    rpn=dict(
        nms_across_levels=False,
        nms_pre=1000,
        nms_post=1000,
        max_num=1000,
        nms_thr=0.7,
        min_bbox_size=0),
    rcnn=dict(
        score_thr=0.05,
        nms=dict(type='nms', iou_threshold=0.5),
        max_per_img=100))
dataset_type = 'CocoDataset'
data_root = 'data/coco/'
img_norm_cfg = dict(
    mean=[123.675, 116.28, 103.53], std=[58.395, 57.12, 57.375], to_rgb=True)
train_pipeline = [
    dict(type='LoadImageFromFile'),
    dict(type='LoadAnnotations', with_bbox=True),
    dict(type='Resize', img_scale=(1550, 1550), keep_ratio=True),
    dict(type='RandomFlip', flip_ratio=0.5),
    dict(
        type='Normalize',
        mean=[123.675, 116.28, 103.53],
        std=[58.395, 57.12, 57.375],
        to_rgb=True),
    dict(type='Pad', size_divisor=32),
    dict(type='DefaultFormatBundle'),
    dict(type='Collect', keys=['img', 'gt_bboxes', 'gt_labels'])
]
test_pipeline = [
    dict(type='LoadImageFromFile'),
    dict(
        type='MultiScaleFlipAug',
        img_scale=(1550, 1550),
        flip=False,
        transforms=[
            dict(type='Resize', keep_ratio=True),
            dict(type='RandomFlip'),
            dict(
                type='Normalize',
                mean=[123.675, 116.28, 103.53],
                std=[58.395, 57.12, 57.375],
                to_rgb=True),
            dict(type='Pad', size_divisor=32),
            dict(type='ImageToTensor', keys=['img']),
            dict(type='Collect', keys=['img'])
        ])
]
data = dict(
    samples_per_gpu=2,
    workers_per_gpu=2,
    train=dict(
        type='CocoDataset',
        ann_file='data/coco/annotations/annotations_trai.json',
        img_prefix='data/coco/img/',
        pipeline=[
            dict(type='LoadImageFromFile'),
            dict(type='LoadAnnotations', with_bbox=True),
            dict(type='Resize', img_scale=(1550, 1550), keep_ratio=True),
            dict(type='RandomFlip', flip_ratio=0.5),
            dict(
                type='Normalize',
                mean=[123.675, 116.28, 103.53],
                std=[58.395, 57.12, 57.375],
                to_rgb=True),
            dict(type='Pad', size_divisor=32),
            dict(type='DefaultFormatBundle'),
            dict(type='Collect', keys=['img', 'gt_bboxes', 'gt_labels'])
        ]),
    val=dict(
        type='CocoDataset',
        ann_file='data/coco/annotations/annotations_test.json',
        img_prefix='data/coco/img/',
        pipeline=[
            dict(type='LoadImageFromFile'),
            dict(
                type='MultiScaleFlipAug',
                img_scale=(1550, 1550),
                flip=False,
                transforms=[
                    dict(type='Resize', keep_ratio=True),
                    dict(type='RandomFlip'),
                    dict(
                        type='Normalize',
                        mean=[123.675, 116.28, 103.53],
                        std=[58.395, 57.12, 57.375],
                        to_rgb=True),
                    dict(type='Pad', size_divisor=32),
                    dict(type='ImageToTensor', keys=['img']),
                    dict(type='Collect', keys=['img'])
                ])
        ]),
    test=dict(
        type='CocoDataset',
        ann_file='data/coco/annotations/annotations_vals.json',
        img_prefix='data/coco/img/',
        pipeline=[
            dict(type='LoadImageFromFile'),
            dict(
                type='MultiScaleFlipAug',
                img_scale=(1550, 1550),
                flip=False,
                transforms=[
                    dict(type='Resize', keep_ratio=True),
                    dict(type='RandomFlip'),
                    dict(
                        type='Normalize',
                        mean=[123.675, 116.28, 103.53],
                        std=[58.395, 57.12, 57.375],
                        to_rgb=True),
                    dict(type='Pad', size_divisor=32),
                    dict(type='ImageToTensor', keys=['img']),
                    dict(type='Collect', keys=['img'])
                ])
        ]))
evaluation = dict(interval=1, metric='bbox')
optimizer = dict(type='SGD', lr=0.01, momentum=0.9, weight_decay=0.0001)
optimizer_config = dict(grad_clip=None)
lr_config = dict(
    policy='step',
    warmup='linear',
    warmup_iters=500,
    warmup_ratio=0.001,
    step=[8, 11])
total_epochs = 4
checkpoint_config = dict(interval=4)
log_config = dict(interval=100, hooks=[dict(type='TextLoggerHook')])
dist_params = dict(backend='nccl')
log_level = 'INFO'
load_from = '/home/admin/.cache/torch/checkpoints/X.pth'
resume_from = None
workflow = [('train', 2), ('val', 1)]
work_dir = '/home/admin/jupyter/SecurityAI_Round5/data/work'
gpu_ids = range(0, 1)

2020-11-20 01:27:24,971 - mmdet - INFO - load model from: torchvision://resnet50
2020-11-20 01:27:32,744 - mmdet - WARNING - The model and loaded state dict do not match exactly

unexpected key in source state_dict: fc.weight, fc.bias

2020-11-20 01:27:42,987 - mmdet - INFO - load checkpoint from /home/admin/.cache/torch/checkpoints/X.pth
2020-11-20 01:27:49,834 - mmdet - INFO - Start running, host: admin@fuxilabor_labor0_S4_Odps_S96_dsw_prepaid_cnsh_838_2020111911384, work_dir: /home/admin/jupyter/SecurityAI_Round5/data/work
2020-11-20 01:27:49,835 - mmdet - INFO - workflow: [('train', 2), ('val', 1)], max: 4 epochs
2020-11-20 01:29:07,181 - mmdet - INFO - Epoch [1][100/618]	lr: 1.988e-03, eta: 0:30:30, time: 0.772, data_time: 0.034, memory: 8025, loss_rpn_cls: 0.0032, loss_rpn_bbox: 0.0323, loss_cls: 0.0343, acc: 98.5420, loss_bbox: 0.0754, loss: 0.1451
2020-11-20 01:30:22,349 - mmdet - INFO - Epoch [1][200/618]	lr: 3.986e-03, eta: 0:28:50, time: 0.752, data_time: 0.012, memory: 11886, loss_rpn_cls: 0.0039, loss_rpn_bbox: 0.0332, loss_cls: 0.0405, acc: 98.2656, loss_bbox: 0.0900, loss: 0.1676
2020-11-20 01:31:37,213 - mmdet - INFO - Epoch [1][300/618]	lr: 5.984e-03, eta: 0:27:24, time: 0.749, data_time: 0.012, memory: 11886, loss_rpn_cls: 0.0026, loss_rpn_bbox: 0.0281, loss_cls: 0.0312, acc: 98.6602, loss_bbox: 0.0701, loss: 0.1320
2020-11-20 01:32:52,269 - mmdet - INFO - Epoch [1][400/618]	lr: 7.982e-03, eta: 0:26:05, time: 0.751, data_time: 0.012, memory: 11886, loss_rpn_cls: 0.0031, loss_rpn_bbox: 0.0350, loss_cls: 0.0374, acc: 98.4619, loss_bbox: 0.0839, loss: 0.1593
2020-11-20 01:34:07,042 - mmdet - INFO - Epoch [1][500/618]	lr: 9.980e-03, eta: 0:24:46, time: 0.748, data_time: 0.012, memory: 11886, loss_rpn_cls: 0.0038, loss_rpn_bbox: 0.0381, loss_cls: 0.0523, acc: 97.7666, loss_bbox: 0.0969, loss: 0.1911
2020-11-20 01:35:21,689 - mmdet - INFO - Epoch [1][600/618]	lr: 1.000e-02, eta: 0:23:29, time: 0.746, data_time: 0.012, memory: 11886, loss_rpn_cls: 0.0029, loss_rpn_bbox: 0.0387, loss_cls: 0.0406, acc: 98.3721, loss_bbox: 0.0969, loss: 0.1791
2020-11-20 01:35:59,702 - mmdet - INFO - Evaluating bbox...
2020-11-20 01:36:02,792 - mmdet - INFO - Epoch [1][618/618]	lr: 1.000e-02, bbox_mAP: 0.7770, bbox_mAP_50: 0.8520, bbox_mAP_75: 0.8280, bbox_mAP_s: 0.4430, bbox_mAP_m: 0.8020, bbox_mAP_l: 0.8780, bbox_mAP_copypaste: 0.777 0.852 0.828 0.443 0.802 0.878
2020-11-20 01:37:20,181 - mmdet - INFO - Epoch [2][100/618]	lr: 1.000e-02, eta: 0:21:31, time: 0.772, data_time: 0.033, memory: 11886, loss_rpn_cls: 0.0035, loss_rpn_bbox: 0.0381, loss_cls: 0.0393, acc: 98.3252, loss_bbox: 0.0945, loss: 0.1755
2020-11-20 01:38:35,396 - mmdet - INFO - Epoch [2][200/618]	lr: 1.000e-02, eta: 0:20:21, time: 0.752, data_time: 0.013, memory: 11886, loss_rpn_cls: 0.0026, loss_rpn_bbox: 0.0398, loss_cls: 0.0394, acc: 98.3613, loss_bbox: 0.0934, loss: 0.1752
2020-11-20 01:39:50,368 - mmdet - INFO - Epoch [2][300/618]	lr: 1.000e-02, eta: 0:19:09, time: 0.750, data_time: 0.012, memory: 11886, loss_rpn_cls: 0.0041, loss_rpn_bbox: 0.0388, loss_cls: 0.0404, acc: 98.2891, loss_bbox: 0.0886, loss: 0.1718
2020-11-20 01:41:05,331 - mmdet - INFO - Epoch [2][400/618]	lr: 1.000e-02, eta: 0:17:56, time: 0.750, data_time: 0.012, memory: 11886, loss_rpn_cls: 0.0034, loss_rpn_bbox: 0.0397, loss_cls: 0.0437, acc: 98.1436, loss_bbox: 0.0956, loss: 0.1824
2020-11-20 01:42:20,129 - mmdet - INFO - Epoch [2][500/618]	lr: 1.000e-02, eta: 0:16:43, time: 0.748, data_time: 0.012, memory: 11886, loss_rpn_cls: 0.0026, loss_rpn_bbox: 0.0414, loss_cls: 0.0385, acc: 98.3975, loss_bbox: 0.0957, loss: 0.1782
2020-11-20 01:43:34,667 - mmdet - INFO - Epoch [2][600/618]	lr: 1.000e-02, eta: 0:15:30, time: 0.745, data_time: 0.012, memory: 11886, loss_rpn_cls: 0.0038, loss_rpn_bbox: 0.0347, loss_cls: 0.0437, acc: 98.2773, loss_bbox: 0.0883, loss: 0.1704
2020-11-20 01:44:12,621 - mmdet - INFO - Evaluating bbox...
2020-11-20 01:44:15,765 - mmdet - INFO - Epoch [2][618/618]	lr: 1.000e-02, bbox_mAP: 0.7700, bbox_mAP_50: 0.8470, bbox_mAP_75: 0.8180, bbox_mAP_s: 0.4290, bbox_mAP_m: 0.7970, bbox_mAP_l: 0.8750, bbox_mAP_copypaste: 0.770 0.847 0.818 0.429 0.797 0.875
2020-11-20 01:44:46,756 - mmdet - INFO - Epoch(train) [2][77]	loss_rpn_cls: 0.0065, loss_rpn_bbox: 0.0412, loss_cls: 0.0451, acc: 98.2587, loss_bbox: 0.0930, loss: 0.1858
2020-11-20 01:46:04,060 - mmdet - INFO - Epoch [3][100/618]	lr: 1.000e-02, eta: 0:13:53, time: 0.771, data_time: 0.034, memory: 11886, loss_rpn_cls: 0.0041, loss_rpn_bbox: 0.0398, loss_cls: 0.0422, acc: 98.2471, loss_bbox: 0.0937, loss: 0.1798
2020-11-20 01:47:19,026 - mmdet - INFO - Epoch [3][200/618]	lr: 1.000e-02, eta: 0:12:41, time: 0.750, data_time: 0.012, memory: 11886, loss_rpn_cls: 0.0037, loss_rpn_bbox: 0.0404, loss_cls: 0.0460, acc: 98.0977, loss_bbox: 0.1043, loss: 0.1943
2020-11-20 01:48:33,886 - mmdet - INFO - Epoch [3][300/618]	lr: 1.000e-02, eta: 0:11:28, time: 0.749, data_time: 0.012, memory: 11886, loss_rpn_cls: 0.0036, loss_rpn_bbox: 0.0409, loss_cls: 0.0350, acc: 98.5674, loss_bbox: 0.0882, loss: 0.1677
2020-11-20 01:49:48,933 - mmdet - INFO - Epoch [3][400/618]	lr: 1.000e-02, eta: 0:10:15, time: 0.750, data_time: 0.012, memory: 11886, loss_rpn_cls: 0.0039, loss_rpn_bbox: 0.0382, loss_cls: 0.0468, acc: 98.0352, loss_bbox: 0.0929, loss: 0.1818
2020-11-20 01:51:04,299 - mmdet - INFO - Epoch [3][500/618]	lr: 1.000e-02, eta: 0:09:02, time: 0.754, data_time: 0.012, memory: 11886, loss_rpn_cls: 0.0033, loss_rpn_bbox: 0.0391, loss_cls: 0.0464, acc: 98.0342, loss_bbox: 0.0996, loss: 0.1885
2020-11-20 01:52:19,331 - mmdet - INFO - Epoch [3][600/618]	lr: 1.000e-02, eta: 0:07:49, time: 0.750, data_time: 0.012, memory: 11886, loss_rpn_cls: 0.0037, loss_rpn_bbox: 0.0377, loss_cls: 0.0382, acc: 98.4287, loss_bbox: 0.0905, loss: 0.1700
2020-11-20 01:52:57,487 - mmdet - INFO - Evaluating bbox...
2020-11-20 01:53:00,514 - mmdet - INFO - Epoch [3][618/618]	lr: 1.000e-02, bbox_mAP: 0.7700, bbox_mAP_50: 0.8430, bbox_mAP_75: 0.8170, bbox_mAP_s: 0.4290, bbox_mAP_m: 0.7880, bbox_mAP_l: 0.8740, bbox_mAP_copypaste: 0.770 0.843 0.817 0.429 0.788 0.874
2020-11-20 01:54:17,995 - mmdet - INFO - Epoch [4][100/618]	lr: 1.000e-02, eta: 0:06:19, time: 0.773, data_time: 0.033, memory: 11886, loss_rpn_cls: 0.0042, loss_rpn_bbox: 0.0383, loss_cls: 0.0428, acc: 98.2695, loss_bbox: 0.0958, loss: 0.1811
2020-11-20 01:55:32,910 - mmdet - INFO - Epoch [4][200/618]	lr: 1.000e-02, eta: 0:05:06, time: 0.749, data_time: 0.014, memory: 11912, loss_rpn_cls: 0.0041, loss_rpn_bbox: 0.0378, loss_cls: 0.0378, acc: 98.4727, loss_bbox: 0.0898, loss: 0.1694
2020-11-20 01:56:48,492 - mmdet - INFO - Epoch [4][300/618]	lr: 1.000e-02, eta: 0:03:53, time: 0.756, data_time: 0.012, memory: 11912, loss_rpn_cls: 0.0033, loss_rpn_bbox: 0.0403, loss_cls: 0.0425, acc: 98.2422, loss_bbox: 0.0999, loss: 0.1861
2020-11-20 01:58:03,378 - mmdet - INFO - Epoch [4][400/618]	lr: 1.000e-02, eta: 0:02:40, time: 0.749, data_time: 0.012, memory: 11912, loss_rpn_cls: 0.0035, loss_rpn_bbox: 0.0367, loss_cls: 0.0369, acc: 98.4492, loss_bbox: 0.0893, loss: 0.1664
2020-11-20 01:59:18,092 - mmdet - INFO - Epoch [4][500/618]	lr: 1.000e-02, eta: 0:01:26, time: 0.747, data_time: 0.012, memory: 11912, loss_rpn_cls: 0.0031, loss_rpn_bbox: 0.0371, loss_cls: 0.0353, acc: 98.5664, loss_bbox: 0.0876, loss: 0.1630
2020-11-20 02:00:32,757 - mmdet - INFO - Epoch [4][600/618]	lr: 1.000e-02, eta: 0:00:13, time: 0.747, data_time: 0.012, memory: 11912, loss_rpn_cls: 0.0040, loss_rpn_bbox: 0.0389, loss_cls: 0.0462, acc: 98.0713, loss_bbox: 0.0958, loss: 0.1849
2020-11-20 02:00:46,360 - mmdet - INFO - Saving checkpoint at 4 epochs
2020-11-20 02:01:12,614 - mmdet - INFO - Evaluating bbox...
2020-11-20 02:01:15,777 - mmdet - INFO - Epoch [4][618/618]	lr: 1.000e-02, bbox_mAP: 0.7650, bbox_mAP_50: 0.8420, bbox_mAP_75: 0.8170, bbox_mAP_s: 0.4300, bbox_mAP_m: 0.7820, bbox_mAP_l: 0.8700, bbox_mAP_copypaste: 0.765 0.842 0.817 0.430 0.782 0.870
2020-11-20 02:01:46,835 - mmdet - INFO - Epoch(train) [4][77]	loss_rpn_cls: 0.0055, loss_rpn_bbox: 0.0428, loss_cls: 0.0457, acc: 98.1750, loss_bbox: 0.0947, loss: 0.1886
