2020-11-19 16:38:17,770 - mmdet - INFO - Environment info:
------------------------------------------------------------
sys.platform: linux
Python: 3.6.4 |Anaconda, Inc.| (default, Jan 16 2018, 18:10:19) [GCC 7.2.0]
CUDA available: True
CUDA_HOME: /usr/local/cuda
NVCC: Cuda compilation tools, release 10.0, V10.0.130
GPU 0: Tesla P100-PCIE-16GB
GCC: gcc (GCC) 5.3.0
PyTorch: 1.3.1+cu100
PyTorch compiling details: PyTorch built with:
  - GCC 7.3
  - Intel(R) Math Kernel Library Version 2019.0.4 Product Build 20190411 for Intel(R) 64 architecture applications
  - Intel(R) MKL-DNN v0.20.5 (Git Hash 0125f28c61c1f822fd48570b4c1066f96fcb9b2e)
  - OpenMP 201511 (a.k.a. OpenMP 4.5)
  - NNPACK is enabled
  - CUDA Runtime 10.0
  - NVCC architecture flags: -gencode;arch=compute_37,code=sm_37;-gencode;arch=compute_50,code=sm_50;-gencode;arch=compute_60,code=sm_60;-gencode;arch=compute_61,code=sm_61;-gencode;arch=compute_70,code=sm_70;-gencode;arch=compute_75,code=sm_75;-gencode;arch=compute_37,code=compute_37
  - CuDNN 7.6.3
  - Magma 2.5.1
  - Build settings: BLAS=MKL, BUILD_NAMEDTENSOR=OFF, BUILD_TYPE=Release, CXX_FLAGS= -Wno-deprecated -fvisibility-inlines-hidden -fopenmp -DUSE_FBGEMM -DUSE_QNNPACK -DUSE_PYTORCH_QNNPACK -O2 -fPIC -Wno-narrowing -Wall -Wextra -Wno-missing-field-initializers -Wno-type-limits -Wno-array-bounds -Wno-unknown-pragmas -Wno-sign-compare -Wno-unused-parameter -Wno-unused-variable -Wno-unused-function -Wno-unused-result -Wno-strict-overflow -Wno-strict-aliasing -Wno-error=deprecated-declarations -Wno-stringop-overflow -Wno-error=pedantic -Wno-error=redundant-decls -Wno-error=old-style-cast -fdiagnostics-color=always -faligned-new -Wno-unused-but-set-variable -Wno-maybe-uninitialized -fno-math-errno -fno-trapping-math -Wno-stringop-overflow, DISABLE_NUMA=1, PERF_WITH_AVX=1, PERF_WITH_AVX2=1, PERF_WITH_AVX512=1, USE_CUDA=True, USE_EXCEPTION_PTR=1, USE_GFLAGS=OFF, USE_GLOG=OFF, USE_MKL=ON, USE_MKLDNN=ON, USE_MPI=OFF, USE_NCCL=ON, USE_NNPACK=ON, USE_OPENMP=ON, USE_STATIC_DISPATCH=OFF, 

TorchVision: 0.4.2+cu100
OpenCV: 4.4.0
MMCV: 1.0.5
MMDetection: 2.3.0+788fa8d
MMDetection Compiler: GCC 7.3
MMDetection CUDA Compiler: 10.0
------------------------------------------------------------

2020-11-19 16:38:17,771 - mmdet - INFO - Distributed training: False
2020-11-19 16:38:18,173 - mmdet - INFO - Config:
model = dict(
    type='FasterRCNN',
    pretrained='torchvision://resnet50',
    backbone=dict(
        type='ResNet',
        depth=50,
        num_stages=4,
        out_indices=(0, 1, 2, 3),
        frozen_stages=1,
        norm_cfg=dict(type='BN', requires_grad=True),
        norm_eval=True,
        style='pytorch'),
    neck=dict(
        type='FPN',
        in_channels=[256, 512, 1024, 2048],
        out_channels=256,
        num_outs=5),
    rpn_head=dict(
        type='RPNHead',
        in_channels=256,
        feat_channels=256,
        anchor_generator=dict(
            type='AnchorGenerator',
            scales=[8],
            ratios=[0.5, 1.0, 2.0],
            strides=[4, 8, 16, 32, 64]),
        bbox_coder=dict(
            type='DeltaXYWHBBoxCoder',
            target_means=[0.0, 0.0, 0.0, 0.0],
            target_stds=[1.0, 1.0, 1.0, 1.0]),
        loss_cls=dict(
            type='CrossEntropyLoss', use_sigmoid=True, loss_weight=1.0),
        loss_bbox=dict(type='L1Loss', loss_weight=1.0)),
    roi_head=dict(
        type='StandardRoIHead',
        bbox_roi_extractor=dict(
            type='SingleRoIExtractor',
            roi_layer=dict(type='RoIAlign', output_size=7, sampling_ratio=0),
            out_channels=256,
            featmap_strides=[4, 8, 16, 32]),
        bbox_head=dict(
            type='Shared2FCBBoxHead',
            in_channels=256,
            fc_out_channels=1024,
            roi_feat_size=7,
            num_classes=2,
            bbox_coder=dict(
                type='DeltaXYWHBBoxCoder',
                target_means=[0.0, 0.0, 0.0, 0.0],
                target_stds=[0.1, 0.1, 0.2, 0.2]),
            reg_class_agnostic=False,
            loss_cls=dict(
                type='CrossEntropyLoss', use_sigmoid=False, loss_weight=1.0),
            loss_bbox=dict(type='L1Loss', loss_weight=1.0))))
train_cfg = dict(
    rpn=dict(
        assigner=dict(
            type='MaxIoUAssigner',
            pos_iou_thr=0.7,
            neg_iou_thr=0.3,
            min_pos_iou=0.3,
            match_low_quality=True,
            ignore_iof_thr=-1),
        sampler=dict(
            type='RandomSampler',
            num=256,
            pos_fraction=0.5,
            neg_pos_ub=-1,
            add_gt_as_proposals=False),
        allowed_border=-1,
        pos_weight=-1,
        debug=False),
    rpn_proposal=dict(
        nms_across_levels=False,
        nms_pre=2000,
        nms_post=1000,
        max_num=1000,
        nms_thr=0.7,
        min_bbox_size=0),
    rcnn=dict(
        assigner=dict(
            type='MaxIoUAssigner',
            pos_iou_thr=0.5,
            neg_iou_thr=0.5,
            min_pos_iou=0.5,
            match_low_quality=False,
            ignore_iof_thr=-1),
        sampler=dict(
            type='RandomSampler',
            num=512,
            pos_fraction=0.25,
            neg_pos_ub=-1,
            add_gt_as_proposals=True),
        pos_weight=-1,
        debug=False))
test_cfg = dict(
    rpn=dict(
        nms_across_levels=False,
        nms_pre=1000,
        nms_post=1000,
        max_num=1000,
        nms_thr=0.7,
        min_bbox_size=0),
    rcnn=dict(
        score_thr=0.05,
        nms=dict(type='nms', iou_threshold=0.5),
        max_per_img=100))
dataset_type = 'CocoDataset'
data_root = 'data/coco/'
img_norm_cfg = dict(
    mean=[123.675, 116.28, 103.53], std=[58.395, 57.12, 57.375], to_rgb=True)
train_pipeline = [
    dict(type='LoadImageFromFile'),
    dict(type='LoadAnnotations', with_bbox=True),
    dict(type='Resize', img_scale=(1550, 1550), keep_ratio=True),
    dict(type='RandomFlip', flip_ratio=0.5),
    dict(
        type='Normalize',
        mean=[123.675, 116.28, 103.53],
        std=[58.395, 57.12, 57.375],
        to_rgb=True),
    dict(type='Pad', size_divisor=32),
    dict(type='DefaultFormatBundle'),
    dict(type='Collect', keys=['img', 'gt_bboxes', 'gt_labels'])
]
test_pipeline = [
    dict(type='LoadImageFromFile'),
    dict(
        type='MultiScaleFlipAug',
        img_scale=(1550, 1550),
        flip=False,
        transforms=[
            dict(type='Resize', keep_ratio=True),
            dict(type='RandomFlip'),
            dict(
                type='Normalize',
                mean=[123.675, 116.28, 103.53],
                std=[58.395, 57.12, 57.375],
                to_rgb=True),
            dict(type='Pad', size_divisor=32),
            dict(type='ImageToTensor', keys=['img']),
            dict(type='Collect', keys=['img'])
        ])
]
data = dict(
    samples_per_gpu=2,
    workers_per_gpu=2,
    train=dict(
        type='CocoDataset',
        ann_file='data/coco/annotations/annotations_trai.json',
        img_prefix='data/coco/img/',
        pipeline=[
            dict(type='LoadImageFromFile'),
            dict(type='LoadAnnotations', with_bbox=True),
            dict(type='Resize', img_scale=(1550, 1550), keep_ratio=True),
            dict(type='RandomFlip', flip_ratio=0.5),
            dict(
                type='Normalize',
                mean=[123.675, 116.28, 103.53],
                std=[58.395, 57.12, 57.375],
                to_rgb=True),
            dict(type='Pad', size_divisor=32),
            dict(type='DefaultFormatBundle'),
            dict(type='Collect', keys=['img', 'gt_bboxes', 'gt_labels'])
        ]),
    val=dict(
        type='CocoDataset',
        ann_file='data/coco/annotations/annotations_test.json',
        img_prefix='data/coco/img/',
        pipeline=[
            dict(type='LoadImageFromFile'),
            dict(
                type='MultiScaleFlipAug',
                img_scale=(1550, 1550),
                flip=False,
                transforms=[
                    dict(type='Resize', keep_ratio=True),
                    dict(type='RandomFlip'),
                    dict(
                        type='Normalize',
                        mean=[123.675, 116.28, 103.53],
                        std=[58.395, 57.12, 57.375],
                        to_rgb=True),
                    dict(type='Pad', size_divisor=32),
                    dict(type='ImageToTensor', keys=['img']),
                    dict(type='Collect', keys=['img'])
                ])
        ]),
    test=dict(
        type='CocoDataset',
        ann_file='data/coco/annotations/annotations_vals.json',
        img_prefix='data/coco/img/',
        pipeline=[
            dict(type='LoadImageFromFile'),
            dict(
                type='MultiScaleFlipAug',
                img_scale=(1550, 1550),
                flip=False,
                transforms=[
                    dict(type='Resize', keep_ratio=True),
                    dict(type='RandomFlip'),
                    dict(
                        type='Normalize',
                        mean=[123.675, 116.28, 103.53],
                        std=[58.395, 57.12, 57.375],
                        to_rgb=True),
                    dict(type='Pad', size_divisor=32),
                    dict(type='ImageToTensor', keys=['img']),
                    dict(type='Collect', keys=['img'])
                ])
        ]))
evaluation = dict(interval=1, metric='bbox')
optimizer = dict(type='SGD', lr=0.01, momentum=0.9, weight_decay=0.0001)
optimizer_config = dict(grad_clip=None)
lr_config = dict(
    policy='step',
    warmup='linear',
    warmup_iters=500,
    warmup_ratio=0.001,
    step=[8, 11])
total_epochs = 4
checkpoint_config = dict(interval=4)
log_config = dict(interval=100, hooks=[dict(type='TextLoggerHook')])
dist_params = dict(backend='nccl')
log_level = 'INFO'
load_from = '/home/admin/.cache/torch/checkpoints/X.pth'
resume_from = None
workflow = [('train', 2), ('val', 1)]
work_dir = '/home/admin/jupyter/SecurityAI_Round5/data/work'
gpu_ids = range(0, 1)

2020-11-19 16:38:18,701 - mmdet - INFO - load model from: torchvision://resnet50
2020-11-19 16:38:26,442 - mmdet - WARNING - The model and loaded state dict do not match exactly

unexpected key in source state_dict: fc.weight, fc.bias

2020-11-19 16:38:36,687 - mmdet - INFO - load checkpoint from /home/admin/.cache/torch/checkpoints/X.pth
2020-11-19 16:38:42,990 - mmdet - INFO - Start running, host: admin@fuxilabor_labor0_S4_Odps_S96_dsw_prepaid_cnsh_838_2020111907522, work_dir: /home/admin/jupyter/SecurityAI_Round5/data/work
2020-11-19 16:38:42,990 - mmdet - INFO - workflow: [('train', 2), ('val', 1)], max: 4 epochs
2020-11-19 16:40:00,598 - mmdet - INFO - Epoch [1][100/629]	lr: 1.988e-03, eta: 0:31:10, time: 0.774, data_time: 0.033, memory: 11882, loss_rpn_cls: 0.0044, loss_rpn_bbox: 0.0389, loss_cls: 0.0492, acc: 97.9766, loss_bbox: 0.1117, loss: 0.2041
2020-11-19 16:41:15,243 - mmdet - INFO - Epoch [1][200/629]	lr: 3.986e-03, eta: 0:29:20, time: 0.746, data_time: 0.012, memory: 11882, loss_rpn_cls: 0.0033, loss_rpn_bbox: 0.0329, loss_cls: 0.0415, acc: 98.2246, loss_bbox: 0.0920, loss: 0.1698
2020-11-19 16:42:30,222 - mmdet - INFO - Epoch [1][300/629]	lr: 5.984e-03, eta: 0:27:57, time: 0.750, data_time: 0.012, memory: 11882, loss_rpn_cls: 0.0041, loss_rpn_bbox: 0.0381, loss_cls: 0.0460, acc: 98.1309, loss_bbox: 0.0936, loss: 0.1817
2020-11-19 16:43:45,680 - mmdet - INFO - Epoch [1][400/629]	lr: 7.982e-03, eta: 0:26:40, time: 0.755, data_time: 0.012, memory: 11882, loss_rpn_cls: 0.0061, loss_rpn_bbox: 0.0422, loss_cls: 0.0546, acc: 97.8008, loss_bbox: 0.1091, loss: 0.2121
2020-11-19 16:45:00,590 - mmdet - INFO - Epoch [1][500/629]	lr: 9.980e-03, eta: 0:25:21, time: 0.749, data_time: 0.012, memory: 11882, loss_rpn_cls: 0.0046, loss_rpn_bbox: 0.0412, loss_cls: 0.0427, acc: 98.2275, loss_bbox: 0.0967, loss: 0.1852
2020-11-19 16:46:15,516 - mmdet - INFO - Epoch [1][600/629]	lr: 1.000e-02, eta: 0:24:04, time: 0.749, data_time: 0.012, memory: 11882, loss_rpn_cls: 0.0037, loss_rpn_bbox: 0.0422, loss_cls: 0.0445, acc: 98.1680, loss_bbox: 0.1034, loss: 0.1938
2020-11-19 16:47:01,002 - mmdet - INFO - Evaluating bbox...
2020-11-19 16:47:02,327 - mmdet - INFO - Epoch [1][629/629]	lr: 1.000e-02, bbox_mAP: 0.8250, bbox_mAP_50: 0.9090, bbox_mAP_75: 0.8920, bbox_mAP_s: 0.5570, bbox_mAP_m: 0.8380, bbox_mAP_l: 0.8850, bbox_mAP_copypaste: 0.825 0.909 0.892 0.557 0.838 0.885
2020-11-19 16:48:19,573 - mmdet - INFO - Epoch [2][100/629]	lr: 1.000e-02, eta: 0:21:37, time: 0.771, data_time: 0.033, memory: 11882, loss_rpn_cls: 0.0038, loss_rpn_bbox: 0.0419, loss_cls: 0.0476, acc: 98.0049, loss_bbox: 0.1071, loss: 0.2003
2020-11-19 16:49:34,760 - mmdet - INFO - Epoch [2][200/629]	lr: 1.000e-02, eta: 0:20:30, time: 0.752, data_time: 0.012, memory: 11882, loss_rpn_cls: 0.0055, loss_rpn_bbox: 0.0439, loss_cls: 0.0489, acc: 97.9746, loss_bbox: 0.1052, loss: 0.2035
2020-11-19 16:50:49,495 - mmdet - INFO - Epoch [2][300/629]	lr: 1.000e-02, eta: 0:19:20, time: 0.747, data_time: 0.012, memory: 11882, loss_rpn_cls: 0.0058, loss_rpn_bbox: 0.0482, loss_cls: 0.0545, acc: 97.7354, loss_bbox: 0.1128, loss: 0.2213
2020-11-19 16:52:04,192 - mmdet - INFO - Epoch [2][400/629]	lr: 1.000e-02, eta: 0:18:09, time: 0.747, data_time: 0.012, memory: 11882, loss_rpn_cls: 0.0045, loss_rpn_bbox: 0.0453, loss_cls: 0.0513, acc: 97.8232, loss_bbox: 0.1096, loss: 0.2107
2020-11-19 16:53:18,984 - mmdet - INFO - Epoch [2][500/629]	lr: 1.000e-02, eta: 0:16:58, time: 0.748, data_time: 0.012, memory: 11882, loss_rpn_cls: 0.0043, loss_rpn_bbox: 0.0432, loss_cls: 0.0428, acc: 98.2764, loss_bbox: 0.0986, loss: 0.1888
2020-11-19 16:54:33,665 - mmdet - INFO - Epoch [2][600/629]	lr: 1.000e-02, eta: 0:15:46, time: 0.747, data_time: 0.012, memory: 11882, loss_rpn_cls: 0.0045, loss_rpn_bbox: 0.0393, loss_cls: 0.0494, acc: 97.8691, loss_bbox: 0.1034, loss: 0.1966
2020-11-19 16:55:19,267 - mmdet - INFO - Evaluating bbox...
2020-11-19 16:55:20,701 - mmdet - INFO - Epoch [2][629/629]	lr: 1.000e-02, bbox_mAP: 0.8250, bbox_mAP_50: 0.9020, bbox_mAP_75: 0.8860, bbox_mAP_s: 0.5530, bbox_mAP_m: 0.8400, bbox_mAP_l: 0.8870, bbox_mAP_copypaste: 0.825 0.902 0.886 0.553 0.840 0.887
2020-11-19 16:55:50,418 - mmdet - INFO - Epoch(train) [2][74]	loss_rpn_cls: 0.0034, loss_rpn_bbox: 0.0432, loss_cls: 0.0476, acc: 98.0271, loss_bbox: 0.1047, loss: 0.1989
2020-11-19 16:57:07,638 - mmdet - INFO - Epoch [3][100/629]	lr: 1.000e-02, eta: 0:13:56, time: 0.770, data_time: 0.034, memory: 11882, loss_rpn_cls: 0.0048, loss_rpn_bbox: 0.0440, loss_cls: 0.0534, acc: 97.8389, loss_bbox: 0.1138, loss: 0.2161
2020-11-19 16:58:22,575 - mmdet - INFO - Epoch [3][200/629]	lr: 1.000e-02, eta: 0:12:45, time: 0.749, data_time: 0.012, memory: 11882, loss_rpn_cls: 0.0054, loss_rpn_bbox: 0.0451, loss_cls: 0.0513, acc: 97.8320, loss_bbox: 0.1096, loss: 0.2115
2020-11-19 16:59:37,211 - mmdet - INFO - Epoch [3][300/629]	lr: 1.000e-02, eta: 0:11:34, time: 0.746, data_time: 0.012, memory: 11882, loss_rpn_cls: 0.0031, loss_rpn_bbox: 0.0394, loss_cls: 0.0392, acc: 98.4150, loss_bbox: 0.0920, loss: 0.1736
2020-11-19 17:00:51,935 - mmdet - INFO - Epoch [3][400/629]	lr: 1.000e-02, eta: 0:10:23, time: 0.747, data_time: 0.012, memory: 11882, loss_rpn_cls: 0.0037, loss_rpn_bbox: 0.0446, loss_cls: 0.0555, acc: 97.6885, loss_bbox: 0.1152, loss: 0.2190
2020-11-19 17:02:06,867 - mmdet - INFO - Epoch [3][500/629]	lr: 1.000e-02, eta: 0:09:11, time: 0.749, data_time: 0.012, memory: 11882, loss_rpn_cls: 0.0051, loss_rpn_bbox: 0.0439, loss_cls: 0.0469, acc: 98.0371, loss_bbox: 0.1042, loss: 0.2000
2020-11-19 17:03:21,861 - mmdet - INFO - Epoch [3][600/629]	lr: 1.000e-02, eta: 0:07:59, time: 0.750, data_time: 0.012, memory: 11882, loss_rpn_cls: 0.0043, loss_rpn_bbox: 0.0434, loss_cls: 0.0485, acc: 97.9951, loss_bbox: 0.1051, loss: 0.2013
2020-11-19 17:04:07,496 - mmdet - INFO - Evaluating bbox...
2020-11-19 17:04:08,853 - mmdet - INFO - Epoch [3][629/629]	lr: 1.000e-02, bbox_mAP: 0.8340, bbox_mAP_50: 0.9130, bbox_mAP_75: 0.8960, bbox_mAP_s: 0.5680, bbox_mAP_m: 0.8390, bbox_mAP_l: 0.8930, bbox_mAP_copypaste: 0.834 0.913 0.896 0.568 0.839 0.893
2020-11-19 17:05:26,128 - mmdet - INFO - Epoch [4][100/629]	lr: 1.000e-02, eta: 0:06:21, time: 0.771, data_time: 0.034, memory: 11882, loss_rpn_cls: 0.0042, loss_rpn_bbox: 0.0418, loss_cls: 0.0461, acc: 98.0508, loss_bbox: 0.1035, loss: 0.1956
2020-11-19 17:06:40,802 - mmdet - INFO - Epoch [4][200/629]	lr: 1.000e-02, eta: 0:05:09, time: 0.747, data_time: 0.012, memory: 11882, loss_rpn_cls: 0.0050, loss_rpn_bbox: 0.0431, loss_cls: 0.0484, acc: 97.9707, loss_bbox: 0.1060, loss: 0.2025
2020-11-19 17:07:55,561 - mmdet - INFO - Epoch [4][300/629]	lr: 1.000e-02, eta: 0:03:57, time: 0.748, data_time: 0.012, memory: 11882, loss_rpn_cls: 0.0063, loss_rpn_bbox: 0.0452, loss_cls: 0.0525, acc: 97.8779, loss_bbox: 0.1133, loss: 0.2173
2020-11-19 17:09:10,353 - mmdet - INFO - Epoch [4][400/629]	lr: 1.000e-02, eta: 0:02:45, time: 0.748, data_time: 0.012, memory: 11882, loss_rpn_cls: 0.0036, loss_rpn_bbox: 0.0430, loss_cls: 0.0423, acc: 98.2520, loss_bbox: 0.1039, loss: 0.1928
2020-11-19 17:10:24,983 - mmdet - INFO - Epoch [4][500/629]	lr: 1.000e-02, eta: 0:01:33, time: 0.746, data_time: 0.012, memory: 11882, loss_rpn_cls: 0.0037, loss_rpn_bbox: 0.0410, loss_cls: 0.0440, acc: 98.2119, loss_bbox: 0.1008, loss: 0.1895
2020-11-19 17:11:40,164 - mmdet - INFO - Epoch [4][600/629]	lr: 1.000e-02, eta: 0:00:21, time: 0.752, data_time: 0.012, memory: 11908, loss_rpn_cls: 0.0040, loss_rpn_bbox: 0.0414, loss_cls: 0.0491, acc: 97.8916, loss_bbox: 0.1044, loss: 0.1989
2020-11-19 17:12:01,904 - mmdet - INFO - Saving checkpoint at 4 epochs
2020-11-19 17:12:27,559 - mmdet - INFO - Evaluating bbox...
2020-11-19 17:12:28,852 - mmdet - INFO - Epoch [4][629/629]	lr: 1.000e-02, bbox_mAP: 0.8280, bbox_mAP_50: 0.9080, bbox_mAP_75: 0.8910, bbox_mAP_s: 0.5530, bbox_mAP_m: 0.8280, bbox_mAP_l: 0.8880, bbox_mAP_copypaste: 0.828 0.908 0.891 0.553 0.828 0.888
2020-11-19 17:12:58,676 - mmdet - INFO - Epoch(train) [4][74]	loss_rpn_cls: 0.0060, loss_rpn_bbox: 0.0452, loss_cls: 0.0547, acc: 97.7433, loss_bbox: 0.1108, loss: 0.2167
