2020-11-21 07:44:32,098 - mmdet - INFO - Environment info:
------------------------------------------------------------
sys.platform: linux
Python: 3.6.4 |Anaconda, Inc.| (default, Jan 16 2018, 18:10:19) [GCC 7.2.0]
CUDA available: True
CUDA_HOME: /usr/local/cuda
NVCC: Cuda compilation tools, release 10.0, V10.0.130
GPU 0: Tesla P100-PCIE-16GB
GCC: gcc (GCC) 5.3.0
PyTorch: 1.3.1+cu100
PyTorch compiling details: PyTorch built with:
  - GCC 7.3
  - Intel(R) Math Kernel Library Version 2019.0.4 Product Build 20190411 for Intel(R) 64 architecture applications
  - Intel(R) MKL-DNN v0.20.5 (Git Hash 0125f28c61c1f822fd48570b4c1066f96fcb9b2e)
  - OpenMP 201511 (a.k.a. OpenMP 4.5)
  - NNPACK is enabled
  - CUDA Runtime 10.0
  - NVCC architecture flags: -gencode;arch=compute_37,code=sm_37;-gencode;arch=compute_50,code=sm_50;-gencode;arch=compute_60,code=sm_60;-gencode;arch=compute_61,code=sm_61;-gencode;arch=compute_70,code=sm_70;-gencode;arch=compute_75,code=sm_75;-gencode;arch=compute_37,code=compute_37
  - CuDNN 7.6.3
  - Magma 2.5.1
  - Build settings: BLAS=MKL, BUILD_NAMEDTENSOR=OFF, BUILD_TYPE=Release, CXX_FLAGS= -Wno-deprecated -fvisibility-inlines-hidden -fopenmp -DUSE_FBGEMM -DUSE_QNNPACK -DUSE_PYTORCH_QNNPACK -O2 -fPIC -Wno-narrowing -Wall -Wextra -Wno-missing-field-initializers -Wno-type-limits -Wno-array-bounds -Wno-unknown-pragmas -Wno-sign-compare -Wno-unused-parameter -Wno-unused-variable -Wno-unused-function -Wno-unused-result -Wno-strict-overflow -Wno-strict-aliasing -Wno-error=deprecated-declarations -Wno-stringop-overflow -Wno-error=pedantic -Wno-error=redundant-decls -Wno-error=old-style-cast -fdiagnostics-color=always -faligned-new -Wno-unused-but-set-variable -Wno-maybe-uninitialized -fno-math-errno -fno-trapping-math -Wno-stringop-overflow, DISABLE_NUMA=1, PERF_WITH_AVX=1, PERF_WITH_AVX2=1, PERF_WITH_AVX512=1, USE_CUDA=True, USE_EXCEPTION_PTR=1, USE_GFLAGS=OFF, USE_GLOG=OFF, USE_MKL=ON, USE_MKLDNN=ON, USE_MPI=OFF, USE_NCCL=ON, USE_NNPACK=ON, USE_OPENMP=ON, USE_STATIC_DISPATCH=OFF, 

TorchVision: 0.4.2+cu100
OpenCV: 4.4.0
MMCV: 1.0.5
MMDetection: 2.3.0+788fa8d
MMDetection Compiler: GCC 7.3
MMDetection CUDA Compiler: 10.0
------------------------------------------------------------

2020-11-21 07:44:32,098 - mmdet - INFO - Distributed training: False
2020-11-21 07:44:32,486 - mmdet - INFO - Config:
model = dict(
    type='FasterRCNN',
    pretrained='torchvision://resnet50',
    backbone=dict(
        type='ResNet',
        depth=50,
        num_stages=4,
        out_indices=(0, 1, 2, 3),
        frozen_stages=1,
        norm_cfg=dict(type='BN', requires_grad=True),
        norm_eval=True,
        style='pytorch'),
    neck=dict(
        type='FPN',
        in_channels=[256, 512, 1024, 2048],
        out_channels=256,
        num_outs=5),
    rpn_head=dict(
        type='RPNHead',
        in_channels=256,
        feat_channels=256,
        anchor_generator=dict(
            type='AnchorGenerator',
            scales=[8],
            ratios=[0.5, 1.0, 2.0],
            strides=[4, 8, 16, 32, 64]),
        bbox_coder=dict(
            type='DeltaXYWHBBoxCoder',
            target_means=[0.0, 0.0, 0.0, 0.0],
            target_stds=[1.0, 1.0, 1.0, 1.0]),
        loss_cls=dict(
            type='CrossEntropyLoss', use_sigmoid=True, loss_weight=1.0),
        loss_bbox=dict(type='L1Loss', loss_weight=1.0)),
    roi_head=dict(
        type='StandardRoIHead',
        bbox_roi_extractor=dict(
            type='SingleRoIExtractor',
            roi_layer=dict(type='RoIAlign', output_size=7, sampling_ratio=0),
            out_channels=256,
            featmap_strides=[4, 8, 16, 32]),
        bbox_head=dict(
            type='Shared2FCBBoxHead',
            in_channels=256,
            fc_out_channels=1024,
            roi_feat_size=7,
            num_classes=2,
            bbox_coder=dict(
                type='DeltaXYWHBBoxCoder',
                target_means=[0.0, 0.0, 0.0, 0.0],
                target_stds=[0.1, 0.1, 0.2, 0.2]),
            reg_class_agnostic=False,
            loss_cls=dict(
                type='CrossEntropyLoss', use_sigmoid=False, loss_weight=1.0),
            loss_bbox=dict(type='L1Loss', loss_weight=1.0))))
train_cfg = dict(
    rpn=dict(
        assigner=dict(
            type='MaxIoUAssigner',
            pos_iou_thr=0.7,
            neg_iou_thr=0.3,
            min_pos_iou=0.3,
            match_low_quality=True,
            ignore_iof_thr=-1),
        sampler=dict(
            type='RandomSampler',
            num=256,
            pos_fraction=0.5,
            neg_pos_ub=-1,
            add_gt_as_proposals=False),
        allowed_border=-1,
        pos_weight=-1,
        debug=False),
    rpn_proposal=dict(
        nms_across_levels=False,
        nms_pre=2000,
        nms_post=1000,
        max_num=1000,
        nms_thr=0.7,
        min_bbox_size=0),
    rcnn=dict(
        assigner=dict(
            type='MaxIoUAssigner',
            pos_iou_thr=0.5,
            neg_iou_thr=0.5,
            min_pos_iou=0.5,
            match_low_quality=False,
            ignore_iof_thr=-1),
        sampler=dict(
            type='RandomSampler',
            num=512,
            pos_fraction=0.25,
            neg_pos_ub=-1,
            add_gt_as_proposals=True),
        pos_weight=-1,
        debug=False))
test_cfg = dict(
    rpn=dict(
        nms_across_levels=False,
        nms_pre=1000,
        nms_post=1000,
        max_num=1000,
        nms_thr=0.7,
        min_bbox_size=0),
    rcnn=dict(
        score_thr=0.05,
        nms=dict(type='nms', iou_threshold=0.5),
        max_per_img=100))
dataset_type = 'CocoDataset'
data_root = 'data/coco/'
img_norm_cfg = dict(
    mean=[123.675, 116.28, 103.53], std=[58.395, 57.12, 57.375], to_rgb=True)
train_pipeline = [
    dict(type='LoadImageFromFile'),
    dict(type='LoadAnnotations', with_bbox=True),
    dict(type='Resize', img_scale=(1550, 1550), keep_ratio=True),
    dict(type='RandomFlip', flip_ratio=0.5),
    dict(
        type='Normalize',
        mean=[123.675, 116.28, 103.53],
        std=[58.395, 57.12, 57.375],
        to_rgb=True),
    dict(type='Pad', size_divisor=32),
    dict(type='DefaultFormatBundle'),
    dict(type='Collect', keys=['img', 'gt_bboxes', 'gt_labels'])
]
test_pipeline = [
    dict(type='LoadImageFromFile'),
    dict(
        type='MultiScaleFlipAug',
        img_scale=(1550, 1550),
        flip=False,
        transforms=[
            dict(type='Resize', keep_ratio=True),
            dict(type='RandomFlip'),
            dict(
                type='Normalize',
                mean=[123.675, 116.28, 103.53],
                std=[58.395, 57.12, 57.375],
                to_rgb=True),
            dict(type='Pad', size_divisor=32),
            dict(type='ImageToTensor', keys=['img']),
            dict(type='Collect', keys=['img'])
        ])
]
data = dict(
    samples_per_gpu=2,
    workers_per_gpu=2,
    train=dict(
        type='CocoDataset',
        ann_file='data/coco/annotations/annotations_trai.json',
        img_prefix='data/coco/img/',
        pipeline=[
            dict(type='LoadImageFromFile'),
            dict(type='LoadAnnotations', with_bbox=True),
            dict(type='Resize', img_scale=(1550, 1550), keep_ratio=True),
            dict(type='RandomFlip', flip_ratio=0.5),
            dict(
                type='Normalize',
                mean=[123.675, 116.28, 103.53],
                std=[58.395, 57.12, 57.375],
                to_rgb=True),
            dict(type='Pad', size_divisor=32),
            dict(type='DefaultFormatBundle'),
            dict(type='Collect', keys=['img', 'gt_bboxes', 'gt_labels'])
        ]),
    val=dict(
        type='CocoDataset',
        ann_file='data/coco/annotations/annotations_test.json',
        img_prefix='data/coco/img/',
        pipeline=[
            dict(type='LoadImageFromFile'),
            dict(
                type='MultiScaleFlipAug',
                img_scale=(1550, 1550),
                flip=False,
                transforms=[
                    dict(type='Resize', keep_ratio=True),
                    dict(type='RandomFlip'),
                    dict(
                        type='Normalize',
                        mean=[123.675, 116.28, 103.53],
                        std=[58.395, 57.12, 57.375],
                        to_rgb=True),
                    dict(type='Pad', size_divisor=32),
                    dict(type='ImageToTensor', keys=['img']),
                    dict(type='Collect', keys=['img'])
                ])
        ]),
    test=dict(
        type='CocoDataset',
        ann_file='data/coco/annotations/annotations_vals.json',
        img_prefix='data/coco/img/',
        pipeline=[
            dict(type='LoadImageFromFile'),
            dict(
                type='MultiScaleFlipAug',
                img_scale=(1550, 1550),
                flip=False,
                transforms=[
                    dict(type='Resize', keep_ratio=True),
                    dict(type='RandomFlip'),
                    dict(
                        type='Normalize',
                        mean=[123.675, 116.28, 103.53],
                        std=[58.395, 57.12, 57.375],
                        to_rgb=True),
                    dict(type='Pad', size_divisor=32),
                    dict(type='ImageToTensor', keys=['img']),
                    dict(type='Collect', keys=['img'])
                ])
        ]))
evaluation = dict(interval=1, metric='bbox')
optimizer = dict(type='SGD', lr=0.01, momentum=0.9, weight_decay=0.0001)
optimizer_config = dict(grad_clip=None)
lr_config = dict(
    policy='step',
    warmup='linear',
    warmup_iters=500,
    warmup_ratio=0.001,
    step=[8, 11])
total_epochs = 4
checkpoint_config = dict(interval=4)
log_config = dict(interval=100, hooks=[dict(type='TextLoggerHook')])
dist_params = dict(backend='nccl')
log_level = 'INFO'
load_from = '/home/admin/.cache/torch/checkpoints/X.pth'
resume_from = None
workflow = [('train', 2), ('val', 1)]
work_dir = '/home/admin/jupyter/SecurityAI_Round5/data/work'
gpu_ids = range(0, 1)

2020-11-21 07:44:32,987 - mmdet - INFO - load model from: torchvision://resnet50
2020-11-21 07:44:40,999 - mmdet - WARNING - The model and loaded state dict do not match exactly

unexpected key in source state_dict: fc.weight, fc.bias

2020-11-21 07:44:51,578 - mmdet - INFO - load checkpoint from /home/admin/.cache/torch/checkpoints/X.pth
2020-11-21 07:44:58,626 - mmdet - INFO - Start running, host: admin@fuxilabor_labor0_S4_Odps_S96_dsw_prepaid_cnsh_838_2020112019152, work_dir: /home/admin/jupyter/SecurityAI_Round5/data/work
2020-11-21 07:44:58,626 - mmdet - INFO - workflow: [('train', 2), ('val', 1)], max: 4 epochs
2020-11-21 07:46:16,426 - mmdet - INFO - Epoch [1][100/624]	lr: 1.988e-03, eta: 0:30:59, time: 0.776, data_time: 0.033, memory: 10050, loss_rpn_cls: 0.0037, loss_rpn_bbox: 0.0305, loss_cls: 0.0430, acc: 98.2119, loss_bbox: 0.0858, loss: 0.1631
2020-11-21 07:47:31,163 - mmdet - INFO - Epoch [1][200/624]	lr: 3.986e-03, eta: 0:29:08, time: 0.747, data_time: 0.012, memory: 10050, loss_rpn_cls: 0.0028, loss_rpn_bbox: 0.0260, loss_cls: 0.0336, acc: 98.6289, loss_bbox: 0.0729, loss: 0.1354
2020-11-21 07:48:46,097 - mmdet - INFO - Epoch [1][300/624]	lr: 5.984e-03, eta: 0:27:43, time: 0.749, data_time: 0.012, memory: 10050, loss_rpn_cls: 0.0024, loss_rpn_bbox: 0.0262, loss_cls: 0.0296, acc: 98.7725, loss_bbox: 0.0683, loss: 0.1264
2020-11-21 07:50:01,128 - mmdet - INFO - Epoch [1][400/624]	lr: 7.982e-03, eta: 0:26:24, time: 0.750, data_time: 0.012, memory: 11885, loss_rpn_cls: 0.0023, loss_rpn_bbox: 0.0294, loss_cls: 0.0293, acc: 98.7822, loss_bbox: 0.0714, loss: 0.1323
2020-11-21 07:51:16,501 - mmdet - INFO - Epoch [1][500/624]	lr: 9.980e-03, eta: 0:25:07, time: 0.754, data_time: 0.012, memory: 11885, loss_rpn_cls: 0.0029, loss_rpn_bbox: 0.0340, loss_cls: 0.0404, acc: 98.3154, loss_bbox: 0.0805, loss: 0.1578
2020-11-21 07:52:31,480 - mmdet - INFO - Epoch [1][600/624]	lr: 1.000e-02, eta: 0:23:50, time: 0.750, data_time: 0.012, memory: 11885, loss_rpn_cls: 0.0032, loss_rpn_bbox: 0.0361, loss_cls: 0.0410, acc: 98.2178, loss_bbox: 0.0901, loss: 0.1704
2020-11-21 07:53:15,643 - mmdet - INFO - Evaluating bbox...
2020-11-21 07:53:17,067 - mmdet - INFO - Epoch [1][624/624]	lr: 1.000e-02, bbox_mAP: 0.8570, bbox_mAP_50: 0.9150, bbox_mAP_75: 0.9100, bbox_mAP_s: 0.6540, bbox_mAP_m: 0.8970, bbox_mAP_l: 0.9020, bbox_mAP_copypaste: 0.857 0.915 0.910 0.654 0.897 0.902
2020-11-21 07:54:34,348 - mmdet - INFO - Epoch [2][100/624]	lr: 1.000e-02, eta: 0:21:36, time: 0.771, data_time: 0.033, memory: 11911, loss_rpn_cls: 0.0033, loss_rpn_bbox: 0.0355, loss_cls: 0.0342, acc: 98.5420, loss_bbox: 0.0836, loss: 0.1567
2020-11-21 07:55:49,203 - mmdet - INFO - Epoch [2][200/624]	lr: 1.000e-02, eta: 0:20:26, time: 0.749, data_time: 0.012, memory: 11911, loss_rpn_cls: 0.0032, loss_rpn_bbox: 0.0357, loss_cls: 0.0385, acc: 98.3516, loss_bbox: 0.0799, loss: 0.1573
2020-11-21 07:57:04,151 - mmdet - INFO - Epoch [2][300/624]	lr: 1.000e-02, eta: 0:19:16, time: 0.749, data_time: 0.012, memory: 11911, loss_rpn_cls: 0.0038, loss_rpn_bbox: 0.0341, loss_cls: 0.0378, acc: 98.3564, loss_bbox: 0.0809, loss: 0.1566
2020-11-21 07:58:19,032 - mmdet - INFO - Epoch [2][400/624]	lr: 1.000e-02, eta: 0:18:04, time: 0.749, data_time: 0.012, memory: 11911, loss_rpn_cls: 0.0048, loss_rpn_bbox: 0.0400, loss_cls: 0.0469, acc: 97.9990, loss_bbox: 0.0878, loss: 0.1795
2020-11-21 07:59:33,758 - mmdet - INFO - Epoch [2][500/624]	lr: 1.000e-02, eta: 0:16:52, time: 0.747, data_time: 0.012, memory: 11911, loss_rpn_cls: 0.0025, loss_rpn_bbox: 0.0310, loss_cls: 0.0303, acc: 98.7129, loss_bbox: 0.0768, loss: 0.1406
2020-11-21 08:00:48,565 - mmdet - INFO - Epoch [2][600/624]	lr: 1.000e-02, eta: 0:15:39, time: 0.748, data_time: 0.012, memory: 11911, loss_rpn_cls: 0.0036, loss_rpn_bbox: 0.0353, loss_cls: 0.0367, acc: 98.4756, loss_bbox: 0.0835, loss: 0.1592
2020-11-21 08:01:32,698 - mmdet - INFO - Evaluating bbox...
2020-11-21 08:01:34,143 - mmdet - INFO - Epoch [2][624/624]	lr: 1.000e-02, bbox_mAP: 0.8470, bbox_mAP_50: 0.9050, bbox_mAP_75: 0.9000, bbox_mAP_s: 0.6480, bbox_mAP_m: 0.8930, bbox_mAP_l: 0.8960, bbox_mAP_copypaste: 0.847 0.905 0.900 0.648 0.893 0.896
2020-11-21 08:02:06,721 - mmdet - INFO - Epoch(train) [2][82]	loss_rpn_cls: 0.0023, loss_rpn_bbox: 0.0339, loss_cls: 0.0326, acc: 98.6840, loss_bbox: 0.0796, loss: 0.1485
2020-11-21 08:03:24,081 - mmdet - INFO - Epoch [3][100/624]	lr: 1.000e-02, eta: 0:13:55, time: 0.771, data_time: 0.033, memory: 11911, loss_rpn_cls: 0.0030, loss_rpn_bbox: 0.0348, loss_cls: 0.0354, acc: 98.5254, loss_bbox: 0.0831, loss: 0.1564
2020-11-21 08:04:38,875 - mmdet - INFO - Epoch [3][200/624]	lr: 1.000e-02, eta: 0:12:44, time: 0.748, data_time: 0.012, memory: 11911, loss_rpn_cls: 0.0032, loss_rpn_bbox: 0.0369, loss_cls: 0.0393, acc: 98.3164, loss_bbox: 0.0918, loss: 0.1712
2020-11-21 08:05:53,876 - mmdet - INFO - Epoch [3][300/624]	lr: 1.000e-02, eta: 0:11:32, time: 0.750, data_time: 0.012, memory: 11911, loss_rpn_cls: 0.0032, loss_rpn_bbox: 0.0368, loss_cls: 0.0392, acc: 98.3779, loss_bbox: 0.0855, loss: 0.1647
2020-11-21 08:07:08,510 - mmdet - INFO - Epoch [3][400/624]	lr: 1.000e-02, eta: 0:10:20, time: 0.746, data_time: 0.012, memory: 11911, loss_rpn_cls: 0.0043, loss_rpn_bbox: 0.0336, loss_cls: 0.0347, acc: 98.5127, loss_bbox: 0.0825, loss: 0.1551
2020-11-21 08:08:23,509 - mmdet - INFO - Epoch [3][500/624]	lr: 1.000e-02, eta: 0:09:07, time: 0.750, data_time: 0.012, memory: 11911, loss_rpn_cls: 0.0026, loss_rpn_bbox: 0.0362, loss_cls: 0.0368, acc: 98.3975, loss_bbox: 0.0839, loss: 0.1595
2020-11-21 08:09:38,159 - mmdet - INFO - Epoch [3][600/624]	lr: 1.000e-02, eta: 0:07:55, time: 0.746, data_time: 0.012, memory: 11911, loss_rpn_cls: 0.0033, loss_rpn_bbox: 0.0330, loss_cls: 0.0424, acc: 98.1338, loss_bbox: 0.0844, loss: 0.1631
2020-11-21 08:10:22,656 - mmdet - INFO - Evaluating bbox...
2020-11-21 08:10:24,170 - mmdet - INFO - Epoch [3][624/624]	lr: 1.000e-02, bbox_mAP: 0.8560, bbox_mAP_50: 0.9150, bbox_mAP_75: 0.9100, bbox_mAP_s: 0.6460, bbox_mAP_m: 0.8900, bbox_mAP_l: 0.9060, bbox_mAP_copypaste: 0.856 0.915 0.910 0.646 0.890 0.906
2020-11-21 08:11:41,390 - mmdet - INFO - Epoch [4][100/624]	lr: 1.000e-02, eta: 0:06:20, time: 0.770, data_time: 0.033, memory: 11911, loss_rpn_cls: 0.0041, loss_rpn_bbox: 0.0350, loss_cls: 0.0339, acc: 98.6211, loss_bbox: 0.0820, loss: 0.1551
2020-11-21 08:12:56,264 - mmdet - INFO - Epoch [4][200/624]	lr: 1.000e-02, eta: 0:05:08, time: 0.749, data_time: 0.012, memory: 11911, loss_rpn_cls: 0.0036, loss_rpn_bbox: 0.0389, loss_cls: 0.0418, acc: 98.2285, loss_bbox: 0.0940, loss: 0.1782
2020-11-21 08:14:11,379 - mmdet - INFO - Epoch [4][300/624]	lr: 1.000e-02, eta: 0:03:56, time: 0.751, data_time: 0.012, memory: 11911, loss_rpn_cls: 0.0035, loss_rpn_bbox: 0.0368, loss_cls: 0.0424, acc: 98.1494, loss_bbox: 0.0915, loss: 0.1742
2020-11-21 08:15:26,237 - mmdet - INFO - Epoch [4][400/624]	lr: 1.000e-02, eta: 0:02:43, time: 0.749, data_time: 0.012, memory: 11911, loss_rpn_cls: 0.0023, loss_rpn_bbox: 0.0324, loss_cls: 0.0346, acc: 98.5322, loss_bbox: 0.0822, loss: 0.1514
2020-11-21 08:16:41,188 - mmdet - INFO - Epoch [4][500/624]	lr: 1.000e-02, eta: 0:01:30, time: 0.750, data_time: 0.012, memory: 11911, loss_rpn_cls: 0.0037, loss_rpn_bbox: 0.0359, loss_cls: 0.0384, acc: 98.4805, loss_bbox: 0.0818, loss: 0.1598
2020-11-21 08:17:56,369 - mmdet - INFO - Epoch [4][600/624]	lr: 1.000e-02, eta: 0:00:17, time: 0.752, data_time: 0.012, memory: 11911, loss_rpn_cls: 0.0034, loss_rpn_bbox: 0.0371, loss_cls: 0.0459, acc: 97.9443, loss_bbox: 0.0969, loss: 0.1832
2020-11-21 08:18:14,236 - mmdet - INFO - Saving checkpoint at 4 epochs
2020-11-21 08:18:42,243 - mmdet - INFO - Evaluating bbox...
2020-11-21 08:18:43,733 - mmdet - INFO - Epoch [4][624/624]	lr: 1.000e-02, bbox_mAP: 0.8410, bbox_mAP_50: 0.9100, bbox_mAP_75: 0.9000, bbox_mAP_s: 0.6370, bbox_mAP_m: 0.8770, bbox_mAP_l: 0.8780, bbox_mAP_copypaste: 0.841 0.910 0.900 0.637 0.877 0.878
2020-11-21 08:19:16,547 - mmdet - INFO - Epoch(train) [4][82]	loss_rpn_cls: 0.0030, loss_rpn_bbox: 0.0322, loss_cls: 0.0340, acc: 98.5685, loss_bbox: 0.0836, loss: 0.1529
