2020-11-20 20:37:23,096 - mmdet - INFO - Environment info:
------------------------------------------------------------
sys.platform: linux
Python: 3.6.4 |Anaconda, Inc.| (default, Jan 16 2018, 18:10:19) [GCC 7.2.0]
CUDA available: True
CUDA_HOME: /usr/local/cuda
NVCC: Cuda compilation tools, release 10.0, V10.0.130
GPU 0: Tesla P100-PCIE-16GB
GCC: gcc (GCC) 5.3.0
PyTorch: 1.3.1+cu100
PyTorch compiling details: PyTorch built with:
  - GCC 7.3
  - Intel(R) Math Kernel Library Version 2019.0.4 Product Build 20190411 for Intel(R) 64 architecture applications
  - Intel(R) MKL-DNN v0.20.5 (Git Hash 0125f28c61c1f822fd48570b4c1066f96fcb9b2e)
  - OpenMP 201511 (a.k.a. OpenMP 4.5)
  - NNPACK is enabled
  - CUDA Runtime 10.0
  - NVCC architecture flags: -gencode;arch=compute_37,code=sm_37;-gencode;arch=compute_50,code=sm_50;-gencode;arch=compute_60,code=sm_60;-gencode;arch=compute_61,code=sm_61;-gencode;arch=compute_70,code=sm_70;-gencode;arch=compute_75,code=sm_75;-gencode;arch=compute_37,code=compute_37
  - CuDNN 7.6.3
  - Magma 2.5.1
  - Build settings: BLAS=MKL, BUILD_NAMEDTENSOR=OFF, BUILD_TYPE=Release, CXX_FLAGS= -Wno-deprecated -fvisibility-inlines-hidden -fopenmp -DUSE_FBGEMM -DUSE_QNNPACK -DUSE_PYTORCH_QNNPACK -O2 -fPIC -Wno-narrowing -Wall -Wextra -Wno-missing-field-initializers -Wno-type-limits -Wno-array-bounds -Wno-unknown-pragmas -Wno-sign-compare -Wno-unused-parameter -Wno-unused-variable -Wno-unused-function -Wno-unused-result -Wno-strict-overflow -Wno-strict-aliasing -Wno-error=deprecated-declarations -Wno-stringop-overflow -Wno-error=pedantic -Wno-error=redundant-decls -Wno-error=old-style-cast -fdiagnostics-color=always -faligned-new -Wno-unused-but-set-variable -Wno-maybe-uninitialized -fno-math-errno -fno-trapping-math -Wno-stringop-overflow, DISABLE_NUMA=1, PERF_WITH_AVX=1, PERF_WITH_AVX2=1, PERF_WITH_AVX512=1, USE_CUDA=True, USE_EXCEPTION_PTR=1, USE_GFLAGS=OFF, USE_GLOG=OFF, USE_MKL=ON, USE_MKLDNN=ON, USE_MPI=OFF, USE_NCCL=ON, USE_NNPACK=ON, USE_OPENMP=ON, USE_STATIC_DISPATCH=OFF, 

TorchVision: 0.4.2+cu100
OpenCV: 4.4.0
MMCV: 1.0.5
MMDetection: 2.3.0+788fa8d
MMDetection Compiler: GCC 7.3
MMDetection CUDA Compiler: 10.0
------------------------------------------------------------

2020-11-20 20:37:23,096 - mmdet - INFO - Distributed training: False
2020-11-20 20:37:23,491 - mmdet - INFO - Config:
model = dict(
    type='FasterRCNN',
    pretrained='torchvision://resnet50',
    backbone=dict(
        type='ResNet',
        depth=50,
        num_stages=4,
        out_indices=(0, 1, 2, 3),
        frozen_stages=1,
        norm_cfg=dict(type='BN', requires_grad=True),
        norm_eval=True,
        style='pytorch'),
    neck=dict(
        type='FPN',
        in_channels=[256, 512, 1024, 2048],
        out_channels=256,
        num_outs=5),
    rpn_head=dict(
        type='RPNHead',
        in_channels=256,
        feat_channels=256,
        anchor_generator=dict(
            type='AnchorGenerator',
            scales=[8],
            ratios=[0.5, 1.0, 2.0],
            strides=[4, 8, 16, 32, 64]),
        bbox_coder=dict(
            type='DeltaXYWHBBoxCoder',
            target_means=[0.0, 0.0, 0.0, 0.0],
            target_stds=[1.0, 1.0, 1.0, 1.0]),
        loss_cls=dict(
            type='CrossEntropyLoss', use_sigmoid=True, loss_weight=1.0),
        loss_bbox=dict(type='L1Loss', loss_weight=1.0)),
    roi_head=dict(
        type='StandardRoIHead',
        bbox_roi_extractor=dict(
            type='SingleRoIExtractor',
            roi_layer=dict(type='RoIAlign', output_size=7, sampling_ratio=0),
            out_channels=256,
            featmap_strides=[4, 8, 16, 32]),
        bbox_head=dict(
            type='Shared2FCBBoxHead',
            in_channels=256,
            fc_out_channels=1024,
            roi_feat_size=7,
            num_classes=2,
            bbox_coder=dict(
                type='DeltaXYWHBBoxCoder',
                target_means=[0.0, 0.0, 0.0, 0.0],
                target_stds=[0.1, 0.1, 0.2, 0.2]),
            reg_class_agnostic=False,
            loss_cls=dict(
                type='CrossEntropyLoss', use_sigmoid=False, loss_weight=1.0),
            loss_bbox=dict(type='L1Loss', loss_weight=1.0))))
train_cfg = dict(
    rpn=dict(
        assigner=dict(
            type='MaxIoUAssigner',
            pos_iou_thr=0.7,
            neg_iou_thr=0.3,
            min_pos_iou=0.3,
            match_low_quality=True,
            ignore_iof_thr=-1),
        sampler=dict(
            type='RandomSampler',
            num=256,
            pos_fraction=0.5,
            neg_pos_ub=-1,
            add_gt_as_proposals=False),
        allowed_border=-1,
        pos_weight=-1,
        debug=False),
    rpn_proposal=dict(
        nms_across_levels=False,
        nms_pre=2000,
        nms_post=1000,
        max_num=1000,
        nms_thr=0.7,
        min_bbox_size=0),
    rcnn=dict(
        assigner=dict(
            type='MaxIoUAssigner',
            pos_iou_thr=0.5,
            neg_iou_thr=0.5,
            min_pos_iou=0.5,
            match_low_quality=False,
            ignore_iof_thr=-1),
        sampler=dict(
            type='RandomSampler',
            num=512,
            pos_fraction=0.25,
            neg_pos_ub=-1,
            add_gt_as_proposals=True),
        pos_weight=-1,
        debug=False))
test_cfg = dict(
    rpn=dict(
        nms_across_levels=False,
        nms_pre=1000,
        nms_post=1000,
        max_num=1000,
        nms_thr=0.7,
        min_bbox_size=0),
    rcnn=dict(
        score_thr=0.05,
        nms=dict(type='nms', iou_threshold=0.5),
        max_per_img=100))
dataset_type = 'CocoDataset'
data_root = 'data/coco/'
img_norm_cfg = dict(
    mean=[123.675, 116.28, 103.53], std=[58.395, 57.12, 57.375], to_rgb=True)
train_pipeline = [
    dict(type='LoadImageFromFile'),
    dict(type='LoadAnnotations', with_bbox=True),
    dict(type='Resize', img_scale=(1550, 1550), keep_ratio=True),
    dict(type='RandomFlip', flip_ratio=0.5),
    dict(
        type='Normalize',
        mean=[123.675, 116.28, 103.53],
        std=[58.395, 57.12, 57.375],
        to_rgb=True),
    dict(type='Pad', size_divisor=32),
    dict(type='DefaultFormatBundle'),
    dict(type='Collect', keys=['img', 'gt_bboxes', 'gt_labels'])
]
test_pipeline = [
    dict(type='LoadImageFromFile'),
    dict(
        type='MultiScaleFlipAug',
        img_scale=(1550, 1550),
        flip=False,
        transforms=[
            dict(type='Resize', keep_ratio=True),
            dict(type='RandomFlip'),
            dict(
                type='Normalize',
                mean=[123.675, 116.28, 103.53],
                std=[58.395, 57.12, 57.375],
                to_rgb=True),
            dict(type='Pad', size_divisor=32),
            dict(type='ImageToTensor', keys=['img']),
            dict(type='Collect', keys=['img'])
        ])
]
data = dict(
    samples_per_gpu=2,
    workers_per_gpu=2,
    train=dict(
        type='CocoDataset',
        ann_file='data/coco/annotations/annotations_trai.json',
        img_prefix='data/coco/img/',
        pipeline=[
            dict(type='LoadImageFromFile'),
            dict(type='LoadAnnotations', with_bbox=True),
            dict(type='Resize', img_scale=(1550, 1550), keep_ratio=True),
            dict(type='RandomFlip', flip_ratio=0.5),
            dict(
                type='Normalize',
                mean=[123.675, 116.28, 103.53],
                std=[58.395, 57.12, 57.375],
                to_rgb=True),
            dict(type='Pad', size_divisor=32),
            dict(type='DefaultFormatBundle'),
            dict(type='Collect', keys=['img', 'gt_bboxes', 'gt_labels'])
        ]),
    val=dict(
        type='CocoDataset',
        ann_file='data/coco/annotations/annotations_test.json',
        img_prefix='data/coco/img/',
        pipeline=[
            dict(type='LoadImageFromFile'),
            dict(
                type='MultiScaleFlipAug',
                img_scale=(1550, 1550),
                flip=False,
                transforms=[
                    dict(type='Resize', keep_ratio=True),
                    dict(type='RandomFlip'),
                    dict(
                        type='Normalize',
                        mean=[123.675, 116.28, 103.53],
                        std=[58.395, 57.12, 57.375],
                        to_rgb=True),
                    dict(type='Pad', size_divisor=32),
                    dict(type='ImageToTensor', keys=['img']),
                    dict(type='Collect', keys=['img'])
                ])
        ]),
    test=dict(
        type='CocoDataset',
        ann_file='data/coco/annotations/annotations_vals.json',
        img_prefix='data/coco/img/',
        pipeline=[
            dict(type='LoadImageFromFile'),
            dict(
                type='MultiScaleFlipAug',
                img_scale=(1550, 1550),
                flip=False,
                transforms=[
                    dict(type='Resize', keep_ratio=True),
                    dict(type='RandomFlip'),
                    dict(
                        type='Normalize',
                        mean=[123.675, 116.28, 103.53],
                        std=[58.395, 57.12, 57.375],
                        to_rgb=True),
                    dict(type='Pad', size_divisor=32),
                    dict(type='ImageToTensor', keys=['img']),
                    dict(type='Collect', keys=['img'])
                ])
        ]))
evaluation = dict(interval=1, metric='bbox')
optimizer = dict(type='SGD', lr=0.01, momentum=0.9, weight_decay=0.0001)
optimizer_config = dict(grad_clip=None)
lr_config = dict(
    policy='step',
    warmup='linear',
    warmup_iters=500,
    warmup_ratio=0.001,
    step=[8, 11])
total_epochs = 4
checkpoint_config = dict(interval=4)
log_config = dict(interval=100, hooks=[dict(type='TextLoggerHook')])
dist_params = dict(backend='nccl')
log_level = 'INFO'
load_from = '/home/admin/.cache/torch/checkpoints/X.pth'
resume_from = None
workflow = [('train', 2), ('val', 1)]
work_dir = '/home/admin/jupyter/SecurityAI_Round5/data/work'
gpu_ids = range(0, 1)

2020-11-20 20:37:24,005 - mmdet - INFO - load model from: torchvision://resnet50
2020-11-20 20:37:31,751 - mmdet - WARNING - The model and loaded state dict do not match exactly

unexpected key in source state_dict: fc.weight, fc.bias

2020-11-20 20:37:41,947 - mmdet - INFO - load checkpoint from /home/admin/.cache/torch/checkpoints/X.pth
2020-11-20 20:37:48,414 - mmdet - INFO - Start running, host: admin@fuxilabor_labor0_S4_Odps_S96_dsw_prepaid_cnsh_838_2020112012255, work_dir: /home/admin/jupyter/SecurityAI_Round5/data/work
2020-11-20 20:37:48,414 - mmdet - INFO - workflow: [('train', 2), ('val', 1)], max: 4 epochs
2020-11-20 20:39:06,059 - mmdet - INFO - Epoch [1][100/614]	lr: 1.988e-03, eta: 0:30:24, time: 0.775, data_time: 0.033, memory: 9779, loss_rpn_cls: 0.0027, loss_rpn_bbox: 0.0310, loss_cls: 0.0336, acc: 98.5693, loss_bbox: 0.0764, loss: 0.1437
2020-11-20 20:40:20,839 - mmdet - INFO - Epoch [1][200/614]	lr: 3.986e-03, eta: 0:28:37, time: 0.748, data_time: 0.012, memory: 9968, loss_rpn_cls: 0.0026, loss_rpn_bbox: 0.0261, loss_cls: 0.0284, acc: 98.8467, loss_bbox: 0.0691, loss: 0.1261
2020-11-20 20:41:35,878 - mmdet - INFO - Epoch [1][300/614]	lr: 5.984e-03, eta: 0:27:13, time: 0.750, data_time: 0.012, memory: 10052, loss_rpn_cls: 0.0025, loss_rpn_bbox: 0.0280, loss_cls: 0.0288, acc: 98.8086, loss_bbox: 0.0694, loss: 0.1287
2020-11-20 20:42:50,723 - mmdet - INFO - Epoch [1][400/614]	lr: 7.982e-03, eta: 0:25:52, time: 0.748, data_time: 0.012, memory: 10052, loss_rpn_cls: 0.0027, loss_rpn_bbox: 0.0300, loss_cls: 0.0297, acc: 98.7861, loss_bbox: 0.0710, loss: 0.1335
2020-11-20 20:44:05,419 - mmdet - INFO - Epoch [1][500/614]	lr: 9.980e-03, eta: 0:24:34, time: 0.747, data_time: 0.012, memory: 10052, loss_rpn_cls: 0.0032, loss_rpn_bbox: 0.0301, loss_cls: 0.0364, acc: 98.5039, loss_bbox: 0.0785, loss: 0.1482
2020-11-20 20:45:20,227 - mmdet - INFO - Epoch [1][600/614]	lr: 1.000e-02, eta: 0:23:16, time: 0.748, data_time: 0.012, memory: 10052, loss_rpn_cls: 0.0031, loss_rpn_bbox: 0.0371, loss_cls: 0.0419, acc: 98.2432, loss_bbox: 0.0924, loss: 0.1746
2020-11-20 20:45:55,633 - mmdet - INFO - Evaluating bbox...
2020-11-20 20:45:57,531 - mmdet - INFO - Epoch [1][614/614]	lr: 1.000e-02, bbox_mAP: 0.8540, bbox_mAP_50: 0.9160, bbox_mAP_75: 0.9110, bbox_mAP_s: 0.6330, bbox_mAP_m: 0.8740, bbox_mAP_l: 0.9140, bbox_mAP_copypaste: 0.854 0.916 0.911 0.633 0.874 0.914
2020-11-20 20:47:14,742 - mmdet - INFO - Epoch [2][100/614]	lr: 1.000e-02, eta: 0:21:29, time: 0.770, data_time: 0.034, memory: 10052, loss_rpn_cls: 0.0032, loss_rpn_bbox: 0.0356, loss_cls: 0.0396, acc: 98.3770, loss_bbox: 0.0835, loss: 0.1620
2020-11-20 20:48:29,406 - mmdet - INFO - Epoch [2][200/614]	lr: 1.000e-02, eta: 0:20:16, time: 0.747, data_time: 0.012, memory: 10052, loss_rpn_cls: 0.0024, loss_rpn_bbox: 0.0336, loss_cls: 0.0350, acc: 98.4502, loss_bbox: 0.0782, loss: 0.1492
2020-11-20 20:49:44,212 - mmdet - INFO - Epoch [2][300/614]	lr: 1.000e-02, eta: 0:19:04, time: 0.748, data_time: 0.012, memory: 10052, loss_rpn_cls: 0.0029, loss_rpn_bbox: 0.0366, loss_cls: 0.0357, acc: 98.4980, loss_bbox: 0.0829, loss: 0.1581
2020-11-20 20:50:59,065 - mmdet - INFO - Epoch [2][400/614]	lr: 1.000e-02, eta: 0:17:50, time: 0.749, data_time: 0.012, memory: 10052, loss_rpn_cls: 0.0038, loss_rpn_bbox: 0.0365, loss_cls: 0.0355, acc: 98.4668, loss_bbox: 0.0895, loss: 0.1653
2020-11-20 20:52:13,823 - mmdet - INFO - Epoch [2][500/614]	lr: 1.000e-02, eta: 0:16:37, time: 0.748, data_time: 0.012, memory: 10052, loss_rpn_cls: 0.0042, loss_rpn_bbox: 0.0370, loss_cls: 0.0347, acc: 98.5596, loss_bbox: 0.0840, loss: 0.1599
2020-11-20 20:53:28,285 - mmdet - INFO - Epoch [2][600/614]	lr: 1.000e-02, eta: 0:15:22, time: 0.745, data_time: 0.012, memory: 10052, loss_rpn_cls: 0.0030, loss_rpn_bbox: 0.0324, loss_cls: 0.0312, acc: 98.6992, loss_bbox: 0.0782, loss: 0.1449
2020-11-20 20:54:03,633 - mmdet - INFO - Evaluating bbox...
2020-11-20 20:54:05,539 - mmdet - INFO - Epoch [2][614/614]	lr: 1.000e-02, bbox_mAP: 0.8500, bbox_mAP_50: 0.9150, bbox_mAP_75: 0.9090, bbox_mAP_s: 0.6220, bbox_mAP_m: 0.8670, bbox_mAP_l: 0.9160, bbox_mAP_copypaste: 0.850 0.915 0.909 0.622 0.867 0.916
2020-11-20 20:54:36,831 - mmdet - INFO - Epoch(train) [2][78]	loss_rpn_cls: 0.0022, loss_rpn_bbox: 0.0336, loss_cls: 0.0324, acc: 98.6278, loss_bbox: 0.0825, loss: 0.1507
2020-11-20 20:55:53,778 - mmdet - INFO - Epoch [3][100/614]	lr: 1.000e-02, eta: 0:13:51, time: 0.767, data_time: 0.033, memory: 10052, loss_rpn_cls: 0.0028, loss_rpn_bbox: 0.0331, loss_cls: 0.0321, acc: 98.6631, loss_bbox: 0.0810, loss: 0.1490
2020-11-20 20:57:08,847 - mmdet - INFO - Epoch [3][200/614]	lr: 1.000e-02, eta: 0:12:38, time: 0.751, data_time: 0.012, memory: 10052, loss_rpn_cls: 0.0031, loss_rpn_bbox: 0.0370, loss_cls: 0.0446, acc: 98.1367, loss_bbox: 0.0934, loss: 0.1781
2020-11-20 20:58:23,869 - mmdet - INFO - Epoch [3][300/614]	lr: 1.000e-02, eta: 0:11:25, time: 0.750, data_time: 0.012, memory: 10052, loss_rpn_cls: 0.0030, loss_rpn_bbox: 0.0357, loss_cls: 0.0393, acc: 98.2764, loss_bbox: 0.0851, loss: 0.1631
2020-11-20 20:59:38,675 - mmdet - INFO - Epoch [3][400/614]	lr: 1.000e-02, eta: 0:10:12, time: 0.748, data_time: 0.012, memory: 10052, loss_rpn_cls: 0.0032, loss_rpn_bbox: 0.0353, loss_cls: 0.0383, acc: 98.4355, loss_bbox: 0.0899, loss: 0.1667
2020-11-20 21:00:53,461 - mmdet - INFO - Epoch [3][500/614]	lr: 1.000e-02, eta: 0:08:58, time: 0.748, data_time: 0.012, memory: 10052, loss_rpn_cls: 0.0035, loss_rpn_bbox: 0.0341, loss_cls: 0.0371, acc: 98.4893, loss_bbox: 0.0870, loss: 0.1618
2020-11-20 21:02:08,307 - mmdet - INFO - Epoch [3][600/614]	lr: 1.000e-02, eta: 0:07:44, time: 0.748, data_time: 0.012, memory: 10052, loss_rpn_cls: 0.0031, loss_rpn_bbox: 0.0367, loss_cls: 0.0336, acc: 98.6289, loss_bbox: 0.0821, loss: 0.1555
2020-11-20 21:02:43,638 - mmdet - INFO - Evaluating bbox...
2020-11-20 21:02:45,556 - mmdet - INFO - Epoch [3][614/614]	lr: 1.000e-02, bbox_mAP: 0.8470, bbox_mAP_50: 0.9150, bbox_mAP_75: 0.9100, bbox_mAP_s: 0.6090, bbox_mAP_m: 0.8630, bbox_mAP_l: 0.9140, bbox_mAP_copypaste: 0.847 0.915 0.910 0.609 0.863 0.914
2020-11-20 21:04:02,656 - mmdet - INFO - Epoch [4][100/614]	lr: 1.000e-02, eta: 0:06:18, time: 0.769, data_time: 0.033, memory: 10052, loss_rpn_cls: 0.0030, loss_rpn_bbox: 0.0374, loss_cls: 0.0435, acc: 98.0654, loss_bbox: 0.0982, loss: 0.1821
2020-11-20 21:05:17,374 - mmdet - INFO - Epoch [4][200/614]	lr: 1.000e-02, eta: 0:05:05, time: 0.747, data_time: 0.012, memory: 10052, loss_rpn_cls: 0.0038, loss_rpn_bbox: 0.0358, loss_cls: 0.0363, acc: 98.5791, loss_bbox: 0.0858, loss: 0.1617
2020-11-20 21:06:31,979 - mmdet - INFO - Epoch [4][300/614]	lr: 1.000e-02, eta: 0:03:51, time: 0.746, data_time: 0.012, memory: 10052, loss_rpn_cls: 0.0065, loss_rpn_bbox: 0.0353, loss_cls: 0.0479, acc: 98.1367, loss_bbox: 0.0847, loss: 0.1744
2020-11-20 21:07:46,433 - mmdet - INFO - Epoch [4][400/614]	lr: 1.000e-02, eta: 0:02:37, time: 0.745, data_time: 0.012, memory: 10052, loss_rpn_cls: 0.0051, loss_rpn_bbox: 0.0381, loss_cls: 0.0416, acc: 98.2998, loss_bbox: 0.0881, loss: 0.1728
2020-11-20 21:09:01,250 - mmdet - INFO - Epoch [4][500/614]	lr: 1.000e-02, eta: 0:01:24, time: 0.748, data_time: 0.012, memory: 10052, loss_rpn_cls: 0.0068, loss_rpn_bbox: 0.0414, loss_cls: 0.0568, acc: 97.7695, loss_bbox: 0.1061, loss: 0.2111
2020-11-20 21:10:16,146 - mmdet - INFO - Epoch [4][600/614]	lr: 1.000e-02, eta: 0:00:10, time: 0.749, data_time: 0.012, memory: 10052, loss_rpn_cls: 0.0044, loss_rpn_bbox: 0.0413, loss_cls: 0.0424, acc: 98.3223, loss_bbox: 0.0966, loss: 0.1847
2020-11-20 21:10:26,437 - mmdet - INFO - Saving checkpoint at 4 epochs
2020-11-20 21:10:53,186 - mmdet - INFO - Evaluating bbox...
2020-11-20 21:10:55,213 - mmdet - INFO - Epoch [4][614/614]	lr: 1.000e-02, bbox_mAP: 0.8350, bbox_mAP_50: 0.9120, bbox_mAP_75: 0.9010, bbox_mAP_s: 0.5770, bbox_mAP_m: 0.8330, bbox_mAP_l: 0.8990, bbox_mAP_copypaste: 0.835 0.912 0.901 0.577 0.833 0.899
2020-11-20 21:11:26,560 - mmdet - INFO - Epoch(train) [4][78]	loss_rpn_cls: 0.0053, loss_rpn_bbox: 0.0390, loss_cls: 0.0506, acc: 97.9179, loss_bbox: 0.1005, loss: 0.1954
