2020-11-22 00:36:42,122 - mmdet - INFO - Environment info:
------------------------------------------------------------
sys.platform: linux
Python: 3.6.4 |Anaconda, Inc.| (default, Jan 16 2018, 18:10:19) [GCC 7.2.0]
CUDA available: True
CUDA_HOME: /usr/local/cuda
NVCC: Cuda compilation tools, release 10.0, V10.0.130
GPU 0: Tesla P100-PCIE-16GB
GCC: gcc (GCC) 5.3.0
PyTorch: 1.3.1+cu100
PyTorch compiling details: PyTorch built with:
  - GCC 7.3
  - Intel(R) Math Kernel Library Version 2019.0.4 Product Build 20190411 for Intel(R) 64 architecture applications
  - Intel(R) MKL-DNN v0.20.5 (Git Hash 0125f28c61c1f822fd48570b4c1066f96fcb9b2e)
  - OpenMP 201511 (a.k.a. OpenMP 4.5)
  - NNPACK is enabled
  - CUDA Runtime 10.0
  - NVCC architecture flags: -gencode;arch=compute_37,code=sm_37;-gencode;arch=compute_50,code=sm_50;-gencode;arch=compute_60,code=sm_60;-gencode;arch=compute_61,code=sm_61;-gencode;arch=compute_70,code=sm_70;-gencode;arch=compute_75,code=sm_75;-gencode;arch=compute_37,code=compute_37
  - CuDNN 7.6.3
  - Magma 2.5.1
  - Build settings: BLAS=MKL, BUILD_NAMEDTENSOR=OFF, BUILD_TYPE=Release, CXX_FLAGS= -Wno-deprecated -fvisibility-inlines-hidden -fopenmp -DUSE_FBGEMM -DUSE_QNNPACK -DUSE_PYTORCH_QNNPACK -O2 -fPIC -Wno-narrowing -Wall -Wextra -Wno-missing-field-initializers -Wno-type-limits -Wno-array-bounds -Wno-unknown-pragmas -Wno-sign-compare -Wno-unused-parameter -Wno-unused-variable -Wno-unused-function -Wno-unused-result -Wno-strict-overflow -Wno-strict-aliasing -Wno-error=deprecated-declarations -Wno-stringop-overflow -Wno-error=pedantic -Wno-error=redundant-decls -Wno-error=old-style-cast -fdiagnostics-color=always -faligned-new -Wno-unused-but-set-variable -Wno-maybe-uninitialized -fno-math-errno -fno-trapping-math -Wno-stringop-overflow, DISABLE_NUMA=1, PERF_WITH_AVX=1, PERF_WITH_AVX2=1, PERF_WITH_AVX512=1, USE_CUDA=True, USE_EXCEPTION_PTR=1, USE_GFLAGS=OFF, USE_GLOG=OFF, USE_MKL=ON, USE_MKLDNN=ON, USE_MPI=OFF, USE_NCCL=ON, USE_NNPACK=ON, USE_OPENMP=ON, USE_STATIC_DISPATCH=OFF, 

TorchVision: 0.4.2+cu100
OpenCV: 4.4.0
MMCV: 1.0.5
MMDetection: 2.3.0+788fa8d
MMDetection Compiler: GCC 7.3
MMDetection CUDA Compiler: 10.0
------------------------------------------------------------

2020-11-22 00:36:42,122 - mmdet - INFO - Distributed training: False
2020-11-22 00:36:42,514 - mmdet - INFO - Config:
model = dict(
    type='FasterRCNN',
    pretrained='torchvision://resnet50',
    backbone=dict(
        type='ResNet',
        depth=50,
        num_stages=4,
        out_indices=(0, 1, 2, 3),
        frozen_stages=1,
        norm_cfg=dict(type='BN', requires_grad=True),
        norm_eval=True,
        style='pytorch'),
    neck=dict(
        type='FPN',
        in_channels=[256, 512, 1024, 2048],
        out_channels=256,
        num_outs=5),
    rpn_head=dict(
        type='RPNHead',
        in_channels=256,
        feat_channels=256,
        anchor_generator=dict(
            type='AnchorGenerator',
            scales=[8],
            ratios=[0.5, 1.0, 2.0],
            strides=[4, 8, 16, 32, 64]),
        bbox_coder=dict(
            type='DeltaXYWHBBoxCoder',
            target_means=[0.0, 0.0, 0.0, 0.0],
            target_stds=[1.0, 1.0, 1.0, 1.0]),
        loss_cls=dict(
            type='CrossEntropyLoss', use_sigmoid=True, loss_weight=1.0),
        loss_bbox=dict(type='L1Loss', loss_weight=1.0)),
    roi_head=dict(
        type='StandardRoIHead',
        bbox_roi_extractor=dict(
            type='SingleRoIExtractor',
            roi_layer=dict(type='RoIAlign', output_size=7, sampling_ratio=0),
            out_channels=256,
            featmap_strides=[4, 8, 16, 32]),
        bbox_head=dict(
            type='Shared2FCBBoxHead',
            in_channels=256,
            fc_out_channels=1024,
            roi_feat_size=7,
            num_classes=2,
            bbox_coder=dict(
                type='DeltaXYWHBBoxCoder',
                target_means=[0.0, 0.0, 0.0, 0.0],
                target_stds=[0.1, 0.1, 0.2, 0.2]),
            reg_class_agnostic=False,
            loss_cls=dict(
                type='CrossEntropyLoss', use_sigmoid=False, loss_weight=1.0),
            loss_bbox=dict(type='L1Loss', loss_weight=1.0))))
train_cfg = dict(
    rpn=dict(
        assigner=dict(
            type='MaxIoUAssigner',
            pos_iou_thr=0.7,
            neg_iou_thr=0.3,
            min_pos_iou=0.3,
            match_low_quality=True,
            ignore_iof_thr=-1),
        sampler=dict(
            type='RandomSampler',
            num=256,
            pos_fraction=0.5,
            neg_pos_ub=-1,
            add_gt_as_proposals=False),
        allowed_border=-1,
        pos_weight=-1,
        debug=False),
    rpn_proposal=dict(
        nms_across_levels=False,
        nms_pre=2000,
        nms_post=1000,
        max_num=1000,
        nms_thr=0.7,
        min_bbox_size=0),
    rcnn=dict(
        assigner=dict(
            type='MaxIoUAssigner',
            pos_iou_thr=0.5,
            neg_iou_thr=0.5,
            min_pos_iou=0.5,
            match_low_quality=False,
            ignore_iof_thr=-1),
        sampler=dict(
            type='RandomSampler',
            num=512,
            pos_fraction=0.25,
            neg_pos_ub=-1,
            add_gt_as_proposals=True),
        pos_weight=-1,
        debug=False))
test_cfg = dict(
    rpn=dict(
        nms_across_levels=False,
        nms_pre=1000,
        nms_post=1000,
        max_num=1000,
        nms_thr=0.7,
        min_bbox_size=0),
    rcnn=dict(
        score_thr=0.05,
        nms=dict(type='nms', iou_threshold=0.5),
        max_per_img=100))
dataset_type = 'CocoDataset'
data_root = 'data/coco/'
img_norm_cfg = dict(
    mean=[123.675, 116.28, 103.53], std=[58.395, 57.12, 57.375], to_rgb=True)
train_pipeline = [
    dict(type='LoadImageFromFile'),
    dict(type='LoadAnnotations', with_bbox=True),
    dict(type='Resize', img_scale=(1550, 1550), keep_ratio=True),
    dict(type='RandomFlip', flip_ratio=0.5),
    dict(
        type='Normalize',
        mean=[123.675, 116.28, 103.53],
        std=[58.395, 57.12, 57.375],
        to_rgb=True),
    dict(type='Pad', size_divisor=32),
    dict(type='DefaultFormatBundle'),
    dict(type='Collect', keys=['img', 'gt_bboxes', 'gt_labels'])
]
test_pipeline = [
    dict(type='LoadImageFromFile'),
    dict(
        type='MultiScaleFlipAug',
        img_scale=(1550, 1550),
        flip=False,
        transforms=[
            dict(type='Resize', keep_ratio=True),
            dict(type='RandomFlip'),
            dict(
                type='Normalize',
                mean=[123.675, 116.28, 103.53],
                std=[58.395, 57.12, 57.375],
                to_rgb=True),
            dict(type='Pad', size_divisor=32),
            dict(type='ImageToTensor', keys=['img']),
            dict(type='Collect', keys=['img'])
        ])
]
data = dict(
    samples_per_gpu=2,
    workers_per_gpu=2,
    train=dict(
        type='CocoDataset',
        ann_file='data/coco/annotations/annotations_trai.json',
        img_prefix='data/coco/img/',
        pipeline=[
            dict(type='LoadImageFromFile'),
            dict(type='LoadAnnotations', with_bbox=True),
            dict(type='Resize', img_scale=(1550, 1550), keep_ratio=True),
            dict(type='RandomFlip', flip_ratio=0.5),
            dict(
                type='Normalize',
                mean=[123.675, 116.28, 103.53],
                std=[58.395, 57.12, 57.375],
                to_rgb=True),
            dict(type='Pad', size_divisor=32),
            dict(type='DefaultFormatBundle'),
            dict(type='Collect', keys=['img', 'gt_bboxes', 'gt_labels'])
        ]),
    val=dict(
        type='CocoDataset',
        ann_file='data/coco/annotations/annotations_test.json',
        img_prefix='data/coco/img/',
        pipeline=[
            dict(type='LoadImageFromFile'),
            dict(
                type='MultiScaleFlipAug',
                img_scale=(1550, 1550),
                flip=False,
                transforms=[
                    dict(type='Resize', keep_ratio=True),
                    dict(type='RandomFlip'),
                    dict(
                        type='Normalize',
                        mean=[123.675, 116.28, 103.53],
                        std=[58.395, 57.12, 57.375],
                        to_rgb=True),
                    dict(type='Pad', size_divisor=32),
                    dict(type='ImageToTensor', keys=['img']),
                    dict(type='Collect', keys=['img'])
                ])
        ]),
    test=dict(
        type='CocoDataset',
        ann_file='data/coco/annotations/annotations_vals.json',
        img_prefix='data/coco/img/',
        pipeline=[
            dict(type='LoadImageFromFile'),
            dict(
                type='MultiScaleFlipAug',
                img_scale=(1550, 1550),
                flip=False,
                transforms=[
                    dict(type='Resize', keep_ratio=True),
                    dict(type='RandomFlip'),
                    dict(
                        type='Normalize',
                        mean=[123.675, 116.28, 103.53],
                        std=[58.395, 57.12, 57.375],
                        to_rgb=True),
                    dict(type='Pad', size_divisor=32),
                    dict(type='ImageToTensor', keys=['img']),
                    dict(type='Collect', keys=['img'])
                ])
        ]))
evaluation = dict(interval=1, metric='bbox')
optimizer = dict(type='SGD', lr=0.01, momentum=0.9, weight_decay=0.0001)
optimizer_config = dict(grad_clip=None)
lr_config = dict(
    policy='step',
    warmup='linear',
    warmup_iters=500,
    warmup_ratio=0.001,
    step=[8, 11])
total_epochs = 4
checkpoint_config = dict(interval=4)
log_config = dict(interval=100, hooks=[dict(type='TextLoggerHook')])
dist_params = dict(backend='nccl')
log_level = 'INFO'
load_from = '/home/admin/.cache/torch/checkpoints/X.pth'
resume_from = None
workflow = [('train', 2), ('val', 1)]
work_dir = '/home/admin/jupyter/SecurityAI_Round5/data/work'
gpu_ids = range(0, 1)

2020-11-22 00:36:43,014 - mmdet - INFO - load model from: torchvision://resnet50
2020-11-22 00:36:51,182 - mmdet - WARNING - The model and loaded state dict do not match exactly

unexpected key in source state_dict: fc.weight, fc.bias

2020-11-22 00:37:01,539 - mmdet - INFO - load checkpoint from /home/admin/.cache/torch/checkpoints/X.pth
2020-11-22 00:37:08,250 - mmdet - INFO - Start running, host: admin@fuxilabor_labor0_S4_Odps_S96_dsw_prepaid_cnsh_838_2020112114585, work_dir: /home/admin/jupyter/SecurityAI_Round5/data/work
2020-11-22 00:37:08,250 - mmdet - INFO - workflow: [('train', 2), ('val', 1)], max: 4 epochs
2020-11-22 00:38:25,408 - mmdet - INFO - Epoch [1][100/615]	lr: 1.988e-03, eta: 0:30:16, time: 0.770, data_time: 0.033, memory: 8238, loss_rpn_cls: 0.0029, loss_rpn_bbox: 0.0269, loss_cls: 0.0340, acc: 98.5684, loss_bbox: 0.0709, loss: 0.1347
2020-11-22 00:39:40,097 - mmdet - INFO - Epoch [1][200/615]	lr: 3.986e-03, eta: 0:28:33, time: 0.747, data_time: 0.012, memory: 10051, loss_rpn_cls: 0.0025, loss_rpn_bbox: 0.0273, loss_cls: 0.0323, acc: 98.6533, loss_bbox: 0.0764, loss: 0.1386
2020-11-22 00:40:54,733 - mmdet - INFO - Epoch [1][300/615]	lr: 5.984e-03, eta: 0:27:09, time: 0.746, data_time: 0.012, memory: 10051, loss_rpn_cls: 0.0017, loss_rpn_bbox: 0.0236, loss_cls: 0.0286, acc: 98.8008, loss_bbox: 0.0683, loss: 0.1222
2020-11-22 00:42:09,361 - mmdet - INFO - Epoch [1][400/615]	lr: 7.982e-03, eta: 0:25:49, time: 0.746, data_time: 0.012, memory: 10051, loss_rpn_cls: 0.0020, loss_rpn_bbox: 0.0293, loss_cls: 0.0323, acc: 98.6387, loss_bbox: 0.0739, loss: 0.1375
2020-11-22 00:43:24,406 - mmdet - INFO - Epoch [1][500/615]	lr: 9.980e-03, eta: 0:24:33, time: 0.750, data_time: 0.012, memory: 10051, loss_rpn_cls: 0.0022, loss_rpn_bbox: 0.0334, loss_cls: 0.0350, acc: 98.5146, loss_bbox: 0.0793, loss: 0.1501
2020-11-22 00:44:39,135 - mmdet - INFO - Epoch [1][600/615]	lr: 1.000e-02, eta: 0:23:17, time: 0.747, data_time: 0.012, memory: 11886, loss_rpn_cls: 0.0031, loss_rpn_bbox: 0.0312, loss_cls: 0.0359, acc: 98.4014, loss_bbox: 0.0760, loss: 0.1461
2020-11-22 00:45:16,243 - mmdet - INFO - Evaluating bbox...
2020-11-22 00:45:18,568 - mmdet - INFO - Epoch [1][615/615]	lr: 1.000e-02, bbox_mAP: 0.8260, bbox_mAP_50: 0.8850, bbox_mAP_75: 0.8800, bbox_mAP_s: 0.5430, bbox_mAP_m: 0.8750, bbox_mAP_l: 0.9060, bbox_mAP_copypaste: 0.826 0.885 0.880 0.543 0.875 0.906
2020-11-22 00:46:35,716 - mmdet - INFO - Epoch [2][100/615]	lr: 1.000e-02, eta: 0:21:27, time: 0.770, data_time: 0.033, memory: 11886, loss_rpn_cls: 0.0025, loss_rpn_bbox: 0.0291, loss_cls: 0.0285, acc: 98.8135, loss_bbox: 0.0740, loss: 0.1341
2020-11-22 00:47:50,771 - mmdet - INFO - Epoch [2][200/615]	lr: 1.000e-02, eta: 0:20:16, time: 0.751, data_time: 0.012, memory: 11912, loss_rpn_cls: 0.0028, loss_rpn_bbox: 0.0342, loss_cls: 0.0338, acc: 98.6172, loss_bbox: 0.0789, loss: 0.1497
2020-11-22 00:49:05,586 - mmdet - INFO - Epoch [2][300/615]	lr: 1.000e-02, eta: 0:19:03, time: 0.748, data_time: 0.013, memory: 11912, loss_rpn_cls: 0.0018, loss_rpn_bbox: 0.0319, loss_cls: 0.0327, acc: 98.5566, loss_bbox: 0.0779, loss: 0.1443
2020-11-22 00:50:20,378 - mmdet - INFO - Epoch [2][400/615]	lr: 1.000e-02, eta: 0:17:51, time: 0.748, data_time: 0.012, memory: 11912, loss_rpn_cls: 0.0031, loss_rpn_bbox: 0.0326, loss_cls: 0.0373, acc: 98.3506, loss_bbox: 0.0780, loss: 0.1509
2020-11-22 00:51:35,036 - mmdet - INFO - Epoch [2][500/615]	lr: 1.000e-02, eta: 0:16:37, time: 0.747, data_time: 0.012, memory: 11912, loss_rpn_cls: 0.0055, loss_rpn_bbox: 0.0342, loss_cls: 0.0378, acc: 98.5752, loss_bbox: 0.0817, loss: 0.1591
2020-11-22 00:52:49,636 - mmdet - INFO - Epoch [2][600/615]	lr: 1.000e-02, eta: 0:15:23, time: 0.746, data_time: 0.012, memory: 11912, loss_rpn_cls: 0.0028, loss_rpn_bbox: 0.0314, loss_cls: 0.0314, acc: 98.6768, loss_bbox: 0.0751, loss: 0.1407
2020-11-22 00:53:26,669 - mmdet - INFO - Evaluating bbox...
2020-11-22 00:53:28,972 - mmdet - INFO - Epoch [2][615/615]	lr: 1.000e-02, bbox_mAP: 0.8240, bbox_mAP_50: 0.8850, bbox_mAP_75: 0.8740, bbox_mAP_s: 0.5360, bbox_mAP_m: 0.8790, bbox_mAP_l: 0.9060, bbox_mAP_copypaste: 0.824 0.885 0.874 0.536 0.879 0.906
2020-11-22 00:54:01,317 - mmdet - INFO - Epoch(train) [2][81]	loss_rpn_cls: 0.0027, loss_rpn_bbox: 0.0321, loss_cls: 0.0286, acc: 98.8462, loss_bbox: 0.0733, loss: 0.1367
2020-11-22 00:55:18,276 - mmdet - INFO - Epoch [3][100/615]	lr: 1.000e-02, eta: 0:13:51, time: 0.767, data_time: 0.033, memory: 11912, loss_rpn_cls: 0.0025, loss_rpn_bbox: 0.0313, loss_cls: 0.0273, acc: 98.8965, loss_bbox: 0.0739, loss: 0.1349
2020-11-22 00:56:32,620 - mmdet - INFO - Epoch [3][200/615]	lr: 1.000e-02, eta: 0:12:38, time: 0.743, data_time: 0.012, memory: 11912, loss_rpn_cls: 0.0041, loss_rpn_bbox: 0.0332, loss_cls: 0.0373, acc: 98.4521, loss_bbox: 0.0786, loss: 0.1532
2020-11-22 00:57:47,543 - mmdet - INFO - Epoch [3][300/615]	lr: 1.000e-02, eta: 0:11:25, time: 0.749, data_time: 0.012, memory: 11912, loss_rpn_cls: 0.0031, loss_rpn_bbox: 0.0320, loss_cls: 0.0317, acc: 98.7637, loss_bbox: 0.0811, loss: 0.1479
2020-11-22 00:59:02,235 - mmdet - INFO - Epoch [3][400/615]	lr: 1.000e-02, eta: 0:10:12, time: 0.747, data_time: 0.012, memory: 11912, loss_rpn_cls: 0.0036, loss_rpn_bbox: 0.0326, loss_cls: 0.0325, acc: 98.6191, loss_bbox: 0.0783, loss: 0.1470
2020-11-22 01:00:16,967 - mmdet - INFO - Epoch [3][500/615]	lr: 1.000e-02, eta: 0:08:58, time: 0.747, data_time: 0.012, memory: 11912, loss_rpn_cls: 0.0041, loss_rpn_bbox: 0.0314, loss_cls: 0.0310, acc: 98.7207, loss_bbox: 0.0734, loss: 0.1399
2020-11-22 01:01:31,937 - mmdet - INFO - Epoch [3][600/615]	lr: 1.000e-02, eta: 0:07:45, time: 0.750, data_time: 0.012, memory: 11912, loss_rpn_cls: 0.0038, loss_rpn_bbox: 0.0337, loss_cls: 0.0410, acc: 98.3848, loss_bbox: 0.0838, loss: 0.1624
2020-11-22 01:02:09,037 - mmdet - INFO - Evaluating bbox...
2020-11-22 01:02:11,458 - mmdet - INFO - Epoch [3][615/615]	lr: 1.000e-02, bbox_mAP: 0.8190, bbox_mAP_50: 0.8800, bbox_mAP_75: 0.8700, bbox_mAP_s: 0.5300, bbox_mAP_m: 0.8770, bbox_mAP_l: 0.8970, bbox_mAP_copypaste: 0.819 0.880 0.870 0.530 0.877 0.897
2020-11-22 01:03:28,764 - mmdet - INFO - Epoch [4][100/615]	lr: 1.000e-02, eta: 0:06:18, time: 0.771, data_time: 0.034, memory: 11912, loss_rpn_cls: 0.0024, loss_rpn_bbox: 0.0333, loss_cls: 0.0342, acc: 98.5361, loss_bbox: 0.0815, loss: 0.1515
2020-11-22 01:04:43,551 - mmdet - INFO - Epoch [4][200/615]	lr: 1.000e-02, eta: 0:05:05, time: 0.748, data_time: 0.012, memory: 11912, loss_rpn_cls: 0.0029, loss_rpn_bbox: 0.0317, loss_cls: 0.0375, acc: 98.4229, loss_bbox: 0.0803, loss: 0.1525
2020-11-22 01:05:58,422 - mmdet - INFO - Epoch [4][300/615]	lr: 1.000e-02, eta: 0:03:51, time: 0.749, data_time: 0.012, memory: 11912, loss_rpn_cls: 0.0028, loss_rpn_bbox: 0.0295, loss_cls: 0.0292, acc: 98.8428, loss_bbox: 0.0743, loss: 0.1358
2020-11-22 01:07:13,237 - mmdet - INFO - Epoch [4][400/615]	lr: 1.000e-02, eta: 0:02:38, time: 0.748, data_time: 0.012, memory: 11912, loss_rpn_cls: 0.0027, loss_rpn_bbox: 0.0327, loss_cls: 0.0389, acc: 98.3408, loss_bbox: 0.0798, loss: 0.1541
2020-11-22 01:08:28,052 - mmdet - INFO - Epoch [4][500/615]	lr: 1.000e-02, eta: 0:01:24, time: 0.748, data_time: 0.012, memory: 11912, loss_rpn_cls: 0.0036, loss_rpn_bbox: 0.0318, loss_cls: 0.0362, acc: 98.4424, loss_bbox: 0.0791, loss: 0.1506
2020-11-22 01:09:42,663 - mmdet - INFO - Epoch [4][600/615]	lr: 1.000e-02, eta: 0:00:11, time: 0.746, data_time: 0.012, memory: 11912, loss_rpn_cls: 0.0026, loss_rpn_bbox: 0.0328, loss_cls: 0.0326, acc: 98.6621, loss_bbox: 0.0845, loss: 0.1524
2020-11-22 01:09:53,742 - mmdet - INFO - Saving checkpoint at 4 epochs
2020-11-22 01:10:21,551 - mmdet - INFO - Evaluating bbox...
2020-11-22 01:10:23,887 - mmdet - INFO - Epoch [4][615/615]	lr: 1.000e-02, bbox_mAP: 0.8250, bbox_mAP_50: 0.8850, bbox_mAP_75: 0.8750, bbox_mAP_s: 0.5300, bbox_mAP_m: 0.8730, bbox_mAP_l: 0.9090, bbox_mAP_copypaste: 0.825 0.885 0.875 0.530 0.873 0.909
2020-11-22 01:10:56,220 - mmdet - INFO - Epoch(train) [4][81]	loss_rpn_cls: 0.0023, loss_rpn_bbox: 0.0290, loss_cls: 0.0320, acc: 98.7039, loss_bbox: 0.0771, loss: 0.1404
