2020-11-23 15:05:22,159 - mmdet - INFO - Environment info:
------------------------------------------------------------
sys.platform: linux
Python: 3.6.4 |Anaconda, Inc.| (default, Jan 16 2018, 18:10:19) [GCC 7.2.0]
CUDA available: True
CUDA_HOME: /usr/local/cuda
NVCC: Cuda compilation tools, release 10.0, V10.0.130
GPU 0: Tesla P100-PCIE-16GB
GCC: gcc (GCC) 5.3.0
PyTorch: 1.3.1+cu100
PyTorch compiling details: PyTorch built with:
  - GCC 7.3
  - Intel(R) Math Kernel Library Version 2019.0.4 Product Build 20190411 for Intel(R) 64 architecture applications
  - Intel(R) MKL-DNN v0.20.5 (Git Hash 0125f28c61c1f822fd48570b4c1066f96fcb9b2e)
  - OpenMP 201511 (a.k.a. OpenMP 4.5)
  - NNPACK is enabled
  - CUDA Runtime 10.0
  - NVCC architecture flags: -gencode;arch=compute_37,code=sm_37;-gencode;arch=compute_50,code=sm_50;-gencode;arch=compute_60,code=sm_60;-gencode;arch=compute_61,code=sm_61;-gencode;arch=compute_70,code=sm_70;-gencode;arch=compute_75,code=sm_75;-gencode;arch=compute_37,code=compute_37
  - CuDNN 7.6.3
  - Magma 2.5.1
  - Build settings: BLAS=MKL, BUILD_NAMEDTENSOR=OFF, BUILD_TYPE=Release, CXX_FLAGS= -Wno-deprecated -fvisibility-inlines-hidden -fopenmp -DUSE_FBGEMM -DUSE_QNNPACK -DUSE_PYTORCH_QNNPACK -O2 -fPIC -Wno-narrowing -Wall -Wextra -Wno-missing-field-initializers -Wno-type-limits -Wno-array-bounds -Wno-unknown-pragmas -Wno-sign-compare -Wno-unused-parameter -Wno-unused-variable -Wno-unused-function -Wno-unused-result -Wno-strict-overflow -Wno-strict-aliasing -Wno-error=deprecated-declarations -Wno-stringop-overflow -Wno-error=pedantic -Wno-error=redundant-decls -Wno-error=old-style-cast -fdiagnostics-color=always -faligned-new -Wno-unused-but-set-variable -Wno-maybe-uninitialized -fno-math-errno -fno-trapping-math -Wno-stringop-overflow, DISABLE_NUMA=1, PERF_WITH_AVX=1, PERF_WITH_AVX2=1, PERF_WITH_AVX512=1, USE_CUDA=True, USE_EXCEPTION_PTR=1, USE_GFLAGS=OFF, USE_GLOG=OFF, USE_MKL=ON, USE_MKLDNN=ON, USE_MPI=OFF, USE_NCCL=ON, USE_NNPACK=ON, USE_OPENMP=ON, USE_STATIC_DISPATCH=OFF, 

TorchVision: 0.4.2+cu100
OpenCV: 4.4.0
MMCV: 1.0.5
MMDetection: 2.3.0+788fa8d
MMDetection Compiler: GCC 7.3
MMDetection CUDA Compiler: 10.0
------------------------------------------------------------

2020-11-23 15:05:22,160 - mmdet - INFO - Distributed training: False
2020-11-23 15:05:22,558 - mmdet - INFO - Config:
model = dict(
    type='FasterRCNN',
    pretrained='torchvision://resnet50',
    backbone=dict(
        type='ResNet',
        depth=50,
        num_stages=4,
        out_indices=(0, 1, 2, 3),
        frozen_stages=1,
        norm_cfg=dict(type='BN', requires_grad=True),
        norm_eval=True,
        style='pytorch'),
    neck=dict(
        type='FPN',
        in_channels=[256, 512, 1024, 2048],
        out_channels=256,
        num_outs=5),
    rpn_head=dict(
        type='RPNHead',
        in_channels=256,
        feat_channels=256,
        anchor_generator=dict(
            type='AnchorGenerator',
            scales=[8],
            ratios=[0.5, 1.0, 2.0],
            strides=[4, 8, 16, 32, 64]),
        bbox_coder=dict(
            type='DeltaXYWHBBoxCoder',
            target_means=[0.0, 0.0, 0.0, 0.0],
            target_stds=[1.0, 1.0, 1.0, 1.0]),
        loss_cls=dict(
            type='CrossEntropyLoss', use_sigmoid=True, loss_weight=1.0),
        loss_bbox=dict(type='L1Loss', loss_weight=1.0)),
    roi_head=dict(
        type='StandardRoIHead',
        bbox_roi_extractor=dict(
            type='SingleRoIExtractor',
            roi_layer=dict(type='RoIAlign', output_size=7, sampling_ratio=0),
            out_channels=256,
            featmap_strides=[4, 8, 16, 32]),
        bbox_head=dict(
            type='Shared2FCBBoxHead',
            in_channels=256,
            fc_out_channels=1024,
            roi_feat_size=7,
            num_classes=2,
            bbox_coder=dict(
                type='DeltaXYWHBBoxCoder',
                target_means=[0.0, 0.0, 0.0, 0.0],
                target_stds=[0.1, 0.1, 0.2, 0.2]),
            reg_class_agnostic=False,
            loss_cls=dict(
                type='CrossEntropyLoss', use_sigmoid=False, loss_weight=1.0),
            loss_bbox=dict(type='L1Loss', loss_weight=1.0))))
train_cfg = dict(
    rpn=dict(
        assigner=dict(
            type='MaxIoUAssigner',
            pos_iou_thr=0.7,
            neg_iou_thr=0.3,
            min_pos_iou=0.3,
            match_low_quality=True,
            ignore_iof_thr=-1),
        sampler=dict(
            type='RandomSampler',
            num=256,
            pos_fraction=0.5,
            neg_pos_ub=-1,
            add_gt_as_proposals=False),
        allowed_border=-1,
        pos_weight=-1,
        debug=False),
    rpn_proposal=dict(
        nms_across_levels=False,
        nms_pre=2000,
        nms_post=1000,
        max_num=1000,
        nms_thr=0.7,
        min_bbox_size=0),
    rcnn=dict(
        assigner=dict(
            type='MaxIoUAssigner',
            pos_iou_thr=0.5,
            neg_iou_thr=0.5,
            min_pos_iou=0.5,
            match_low_quality=False,
            ignore_iof_thr=-1),
        sampler=dict(
            type='RandomSampler',
            num=512,
            pos_fraction=0.25,
            neg_pos_ub=-1,
            add_gt_as_proposals=True),
        pos_weight=-1,
        debug=False))
test_cfg = dict(
    rpn=dict(
        nms_across_levels=False,
        nms_pre=1000,
        nms_post=1000,
        max_num=1000,
        nms_thr=0.7,
        min_bbox_size=0),
    rcnn=dict(
        score_thr=0.05,
        nms=dict(type='nms', iou_threshold=0.5),
        max_per_img=100))
dataset_type = 'CocoDataset'
data_root = 'data/coco/'
img_norm_cfg = dict(
    mean=[123.675, 116.28, 103.53], std=[58.395, 57.12, 57.375], to_rgb=True)
train_pipeline = [
    dict(type='LoadImageFromFile'),
    dict(type='LoadAnnotations', with_bbox=True),
    dict(type='Resize', img_scale=(1550, 1550), keep_ratio=True),
    dict(type='RandomFlip', flip_ratio=0.5),
    dict(
        type='Normalize',
        mean=[123.675, 116.28, 103.53],
        std=[58.395, 57.12, 57.375],
        to_rgb=True),
    dict(type='Pad', size_divisor=32),
    dict(type='DefaultFormatBundle'),
    dict(type='Collect', keys=['img', 'gt_bboxes', 'gt_labels'])
]
test_pipeline = [
    dict(type='LoadImageFromFile'),
    dict(
        type='MultiScaleFlipAug',
        img_scale=(1550, 1550),
        flip=False,
        transforms=[
            dict(type='Resize', keep_ratio=True),
            dict(type='RandomFlip'),
            dict(
                type='Normalize',
                mean=[123.675, 116.28, 103.53],
                std=[58.395, 57.12, 57.375],
                to_rgb=True),
            dict(type='Pad', size_divisor=32),
            dict(type='ImageToTensor', keys=['img']),
            dict(type='Collect', keys=['img'])
        ])
]
data = dict(
    samples_per_gpu=2,
    workers_per_gpu=2,
    train=dict(
        type='CocoDataset',
        ann_file='data/coco/annotations/annotations_trai.json',
        img_prefix='data/coco/img/',
        pipeline=[
            dict(type='LoadImageFromFile'),
            dict(type='LoadAnnotations', with_bbox=True),
            dict(type='Resize', img_scale=(1550, 1550), keep_ratio=True),
            dict(type='RandomFlip', flip_ratio=0.5),
            dict(
                type='Normalize',
                mean=[123.675, 116.28, 103.53],
                std=[58.395, 57.12, 57.375],
                to_rgb=True),
            dict(type='Pad', size_divisor=32),
            dict(type='DefaultFormatBundle'),
            dict(type='Collect', keys=['img', 'gt_bboxes', 'gt_labels'])
        ]),
    val=dict(
        type='CocoDataset',
        ann_file='data/coco/annotations/annotations_test.json',
        img_prefix='data/coco/img/',
        pipeline=[
            dict(type='LoadImageFromFile'),
            dict(
                type='MultiScaleFlipAug',
                img_scale=(1550, 1550),
                flip=False,
                transforms=[
                    dict(type='Resize', keep_ratio=True),
                    dict(type='RandomFlip'),
                    dict(
                        type='Normalize',
                        mean=[123.675, 116.28, 103.53],
                        std=[58.395, 57.12, 57.375],
                        to_rgb=True),
                    dict(type='Pad', size_divisor=32),
                    dict(type='ImageToTensor', keys=['img']),
                    dict(type='Collect', keys=['img'])
                ])
        ]),
    test=dict(
        type='CocoDataset',
        ann_file='data/coco/annotations/annotations_vals.json',
        img_prefix='data/coco/img/',
        pipeline=[
            dict(type='LoadImageFromFile'),
            dict(
                type='MultiScaleFlipAug',
                img_scale=(1550, 1550),
                flip=False,
                transforms=[
                    dict(type='Resize', keep_ratio=True),
                    dict(type='RandomFlip'),
                    dict(
                        type='Normalize',
                        mean=[123.675, 116.28, 103.53],
                        std=[58.395, 57.12, 57.375],
                        to_rgb=True),
                    dict(type='Pad', size_divisor=32),
                    dict(type='ImageToTensor', keys=['img']),
                    dict(type='Collect', keys=['img'])
                ])
        ]))
evaluation = dict(interval=1, metric='bbox')
optimizer = dict(type='SGD', lr=0.01, momentum=0.9, weight_decay=0.0001)
optimizer_config = dict(grad_clip=None)
lr_config = dict(
    policy='step',
    warmup='linear',
    warmup_iters=500,
    warmup_ratio=0.001,
    step=[8, 11])
total_epochs = 4
checkpoint_config = dict(interval=4)
log_config = dict(interval=100, hooks=[dict(type='TextLoggerHook')])
dist_params = dict(backend='nccl')
log_level = 'INFO'
load_from = '/home/admin/.cache/torch/checkpoints/X.pth'
resume_from = None
workflow = [('train', 2), ('val', 1)]
work_dir = '/home/admin/jupyter/SecurityAI_Round5/data/work'
gpu_ids = range(0, 1)

2020-11-23 15:05:23,050 - mmdet - INFO - load model from: torchvision://resnet50
2020-11-23 15:05:31,291 - mmdet - WARNING - The model and loaded state dict do not match exactly

unexpected key in source state_dict: fc.weight, fc.bias

2020-11-23 15:05:41,634 - mmdet - INFO - load checkpoint from /home/admin/.cache/torch/checkpoints/X.pth
2020-11-23 15:05:48,037 - mmdet - INFO - Start running, host: admin@fuxilabor_labor0_S4_Odps_S96_dsw_prepaid_cnsh_838_2020112301033, work_dir: /home/admin/jupyter/SecurityAI_Round5/data/work
2020-11-23 15:05:48,037 - mmdet - INFO - workflow: [('train', 2), ('val', 1)], max: 4 epochs
2020-11-23 15:07:05,386 - mmdet - INFO - Epoch [1][100/624]	lr: 1.988e-03, eta: 0:30:48, time: 0.772, data_time: 0.034, memory: 9800, loss_rpn_cls: 0.0023, loss_rpn_bbox: 0.0287, loss_cls: 0.0304, acc: 98.7031, loss_bbox: 0.0745, loss: 0.1359
2020-11-23 15:08:20,151 - mmdet - INFO - Epoch [1][200/624]	lr: 3.986e-03, eta: 0:29:04, time: 0.748, data_time: 0.012, memory: 9800, loss_rpn_cls: 0.0024, loss_rpn_bbox: 0.0231, loss_cls: 0.0269, acc: 98.9346, loss_bbox: 0.0635, loss: 0.1159
2020-11-23 15:09:35,004 - mmdet - INFO - Epoch [1][300/624]	lr: 5.984e-03, eta: 0:27:40, time: 0.749, data_time: 0.012, memory: 9800, loss_rpn_cls: 0.0031, loss_rpn_bbox: 0.0249, loss_cls: 0.0337, acc: 98.5391, loss_bbox: 0.0650, loss: 0.1267
2020-11-23 15:10:49,812 - mmdet - INFO - Epoch [1][400/624]	lr: 7.982e-03, eta: 0:26:20, time: 0.748, data_time: 0.012, memory: 9800, loss_rpn_cls: 0.0021, loss_rpn_bbox: 0.0275, loss_cls: 0.0311, acc: 98.6533, loss_bbox: 0.0677, loss: 0.1285
2020-11-23 15:12:04,955 - mmdet - INFO - Epoch [1][500/624]	lr: 9.980e-03, eta: 0:25:03, time: 0.751, data_time: 0.012, memory: 11883, loss_rpn_cls: 0.0022, loss_rpn_bbox: 0.0284, loss_cls: 0.0279, acc: 98.8350, loss_bbox: 0.0656, loss: 0.1242
2020-11-23 15:13:19,722 - mmdet - INFO - Epoch [1][600/624]	lr: 1.000e-02, eta: 0:23:46, time: 0.748, data_time: 0.012, memory: 11883, loss_rpn_cls: 0.0021, loss_rpn_bbox: 0.0276, loss_cls: 0.0275, acc: 98.8428, loss_bbox: 0.0672, loss: 0.1245
2020-11-23 15:14:01,731 - mmdet - INFO - Evaluating bbox...
2020-11-23 15:14:04,573 - mmdet - INFO - Epoch [1][624/624]	lr: 1.000e-02, bbox_mAP: 0.7890, bbox_mAP_50: 0.8460, bbox_mAP_75: 0.8410, bbox_mAP_s: 0.5210, bbox_mAP_m: 0.8770, bbox_mAP_l: 0.8760, bbox_mAP_copypaste: 0.789 0.846 0.841 0.521 0.877 0.876
2020-11-23 15:15:21,694 - mmdet - INFO - Epoch [2][100/624]	lr: 1.000e-02, eta: 0:21:33, time: 0.769, data_time: 0.033, memory: 11883, loss_rpn_cls: 0.0023, loss_rpn_bbox: 0.0293, loss_cls: 0.0260, acc: 98.9639, loss_bbox: 0.0647, loss: 0.1223
2020-11-23 15:16:36,595 - mmdet - INFO - Epoch [2][200/624]	lr: 1.000e-02, eta: 0:20:24, time: 0.749, data_time: 0.012, memory: 11883, loss_rpn_cls: 0.0023, loss_rpn_bbox: 0.0321, loss_cls: 0.0347, acc: 98.5391, loss_bbox: 0.0767, loss: 0.1457
2020-11-23 15:17:51,751 - mmdet - INFO - Epoch [2][300/624]	lr: 1.000e-02, eta: 0:19:14, time: 0.752, data_time: 0.012, memory: 11883, loss_rpn_cls: 0.0029, loss_rpn_bbox: 0.0325, loss_cls: 0.0353, acc: 98.4561, loss_bbox: 0.0748, loss: 0.1455
2020-11-23 15:19:06,898 - mmdet - INFO - Epoch [2][400/624]	lr: 1.000e-02, eta: 0:18:03, time: 0.751, data_time: 0.012, memory: 11883, loss_rpn_cls: 0.0023, loss_rpn_bbox: 0.0338, loss_cls: 0.0341, acc: 98.5459, loss_bbox: 0.0770, loss: 0.1473
2020-11-23 15:20:21,703 - mmdet - INFO - Epoch [2][500/624]	lr: 1.000e-02, eta: 0:16:51, time: 0.748, data_time: 0.012, memory: 11883, loss_rpn_cls: 0.0027, loss_rpn_bbox: 0.0290, loss_cls: 0.0287, acc: 98.8008, loss_bbox: 0.0702, loss: 0.1307
2020-11-23 15:21:36,393 - mmdet - INFO - Epoch [2][600/624]	lr: 1.000e-02, eta: 0:15:38, time: 0.747, data_time: 0.012, memory: 11883, loss_rpn_cls: 0.0027, loss_rpn_bbox: 0.0319, loss_cls: 0.0322, acc: 98.6699, loss_bbox: 0.0727, loss: 0.1395
2020-11-23 15:22:18,238 - mmdet - INFO - Evaluating bbox...
2020-11-23 15:22:21,102 - mmdet - INFO - Epoch [2][624/624]	lr: 1.000e-02, bbox_mAP: 0.7970, bbox_mAP_50: 0.8610, bbox_mAP_75: 0.8450, bbox_mAP_s: 0.5170, bbox_mAP_m: 0.8730, bbox_mAP_l: 0.8920, bbox_mAP_copypaste: 0.797 0.861 0.845 0.517 0.873 0.892
2020-11-23 15:22:50,990 - mmdet - INFO - Epoch(train) [2][74]	loss_rpn_cls: 0.0025, loss_rpn_bbox: 0.0320, loss_cls: 0.0334, acc: 98.6223, loss_bbox: 0.0766, loss: 0.1444
2020-11-23 15:24:08,231 - mmdet - INFO - Epoch [3][100/624]	lr: 1.000e-02, eta: 0:13:54, time: 0.770, data_time: 0.033, memory: 11883, loss_rpn_cls: 0.0023, loss_rpn_bbox: 0.0294, loss_cls: 0.0315, acc: 98.6240, loss_bbox: 0.0697, loss: 0.1329
2020-11-23 15:25:23,007 - mmdet - INFO - Epoch [3][200/624]	lr: 1.000e-02, eta: 0:12:43, time: 0.748, data_time: 0.012, memory: 11883, loss_rpn_cls: 0.0026, loss_rpn_bbox: 0.0300, loss_cls: 0.0304, acc: 98.7998, loss_bbox: 0.0711, loss: 0.1341
2020-11-23 15:26:37,849 - mmdet - INFO - Epoch [3][300/624]	lr: 1.000e-02, eta: 0:11:31, time: 0.748, data_time: 0.012, memory: 11883, loss_rpn_cls: 0.0027, loss_rpn_bbox: 0.0309, loss_cls: 0.0355, acc: 98.4561, loss_bbox: 0.0796, loss: 0.1487
2020-11-23 15:27:52,967 - mmdet - INFO - Epoch [3][400/624]	lr: 1.000e-02, eta: 0:10:19, time: 0.751, data_time: 0.012, memory: 11909, loss_rpn_cls: 0.0025, loss_rpn_bbox: 0.0302, loss_cls: 0.0287, acc: 98.8193, loss_bbox: 0.0731, loss: 0.1344
2020-11-23 15:29:07,973 - mmdet - INFO - Epoch [3][500/624]	lr: 1.000e-02, eta: 0:09:07, time: 0.750, data_time: 0.012, memory: 11909, loss_rpn_cls: 0.0028, loss_rpn_bbox: 0.0326, loss_cls: 0.0369, acc: 98.4902, loss_bbox: 0.0774, loss: 0.1497
2020-11-23 15:30:22,715 - mmdet - INFO - Epoch [3][600/624]	lr: 1.000e-02, eta: 0:07:54, time: 0.747, data_time: 0.012, memory: 11909, loss_rpn_cls: 0.0027, loss_rpn_bbox: 0.0276, loss_cls: 0.0268, acc: 98.8701, loss_bbox: 0.0698, loss: 0.1268
2020-11-23 15:31:04,427 - mmdet - INFO - Evaluating bbox...
2020-11-23 15:31:07,222 - mmdet - INFO - Epoch [3][624/624]	lr: 1.000e-02, bbox_mAP: 0.8060, bbox_mAP_50: 0.8650, bbox_mAP_75: 0.8500, bbox_mAP_s: 0.5260, bbox_mAP_m: 0.8840, bbox_mAP_l: 0.8960, bbox_mAP_copypaste: 0.806 0.865 0.850 0.526 0.884 0.896
2020-11-23 15:32:24,261 - mmdet - INFO - Epoch [4][100/624]	lr: 1.000e-02, eta: 0:06:20, time: 0.768, data_time: 0.033, memory: 11909, loss_rpn_cls: 0.0020, loss_rpn_bbox: 0.0319, loss_cls: 0.0282, acc: 98.7744, loss_bbox: 0.0715, loss: 0.1336
2020-11-23 15:33:39,213 - mmdet - INFO - Epoch [4][200/624]	lr: 1.000e-02, eta: 0:05:08, time: 0.750, data_time: 0.012, memory: 11909, loss_rpn_cls: 0.0025, loss_rpn_bbox: 0.0305, loss_cls: 0.0344, acc: 98.5479, loss_bbox: 0.0758, loss: 0.1432
2020-11-23 15:34:53,839 - mmdet - INFO - Epoch [4][300/624]	lr: 1.000e-02, eta: 0:03:55, time: 0.746, data_time: 0.012, memory: 11909, loss_rpn_cls: 0.0020, loss_rpn_bbox: 0.0295, loss_cls: 0.0293, acc: 98.7744, loss_bbox: 0.0727, loss: 0.1335
2020-11-23 15:36:08,762 - mmdet - INFO - Epoch [4][400/624]	lr: 1.000e-02, eta: 0:02:43, time: 0.749, data_time: 0.012, memory: 11909, loss_rpn_cls: 0.0030, loss_rpn_bbox: 0.0319, loss_cls: 0.0311, acc: 98.7305, loss_bbox: 0.0742, loss: 0.1402
2020-11-23 15:37:23,452 - mmdet - INFO - Epoch [4][500/624]	lr: 1.000e-02, eta: 0:01:30, time: 0.747, data_time: 0.012, memory: 11909, loss_rpn_cls: 0.0030, loss_rpn_bbox: 0.0316, loss_cls: 0.0388, acc: 98.2334, loss_bbox: 0.0799, loss: 0.1534
2020-11-23 15:38:38,302 - mmdet - INFO - Epoch [4][600/624]	lr: 1.000e-02, eta: 0:00:17, time: 0.748, data_time: 0.012, memory: 11909, loss_rpn_cls: 0.0033, loss_rpn_bbox: 0.0293, loss_cls: 0.0304, acc: 98.7900, loss_bbox: 0.0696, loss: 0.1326
2020-11-23 15:38:56,180 - mmdet - INFO - Saving checkpoint at 4 epochs
2020-11-23 15:39:21,737 - mmdet - INFO - Evaluating bbox...
2020-11-23 15:39:24,646 - mmdet - INFO - Epoch [4][624/624]	lr: 1.000e-02, bbox_mAP: 0.7900, bbox_mAP_50: 0.8500, bbox_mAP_75: 0.8400, bbox_mAP_s: 0.5060, bbox_mAP_m: 0.8710, bbox_mAP_l: 0.8810, bbox_mAP_copypaste: 0.790 0.850 0.840 0.506 0.871 0.881
2020-11-23 15:39:54,659 - mmdet - INFO - Epoch(train) [4][74]	loss_rpn_cls: 0.0032, loss_rpn_bbox: 0.0307, loss_cls: 0.0309, acc: 98.7780, loss_bbox: 0.0792, loss: 0.1440
