2020-11-19 21:16:31,626 - mmdet - INFO - Environment info:
------------------------------------------------------------
sys.platform: linux
Python: 3.6.4 |Anaconda, Inc.| (default, Jan 16 2018, 18:10:19) [GCC 7.2.0]
CUDA available: True
CUDA_HOME: /usr/local/cuda
NVCC: Cuda compilation tools, release 10.0, V10.0.130
GPU 0: Tesla P100-PCIE-16GB
GCC: gcc (GCC) 5.3.0
PyTorch: 1.3.1+cu100
PyTorch compiling details: PyTorch built with:
  - GCC 7.3
  - Intel(R) Math Kernel Library Version 2019.0.4 Product Build 20190411 for Intel(R) 64 architecture applications
  - Intel(R) MKL-DNN v0.20.5 (Git Hash 0125f28c61c1f822fd48570b4c1066f96fcb9b2e)
  - OpenMP 201511 (a.k.a. OpenMP 4.5)
  - NNPACK is enabled
  - CUDA Runtime 10.0
  - NVCC architecture flags: -gencode;arch=compute_37,code=sm_37;-gencode;arch=compute_50,code=sm_50;-gencode;arch=compute_60,code=sm_60;-gencode;arch=compute_61,code=sm_61;-gencode;arch=compute_70,code=sm_70;-gencode;arch=compute_75,code=sm_75;-gencode;arch=compute_37,code=compute_37
  - CuDNN 7.6.3
  - Magma 2.5.1
  - Build settings: BLAS=MKL, BUILD_NAMEDTENSOR=OFF, BUILD_TYPE=Release, CXX_FLAGS= -Wno-deprecated -fvisibility-inlines-hidden -fopenmp -DUSE_FBGEMM -DUSE_QNNPACK -DUSE_PYTORCH_QNNPACK -O2 -fPIC -Wno-narrowing -Wall -Wextra -Wno-missing-field-initializers -Wno-type-limits -Wno-array-bounds -Wno-unknown-pragmas -Wno-sign-compare -Wno-unused-parameter -Wno-unused-variable -Wno-unused-function -Wno-unused-result -Wno-strict-overflow -Wno-strict-aliasing -Wno-error=deprecated-declarations -Wno-stringop-overflow -Wno-error=pedantic -Wno-error=redundant-decls -Wno-error=old-style-cast -fdiagnostics-color=always -faligned-new -Wno-unused-but-set-variable -Wno-maybe-uninitialized -fno-math-errno -fno-trapping-math -Wno-stringop-overflow, DISABLE_NUMA=1, PERF_WITH_AVX=1, PERF_WITH_AVX2=1, PERF_WITH_AVX512=1, USE_CUDA=True, USE_EXCEPTION_PTR=1, USE_GFLAGS=OFF, USE_GLOG=OFF, USE_MKL=ON, USE_MKLDNN=ON, USE_MPI=OFF, USE_NCCL=ON, USE_NNPACK=ON, USE_OPENMP=ON, USE_STATIC_DISPATCH=OFF, 

TorchVision: 0.4.2+cu100
OpenCV: 4.4.0
MMCV: 1.0.5
MMDetection: 2.3.0+788fa8d
MMDetection Compiler: GCC 7.3
MMDetection CUDA Compiler: 10.0
------------------------------------------------------------

2020-11-19 21:16:31,626 - mmdet - INFO - Distributed training: False
2020-11-19 21:16:32,019 - mmdet - INFO - Config:
model = dict(
    type='FasterRCNN',
    pretrained='torchvision://resnet50',
    backbone=dict(
        type='ResNet',
        depth=50,
        num_stages=4,
        out_indices=(0, 1, 2, 3),
        frozen_stages=1,
        norm_cfg=dict(type='BN', requires_grad=True),
        norm_eval=True,
        style='pytorch'),
    neck=dict(
        type='FPN',
        in_channels=[256, 512, 1024, 2048],
        out_channels=256,
        num_outs=5),
    rpn_head=dict(
        type='RPNHead',
        in_channels=256,
        feat_channels=256,
        anchor_generator=dict(
            type='AnchorGenerator',
            scales=[8],
            ratios=[0.5, 1.0, 2.0],
            strides=[4, 8, 16, 32, 64]),
        bbox_coder=dict(
            type='DeltaXYWHBBoxCoder',
            target_means=[0.0, 0.0, 0.0, 0.0],
            target_stds=[1.0, 1.0, 1.0, 1.0]),
        loss_cls=dict(
            type='CrossEntropyLoss', use_sigmoid=True, loss_weight=1.0),
        loss_bbox=dict(type='L1Loss', loss_weight=1.0)),
    roi_head=dict(
        type='StandardRoIHead',
        bbox_roi_extractor=dict(
            type='SingleRoIExtractor',
            roi_layer=dict(type='RoIAlign', output_size=7, sampling_ratio=0),
            out_channels=256,
            featmap_strides=[4, 8, 16, 32]),
        bbox_head=dict(
            type='Shared2FCBBoxHead',
            in_channels=256,
            fc_out_channels=1024,
            roi_feat_size=7,
            num_classes=2,
            bbox_coder=dict(
                type='DeltaXYWHBBoxCoder',
                target_means=[0.0, 0.0, 0.0, 0.0],
                target_stds=[0.1, 0.1, 0.2, 0.2]),
            reg_class_agnostic=False,
            loss_cls=dict(
                type='CrossEntropyLoss', use_sigmoid=False, loss_weight=1.0),
            loss_bbox=dict(type='L1Loss', loss_weight=1.0))))
train_cfg = dict(
    rpn=dict(
        assigner=dict(
            type='MaxIoUAssigner',
            pos_iou_thr=0.7,
            neg_iou_thr=0.3,
            min_pos_iou=0.3,
            match_low_quality=True,
            ignore_iof_thr=-1),
        sampler=dict(
            type='RandomSampler',
            num=256,
            pos_fraction=0.5,
            neg_pos_ub=-1,
            add_gt_as_proposals=False),
        allowed_border=-1,
        pos_weight=-1,
        debug=False),
    rpn_proposal=dict(
        nms_across_levels=False,
        nms_pre=2000,
        nms_post=1000,
        max_num=1000,
        nms_thr=0.7,
        min_bbox_size=0),
    rcnn=dict(
        assigner=dict(
            type='MaxIoUAssigner',
            pos_iou_thr=0.5,
            neg_iou_thr=0.5,
            min_pos_iou=0.5,
            match_low_quality=False,
            ignore_iof_thr=-1),
        sampler=dict(
            type='RandomSampler',
            num=512,
            pos_fraction=0.25,
            neg_pos_ub=-1,
            add_gt_as_proposals=True),
        pos_weight=-1,
        debug=False))
test_cfg = dict(
    rpn=dict(
        nms_across_levels=False,
        nms_pre=1000,
        nms_post=1000,
        max_num=1000,
        nms_thr=0.7,
        min_bbox_size=0),
    rcnn=dict(
        score_thr=0.05,
        nms=dict(type='nms', iou_threshold=0.5),
        max_per_img=100))
dataset_type = 'CocoDataset'
data_root = 'data/coco/'
img_norm_cfg = dict(
    mean=[123.675, 116.28, 103.53], std=[58.395, 57.12, 57.375], to_rgb=True)
train_pipeline = [
    dict(type='LoadImageFromFile'),
    dict(type='LoadAnnotations', with_bbox=True),
    dict(type='Resize', img_scale=(1550, 1550), keep_ratio=True),
    dict(type='RandomFlip', flip_ratio=0.5),
    dict(
        type='Normalize',
        mean=[123.675, 116.28, 103.53],
        std=[58.395, 57.12, 57.375],
        to_rgb=True),
    dict(type='Pad', size_divisor=32),
    dict(type='DefaultFormatBundle'),
    dict(type='Collect', keys=['img', 'gt_bboxes', 'gt_labels'])
]
test_pipeline = [
    dict(type='LoadImageFromFile'),
    dict(
        type='MultiScaleFlipAug',
        img_scale=(1550, 1550),
        flip=False,
        transforms=[
            dict(type='Resize', keep_ratio=True),
            dict(type='RandomFlip'),
            dict(
                type='Normalize',
                mean=[123.675, 116.28, 103.53],
                std=[58.395, 57.12, 57.375],
                to_rgb=True),
            dict(type='Pad', size_divisor=32),
            dict(type='ImageToTensor', keys=['img']),
            dict(type='Collect', keys=['img'])
        ])
]
data = dict(
    samples_per_gpu=2,
    workers_per_gpu=2,
    train=dict(
        type='CocoDataset',
        ann_file='data/coco/annotations/annotations_trai.json',
        img_prefix='data/coco/img/',
        pipeline=[
            dict(type='LoadImageFromFile'),
            dict(type='LoadAnnotations', with_bbox=True),
            dict(type='Resize', img_scale=(1550, 1550), keep_ratio=True),
            dict(type='RandomFlip', flip_ratio=0.5),
            dict(
                type='Normalize',
                mean=[123.675, 116.28, 103.53],
                std=[58.395, 57.12, 57.375],
                to_rgb=True),
            dict(type='Pad', size_divisor=32),
            dict(type='DefaultFormatBundle'),
            dict(type='Collect', keys=['img', 'gt_bboxes', 'gt_labels'])
        ]),
    val=dict(
        type='CocoDataset',
        ann_file='data/coco/annotations/annotations_test.json',
        img_prefix='data/coco/img/',
        pipeline=[
            dict(type='LoadImageFromFile'),
            dict(
                type='MultiScaleFlipAug',
                img_scale=(1550, 1550),
                flip=False,
                transforms=[
                    dict(type='Resize', keep_ratio=True),
                    dict(type='RandomFlip'),
                    dict(
                        type='Normalize',
                        mean=[123.675, 116.28, 103.53],
                        std=[58.395, 57.12, 57.375],
                        to_rgb=True),
                    dict(type='Pad', size_divisor=32),
                    dict(type='ImageToTensor', keys=['img']),
                    dict(type='Collect', keys=['img'])
                ])
        ]),
    test=dict(
        type='CocoDataset',
        ann_file='data/coco/annotations/annotations_vals.json',
        img_prefix='data/coco/img/',
        pipeline=[
            dict(type='LoadImageFromFile'),
            dict(
                type='MultiScaleFlipAug',
                img_scale=(1550, 1550),
                flip=False,
                transforms=[
                    dict(type='Resize', keep_ratio=True),
                    dict(type='RandomFlip'),
                    dict(
                        type='Normalize',
                        mean=[123.675, 116.28, 103.53],
                        std=[58.395, 57.12, 57.375],
                        to_rgb=True),
                    dict(type='Pad', size_divisor=32),
                    dict(type='ImageToTensor', keys=['img']),
                    dict(type='Collect', keys=['img'])
                ])
        ]))
evaluation = dict(interval=1, metric='bbox')
optimizer = dict(type='SGD', lr=0.01, momentum=0.9, weight_decay=0.0001)
optimizer_config = dict(grad_clip=None)
lr_config = dict(
    policy='step',
    warmup='linear',
    warmup_iters=500,
    warmup_ratio=0.001,
    step=[8, 11])
total_epochs = 4
checkpoint_config = dict(interval=4)
log_config = dict(interval=100, hooks=[dict(type='TextLoggerHook')])
dist_params = dict(backend='nccl')
log_level = 'INFO'
load_from = '/home/admin/.cache/torch/checkpoints/X.pth'
resume_from = None
workflow = [('train', 2), ('val', 1)]
work_dir = '/home/admin/jupyter/SecurityAI_Round5/data/work'
gpu_ids = range(0, 1)

2020-11-19 21:16:32,522 - mmdet - INFO - load model from: torchvision://resnet50
2020-11-19 21:16:40,573 - mmdet - WARNING - The model and loaded state dict do not match exactly

unexpected key in source state_dict: fc.weight, fc.bias

2020-11-19 21:16:50,736 - mmdet - INFO - load checkpoint from /home/admin/.cache/torch/checkpoints/X.pth
2020-11-19 21:16:57,279 - mmdet - INFO - Start running, host: admin@fuxilabor_labor0_S4_Odps_S96_dsw_prepaid_cnsh_838_2020111911384, work_dir: /home/admin/jupyter/SecurityAI_Round5/data/work
2020-11-19 21:16:57,279 - mmdet - INFO - workflow: [('train', 2), ('val', 1)], max: 4 epochs
2020-11-19 21:18:14,596 - mmdet - INFO - Epoch [1][100/624]	lr: 1.988e-03, eta: 0:30:47, time: 0.771, data_time: 0.034, memory: 9968, loss_rpn_cls: 0.0035, loss_rpn_bbox: 0.0359, loss_cls: 0.0390, acc: 98.3252, loss_bbox: 0.0885, loss: 0.1670
2020-11-19 21:19:29,316 - mmdet - INFO - Epoch [1][200/624]	lr: 3.986e-03, eta: 0:29:03, time: 0.747, data_time: 0.012, memory: 9968, loss_rpn_cls: 0.0035, loss_rpn_bbox: 0.0308, loss_cls: 0.0385, acc: 98.3691, loss_bbox: 0.0823, loss: 0.1551
2020-11-19 21:20:43,957 - mmdet - INFO - Epoch [1][300/624]	lr: 5.984e-03, eta: 0:27:37, time: 0.746, data_time: 0.012, memory: 9968, loss_rpn_cls: 0.0026, loss_rpn_bbox: 0.0330, loss_cls: 0.0336, acc: 98.5859, loss_bbox: 0.0812, loss: 0.1505
2020-11-19 21:21:58,786 - mmdet - INFO - Epoch [1][400/624]	lr: 7.982e-03, eta: 0:26:18, time: 0.748, data_time: 0.012, memory: 9968, loss_rpn_cls: 0.0030, loss_rpn_bbox: 0.0344, loss_cls: 0.0371, acc: 98.4316, loss_bbox: 0.0868, loss: 0.1613
2020-11-19 21:23:13,879 - mmdet - INFO - Epoch [1][500/624]	lr: 9.980e-03, eta: 0:25:02, time: 0.751, data_time: 0.012, memory: 11887, loss_rpn_cls: 0.0038, loss_rpn_bbox: 0.0369, loss_cls: 0.0403, acc: 98.3027, loss_bbox: 0.0925, loss: 0.1734
2020-11-19 21:24:28,680 - mmdet - INFO - Epoch [1][600/624]	lr: 1.000e-02, eta: 0:23:45, time: 0.748, data_time: 0.012, memory: 11887, loss_rpn_cls: 0.0033, loss_rpn_bbox: 0.0380, loss_cls: 0.0381, acc: 98.4199, loss_bbox: 0.0917, loss: 0.1712
2020-11-19 21:25:10,042 - mmdet - INFO - Evaluating bbox...
2020-11-19 21:25:11,717 - mmdet - INFO - Epoch [1][624/624]	lr: 1.000e-02, bbox_mAP: 0.8100, bbox_mAP_50: 0.8880, bbox_mAP_75: 0.8730, bbox_mAP_s: 0.5900, bbox_mAP_m: 0.8530, bbox_mAP_l: 0.8730, bbox_mAP_copypaste: 0.810 0.888 0.873 0.590 0.853 0.873
2020-11-19 21:26:28,767 - mmdet - INFO - Epoch [2][100/624]	lr: 1.000e-02, eta: 0:21:32, time: 0.769, data_time: 0.033, memory: 11887, loss_rpn_cls: 0.0031, loss_rpn_bbox: 0.0380, loss_cls: 0.0374, acc: 98.4160, loss_bbox: 0.0858, loss: 0.1643
2020-11-19 21:28:10,413 - mmdet - INFO - Epoch [2][200/624]	lr: 1.000e-02, eta: 0:21:17, time: 1.016, data_time: 0.280, memory: 11887, loss_rpn_cls: 0.0026, loss_rpn_bbox: 0.0373, loss_cls: 0.0378, acc: 98.4072, loss_bbox: 0.0906, loss: 0.1683
2020-11-19 21:29:25,368 - mmdet - INFO - Epoch [2][300/624]	lr: 1.000e-02, eta: 0:19:58, time: 0.750, data_time: 0.012, memory: 11887, loss_rpn_cls: 0.0030, loss_rpn_bbox: 0.0385, loss_cls: 0.0399, acc: 98.3232, loss_bbox: 0.0979, loss: 0.1793
2020-11-19 21:30:40,139 - mmdet - INFO - Epoch [2][400/624]	lr: 1.000e-02, eta: 0:18:40, time: 0.748, data_time: 0.012, memory: 11887, loss_rpn_cls: 0.0038, loss_rpn_bbox: 0.0401, loss_cls: 0.0386, acc: 98.4229, loss_bbox: 0.0931, loss: 0.1756
2020-11-19 21:31:54,992 - mmdet - INFO - Epoch [2][500/624]	lr: 1.000e-02, eta: 0:17:22, time: 0.749, data_time: 0.012, memory: 11887, loss_rpn_cls: 0.0033, loss_rpn_bbox: 0.0399, loss_cls: 0.0402, acc: 98.3428, loss_bbox: 0.0958, loss: 0.1792
2020-11-19 21:33:10,005 - mmdet - INFO - Epoch [2][600/624]	lr: 1.000e-02, eta: 0:16:05, time: 0.750, data_time: 0.012, memory: 11887, loss_rpn_cls: 0.0041, loss_rpn_bbox: 0.0422, loss_cls: 0.0482, acc: 98.0137, loss_bbox: 0.1022, loss: 0.1968
2020-11-19 21:33:51,458 - mmdet - INFO - Evaluating bbox...
2020-11-19 21:33:53,201 - mmdet - INFO - Epoch [2][624/624]	lr: 1.000e-02, bbox_mAP: 0.8020, bbox_mAP_50: 0.8820, bbox_mAP_75: 0.8710, bbox_mAP_s: 0.5880, bbox_mAP_m: 0.8260, bbox_mAP_l: 0.8620, bbox_mAP_copypaste: 0.802 0.882 0.871 0.588 0.826 0.862
2020-11-19 21:34:22,801 - mmdet - INFO - Epoch(train) [2][73]	loss_rpn_cls: 0.0038, loss_rpn_bbox: 0.0380, loss_cls: 0.0452, acc: 98.0990, loss_bbox: 0.0950, loss: 0.1819
2020-11-19 21:35:39,978 - mmdet - INFO - Epoch [3][100/624]	lr: 1.000e-02, eta: 0:14:16, time: 0.770, data_time: 0.034, memory: 11887, loss_rpn_cls: 0.0039, loss_rpn_bbox: 0.0375, loss_cls: 0.0456, acc: 98.0605, loss_bbox: 0.0955, loss: 0.1824
2020-11-19 21:36:54,824 - mmdet - INFO - Epoch [3][200/624]	lr: 1.000e-02, eta: 0:13:02, time: 0.748, data_time: 0.012, memory: 11887, loss_rpn_cls: 0.0036, loss_rpn_bbox: 0.0411, loss_cls: 0.0453, acc: 98.0684, loss_bbox: 0.0967, loss: 0.1867
2020-11-19 21:38:09,593 - mmdet - INFO - Epoch [3][300/624]	lr: 1.000e-02, eta: 0:11:47, time: 0.748, data_time: 0.012, memory: 11887, loss_rpn_cls: 0.0034, loss_rpn_bbox: 0.0397, loss_cls: 0.0414, acc: 98.2441, loss_bbox: 0.0962, loss: 0.1807
2020-11-19 21:39:24,367 - mmdet - INFO - Epoch [3][400/624]	lr: 1.000e-02, eta: 0:10:33, time: 0.748, data_time: 0.012, memory: 11887, loss_rpn_cls: 0.0023, loss_rpn_bbox: 0.0353, loss_cls: 0.0335, acc: 98.6250, loss_bbox: 0.0863, loss: 0.1574
2020-11-19 21:40:39,031 - mmdet - INFO - Epoch [3][500/624]	lr: 1.000e-02, eta: 0:09:18, time: 0.747, data_time: 0.012, memory: 11887, loss_rpn_cls: 0.0034, loss_rpn_bbox: 0.0384, loss_cls: 0.0434, acc: 98.2236, loss_bbox: 0.0954, loss: 0.1806
2020-11-19 21:41:54,014 - mmdet - INFO - Epoch [3][600/624]	lr: 1.000e-02, eta: 0:08:04, time: 0.750, data_time: 0.012, memory: 11887, loss_rpn_cls: 0.0041, loss_rpn_bbox: 0.0415, loss_cls: 0.0461, acc: 98.0908, loss_bbox: 0.1043, loss: 0.1960
2020-11-19 21:42:35,419 - mmdet - INFO - Evaluating bbox...
2020-11-19 21:42:37,204 - mmdet - INFO - Epoch [3][624/624]	lr: 1.000e-02, bbox_mAP: 0.7990, bbox_mAP_50: 0.8820, bbox_mAP_75: 0.8670, bbox_mAP_s: 0.5850, bbox_mAP_m: 0.8250, bbox_mAP_l: 0.8630, bbox_mAP_copypaste: 0.799 0.882 0.867 0.585 0.825 0.863
2020-11-19 21:43:54,551 - mmdet - INFO - Epoch [4][100/624]	lr: 1.000e-02, eta: 0:06:27, time: 0.772, data_time: 0.034, memory: 11887, loss_rpn_cls: 0.0035, loss_rpn_bbox: 0.0382, loss_cls: 0.0376, acc: 98.5088, loss_bbox: 0.0962, loss: 0.1755
2020-11-19 21:45:09,396 - mmdet - INFO - Epoch [4][200/624]	lr: 1.000e-02, eta: 0:05:13, time: 0.748, data_time: 0.012, memory: 11887, loss_rpn_cls: 0.0043, loss_rpn_bbox: 0.0408, loss_cls: 0.0465, acc: 98.1104, loss_bbox: 0.1059, loss: 0.1974
2020-11-19 21:46:24,043 - mmdet - INFO - Epoch [4][300/624]	lr: 1.000e-02, eta: 0:03:59, time: 0.746, data_time: 0.012, memory: 11887, loss_rpn_cls: 0.0041, loss_rpn_bbox: 0.0364, loss_cls: 0.0410, acc: 98.3154, loss_bbox: 0.0879, loss: 0.1694
2020-11-19 21:47:38,860 - mmdet - INFO - Epoch [4][400/624]	lr: 1.000e-02, eta: 0:02:45, time: 0.748, data_time: 0.012, memory: 11887, loss_rpn_cls: 0.0041, loss_rpn_bbox: 0.0438, loss_cls: 0.0458, acc: 98.0469, loss_bbox: 0.0973, loss: 0.1909
2020-11-19 21:48:53,728 - mmdet - INFO - Epoch [4][500/624]	lr: 1.000e-02, eta: 0:01:31, time: 0.749, data_time: 0.012, memory: 11887, loss_rpn_cls: 0.0037, loss_rpn_bbox: 0.0395, loss_cls: 0.0422, acc: 98.1553, loss_bbox: 0.0978, loss: 0.1831
2020-11-19 21:50:08,492 - mmdet - INFO - Epoch [4][600/624]	lr: 1.000e-02, eta: 0:00:17, time: 0.748, data_time: 0.012, memory: 11887, loss_rpn_cls: 0.0030, loss_rpn_bbox: 0.0422, loss_cls: 0.0391, acc: 98.3320, loss_bbox: 0.0961, loss: 0.1804
2020-11-19 21:50:26,308 - mmdet - INFO - Saving checkpoint at 4 epochs
2020-11-19 21:50:51,662 - mmdet - INFO - Evaluating bbox...
2020-11-19 21:50:53,513 - mmdet - INFO - Epoch [4][624/624]	lr: 1.000e-02, bbox_mAP: 0.7940, bbox_mAP_50: 0.8770, bbox_mAP_75: 0.8620, bbox_mAP_s: 0.5770, bbox_mAP_m: 0.8280, bbox_mAP_l: 0.8560, bbox_mAP_copypaste: 0.794 0.877 0.862 0.577 0.828 0.856
2020-11-19 21:51:22,864 - mmdet - INFO - Epoch(train) [4][73]	loss_rpn_cls: 0.0038, loss_rpn_bbox: 0.0385, loss_cls: 0.0438, acc: 98.1619, loss_bbox: 0.0922, loss: 0.1783
