2020-11-21 20:15:51,505 - mmdet - INFO - Environment info:
------------------------------------------------------------
sys.platform: linux
Python: 3.6.4 |Anaconda, Inc.| (default, Jan 16 2018, 18:10:19) [GCC 7.2.0]
CUDA available: True
CUDA_HOME: /usr/local/cuda
NVCC: Cuda compilation tools, release 10.0, V10.0.130
GPU 0: Tesla P100-PCIE-16GB
GCC: gcc (GCC) 5.3.0
PyTorch: 1.3.1+cu100
PyTorch compiling details: PyTorch built with:
  - GCC 7.3
  - Intel(R) Math Kernel Library Version 2019.0.4 Product Build 20190411 for Intel(R) 64 architecture applications
  - Intel(R) MKL-DNN v0.20.5 (Git Hash 0125f28c61c1f822fd48570b4c1066f96fcb9b2e)
  - OpenMP 201511 (a.k.a. OpenMP 4.5)
  - NNPACK is enabled
  - CUDA Runtime 10.0
  - NVCC architecture flags: -gencode;arch=compute_37,code=sm_37;-gencode;arch=compute_50,code=sm_50;-gencode;arch=compute_60,code=sm_60;-gencode;arch=compute_61,code=sm_61;-gencode;arch=compute_70,code=sm_70;-gencode;arch=compute_75,code=sm_75;-gencode;arch=compute_37,code=compute_37
  - CuDNN 7.6.3
  - Magma 2.5.1
  - Build settings: BLAS=MKL, BUILD_NAMEDTENSOR=OFF, BUILD_TYPE=Release, CXX_FLAGS= -Wno-deprecated -fvisibility-inlines-hidden -fopenmp -DUSE_FBGEMM -DUSE_QNNPACK -DUSE_PYTORCH_QNNPACK -O2 -fPIC -Wno-narrowing -Wall -Wextra -Wno-missing-field-initializers -Wno-type-limits -Wno-array-bounds -Wno-unknown-pragmas -Wno-sign-compare -Wno-unused-parameter -Wno-unused-variable -Wno-unused-function -Wno-unused-result -Wno-strict-overflow -Wno-strict-aliasing -Wno-error=deprecated-declarations -Wno-stringop-overflow -Wno-error=pedantic -Wno-error=redundant-decls -Wno-error=old-style-cast -fdiagnostics-color=always -faligned-new -Wno-unused-but-set-variable -Wno-maybe-uninitialized -fno-math-errno -fno-trapping-math -Wno-stringop-overflow, DISABLE_NUMA=1, PERF_WITH_AVX=1, PERF_WITH_AVX2=1, PERF_WITH_AVX512=1, USE_CUDA=True, USE_EXCEPTION_PTR=1, USE_GFLAGS=OFF, USE_GLOG=OFF, USE_MKL=ON, USE_MKLDNN=ON, USE_MPI=OFF, USE_NCCL=ON, USE_NNPACK=ON, USE_OPENMP=ON, USE_STATIC_DISPATCH=OFF, 

TorchVision: 0.4.2+cu100
OpenCV: 4.4.0
MMCV: 1.0.5
MMDetection: 2.3.0+788fa8d
MMDetection Compiler: GCC 7.3
MMDetection CUDA Compiler: 10.0
------------------------------------------------------------

2020-11-21 20:15:51,506 - mmdet - INFO - Distributed training: False
2020-11-21 20:15:51,894 - mmdet - INFO - Config:
model = dict(
    type='FasterRCNN',
    pretrained='torchvision://resnet50',
    backbone=dict(
        type='ResNet',
        depth=50,
        num_stages=4,
        out_indices=(0, 1, 2, 3),
        frozen_stages=1,
        norm_cfg=dict(type='BN', requires_grad=True),
        norm_eval=True,
        style='pytorch'),
    neck=dict(
        type='FPN',
        in_channels=[256, 512, 1024, 2048],
        out_channels=256,
        num_outs=5),
    rpn_head=dict(
        type='RPNHead',
        in_channels=256,
        feat_channels=256,
        anchor_generator=dict(
            type='AnchorGenerator',
            scales=[8],
            ratios=[0.5, 1.0, 2.0],
            strides=[4, 8, 16, 32, 64]),
        bbox_coder=dict(
            type='DeltaXYWHBBoxCoder',
            target_means=[0.0, 0.0, 0.0, 0.0],
            target_stds=[1.0, 1.0, 1.0, 1.0]),
        loss_cls=dict(
            type='CrossEntropyLoss', use_sigmoid=True, loss_weight=1.0),
        loss_bbox=dict(type='L1Loss', loss_weight=1.0)),
    roi_head=dict(
        type='StandardRoIHead',
        bbox_roi_extractor=dict(
            type='SingleRoIExtractor',
            roi_layer=dict(type='RoIAlign', output_size=7, sampling_ratio=0),
            out_channels=256,
            featmap_strides=[4, 8, 16, 32]),
        bbox_head=dict(
            type='Shared2FCBBoxHead',
            in_channels=256,
            fc_out_channels=1024,
            roi_feat_size=7,
            num_classes=2,
            bbox_coder=dict(
                type='DeltaXYWHBBoxCoder',
                target_means=[0.0, 0.0, 0.0, 0.0],
                target_stds=[0.1, 0.1, 0.2, 0.2]),
            reg_class_agnostic=False,
            loss_cls=dict(
                type='CrossEntropyLoss', use_sigmoid=False, loss_weight=1.0),
            loss_bbox=dict(type='L1Loss', loss_weight=1.0))))
train_cfg = dict(
    rpn=dict(
        assigner=dict(
            type='MaxIoUAssigner',
            pos_iou_thr=0.7,
            neg_iou_thr=0.3,
            min_pos_iou=0.3,
            match_low_quality=True,
            ignore_iof_thr=-1),
        sampler=dict(
            type='RandomSampler',
            num=256,
            pos_fraction=0.5,
            neg_pos_ub=-1,
            add_gt_as_proposals=False),
        allowed_border=-1,
        pos_weight=-1,
        debug=False),
    rpn_proposal=dict(
        nms_across_levels=False,
        nms_pre=2000,
        nms_post=1000,
        max_num=1000,
        nms_thr=0.7,
        min_bbox_size=0),
    rcnn=dict(
        assigner=dict(
            type='MaxIoUAssigner',
            pos_iou_thr=0.5,
            neg_iou_thr=0.5,
            min_pos_iou=0.5,
            match_low_quality=False,
            ignore_iof_thr=-1),
        sampler=dict(
            type='RandomSampler',
            num=512,
            pos_fraction=0.25,
            neg_pos_ub=-1,
            add_gt_as_proposals=True),
        pos_weight=-1,
        debug=False))
test_cfg = dict(
    rpn=dict(
        nms_across_levels=False,
        nms_pre=1000,
        nms_post=1000,
        max_num=1000,
        nms_thr=0.7,
        min_bbox_size=0),
    rcnn=dict(
        score_thr=0.05,
        nms=dict(type='nms', iou_threshold=0.5),
        max_per_img=100))
dataset_type = 'CocoDataset'
data_root = 'data/coco/'
img_norm_cfg = dict(
    mean=[123.675, 116.28, 103.53], std=[58.395, 57.12, 57.375], to_rgb=True)
train_pipeline = [
    dict(type='LoadImageFromFile'),
    dict(type='LoadAnnotations', with_bbox=True),
    dict(type='Resize', img_scale=(1550, 1550), keep_ratio=True),
    dict(type='RandomFlip', flip_ratio=0.5),
    dict(
        type='Normalize',
        mean=[123.675, 116.28, 103.53],
        std=[58.395, 57.12, 57.375],
        to_rgb=True),
    dict(type='Pad', size_divisor=32),
    dict(type='DefaultFormatBundle'),
    dict(type='Collect', keys=['img', 'gt_bboxes', 'gt_labels'])
]
test_pipeline = [
    dict(type='LoadImageFromFile'),
    dict(
        type='MultiScaleFlipAug',
        img_scale=(1550, 1550),
        flip=False,
        transforms=[
            dict(type='Resize', keep_ratio=True),
            dict(type='RandomFlip'),
            dict(
                type='Normalize',
                mean=[123.675, 116.28, 103.53],
                std=[58.395, 57.12, 57.375],
                to_rgb=True),
            dict(type='Pad', size_divisor=32),
            dict(type='ImageToTensor', keys=['img']),
            dict(type='Collect', keys=['img'])
        ])
]
data = dict(
    samples_per_gpu=2,
    workers_per_gpu=2,
    train=dict(
        type='CocoDataset',
        ann_file='data/coco/annotations/annotations_trai.json',
        img_prefix='data/coco/img/',
        pipeline=[
            dict(type='LoadImageFromFile'),
            dict(type='LoadAnnotations', with_bbox=True),
            dict(type='Resize', img_scale=(1550, 1550), keep_ratio=True),
            dict(type='RandomFlip', flip_ratio=0.5),
            dict(
                type='Normalize',
                mean=[123.675, 116.28, 103.53],
                std=[58.395, 57.12, 57.375],
                to_rgb=True),
            dict(type='Pad', size_divisor=32),
            dict(type='DefaultFormatBundle'),
            dict(type='Collect', keys=['img', 'gt_bboxes', 'gt_labels'])
        ]),
    val=dict(
        type='CocoDataset',
        ann_file='data/coco/annotations/annotations_test.json',
        img_prefix='data/coco/img/',
        pipeline=[
            dict(type='LoadImageFromFile'),
            dict(
                type='MultiScaleFlipAug',
                img_scale=(1550, 1550),
                flip=False,
                transforms=[
                    dict(type='Resize', keep_ratio=True),
                    dict(type='RandomFlip'),
                    dict(
                        type='Normalize',
                        mean=[123.675, 116.28, 103.53],
                        std=[58.395, 57.12, 57.375],
                        to_rgb=True),
                    dict(type='Pad', size_divisor=32),
                    dict(type='ImageToTensor', keys=['img']),
                    dict(type='Collect', keys=['img'])
                ])
        ]),
    test=dict(
        type='CocoDataset',
        ann_file='data/coco/annotations/annotations_vals.json',
        img_prefix='data/coco/img/',
        pipeline=[
            dict(type='LoadImageFromFile'),
            dict(
                type='MultiScaleFlipAug',
                img_scale=(1550, 1550),
                flip=False,
                transforms=[
                    dict(type='Resize', keep_ratio=True),
                    dict(type='RandomFlip'),
                    dict(
                        type='Normalize',
                        mean=[123.675, 116.28, 103.53],
                        std=[58.395, 57.12, 57.375],
                        to_rgb=True),
                    dict(type='Pad', size_divisor=32),
                    dict(type='ImageToTensor', keys=['img']),
                    dict(type='Collect', keys=['img'])
                ])
        ]))
evaluation = dict(interval=1, metric='bbox')
optimizer = dict(type='SGD', lr=0.01, momentum=0.9, weight_decay=0.0001)
optimizer_config = dict(grad_clip=None)
lr_config = dict(
    policy='step',
    warmup='linear',
    warmup_iters=500,
    warmup_ratio=0.001,
    step=[8, 11])
total_epochs = 4
checkpoint_config = dict(interval=4)
log_config = dict(interval=100, hooks=[dict(type='TextLoggerHook')])
dist_params = dict(backend='nccl')
log_level = 'INFO'
load_from = '/home/admin/.cache/torch/checkpoints/X.pth'
resume_from = None
workflow = [('train', 2), ('val', 1)]
work_dir = '/home/admin/jupyter/SecurityAI_Round5/data/work'
gpu_ids = range(0, 1)

2020-11-21 20:15:52,402 - mmdet - INFO - load model from: torchvision://resnet50
2020-11-21 20:16:00,254 - mmdet - WARNING - The model and loaded state dict do not match exactly

unexpected key in source state_dict: fc.weight, fc.bias

2020-11-21 20:16:10,547 - mmdet - INFO - load checkpoint from /home/admin/.cache/torch/checkpoints/X.pth
2020-11-21 20:16:17,131 - mmdet - INFO - Start running, host: admin@fuxilabor_labor0_S4_Odps_S96_dsw_prepaid_cnsh_838_2020112106175, work_dir: /home/admin/jupyter/SecurityAI_Round5/data/work
2020-11-21 20:16:17,131 - mmdet - INFO - workflow: [('train', 2), ('val', 1)], max: 4 epochs
2020-11-21 20:17:34,778 - mmdet - INFO - Epoch [1][100/623]	lr: 1.988e-03, eta: 0:30:52, time: 0.775, data_time: 0.033, memory: 8024, loss_rpn_cls: 0.0019, loss_rpn_bbox: 0.0271, loss_cls: 0.0280, acc: 98.8311, loss_bbox: 0.0720, loss: 0.1290
2020-11-21 20:18:49,901 - mmdet - INFO - Epoch [1][200/623]	lr: 3.986e-03, eta: 0:29:08, time: 0.751, data_time: 0.012, memory: 9255, loss_rpn_cls: 0.0025, loss_rpn_bbox: 0.0256, loss_cls: 0.0314, acc: 98.6758, loss_bbox: 0.0704, loss: 0.1300
2020-11-21 20:20:04,967 - mmdet - INFO - Epoch [1][300/623]	lr: 5.984e-03, eta: 0:27:43, time: 0.751, data_time: 0.012, memory: 10077, loss_rpn_cls: 0.0019, loss_rpn_bbox: 0.0245, loss_cls: 0.0294, acc: 98.7900, loss_bbox: 0.0672, loss: 0.1230
2020-11-21 20:21:19,872 - mmdet - INFO - Epoch [1][400/623]	lr: 7.982e-03, eta: 0:26:22, time: 0.749, data_time: 0.012, memory: 10077, loss_rpn_cls: 0.0025, loss_rpn_bbox: 0.0260, loss_cls: 0.0307, acc: 98.6807, loss_bbox: 0.0717, loss: 0.1309
2020-11-21 20:22:34,717 - mmdet - INFO - Epoch [1][500/623]	lr: 9.980e-03, eta: 0:25:03, time: 0.748, data_time: 0.012, memory: 10077, loss_rpn_cls: 0.0029, loss_rpn_bbox: 0.0325, loss_cls: 0.0367, acc: 98.3906, loss_bbox: 0.0821, loss: 0.1544
2020-11-21 20:23:49,702 - mmdet - INFO - Epoch [1][600/623]	lr: 1.000e-02, eta: 0:23:46, time: 0.750, data_time: 0.012, memory: 10077, loss_rpn_cls: 0.0026, loss_rpn_bbox: 0.0349, loss_cls: 0.0368, acc: 98.4609, loss_bbox: 0.0816, loss: 0.1559
2020-11-21 20:24:33,175 - mmdet - INFO - Evaluating bbox...
2020-11-21 20:24:35,546 - mmdet - INFO - Epoch [1][623/623]	lr: 1.000e-02, bbox_mAP: 0.8100, bbox_mAP_50: 0.8750, bbox_mAP_75: 0.8690, bbox_mAP_s: 0.5730, bbox_mAP_m: 0.8400, bbox_mAP_l: 0.8880, bbox_mAP_copypaste: 0.810 0.875 0.869 0.573 0.840 0.888
2020-11-21 20:25:52,781 - mmdet - INFO - Epoch [2][100/623]	lr: 1.000e-02, eta: 0:21:35, time: 0.770, data_time: 0.033, memory: 11912, loss_rpn_cls: 0.0032, loss_rpn_bbox: 0.0310, loss_cls: 0.0337, acc: 98.4551, loss_bbox: 0.0795, loss: 0.1474
2020-11-21 20:27:07,659 - mmdet - INFO - Epoch [2][200/623]	lr: 1.000e-02, eta: 0:20:25, time: 0.749, data_time: 0.012, memory: 11912, loss_rpn_cls: 0.0029, loss_rpn_bbox: 0.0304, loss_cls: 0.0327, acc: 98.6816, loss_bbox: 0.0762, loss: 0.1422
2020-11-21 20:28:22,556 - mmdet - INFO - Epoch [2][300/623]	lr: 1.000e-02, eta: 0:19:14, time: 0.749, data_time: 0.012, memory: 11912, loss_rpn_cls: 0.0021, loss_rpn_bbox: 0.0312, loss_cls: 0.0297, acc: 98.6973, loss_bbox: 0.0711, loss: 0.1341
2020-11-21 20:29:37,426 - mmdet - INFO - Epoch [2][400/623]	lr: 1.000e-02, eta: 0:18:02, time: 0.749, data_time: 0.012, memory: 11912, loss_rpn_cls: 0.0030, loss_rpn_bbox: 0.0339, loss_cls: 0.0378, acc: 98.4229, loss_bbox: 0.0820, loss: 0.1567
2020-11-21 20:30:52,406 - mmdet - INFO - Epoch [2][500/623]	lr: 1.000e-02, eta: 0:16:50, time: 0.750, data_time: 0.012, memory: 11912, loss_rpn_cls: 0.0025, loss_rpn_bbox: 0.0319, loss_cls: 0.0345, acc: 98.5332, loss_bbox: 0.0795, loss: 0.1484
2020-11-21 20:32:07,721 - mmdet - INFO - Epoch [2][600/623]	lr: 1.000e-02, eta: 0:15:38, time: 0.753, data_time: 0.012, memory: 11912, loss_rpn_cls: 0.0032, loss_rpn_bbox: 0.0341, loss_cls: 0.0397, acc: 98.3086, loss_bbox: 0.0871, loss: 0.1642
2020-11-21 20:32:50,621 - mmdet - INFO - Evaluating bbox...
2020-11-21 20:32:53,010 - mmdet - INFO - Epoch [2][623/623]	lr: 1.000e-02, bbox_mAP: 0.8160, bbox_mAP_50: 0.8840, bbox_mAP_75: 0.8690, bbox_mAP_s: 0.5630, bbox_mAP_m: 0.8490, bbox_mAP_l: 0.8910, bbox_mAP_copypaste: 0.816 0.884 0.869 0.563 0.849 0.891
2020-11-21 20:33:24,944 - mmdet - INFO - Epoch(train) [2][80]	loss_rpn_cls: 0.0025, loss_rpn_bbox: 0.0334, loss_cls: 0.0317, acc: 98.7170, loss_bbox: 0.0738, loss: 0.1413
2020-11-21 20:34:42,515 - mmdet - INFO - Epoch [3][100/623]	lr: 1.000e-02, eta: 0:13:55, time: 0.774, data_time: 0.033, memory: 11912, loss_rpn_cls: 0.0028, loss_rpn_bbox: 0.0337, loss_cls: 0.0364, acc: 98.4336, loss_bbox: 0.0865, loss: 0.1594
2020-11-21 20:35:57,268 - mmdet - INFO - Epoch [3][200/623]	lr: 1.000e-02, eta: 0:12:44, time: 0.748, data_time: 0.012, memory: 11912, loss_rpn_cls: 0.0031, loss_rpn_bbox: 0.0323, loss_cls: 0.0392, acc: 98.2441, loss_bbox: 0.0770, loss: 0.1516
2020-11-21 20:37:11,940 - mmdet - INFO - Epoch [3][300/623]	lr: 1.000e-02, eta: 0:11:32, time: 0.747, data_time: 0.012, memory: 11912, loss_rpn_cls: 0.0030, loss_rpn_bbox: 0.0329, loss_cls: 0.0337, acc: 98.5811, loss_bbox: 0.0830, loss: 0.1526
2020-11-21 20:38:26,784 - mmdet - INFO - Epoch [3][400/623]	lr: 1.000e-02, eta: 0:10:19, time: 0.748, data_time: 0.012, memory: 11912, loss_rpn_cls: 0.0034, loss_rpn_bbox: 0.0319, loss_cls: 0.0320, acc: 98.6309, loss_bbox: 0.0798, loss: 0.1471
2020-11-21 20:39:41,469 - mmdet - INFO - Epoch [3][500/623]	lr: 1.000e-02, eta: 0:09:07, time: 0.747, data_time: 0.012, memory: 11912, loss_rpn_cls: 0.0026, loss_rpn_bbox: 0.0337, loss_cls: 0.0290, acc: 98.8477, loss_bbox: 0.0775, loss: 0.1428
2020-11-21 20:40:56,471 - mmdet - INFO - Epoch [3][600/623]	lr: 1.000e-02, eta: 0:07:54, time: 0.750, data_time: 0.012, memory: 11912, loss_rpn_cls: 0.0030, loss_rpn_bbox: 0.0312, loss_cls: 0.0330, acc: 98.6650, loss_bbox: 0.0792, loss: 0.1465
2020-11-21 20:41:39,666 - mmdet - INFO - Evaluating bbox...
2020-11-21 20:41:42,053 - mmdet - INFO - Epoch [3][623/623]	lr: 1.000e-02, bbox_mAP: 0.8110, bbox_mAP_50: 0.8790, bbox_mAP_75: 0.8700, bbox_mAP_s: 0.5720, bbox_mAP_m: 0.8410, bbox_mAP_l: 0.8910, bbox_mAP_copypaste: 0.811 0.879 0.870 0.572 0.841 0.891
2020-11-21 20:42:59,295 - mmdet - INFO - Epoch [4][100/623]	lr: 1.000e-02, eta: 0:06:20, time: 0.770, data_time: 0.033, memory: 11912, loss_rpn_cls: 0.0028, loss_rpn_bbox: 0.0314, loss_cls: 0.0336, acc: 98.6064, loss_bbox: 0.0825, loss: 0.1503
2020-11-21 20:44:14,155 - mmdet - INFO - Epoch [4][200/623]	lr: 1.000e-02, eta: 0:05:08, time: 0.749, data_time: 0.012, memory: 11912, loss_rpn_cls: 0.0025, loss_rpn_bbox: 0.0319, loss_cls: 0.0347, acc: 98.4824, loss_bbox: 0.0798, loss: 0.1490
2020-11-21 20:45:29,136 - mmdet - INFO - Epoch [4][300/623]	lr: 1.000e-02, eta: 0:03:55, time: 0.750, data_time: 0.012, memory: 11912, loss_rpn_cls: 0.0029, loss_rpn_bbox: 0.0349, loss_cls: 0.0380, acc: 98.3994, loss_bbox: 0.0837, loss: 0.1595
2020-11-21 20:46:44,150 - mmdet - INFO - Epoch [4][400/623]	lr: 1.000e-02, eta: 0:02:42, time: 0.750, data_time: 0.012, memory: 11912, loss_rpn_cls: 0.0034, loss_rpn_bbox: 0.0344, loss_cls: 0.0339, acc: 98.6104, loss_bbox: 0.0821, loss: 0.1538
2020-11-21 20:47:59,020 - mmdet - INFO - Epoch [4][500/623]	lr: 1.000e-02, eta: 0:01:29, time: 0.749, data_time: 0.012, memory: 11912, loss_rpn_cls: 0.0026, loss_rpn_bbox: 0.0301, loss_cls: 0.0312, acc: 98.7539, loss_bbox: 0.0788, loss: 0.1427
2020-11-21 20:49:13,894 - mmdet - INFO - Epoch [4][600/623]	lr: 1.000e-02, eta: 0:00:16, time: 0.749, data_time: 0.012, memory: 11912, loss_rpn_cls: 0.0024, loss_rpn_bbox: 0.0317, loss_cls: 0.0389, acc: 98.2285, loss_bbox: 0.0819, loss: 0.1549
2020-11-21 20:49:31,061 - mmdet - INFO - Saving checkpoint at 4 epochs
2020-11-21 20:49:58,505 - mmdet - INFO - Evaluating bbox...
2020-11-21 20:50:00,919 - mmdet - INFO - Epoch [4][623/623]	lr: 1.000e-02, bbox_mAP: 0.8020, bbox_mAP_50: 0.8690, bbox_mAP_75: 0.8590, bbox_mAP_s: 0.5600, bbox_mAP_m: 0.8330, bbox_mAP_l: 0.8880, bbox_mAP_copypaste: 0.802 0.869 0.859 0.560 0.833 0.888
2020-11-21 20:50:32,965 - mmdet - INFO - Epoch(train) [4][80]	loss_rpn_cls: 0.0025, loss_rpn_bbox: 0.0336, loss_cls: 0.0316, acc: 98.6987, loss_bbox: 0.0741, loss: 0.1418
