2020-11-20 12:46:28,283 - mmdet - INFO - Environment info:
------------------------------------------------------------
sys.platform: linux
Python: 3.6.4 |Anaconda, Inc.| (default, Jan 16 2018, 18:10:19) [GCC 7.2.0]
CUDA available: True
CUDA_HOME: /usr/local/cuda
NVCC: Cuda compilation tools, release 10.0, V10.0.130
GPU 0: Tesla P100-PCIE-16GB
GCC: gcc (GCC) 5.3.0
PyTorch: 1.3.1+cu100
PyTorch compiling details: PyTorch built with:
  - GCC 7.3
  - Intel(R) Math Kernel Library Version 2019.0.4 Product Build 20190411 for Intel(R) 64 architecture applications
  - Intel(R) MKL-DNN v0.20.5 (Git Hash 0125f28c61c1f822fd48570b4c1066f96fcb9b2e)
  - OpenMP 201511 (a.k.a. OpenMP 4.5)
  - NNPACK is enabled
  - CUDA Runtime 10.0
  - NVCC architecture flags: -gencode;arch=compute_37,code=sm_37;-gencode;arch=compute_50,code=sm_50;-gencode;arch=compute_60,code=sm_60;-gencode;arch=compute_61,code=sm_61;-gencode;arch=compute_70,code=sm_70;-gencode;arch=compute_75,code=sm_75;-gencode;arch=compute_37,code=compute_37
  - CuDNN 7.6.3
  - Magma 2.5.1
  - Build settings: BLAS=MKL, BUILD_NAMEDTENSOR=OFF, BUILD_TYPE=Release, CXX_FLAGS= -Wno-deprecated -fvisibility-inlines-hidden -fopenmp -DUSE_FBGEMM -DUSE_QNNPACK -DUSE_PYTORCH_QNNPACK -O2 -fPIC -Wno-narrowing -Wall -Wextra -Wno-missing-field-initializers -Wno-type-limits -Wno-array-bounds -Wno-unknown-pragmas -Wno-sign-compare -Wno-unused-parameter -Wno-unused-variable -Wno-unused-function -Wno-unused-result -Wno-strict-overflow -Wno-strict-aliasing -Wno-error=deprecated-declarations -Wno-stringop-overflow -Wno-error=pedantic -Wno-error=redundant-decls -Wno-error=old-style-cast -fdiagnostics-color=always -faligned-new -Wno-unused-but-set-variable -Wno-maybe-uninitialized -fno-math-errno -fno-trapping-math -Wno-stringop-overflow, DISABLE_NUMA=1, PERF_WITH_AVX=1, PERF_WITH_AVX2=1, PERF_WITH_AVX512=1, USE_CUDA=True, USE_EXCEPTION_PTR=1, USE_GFLAGS=OFF, USE_GLOG=OFF, USE_MKL=ON, USE_MKLDNN=ON, USE_MPI=OFF, USE_NCCL=ON, USE_NNPACK=ON, USE_OPENMP=ON, USE_STATIC_DISPATCH=OFF, 

TorchVision: 0.4.2+cu100
OpenCV: 4.4.0
MMCV: 1.0.5
MMDetection: 2.3.0+788fa8d
MMDetection Compiler: GCC 7.3
MMDetection CUDA Compiler: 10.0
------------------------------------------------------------

2020-11-20 12:46:28,283 - mmdet - INFO - Distributed training: False
2020-11-20 12:46:28,673 - mmdet - INFO - Config:
model = dict(
    type='FasterRCNN',
    pretrained='torchvision://resnet50',
    backbone=dict(
        type='ResNet',
        depth=50,
        num_stages=4,
        out_indices=(0, 1, 2, 3),
        frozen_stages=1,
        norm_cfg=dict(type='BN', requires_grad=True),
        norm_eval=True,
        style='pytorch'),
    neck=dict(
        type='FPN',
        in_channels=[256, 512, 1024, 2048],
        out_channels=256,
        num_outs=5),
    rpn_head=dict(
        type='RPNHead',
        in_channels=256,
        feat_channels=256,
        anchor_generator=dict(
            type='AnchorGenerator',
            scales=[8],
            ratios=[0.5, 1.0, 2.0],
            strides=[4, 8, 16, 32, 64]),
        bbox_coder=dict(
            type='DeltaXYWHBBoxCoder',
            target_means=[0.0, 0.0, 0.0, 0.0],
            target_stds=[1.0, 1.0, 1.0, 1.0]),
        loss_cls=dict(
            type='CrossEntropyLoss', use_sigmoid=True, loss_weight=1.0),
        loss_bbox=dict(type='L1Loss', loss_weight=1.0)),
    roi_head=dict(
        type='StandardRoIHead',
        bbox_roi_extractor=dict(
            type='SingleRoIExtractor',
            roi_layer=dict(type='RoIAlign', output_size=7, sampling_ratio=0),
            out_channels=256,
            featmap_strides=[4, 8, 16, 32]),
        bbox_head=dict(
            type='Shared2FCBBoxHead',
            in_channels=256,
            fc_out_channels=1024,
            roi_feat_size=7,
            num_classes=2,
            bbox_coder=dict(
                type='DeltaXYWHBBoxCoder',
                target_means=[0.0, 0.0, 0.0, 0.0],
                target_stds=[0.1, 0.1, 0.2, 0.2]),
            reg_class_agnostic=False,
            loss_cls=dict(
                type='CrossEntropyLoss', use_sigmoid=False, loss_weight=1.0),
            loss_bbox=dict(type='L1Loss', loss_weight=1.0))))
train_cfg = dict(
    rpn=dict(
        assigner=dict(
            type='MaxIoUAssigner',
            pos_iou_thr=0.7,
            neg_iou_thr=0.3,
            min_pos_iou=0.3,
            match_low_quality=True,
            ignore_iof_thr=-1),
        sampler=dict(
            type='RandomSampler',
            num=256,
            pos_fraction=0.5,
            neg_pos_ub=-1,
            add_gt_as_proposals=False),
        allowed_border=-1,
        pos_weight=-1,
        debug=False),
    rpn_proposal=dict(
        nms_across_levels=False,
        nms_pre=2000,
        nms_post=1000,
        max_num=1000,
        nms_thr=0.7,
        min_bbox_size=0),
    rcnn=dict(
        assigner=dict(
            type='MaxIoUAssigner',
            pos_iou_thr=0.5,
            neg_iou_thr=0.5,
            min_pos_iou=0.5,
            match_low_quality=False,
            ignore_iof_thr=-1),
        sampler=dict(
            type='RandomSampler',
            num=512,
            pos_fraction=0.25,
            neg_pos_ub=-1,
            add_gt_as_proposals=True),
        pos_weight=-1,
        debug=False))
test_cfg = dict(
    rpn=dict(
        nms_across_levels=False,
        nms_pre=1000,
        nms_post=1000,
        max_num=1000,
        nms_thr=0.7,
        min_bbox_size=0),
    rcnn=dict(
        score_thr=0.05,
        nms=dict(type='nms', iou_threshold=0.5),
        max_per_img=100))
dataset_type = 'CocoDataset'
data_root = 'data/coco/'
img_norm_cfg = dict(
    mean=[123.675, 116.28, 103.53], std=[58.395, 57.12, 57.375], to_rgb=True)
train_pipeline = [
    dict(type='LoadImageFromFile'),
    dict(type='LoadAnnotations', with_bbox=True),
    dict(type='Resize', img_scale=(1550, 1550), keep_ratio=True),
    dict(type='RandomFlip', flip_ratio=0.5),
    dict(
        type='Normalize',
        mean=[123.675, 116.28, 103.53],
        std=[58.395, 57.12, 57.375],
        to_rgb=True),
    dict(type='Pad', size_divisor=32),
    dict(type='DefaultFormatBundle'),
    dict(type='Collect', keys=['img', 'gt_bboxes', 'gt_labels'])
]
test_pipeline = [
    dict(type='LoadImageFromFile'),
    dict(
        type='MultiScaleFlipAug',
        img_scale=(1550, 1550),
        flip=False,
        transforms=[
            dict(type='Resize', keep_ratio=True),
            dict(type='RandomFlip'),
            dict(
                type='Normalize',
                mean=[123.675, 116.28, 103.53],
                std=[58.395, 57.12, 57.375],
                to_rgb=True),
            dict(type='Pad', size_divisor=32),
            dict(type='ImageToTensor', keys=['img']),
            dict(type='Collect', keys=['img'])
        ])
]
data = dict(
    samples_per_gpu=2,
    workers_per_gpu=2,
    train=dict(
        type='CocoDataset',
        ann_file='data/coco/annotations/annotations_trai.json',
        img_prefix='data/coco/img/',
        pipeline=[
            dict(type='LoadImageFromFile'),
            dict(type='LoadAnnotations', with_bbox=True),
            dict(type='Resize', img_scale=(1550, 1550), keep_ratio=True),
            dict(type='RandomFlip', flip_ratio=0.5),
            dict(
                type='Normalize',
                mean=[123.675, 116.28, 103.53],
                std=[58.395, 57.12, 57.375],
                to_rgb=True),
            dict(type='Pad', size_divisor=32),
            dict(type='DefaultFormatBundle'),
            dict(type='Collect', keys=['img', 'gt_bboxes', 'gt_labels'])
        ]),
    val=dict(
        type='CocoDataset',
        ann_file='data/coco/annotations/annotations_test.json',
        img_prefix='data/coco/img/',
        pipeline=[
            dict(type='LoadImageFromFile'),
            dict(
                type='MultiScaleFlipAug',
                img_scale=(1550, 1550),
                flip=False,
                transforms=[
                    dict(type='Resize', keep_ratio=True),
                    dict(type='RandomFlip'),
                    dict(
                        type='Normalize',
                        mean=[123.675, 116.28, 103.53],
                        std=[58.395, 57.12, 57.375],
                        to_rgb=True),
                    dict(type='Pad', size_divisor=32),
                    dict(type='ImageToTensor', keys=['img']),
                    dict(type='Collect', keys=['img'])
                ])
        ]),
    test=dict(
        type='CocoDataset',
        ann_file='data/coco/annotations/annotations_vals.json',
        img_prefix='data/coco/img/',
        pipeline=[
            dict(type='LoadImageFromFile'),
            dict(
                type='MultiScaleFlipAug',
                img_scale=(1550, 1550),
                flip=False,
                transforms=[
                    dict(type='Resize', keep_ratio=True),
                    dict(type='RandomFlip'),
                    dict(
                        type='Normalize',
                        mean=[123.675, 116.28, 103.53],
                        std=[58.395, 57.12, 57.375],
                        to_rgb=True),
                    dict(type='Pad', size_divisor=32),
                    dict(type='ImageToTensor', keys=['img']),
                    dict(type='Collect', keys=['img'])
                ])
        ]))
evaluation = dict(interval=1, metric='bbox')
optimizer = dict(type='SGD', lr=0.01, momentum=0.9, weight_decay=0.0001)
optimizer_config = dict(grad_clip=None)
lr_config = dict(
    policy='step',
    warmup='linear',
    warmup_iters=500,
    warmup_ratio=0.001,
    step=[8, 11])
total_epochs = 4
checkpoint_config = dict(interval=4)
log_config = dict(interval=100, hooks=[dict(type='TextLoggerHook')])
dist_params = dict(backend='nccl')
log_level = 'INFO'
load_from = '/home/admin/.cache/torch/checkpoints/X.pth'
resume_from = None
workflow = [('train', 2), ('val', 1)]
work_dir = '/home/admin/jupyter/SecurityAI_Round5/data/work'
gpu_ids = range(0, 1)

2020-11-20 12:46:29,166 - mmdet - INFO - load model from: torchvision://resnet50
2020-11-20 12:46:37,022 - mmdet - WARNING - The model and loaded state dict do not match exactly

unexpected key in source state_dict: fc.weight, fc.bias

2020-11-20 12:46:47,352 - mmdet - INFO - load checkpoint from /home/admin/.cache/torch/checkpoints/X.pth
2020-11-20 12:46:53,916 - mmdet - INFO - Start running, host: admin@fuxilabor_labor0_S4_Odps_S96_dsw_prepaid_cnsh_838_2020112000281, work_dir: /home/admin/jupyter/SecurityAI_Round5/data/work
2020-11-20 12:46:53,916 - mmdet - INFO - workflow: [('train', 2), ('val', 1)], max: 4 epochs
2020-11-20 12:48:11,541 - mmdet - INFO - Epoch [1][100/618]	lr: 1.988e-03, eta: 0:30:36, time: 0.774, data_time: 0.034, memory: 8037, loss_rpn_cls: 0.0023, loss_rpn_bbox: 0.0306, loss_cls: 0.0330, acc: 98.5625, loss_bbox: 0.0762, loss: 0.1421
2020-11-20 12:49:26,554 - mmdet - INFO - Epoch [1][200/618]	lr: 3.986e-03, eta: 0:28:51, time: 0.750, data_time: 0.012, memory: 8037, loss_rpn_cls: 0.0019, loss_rpn_bbox: 0.0289, loss_cls: 0.0322, acc: 98.6738, loss_bbox: 0.0807, loss: 0.1437
2020-11-20 12:50:41,786 - mmdet - INFO - Epoch [1][300/618]	lr: 5.984e-03, eta: 0:27:28, time: 0.752, data_time: 0.012, memory: 9827, loss_rpn_cls: 0.0019, loss_rpn_bbox: 0.0291, loss_cls: 0.0326, acc: 98.6328, loss_bbox: 0.0769, loss: 0.1406
2020-11-20 12:51:56,885 - mmdet - INFO - Epoch [1][400/618]	lr: 7.982e-03, eta: 0:26:08, time: 0.751, data_time: 0.012, memory: 9972, loss_rpn_cls: 0.0024, loss_rpn_bbox: 0.0317, loss_cls: 0.0379, acc: 98.3262, loss_bbox: 0.0786, loss: 0.1505
2020-11-20 12:53:12,052 - mmdet - INFO - Epoch [1][500/618]	lr: 9.980e-03, eta: 0:24:50, time: 0.752, data_time: 0.012, memory: 9972, loss_rpn_cls: 0.0020, loss_rpn_bbox: 0.0325, loss_cls: 0.0313, acc: 98.7227, loss_bbox: 0.0722, loss: 0.1380
2020-11-20 12:54:27,483 - mmdet - INFO - Epoch [1][600/618]	lr: 1.000e-02, eta: 0:23:34, time: 0.754, data_time: 0.012, memory: 11917, loss_rpn_cls: 0.0035, loss_rpn_bbox: 0.0362, loss_cls: 0.0389, acc: 98.3447, loss_bbox: 0.0841, loss: 0.1627
2020-11-20 12:55:07,323 - mmdet - INFO - Evaluating bbox...
2020-11-20 12:55:09,100 - mmdet - INFO - Epoch [1][618/618]	lr: 1.000e-02, bbox_mAP: 0.8540, bbox_mAP_50: 0.9250, bbox_mAP_75: 0.9190, bbox_mAP_s: 0.6730, bbox_mAP_m: 0.8680, bbox_mAP_l: 0.9050, bbox_mAP_copypaste: 0.854 0.925 0.919 0.673 0.868 0.905
2020-11-20 12:56:26,253 - mmdet - INFO - Epoch [2][100/618]	lr: 1.000e-02, eta: 0:21:35, time: 0.770, data_time: 0.033, memory: 11917, loss_rpn_cls: 0.0021, loss_rpn_bbox: 0.0339, loss_cls: 0.0310, acc: 98.7090, loss_bbox: 0.0796, loss: 0.1465
2020-11-20 12:57:41,356 - mmdet - INFO - Epoch [2][200/618]	lr: 1.000e-02, eta: 0:20:24, time: 0.751, data_time: 0.012, memory: 11917, loss_rpn_cls: 0.0030, loss_rpn_bbox: 0.0348, loss_cls: 0.0360, acc: 98.5059, loss_bbox: 0.0834, loss: 0.1571
2020-11-20 12:58:56,490 - mmdet - INFO - Epoch [2][300/618]	lr: 1.000e-02, eta: 0:19:12, time: 0.751, data_time: 0.012, memory: 11917, loss_rpn_cls: 0.0032, loss_rpn_bbox: 0.0342, loss_cls: 0.0405, acc: 98.2959, loss_bbox: 0.0849, loss: 0.1628
2020-11-20 13:00:11,495 - mmdet - INFO - Epoch [2][400/618]	lr: 1.000e-02, eta: 0:17:59, time: 0.750, data_time: 0.012, memory: 11917, loss_rpn_cls: 0.0022, loss_rpn_bbox: 0.0365, loss_cls: 0.0316, acc: 98.6426, loss_bbox: 0.0812, loss: 0.1515
2020-11-20 13:01:26,623 - mmdet - INFO - Epoch [2][500/618]	lr: 1.000e-02, eta: 0:16:46, time: 0.751, data_time: 0.012, memory: 11917, loss_rpn_cls: 0.0035, loss_rpn_bbox: 0.0370, loss_cls: 0.0359, acc: 98.5020, loss_bbox: 0.0836, loss: 0.1599
2020-11-20 13:02:42,179 - mmdet - INFO - Epoch [2][600/618]	lr: 1.000e-02, eta: 0:15:33, time: 0.756, data_time: 0.012, memory: 11917, loss_rpn_cls: 0.0035, loss_rpn_bbox: 0.0376, loss_cls: 0.0421, acc: 98.1846, loss_bbox: 0.0884, loss: 0.1716
2020-11-20 13:03:22,093 - mmdet - INFO - Evaluating bbox...
2020-11-20 13:03:23,823 - mmdet - INFO - Epoch [2][618/618]	lr: 1.000e-02, bbox_mAP: 0.8530, bbox_mAP_50: 0.9240, bbox_mAP_75: 0.9180, bbox_mAP_s: 0.6550, bbox_mAP_m: 0.8700, bbox_mAP_l: 0.9000, bbox_mAP_copypaste: 0.853 0.924 0.918 0.655 0.870 0.900
2020-11-20 13:03:57,127 - mmdet - INFO - Epoch(train) [2][82]	loss_rpn_cls: 0.0031, loss_rpn_bbox: 0.0386, loss_cls: 0.0411, acc: 98.2410, loss_bbox: 0.0967, loss: 0.1795
2020-11-20 13:05:14,357 - mmdet - INFO - Epoch [3][100/618]	lr: 1.000e-02, eta: 0:13:56, time: 0.770, data_time: 0.034, memory: 11917, loss_rpn_cls: 0.0030, loss_rpn_bbox: 0.0380, loss_cls: 0.0372, acc: 98.4951, loss_bbox: 0.0865, loss: 0.1646
2020-11-20 13:06:29,725 - mmdet - INFO - Epoch [3][200/618]	lr: 1.000e-02, eta: 0:12:43, time: 0.754, data_time: 0.012, memory: 11917, loss_rpn_cls: 0.0034, loss_rpn_bbox: 0.0366, loss_cls: 0.0364, acc: 98.4238, loss_bbox: 0.0831, loss: 0.1596
2020-11-20 13:07:45,105 - mmdet - INFO - Epoch [3][300/618]	lr: 1.000e-02, eta: 0:11:31, time: 0.754, data_time: 0.012, memory: 11917, loss_rpn_cls: 0.0037, loss_rpn_bbox: 0.0369, loss_cls: 0.0403, acc: 98.2480, loss_bbox: 0.0898, loss: 0.1706
2020-11-20 13:09:00,080 - mmdet - INFO - Epoch [3][400/618]	lr: 1.000e-02, eta: 0:10:17, time: 0.750, data_time: 0.012, memory: 11917, loss_rpn_cls: 0.0030, loss_rpn_bbox: 0.0375, loss_cls: 0.0391, acc: 98.3438, loss_bbox: 0.0904, loss: 0.1700
2020-11-20 13:10:15,034 - mmdet - INFO - Epoch [3][500/618]	lr: 1.000e-02, eta: 0:09:04, time: 0.750, data_time: 0.012, memory: 11917, loss_rpn_cls: 0.0029, loss_rpn_bbox: 0.0346, loss_cls: 0.0345, acc: 98.5879, loss_bbox: 0.0831, loss: 0.1551
2020-11-20 13:11:29,873 - mmdet - INFO - Epoch [3][600/618]	lr: 1.000e-02, eta: 0:07:50, time: 0.748, data_time: 0.012, memory: 11917, loss_rpn_cls: 0.0032, loss_rpn_bbox: 0.0332, loss_cls: 0.0336, acc: 98.5850, loss_bbox: 0.0769, loss: 0.1469
2020-11-20 13:12:09,840 - mmdet - INFO - Evaluating bbox...
2020-11-20 13:12:11,607 - mmdet - INFO - Epoch [3][618/618]	lr: 1.000e-02, bbox_mAP: 0.8520, bbox_mAP_50: 0.9190, bbox_mAP_75: 0.9140, bbox_mAP_s: 0.6590, bbox_mAP_m: 0.8710, bbox_mAP_l: 0.8980, bbox_mAP_copypaste: 0.852 0.919 0.914 0.659 0.871 0.898
2020-11-20 13:13:28,809 - mmdet - INFO - Epoch [4][100/618]	lr: 1.000e-02, eta: 0:06:20, time: 0.770, data_time: 0.033, memory: 11917, loss_rpn_cls: 0.0037, loss_rpn_bbox: 0.0363, loss_cls: 0.0351, acc: 98.5410, loss_bbox: 0.0857, loss: 0.1608
2020-11-20 13:14:43,862 - mmdet - INFO - Epoch [4][200/618]	lr: 1.000e-02, eta: 0:05:07, time: 0.751, data_time: 0.012, memory: 11917, loss_rpn_cls: 0.0034, loss_rpn_bbox: 0.0364, loss_cls: 0.0379, acc: 98.4268, loss_bbox: 0.0881, loss: 0.1658
2020-11-20 13:15:58,643 - mmdet - INFO - Epoch [4][300/618]	lr: 1.000e-02, eta: 0:03:54, time: 0.748, data_time: 0.012, memory: 11917, loss_rpn_cls: 0.0035, loss_rpn_bbox: 0.0379, loss_cls: 0.0404, acc: 98.2314, loss_bbox: 0.0901, loss: 0.1718
2020-11-20 13:17:13,586 - mmdet - INFO - Epoch [4][400/618]	lr: 1.000e-02, eta: 0:02:40, time: 0.749, data_time: 0.012, memory: 11917, loss_rpn_cls: 0.0028, loss_rpn_bbox: 0.0356, loss_cls: 0.0362, acc: 98.4951, loss_bbox: 0.0824, loss: 0.1570
2020-11-20 13:18:28,197 - mmdet - INFO - Epoch [4][500/618]	lr: 1.000e-02, eta: 0:01:26, time: 0.746, data_time: 0.012, memory: 11917, loss_rpn_cls: 0.0029, loss_rpn_bbox: 0.0338, loss_cls: 0.0296, acc: 98.7617, loss_bbox: 0.0738, loss: 0.1400
2020-11-20 13:19:43,035 - mmdet - INFO - Epoch [4][600/618]	lr: 1.000e-02, eta: 0:00:13, time: 0.748, data_time: 0.012, memory: 11917, loss_rpn_cls: 0.0049, loss_rpn_bbox: 0.0365, loss_cls: 0.0337, acc: 98.6221, loss_bbox: 0.0825, loss: 0.1575
2020-11-20 13:19:56,312 - mmdet - INFO - Saving checkpoint at 4 epochs
2020-11-20 13:20:24,581 - mmdet - INFO - Evaluating bbox...
2020-11-20 13:20:26,422 - mmdet - INFO - Epoch [4][618/618]	lr: 1.000e-02, bbox_mAP: 0.8460, bbox_mAP_50: 0.9190, bbox_mAP_75: 0.9090, bbox_mAP_s: 0.6580, bbox_mAP_m: 0.8670, bbox_mAP_l: 0.9000, bbox_mAP_copypaste: 0.846 0.919 0.909 0.658 0.867 0.900
2020-11-20 13:20:59,437 - mmdet - INFO - Epoch(train) [4][82]	loss_rpn_cls: 0.0042, loss_rpn_bbox: 0.0391, loss_cls: 0.0403, acc: 98.3125, loss_bbox: 0.0960, loss: 0.1796
