2020-11-21 18:54:06,955 - mmdet - INFO - Environment info:
------------------------------------------------------------
sys.platform: linux
Python: 3.6.4 |Anaconda, Inc.| (default, Jan 16 2018, 18:10:19) [GCC 7.2.0]
CUDA available: True
CUDA_HOME: /usr/local/cuda
NVCC: Cuda compilation tools, release 10.0, V10.0.130
GPU 0: Tesla P100-PCIE-16GB
GCC: gcc (GCC) 5.3.0
PyTorch: 1.3.1+cu100
PyTorch compiling details: PyTorch built with:
  - GCC 7.3
  - Intel(R) Math Kernel Library Version 2019.0.4 Product Build 20190411 for Intel(R) 64 architecture applications
  - Intel(R) MKL-DNN v0.20.5 (Git Hash 0125f28c61c1f822fd48570b4c1066f96fcb9b2e)
  - OpenMP 201511 (a.k.a. OpenMP 4.5)
  - NNPACK is enabled
  - CUDA Runtime 10.0
  - NVCC architecture flags: -gencode;arch=compute_37,code=sm_37;-gencode;arch=compute_50,code=sm_50;-gencode;arch=compute_60,code=sm_60;-gencode;arch=compute_61,code=sm_61;-gencode;arch=compute_70,code=sm_70;-gencode;arch=compute_75,code=sm_75;-gencode;arch=compute_37,code=compute_37
  - CuDNN 7.6.3
  - Magma 2.5.1
  - Build settings: BLAS=MKL, BUILD_NAMEDTENSOR=OFF, BUILD_TYPE=Release, CXX_FLAGS= -Wno-deprecated -fvisibility-inlines-hidden -fopenmp -DUSE_FBGEMM -DUSE_QNNPACK -DUSE_PYTORCH_QNNPACK -O2 -fPIC -Wno-narrowing -Wall -Wextra -Wno-missing-field-initializers -Wno-type-limits -Wno-array-bounds -Wno-unknown-pragmas -Wno-sign-compare -Wno-unused-parameter -Wno-unused-variable -Wno-unused-function -Wno-unused-result -Wno-strict-overflow -Wno-strict-aliasing -Wno-error=deprecated-declarations -Wno-stringop-overflow -Wno-error=pedantic -Wno-error=redundant-decls -Wno-error=old-style-cast -fdiagnostics-color=always -faligned-new -Wno-unused-but-set-variable -Wno-maybe-uninitialized -fno-math-errno -fno-trapping-math -Wno-stringop-overflow, DISABLE_NUMA=1, PERF_WITH_AVX=1, PERF_WITH_AVX2=1, PERF_WITH_AVX512=1, USE_CUDA=True, USE_EXCEPTION_PTR=1, USE_GFLAGS=OFF, USE_GLOG=OFF, USE_MKL=ON, USE_MKLDNN=ON, USE_MPI=OFF, USE_NCCL=ON, USE_NNPACK=ON, USE_OPENMP=ON, USE_STATIC_DISPATCH=OFF, 

TorchVision: 0.4.2+cu100
OpenCV: 4.4.0
MMCV: 1.0.5
MMDetection: 2.3.0+788fa8d
MMDetection Compiler: GCC 7.3
MMDetection CUDA Compiler: 10.0
------------------------------------------------------------

2020-11-21 18:54:06,955 - mmdet - INFO - Distributed training: False
2020-11-21 18:54:07,353 - mmdet - INFO - Config:
model = dict(
    type='FasterRCNN',
    pretrained='torchvision://resnet50',
    backbone=dict(
        type='ResNet',
        depth=50,
        num_stages=4,
        out_indices=(0, 1, 2, 3),
        frozen_stages=1,
        norm_cfg=dict(type='BN', requires_grad=True),
        norm_eval=True,
        style='pytorch'),
    neck=dict(
        type='FPN',
        in_channels=[256, 512, 1024, 2048],
        out_channels=256,
        num_outs=5),
    rpn_head=dict(
        type='RPNHead',
        in_channels=256,
        feat_channels=256,
        anchor_generator=dict(
            type='AnchorGenerator',
            scales=[8],
            ratios=[0.5, 1.0, 2.0],
            strides=[4, 8, 16, 32, 64]),
        bbox_coder=dict(
            type='DeltaXYWHBBoxCoder',
            target_means=[0.0, 0.0, 0.0, 0.0],
            target_stds=[1.0, 1.0, 1.0, 1.0]),
        loss_cls=dict(
            type='CrossEntropyLoss', use_sigmoid=True, loss_weight=1.0),
        loss_bbox=dict(type='L1Loss', loss_weight=1.0)),
    roi_head=dict(
        type='StandardRoIHead',
        bbox_roi_extractor=dict(
            type='SingleRoIExtractor',
            roi_layer=dict(type='RoIAlign', output_size=7, sampling_ratio=0),
            out_channels=256,
            featmap_strides=[4, 8, 16, 32]),
        bbox_head=dict(
            type='Shared2FCBBoxHead',
            in_channels=256,
            fc_out_channels=1024,
            roi_feat_size=7,
            num_classes=2,
            bbox_coder=dict(
                type='DeltaXYWHBBoxCoder',
                target_means=[0.0, 0.0, 0.0, 0.0],
                target_stds=[0.1, 0.1, 0.2, 0.2]),
            reg_class_agnostic=False,
            loss_cls=dict(
                type='CrossEntropyLoss', use_sigmoid=False, loss_weight=1.0),
            loss_bbox=dict(type='L1Loss', loss_weight=1.0))))
train_cfg = dict(
    rpn=dict(
        assigner=dict(
            type='MaxIoUAssigner',
            pos_iou_thr=0.7,
            neg_iou_thr=0.3,
            min_pos_iou=0.3,
            match_low_quality=True,
            ignore_iof_thr=-1),
        sampler=dict(
            type='RandomSampler',
            num=256,
            pos_fraction=0.5,
            neg_pos_ub=-1,
            add_gt_as_proposals=False),
        allowed_border=-1,
        pos_weight=-1,
        debug=False),
    rpn_proposal=dict(
        nms_across_levels=False,
        nms_pre=2000,
        nms_post=1000,
        max_num=1000,
        nms_thr=0.7,
        min_bbox_size=0),
    rcnn=dict(
        assigner=dict(
            type='MaxIoUAssigner',
            pos_iou_thr=0.5,
            neg_iou_thr=0.5,
            min_pos_iou=0.5,
            match_low_quality=False,
            ignore_iof_thr=-1),
        sampler=dict(
            type='RandomSampler',
            num=512,
            pos_fraction=0.25,
            neg_pos_ub=-1,
            add_gt_as_proposals=True),
        pos_weight=-1,
        debug=False))
test_cfg = dict(
    rpn=dict(
        nms_across_levels=False,
        nms_pre=1000,
        nms_post=1000,
        max_num=1000,
        nms_thr=0.7,
        min_bbox_size=0),
    rcnn=dict(
        score_thr=0.05,
        nms=dict(type='nms', iou_threshold=0.5),
        max_per_img=100))
dataset_type = 'CocoDataset'
data_root = 'data/coco/'
img_norm_cfg = dict(
    mean=[123.675, 116.28, 103.53], std=[58.395, 57.12, 57.375], to_rgb=True)
train_pipeline = [
    dict(type='LoadImageFromFile'),
    dict(type='LoadAnnotations', with_bbox=True),
    dict(type='Resize', img_scale=(1550, 1550), keep_ratio=True),
    dict(type='RandomFlip', flip_ratio=0.5),
    dict(
        type='Normalize',
        mean=[123.675, 116.28, 103.53],
        std=[58.395, 57.12, 57.375],
        to_rgb=True),
    dict(type='Pad', size_divisor=32),
    dict(type='DefaultFormatBundle'),
    dict(type='Collect', keys=['img', 'gt_bboxes', 'gt_labels'])
]
test_pipeline = [
    dict(type='LoadImageFromFile'),
    dict(
        type='MultiScaleFlipAug',
        img_scale=(1550, 1550),
        flip=False,
        transforms=[
            dict(type='Resize', keep_ratio=True),
            dict(type='RandomFlip'),
            dict(
                type='Normalize',
                mean=[123.675, 116.28, 103.53],
                std=[58.395, 57.12, 57.375],
                to_rgb=True),
            dict(type='Pad', size_divisor=32),
            dict(type='ImageToTensor', keys=['img']),
            dict(type='Collect', keys=['img'])
        ])
]
data = dict(
    samples_per_gpu=2,
    workers_per_gpu=2,
    train=dict(
        type='CocoDataset',
        ann_file='data/coco/annotations/annotations_trai.json',
        img_prefix='data/coco/img/',
        pipeline=[
            dict(type='LoadImageFromFile'),
            dict(type='LoadAnnotations', with_bbox=True),
            dict(type='Resize', img_scale=(1550, 1550), keep_ratio=True),
            dict(type='RandomFlip', flip_ratio=0.5),
            dict(
                type='Normalize',
                mean=[123.675, 116.28, 103.53],
                std=[58.395, 57.12, 57.375],
                to_rgb=True),
            dict(type='Pad', size_divisor=32),
            dict(type='DefaultFormatBundle'),
            dict(type='Collect', keys=['img', 'gt_bboxes', 'gt_labels'])
        ]),
    val=dict(
        type='CocoDataset',
        ann_file='data/coco/annotations/annotations_test.json',
        img_prefix='data/coco/img/',
        pipeline=[
            dict(type='LoadImageFromFile'),
            dict(
                type='MultiScaleFlipAug',
                img_scale=(1550, 1550),
                flip=False,
                transforms=[
                    dict(type='Resize', keep_ratio=True),
                    dict(type='RandomFlip'),
                    dict(
                        type='Normalize',
                        mean=[123.675, 116.28, 103.53],
                        std=[58.395, 57.12, 57.375],
                        to_rgb=True),
                    dict(type='Pad', size_divisor=32),
                    dict(type='ImageToTensor', keys=['img']),
                    dict(type='Collect', keys=['img'])
                ])
        ]),
    test=dict(
        type='CocoDataset',
        ann_file='data/coco/annotations/annotations_vals.json',
        img_prefix='data/coco/img/',
        pipeline=[
            dict(type='LoadImageFromFile'),
            dict(
                type='MultiScaleFlipAug',
                img_scale=(1550, 1550),
                flip=False,
                transforms=[
                    dict(type='Resize', keep_ratio=True),
                    dict(type='RandomFlip'),
                    dict(
                        type='Normalize',
                        mean=[123.675, 116.28, 103.53],
                        std=[58.395, 57.12, 57.375],
                        to_rgb=True),
                    dict(type='Pad', size_divisor=32),
                    dict(type='ImageToTensor', keys=['img']),
                    dict(type='Collect', keys=['img'])
                ])
        ]))
evaluation = dict(interval=1, metric='bbox')
optimizer = dict(type='SGD', lr=0.01, momentum=0.9, weight_decay=0.0001)
optimizer_config = dict(grad_clip=None)
lr_config = dict(
    policy='step',
    warmup='linear',
    warmup_iters=500,
    warmup_ratio=0.001,
    step=[8, 11])
total_epochs = 4
checkpoint_config = dict(interval=4)
log_config = dict(interval=100, hooks=[dict(type='TextLoggerHook')])
dist_params = dict(backend='nccl')
log_level = 'INFO'
load_from = '/home/admin/.cache/torch/checkpoints/X.pth'
resume_from = None
workflow = [('train', 2), ('val', 1)]
work_dir = '/home/admin/jupyter/SecurityAI_Round5/data/work'
gpu_ids = range(0, 1)

2020-11-21 18:54:07,853 - mmdet - INFO - load model from: torchvision://resnet50
2020-11-21 18:54:15,727 - mmdet - WARNING - The model and loaded state dict do not match exactly

unexpected key in source state_dict: fc.weight, fc.bias

2020-11-21 18:54:26,292 - mmdet - INFO - load checkpoint from /home/admin/.cache/torch/checkpoints/X.pth
2020-11-21 18:54:33,060 - mmdet - INFO - Start running, host: admin@fuxilabor_labor0_S4_Odps_S96_dsw_prepaid_cnsh_838_2020112106175, work_dir: /home/admin/jupyter/SecurityAI_Round5/data/work
2020-11-21 18:54:33,060 - mmdet - INFO - workflow: [('train', 2), ('val', 1)], max: 4 epochs
2020-11-21 18:55:50,190 - mmdet - INFO - Epoch [1][100/616]	lr: 1.988e-03, eta: 0:30:18, time: 0.769, data_time: 0.033, memory: 9529, loss_rpn_cls: 0.0032, loss_rpn_bbox: 0.0305, loss_cls: 0.0322, acc: 98.7285, loss_bbox: 0.0814, loss: 0.1472
2020-11-21 18:57:04,882 - mmdet - INFO - Epoch [1][200/616]	lr: 3.986e-03, eta: 0:28:36, time: 0.747, data_time: 0.012, memory: 9846, loss_rpn_cls: 0.0029, loss_rpn_bbox: 0.0290, loss_cls: 0.0371, acc: 98.3838, loss_bbox: 0.0789, loss: 0.1479
2020-11-21 18:58:19,652 - mmdet - INFO - Epoch [1][300/616]	lr: 5.984e-03, eta: 0:27:13, time: 0.748, data_time: 0.012, memory: 9846, loss_rpn_cls: 0.0025, loss_rpn_bbox: 0.0260, loss_cls: 0.0305, acc: 98.7695, loss_bbox: 0.0696, loss: 0.1285
2020-11-21 18:59:34,359 - mmdet - INFO - Epoch [1][400/616]	lr: 7.982e-03, eta: 0:25:53, time: 0.747, data_time: 0.012, memory: 9846, loss_rpn_cls: 0.0027, loss_rpn_bbox: 0.0292, loss_cls: 0.0354, acc: 98.5361, loss_bbox: 0.0747, loss: 0.1419
2020-11-21 19:00:48,964 - mmdet - INFO - Epoch [1][500/616]	lr: 9.980e-03, eta: 0:24:35, time: 0.746, data_time: 0.012, memory: 9846, loss_rpn_cls: 0.0019, loss_rpn_bbox: 0.0288, loss_cls: 0.0315, acc: 98.6641, loss_bbox: 0.0734, loss: 0.1356
2020-11-21 19:02:03,647 - mmdet - INFO - Epoch [1][600/616]	lr: 1.000e-02, eta: 0:23:19, time: 0.747, data_time: 0.012, memory: 9846, loss_rpn_cls: 0.0030, loss_rpn_bbox: 0.0353, loss_cls: 0.0351, acc: 98.4795, loss_bbox: 0.0787, loss: 0.1521
2020-11-21 19:02:41,511 - mmdet - INFO - Evaluating bbox...
2020-11-21 19:02:43,232 - mmdet - INFO - Epoch [1][616/616]	lr: 1.000e-02, bbox_mAP: 0.8610, bbox_mAP_50: 0.9250, bbox_mAP_75: 0.9150, bbox_mAP_s: 0.6710, bbox_mAP_m: 0.8810, bbox_mAP_l: 0.9150, bbox_mAP_copypaste: 0.861 0.925 0.915 0.671 0.881 0.915
2020-11-21 19:04:00,394 - mmdet - INFO - Epoch [2][100/616]	lr: 1.000e-02, eta: 0:21:27, time: 0.770, data_time: 0.033, memory: 9846, loss_rpn_cls: 0.0032, loss_rpn_bbox: 0.0373, loss_cls: 0.0441, acc: 98.2197, loss_bbox: 0.0887, loss: 0.1732
2020-11-21 19:05:14,971 - mmdet - INFO - Epoch [2][200/616]	lr: 1.000e-02, eta: 0:20:15, time: 0.746, data_time: 0.012, memory: 9846, loss_rpn_cls: 0.0029, loss_rpn_bbox: 0.0343, loss_cls: 0.0339, acc: 98.6152, loss_bbox: 0.0806, loss: 0.1517
2020-11-21 19:06:29,459 - mmdet - INFO - Epoch [2][300/616]	lr: 1.000e-02, eta: 0:19:03, time: 0.745, data_time: 0.012, memory: 9846, loss_rpn_cls: 0.0034, loss_rpn_bbox: 0.0331, loss_cls: 0.0380, acc: 98.3662, loss_bbox: 0.0861, loss: 0.1606
2020-11-21 19:07:44,098 - mmdet - INFO - Epoch [2][400/616]	lr: 1.000e-02, eta: 0:17:50, time: 0.746, data_time: 0.012, memory: 9846, loss_rpn_cls: 0.0041, loss_rpn_bbox: 0.0345, loss_cls: 0.0341, acc: 98.5605, loss_bbox: 0.0817, loss: 0.1544
2020-11-21 19:08:58,947 - mmdet - INFO - Epoch [2][500/616]	lr: 1.000e-02, eta: 0:16:37, time: 0.748, data_time: 0.012, memory: 9846, loss_rpn_cls: 0.0030, loss_rpn_bbox: 0.0344, loss_cls: 0.0339, acc: 98.5723, loss_bbox: 0.0830, loss: 0.1544
2020-11-21 19:10:13,524 - mmdet - INFO - Epoch [2][600/616]	lr: 1.000e-02, eta: 0:15:24, time: 0.746, data_time: 0.012, memory: 9846, loss_rpn_cls: 0.0032, loss_rpn_bbox: 0.0347, loss_cls: 0.0377, acc: 98.3545, loss_bbox: 0.0869, loss: 0.1626
2020-11-21 19:10:51,411 - mmdet - INFO - Evaluating bbox...
2020-11-21 19:10:53,171 - mmdet - INFO - Epoch [2][616/616]	lr: 1.000e-02, bbox_mAP: 0.8580, bbox_mAP_50: 0.9250, bbox_mAP_75: 0.9200, bbox_mAP_s: 0.6580, bbox_mAP_m: 0.8730, bbox_mAP_l: 0.9170, bbox_mAP_copypaste: 0.858 0.925 0.920 0.658 0.873 0.917
2020-11-21 19:11:25,565 - mmdet - INFO - Epoch(train) [2][81]	loss_rpn_cls: 0.0029, loss_rpn_bbox: 0.0364, loss_cls: 0.0362, acc: 98.5267, loss_bbox: 0.0843, loss: 0.1598
2020-11-21 19:12:42,772 - mmdet - INFO - Epoch [3][100/616]	lr: 1.000e-02, eta: 0:13:50, time: 0.770, data_time: 0.033, memory: 9846, loss_rpn_cls: 0.0026, loss_rpn_bbox: 0.0331, loss_cls: 0.0350, acc: 98.5068, loss_bbox: 0.0816, loss: 0.1522
2020-11-21 19:13:57,553 - mmdet - INFO - Epoch [3][200/616]	lr: 1.000e-02, eta: 0:12:38, time: 0.748, data_time: 0.012, memory: 9846, loss_rpn_cls: 0.0034, loss_rpn_bbox: 0.0348, loss_cls: 0.0382, acc: 98.4023, loss_bbox: 0.0871, loss: 0.1635
2020-11-21 19:15:12,493 - mmdet - INFO - Epoch [3][300/616]	lr: 1.000e-02, eta: 0:11:25, time: 0.749, data_time: 0.012, memory: 9846, loss_rpn_cls: 0.0024, loss_rpn_bbox: 0.0346, loss_cls: 0.0362, acc: 98.4795, loss_bbox: 0.0839, loss: 0.1571
2020-11-21 19:16:27,292 - mmdet - INFO - Epoch [3][400/616]	lr: 1.000e-02, eta: 0:10:12, time: 0.748, data_time: 0.012, memory: 9846, loss_rpn_cls: 0.0021, loss_rpn_bbox: 0.0311, loss_cls: 0.0319, acc: 98.7188, loss_bbox: 0.0821, loss: 0.1472
2020-11-21 19:17:42,001 - mmdet - INFO - Epoch [3][500/616]	lr: 1.000e-02, eta: 0:08:59, time: 0.747, data_time: 0.012, memory: 9846, loss_rpn_cls: 0.0022, loss_rpn_bbox: 0.0336, loss_cls: 0.0321, acc: 98.6504, loss_bbox: 0.0737, loss: 0.1416
2020-11-21 19:18:56,920 - mmdet - INFO - Epoch [3][600/616]	lr: 1.000e-02, eta: 0:07:46, time: 0.749, data_time: 0.012, memory: 9846, loss_rpn_cls: 0.0042, loss_rpn_bbox: 0.0358, loss_cls: 0.0462, acc: 98.0039, loss_bbox: 0.0914, loss: 0.1776
2020-11-21 19:19:34,946 - mmdet - INFO - Evaluating bbox...
2020-11-21 19:19:36,713 - mmdet - INFO - Epoch [3][616/616]	lr: 1.000e-02, bbox_mAP: 0.8470, bbox_mAP_50: 0.9190, bbox_mAP_75: 0.9140, bbox_mAP_s: 0.6420, bbox_mAP_m: 0.8590, bbox_mAP_l: 0.8970, bbox_mAP_copypaste: 0.847 0.919 0.914 0.642 0.859 0.897
2020-11-21 19:20:53,623 - mmdet - INFO - Epoch [4][100/616]	lr: 1.000e-02, eta: 0:06:18, time: 0.767, data_time: 0.033, memory: 9846, loss_rpn_cls: 0.0024, loss_rpn_bbox: 0.0323, loss_cls: 0.0308, acc: 98.6729, loss_bbox: 0.0791, loss: 0.1445
2020-11-21 19:22:08,281 - mmdet - INFO - Epoch [4][200/616]	lr: 1.000e-02, eta: 0:05:05, time: 0.747, data_time: 0.012, memory: 9846, loss_rpn_cls: 0.0033, loss_rpn_bbox: 0.0344, loss_cls: 0.0356, acc: 98.5654, loss_bbox: 0.0841, loss: 0.1574
2020-11-21 19:23:23,196 - mmdet - INFO - Epoch [4][300/616]	lr: 1.000e-02, eta: 0:03:52, time: 0.749, data_time: 0.012, memory: 9846, loss_rpn_cls: 0.0033, loss_rpn_bbox: 0.0365, loss_cls: 0.0410, acc: 98.2461, loss_bbox: 0.0885, loss: 0.1693
2020-11-21 19:24:38,178 - mmdet - INFO - Epoch [4][400/616]	lr: 1.000e-02, eta: 0:02:38, time: 0.750, data_time: 0.012, memory: 9846, loss_rpn_cls: 0.0032, loss_rpn_bbox: 0.0315, loss_cls: 0.0368, acc: 98.4297, loss_bbox: 0.0821, loss: 0.1535
2020-11-21 19:25:53,198 - mmdet - INFO - Epoch [4][500/616]	lr: 1.000e-02, eta: 0:01:25, time: 0.750, data_time: 0.012, memory: 9846, loss_rpn_cls: 0.0027, loss_rpn_bbox: 0.0353, loss_cls: 0.0367, acc: 98.4492, loss_bbox: 0.0860, loss: 0.1607
2020-11-21 19:27:08,001 - mmdet - INFO - Epoch [4][600/616]	lr: 1.000e-02, eta: 0:00:11, time: 0.748, data_time: 0.013, memory: 9846, loss_rpn_cls: 0.0034, loss_rpn_bbox: 0.0326, loss_cls: 0.0330, acc: 98.6084, loss_bbox: 0.0780, loss: 0.1470
2020-11-21 19:27:19,846 - mmdet - INFO - Saving checkpoint at 4 epochs
2020-11-21 19:27:47,504 - mmdet - INFO - Evaluating bbox...
2020-11-21 19:27:49,376 - mmdet - INFO - Epoch [4][616/616]	lr: 1.000e-02, bbox_mAP: 0.8500, bbox_mAP_50: 0.9190, bbox_mAP_75: 0.9090, bbox_mAP_s: 0.6400, bbox_mAP_m: 0.8690, bbox_mAP_l: 0.9100, bbox_mAP_copypaste: 0.850 0.919 0.909 0.640 0.869 0.910
2020-11-21 19:28:21,892 - mmdet - INFO - Epoch(train) [4][81]	loss_rpn_cls: 0.0034, loss_rpn_bbox: 0.0343, loss_cls: 0.0344, acc: 98.5882, loss_bbox: 0.0841, loss: 0.1562
