2020-11-19 00:29:07,077 - mmdet - INFO - Environment info:
------------------------------------------------------------
sys.platform: linux
Python: 3.6.4 |Anaconda, Inc.| (default, Jan 16 2018, 18:10:19) [GCC 7.2.0]
CUDA available: True
CUDA_HOME: /usr/local/cuda
NVCC: Cuda compilation tools, release 10.0, V10.0.130
GPU 0: Tesla P100-PCIE-16GB
GCC: gcc (GCC) 5.3.0
PyTorch: 1.3.1+cu100
PyTorch compiling details: PyTorch built with:
  - GCC 7.3
  - Intel(R) Math Kernel Library Version 2019.0.4 Product Build 20190411 for Intel(R) 64 architecture applications
  - Intel(R) MKL-DNN v0.20.5 (Git Hash 0125f28c61c1f822fd48570b4c1066f96fcb9b2e)
  - OpenMP 201511 (a.k.a. OpenMP 4.5)
  - NNPACK is enabled
  - CUDA Runtime 10.0
  - NVCC architecture flags: -gencode;arch=compute_37,code=sm_37;-gencode;arch=compute_50,code=sm_50;-gencode;arch=compute_60,code=sm_60;-gencode;arch=compute_61,code=sm_61;-gencode;arch=compute_70,code=sm_70;-gencode;arch=compute_75,code=sm_75;-gencode;arch=compute_37,code=compute_37
  - CuDNN 7.6.3
  - Magma 2.5.1
  - Build settings: BLAS=MKL, BUILD_NAMEDTENSOR=OFF, BUILD_TYPE=Release, CXX_FLAGS= -Wno-deprecated -fvisibility-inlines-hidden -fopenmp -DUSE_FBGEMM -DUSE_QNNPACK -DUSE_PYTORCH_QNNPACK -O2 -fPIC -Wno-narrowing -Wall -Wextra -Wno-missing-field-initializers -Wno-type-limits -Wno-array-bounds -Wno-unknown-pragmas -Wno-sign-compare -Wno-unused-parameter -Wno-unused-variable -Wno-unused-function -Wno-unused-result -Wno-strict-overflow -Wno-strict-aliasing -Wno-error=deprecated-declarations -Wno-stringop-overflow -Wno-error=pedantic -Wno-error=redundant-decls -Wno-error=old-style-cast -fdiagnostics-color=always -faligned-new -Wno-unused-but-set-variable -Wno-maybe-uninitialized -fno-math-errno -fno-trapping-math -Wno-stringop-overflow, DISABLE_NUMA=1, PERF_WITH_AVX=1, PERF_WITH_AVX2=1, PERF_WITH_AVX512=1, USE_CUDA=True, USE_EXCEPTION_PTR=1, USE_GFLAGS=OFF, USE_GLOG=OFF, USE_MKL=ON, USE_MKLDNN=ON, USE_MPI=OFF, USE_NCCL=ON, USE_NNPACK=ON, USE_OPENMP=ON, USE_STATIC_DISPATCH=OFF, 

TorchVision: 0.4.2+cu100
OpenCV: 4.4.0
MMCV: 1.0.5
MMDetection: 2.3.0+788fa8d
MMDetection Compiler: GCC 7.3
MMDetection CUDA Compiler: 10.0
------------------------------------------------------------

2020-11-19 00:29:07,077 - mmdet - INFO - Distributed training: False
2020-11-19 00:29:07,467 - mmdet - INFO - Config:
model = dict(
    type='FasterRCNN',
    pretrained='torchvision://resnet50',
    backbone=dict(
        type='ResNet',
        depth=50,
        num_stages=4,
        out_indices=(0, 1, 2, 3),
        frozen_stages=1,
        norm_cfg=dict(type='BN', requires_grad=True),
        norm_eval=True,
        style='pytorch'),
    neck=dict(
        type='FPN',
        in_channels=[256, 512, 1024, 2048],
        out_channels=256,
        num_outs=5),
    rpn_head=dict(
        type='RPNHead',
        in_channels=256,
        feat_channels=256,
        anchor_generator=dict(
            type='AnchorGenerator',
            scales=[8],
            ratios=[0.5, 1.0, 2.0],
            strides=[4, 8, 16, 32, 64]),
        bbox_coder=dict(
            type='DeltaXYWHBBoxCoder',
            target_means=[0.0, 0.0, 0.0, 0.0],
            target_stds=[1.0, 1.0, 1.0, 1.0]),
        loss_cls=dict(
            type='CrossEntropyLoss', use_sigmoid=True, loss_weight=1.0),
        loss_bbox=dict(type='L1Loss', loss_weight=1.0)),
    roi_head=dict(
        type='StandardRoIHead',
        bbox_roi_extractor=dict(
            type='SingleRoIExtractor',
            roi_layer=dict(type='RoIAlign', output_size=7, sampling_ratio=0),
            out_channels=256,
            featmap_strides=[4, 8, 16, 32]),
        bbox_head=dict(
            type='Shared2FCBBoxHead',
            in_channels=256,
            fc_out_channels=1024,
            roi_feat_size=7,
            num_classes=2,
            bbox_coder=dict(
                type='DeltaXYWHBBoxCoder',
                target_means=[0.0, 0.0, 0.0, 0.0],
                target_stds=[0.1, 0.1, 0.2, 0.2]),
            reg_class_agnostic=False,
            loss_cls=dict(
                type='CrossEntropyLoss', use_sigmoid=False, loss_weight=1.0),
            loss_bbox=dict(type='L1Loss', loss_weight=1.0))))
train_cfg = dict(
    rpn=dict(
        assigner=dict(
            type='MaxIoUAssigner',
            pos_iou_thr=0.7,
            neg_iou_thr=0.3,
            min_pos_iou=0.3,
            match_low_quality=True,
            ignore_iof_thr=-1),
        sampler=dict(
            type='RandomSampler',
            num=256,
            pos_fraction=0.5,
            neg_pos_ub=-1,
            add_gt_as_proposals=False),
        allowed_border=-1,
        pos_weight=-1,
        debug=False),
    rpn_proposal=dict(
        nms_across_levels=False,
        nms_pre=2000,
        nms_post=1000,
        max_num=1000,
        nms_thr=0.7,
        min_bbox_size=0),
    rcnn=dict(
        assigner=dict(
            type='MaxIoUAssigner',
            pos_iou_thr=0.5,
            neg_iou_thr=0.5,
            min_pos_iou=0.5,
            match_low_quality=False,
            ignore_iof_thr=-1),
        sampler=dict(
            type='RandomSampler',
            num=512,
            pos_fraction=0.25,
            neg_pos_ub=-1,
            add_gt_as_proposals=True),
        pos_weight=-1,
        debug=False))
test_cfg = dict(
    rpn=dict(
        nms_across_levels=False,
        nms_pre=1000,
        nms_post=1000,
        max_num=1000,
        nms_thr=0.7,
        min_bbox_size=0),
    rcnn=dict(
        score_thr=0.05,
        nms=dict(type='nms', iou_threshold=0.5),
        max_per_img=100))
dataset_type = 'CocoDataset'
data_root = 'data/coco/'
img_norm_cfg = dict(
    mean=[123.675, 116.28, 103.53], std=[58.395, 57.12, 57.375], to_rgb=True)
train_pipeline = [
    dict(type='LoadImageFromFile'),
    dict(type='LoadAnnotations', with_bbox=True),
    dict(type='Resize', img_scale=(1550, 1550), keep_ratio=True),
    dict(type='RandomFlip', flip_ratio=0.5),
    dict(
        type='Normalize',
        mean=[123.675, 116.28, 103.53],
        std=[58.395, 57.12, 57.375],
        to_rgb=True),
    dict(type='Pad', size_divisor=32),
    dict(type='DefaultFormatBundle'),
    dict(type='Collect', keys=['img', 'gt_bboxes', 'gt_labels'])
]
test_pipeline = [
    dict(type='LoadImageFromFile'),
    dict(
        type='MultiScaleFlipAug',
        img_scale=(1550, 1550),
        flip=False,
        transforms=[
            dict(type='Resize', keep_ratio=True),
            dict(type='RandomFlip'),
            dict(
                type='Normalize',
                mean=[123.675, 116.28, 103.53],
                std=[58.395, 57.12, 57.375],
                to_rgb=True),
            dict(type='Pad', size_divisor=32),
            dict(type='ImageToTensor', keys=['img']),
            dict(type='Collect', keys=['img'])
        ])
]
data = dict(
    samples_per_gpu=2,
    workers_per_gpu=2,
    train=dict(
        type='CocoDataset',
        ann_file='data/coco/annotations/annotations_trai.json',
        img_prefix='data/coco/img/',
        pipeline=[
            dict(type='LoadImageFromFile'),
            dict(type='LoadAnnotations', with_bbox=True),
            dict(type='Resize', img_scale=(1550, 1550), keep_ratio=True),
            dict(type='RandomFlip', flip_ratio=0.5),
            dict(
                type='Normalize',
                mean=[123.675, 116.28, 103.53],
                std=[58.395, 57.12, 57.375],
                to_rgb=True),
            dict(type='Pad', size_divisor=32),
            dict(type='DefaultFormatBundle'),
            dict(type='Collect', keys=['img', 'gt_bboxes', 'gt_labels'])
        ]),
    val=dict(
        type='CocoDataset',
        ann_file='data/coco/annotations/annotations_test.json',
        img_prefix='data/coco/img/',
        pipeline=[
            dict(type='LoadImageFromFile'),
            dict(
                type='MultiScaleFlipAug',
                img_scale=(1550, 1550),
                flip=False,
                transforms=[
                    dict(type='Resize', keep_ratio=True),
                    dict(type='RandomFlip'),
                    dict(
                        type='Normalize',
                        mean=[123.675, 116.28, 103.53],
                        std=[58.395, 57.12, 57.375],
                        to_rgb=True),
                    dict(type='Pad', size_divisor=32),
                    dict(type='ImageToTensor', keys=['img']),
                    dict(type='Collect', keys=['img'])
                ])
        ]),
    test=dict(
        type='CocoDataset',
        ann_file='data/coco/annotations/annotations_vals.json',
        img_prefix='data/coco/img/',
        pipeline=[
            dict(type='LoadImageFromFile'),
            dict(
                type='MultiScaleFlipAug',
                img_scale=(1550, 1550),
                flip=False,
                transforms=[
                    dict(type='Resize', keep_ratio=True),
                    dict(type='RandomFlip'),
                    dict(
                        type='Normalize',
                        mean=[123.675, 116.28, 103.53],
                        std=[58.395, 57.12, 57.375],
                        to_rgb=True),
                    dict(type='Pad', size_divisor=32),
                    dict(type='ImageToTensor', keys=['img']),
                    dict(type='Collect', keys=['img'])
                ])
        ]))
evaluation = dict(interval=1, metric='bbox')
optimizer = dict(type='SGD', lr=0.01, momentum=0.9, weight_decay=0.0001)
optimizer_config = dict(grad_clip=None)
lr_config = dict(
    policy='step',
    warmup='linear',
    warmup_iters=500,
    warmup_ratio=0.001,
    step=[8, 11])
total_epochs = 4
checkpoint_config = dict(interval=4)
log_config = dict(interval=100, hooks=[dict(type='TextLoggerHook')])
dist_params = dict(backend='nccl')
log_level = 'INFO'
load_from = '/home/admin/.cache/torch/checkpoints/X.pth'
resume_from = None
workflow = [('train', 2), ('val', 1)]
work_dir = '/home/admin/jupyter/SecurityAI_Round5/data/work'
gpu_ids = range(0, 1)

2020-11-19 00:29:07,978 - mmdet - INFO - load model from: torchvision://resnet50
2020-11-19 00:29:15,845 - mmdet - WARNING - The model and loaded state dict do not match exactly

unexpected key in source state_dict: fc.weight, fc.bias

2020-11-19 00:29:26,097 - mmdet - INFO - load checkpoint from /home/admin/.cache/torch/checkpoints/X.pth
2020-11-19 00:29:32,771 - mmdet - INFO - Start running, host: admin@fuxilabor_labor0_S4_Odps_S96_dsw_prepaid_cnsh_838_2020111813282, work_dir: /home/admin/jupyter/SecurityAI_Round5/data/work
2020-11-19 00:29:32,771 - mmdet - INFO - workflow: [('train', 2), ('val', 1)], max: 4 epochs
2020-11-19 00:30:50,753 - mmdet - INFO - Epoch [1][100/628]	lr: 1.988e-03, eta: 0:31:16, time: 0.778, data_time: 0.033, memory: 11908, loss_rpn_cls: 0.0056, loss_rpn_bbox: 0.0452, loss_cls: 0.0526, acc: 97.7988, loss_bbox: 0.1111, loss: 0.2145
2020-11-19 00:32:05,614 - mmdet - INFO - Epoch [1][200/628]	lr: 3.986e-03, eta: 0:29:24, time: 0.749, data_time: 0.012, memory: 11908, loss_rpn_cls: 0.0070, loss_rpn_bbox: 0.0398, loss_cls: 0.0485, acc: 98.0029, loss_bbox: 0.1062, loss: 0.2015
2020-11-19 00:33:20,298 - mmdet - INFO - Epoch [1][300/628]	lr: 5.984e-03, eta: 0:27:56, time: 0.747, data_time: 0.012, memory: 11908, loss_rpn_cls: 0.0038, loss_rpn_bbox: 0.0364, loss_cls: 0.0354, acc: 98.5527, loss_bbox: 0.0808, loss: 0.1564
2020-11-19 00:34:35,183 - mmdet - INFO - Epoch [1][400/628]	lr: 7.982e-03, eta: 0:26:35, time: 0.749, data_time: 0.012, memory: 11908, loss_rpn_cls: 0.0050, loss_rpn_bbox: 0.0440, loss_cls: 0.0492, acc: 97.9385, loss_bbox: 0.1044, loss: 0.2025
2020-11-19 00:35:49,958 - mmdet - INFO - Epoch [1][500/628]	lr: 9.980e-03, eta: 0:25:17, time: 0.748, data_time: 0.012, memory: 11908, loss_rpn_cls: 0.0032, loss_rpn_bbox: 0.0429, loss_cls: 0.0411, acc: 98.2744, loss_bbox: 0.0999, loss: 0.1872
2020-11-19 00:37:04,931 - mmdet - INFO - Epoch [1][600/628]	lr: 1.000e-02, eta: 0:24:00, time: 0.750, data_time: 0.012, memory: 11908, loss_rpn_cls: 0.0066, loss_rpn_bbox: 0.0483, loss_cls: 0.0545, acc: 97.7881, loss_bbox: 0.1167, loss: 0.2262
2020-11-19 00:37:47,312 - mmdet - INFO - Evaluating bbox...
2020-11-19 00:37:49,433 - mmdet - INFO - Epoch [1][628/628]	lr: 1.000e-02, bbox_mAP: 0.7790, bbox_mAP_50: 0.8680, bbox_mAP_75: 0.8430, bbox_mAP_s: 0.4440, bbox_mAP_m: 0.7660, bbox_mAP_l: 0.8730, bbox_mAP_copypaste: 0.779 0.868 0.843 0.444 0.766 0.873
2020-11-19 00:39:06,809 - mmdet - INFO - Epoch [2][100/628]	lr: 1.000e-02, eta: 0:21:36, time: 0.772, data_time: 0.033, memory: 11908, loss_rpn_cls: 0.0049, loss_rpn_bbox: 0.0473, loss_cls: 0.0471, acc: 98.0918, loss_bbox: 0.1137, loss: 0.2130
2020-11-19 00:40:21,856 - mmdet - INFO - Epoch [2][200/628]	lr: 1.000e-02, eta: 0:20:28, time: 0.750, data_time: 0.012, memory: 11908, loss_rpn_cls: 0.0061, loss_rpn_bbox: 0.0514, loss_cls: 0.0531, acc: 97.7988, loss_bbox: 0.1095, loss: 0.2200
2020-11-19 00:41:36,753 - mmdet - INFO - Epoch [2][300/628]	lr: 1.000e-02, eta: 0:19:19, time: 0.749, data_time: 0.012, memory: 11908, loss_rpn_cls: 0.0047, loss_rpn_bbox: 0.0452, loss_cls: 0.0478, acc: 98.0518, loss_bbox: 0.1087, loss: 0.2064
2020-11-19 00:42:51,612 - mmdet - INFO - Epoch [2][400/628]	lr: 1.000e-02, eta: 0:18:08, time: 0.749, data_time: 0.012, memory: 11908, loss_rpn_cls: 0.0068, loss_rpn_bbox: 0.0461, loss_cls: 0.0501, acc: 97.8877, loss_bbox: 0.1085, loss: 0.2114
2020-11-19 00:44:06,450 - mmdet - INFO - Epoch [2][500/628]	lr: 1.000e-02, eta: 0:16:56, time: 0.748, data_time: 0.013, memory: 11908, loss_rpn_cls: 0.0068, loss_rpn_bbox: 0.0473, loss_cls: 0.0594, acc: 97.5479, loss_bbox: 0.1184, loss: 0.2319
2020-11-19 00:45:21,154 - mmdet - INFO - Epoch [2][600/628]	lr: 1.000e-02, eta: 0:15:44, time: 0.747, data_time: 0.012, memory: 11908, loss_rpn_cls: 0.0031, loss_rpn_bbox: 0.0465, loss_cls: 0.0467, acc: 98.0762, loss_bbox: 0.1058, loss: 0.2021
2020-11-19 00:46:03,786 - mmdet - INFO - Evaluating bbox...
2020-11-19 00:46:05,562 - mmdet - INFO - Epoch [2][628/628]	lr: 1.000e-02, bbox_mAP: 0.7900, bbox_mAP_50: 0.8780, bbox_mAP_75: 0.8490, bbox_mAP_s: 0.4600, bbox_mAP_m: 0.7820, bbox_mAP_l: 0.8820, bbox_mAP_copypaste: 0.790 0.878 0.849 0.460 0.782 0.882
2020-11-19 00:46:32,883 - mmdet - INFO - Epoch(train) [2][67]	loss_rpn_cls: 0.0049, loss_rpn_bbox: 0.0443, loss_cls: 0.0518, acc: 97.8108, loss_bbox: 0.1022, loss: 0.2032
2020-11-19 00:47:50,295 - mmdet - INFO - Epoch [3][100/628]	lr: 1.000e-02, eta: 0:13:56, time: 0.772, data_time: 0.034, memory: 11908, loss_rpn_cls: 0.0043, loss_rpn_bbox: 0.0445, loss_cls: 0.0454, acc: 98.0791, loss_bbox: 0.1066, loss: 0.2008
2020-11-19 00:49:05,108 - mmdet - INFO - Epoch [3][200/628]	lr: 1.000e-02, eta: 0:12:45, time: 0.748, data_time: 0.012, memory: 11908, loss_rpn_cls: 0.0077, loss_rpn_bbox: 0.0479, loss_cls: 0.0576, acc: 97.6787, loss_bbox: 0.1202, loss: 0.2334
2020-11-19 00:50:20,260 - mmdet - INFO - Epoch [3][300/628]	lr: 1.000e-02, eta: 0:11:34, time: 0.752, data_time: 0.012, memory: 11908, loss_rpn_cls: 0.0056, loss_rpn_bbox: 0.0488, loss_cls: 0.0553, acc: 97.6836, loss_bbox: 0.1150, loss: 0.2247
2020-11-19 00:51:34,991 - mmdet - INFO - Epoch [3][400/628]	lr: 1.000e-02, eta: 0:10:23, time: 0.747, data_time: 0.012, memory: 11908, loss_rpn_cls: 0.0069, loss_rpn_bbox: 0.0464, loss_cls: 0.0503, acc: 97.9717, loss_bbox: 0.1131, loss: 0.2167
2020-11-19 00:52:49,968 - mmdet - INFO - Epoch [3][500/628]	lr: 1.000e-02, eta: 0:09:11, time: 0.750, data_time: 0.012, memory: 11908, loss_rpn_cls: 0.0055, loss_rpn_bbox: 0.0466, loss_cls: 0.0451, acc: 98.1387, loss_bbox: 0.1054, loss: 0.2027
2020-11-19 00:54:04,739 - mmdet - INFO - Epoch [3][600/628]	lr: 1.000e-02, eta: 0:07:58, time: 0.748, data_time: 0.012, memory: 11908, loss_rpn_cls: 0.0059, loss_rpn_bbox: 0.0476, loss_cls: 0.0471, acc: 98.1572, loss_bbox: 0.1083, loss: 0.2090
2020-11-19 00:54:47,281 - mmdet - INFO - Evaluating bbox...
2020-11-19 00:54:49,078 - mmdet - INFO - Epoch [3][628/628]	lr: 1.000e-02, bbox_mAP: 0.7870, bbox_mAP_50: 0.8810, bbox_mAP_75: 0.8470, bbox_mAP_s: 0.4580, bbox_mAP_m: 0.7780, bbox_mAP_l: 0.8760, bbox_mAP_copypaste: 0.787 0.881 0.847 0.458 0.778 0.876
2020-11-19 00:56:06,309 - mmdet - INFO - Epoch [4][100/628]	lr: 1.000e-02, eta: 0:06:21, time: 0.770, data_time: 0.033, memory: 11908, loss_rpn_cls: 0.0048, loss_rpn_bbox: 0.0469, loss_cls: 0.0459, acc: 98.1533, loss_bbox: 0.1079, loss: 0.2055
2020-11-19 00:57:21,130 - mmdet - INFO - Epoch [4][200/628]	lr: 1.000e-02, eta: 0:05:09, time: 0.748, data_time: 0.012, memory: 11908, loss_rpn_cls: 0.0055, loss_rpn_bbox: 0.0461, loss_cls: 0.0513, acc: 97.8789, loss_bbox: 0.1123, loss: 0.2152
2020-11-19 00:58:35,989 - mmdet - INFO - Epoch [4][300/628]	lr: 1.000e-02, eta: 0:03:57, time: 0.749, data_time: 0.012, memory: 11908, loss_rpn_cls: 0.0056, loss_rpn_bbox: 0.0484, loss_cls: 0.0461, acc: 98.1152, loss_bbox: 0.1139, loss: 0.2139
2020-11-19 00:59:50,812 - mmdet - INFO - Epoch [4][400/628]	lr: 1.000e-02, eta: 0:02:45, time: 0.748, data_time: 0.012, memory: 11908, loss_rpn_cls: 0.0044, loss_rpn_bbox: 0.0450, loss_cls: 0.0443, acc: 98.1904, loss_bbox: 0.1062, loss: 0.1999
2020-11-19 01:01:05,841 - mmdet - INFO - Epoch [4][500/628]	lr: 1.000e-02, eta: 0:01:32, time: 0.750, data_time: 0.012, memory: 11908, loss_rpn_cls: 0.0059, loss_rpn_bbox: 0.0445, loss_cls: 0.0510, acc: 97.8936, loss_bbox: 0.1101, loss: 0.2115
2020-11-19 01:02:20,744 - mmdet - INFO - Epoch [4][600/628]	lr: 1.000e-02, eta: 0:00:20, time: 0.749, data_time: 0.012, memory: 11908, loss_rpn_cls: 0.0056, loss_rpn_bbox: 0.0518, loss_cls: 0.0559, acc: 97.6875, loss_bbox: 0.1208, loss: 0.2341
2020-11-19 01:02:41,733 - mmdet - INFO - Saving checkpoint at 4 epochs
2020-11-19 01:03:05,211 - mmdet - INFO - Evaluating bbox...
2020-11-19 01:03:07,032 - mmdet - INFO - Epoch [4][628/628]	lr: 1.000e-02, bbox_mAP: 0.7860, bbox_mAP_50: 0.8780, bbox_mAP_75: 0.8490, bbox_mAP_s: 0.4860, bbox_mAP_m: 0.7700, bbox_mAP_l: 0.8730, bbox_mAP_copypaste: 0.786 0.878 0.849 0.486 0.770 0.873
2020-11-19 01:03:34,344 - mmdet - INFO - Epoch(train) [4][67]	loss_rpn_cls: 0.0042, loss_rpn_bbox: 0.0458, loss_cls: 0.0561, acc: 97.6869, loss_bbox: 0.1072, loss: 0.2133
