2020-11-23 22:32:47,354 - mmdet - INFO - Environment info:
------------------------------------------------------------
sys.platform: linux
Python: 3.6.4 |Anaconda, Inc.| (default, Jan 16 2018, 18:10:19) [GCC 7.2.0]
CUDA available: True
CUDA_HOME: /usr/local/cuda
NVCC: Cuda compilation tools, release 10.0, V10.0.130
GPU 0: Tesla P100-PCIE-16GB
GCC: gcc (GCC) 5.3.0
PyTorch: 1.3.1+cu100
PyTorch compiling details: PyTorch built with:
  - GCC 7.3
  - Intel(R) Math Kernel Library Version 2019.0.4 Product Build 20190411 for Intel(R) 64 architecture applications
  - Intel(R) MKL-DNN v0.20.5 (Git Hash 0125f28c61c1f822fd48570b4c1066f96fcb9b2e)
  - OpenMP 201511 (a.k.a. OpenMP 4.5)
  - NNPACK is enabled
  - CUDA Runtime 10.0
  - NVCC architecture flags: -gencode;arch=compute_37,code=sm_37;-gencode;arch=compute_50,code=sm_50;-gencode;arch=compute_60,code=sm_60;-gencode;arch=compute_61,code=sm_61;-gencode;arch=compute_70,code=sm_70;-gencode;arch=compute_75,code=sm_75;-gencode;arch=compute_37,code=compute_37
  - CuDNN 7.6.3
  - Magma 2.5.1
  - Build settings: BLAS=MKL, BUILD_NAMEDTENSOR=OFF, BUILD_TYPE=Release, CXX_FLAGS= -Wno-deprecated -fvisibility-inlines-hidden -fopenmp -DUSE_FBGEMM -DUSE_QNNPACK -DUSE_PYTORCH_QNNPACK -O2 -fPIC -Wno-narrowing -Wall -Wextra -Wno-missing-field-initializers -Wno-type-limits -Wno-array-bounds -Wno-unknown-pragmas -Wno-sign-compare -Wno-unused-parameter -Wno-unused-variable -Wno-unused-function -Wno-unused-result -Wno-strict-overflow -Wno-strict-aliasing -Wno-error=deprecated-declarations -Wno-stringop-overflow -Wno-error=pedantic -Wno-error=redundant-decls -Wno-error=old-style-cast -fdiagnostics-color=always -faligned-new -Wno-unused-but-set-variable -Wno-maybe-uninitialized -fno-math-errno -fno-trapping-math -Wno-stringop-overflow, DISABLE_NUMA=1, PERF_WITH_AVX=1, PERF_WITH_AVX2=1, PERF_WITH_AVX512=1, USE_CUDA=True, USE_EXCEPTION_PTR=1, USE_GFLAGS=OFF, USE_GLOG=OFF, USE_MKL=ON, USE_MKLDNN=ON, USE_MPI=OFF, USE_NCCL=ON, USE_NNPACK=ON, USE_OPENMP=ON, USE_STATIC_DISPATCH=OFF, 

TorchVision: 0.4.2+cu100
OpenCV: 4.4.0
MMCV: 1.0.5
MMDetection: 2.3.0+788fa8d
MMDetection Compiler: GCC 7.3
MMDetection CUDA Compiler: 10.0
------------------------------------------------------------

2020-11-23 22:32:47,354 - mmdet - INFO - Distributed training: False
2020-11-23 22:32:47,742 - mmdet - INFO - Config:
model = dict(
    type='FasterRCNN',
    pretrained='torchvision://resnet50',
    backbone=dict(
        type='ResNet',
        depth=50,
        num_stages=4,
        out_indices=(0, 1, 2, 3),
        frozen_stages=1,
        norm_cfg=dict(type='BN', requires_grad=True),
        norm_eval=True,
        style='pytorch'),
    neck=dict(
        type='FPN',
        in_channels=[256, 512, 1024, 2048],
        out_channels=256,
        num_outs=5),
    rpn_head=dict(
        type='RPNHead',
        in_channels=256,
        feat_channels=256,
        anchor_generator=dict(
            type='AnchorGenerator',
            scales=[8],
            ratios=[0.5, 1.0, 2.0],
            strides=[4, 8, 16, 32, 64]),
        bbox_coder=dict(
            type='DeltaXYWHBBoxCoder',
            target_means=[0.0, 0.0, 0.0, 0.0],
            target_stds=[1.0, 1.0, 1.0, 1.0]),
        loss_cls=dict(
            type='CrossEntropyLoss', use_sigmoid=True, loss_weight=1.0),
        loss_bbox=dict(type='L1Loss', loss_weight=1.0)),
    roi_head=dict(
        type='StandardRoIHead',
        bbox_roi_extractor=dict(
            type='SingleRoIExtractor',
            roi_layer=dict(type='RoIAlign', output_size=7, sampling_ratio=0),
            out_channels=256,
            featmap_strides=[4, 8, 16, 32]),
        bbox_head=dict(
            type='Shared2FCBBoxHead',
            in_channels=256,
            fc_out_channels=1024,
            roi_feat_size=7,
            num_classes=2,
            bbox_coder=dict(
                type='DeltaXYWHBBoxCoder',
                target_means=[0.0, 0.0, 0.0, 0.0],
                target_stds=[0.1, 0.1, 0.2, 0.2]),
            reg_class_agnostic=False,
            loss_cls=dict(
                type='CrossEntropyLoss', use_sigmoid=False, loss_weight=1.0),
            loss_bbox=dict(type='L1Loss', loss_weight=1.0))))
train_cfg = dict(
    rpn=dict(
        assigner=dict(
            type='MaxIoUAssigner',
            pos_iou_thr=0.7,
            neg_iou_thr=0.3,
            min_pos_iou=0.3,
            match_low_quality=True,
            ignore_iof_thr=-1),
        sampler=dict(
            type='RandomSampler',
            num=256,
            pos_fraction=0.5,
            neg_pos_ub=-1,
            add_gt_as_proposals=False),
        allowed_border=-1,
        pos_weight=-1,
        debug=False),
    rpn_proposal=dict(
        nms_across_levels=False,
        nms_pre=2000,
        nms_post=1000,
        max_num=1000,
        nms_thr=0.7,
        min_bbox_size=0),
    rcnn=dict(
        assigner=dict(
            type='MaxIoUAssigner',
            pos_iou_thr=0.5,
            neg_iou_thr=0.5,
            min_pos_iou=0.5,
            match_low_quality=False,
            ignore_iof_thr=-1),
        sampler=dict(
            type='RandomSampler',
            num=512,
            pos_fraction=0.25,
            neg_pos_ub=-1,
            add_gt_as_proposals=True),
        pos_weight=-1,
        debug=False))
test_cfg = dict(
    rpn=dict(
        nms_across_levels=False,
        nms_pre=1000,
        nms_post=1000,
        max_num=1000,
        nms_thr=0.7,
        min_bbox_size=0),
    rcnn=dict(
        score_thr=0.05,
        nms=dict(type='nms', iou_threshold=0.5),
        max_per_img=100))
dataset_type = 'CocoDataset'
data_root = 'data/coco/'
img_norm_cfg = dict(
    mean=[123.675, 116.28, 103.53], std=[58.395, 57.12, 57.375], to_rgb=True)
train_pipeline = [
    dict(type='LoadImageFromFile'),
    dict(type='LoadAnnotations', with_bbox=True),
    dict(type='Resize', img_scale=(1550, 1550), keep_ratio=True),
    dict(type='RandomFlip', flip_ratio=0.5),
    dict(
        type='Normalize',
        mean=[123.675, 116.28, 103.53],
        std=[58.395, 57.12, 57.375],
        to_rgb=True),
    dict(type='Pad', size_divisor=32),
    dict(type='DefaultFormatBundle'),
    dict(type='Collect', keys=['img', 'gt_bboxes', 'gt_labels'])
]
test_pipeline = [
    dict(type='LoadImageFromFile'),
    dict(
        type='MultiScaleFlipAug',
        img_scale=(1550, 1550),
        flip=False,
        transforms=[
            dict(type='Resize', keep_ratio=True),
            dict(type='RandomFlip'),
            dict(
                type='Normalize',
                mean=[123.675, 116.28, 103.53],
                std=[58.395, 57.12, 57.375],
                to_rgb=True),
            dict(type='Pad', size_divisor=32),
            dict(type='ImageToTensor', keys=['img']),
            dict(type='Collect', keys=['img'])
        ])
]
data = dict(
    samples_per_gpu=2,
    workers_per_gpu=2,
    train=dict(
        type='CocoDataset',
        ann_file='data/coco/annotations/annotations_trai.json',
        img_prefix='data/coco/img/',
        pipeline=[
            dict(type='LoadImageFromFile'),
            dict(type='LoadAnnotations', with_bbox=True),
            dict(type='Resize', img_scale=(1550, 1550), keep_ratio=True),
            dict(type='RandomFlip', flip_ratio=0.5),
            dict(
                type='Normalize',
                mean=[123.675, 116.28, 103.53],
                std=[58.395, 57.12, 57.375],
                to_rgb=True),
            dict(type='Pad', size_divisor=32),
            dict(type='DefaultFormatBundle'),
            dict(type='Collect', keys=['img', 'gt_bboxes', 'gt_labels'])
        ]),
    val=dict(
        type='CocoDataset',
        ann_file='data/coco/annotations/annotations_test.json',
        img_prefix='data/coco/img/',
        pipeline=[
            dict(type='LoadImageFromFile'),
            dict(
                type='MultiScaleFlipAug',
                img_scale=(1550, 1550),
                flip=False,
                transforms=[
                    dict(type='Resize', keep_ratio=True),
                    dict(type='RandomFlip'),
                    dict(
                        type='Normalize',
                        mean=[123.675, 116.28, 103.53],
                        std=[58.395, 57.12, 57.375],
                        to_rgb=True),
                    dict(type='Pad', size_divisor=32),
                    dict(type='ImageToTensor', keys=['img']),
                    dict(type='Collect', keys=['img'])
                ])
        ]),
    test=dict(
        type='CocoDataset',
        ann_file='data/coco/annotations/annotations_vals.json',
        img_prefix='data/coco/img/',
        pipeline=[
            dict(type='LoadImageFromFile'),
            dict(
                type='MultiScaleFlipAug',
                img_scale=(1550, 1550),
                flip=False,
                transforms=[
                    dict(type='Resize', keep_ratio=True),
                    dict(type='RandomFlip'),
                    dict(
                        type='Normalize',
                        mean=[123.675, 116.28, 103.53],
                        std=[58.395, 57.12, 57.375],
                        to_rgb=True),
                    dict(type='Pad', size_divisor=32),
                    dict(type='ImageToTensor', keys=['img']),
                    dict(type='Collect', keys=['img'])
                ])
        ]))
evaluation = dict(interval=1, metric='bbox')
optimizer = dict(type='SGD', lr=0.01, momentum=0.9, weight_decay=0.0001)
optimizer_config = dict(grad_clip=None)
lr_config = dict(
    policy='step',
    warmup='linear',
    warmup_iters=500,
    warmup_ratio=0.001,
    step=[8, 11])
total_epochs = 4
checkpoint_config = dict(interval=4)
log_config = dict(interval=100, hooks=[dict(type='TextLoggerHook')])
dist_params = dict(backend='nccl')
log_level = 'INFO'
load_from = '/home/admin/.cache/torch/checkpoints/X.pth'
resume_from = None
workflow = [('train', 2), ('val', 1)]
work_dir = '/home/admin/jupyter/SecurityAI_Round5/data/work'
gpu_ids = range(0, 1)

2020-11-23 22:32:48,245 - mmdet - INFO - load model from: torchvision://resnet50
2020-11-23 22:32:56,375 - mmdet - WARNING - The model and loaded state dict do not match exactly

unexpected key in source state_dict: fc.weight, fc.bias

2020-11-23 22:33:06,997 - mmdet - INFO - load checkpoint from /home/admin/.cache/torch/checkpoints/X.pth
2020-11-23 22:33:13,752 - mmdet - INFO - Start running, host: admin@fuxilabor_labor0_S4_Odps_S96_dsw_prepaid_cnsh_838_2020112313382, work_dir: /home/admin/jupyter/SecurityAI_Round5/data/work
2020-11-23 22:33:13,752 - mmdet - INFO - workflow: [('train', 2), ('val', 1)], max: 4 epochs
2020-11-23 22:34:31,507 - mmdet - INFO - Epoch [1][100/615]	lr: 1.988e-03, eta: 0:30:30, time: 0.776, data_time: 0.035, memory: 9843, loss_rpn_cls: 0.0027, loss_rpn_bbox: 0.0265, loss_cls: 0.0327, acc: 98.6182, loss_bbox: 0.0668, loss: 0.1286
2020-11-23 22:35:46,151 - mmdet - INFO - Epoch [1][200/615]	lr: 3.986e-03, eta: 0:28:39, time: 0.746, data_time: 0.012, memory: 9843, loss_rpn_cls: 0.0025, loss_rpn_bbox: 0.0251, loss_cls: 0.0304, acc: 98.6641, loss_bbox: 0.0653, loss: 0.1232
2020-11-23 22:37:01,188 - mmdet - INFO - Epoch [1][300/615]	lr: 5.984e-03, eta: 0:27:16, time: 0.750, data_time: 0.012, memory: 11883, loss_rpn_cls: 0.0020, loss_rpn_bbox: 0.0238, loss_cls: 0.0277, acc: 98.8633, loss_bbox: 0.0647, loss: 0.1182
2020-11-23 22:38:15,690 - mmdet - INFO - Epoch [1][400/615]	lr: 7.982e-03, eta: 0:25:53, time: 0.745, data_time: 0.012, memory: 11883, loss_rpn_cls: 0.0015, loss_rpn_bbox: 0.0224, loss_cls: 0.0246, acc: 98.9863, loss_bbox: 0.0598, loss: 0.1083
2020-11-23 22:39:30,540 - mmdet - INFO - Epoch [1][500/615]	lr: 9.980e-03, eta: 0:24:36, time: 0.748, data_time: 0.012, memory: 11883, loss_rpn_cls: 0.0019, loss_rpn_bbox: 0.0276, loss_cls: 0.0305, acc: 98.7012, loss_bbox: 0.0650, loss: 0.1250
2020-11-23 22:40:45,364 - mmdet - INFO - Epoch [1][600/615]	lr: 1.000e-02, eta: 0:23:19, time: 0.748, data_time: 0.012, memory: 11883, loss_rpn_cls: 0.0028, loss_rpn_bbox: 0.0323, loss_cls: 0.0304, acc: 98.7266, loss_bbox: 0.0752, loss: 0.1407
2020-11-23 22:41:23,034 - mmdet - INFO - Evaluating bbox...
2020-11-23 22:41:25,275 - mmdet - INFO - Epoch [1][615/615]	lr: 1.000e-02, bbox_mAP: 0.8410, bbox_mAP_50: 0.9000, bbox_mAP_75: 0.8900, bbox_mAP_s: 0.5810, bbox_mAP_m: 0.8720, bbox_mAP_l: 0.9160, bbox_mAP_copypaste: 0.841 0.900 0.890 0.581 0.872 0.916
2020-11-23 22:42:42,346 - mmdet - INFO - Epoch [2][100/615]	lr: 1.000e-02, eta: 0:21:29, time: 0.769, data_time: 0.034, memory: 11883, loss_rpn_cls: 0.0022, loss_rpn_bbox: 0.0297, loss_cls: 0.0335, acc: 98.5498, loss_bbox: 0.0731, loss: 0.1386
2020-11-23 22:43:57,092 - mmdet - INFO - Epoch [2][200/615]	lr: 1.000e-02, eta: 0:20:17, time: 0.747, data_time: 0.012, memory: 11883, loss_rpn_cls: 0.0022, loss_rpn_bbox: 0.0317, loss_cls: 0.0266, acc: 98.8535, loss_bbox: 0.0695, loss: 0.1301
2020-11-23 22:45:11,887 - mmdet - INFO - Epoch [2][300/615]	lr: 1.000e-02, eta: 0:19:04, time: 0.748, data_time: 0.012, memory: 11883, loss_rpn_cls: 0.0025, loss_rpn_bbox: 0.0273, loss_cls: 0.0324, acc: 98.5645, loss_bbox: 0.0704, loss: 0.1326
2020-11-23 22:46:26,619 - mmdet - INFO - Epoch [2][400/615]	lr: 1.000e-02, eta: 0:17:51, time: 0.747, data_time: 0.012, memory: 11883, loss_rpn_cls: 0.0029, loss_rpn_bbox: 0.0307, loss_cls: 0.0305, acc: 98.7520, loss_bbox: 0.0735, loss: 0.1376
2020-11-23 22:47:41,492 - mmdet - INFO - Epoch [2][500/615]	lr: 1.000e-02, eta: 0:16:38, time: 0.749, data_time: 0.012, memory: 11883, loss_rpn_cls: 0.0022, loss_rpn_bbox: 0.0297, loss_cls: 0.0281, acc: 98.7812, loss_bbox: 0.0714, loss: 0.1314
2020-11-23 22:48:55,846 - mmdet - INFO - Epoch [2][600/615]	lr: 1.000e-02, eta: 0:15:24, time: 0.744, data_time: 0.012, memory: 11883, loss_rpn_cls: 0.0046, loss_rpn_bbox: 0.0311, loss_cls: 0.0338, acc: 98.6367, loss_bbox: 0.0747, loss: 0.1443
2020-11-23 22:49:33,615 - mmdet - INFO - Evaluating bbox...
2020-11-23 22:49:35,807 - mmdet - INFO - Epoch [2][615/615]	lr: 1.000e-02, bbox_mAP: 0.8400, bbox_mAP_50: 0.8990, bbox_mAP_75: 0.8890, bbox_mAP_s: 0.5770, bbox_mAP_m: 0.8730, bbox_mAP_l: 0.9160, bbox_mAP_copypaste: 0.840 0.899 0.889 0.577 0.873 0.916
2020-11-23 22:50:08,910 - mmdet - INFO - Epoch(train) [2][83]	loss_rpn_cls: 0.0033, loss_rpn_bbox: 0.0323, loss_cls: 0.0306, acc: 98.7328, loss_bbox: 0.0720, loss: 0.1382
2020-11-23 22:51:26,093 - mmdet - INFO - Epoch [3][100/615]	lr: 1.000e-02, eta: 0:13:51, time: 0.770, data_time: 0.033, memory: 11883, loss_rpn_cls: 0.0034, loss_rpn_bbox: 0.0341, loss_cls: 0.0377, acc: 98.3604, loss_bbox: 0.0852, loss: 0.1605
2020-11-23 22:52:40,544 - mmdet - INFO - Epoch [3][200/615]	lr: 1.000e-02, eta: 0:12:38, time: 0.744, data_time: 0.012, memory: 11883, loss_rpn_cls: 0.0019, loss_rpn_bbox: 0.0296, loss_cls: 0.0317, acc: 98.6211, loss_bbox: 0.0708, loss: 0.1341
2020-11-23 22:53:55,421 - mmdet - INFO - Epoch [3][300/615]	lr: 1.000e-02, eta: 0:11:25, time: 0.749, data_time: 0.012, memory: 11883, loss_rpn_cls: 0.0017, loss_rpn_bbox: 0.0277, loss_cls: 0.0265, acc: 98.8916, loss_bbox: 0.0708, loss: 0.1268
2020-11-23 22:55:10,211 - mmdet - INFO - Epoch [3][400/615]	lr: 1.000e-02, eta: 0:10:12, time: 0.748, data_time: 0.012, memory: 11883, loss_rpn_cls: 0.0017, loss_rpn_bbox: 0.0273, loss_cls: 0.0269, acc: 98.9102, loss_bbox: 0.0684, loss: 0.1243
2020-11-23 22:56:25,035 - mmdet - INFO - Epoch [3][500/615]	lr: 1.000e-02, eta: 0:08:59, time: 0.748, data_time: 0.012, memory: 11883, loss_rpn_cls: 0.0025, loss_rpn_bbox: 0.0316, loss_cls: 0.0320, acc: 98.6543, loss_bbox: 0.0743, loss: 0.1405
2020-11-23 22:57:39,724 - mmdet - INFO - Epoch [3][600/615]	lr: 1.000e-02, eta: 0:07:45, time: 0.747, data_time: 0.012, memory: 11883, loss_rpn_cls: 0.0023, loss_rpn_bbox: 0.0317, loss_cls: 0.0276, acc: 98.8154, loss_bbox: 0.0664, loss: 0.1280
2020-11-23 22:58:17,536 - mmdet - INFO - Evaluating bbox...
2020-11-23 22:58:19,891 - mmdet - INFO - Epoch [3][615/615]	lr: 1.000e-02, bbox_mAP: 0.8250, bbox_mAP_50: 0.8880, bbox_mAP_75: 0.8780, bbox_mAP_s: 0.5520, bbox_mAP_m: 0.8760, bbox_mAP_l: 0.8960, bbox_mAP_copypaste: 0.825 0.888 0.878 0.552 0.876 0.896
2020-11-23 22:59:37,015 - mmdet - INFO - Epoch [4][100/615]	lr: 1.000e-02, eta: 0:06:18, time: 0.769, data_time: 0.033, memory: 11908, loss_rpn_cls: 0.0030, loss_rpn_bbox: 0.0297, loss_cls: 0.0292, acc: 98.7822, loss_bbox: 0.0687, loss: 0.1306
2020-11-23 23:00:51,810 - mmdet - INFO - Epoch [4][200/615]	lr: 1.000e-02, eta: 0:05:05, time: 0.748, data_time: 0.012, memory: 11908, loss_rpn_cls: 0.0024, loss_rpn_bbox: 0.0303, loss_cls: 0.0292, acc: 98.7529, loss_bbox: 0.0751, loss: 0.1370
2020-11-23 23:02:06,392 - mmdet - INFO - Epoch [4][300/615]	lr: 1.000e-02, eta: 0:03:51, time: 0.746, data_time: 0.012, memory: 11908, loss_rpn_cls: 0.0030, loss_rpn_bbox: 0.0309, loss_cls: 0.0339, acc: 98.5215, loss_bbox: 0.0771, loss: 0.1449
2020-11-23 23:03:20,967 - mmdet - INFO - Epoch [4][400/615]	lr: 1.000e-02, eta: 0:02:38, time: 0.746, data_time: 0.012, memory: 11908, loss_rpn_cls: 0.0021, loss_rpn_bbox: 0.0277, loss_cls: 0.0240, acc: 99.0039, loss_bbox: 0.0642, loss: 0.1180
2020-11-23 23:04:35,626 - mmdet - INFO - Epoch [4][500/615]	lr: 1.000e-02, eta: 0:01:24, time: 0.747, data_time: 0.012, memory: 11908, loss_rpn_cls: 0.0037, loss_rpn_bbox: 0.0309, loss_cls: 0.0308, acc: 98.6738, loss_bbox: 0.0711, loss: 0.1366
2020-11-23 23:05:50,758 - mmdet - INFO - Epoch [4][600/615]	lr: 1.000e-02, eta: 0:00:11, time: 0.751, data_time: 0.012, memory: 11908, loss_rpn_cls: 0.0028, loss_rpn_bbox: 0.0311, loss_cls: 0.0326, acc: 98.6221, loss_bbox: 0.0801, loss: 0.1467
2020-11-23 23:06:01,891 - mmdet - INFO - Saving checkpoint at 4 epochs
2020-11-23 23:06:30,398 - mmdet - INFO - Evaluating bbox...
2020-11-23 23:06:32,557 - mmdet - INFO - Epoch [4][615/615]	lr: 1.000e-02, bbox_mAP: 0.8390, bbox_mAP_50: 0.8950, bbox_mAP_75: 0.8890, bbox_mAP_s: 0.5670, bbox_mAP_m: 0.8770, bbox_mAP_l: 0.9150, bbox_mAP_copypaste: 0.839 0.895 0.889 0.567 0.877 0.915
2020-11-23 23:07:05,646 - mmdet - INFO - Epoch(train) [4][83]	loss_rpn_cls: 0.0036, loss_rpn_bbox: 0.0308, loss_cls: 0.0303, acc: 98.7481, loss_bbox: 0.0708, loss: 0.1355
