2020-11-22 18:57:09,588 - mmdet - INFO - Environment info:
------------------------------------------------------------
sys.platform: linux
Python: 3.6.4 |Anaconda, Inc.| (default, Jan 16 2018, 18:10:19) [GCC 7.2.0]
CUDA available: True
CUDA_HOME: /usr/local/cuda
NVCC: Cuda compilation tools, release 10.0, V10.0.130
GPU 0: Tesla P100-PCIE-16GB
GCC: gcc (GCC) 5.3.0
PyTorch: 1.3.1+cu100
PyTorch compiling details: PyTorch built with:
  - GCC 7.3
  - Intel(R) Math Kernel Library Version 2019.0.4 Product Build 20190411 for Intel(R) 64 architecture applications
  - Intel(R) MKL-DNN v0.20.5 (Git Hash 0125f28c61c1f822fd48570b4c1066f96fcb9b2e)
  - OpenMP 201511 (a.k.a. OpenMP 4.5)
  - NNPACK is enabled
  - CUDA Runtime 10.0
  - NVCC architecture flags: -gencode;arch=compute_37,code=sm_37;-gencode;arch=compute_50,code=sm_50;-gencode;arch=compute_60,code=sm_60;-gencode;arch=compute_61,code=sm_61;-gencode;arch=compute_70,code=sm_70;-gencode;arch=compute_75,code=sm_75;-gencode;arch=compute_37,code=compute_37
  - CuDNN 7.6.3
  - Magma 2.5.1
  - Build settings: BLAS=MKL, BUILD_NAMEDTENSOR=OFF, BUILD_TYPE=Release, CXX_FLAGS= -Wno-deprecated -fvisibility-inlines-hidden -fopenmp -DUSE_FBGEMM -DUSE_QNNPACK -DUSE_PYTORCH_QNNPACK -O2 -fPIC -Wno-narrowing -Wall -Wextra -Wno-missing-field-initializers -Wno-type-limits -Wno-array-bounds -Wno-unknown-pragmas -Wno-sign-compare -Wno-unused-parameter -Wno-unused-variable -Wno-unused-function -Wno-unused-result -Wno-strict-overflow -Wno-strict-aliasing -Wno-error=deprecated-declarations -Wno-stringop-overflow -Wno-error=pedantic -Wno-error=redundant-decls -Wno-error=old-style-cast -fdiagnostics-color=always -faligned-new -Wno-unused-but-set-variable -Wno-maybe-uninitialized -fno-math-errno -fno-trapping-math -Wno-stringop-overflow, DISABLE_NUMA=1, PERF_WITH_AVX=1, PERF_WITH_AVX2=1, PERF_WITH_AVX512=1, USE_CUDA=True, USE_EXCEPTION_PTR=1, USE_GFLAGS=OFF, USE_GLOG=OFF, USE_MKL=ON, USE_MKLDNN=ON, USE_MPI=OFF, USE_NCCL=ON, USE_NNPACK=ON, USE_OPENMP=ON, USE_STATIC_DISPATCH=OFF, 

TorchVision: 0.4.2+cu100
OpenCV: 4.4.0
MMCV: 1.0.5
MMDetection: 2.3.0+788fa8d
MMDetection Compiler: GCC 7.3
MMDetection CUDA Compiler: 10.0
------------------------------------------------------------

2020-11-22 18:57:09,588 - mmdet - INFO - Distributed training: False
2020-11-22 18:57:09,982 - mmdet - INFO - Config:
model = dict(
    type='FasterRCNN',
    pretrained='torchvision://resnet50',
    backbone=dict(
        type='ResNet',
        depth=50,
        num_stages=4,
        out_indices=(0, 1, 2, 3),
        frozen_stages=1,
        norm_cfg=dict(type='BN', requires_grad=True),
        norm_eval=True,
        style='pytorch'),
    neck=dict(
        type='FPN',
        in_channels=[256, 512, 1024, 2048],
        out_channels=256,
        num_outs=5),
    rpn_head=dict(
        type='RPNHead',
        in_channels=256,
        feat_channels=256,
        anchor_generator=dict(
            type='AnchorGenerator',
            scales=[8],
            ratios=[0.5, 1.0, 2.0],
            strides=[4, 8, 16, 32, 64]),
        bbox_coder=dict(
            type='DeltaXYWHBBoxCoder',
            target_means=[0.0, 0.0, 0.0, 0.0],
            target_stds=[1.0, 1.0, 1.0, 1.0]),
        loss_cls=dict(
            type='CrossEntropyLoss', use_sigmoid=True, loss_weight=1.0),
        loss_bbox=dict(type='L1Loss', loss_weight=1.0)),
    roi_head=dict(
        type='StandardRoIHead',
        bbox_roi_extractor=dict(
            type='SingleRoIExtractor',
            roi_layer=dict(type='RoIAlign', output_size=7, sampling_ratio=0),
            out_channels=256,
            featmap_strides=[4, 8, 16, 32]),
        bbox_head=dict(
            type='Shared2FCBBoxHead',
            in_channels=256,
            fc_out_channels=1024,
            roi_feat_size=7,
            num_classes=2,
            bbox_coder=dict(
                type='DeltaXYWHBBoxCoder',
                target_means=[0.0, 0.0, 0.0, 0.0],
                target_stds=[0.1, 0.1, 0.2, 0.2]),
            reg_class_agnostic=False,
            loss_cls=dict(
                type='CrossEntropyLoss', use_sigmoid=False, loss_weight=1.0),
            loss_bbox=dict(type='L1Loss', loss_weight=1.0))))
train_cfg = dict(
    rpn=dict(
        assigner=dict(
            type='MaxIoUAssigner',
            pos_iou_thr=0.7,
            neg_iou_thr=0.3,
            min_pos_iou=0.3,
            match_low_quality=True,
            ignore_iof_thr=-1),
        sampler=dict(
            type='RandomSampler',
            num=256,
            pos_fraction=0.5,
            neg_pos_ub=-1,
            add_gt_as_proposals=False),
        allowed_border=-1,
        pos_weight=-1,
        debug=False),
    rpn_proposal=dict(
        nms_across_levels=False,
        nms_pre=2000,
        nms_post=1000,
        max_num=1000,
        nms_thr=0.7,
        min_bbox_size=0),
    rcnn=dict(
        assigner=dict(
            type='MaxIoUAssigner',
            pos_iou_thr=0.5,
            neg_iou_thr=0.5,
            min_pos_iou=0.5,
            match_low_quality=False,
            ignore_iof_thr=-1),
        sampler=dict(
            type='RandomSampler',
            num=512,
            pos_fraction=0.25,
            neg_pos_ub=-1,
            add_gt_as_proposals=True),
        pos_weight=-1,
        debug=False))
test_cfg = dict(
    rpn=dict(
        nms_across_levels=False,
        nms_pre=1000,
        nms_post=1000,
        max_num=1000,
        nms_thr=0.7,
        min_bbox_size=0),
    rcnn=dict(
        score_thr=0.05,
        nms=dict(type='nms', iou_threshold=0.5),
        max_per_img=100))
dataset_type = 'CocoDataset'
data_root = 'data/coco/'
img_norm_cfg = dict(
    mean=[123.675, 116.28, 103.53], std=[58.395, 57.12, 57.375], to_rgb=True)
train_pipeline = [
    dict(type='LoadImageFromFile'),
    dict(type='LoadAnnotations', with_bbox=True),
    dict(type='Resize', img_scale=(1550, 1550), keep_ratio=True),
    dict(type='RandomFlip', flip_ratio=0.5),
    dict(
        type='Normalize',
        mean=[123.675, 116.28, 103.53],
        std=[58.395, 57.12, 57.375],
        to_rgb=True),
    dict(type='Pad', size_divisor=32),
    dict(type='DefaultFormatBundle'),
    dict(type='Collect', keys=['img', 'gt_bboxes', 'gt_labels'])
]
test_pipeline = [
    dict(type='LoadImageFromFile'),
    dict(
        type='MultiScaleFlipAug',
        img_scale=(1550, 1550),
        flip=False,
        transforms=[
            dict(type='Resize', keep_ratio=True),
            dict(type='RandomFlip'),
            dict(
                type='Normalize',
                mean=[123.675, 116.28, 103.53],
                std=[58.395, 57.12, 57.375],
                to_rgb=True),
            dict(type='Pad', size_divisor=32),
            dict(type='ImageToTensor', keys=['img']),
            dict(type='Collect', keys=['img'])
        ])
]
data = dict(
    samples_per_gpu=2,
    workers_per_gpu=2,
    train=dict(
        type='CocoDataset',
        ann_file='data/coco/annotations/annotations_trai.json',
        img_prefix='data/coco/img/',
        pipeline=[
            dict(type='LoadImageFromFile'),
            dict(type='LoadAnnotations', with_bbox=True),
            dict(type='Resize', img_scale=(1550, 1550), keep_ratio=True),
            dict(type='RandomFlip', flip_ratio=0.5),
            dict(
                type='Normalize',
                mean=[123.675, 116.28, 103.53],
                std=[58.395, 57.12, 57.375],
                to_rgb=True),
            dict(type='Pad', size_divisor=32),
            dict(type='DefaultFormatBundle'),
            dict(type='Collect', keys=['img', 'gt_bboxes', 'gt_labels'])
        ]),
    val=dict(
        type='CocoDataset',
        ann_file='data/coco/annotations/annotations_test.json',
        img_prefix='data/coco/img/',
        pipeline=[
            dict(type='LoadImageFromFile'),
            dict(
                type='MultiScaleFlipAug',
                img_scale=(1550, 1550),
                flip=False,
                transforms=[
                    dict(type='Resize', keep_ratio=True),
                    dict(type='RandomFlip'),
                    dict(
                        type='Normalize',
                        mean=[123.675, 116.28, 103.53],
                        std=[58.395, 57.12, 57.375],
                        to_rgb=True),
                    dict(type='Pad', size_divisor=32),
                    dict(type='ImageToTensor', keys=['img']),
                    dict(type='Collect', keys=['img'])
                ])
        ]),
    test=dict(
        type='CocoDataset',
        ann_file='data/coco/annotations/annotations_vals.json',
        img_prefix='data/coco/img/',
        pipeline=[
            dict(type='LoadImageFromFile'),
            dict(
                type='MultiScaleFlipAug',
                img_scale=(1550, 1550),
                flip=False,
                transforms=[
                    dict(type='Resize', keep_ratio=True),
                    dict(type='RandomFlip'),
                    dict(
                        type='Normalize',
                        mean=[123.675, 116.28, 103.53],
                        std=[58.395, 57.12, 57.375],
                        to_rgb=True),
                    dict(type='Pad', size_divisor=32),
                    dict(type='ImageToTensor', keys=['img']),
                    dict(type='Collect', keys=['img'])
                ])
        ]))
evaluation = dict(interval=1, metric='bbox')
optimizer = dict(type='SGD', lr=0.01, momentum=0.9, weight_decay=0.0001)
optimizer_config = dict(grad_clip=None)
lr_config = dict(
    policy='step',
    warmup='linear',
    warmup_iters=500,
    warmup_ratio=0.001,
    step=[8, 11])
total_epochs = 4
checkpoint_config = dict(interval=4)
log_config = dict(interval=100, hooks=[dict(type='TextLoggerHook')])
dist_params = dict(backend='nccl')
log_level = 'INFO'
load_from = '/home/admin/.cache/torch/checkpoints/X.pth'
resume_from = None
workflow = [('train', 2), ('val', 1)]
work_dir = '/home/admin/jupyter/SecurityAI_Round5/data/work'
gpu_ids = range(0, 1)

2020-11-22 18:57:10,488 - mmdet - INFO - load model from: torchvision://resnet50
2020-11-22 18:57:18,632 - mmdet - WARNING - The model and loaded state dict do not match exactly

unexpected key in source state_dict: fc.weight, fc.bias

2020-11-22 18:57:29,160 - mmdet - INFO - load checkpoint from /home/admin/.cache/torch/checkpoints/X.pth
2020-11-22 18:57:35,977 - mmdet - INFO - Start running, host: admin@fuxilabor_labor0_S4_Odps_S96_dsw_prepaid_cnsh_838_2020112209220, work_dir: /home/admin/jupyter/SecurityAI_Round5/data/work
2020-11-22 18:57:35,977 - mmdet - INFO - workflow: [('train', 2), ('val', 1)], max: 4 epochs
2020-11-22 18:58:53,291 - mmdet - INFO - Epoch [1][100/613]	lr: 1.988e-03, eta: 0:30:13, time: 0.771, data_time: 0.034, memory: 8728, loss_rpn_cls: 0.0032, loss_rpn_bbox: 0.0262, loss_cls: 0.0312, acc: 98.7383, loss_bbox: 0.0699, loss: 0.1304
2020-11-22 19:00:08,082 - mmdet - INFO - Epoch [1][200/613]	lr: 3.986e-03, eta: 0:28:30, time: 0.748, data_time: 0.012, memory: 9821, loss_rpn_cls: 0.0026, loss_rpn_bbox: 0.0259, loss_cls: 0.0325, acc: 98.5879, loss_bbox: 0.0676, loss: 0.1287
2020-11-22 19:01:22,838 - mmdet - INFO - Epoch [1][300/613]	lr: 5.984e-03, eta: 0:27:05, time: 0.748, data_time: 0.012, memory: 9821, loss_rpn_cls: 0.0023, loss_rpn_bbox: 0.0242, loss_cls: 0.0267, acc: 98.8828, loss_bbox: 0.0637, loss: 0.1169
2020-11-22 19:02:37,865 - mmdet - INFO - Epoch [1][400/613]	lr: 7.982e-03, eta: 0:25:47, time: 0.750, data_time: 0.012, memory: 11886, loss_rpn_cls: 0.0025, loss_rpn_bbox: 0.0254, loss_cls: 0.0253, acc: 98.9805, loss_bbox: 0.0658, loss: 0.1191
2020-11-22 19:03:52,696 - mmdet - INFO - Epoch [1][500/613]	lr: 9.980e-03, eta: 0:24:29, time: 0.748, data_time: 0.012, memory: 11886, loss_rpn_cls: 0.0020, loss_rpn_bbox: 0.0291, loss_cls: 0.0295, acc: 98.7520, loss_bbox: 0.0728, loss: 0.1335
2020-11-22 19:05:07,275 - mmdet - INFO - Epoch [1][600/613]	lr: 1.000e-02, eta: 0:23:12, time: 0.746, data_time: 0.012, memory: 11886, loss_rpn_cls: 0.0025, loss_rpn_bbox: 0.0282, loss_cls: 0.0346, acc: 98.5391, loss_bbox: 0.0748, loss: 0.1402
2020-11-22 19:05:42,388 - mmdet - INFO - Evaluating bbox...
2020-11-22 19:05:44,510 - mmdet - INFO - Epoch [1][613/613]	lr: 1.000e-02, bbox_mAP: 0.8520, bbox_mAP_50: 0.9100, bbox_mAP_75: 0.9050, bbox_mAP_s: 0.6290, bbox_mAP_m: 0.8990, bbox_mAP_l: 0.9090, bbox_mAP_copypaste: 0.852 0.910 0.905 0.629 0.899 0.909
2020-11-22 19:07:01,992 - mmdet - INFO - Epoch [2][100/613]	lr: 1.000e-02, eta: 0:21:28, time: 0.773, data_time: 0.033, memory: 11886, loss_rpn_cls: 0.0033, loss_rpn_bbox: 0.0316, loss_cls: 0.0309, acc: 98.6787, loss_bbox: 0.0730, loss: 0.1387
2020-11-22 19:08:16,640 - mmdet - INFO - Epoch [2][200/613]	lr: 1.000e-02, eta: 0:20:15, time: 0.746, data_time: 0.012, memory: 11886, loss_rpn_cls: 0.0019, loss_rpn_bbox: 0.0299, loss_cls: 0.0264, acc: 98.9248, loss_bbox: 0.0691, loss: 0.1273
2020-11-22 19:09:31,689 - mmdet - INFO - Epoch [2][300/613]	lr: 1.000e-02, eta: 0:19:03, time: 0.750, data_time: 0.012, memory: 11886, loss_rpn_cls: 0.0025, loss_rpn_bbox: 0.0315, loss_cls: 0.0307, acc: 98.7139, loss_bbox: 0.0766, loss: 0.1413
2020-11-22 19:10:46,573 - mmdet - INFO - Epoch [2][400/613]	lr: 1.000e-02, eta: 0:17:49, time: 0.749, data_time: 0.012, memory: 11886, loss_rpn_cls: 0.0026, loss_rpn_bbox: 0.0297, loss_cls: 0.0335, acc: 98.6377, loss_bbox: 0.0751, loss: 0.1409
2020-11-22 19:12:01,429 - mmdet - INFO - Epoch [2][500/613]	lr: 1.000e-02, eta: 0:16:35, time: 0.749, data_time: 0.012, memory: 11886, loss_rpn_cls: 0.0032, loss_rpn_bbox: 0.0323, loss_cls: 0.0401, acc: 98.2490, loss_bbox: 0.0773, loss: 0.1529
2020-11-22 19:13:16,067 - mmdet - INFO - Epoch [2][600/613]	lr: 1.000e-02, eta: 0:15:21, time: 0.746, data_time: 0.012, memory: 11886, loss_rpn_cls: 0.0035, loss_rpn_bbox: 0.0320, loss_cls: 0.0405, acc: 98.3584, loss_bbox: 0.0784, loss: 0.1544
2020-11-22 19:13:51,359 - mmdet - INFO - Evaluating bbox...
2020-11-22 19:13:53,643 - mmdet - INFO - Epoch [2][613/613]	lr: 1.000e-02, bbox_mAP: 0.8310, bbox_mAP_50: 0.9020, bbox_mAP_75: 0.8860, bbox_mAP_s: 0.6010, bbox_mAP_m: 0.8460, bbox_mAP_l: 0.8850, bbox_mAP_copypaste: 0.831 0.902 0.886 0.601 0.846 0.885
2020-11-22 19:14:25,419 - mmdet - INFO - Epoch(train) [2][79]	loss_rpn_cls: 0.0045, loss_rpn_bbox: 0.0385, loss_cls: 0.0489, acc: 97.9789, loss_bbox: 0.0993, loss: 0.1912
2020-11-22 19:15:42,526 - mmdet - INFO - Epoch [3][100/613]	lr: 1.000e-02, eta: 0:13:51, time: 0.769, data_time: 0.033, memory: 11886, loss_rpn_cls: 0.0044, loss_rpn_bbox: 0.0330, loss_cls: 0.0422, acc: 98.2754, loss_bbox: 0.0847, loss: 0.1643
2020-11-22 19:16:57,284 - mmdet - INFO - Epoch [3][200/613]	lr: 1.000e-02, eta: 0:12:38, time: 0.748, data_time: 0.012, memory: 11912, loss_rpn_cls: 0.0046, loss_rpn_bbox: 0.0352, loss_cls: 0.0350, acc: 98.5986, loss_bbox: 0.0813, loss: 0.1561
2020-11-22 19:18:12,073 - mmdet - INFO - Epoch [3][300/613]	lr: 1.000e-02, eta: 0:11:25, time: 0.748, data_time: 0.012, memory: 11912, loss_rpn_cls: 0.0029, loss_rpn_bbox: 0.0350, loss_cls: 0.0350, acc: 98.4912, loss_bbox: 0.0786, loss: 0.1514
2020-11-22 19:19:27,186 - mmdet - INFO - Epoch [3][400/613]	lr: 1.000e-02, eta: 0:10:11, time: 0.751, data_time: 0.012, memory: 11912, loss_rpn_cls: 0.0030, loss_rpn_bbox: 0.0321, loss_cls: 0.0363, acc: 98.5098, loss_bbox: 0.0843, loss: 0.1557
2020-11-22 19:20:42,159 - mmdet - INFO - Epoch [3][500/613]	lr: 1.000e-02, eta: 0:08:57, time: 0.750, data_time: 0.012, memory: 11912, loss_rpn_cls: 0.0039, loss_rpn_bbox: 0.0352, loss_cls: 0.0371, acc: 98.5166, loss_bbox: 0.0802, loss: 0.1564
2020-11-22 19:21:57,115 - mmdet - INFO - Epoch [3][600/613]	lr: 1.000e-02, eta: 0:07:44, time: 0.750, data_time: 0.012, memory: 11912, loss_rpn_cls: 0.0033, loss_rpn_bbox: 0.0325, loss_cls: 0.0366, acc: 98.4307, loss_bbox: 0.0838, loss: 0.1562
2020-11-22 19:22:32,136 - mmdet - INFO - Evaluating bbox...
2020-11-22 19:22:34,282 - mmdet - INFO - Epoch [3][613/613]	lr: 1.000e-02, bbox_mAP: 0.8430, bbox_mAP_50: 0.9050, bbox_mAP_75: 0.8950, bbox_mAP_s: 0.6250, bbox_mAP_m: 0.8830, bbox_mAP_l: 0.8970, bbox_mAP_copypaste: 0.843 0.905 0.895 0.625 0.883 0.897
2020-11-22 19:23:51,866 - mmdet - INFO - Epoch [4][100/613]	lr: 1.000e-02, eta: 0:06:18, time: 0.774, data_time: 0.033, memory: 11912, loss_rpn_cls: 0.0025, loss_rpn_bbox: 0.0314, loss_cls: 0.0394, acc: 98.3701, loss_bbox: 0.0885, loss: 0.1618
2020-11-22 19:25:06,726 - mmdet - INFO - Epoch [4][200/613]	lr: 1.000e-02, eta: 0:05:05, time: 0.749, data_time: 0.012, memory: 11912, loss_rpn_cls: 0.0026, loss_rpn_bbox: 0.0315, loss_cls: 0.0283, acc: 98.7891, loss_bbox: 0.0719, loss: 0.1343
2020-11-22 19:26:21,517 - mmdet - INFO - Epoch [4][300/613]	lr: 1.000e-02, eta: 0:03:51, time: 0.748, data_time: 0.012, memory: 11912, loss_rpn_cls: 0.0033, loss_rpn_bbox: 0.0332, loss_cls: 0.0347, acc: 98.5996, loss_bbox: 0.0790, loss: 0.1502
2020-11-22 19:27:36,478 - mmdet - INFO - Epoch [4][400/613]	lr: 1.000e-02, eta: 0:02:37, time: 0.750, data_time: 0.012, memory: 11912, loss_rpn_cls: 0.0026, loss_rpn_bbox: 0.0333, loss_cls: 0.0362, acc: 98.4346, loss_bbox: 0.0802, loss: 0.1523
2020-11-22 19:28:51,401 - mmdet - INFO - Epoch [4][500/613]	lr: 1.000e-02, eta: 0:01:23, time: 0.749, data_time: 0.012, memory: 11912, loss_rpn_cls: 0.0038, loss_rpn_bbox: 0.0333, loss_cls: 0.0404, acc: 98.3760, loss_bbox: 0.0792, loss: 0.1567
2020-11-22 19:30:06,256 - mmdet - INFO - Epoch [4][600/613]	lr: 1.000e-02, eta: 0:00:09, time: 0.749, data_time: 0.012, memory: 11912, loss_rpn_cls: 0.0036, loss_rpn_bbox: 0.0332, loss_cls: 0.0416, acc: 98.2617, loss_bbox: 0.0862, loss: 0.1646
2020-11-22 19:30:15,854 - mmdet - INFO - Saving checkpoint at 4 epochs
2020-11-22 19:30:43,194 - mmdet - INFO - Evaluating bbox...
2020-11-22 19:30:45,342 - mmdet - INFO - Epoch [4][613/613]	lr: 1.000e-02, bbox_mAP: 0.8370, bbox_mAP_50: 0.9000, bbox_mAP_75: 0.8940, bbox_mAP_s: 0.6140, bbox_mAP_m: 0.8750, bbox_mAP_l: 0.8920, bbox_mAP_copypaste: 0.837 0.900 0.894 0.614 0.875 0.892
2020-11-22 19:31:17,062 - mmdet - INFO - Epoch(train) [4][79]	loss_rpn_cls: 0.0031, loss_rpn_bbox: 0.0326, loss_cls: 0.0358, acc: 98.5005, loss_bbox: 0.0806, loss: 0.1521
