2020-11-25 00:04:41,768 - mmdet - INFO - Environment info:
------------------------------------------------------------
sys.platform: linux
Python: 3.6.4 |Anaconda, Inc.| (default, Jan 16 2018, 18:10:19) [GCC 7.2.0]
CUDA available: True
CUDA_HOME: /usr/local/cuda
NVCC: Cuda compilation tools, release 10.0, V10.0.130
GPU 0: Tesla P100-PCIE-16GB
GCC: gcc (GCC) 5.3.0
PyTorch: 1.3.1+cu100
PyTorch compiling details: PyTorch built with:
  - GCC 7.3
  - Intel(R) Math Kernel Library Version 2019.0.4 Product Build 20190411 for Intel(R) 64 architecture applications
  - Intel(R) MKL-DNN v0.20.5 (Git Hash 0125f28c61c1f822fd48570b4c1066f96fcb9b2e)
  - OpenMP 201511 (a.k.a. OpenMP 4.5)
  - NNPACK is enabled
  - CUDA Runtime 10.0
  - NVCC architecture flags: -gencode;arch=compute_37,code=sm_37;-gencode;arch=compute_50,code=sm_50;-gencode;arch=compute_60,code=sm_60;-gencode;arch=compute_61,code=sm_61;-gencode;arch=compute_70,code=sm_70;-gencode;arch=compute_75,code=sm_75;-gencode;arch=compute_37,code=compute_37
  - CuDNN 7.6.3
  - Magma 2.5.1
  - Build settings: BLAS=MKL, BUILD_NAMEDTENSOR=OFF, BUILD_TYPE=Release, CXX_FLAGS= -Wno-deprecated -fvisibility-inlines-hidden -fopenmp -DUSE_FBGEMM -DUSE_QNNPACK -DUSE_PYTORCH_QNNPACK -O2 -fPIC -Wno-narrowing -Wall -Wextra -Wno-missing-field-initializers -Wno-type-limits -Wno-array-bounds -Wno-unknown-pragmas -Wno-sign-compare -Wno-unused-parameter -Wno-unused-variable -Wno-unused-function -Wno-unused-result -Wno-strict-overflow -Wno-strict-aliasing -Wno-error=deprecated-declarations -Wno-stringop-overflow -Wno-error=pedantic -Wno-error=redundant-decls -Wno-error=old-style-cast -fdiagnostics-color=always -faligned-new -Wno-unused-but-set-variable -Wno-maybe-uninitialized -fno-math-errno -fno-trapping-math -Wno-stringop-overflow, DISABLE_NUMA=1, PERF_WITH_AVX=1, PERF_WITH_AVX2=1, PERF_WITH_AVX512=1, USE_CUDA=True, USE_EXCEPTION_PTR=1, USE_GFLAGS=OFF, USE_GLOG=OFF, USE_MKL=ON, USE_MKLDNN=ON, USE_MPI=OFF, USE_NCCL=ON, USE_NNPACK=ON, USE_OPENMP=ON, USE_STATIC_DISPATCH=OFF, 

TorchVision: 0.4.2+cu100
OpenCV: 4.4.0
MMCV: 1.0.5
MMDetection: 2.3.0+788fa8d
MMDetection Compiler: GCC 7.3
MMDetection CUDA Compiler: 10.0
------------------------------------------------------------

2020-11-25 00:04:41,769 - mmdet - INFO - Distributed training: False
2020-11-25 00:04:42,170 - mmdet - INFO - Config:
model = dict(
    type='FasterRCNN',
    pretrained='torchvision://resnet50',
    backbone=dict(
        type='ResNet',
        depth=50,
        num_stages=4,
        out_indices=(0, 1, 2, 3),
        frozen_stages=1,
        norm_cfg=dict(type='BN', requires_grad=True),
        norm_eval=True,
        style='pytorch'),
    neck=dict(
        type='FPN',
        in_channels=[256, 512, 1024, 2048],
        out_channels=256,
        num_outs=5),
    rpn_head=dict(
        type='RPNHead',
        in_channels=256,
        feat_channels=256,
        anchor_generator=dict(
            type='AnchorGenerator',
            scales=[8],
            ratios=[0.5, 1.0, 2.0],
            strides=[4, 8, 16, 32, 64]),
        bbox_coder=dict(
            type='DeltaXYWHBBoxCoder',
            target_means=[0.0, 0.0, 0.0, 0.0],
            target_stds=[1.0, 1.0, 1.0, 1.0]),
        loss_cls=dict(
            type='CrossEntropyLoss', use_sigmoid=True, loss_weight=1.0),
        loss_bbox=dict(type='L1Loss', loss_weight=1.0)),
    roi_head=dict(
        type='StandardRoIHead',
        bbox_roi_extractor=dict(
            type='SingleRoIExtractor',
            roi_layer=dict(type='RoIAlign', output_size=7, sampling_ratio=0),
            out_channels=256,
            featmap_strides=[4, 8, 16, 32]),
        bbox_head=dict(
            type='Shared2FCBBoxHead',
            in_channels=256,
            fc_out_channels=1024,
            roi_feat_size=7,
            num_classes=2,
            bbox_coder=dict(
                type='DeltaXYWHBBoxCoder',
                target_means=[0.0, 0.0, 0.0, 0.0],
                target_stds=[0.1, 0.1, 0.2, 0.2]),
            reg_class_agnostic=False,
            loss_cls=dict(
                type='CrossEntropyLoss', use_sigmoid=False, loss_weight=1.0),
            loss_bbox=dict(type='L1Loss', loss_weight=1.0))))
train_cfg = dict(
    rpn=dict(
        assigner=dict(
            type='MaxIoUAssigner',
            pos_iou_thr=0.7,
            neg_iou_thr=0.3,
            min_pos_iou=0.3,
            match_low_quality=True,
            ignore_iof_thr=-1),
        sampler=dict(
            type='RandomSampler',
            num=256,
            pos_fraction=0.5,
            neg_pos_ub=-1,
            add_gt_as_proposals=False),
        allowed_border=-1,
        pos_weight=-1,
        debug=False),
    rpn_proposal=dict(
        nms_across_levels=False,
        nms_pre=2000,
        nms_post=1000,
        max_num=1000,
        nms_thr=0.7,
        min_bbox_size=0),
    rcnn=dict(
        assigner=dict(
            type='MaxIoUAssigner',
            pos_iou_thr=0.5,
            neg_iou_thr=0.5,
            min_pos_iou=0.5,
            match_low_quality=False,
            ignore_iof_thr=-1),
        sampler=dict(
            type='RandomSampler',
            num=512,
            pos_fraction=0.25,
            neg_pos_ub=-1,
            add_gt_as_proposals=True),
        pos_weight=-1,
        debug=False))
test_cfg = dict(
    rpn=dict(
        nms_across_levels=False,
        nms_pre=1000,
        nms_post=1000,
        max_num=1000,
        nms_thr=0.7,
        min_bbox_size=0),
    rcnn=dict(
        score_thr=0.05,
        nms=dict(type='nms', iou_threshold=0.5),
        max_per_img=100))
dataset_type = 'CocoDataset'
data_root = 'data/coco/'
img_norm_cfg = dict(
    mean=[123.675, 116.28, 103.53], std=[58.395, 57.12, 57.375], to_rgb=True)
train_pipeline = [
    dict(type='LoadImageFromFile'),
    dict(type='LoadAnnotations', with_bbox=True),
    dict(type='Resize', img_scale=(1550, 1550), keep_ratio=True),
    dict(type='RandomFlip', flip_ratio=0.5),
    dict(
        type='Normalize',
        mean=[123.675, 116.28, 103.53],
        std=[58.395, 57.12, 57.375],
        to_rgb=True),
    dict(type='Pad', size_divisor=32),
    dict(type='DefaultFormatBundle'),
    dict(type='Collect', keys=['img', 'gt_bboxes', 'gt_labels'])
]
test_pipeline = [
    dict(type='LoadImageFromFile'),
    dict(
        type='MultiScaleFlipAug',
        img_scale=(1550, 1550),
        flip=False,
        transforms=[
            dict(type='Resize', keep_ratio=True),
            dict(type='RandomFlip'),
            dict(
                type='Normalize',
                mean=[123.675, 116.28, 103.53],
                std=[58.395, 57.12, 57.375],
                to_rgb=True),
            dict(type='Pad', size_divisor=32),
            dict(type='ImageToTensor', keys=['img']),
            dict(type='Collect', keys=['img'])
        ])
]
data = dict(
    samples_per_gpu=2,
    workers_per_gpu=2,
    train=dict(
        type='CocoDataset',
        ann_file='data/coco/annotations/annotations_trai.json',
        img_prefix='data/coco/img/',
        pipeline=[
            dict(type='LoadImageFromFile'),
            dict(type='LoadAnnotations', with_bbox=True),
            dict(type='Resize', img_scale=(1550, 1550), keep_ratio=True),
            dict(type='RandomFlip', flip_ratio=0.5),
            dict(
                type='Normalize',
                mean=[123.675, 116.28, 103.53],
                std=[58.395, 57.12, 57.375],
                to_rgb=True),
            dict(type='Pad', size_divisor=32),
            dict(type='DefaultFormatBundle'),
            dict(type='Collect', keys=['img', 'gt_bboxes', 'gt_labels'])
        ]),
    val=dict(
        type='CocoDataset',
        ann_file='data/coco/annotations/annotations_test.json',
        img_prefix='data/coco/img/',
        pipeline=[
            dict(type='LoadImageFromFile'),
            dict(
                type='MultiScaleFlipAug',
                img_scale=(1550, 1550),
                flip=False,
                transforms=[
                    dict(type='Resize', keep_ratio=True),
                    dict(type='RandomFlip'),
                    dict(
                        type='Normalize',
                        mean=[123.675, 116.28, 103.53],
                        std=[58.395, 57.12, 57.375],
                        to_rgb=True),
                    dict(type='Pad', size_divisor=32),
                    dict(type='ImageToTensor', keys=['img']),
                    dict(type='Collect', keys=['img'])
                ])
        ]),
    test=dict(
        type='CocoDataset',
        ann_file='data/coco/annotations/annotations_vals.json',
        img_prefix='data/coco/img/',
        pipeline=[
            dict(type='LoadImageFromFile'),
            dict(
                type='MultiScaleFlipAug',
                img_scale=(1550, 1550),
                flip=False,
                transforms=[
                    dict(type='Resize', keep_ratio=True),
                    dict(type='RandomFlip'),
                    dict(
                        type='Normalize',
                        mean=[123.675, 116.28, 103.53],
                        std=[58.395, 57.12, 57.375],
                        to_rgb=True),
                    dict(type='Pad', size_divisor=32),
                    dict(type='ImageToTensor', keys=['img']),
                    dict(type='Collect', keys=['img'])
                ])
        ]))
evaluation = dict(interval=1, metric='bbox')
optimizer = dict(type='SGD', lr=0.01, momentum=0.9, weight_decay=0.0001)
optimizer_config = dict(grad_clip=None)
lr_config = dict(
    policy='step',
    warmup='linear',
    warmup_iters=500,
    warmup_ratio=0.001,
    step=[8, 11])
total_epochs = 4
checkpoint_config = dict(interval=4)
log_config = dict(interval=100, hooks=[dict(type='TextLoggerHook')])
dist_params = dict(backend='nccl')
log_level = 'INFO'
load_from = '/home/admin/.cache/torch/checkpoints/X.pth'
resume_from = None
workflow = [('train', 2), ('val', 1)]
work_dir = '/home/admin/jupyter/SecurityAI_Round5/data/work'
gpu_ids = range(0, 1)

2020-11-25 00:04:42,671 - mmdet - INFO - load model from: torchvision://resnet50
2020-11-25 00:04:50,596 - mmdet - WARNING - The model and loaded state dict do not match exactly

unexpected key in source state_dict: fc.weight, fc.bias

2020-11-25 00:05:00,885 - mmdet - INFO - load checkpoint from /home/admin/.cache/torch/checkpoints/X.pth
2020-11-25 00:05:07,666 - mmdet - INFO - Start running, host: admin@fuxilabor_labor0_S4_Odps_S95_dsw_prepaid_cnsh_838_2020112410550, work_dir: /home/admin/jupyter/SecurityAI_Round5/data/work
2020-11-25 00:05:07,666 - mmdet - INFO - workflow: [('train', 2), ('val', 1)], max: 4 epochs
2020-11-25 00:06:25,276 - mmdet - INFO - Epoch [1][100/623]	lr: 1.988e-03, eta: 0:30:51, time: 0.774, data_time: 0.033, memory: 10049, loss_rpn_cls: 0.0023, loss_rpn_bbox: 0.0244, loss_cls: 0.0295, acc: 98.7441, loss_bbox: 0.0632, loss: 0.1194
2020-11-25 00:07:40,410 - mmdet - INFO - Epoch [1][200/623]	lr: 3.986e-03, eta: 0:29:08, time: 0.751, data_time: 0.012, memory: 10049, loss_rpn_cls: 0.0018, loss_rpn_bbox: 0.0224, loss_cls: 0.0266, acc: 98.8740, loss_bbox: 0.0596, loss: 0.1104
2020-11-25 00:08:55,271 - mmdet - INFO - Epoch [1][300/623]	lr: 5.984e-03, eta: 0:27:41, time: 0.749, data_time: 0.012, memory: 10049, loss_rpn_cls: 0.0016, loss_rpn_bbox: 0.0206, loss_cls: 0.0257, acc: 98.9141, loss_bbox: 0.0566, loss: 0.1044
2020-11-25 00:10:10,228 - mmdet - INFO - Epoch [1][400/623]	lr: 7.982e-03, eta: 0:26:21, time: 0.750, data_time: 0.012, memory: 11910, loss_rpn_cls: 0.0020, loss_rpn_bbox: 0.0250, loss_cls: 0.0288, acc: 98.8008, loss_bbox: 0.0610, loss: 0.1168
2020-11-25 00:11:25,087 - mmdet - INFO - Epoch [1][500/623]	lr: 9.980e-03, eta: 0:25:02, time: 0.749, data_time: 0.012, memory: 11910, loss_rpn_cls: 0.0015, loss_rpn_bbox: 0.0252, loss_cls: 0.0259, acc: 98.8896, loss_bbox: 0.0620, loss: 0.1146
2020-11-25 00:12:39,766 - mmdet - INFO - Epoch [1][600/623]	lr: 1.000e-02, eta: 0:23:45, time: 0.747, data_time: 0.012, memory: 11910, loss_rpn_cls: 0.0019, loss_rpn_bbox: 0.0277, loss_cls: 0.0294, acc: 98.6797, loss_bbox: 0.0668, loss: 0.1259
2020-11-25 00:13:22,289 - mmdet - INFO - Evaluating bbox...
2020-11-25 00:13:24,051 - mmdet - INFO - Epoch [1][623/623]	lr: 1.000e-02, bbox_mAP: 0.8700, bbox_mAP_50: 0.9150, bbox_mAP_75: 0.9100, bbox_mAP_s: 0.6530, bbox_mAP_m: 0.9270, bbox_mAP_l: 0.9270, bbox_mAP_copypaste: 0.870 0.915 0.910 0.653 0.927 0.927
2020-11-25 00:14:41,176 - mmdet - INFO - Epoch [2][100/623]	lr: 1.000e-02, eta: 0:21:33, time: 0.769, data_time: 0.033, memory: 11910, loss_rpn_cls: 0.0017, loss_rpn_bbox: 0.0277, loss_cls: 0.0267, acc: 98.8740, loss_bbox: 0.0643, loss: 0.1203
2020-11-25 00:15:55,976 - mmdet - INFO - Epoch [2][200/623]	lr: 1.000e-02, eta: 0:20:24, time: 0.748, data_time: 0.012, memory: 11910, loss_rpn_cls: 0.0027, loss_rpn_bbox: 0.0282, loss_cls: 0.0299, acc: 98.6807, loss_bbox: 0.0647, loss: 0.1255
2020-11-25 00:17:10,866 - mmdet - INFO - Epoch [2][300/623]	lr: 1.000e-02, eta: 0:19:13, time: 0.749, data_time: 0.012, memory: 11910, loss_rpn_cls: 0.0022, loss_rpn_bbox: 0.0270, loss_cls: 0.0313, acc: 98.6211, loss_bbox: 0.0650, loss: 0.1254
2020-11-25 00:18:25,570 - mmdet - INFO - Epoch [2][400/623]	lr: 1.000e-02, eta: 0:18:01, time: 0.747, data_time: 0.012, memory: 11910, loss_rpn_cls: 0.0019, loss_rpn_bbox: 0.0285, loss_cls: 0.0291, acc: 98.7051, loss_bbox: 0.0672, loss: 0.1268
2020-11-25 00:19:40,900 - mmdet - INFO - Epoch [2][500/623]	lr: 1.000e-02, eta: 0:16:50, time: 0.753, data_time: 0.012, memory: 11910, loss_rpn_cls: 0.0025, loss_rpn_bbox: 0.0305, loss_cls: 0.0337, acc: 98.5342, loss_bbox: 0.0720, loss: 0.1387
2020-11-25 00:20:55,668 - mmdet - INFO - Epoch [2][600/623]	lr: 1.000e-02, eta: 0:15:37, time: 0.748, data_time: 0.012, memory: 11910, loss_rpn_cls: 0.0020, loss_rpn_bbox: 0.0286, loss_cls: 0.0269, acc: 98.8008, loss_bbox: 0.0661, loss: 0.1236
2020-11-25 00:21:38,170 - mmdet - INFO - Evaluating bbox...
2020-11-25 00:21:39,897 - mmdet - INFO - Epoch [2][623/623]	lr: 1.000e-02, bbox_mAP: 0.8710, bbox_mAP_50: 0.9150, bbox_mAP_75: 0.9100, bbox_mAP_s: 0.6590, bbox_mAP_m: 0.9260, bbox_mAP_l: 0.9220, bbox_mAP_copypaste: 0.871 0.915 0.910 0.659 0.926 0.922
2020-11-25 00:22:11,353 - mmdet - INFO - Epoch(train) [2][79]	loss_rpn_cls: 0.0025, loss_rpn_bbox: 0.0256, loss_cls: 0.0272, acc: 98.9270, loss_bbox: 0.0649, loss: 0.1202
2020-11-25 00:23:28,577 - mmdet - INFO - Epoch [3][100/623]	lr: 1.000e-02, eta: 0:13:54, time: 0.769, data_time: 0.034, memory: 11910, loss_rpn_cls: 0.0028, loss_rpn_bbox: 0.0277, loss_cls: 0.0340, acc: 98.4844, loss_bbox: 0.0702, loss: 0.1347
2020-11-25 00:24:43,354 - mmdet - INFO - Epoch [3][200/623]	lr: 1.000e-02, eta: 0:12:43, time: 0.748, data_time: 0.012, memory: 11910, loss_rpn_cls: 0.0022, loss_rpn_bbox: 0.0296, loss_cls: 0.0309, acc: 98.7607, loss_bbox: 0.0737, loss: 0.1363
2020-11-25 00:25:58,158 - mmdet - INFO - Epoch [3][300/623]	lr: 1.000e-02, eta: 0:11:31, time: 0.748, data_time: 0.012, memory: 11910, loss_rpn_cls: 0.0022, loss_rpn_bbox: 0.0299, loss_cls: 0.0295, acc: 98.7598, loss_bbox: 0.0729, loss: 0.1345
2020-11-25 00:27:12,881 - mmdet - INFO - Epoch [3][400/623]	lr: 1.000e-02, eta: 0:10:19, time: 0.747, data_time: 0.012, memory: 11910, loss_rpn_cls: 0.0023, loss_rpn_bbox: 0.0294, loss_cls: 0.0264, acc: 98.9365, loss_bbox: 0.0689, loss: 0.1269
2020-11-25 00:28:27,708 - mmdet - INFO - Epoch [3][500/623]	lr: 1.000e-02, eta: 0:09:06, time: 0.748, data_time: 0.012, memory: 11910, loss_rpn_cls: 0.0024, loss_rpn_bbox: 0.0289, loss_cls: 0.0330, acc: 98.6025, loss_bbox: 0.0708, loss: 0.1351
2020-11-25 00:29:42,252 - mmdet - INFO - Epoch [3][600/623]	lr: 1.000e-02, eta: 0:07:53, time: 0.745, data_time: 0.012, memory: 11910, loss_rpn_cls: 0.0019, loss_rpn_bbox: 0.0256, loss_cls: 0.0272, acc: 98.7871, loss_bbox: 0.0642, loss: 0.1189
2020-11-25 00:30:24,880 - mmdet - INFO - Evaluating bbox...
2020-11-25 00:30:26,631 - mmdet - INFO - Epoch [3][623/623]	lr: 1.000e-02, bbox_mAP: 0.8660, bbox_mAP_50: 0.9150, bbox_mAP_75: 0.9000, bbox_mAP_s: 0.6390, bbox_mAP_m: 0.9190, bbox_mAP_l: 0.9280, bbox_mAP_copypaste: 0.866 0.915 0.900 0.639 0.919 0.928
2020-11-25 00:31:44,113 - mmdet - INFO - Epoch [4][100/623]	lr: 1.000e-02, eta: 0:06:20, time: 0.773, data_time: 0.033, memory: 11910, loss_rpn_cls: 0.0023, loss_rpn_bbox: 0.0293, loss_cls: 0.0343, acc: 98.5488, loss_bbox: 0.0737, loss: 0.1397
2020-11-25 00:32:58,650 - mmdet - INFO - Epoch [4][200/623]	lr: 1.000e-02, eta: 0:05:07, time: 0.745, data_time: 0.012, memory: 11910, loss_rpn_cls: 0.0022, loss_rpn_bbox: 0.0294, loss_cls: 0.0315, acc: 98.6768, loss_bbox: 0.0708, loss: 0.1339
2020-11-25 00:34:13,458 - mmdet - INFO - Epoch [4][300/623]	lr: 1.000e-02, eta: 0:03:55, time: 0.748, data_time: 0.012, memory: 11910, loss_rpn_cls: 0.0032, loss_rpn_bbox: 0.0289, loss_cls: 0.0330, acc: 98.5635, loss_bbox: 0.0723, loss: 0.1374
2020-11-25 00:35:28,041 - mmdet - INFO - Epoch [4][400/623]	lr: 1.000e-02, eta: 0:02:42, time: 0.746, data_time: 0.012, memory: 11910, loss_rpn_cls: 0.0026, loss_rpn_bbox: 0.0281, loss_cls: 0.0299, acc: 98.8008, loss_bbox: 0.0665, loss: 0.1272
2020-11-25 00:36:42,666 - mmdet - INFO - Epoch [4][500/623]	lr: 1.000e-02, eta: 0:01:29, time: 0.746, data_time: 0.012, memory: 11910, loss_rpn_cls: 0.0020, loss_rpn_bbox: 0.0286, loss_cls: 0.0260, acc: 98.8955, loss_bbox: 0.0632, loss: 0.1197
2020-11-25 00:37:57,673 - mmdet - INFO - Epoch [4][600/623]	lr: 1.000e-02, eta: 0:00:16, time: 0.750, data_time: 0.012, memory: 11910, loss_rpn_cls: 0.0025, loss_rpn_bbox: 0.0292, loss_cls: 0.0284, acc: 98.7812, loss_bbox: 0.0694, loss: 0.1294
2020-11-25 00:38:14,796 - mmdet - INFO - Saving checkpoint at 4 epochs
2020-11-25 00:38:42,173 - mmdet - INFO - Evaluating bbox...
2020-11-25 00:38:43,978 - mmdet - INFO - Epoch [4][623/623]	lr: 1.000e-02, bbox_mAP: 0.8660, bbox_mAP_50: 0.9110, bbox_mAP_75: 0.9050, bbox_mAP_s: 0.6480, bbox_mAP_m: 0.9180, bbox_mAP_l: 0.9230, bbox_mAP_copypaste: 0.866 0.911 0.905 0.648 0.918 0.923
2020-11-25 00:39:15,314 - mmdet - INFO - Epoch(train) [4][79]	loss_rpn_cls: 0.0022, loss_rpn_bbox: 0.0270, loss_cls: 0.0288, acc: 98.8417, loss_bbox: 0.0659, loss: 0.1239
