2020-11-19 21:58:04,701 - mmdet - INFO - Environment info:
------------------------------------------------------------
sys.platform: linux
Python: 3.6.4 |Anaconda, Inc.| (default, Jan 16 2018, 18:10:19) [GCC 7.2.0]
CUDA available: True
CUDA_HOME: /usr/local/cuda
NVCC: Cuda compilation tools, release 10.0, V10.0.130
GPU 0: Tesla P100-PCIE-16GB
GCC: gcc (GCC) 5.3.0
PyTorch: 1.3.1+cu100
PyTorch compiling details: PyTorch built with:
  - GCC 7.3
  - Intel(R) Math Kernel Library Version 2019.0.4 Product Build 20190411 for Intel(R) 64 architecture applications
  - Intel(R) MKL-DNN v0.20.5 (Git Hash 0125f28c61c1f822fd48570b4c1066f96fcb9b2e)
  - OpenMP 201511 (a.k.a. OpenMP 4.5)
  - NNPACK is enabled
  - CUDA Runtime 10.0
  - NVCC architecture flags: -gencode;arch=compute_37,code=sm_37;-gencode;arch=compute_50,code=sm_50;-gencode;arch=compute_60,code=sm_60;-gencode;arch=compute_61,code=sm_61;-gencode;arch=compute_70,code=sm_70;-gencode;arch=compute_75,code=sm_75;-gencode;arch=compute_37,code=compute_37
  - CuDNN 7.6.3
  - Magma 2.5.1
  - Build settings: BLAS=MKL, BUILD_NAMEDTENSOR=OFF, BUILD_TYPE=Release, CXX_FLAGS= -Wno-deprecated -fvisibility-inlines-hidden -fopenmp -DUSE_FBGEMM -DUSE_QNNPACK -DUSE_PYTORCH_QNNPACK -O2 -fPIC -Wno-narrowing -Wall -Wextra -Wno-missing-field-initializers -Wno-type-limits -Wno-array-bounds -Wno-unknown-pragmas -Wno-sign-compare -Wno-unused-parameter -Wno-unused-variable -Wno-unused-function -Wno-unused-result -Wno-strict-overflow -Wno-strict-aliasing -Wno-error=deprecated-declarations -Wno-stringop-overflow -Wno-error=pedantic -Wno-error=redundant-decls -Wno-error=old-style-cast -fdiagnostics-color=always -faligned-new -Wno-unused-but-set-variable -Wno-maybe-uninitialized -fno-math-errno -fno-trapping-math -Wno-stringop-overflow, DISABLE_NUMA=1, PERF_WITH_AVX=1, PERF_WITH_AVX2=1, PERF_WITH_AVX512=1, USE_CUDA=True, USE_EXCEPTION_PTR=1, USE_GFLAGS=OFF, USE_GLOG=OFF, USE_MKL=ON, USE_MKLDNN=ON, USE_MPI=OFF, USE_NCCL=ON, USE_NNPACK=ON, USE_OPENMP=ON, USE_STATIC_DISPATCH=OFF, 

TorchVision: 0.4.2+cu100
OpenCV: 4.4.0
MMCV: 1.0.5
MMDetection: 2.3.0+788fa8d
MMDetection Compiler: GCC 7.3
MMDetection CUDA Compiler: 10.0
------------------------------------------------------------

2020-11-19 21:58:04,701 - mmdet - INFO - Distributed training: False
2020-11-19 21:58:05,091 - mmdet - INFO - Config:
model = dict(
    type='FasterRCNN',
    pretrained='torchvision://resnet50',
    backbone=dict(
        type='ResNet',
        depth=50,
        num_stages=4,
        out_indices=(0, 1, 2, 3),
        frozen_stages=1,
        norm_cfg=dict(type='BN', requires_grad=True),
        norm_eval=True,
        style='pytorch'),
    neck=dict(
        type='FPN',
        in_channels=[256, 512, 1024, 2048],
        out_channels=256,
        num_outs=5),
    rpn_head=dict(
        type='RPNHead',
        in_channels=256,
        feat_channels=256,
        anchor_generator=dict(
            type='AnchorGenerator',
            scales=[8],
            ratios=[0.5, 1.0, 2.0],
            strides=[4, 8, 16, 32, 64]),
        bbox_coder=dict(
            type='DeltaXYWHBBoxCoder',
            target_means=[0.0, 0.0, 0.0, 0.0],
            target_stds=[1.0, 1.0, 1.0, 1.0]),
        loss_cls=dict(
            type='CrossEntropyLoss', use_sigmoid=True, loss_weight=1.0),
        loss_bbox=dict(type='L1Loss', loss_weight=1.0)),
    roi_head=dict(
        type='StandardRoIHead',
        bbox_roi_extractor=dict(
            type='SingleRoIExtractor',
            roi_layer=dict(type='RoIAlign', output_size=7, sampling_ratio=0),
            out_channels=256,
            featmap_strides=[4, 8, 16, 32]),
        bbox_head=dict(
            type='Shared2FCBBoxHead',
            in_channels=256,
            fc_out_channels=1024,
            roi_feat_size=7,
            num_classes=2,
            bbox_coder=dict(
                type='DeltaXYWHBBoxCoder',
                target_means=[0.0, 0.0, 0.0, 0.0],
                target_stds=[0.1, 0.1, 0.2, 0.2]),
            reg_class_agnostic=False,
            loss_cls=dict(
                type='CrossEntropyLoss', use_sigmoid=False, loss_weight=1.0),
            loss_bbox=dict(type='L1Loss', loss_weight=1.0))))
train_cfg = dict(
    rpn=dict(
        assigner=dict(
            type='MaxIoUAssigner',
            pos_iou_thr=0.7,
            neg_iou_thr=0.3,
            min_pos_iou=0.3,
            match_low_quality=True,
            ignore_iof_thr=-1),
        sampler=dict(
            type='RandomSampler',
            num=256,
            pos_fraction=0.5,
            neg_pos_ub=-1,
            add_gt_as_proposals=False),
        allowed_border=-1,
        pos_weight=-1,
        debug=False),
    rpn_proposal=dict(
        nms_across_levels=False,
        nms_pre=2000,
        nms_post=1000,
        max_num=1000,
        nms_thr=0.7,
        min_bbox_size=0),
    rcnn=dict(
        assigner=dict(
            type='MaxIoUAssigner',
            pos_iou_thr=0.5,
            neg_iou_thr=0.5,
            min_pos_iou=0.5,
            match_low_quality=False,
            ignore_iof_thr=-1),
        sampler=dict(
            type='RandomSampler',
            num=512,
            pos_fraction=0.25,
            neg_pos_ub=-1,
            add_gt_as_proposals=True),
        pos_weight=-1,
        debug=False))
test_cfg = dict(
    rpn=dict(
        nms_across_levels=False,
        nms_pre=1000,
        nms_post=1000,
        max_num=1000,
        nms_thr=0.7,
        min_bbox_size=0),
    rcnn=dict(
        score_thr=0.05,
        nms=dict(type='nms', iou_threshold=0.5),
        max_per_img=100))
dataset_type = 'CocoDataset'
data_root = 'data/coco/'
img_norm_cfg = dict(
    mean=[123.675, 116.28, 103.53], std=[58.395, 57.12, 57.375], to_rgb=True)
train_pipeline = [
    dict(type='LoadImageFromFile'),
    dict(type='LoadAnnotations', with_bbox=True),
    dict(type='Resize', img_scale=(1550, 1550), keep_ratio=True),
    dict(type='RandomFlip', flip_ratio=0.5),
    dict(
        type='Normalize',
        mean=[123.675, 116.28, 103.53],
        std=[58.395, 57.12, 57.375],
        to_rgb=True),
    dict(type='Pad', size_divisor=32),
    dict(type='DefaultFormatBundle'),
    dict(type='Collect', keys=['img', 'gt_bboxes', 'gt_labels'])
]
test_pipeline = [
    dict(type='LoadImageFromFile'),
    dict(
        type='MultiScaleFlipAug',
        img_scale=(1550, 1550),
        flip=False,
        transforms=[
            dict(type='Resize', keep_ratio=True),
            dict(type='RandomFlip'),
            dict(
                type='Normalize',
                mean=[123.675, 116.28, 103.53],
                std=[58.395, 57.12, 57.375],
                to_rgb=True),
            dict(type='Pad', size_divisor=32),
            dict(type='ImageToTensor', keys=['img']),
            dict(type='Collect', keys=['img'])
        ])
]
data = dict(
    samples_per_gpu=2,
    workers_per_gpu=2,
    train=dict(
        type='CocoDataset',
        ann_file='data/coco/annotations/annotations_trai.json',
        img_prefix='data/coco/img/',
        pipeline=[
            dict(type='LoadImageFromFile'),
            dict(type='LoadAnnotations', with_bbox=True),
            dict(type='Resize', img_scale=(1550, 1550), keep_ratio=True),
            dict(type='RandomFlip', flip_ratio=0.5),
            dict(
                type='Normalize',
                mean=[123.675, 116.28, 103.53],
                std=[58.395, 57.12, 57.375],
                to_rgb=True),
            dict(type='Pad', size_divisor=32),
            dict(type='DefaultFormatBundle'),
            dict(type='Collect', keys=['img', 'gt_bboxes', 'gt_labels'])
        ]),
    val=dict(
        type='CocoDataset',
        ann_file='data/coco/annotations/annotations_test.json',
        img_prefix='data/coco/img/',
        pipeline=[
            dict(type='LoadImageFromFile'),
            dict(
                type='MultiScaleFlipAug',
                img_scale=(1550, 1550),
                flip=False,
                transforms=[
                    dict(type='Resize', keep_ratio=True),
                    dict(type='RandomFlip'),
                    dict(
                        type='Normalize',
                        mean=[123.675, 116.28, 103.53],
                        std=[58.395, 57.12, 57.375],
                        to_rgb=True),
                    dict(type='Pad', size_divisor=32),
                    dict(type='ImageToTensor', keys=['img']),
                    dict(type='Collect', keys=['img'])
                ])
        ]),
    test=dict(
        type='CocoDataset',
        ann_file='data/coco/annotations/annotations_vals.json',
        img_prefix='data/coco/img/',
        pipeline=[
            dict(type='LoadImageFromFile'),
            dict(
                type='MultiScaleFlipAug',
                img_scale=(1550, 1550),
                flip=False,
                transforms=[
                    dict(type='Resize', keep_ratio=True),
                    dict(type='RandomFlip'),
                    dict(
                        type='Normalize',
                        mean=[123.675, 116.28, 103.53],
                        std=[58.395, 57.12, 57.375],
                        to_rgb=True),
                    dict(type='Pad', size_divisor=32),
                    dict(type='ImageToTensor', keys=['img']),
                    dict(type='Collect', keys=['img'])
                ])
        ]))
evaluation = dict(interval=1, metric='bbox')
optimizer = dict(type='SGD', lr=0.01, momentum=0.9, weight_decay=0.0001)
optimizer_config = dict(grad_clip=None)
lr_config = dict(
    policy='step',
    warmup='linear',
    warmup_iters=500,
    warmup_ratio=0.001,
    step=[8, 11])
total_epochs = 4
checkpoint_config = dict(interval=4)
log_config = dict(interval=100, hooks=[dict(type='TextLoggerHook')])
dist_params = dict(backend='nccl')
log_level = 'INFO'
load_from = '/home/admin/.cache/torch/checkpoints/X.pth'
resume_from = None
workflow = [('train', 2), ('val', 1)]
work_dir = '/home/admin/jupyter/SecurityAI_Round5/data/work'
gpu_ids = range(0, 1)

2020-11-19 21:58:05,587 - mmdet - INFO - load model from: torchvision://resnet50
2020-11-19 21:58:13,420 - mmdet - WARNING - The model and loaded state dict do not match exactly

unexpected key in source state_dict: fc.weight, fc.bias

2020-11-19 21:58:23,792 - mmdet - INFO - load checkpoint from /home/admin/.cache/torch/checkpoints/X.pth
2020-11-19 21:58:30,450 - mmdet - INFO - Start running, host: admin@fuxilabor_labor0_S4_Odps_S96_dsw_prepaid_cnsh_838_2020111911384, work_dir: /home/admin/jupyter/SecurityAI_Round5/data/work
2020-11-19 21:58:30,450 - mmdet - INFO - workflow: [('train', 2), ('val', 1)], max: 4 epochs
2020-11-19 21:59:47,865 - mmdet - INFO - Epoch [1][100/622]	lr: 1.988e-03, eta: 0:30:44, time: 0.772, data_time: 0.033, memory: 8259, loss_rpn_cls: 0.0031, loss_rpn_bbox: 0.0341, loss_cls: 0.0379, acc: 98.4355, loss_bbox: 0.0878, loss: 0.1628
2020-11-19 22:01:02,626 - mmdet - INFO - Epoch [1][200/622]	lr: 3.986e-03, eta: 0:28:58, time: 0.748, data_time: 0.012, memory: 9249, loss_rpn_cls: 0.0035, loss_rpn_bbox: 0.0314, loss_cls: 0.0384, acc: 98.4053, loss_bbox: 0.0841, loss: 0.1574
2020-11-19 22:02:17,672 - mmdet - INFO - Epoch [1][300/622]	lr: 5.984e-03, eta: 0:27:35, time: 0.750, data_time: 0.012, memory: 10046, loss_rpn_cls: 0.0031, loss_rpn_bbox: 0.0333, loss_cls: 0.0370, acc: 98.4746, loss_bbox: 0.0834, loss: 0.1568
2020-11-19 22:03:32,496 - mmdet - INFO - Epoch [1][400/622]	lr: 7.982e-03, eta: 0:26:15, time: 0.748, data_time: 0.012, memory: 10046, loss_rpn_cls: 0.0027, loss_rpn_bbox: 0.0345, loss_cls: 0.0420, acc: 98.1836, loss_bbox: 0.0862, loss: 0.1654
2020-11-19 22:04:47,475 - mmdet - INFO - Epoch [1][500/622]	lr: 9.980e-03, eta: 0:24:58, time: 0.750, data_time: 0.012, memory: 11907, loss_rpn_cls: 0.0039, loss_rpn_bbox: 0.0354, loss_cls: 0.0369, acc: 98.4609, loss_bbox: 0.0852, loss: 0.1614
2020-11-19 22:06:02,230 - mmdet - INFO - Epoch [1][600/622]	lr: 1.000e-02, eta: 0:23:40, time: 0.748, data_time: 0.012, memory: 11907, loss_rpn_cls: 0.0041, loss_rpn_bbox: 0.0381, loss_cls: 0.0415, acc: 98.3115, loss_bbox: 0.0916, loss: 0.1753
2020-11-19 22:06:46,387 - mmdet - INFO - Evaluating bbox...
2020-11-19 22:06:49,411 - mmdet - INFO - Epoch [1][622/622]	lr: 1.000e-02, bbox_mAP: 0.7860, bbox_mAP_50: 0.8590, bbox_mAP_75: 0.8430, bbox_mAP_s: 0.5250, bbox_mAP_m: 0.8340, bbox_mAP_l: 0.8720, bbox_mAP_copypaste: 0.786 0.859 0.843 0.525 0.834 0.872
2020-11-19 22:08:06,858 - mmdet - INFO - Epoch [2][100/622]	lr: 1.000e-02, eta: 0:21:33, time: 0.773, data_time: 0.033, memory: 11907, loss_rpn_cls: 0.0037, loss_rpn_bbox: 0.0392, loss_cls: 0.0459, acc: 98.0557, loss_bbox: 0.0974, loss: 0.1862
2020-11-19 22:09:21,275 - mmdet - INFO - Epoch [2][200/622]	lr: 1.000e-02, eta: 0:20:22, time: 0.744, data_time: 0.012, memory: 11907, loss_rpn_cls: 0.0035, loss_rpn_bbox: 0.0373, loss_cls: 0.0434, acc: 98.1777, loss_bbox: 0.0931, loss: 0.1774
2020-11-19 22:10:35,891 - mmdet - INFO - Epoch [2][300/622]	lr: 1.000e-02, eta: 0:19:11, time: 0.746, data_time: 0.012, memory: 11907, loss_rpn_cls: 0.0042, loss_rpn_bbox: 0.0378, loss_cls: 0.0422, acc: 98.2695, loss_bbox: 0.0877, loss: 0.1718
2020-11-19 22:11:50,611 - mmdet - INFO - Epoch [2][400/622]	lr: 1.000e-02, eta: 0:17:59, time: 0.747, data_time: 0.012, memory: 11907, loss_rpn_cls: 0.0053, loss_rpn_bbox: 0.0399, loss_cls: 0.0458, acc: 98.1279, loss_bbox: 0.0981, loss: 0.1891
2020-11-19 22:13:05,445 - mmdet - INFO - Epoch [2][500/622]	lr: 1.000e-02, eta: 0:16:47, time: 0.748, data_time: 0.012, memory: 11907, loss_rpn_cls: 0.0029, loss_rpn_bbox: 0.0389, loss_cls: 0.0381, acc: 98.4834, loss_bbox: 0.0924, loss: 0.1723
2020-11-19 22:14:20,694 - mmdet - INFO - Epoch [2][600/622]	lr: 1.000e-02, eta: 0:15:35, time: 0.752, data_time: 0.012, memory: 11907, loss_rpn_cls: 0.0037, loss_rpn_bbox: 0.0388, loss_cls: 0.0446, acc: 98.2383, loss_bbox: 0.0989, loss: 0.1859
2020-11-19 22:15:04,897 - mmdet - INFO - Evaluating bbox...
2020-11-19 22:15:08,010 - mmdet - INFO - Epoch [2][622/622]	lr: 1.000e-02, bbox_mAP: 0.7680, bbox_mAP_50: 0.8540, bbox_mAP_75: 0.8340, bbox_mAP_s: 0.5160, bbox_mAP_m: 0.8020, bbox_mAP_l: 0.8540, bbox_mAP_copypaste: 0.768 0.854 0.834 0.516 0.802 0.854
2020-11-19 22:15:42,486 - mmdet - INFO - Epoch(train) [2][86]	loss_rpn_cls: 0.0051, loss_rpn_bbox: 0.0459, loss_cls: 0.0487, acc: 97.9447, loss_bbox: 0.1150, loss: 0.2148
2020-11-19 22:16:59,562 - mmdet - INFO - Epoch [3][100/622]	lr: 1.000e-02, eta: 0:13:53, time: 0.769, data_time: 0.033, memory: 11907, loss_rpn_cls: 0.0029, loss_rpn_bbox: 0.0396, loss_cls: 0.0425, acc: 98.2432, loss_bbox: 0.0972, loss: 0.1822
2020-11-19 22:18:14,470 - mmdet - INFO - Epoch [3][200/622]	lr: 1.000e-02, eta: 0:12:42, time: 0.749, data_time: 0.012, memory: 11907, loss_rpn_cls: 0.0041, loss_rpn_bbox: 0.0413, loss_cls: 0.0505, acc: 97.8848, loss_bbox: 0.1076, loss: 0.2034
2020-11-19 22:19:29,181 - mmdet - INFO - Epoch [3][300/622]	lr: 1.000e-02, eta: 0:11:30, time: 0.747, data_time: 0.012, memory: 11907, loss_rpn_cls: 0.0045, loss_rpn_bbox: 0.0386, loss_cls: 0.0356, acc: 98.5615, loss_bbox: 0.0899, loss: 0.1687
2020-11-19 22:20:43,901 - mmdet - INFO - Epoch [3][400/622]	lr: 1.000e-02, eta: 0:10:18, time: 0.747, data_time: 0.012, memory: 11907, loss_rpn_cls: 0.0046, loss_rpn_bbox: 0.0379, loss_cls: 0.0459, acc: 98.0293, loss_bbox: 0.0974, loss: 0.1858
2020-11-19 22:21:58,813 - mmdet - INFO - Epoch [3][500/622]	lr: 1.000e-02, eta: 0:09:05, time: 0.749, data_time: 0.012, memory: 11907, loss_rpn_cls: 0.0041, loss_rpn_bbox: 0.0411, loss_cls: 0.0442, acc: 98.1494, loss_bbox: 0.0969, loss: 0.1862
2020-11-19 22:23:13,497 - mmdet - INFO - Epoch [3][600/622]	lr: 1.000e-02, eta: 0:07:52, time: 0.747, data_time: 0.012, memory: 11907, loss_rpn_cls: 0.0030, loss_rpn_bbox: 0.0367, loss_cls: 0.0368, acc: 98.4619, loss_bbox: 0.0879, loss: 0.1645
2020-11-19 22:23:57,636 - mmdet - INFO - Evaluating bbox...
2020-11-19 22:24:00,655 - mmdet - INFO - Epoch [3][622/622]	lr: 1.000e-02, bbox_mAP: 0.7930, bbox_mAP_50: 0.8690, bbox_mAP_75: 0.8520, bbox_mAP_s: 0.5290, bbox_mAP_m: 0.8280, bbox_mAP_l: 0.8810, bbox_mAP_copypaste: 0.793 0.869 0.852 0.529 0.828 0.881
2020-11-19 22:25:17,822 - mmdet - INFO - Epoch [4][100/622]	lr: 1.000e-02, eta: 0:06:19, time: 0.770, data_time: 0.033, memory: 11907, loss_rpn_cls: 0.0025, loss_rpn_bbox: 0.0374, loss_cls: 0.0342, acc: 98.5830, loss_bbox: 0.0841, loss: 0.1582
2020-11-19 22:26:32,560 - mmdet - INFO - Epoch [4][200/622]	lr: 1.000e-02, eta: 0:05:07, time: 0.747, data_time: 0.012, memory: 11907, loss_rpn_cls: 0.0042, loss_rpn_bbox: 0.0396, loss_cls: 0.0345, acc: 98.6289, loss_bbox: 0.0901, loss: 0.1684
2020-11-19 22:27:47,514 - mmdet - INFO - Epoch [4][300/622]	lr: 1.000e-02, eta: 0:03:54, time: 0.750, data_time: 0.012, memory: 11907, loss_rpn_cls: 0.0048, loss_rpn_bbox: 0.0389, loss_cls: 0.0427, acc: 98.2334, loss_bbox: 0.0968, loss: 0.1832
2020-11-19 22:29:02,465 - mmdet - INFO - Epoch [4][400/622]	lr: 1.000e-02, eta: 0:02:42, time: 0.750, data_time: 0.012, memory: 11907, loss_rpn_cls: 0.0035, loss_rpn_bbox: 0.0383, loss_cls: 0.0411, acc: 98.2666, loss_bbox: 0.0981, loss: 0.1811
2020-11-19 22:30:17,369 - mmdet - INFO - Epoch [4][500/622]	lr: 1.000e-02, eta: 0:01:29, time: 0.749, data_time: 0.012, memory: 11907, loss_rpn_cls: 0.0033, loss_rpn_bbox: 0.0398, loss_cls: 0.0435, acc: 98.1006, loss_bbox: 0.0925, loss: 0.1791
2020-11-19 22:31:32,139 - mmdet - INFO - Epoch [4][600/622]	lr: 1.000e-02, eta: 0:00:16, time: 0.748, data_time: 0.012, memory: 11907, loss_rpn_cls: 0.0029, loss_rpn_bbox: 0.0387, loss_cls: 0.0408, acc: 98.2324, loss_bbox: 0.0940, loss: 0.1764
2020-11-19 22:31:48,534 - mmdet - INFO - Saving checkpoint at 4 epochs
2020-11-19 22:32:18,256 - mmdet - INFO - Evaluating bbox...
2020-11-19 22:32:21,253 - mmdet - INFO - Epoch [4][622/622]	lr: 1.000e-02, bbox_mAP: 0.7900, bbox_mAP_50: 0.8690, bbox_mAP_75: 0.8530, bbox_mAP_s: 0.5290, bbox_mAP_m: 0.8210, bbox_mAP_l: 0.8690, bbox_mAP_copypaste: 0.790 0.869 0.853 0.529 0.821 0.869
2020-11-19 22:32:55,693 - mmdet - INFO - Epoch(train) [4][86]	loss_rpn_cls: 0.0037, loss_rpn_bbox: 0.0421, loss_cls: 0.0481, acc: 98.0185, loss_bbox: 0.1078, loss: 0.2017
