2020-11-19 07:51:43,709 - mmdet - INFO - Environment info:
------------------------------------------------------------
sys.platform: linux
Python: 3.6.4 |Anaconda, Inc.| (default, Jan 16 2018, 18:10:19) [GCC 7.2.0]
CUDA available: True
CUDA_HOME: /usr/local/cuda
NVCC: Cuda compilation tools, release 10.0, V10.0.130
GPU 0: Tesla P100-PCIE-16GB
GCC: gcc (GCC) 5.3.0
PyTorch: 1.3.1+cu100
PyTorch compiling details: PyTorch built with:
  - GCC 7.3
  - Intel(R) Math Kernel Library Version 2019.0.4 Product Build 20190411 for Intel(R) 64 architecture applications
  - Intel(R) MKL-DNN v0.20.5 (Git Hash 0125f28c61c1f822fd48570b4c1066f96fcb9b2e)
  - OpenMP 201511 (a.k.a. OpenMP 4.5)
  - NNPACK is enabled
  - CUDA Runtime 10.0
  - NVCC architecture flags: -gencode;arch=compute_37,code=sm_37;-gencode;arch=compute_50,code=sm_50;-gencode;arch=compute_60,code=sm_60;-gencode;arch=compute_61,code=sm_61;-gencode;arch=compute_70,code=sm_70;-gencode;arch=compute_75,code=sm_75;-gencode;arch=compute_37,code=compute_37
  - CuDNN 7.6.3
  - Magma 2.5.1
  - Build settings: BLAS=MKL, BUILD_NAMEDTENSOR=OFF, BUILD_TYPE=Release, CXX_FLAGS= -Wno-deprecated -fvisibility-inlines-hidden -fopenmp -DUSE_FBGEMM -DUSE_QNNPACK -DUSE_PYTORCH_QNNPACK -O2 -fPIC -Wno-narrowing -Wall -Wextra -Wno-missing-field-initializers -Wno-type-limits -Wno-array-bounds -Wno-unknown-pragmas -Wno-sign-compare -Wno-unused-parameter -Wno-unused-variable -Wno-unused-function -Wno-unused-result -Wno-strict-overflow -Wno-strict-aliasing -Wno-error=deprecated-declarations -Wno-stringop-overflow -Wno-error=pedantic -Wno-error=redundant-decls -Wno-error=old-style-cast -fdiagnostics-color=always -faligned-new -Wno-unused-but-set-variable -Wno-maybe-uninitialized -fno-math-errno -fno-trapping-math -Wno-stringop-overflow, DISABLE_NUMA=1, PERF_WITH_AVX=1, PERF_WITH_AVX2=1, PERF_WITH_AVX512=1, USE_CUDA=True, USE_EXCEPTION_PTR=1, USE_GFLAGS=OFF, USE_GLOG=OFF, USE_MKL=ON, USE_MKLDNN=ON, USE_MPI=OFF, USE_NCCL=ON, USE_NNPACK=ON, USE_OPENMP=ON, USE_STATIC_DISPATCH=OFF, 

TorchVision: 0.4.2+cu100
OpenCV: 4.4.0
MMCV: 1.0.5
MMDetection: 2.3.0+788fa8d
MMDetection Compiler: GCC 7.3
MMDetection CUDA Compiler: 10.0
------------------------------------------------------------

2020-11-19 07:51:43,710 - mmdet - INFO - Distributed training: False
2020-11-19 07:51:44,105 - mmdet - INFO - Config:
model = dict(
    type='FasterRCNN',
    pretrained='torchvision://resnet50',
    backbone=dict(
        type='ResNet',
        depth=50,
        num_stages=4,
        out_indices=(0, 1, 2, 3),
        frozen_stages=1,
        norm_cfg=dict(type='BN', requires_grad=True),
        norm_eval=True,
        style='pytorch'),
    neck=dict(
        type='FPN',
        in_channels=[256, 512, 1024, 2048],
        out_channels=256,
        num_outs=5),
    rpn_head=dict(
        type='RPNHead',
        in_channels=256,
        feat_channels=256,
        anchor_generator=dict(
            type='AnchorGenerator',
            scales=[8],
            ratios=[0.5, 1.0, 2.0],
            strides=[4, 8, 16, 32, 64]),
        bbox_coder=dict(
            type='DeltaXYWHBBoxCoder',
            target_means=[0.0, 0.0, 0.0, 0.0],
            target_stds=[1.0, 1.0, 1.0, 1.0]),
        loss_cls=dict(
            type='CrossEntropyLoss', use_sigmoid=True, loss_weight=1.0),
        loss_bbox=dict(type='L1Loss', loss_weight=1.0)),
    roi_head=dict(
        type='StandardRoIHead',
        bbox_roi_extractor=dict(
            type='SingleRoIExtractor',
            roi_layer=dict(type='RoIAlign', output_size=7, sampling_ratio=0),
            out_channels=256,
            featmap_strides=[4, 8, 16, 32]),
        bbox_head=dict(
            type='Shared2FCBBoxHead',
            in_channels=256,
            fc_out_channels=1024,
            roi_feat_size=7,
            num_classes=2,
            bbox_coder=dict(
                type='DeltaXYWHBBoxCoder',
                target_means=[0.0, 0.0, 0.0, 0.0],
                target_stds=[0.1, 0.1, 0.2, 0.2]),
            reg_class_agnostic=False,
            loss_cls=dict(
                type='CrossEntropyLoss', use_sigmoid=False, loss_weight=1.0),
            loss_bbox=dict(type='L1Loss', loss_weight=1.0))))
train_cfg = dict(
    rpn=dict(
        assigner=dict(
            type='MaxIoUAssigner',
            pos_iou_thr=0.7,
            neg_iou_thr=0.3,
            min_pos_iou=0.3,
            match_low_quality=True,
            ignore_iof_thr=-1),
        sampler=dict(
            type='RandomSampler',
            num=256,
            pos_fraction=0.5,
            neg_pos_ub=-1,
            add_gt_as_proposals=False),
        allowed_border=-1,
        pos_weight=-1,
        debug=False),
    rpn_proposal=dict(
        nms_across_levels=False,
        nms_pre=2000,
        nms_post=1000,
        max_num=1000,
        nms_thr=0.7,
        min_bbox_size=0),
    rcnn=dict(
        assigner=dict(
            type='MaxIoUAssigner',
            pos_iou_thr=0.5,
            neg_iou_thr=0.5,
            min_pos_iou=0.5,
            match_low_quality=False,
            ignore_iof_thr=-1),
        sampler=dict(
            type='RandomSampler',
            num=512,
            pos_fraction=0.25,
            neg_pos_ub=-1,
            add_gt_as_proposals=True),
        pos_weight=-1,
        debug=False))
test_cfg = dict(
    rpn=dict(
        nms_across_levels=False,
        nms_pre=1000,
        nms_post=1000,
        max_num=1000,
        nms_thr=0.7,
        min_bbox_size=0),
    rcnn=dict(
        score_thr=0.05,
        nms=dict(type='nms', iou_threshold=0.5),
        max_per_img=100))
dataset_type = 'CocoDataset'
data_root = 'data/coco/'
img_norm_cfg = dict(
    mean=[123.675, 116.28, 103.53], std=[58.395, 57.12, 57.375], to_rgb=True)
train_pipeline = [
    dict(type='LoadImageFromFile'),
    dict(type='LoadAnnotations', with_bbox=True),
    dict(type='Resize', img_scale=(1550, 1550), keep_ratio=True),
    dict(type='RandomFlip', flip_ratio=0.5),
    dict(
        type='Normalize',
        mean=[123.675, 116.28, 103.53],
        std=[58.395, 57.12, 57.375],
        to_rgb=True),
    dict(type='Pad', size_divisor=32),
    dict(type='DefaultFormatBundle'),
    dict(type='Collect', keys=['img', 'gt_bboxes', 'gt_labels'])
]
test_pipeline = [
    dict(type='LoadImageFromFile'),
    dict(
        type='MultiScaleFlipAug',
        img_scale=(1550, 1550),
        flip=False,
        transforms=[
            dict(type='Resize', keep_ratio=True),
            dict(type='RandomFlip'),
            dict(
                type='Normalize',
                mean=[123.675, 116.28, 103.53],
                std=[58.395, 57.12, 57.375],
                to_rgb=True),
            dict(type='Pad', size_divisor=32),
            dict(type='ImageToTensor', keys=['img']),
            dict(type='Collect', keys=['img'])
        ])
]
data = dict(
    samples_per_gpu=2,
    workers_per_gpu=2,
    train=dict(
        type='CocoDataset',
        ann_file='data/coco/annotations/annotations_trai.json',
        img_prefix='data/coco/img/',
        pipeline=[
            dict(type='LoadImageFromFile'),
            dict(type='LoadAnnotations', with_bbox=True),
            dict(type='Resize', img_scale=(1550, 1550), keep_ratio=True),
            dict(type='RandomFlip', flip_ratio=0.5),
            dict(
                type='Normalize',
                mean=[123.675, 116.28, 103.53],
                std=[58.395, 57.12, 57.375],
                to_rgb=True),
            dict(type='Pad', size_divisor=32),
            dict(type='DefaultFormatBundle'),
            dict(type='Collect', keys=['img', 'gt_bboxes', 'gt_labels'])
        ]),
    val=dict(
        type='CocoDataset',
        ann_file='data/coco/annotations/annotations_test.json',
        img_prefix='data/coco/img/',
        pipeline=[
            dict(type='LoadImageFromFile'),
            dict(
                type='MultiScaleFlipAug',
                img_scale=(1550, 1550),
                flip=False,
                transforms=[
                    dict(type='Resize', keep_ratio=True),
                    dict(type='RandomFlip'),
                    dict(
                        type='Normalize',
                        mean=[123.675, 116.28, 103.53],
                        std=[58.395, 57.12, 57.375],
                        to_rgb=True),
                    dict(type='Pad', size_divisor=32),
                    dict(type='ImageToTensor', keys=['img']),
                    dict(type='Collect', keys=['img'])
                ])
        ]),
    test=dict(
        type='CocoDataset',
        ann_file='data/coco/annotations/annotations_vals.json',
        img_prefix='data/coco/img/',
        pipeline=[
            dict(type='LoadImageFromFile'),
            dict(
                type='MultiScaleFlipAug',
                img_scale=(1550, 1550),
                flip=False,
                transforms=[
                    dict(type='Resize', keep_ratio=True),
                    dict(type='RandomFlip'),
                    dict(
                        type='Normalize',
                        mean=[123.675, 116.28, 103.53],
                        std=[58.395, 57.12, 57.375],
                        to_rgb=True),
                    dict(type='Pad', size_divisor=32),
                    dict(type='ImageToTensor', keys=['img']),
                    dict(type='Collect', keys=['img'])
                ])
        ]))
evaluation = dict(interval=1, metric='bbox')
optimizer = dict(type='SGD', lr=0.01, momentum=0.9, weight_decay=0.0001)
optimizer_config = dict(grad_clip=None)
lr_config = dict(
    policy='step',
    warmup='linear',
    warmup_iters=500,
    warmup_ratio=0.001,
    step=[8, 11])
total_epochs = 4
checkpoint_config = dict(interval=4)
log_config = dict(interval=100, hooks=[dict(type='TextLoggerHook')])
dist_params = dict(backend='nccl')
log_level = 'INFO'
load_from = '/home/admin/.cache/torch/checkpoints/X.pth'
resume_from = None
workflow = [('train', 2), ('val', 1)]
work_dir = '/home/admin/jupyter/SecurityAI_Round5/data/work'
gpu_ids = range(0, 1)

2020-11-19 07:51:44,652 - mmdet - INFO - load model from: torchvision://resnet50
2020-11-19 07:51:52,613 - mmdet - WARNING - The model and loaded state dict do not match exactly

unexpected key in source state_dict: fc.weight, fc.bias

2020-11-19 07:52:02,698 - mmdet - INFO - load checkpoint from /home/admin/.cache/torch/checkpoints/X.pth
2020-11-19 07:52:09,234 - mmdet - INFO - Start running, host: admin@fuxilabor_labor0_S4_Odps_S96_dsw_prepaid_cnsh_838_2020111823124, work_dir: /home/admin/jupyter/SecurityAI_Round5/data/work
2020-11-19 07:52:09,235 - mmdet - INFO - workflow: [('train', 2), ('val', 1)], max: 4 epochs
2020-11-19 07:53:26,458 - mmdet - INFO - Epoch [1][100/629]	lr: 1.988e-03, eta: 0:31:00, time: 0.770, data_time: 0.033, memory: 8025, loss_rpn_cls: 0.0045, loss_rpn_bbox: 0.0386, loss_cls: 0.0394, acc: 98.4756, loss_bbox: 0.0856, loss: 0.1680
2020-11-19 07:54:41,203 - mmdet - INFO - Epoch [1][200/629]	lr: 3.986e-03, eta: 0:29:17, time: 0.747, data_time: 0.012, memory: 8263, loss_rpn_cls: 0.0036, loss_rpn_bbox: 0.0371, loss_cls: 0.0391, acc: 98.4385, loss_bbox: 0.0976, loss: 0.1774
2020-11-19 07:55:56,118 - mmdet - INFO - Epoch [1][300/629]	lr: 5.984e-03, eta: 0:27:54, time: 0.749, data_time: 0.012, memory: 9966, loss_rpn_cls: 0.0038, loss_rpn_bbox: 0.0375, loss_cls: 0.0416, acc: 98.2568, loss_bbox: 0.0912, loss: 0.1740
2020-11-19 07:57:10,949 - mmdet - INFO - Epoch [1][400/629]	lr: 7.982e-03, eta: 0:26:34, time: 0.748, data_time: 0.012, memory: 9966, loss_rpn_cls: 0.0039, loss_rpn_bbox: 0.0432, loss_cls: 0.0432, acc: 98.1719, loss_bbox: 0.1033, loss: 0.1936
2020-11-19 07:58:25,657 - mmdet - INFO - Epoch [1][500/629]	lr: 9.980e-03, eta: 0:25:16, time: 0.747, data_time: 0.012, memory: 10051, loss_rpn_cls: 0.0033, loss_rpn_bbox: 0.0390, loss_cls: 0.0422, acc: 98.2598, loss_bbox: 0.0971, loss: 0.1816
2020-11-19 07:59:40,301 - mmdet - INFO - Epoch [1][600/629]	lr: 1.000e-02, eta: 0:23:59, time: 0.746, data_time: 0.012, memory: 10051, loss_rpn_cls: 0.0038, loss_rpn_bbox: 0.0436, loss_cls: 0.0426, acc: 98.2930, loss_bbox: 0.1035, loss: 0.1936
2020-11-19 08:00:26,299 - mmdet - INFO - Evaluating bbox...
2020-11-19 08:00:29,489 - mmdet - INFO - Epoch [1][629/629]	lr: 1.000e-02, bbox_mAP: 0.7720, bbox_mAP_50: 0.8560, bbox_mAP_75: 0.8250, bbox_mAP_s: 0.4030, bbox_mAP_m: 0.7680, bbox_mAP_l: 0.8850, bbox_mAP_copypaste: 0.772 0.856 0.825 0.403 0.768 0.885
2020-11-19 08:01:46,608 - mmdet - INFO - Epoch [2][100/629]	lr: 1.000e-02, eta: 0:21:33, time: 0.769, data_time: 0.033, memory: 10076, loss_rpn_cls: 0.0056, loss_rpn_bbox: 0.0440, loss_cls: 0.0491, acc: 98.0781, loss_bbox: 0.1112, loss: 0.2099
2020-11-19 08:03:01,598 - mmdet - INFO - Epoch [2][200/629]	lr: 1.000e-02, eta: 0:20:26, time: 0.750, data_time: 0.012, memory: 10076, loss_rpn_cls: 0.0034, loss_rpn_bbox: 0.0435, loss_cls: 0.0403, acc: 98.3320, loss_bbox: 0.0934, loss: 0.1807
2020-11-19 08:04:16,395 - mmdet - INFO - Epoch [2][300/629]	lr: 1.000e-02, eta: 0:19:17, time: 0.748, data_time: 0.012, memory: 10076, loss_rpn_cls: 0.0029, loss_rpn_bbox: 0.0433, loss_cls: 0.0425, acc: 98.2803, loss_bbox: 0.1054, loss: 0.1941
2020-11-19 08:05:30,885 - mmdet - INFO - Epoch [2][400/629]	lr: 1.000e-02, eta: 0:18:06, time: 0.745, data_time: 0.012, memory: 10076, loss_rpn_cls: 0.0042, loss_rpn_bbox: 0.0430, loss_cls: 0.0408, acc: 98.3506, loss_bbox: 0.0992, loss: 0.1872
2020-11-19 08:06:45,701 - mmdet - INFO - Epoch [2][500/629]	lr: 1.000e-02, eta: 0:16:55, time: 0.748, data_time: 0.012, memory: 10076, loss_rpn_cls: 0.0041, loss_rpn_bbox: 0.0459, loss_cls: 0.0528, acc: 97.7939, loss_bbox: 0.1108, loss: 0.2137
2020-11-19 08:08:00,583 - mmdet - INFO - Epoch [2][600/629]	lr: 1.000e-02, eta: 0:15:44, time: 0.749, data_time: 0.012, memory: 10076, loss_rpn_cls: 0.0045, loss_rpn_bbox: 0.0488, loss_cls: 0.0539, acc: 97.7109, loss_bbox: 0.1164, loss: 0.2235
2020-11-19 08:08:46,528 - mmdet - INFO - Evaluating bbox...
2020-11-19 08:08:49,375 - mmdet - INFO - Epoch [2][629/629]	lr: 1.000e-02, bbox_mAP: 0.7650, bbox_mAP_50: 0.8410, bbox_mAP_75: 0.8160, bbox_mAP_s: 0.3990, bbox_mAP_m: 0.7630, bbox_mAP_l: 0.8840, bbox_mAP_copypaste: 0.765 0.841 0.816 0.399 0.763 0.884
2020-11-19 08:09:20,553 - mmdet - INFO - Epoch(train) [2][76]	loss_rpn_cls: 0.0065, loss_rpn_bbox: 0.0431, loss_cls: 0.0624, acc: 97.3517, loss_bbox: 0.1116, loss: 0.2237
2020-11-19 08:10:37,862 - mmdet - INFO - Epoch [3][100/629]	lr: 1.000e-02, eta: 0:13:54, time: 0.771, data_time: 0.033, memory: 10076, loss_rpn_cls: 0.0047, loss_rpn_bbox: 0.0447, loss_cls: 0.0452, acc: 98.1650, loss_bbox: 0.1040, loss: 0.1986
2020-11-19 08:11:52,743 - mmdet - INFO - Epoch [3][200/629]	lr: 1.000e-02, eta: 0:12:44, time: 0.749, data_time: 0.012, memory: 10076, loss_rpn_cls: 0.0044, loss_rpn_bbox: 0.0469, loss_cls: 0.0486, acc: 97.9805, loss_bbox: 0.1078, loss: 0.2076
2020-11-19 08:13:07,834 - mmdet - INFO - Epoch [3][300/629]	lr: 1.000e-02, eta: 0:11:34, time: 0.751, data_time: 0.012, memory: 10076, loss_rpn_cls: 0.0055, loss_rpn_bbox: 0.0469, loss_cls: 0.0502, acc: 97.9668, loss_bbox: 0.1126, loss: 0.2152
2020-11-19 08:14:22,599 - mmdet - INFO - Epoch [3][400/629]	lr: 1.000e-02, eta: 0:10:22, time: 0.748, data_time: 0.012, memory: 10076, loss_rpn_cls: 0.0039, loss_rpn_bbox: 0.0420, loss_cls: 0.0500, acc: 97.9482, loss_bbox: 0.1066, loss: 0.2026
2020-11-19 08:15:37,851 - mmdet - INFO - Epoch [3][500/629]	lr: 1.000e-02, eta: 0:09:11, time: 0.753, data_time: 0.012, memory: 10076, loss_rpn_cls: 0.0044, loss_rpn_bbox: 0.0457, loss_cls: 0.0461, acc: 98.1133, loss_bbox: 0.1125, loss: 0.2087
2020-11-19 08:16:52,384 - mmdet - INFO - Epoch [3][600/629]	lr: 1.000e-02, eta: 0:07:59, time: 0.745, data_time: 0.012, memory: 10076, loss_rpn_cls: 0.0057, loss_rpn_bbox: 0.0446, loss_cls: 0.0495, acc: 97.9688, loss_bbox: 0.1031, loss: 0.2029
2020-11-19 08:17:38,402 - mmdet - INFO - Evaluating bbox...
2020-11-19 08:17:41,397 - mmdet - INFO - Epoch [3][629/629]	lr: 1.000e-02, bbox_mAP: 0.7600, bbox_mAP_50: 0.8440, bbox_mAP_75: 0.8140, bbox_mAP_s: 0.3890, bbox_mAP_m: 0.7640, bbox_mAP_l: 0.8750, bbox_mAP_copypaste: 0.760 0.844 0.814 0.389 0.764 0.875
2020-11-19 08:18:58,471 - mmdet - INFO - Epoch [4][100/629]	lr: 1.000e-02, eta: 0:06:20, time: 0.769, data_time: 0.033, memory: 10076, loss_rpn_cls: 0.0040, loss_rpn_bbox: 0.0469, loss_cls: 0.0490, acc: 97.8984, loss_bbox: 0.1113, loss: 0.2113
2020-11-19 08:20:13,169 - mmdet - INFO - Epoch [4][200/629]	lr: 1.000e-02, eta: 0:05:09, time: 0.747, data_time: 0.012, memory: 10076, loss_rpn_cls: 0.0053, loss_rpn_bbox: 0.0420, loss_cls: 0.0404, acc: 98.3564, loss_bbox: 0.0969, loss: 0.1846
2020-11-19 08:21:27,932 - mmdet - INFO - Epoch [4][300/629]	lr: 1.000e-02, eta: 0:03:57, time: 0.748, data_time: 0.012, memory: 10076, loss_rpn_cls: 0.0060, loss_rpn_bbox: 0.0457, loss_cls: 0.0532, acc: 97.8027, loss_bbox: 0.1185, loss: 0.2234
2020-11-19 08:22:42,624 - mmdet - INFO - Epoch [4][400/629]	lr: 1.000e-02, eta: 0:02:45, time: 0.747, data_time: 0.012, memory: 10076, loss_rpn_cls: 0.0032, loss_rpn_bbox: 0.0446, loss_cls: 0.0392, acc: 98.3496, loss_bbox: 0.0983, loss: 0.1854
2020-11-19 08:23:57,450 - mmdet - INFO - Epoch [4][500/629]	lr: 1.000e-02, eta: 0:01:33, time: 0.748, data_time: 0.012, memory: 10076, loss_rpn_cls: 0.0047, loss_rpn_bbox: 0.0458, loss_cls: 0.0515, acc: 97.8447, loss_bbox: 0.1135, loss: 0.2155
2020-11-19 08:25:12,220 - mmdet - INFO - Epoch [4][600/629]	lr: 1.000e-02, eta: 0:00:21, time: 0.748, data_time: 0.012, memory: 10076, loss_rpn_cls: 0.0041, loss_rpn_bbox: 0.0425, loss_cls: 0.0478, acc: 97.9980, loss_bbox: 0.1060, loss: 0.2005
2020-11-19 08:25:33,880 - mmdet - INFO - Saving checkpoint at 4 epochs
2020-11-19 08:26:00,031 - mmdet - INFO - Evaluating bbox...
2020-11-19 08:26:03,161 - mmdet - INFO - Epoch [4][629/629]	lr: 1.000e-02, bbox_mAP: 0.7550, bbox_mAP_50: 0.8430, bbox_mAP_75: 0.8120, bbox_mAP_s: 0.3850, bbox_mAP_m: 0.7540, bbox_mAP_l: 0.8710, bbox_mAP_copypaste: 0.755 0.843 0.812 0.385 0.754 0.871
2020-11-19 08:26:34,047 - mmdet - INFO - Epoch(train) [4][76]	loss_rpn_cls: 0.0052, loss_rpn_bbox: 0.0450, loss_cls: 0.0625, acc: 97.3556, loss_bbox: 0.1146, loss: 0.2272
