2020-11-24 12:24:51,455 - mmdet - INFO - Environment info:
------------------------------------------------------------
sys.platform: linux
Python: 3.6.4 |Anaconda, Inc.| (default, Jan 16 2018, 18:10:19) [GCC 7.2.0]
CUDA available: True
CUDA_HOME: /usr/local/cuda
NVCC: Cuda compilation tools, release 10.0, V10.0.130
GPU 0: Tesla P100-PCIE-16GB
GCC: gcc (GCC) 5.3.0
PyTorch: 1.3.1+cu100
PyTorch compiling details: PyTorch built with:
  - GCC 7.3
  - Intel(R) Math Kernel Library Version 2019.0.4 Product Build 20190411 for Intel(R) 64 architecture applications
  - Intel(R) MKL-DNN v0.20.5 (Git Hash 0125f28c61c1f822fd48570b4c1066f96fcb9b2e)
  - OpenMP 201511 (a.k.a. OpenMP 4.5)
  - NNPACK is enabled
  - CUDA Runtime 10.0
  - NVCC architecture flags: -gencode;arch=compute_37,code=sm_37;-gencode;arch=compute_50,code=sm_50;-gencode;arch=compute_60,code=sm_60;-gencode;arch=compute_61,code=sm_61;-gencode;arch=compute_70,code=sm_70;-gencode;arch=compute_75,code=sm_75;-gencode;arch=compute_37,code=compute_37
  - CuDNN 7.6.3
  - Magma 2.5.1
  - Build settings: BLAS=MKL, BUILD_NAMEDTENSOR=OFF, BUILD_TYPE=Release, CXX_FLAGS= -Wno-deprecated -fvisibility-inlines-hidden -fopenmp -DUSE_FBGEMM -DUSE_QNNPACK -DUSE_PYTORCH_QNNPACK -O2 -fPIC -Wno-narrowing -Wall -Wextra -Wno-missing-field-initializers -Wno-type-limits -Wno-array-bounds -Wno-unknown-pragmas -Wno-sign-compare -Wno-unused-parameter -Wno-unused-variable -Wno-unused-function -Wno-unused-result -Wno-strict-overflow -Wno-strict-aliasing -Wno-error=deprecated-declarations -Wno-stringop-overflow -Wno-error=pedantic -Wno-error=redundant-decls -Wno-error=old-style-cast -fdiagnostics-color=always -faligned-new -Wno-unused-but-set-variable -Wno-maybe-uninitialized -fno-math-errno -fno-trapping-math -Wno-stringop-overflow, DISABLE_NUMA=1, PERF_WITH_AVX=1, PERF_WITH_AVX2=1, PERF_WITH_AVX512=1, USE_CUDA=True, USE_EXCEPTION_PTR=1, USE_GFLAGS=OFF, USE_GLOG=OFF, USE_MKL=ON, USE_MKLDNN=ON, USE_MPI=OFF, USE_NCCL=ON, USE_NNPACK=ON, USE_OPENMP=ON, USE_STATIC_DISPATCH=OFF, 

TorchVision: 0.4.2+cu100
OpenCV: 4.4.0
MMCV: 1.0.5
MMDetection: 2.3.0+788fa8d
MMDetection Compiler: GCC 7.3
MMDetection CUDA Compiler: 10.0
------------------------------------------------------------

2020-11-24 12:24:51,456 - mmdet - INFO - Distributed training: False
2020-11-24 12:24:51,892 - mmdet - INFO - Config:
model = dict(
    type='FasterRCNN',
    pretrained='torchvision://resnet50',
    backbone=dict(
        type='ResNet',
        depth=50,
        num_stages=4,
        out_indices=(0, 1, 2, 3),
        frozen_stages=1,
        norm_cfg=dict(type='BN', requires_grad=True),
        norm_eval=True,
        style='pytorch'),
    neck=dict(
        type='FPN',
        in_channels=[256, 512, 1024, 2048],
        out_channels=256,
        num_outs=5),
    rpn_head=dict(
        type='RPNHead',
        in_channels=256,
        feat_channels=256,
        anchor_generator=dict(
            type='AnchorGenerator',
            scales=[8],
            ratios=[0.5, 1.0, 2.0],
            strides=[4, 8, 16, 32, 64]),
        bbox_coder=dict(
            type='DeltaXYWHBBoxCoder',
            target_means=[0.0, 0.0, 0.0, 0.0],
            target_stds=[1.0, 1.0, 1.0, 1.0]),
        loss_cls=dict(
            type='CrossEntropyLoss', use_sigmoid=True, loss_weight=1.0),
        loss_bbox=dict(type='L1Loss', loss_weight=1.0)),
    roi_head=dict(
        type='StandardRoIHead',
        bbox_roi_extractor=dict(
            type='SingleRoIExtractor',
            roi_layer=dict(type='RoIAlign', output_size=7, sampling_ratio=0),
            out_channels=256,
            featmap_strides=[4, 8, 16, 32]),
        bbox_head=dict(
            type='Shared2FCBBoxHead',
            in_channels=256,
            fc_out_channels=1024,
            roi_feat_size=7,
            num_classes=2,
            bbox_coder=dict(
                type='DeltaXYWHBBoxCoder',
                target_means=[0.0, 0.0, 0.0, 0.0],
                target_stds=[0.1, 0.1, 0.2, 0.2]),
            reg_class_agnostic=False,
            loss_cls=dict(
                type='CrossEntropyLoss', use_sigmoid=False, loss_weight=1.0),
            loss_bbox=dict(type='L1Loss', loss_weight=1.0))))
train_cfg = dict(
    rpn=dict(
        assigner=dict(
            type='MaxIoUAssigner',
            pos_iou_thr=0.7,
            neg_iou_thr=0.3,
            min_pos_iou=0.3,
            match_low_quality=True,
            ignore_iof_thr=-1),
        sampler=dict(
            type='RandomSampler',
            num=256,
            pos_fraction=0.5,
            neg_pos_ub=-1,
            add_gt_as_proposals=False),
        allowed_border=-1,
        pos_weight=-1,
        debug=False),
    rpn_proposal=dict(
        nms_across_levels=False,
        nms_pre=2000,
        nms_post=1000,
        max_num=1000,
        nms_thr=0.7,
        min_bbox_size=0),
    rcnn=dict(
        assigner=dict(
            type='MaxIoUAssigner',
            pos_iou_thr=0.5,
            neg_iou_thr=0.5,
            min_pos_iou=0.5,
            match_low_quality=False,
            ignore_iof_thr=-1),
        sampler=dict(
            type='RandomSampler',
            num=512,
            pos_fraction=0.25,
            neg_pos_ub=-1,
            add_gt_as_proposals=True),
        pos_weight=-1,
        debug=False))
test_cfg = dict(
    rpn=dict(
        nms_across_levels=False,
        nms_pre=1000,
        nms_post=1000,
        max_num=1000,
        nms_thr=0.7,
        min_bbox_size=0),
    rcnn=dict(
        score_thr=0.05,
        nms=dict(type='nms', iou_threshold=0.5),
        max_per_img=100))
dataset_type = 'CocoDataset'
data_root = 'data/coco/'
img_norm_cfg = dict(
    mean=[123.675, 116.28, 103.53], std=[58.395, 57.12, 57.375], to_rgb=True)
train_pipeline = [
    dict(type='LoadImageFromFile'),
    dict(type='LoadAnnotations', with_bbox=True),
    dict(type='Resize', img_scale=(1550, 1550), keep_ratio=True),
    dict(type='RandomFlip', flip_ratio=0.5),
    dict(
        type='Normalize',
        mean=[123.675, 116.28, 103.53],
        std=[58.395, 57.12, 57.375],
        to_rgb=True),
    dict(type='Pad', size_divisor=32),
    dict(type='DefaultFormatBundle'),
    dict(type='Collect', keys=['img', 'gt_bboxes', 'gt_labels'])
]
test_pipeline = [
    dict(type='LoadImageFromFile'),
    dict(
        type='MultiScaleFlipAug',
        img_scale=(1550, 1550),
        flip=False,
        transforms=[
            dict(type='Resize', keep_ratio=True),
            dict(type='RandomFlip'),
            dict(
                type='Normalize',
                mean=[123.675, 116.28, 103.53],
                std=[58.395, 57.12, 57.375],
                to_rgb=True),
            dict(type='Pad', size_divisor=32),
            dict(type='ImageToTensor', keys=['img']),
            dict(type='Collect', keys=['img'])
        ])
]
data = dict(
    samples_per_gpu=2,
    workers_per_gpu=2,
    train=dict(
        type='CocoDataset',
        ann_file='data/coco/annotations/annotations_trai.json',
        img_prefix='data/coco/img/',
        pipeline=[
            dict(type='LoadImageFromFile'),
            dict(type='LoadAnnotations', with_bbox=True),
            dict(type='Resize', img_scale=(1550, 1550), keep_ratio=True),
            dict(type='RandomFlip', flip_ratio=0.5),
            dict(
                type='Normalize',
                mean=[123.675, 116.28, 103.53],
                std=[58.395, 57.12, 57.375],
                to_rgb=True),
            dict(type='Pad', size_divisor=32),
            dict(type='DefaultFormatBundle'),
            dict(type='Collect', keys=['img', 'gt_bboxes', 'gt_labels'])
        ]),
    val=dict(
        type='CocoDataset',
        ann_file='data/coco/annotations/annotations_test.json',
        img_prefix='data/coco/img/',
        pipeline=[
            dict(type='LoadImageFromFile'),
            dict(
                type='MultiScaleFlipAug',
                img_scale=(1550, 1550),
                flip=False,
                transforms=[
                    dict(type='Resize', keep_ratio=True),
                    dict(type='RandomFlip'),
                    dict(
                        type='Normalize',
                        mean=[123.675, 116.28, 103.53],
                        std=[58.395, 57.12, 57.375],
                        to_rgb=True),
                    dict(type='Pad', size_divisor=32),
                    dict(type='ImageToTensor', keys=['img']),
                    dict(type='Collect', keys=['img'])
                ])
        ]),
    test=dict(
        type='CocoDataset',
        ann_file='data/coco/annotations/annotations_vals.json',
        img_prefix='data/coco/img/',
        pipeline=[
            dict(type='LoadImageFromFile'),
            dict(
                type='MultiScaleFlipAug',
                img_scale=(1550, 1550),
                flip=False,
                transforms=[
                    dict(type='Resize', keep_ratio=True),
                    dict(type='RandomFlip'),
                    dict(
                        type='Normalize',
                        mean=[123.675, 116.28, 103.53],
                        std=[58.395, 57.12, 57.375],
                        to_rgb=True),
                    dict(type='Pad', size_divisor=32),
                    dict(type='ImageToTensor', keys=['img']),
                    dict(type='Collect', keys=['img'])
                ])
        ]))
evaluation = dict(interval=1, metric='bbox')
optimizer = dict(type='SGD', lr=0.01, momentum=0.9, weight_decay=0.0001)
optimizer_config = dict(grad_clip=None)
lr_config = dict(
    policy='step',
    warmup='linear',
    warmup_iters=500,
    warmup_ratio=0.001,
    step=[8, 11])
total_epochs = 4
checkpoint_config = dict(interval=4)
log_config = dict(interval=100, hooks=[dict(type='TextLoggerHook')])
dist_params = dict(backend='nccl')
log_level = 'INFO'
load_from = '/home/admin/.cache/torch/checkpoints/X.pth'
resume_from = None
workflow = [('train', 2), ('val', 1)]
work_dir = '/home/admin/jupyter/SecurityAI_Round5/data/work'
gpu_ids = range(0, 1)

2020-11-24 12:24:52,393 - mmdet - INFO - load model from: torchvision://resnet50
2020-11-24 12:25:00,439 - mmdet - WARNING - The model and loaded state dict do not match exactly

unexpected key in source state_dict: fc.weight, fc.bias

2020-11-24 12:25:11,111 - mmdet - INFO - load checkpoint from /home/admin/.cache/torch/checkpoints/X.pth
2020-11-24 12:25:18,004 - mmdet - INFO - Start running, host: admin@fuxilabor_labor0_S4_Odps_S96_dsw_prepaid_cnsh_838_2020112401190, work_dir: /home/admin/jupyter/SecurityAI_Round5/data/work
2020-11-24 12:25:18,004 - mmdet - INFO - workflow: [('train', 2), ('val', 1)], max: 4 epochs
2020-11-24 12:26:35,591 - mmdet - INFO - Epoch [1][100/626]	lr: 1.988e-03, eta: 0:31:00, time: 0.774, data_time: 0.033, memory: 8021, loss_rpn_cls: 0.0025, loss_rpn_bbox: 0.0252, loss_cls: 0.0295, acc: 98.8105, loss_bbox: 0.0690, loss: 0.1261
2020-11-24 12:27:50,349 - mmdet - INFO - Epoch [1][200/626]	lr: 3.986e-03, eta: 0:29:12, time: 0.748, data_time: 0.012, memory: 8134, loss_rpn_cls: 0.0016, loss_rpn_bbox: 0.0194, loss_cls: 0.0237, acc: 99.0459, loss_bbox: 0.0562, loss: 0.1008
2020-11-24 12:29:05,331 - mmdet - INFO - Epoch [1][300/626]	lr: 5.984e-03, eta: 0:27:48, time: 0.750, data_time: 0.012, memory: 10073, loss_rpn_cls: 0.0016, loss_rpn_bbox: 0.0224, loss_cls: 0.0247, acc: 98.9795, loss_bbox: 0.0626, loss: 0.1113
2020-11-24 12:30:20,367 - mmdet - INFO - Epoch [1][400/626]	lr: 7.982e-03, eta: 0:26:29, time: 0.750, data_time: 0.012, memory: 10073, loss_rpn_cls: 0.0024, loss_rpn_bbox: 0.0264, loss_cls: 0.0312, acc: 98.6738, loss_bbox: 0.0687, loss: 0.1286
2020-11-24 12:31:35,023 - mmdet - INFO - Epoch [1][500/626]	lr: 9.980e-03, eta: 0:25:10, time: 0.747, data_time: 0.012, memory: 10073, loss_rpn_cls: 0.0017, loss_rpn_bbox: 0.0274, loss_cls: 0.0266, acc: 98.8701, loss_bbox: 0.0631, loss: 0.1188
2020-11-24 12:32:50,029 - mmdet - INFO - Epoch [1][600/626]	lr: 1.000e-02, eta: 0:23:53, time: 0.750, data_time: 0.012, memory: 11909, loss_rpn_cls: 0.0019, loss_rpn_bbox: 0.0276, loss_cls: 0.0275, acc: 98.7988, loss_bbox: 0.0674, loss: 0.1244
2020-11-24 12:33:32,638 - mmdet - INFO - Evaluating bbox...
2020-11-24 12:33:34,768 - mmdet - INFO - Epoch [1][626/626]	lr: 1.000e-02, bbox_mAP: 0.8650, bbox_mAP_50: 0.9140, bbox_mAP_75: 0.9090, bbox_mAP_s: 0.6030, bbox_mAP_m: 0.9030, bbox_mAP_l: 0.9450, bbox_mAP_copypaste: 0.865 0.914 0.909 0.603 0.903 0.945
2020-11-24 12:34:51,949 - mmdet - INFO - Epoch [2][100/626]	lr: 1.000e-02, eta: 0:21:35, time: 0.770, data_time: 0.034, memory: 11909, loss_rpn_cls: 0.0024, loss_rpn_bbox: 0.0280, loss_cls: 0.0306, acc: 98.7002, loss_bbox: 0.0702, loss: 0.1312
2020-11-24 12:36:07,176 - mmdet - INFO - Epoch [2][200/626]	lr: 1.000e-02, eta: 0:20:27, time: 0.752, data_time: 0.012, memory: 11909, loss_rpn_cls: 0.0025, loss_rpn_bbox: 0.0288, loss_cls: 0.0261, acc: 98.9102, loss_bbox: 0.0679, loss: 0.1254
2020-11-24 12:37:22,107 - mmdet - INFO - Epoch [2][300/626]	lr: 1.000e-02, eta: 0:19:17, time: 0.749, data_time: 0.012, memory: 11909, loss_rpn_cls: 0.0017, loss_rpn_bbox: 0.0281, loss_cls: 0.0268, acc: 98.9023, loss_bbox: 0.0635, loss: 0.1200
2020-11-24 12:38:37,202 - mmdet - INFO - Epoch [2][400/626]	lr: 1.000e-02, eta: 0:18:06, time: 0.751, data_time: 0.012, memory: 11909, loss_rpn_cls: 0.0023, loss_rpn_bbox: 0.0288, loss_cls: 0.0315, acc: 98.6787, loss_bbox: 0.0693, loss: 0.1320
2020-11-24 12:39:51,578 - mmdet - INFO - Epoch [2][500/626]	lr: 1.000e-02, eta: 0:16:53, time: 0.744, data_time: 0.012, memory: 11909, loss_rpn_cls: 0.0031, loss_rpn_bbox: 0.0289, loss_cls: 0.0290, acc: 98.7803, loss_bbox: 0.0674, loss: 0.1284
2020-11-24 12:41:06,282 - mmdet - INFO - Epoch [2][600/626]	lr: 1.000e-02, eta: 0:15:41, time: 0.747, data_time: 0.012, memory: 11909, loss_rpn_cls: 0.0027, loss_rpn_bbox: 0.0288, loss_cls: 0.0308, acc: 98.7656, loss_bbox: 0.0695, loss: 0.1317
2020-11-24 12:41:48,855 - mmdet - INFO - Evaluating bbox...
2020-11-24 12:41:51,245 - mmdet - INFO - Epoch [2][626/626]	lr: 1.000e-02, bbox_mAP: 0.8540, bbox_mAP_50: 0.9080, bbox_mAP_75: 0.9020, bbox_mAP_s: 0.5930, bbox_mAP_m: 0.8890, bbox_mAP_l: 0.9260, bbox_mAP_copypaste: 0.854 0.908 0.902 0.593 0.889 0.926
2020-11-24 12:42:20,354 - mmdet - INFO - Epoch(train) [2][72]	loss_rpn_cls: 0.0034, loss_rpn_bbox: 0.0306, loss_cls: 0.0372, acc: 98.3873, loss_bbox: 0.0776, loss: 0.1488
2020-11-24 12:43:37,515 - mmdet - INFO - Epoch [3][100/626]	lr: 1.000e-02, eta: 0:13:55, time: 0.770, data_time: 0.034, memory: 11909, loss_rpn_cls: 0.0025, loss_rpn_bbox: 0.0294, loss_cls: 0.0295, acc: 98.8379, loss_bbox: 0.0728, loss: 0.1342
2020-11-24 12:44:52,483 - mmdet - INFO - Epoch [3][200/626]	lr: 1.000e-02, eta: 0:12:44, time: 0.750, data_time: 0.012, memory: 11909, loss_rpn_cls: 0.0020, loss_rpn_bbox: 0.0281, loss_cls: 0.0262, acc: 98.8555, loss_bbox: 0.0672, loss: 0.1234
2020-11-24 12:46:07,331 - mmdet - INFO - Epoch [3][300/626]	lr: 1.000e-02, eta: 0:11:33, time: 0.748, data_time: 0.012, memory: 11909, loss_rpn_cls: 0.0027, loss_rpn_bbox: 0.0317, loss_cls: 0.0398, acc: 98.2520, loss_bbox: 0.0778, loss: 0.1519
2020-11-24 12:47:22,410 - mmdet - INFO - Epoch [3][400/626]	lr: 1.000e-02, eta: 0:10:21, time: 0.751, data_time: 0.012, memory: 11909, loss_rpn_cls: 0.0020, loss_rpn_bbox: 0.0300, loss_cls: 0.0297, acc: 98.7666, loss_bbox: 0.0751, loss: 0.1369
2020-11-24 12:48:37,651 - mmdet - INFO - Epoch [3][500/626]	lr: 1.000e-02, eta: 0:09:09, time: 0.752, data_time: 0.012, memory: 11909, loss_rpn_cls: 0.0029, loss_rpn_bbox: 0.0296, loss_cls: 0.0307, acc: 98.6582, loss_bbox: 0.0691, loss: 0.1323
2020-11-24 12:49:52,648 - mmdet - INFO - Epoch [3][600/626]	lr: 1.000e-02, eta: 0:07:57, time: 0.750, data_time: 0.012, memory: 11909, loss_rpn_cls: 0.0023, loss_rpn_bbox: 0.0289, loss_cls: 0.0278, acc: 98.8525, loss_bbox: 0.0668, loss: 0.1258
2020-11-24 12:50:35,246 - mmdet - INFO - Evaluating bbox...
2020-11-24 12:50:37,368 - mmdet - INFO - Epoch [3][626/626]	lr: 1.000e-02, bbox_mAP: 0.8580, bbox_mAP_50: 0.9120, bbox_mAP_75: 0.9030, bbox_mAP_s: 0.5850, bbox_mAP_m: 0.8840, bbox_mAP_l: 0.9350, bbox_mAP_copypaste: 0.858 0.912 0.903 0.585 0.884 0.935
2020-11-24 12:51:54,853 - mmdet - INFO - Epoch [4][100/626]	lr: 1.000e-02, eta: 0:06:20, time: 0.773, data_time: 0.034, memory: 11909, loss_rpn_cls: 0.0028, loss_rpn_bbox: 0.0292, loss_cls: 0.0302, acc: 98.7090, loss_bbox: 0.0741, loss: 0.1363
2020-11-24 12:53:09,765 - mmdet - INFO - Epoch [4][200/626]	lr: 1.000e-02, eta: 0:05:09, time: 0.749, data_time: 0.012, memory: 11909, loss_rpn_cls: 0.0029, loss_rpn_bbox: 0.0291, loss_cls: 0.0318, acc: 98.6494, loss_bbox: 0.0702, loss: 0.1339
2020-11-24 12:54:24,861 - mmdet - INFO - Epoch [4][300/626]	lr: 1.000e-02, eta: 0:03:56, time: 0.751, data_time: 0.012, memory: 11909, loss_rpn_cls: 0.0024, loss_rpn_bbox: 0.0308, loss_cls: 0.0340, acc: 98.5469, loss_bbox: 0.0752, loss: 0.1424
2020-11-24 12:55:39,692 - mmdet - INFO - Epoch [4][400/626]	lr: 1.000e-02, eta: 0:02:44, time: 0.748, data_time: 0.012, memory: 11909, loss_rpn_cls: 0.0029, loss_rpn_bbox: 0.0295, loss_cls: 0.0301, acc: 98.7510, loss_bbox: 0.0688, loss: 0.1313
2020-11-24 12:56:54,547 - mmdet - INFO - Epoch [4][500/626]	lr: 1.000e-02, eta: 0:01:31, time: 0.749, data_time: 0.012, memory: 11909, loss_rpn_cls: 0.0028, loss_rpn_bbox: 0.0284, loss_cls: 0.0292, acc: 98.8477, loss_bbox: 0.0689, loss: 0.1293
2020-11-24 12:58:09,606 - mmdet - INFO - Epoch [4][600/626]	lr: 1.000e-02, eta: 0:00:18, time: 0.751, data_time: 0.012, memory: 11909, loss_rpn_cls: 0.0016, loss_rpn_bbox: 0.0275, loss_cls: 0.0298, acc: 98.7754, loss_bbox: 0.0712, loss: 0.1301
2020-11-24 12:58:28,914 - mmdet - INFO - Saving checkpoint at 4 epochs
2020-11-24 12:58:53,763 - mmdet - INFO - Evaluating bbox...
2020-11-24 12:58:55,965 - mmdet - INFO - Epoch [4][626/626]	lr: 1.000e-02, bbox_mAP: 0.8520, bbox_mAP_50: 0.9130, bbox_mAP_75: 0.9030, bbox_mAP_s: 0.5860, bbox_mAP_m: 0.8680, bbox_mAP_l: 0.9280, bbox_mAP_copypaste: 0.852 0.913 0.903 0.586 0.868 0.928
2020-11-24 12:59:25,104 - mmdet - INFO - Epoch(train) [4][72]	loss_rpn_cls: 0.0029, loss_rpn_bbox: 0.0293, loss_cls: 0.0445, acc: 98.0075, loss_bbox: 0.0864, loss: 0.1631
