2020-11-17 17:21:23,743 - mmdet - INFO - Environment info:
------------------------------------------------------------
sys.platform: linux
Python: 3.6.4 |Anaconda, Inc.| (default, Jan 16 2018, 18:10:19) [GCC 7.2.0]
CUDA available: True
CUDA_HOME: /usr/local/cuda
NVCC: Cuda compilation tools, release 10.0, V10.0.130
GPU 0: Tesla P100-PCIE-16GB
GCC: gcc (GCC) 5.3.0
PyTorch: 1.3.1+cu100
PyTorch compiling details: PyTorch built with:
  - GCC 7.3
  - Intel(R) Math Kernel Library Version 2019.0.4 Product Build 20190411 for Intel(R) 64 architecture applications
  - Intel(R) MKL-DNN v0.20.5 (Git Hash 0125f28c61c1f822fd48570b4c1066f96fcb9b2e)
  - OpenMP 201511 (a.k.a. OpenMP 4.5)
  - NNPACK is enabled
  - CUDA Runtime 10.0
  - NVCC architecture flags: -gencode;arch=compute_37,code=sm_37;-gencode;arch=compute_50,code=sm_50;-gencode;arch=compute_60,code=sm_60;-gencode;arch=compute_61,code=sm_61;-gencode;arch=compute_70,code=sm_70;-gencode;arch=compute_75,code=sm_75;-gencode;arch=compute_37,code=compute_37
  - CuDNN 7.6.3
  - Magma 2.5.1
  - Build settings: BLAS=MKL, BUILD_NAMEDTENSOR=OFF, BUILD_TYPE=Release, CXX_FLAGS= -Wno-deprecated -fvisibility-inlines-hidden -fopenmp -DUSE_FBGEMM -DUSE_QNNPACK -DUSE_PYTORCH_QNNPACK -O2 -fPIC -Wno-narrowing -Wall -Wextra -Wno-missing-field-initializers -Wno-type-limits -Wno-array-bounds -Wno-unknown-pragmas -Wno-sign-compare -Wno-unused-parameter -Wno-unused-variable -Wno-unused-function -Wno-unused-result -Wno-strict-overflow -Wno-strict-aliasing -Wno-error=deprecated-declarations -Wno-stringop-overflow -Wno-error=pedantic -Wno-error=redundant-decls -Wno-error=old-style-cast -fdiagnostics-color=always -faligned-new -Wno-unused-but-set-variable -Wno-maybe-uninitialized -fno-math-errno -fno-trapping-math -Wno-stringop-overflow, DISABLE_NUMA=1, PERF_WITH_AVX=1, PERF_WITH_AVX2=1, PERF_WITH_AVX512=1, USE_CUDA=True, USE_EXCEPTION_PTR=1, USE_GFLAGS=OFF, USE_GLOG=OFF, USE_MKL=ON, USE_MKLDNN=ON, USE_MPI=OFF, USE_NCCL=ON, USE_NNPACK=ON, USE_OPENMP=ON, USE_STATIC_DISPATCH=OFF, 

TorchVision: 0.4.2+cu100
OpenCV: 4.4.0
MMCV: 1.0.5
MMDetection: 2.3.0+788fa8d
MMDetection Compiler: GCC 7.3
MMDetection CUDA Compiler: 10.0
------------------------------------------------------------

2020-11-17 17:21:23,743 - mmdet - INFO - Distributed training: False
2020-11-17 17:21:24,142 - mmdet - INFO - Config:
model = dict(
    type='FasterRCNN',
    pretrained='torchvision://resnet50',
    backbone=dict(
        type='ResNet',
        depth=50,
        num_stages=4,
        out_indices=(0, 1, 2, 3),
        frozen_stages=1,
        norm_cfg=dict(type='BN', requires_grad=True),
        norm_eval=True,
        style='pytorch'),
    neck=dict(
        type='FPN',
        in_channels=[256, 512, 1024, 2048],
        out_channels=256,
        num_outs=5),
    rpn_head=dict(
        type='RPNHead',
        in_channels=256,
        feat_channels=256,
        anchor_generator=dict(
            type='AnchorGenerator',
            scales=[8],
            ratios=[0.5, 1.0, 2.0],
            strides=[4, 8, 16, 32, 64]),
        bbox_coder=dict(
            type='DeltaXYWHBBoxCoder',
            target_means=[0.0, 0.0, 0.0, 0.0],
            target_stds=[1.0, 1.0, 1.0, 1.0]),
        loss_cls=dict(
            type='CrossEntropyLoss', use_sigmoid=True, loss_weight=1.0),
        loss_bbox=dict(type='L1Loss', loss_weight=1.0)),
    roi_head=dict(
        type='StandardRoIHead',
        bbox_roi_extractor=dict(
            type='SingleRoIExtractor',
            roi_layer=dict(type='RoIAlign', output_size=7, sampling_ratio=0),
            out_channels=256,
            featmap_strides=[4, 8, 16, 32]),
        bbox_head=dict(
            type='Shared2FCBBoxHead',
            in_channels=256,
            fc_out_channels=1024,
            roi_feat_size=7,
            num_classes=2,
            bbox_coder=dict(
                type='DeltaXYWHBBoxCoder',
                target_means=[0.0, 0.0, 0.0, 0.0],
                target_stds=[0.1, 0.1, 0.2, 0.2]),
            reg_class_agnostic=False,
            loss_cls=dict(
                type='CrossEntropyLoss', use_sigmoid=False, loss_weight=1.0),
            loss_bbox=dict(type='L1Loss', loss_weight=1.0))))
train_cfg = dict(
    rpn=dict(
        assigner=dict(
            type='MaxIoUAssigner',
            pos_iou_thr=0.7,
            neg_iou_thr=0.3,
            min_pos_iou=0.3,
            match_low_quality=True,
            ignore_iof_thr=-1),
        sampler=dict(
            type='RandomSampler',
            num=256,
            pos_fraction=0.5,
            neg_pos_ub=-1,
            add_gt_as_proposals=False),
        allowed_border=-1,
        pos_weight=-1,
        debug=False),
    rpn_proposal=dict(
        nms_across_levels=False,
        nms_pre=2000,
        nms_post=1000,
        max_num=1000,
        nms_thr=0.7,
        min_bbox_size=0),
    rcnn=dict(
        assigner=dict(
            type='MaxIoUAssigner',
            pos_iou_thr=0.5,
            neg_iou_thr=0.5,
            min_pos_iou=0.5,
            match_low_quality=False,
            ignore_iof_thr=-1),
        sampler=dict(
            type='RandomSampler',
            num=512,
            pos_fraction=0.25,
            neg_pos_ub=-1,
            add_gt_as_proposals=True),
        pos_weight=-1,
        debug=False))
test_cfg = dict(
    rpn=dict(
        nms_across_levels=False,
        nms_pre=1000,
        nms_post=1000,
        max_num=1000,
        nms_thr=0.7,
        min_bbox_size=0),
    rcnn=dict(
        score_thr=0.05,
        nms=dict(type='nms', iou_threshold=0.5),
        max_per_img=100))
dataset_type = 'CocoDataset'
data_root = 'data/coco/'
img_norm_cfg = dict(
    mean=[123.675, 116.28, 103.53], std=[58.395, 57.12, 57.375], to_rgb=True)
train_pipeline = [
    dict(type='LoadImageFromFile'),
    dict(type='LoadAnnotations', with_bbox=True),
    dict(type='Resize', img_scale=(1550, 1550), keep_ratio=True),
    dict(type='RandomFlip', flip_ratio=0.5),
    dict(
        type='Normalize',
        mean=[123.675, 116.28, 103.53],
        std=[58.395, 57.12, 57.375],
        to_rgb=True),
    dict(type='Pad', size_divisor=32),
    dict(type='DefaultFormatBundle'),
    dict(type='Collect', keys=['img', 'gt_bboxes', 'gt_labels'])
]
test_pipeline = [
    dict(type='LoadImageFromFile'),
    dict(
        type='MultiScaleFlipAug',
        img_scale=(1550, 1550),
        flip=False,
        transforms=[
            dict(type='Resize', keep_ratio=True),
            dict(type='RandomFlip'),
            dict(
                type='Normalize',
                mean=[123.675, 116.28, 103.53],
                std=[58.395, 57.12, 57.375],
                to_rgb=True),
            dict(type='Pad', size_divisor=32),
            dict(type='ImageToTensor', keys=['img']),
            dict(type='Collect', keys=['img'])
        ])
]
data = dict(
    samples_per_gpu=2,
    workers_per_gpu=2,
    train=dict(
        type='CocoDataset',
        ann_file='data/coco/annotations/annotations_trai.json',
        img_prefix='data/coco/img/',
        pipeline=[
            dict(type='LoadImageFromFile'),
            dict(type='LoadAnnotations', with_bbox=True),
            dict(type='Resize', img_scale=(1550, 1550), keep_ratio=True),
            dict(type='RandomFlip', flip_ratio=0.5),
            dict(
                type='Normalize',
                mean=[123.675, 116.28, 103.53],
                std=[58.395, 57.12, 57.375],
                to_rgb=True),
            dict(type='Pad', size_divisor=32),
            dict(type='DefaultFormatBundle'),
            dict(type='Collect', keys=['img', 'gt_bboxes', 'gt_labels'])
        ]),
    val=dict(
        type='CocoDataset',
        ann_file='data/coco/annotations/annotations_test.json',
        img_prefix='data/coco/img/',
        pipeline=[
            dict(type='LoadImageFromFile'),
            dict(
                type='MultiScaleFlipAug',
                img_scale=(1550, 1550),
                flip=False,
                transforms=[
                    dict(type='Resize', keep_ratio=True),
                    dict(type='RandomFlip'),
                    dict(
                        type='Normalize',
                        mean=[123.675, 116.28, 103.53],
                        std=[58.395, 57.12, 57.375],
                        to_rgb=True),
                    dict(type='Pad', size_divisor=32),
                    dict(type='ImageToTensor', keys=['img']),
                    dict(type='Collect', keys=['img'])
                ])
        ]),
    test=dict(
        type='CocoDataset',
        ann_file='data/coco/annotations/annotations_vals.json',
        img_prefix='data/coco/img/',
        pipeline=[
            dict(type='LoadImageFromFile'),
            dict(
                type='MultiScaleFlipAug',
                img_scale=(1550, 1550),
                flip=False,
                transforms=[
                    dict(type='Resize', keep_ratio=True),
                    dict(type='RandomFlip'),
                    dict(
                        type='Normalize',
                        mean=[123.675, 116.28, 103.53],
                        std=[58.395, 57.12, 57.375],
                        to_rgb=True),
                    dict(type='Pad', size_divisor=32),
                    dict(type='ImageToTensor', keys=['img']),
                    dict(type='Collect', keys=['img'])
                ])
        ]))
evaluation = dict(interval=1, metric='bbox')
optimizer = dict(type='SGD', lr=0.01, momentum=0.9, weight_decay=0.0001)
optimizer_config = dict(grad_clip=None)
lr_config = dict(
    policy='step',
    warmup='linear',
    warmup_iters=500,
    warmup_ratio=0.001,
    step=[8, 11])
total_epochs = 4
checkpoint_config = dict(interval=4)
log_config = dict(interval=100, hooks=[dict(type='TextLoggerHook')])
dist_params = dict(backend='nccl')
log_level = 'INFO'
load_from = '/home/admin/.cache/torch/checkpoints/X.pth'
resume_from = None
workflow = [('train', 2), ('val', 1)]
work_dir = '/home/admin/jupyter/SecurityAI_Round5/data/work'
gpu_ids = range(0, 1)

2020-11-17 17:21:24,650 - mmdet - INFO - load model from: torchvision://resnet50
2020-11-17 17:21:32,849 - mmdet - WARNING - The model and loaded state dict do not match exactly

unexpected key in source state_dict: fc.weight, fc.bias

2020-11-17 17:21:43,483 - mmdet - INFO - load checkpoint from /home/admin/.cache/torch/checkpoints/X.pth
2020-11-17 17:21:50,542 - mmdet - INFO - Start running, host: admin@fuxilabor_labor0_S4_Odps_S96_dsw_prepaid_cnsh_838_2020111707413, work_dir: /home/admin/jupyter/SecurityAI_Round5/data/work
2020-11-17 17:21:50,542 - mmdet - INFO - workflow: [('train', 2), ('val', 1)], max: 4 epochs
2020-11-17 17:23:07,920 - mmdet - INFO - Epoch [1][100/631]	lr: 1.988e-03, eta: 0:31:11, time: 0.772, data_time: 0.034, memory: 9525, loss_rpn_cls: 0.0735, loss_rpn_bbox: 0.1021, loss_cls: 0.1692, acc: 93.9375, loss_bbox: 0.1967, loss: 0.5416
2020-11-17 17:24:22,558 - mmdet - INFO - Epoch [1][200/631]	lr: 3.986e-03, eta: 0:29:24, time: 0.746, data_time: 0.012, memory: 9525, loss_rpn_cls: 0.0783, loss_rpn_bbox: 0.1072, loss_cls: 0.1783, acc: 93.4053, loss_bbox: 0.2150, loss: 0.5788
2020-11-17 17:25:37,429 - mmdet - INFO - Epoch [1][300/631]	lr: 5.984e-03, eta: 0:28:00, time: 0.749, data_time: 0.012, memory: 10048, loss_rpn_cls: 0.0711, loss_rpn_bbox: 0.1010, loss_cls: 0.1802, acc: 93.4072, loss_bbox: 0.2063, loss: 0.5586
2020-11-17 17:26:52,344 - mmdet - INFO - Epoch [1][400/631]	lr: 7.982e-03, eta: 0:26:41, time: 0.749, data_time: 0.012, memory: 11908, loss_rpn_cls: 0.0752, loss_rpn_bbox: 0.1178, loss_cls: 0.1900, acc: 92.9873, loss_bbox: 0.2214, loss: 0.6044
2020-11-17 17:28:07,042 - mmdet - INFO - Epoch [1][500/631]	lr: 9.980e-03, eta: 0:25:23, time: 0.747, data_time: 0.012, memory: 11908, loss_rpn_cls: 0.0931, loss_rpn_bbox: 0.1140, loss_cls: 0.1694, acc: 93.9453, loss_bbox: 0.1982, loss: 0.5746
2020-11-17 17:29:21,864 - mmdet - INFO - Epoch [1][600/631]	lr: 1.000e-02, eta: 0:24:06, time: 0.748, data_time: 0.012, memory: 11908, loss_rpn_cls: 0.0959, loss_rpn_bbox: 0.1344, loss_cls: 0.2055, acc: 92.4277, loss_bbox: 0.2305, loss: 0.6663
2020-11-17 17:30:09,962 - mmdet - INFO - Evaluating bbox...
2020-11-17 17:30:16,250 - mmdet - INFO - Epoch [1][631/631]	lr: 1.000e-02, bbox_mAP: 0.4860, bbox_mAP_50: 0.5820, bbox_mAP_75: 0.5010, bbox_mAP_s: 0.0270, bbox_mAP_m: 0.2070, bbox_mAP_l: 0.5510, bbox_mAP_copypaste: 0.486 0.582 0.501 0.027 0.207 0.551
2020-11-17 17:31:33,294 - mmdet - INFO - Epoch [2][100/631]	lr: 1.000e-02, eta: 0:21:35, time: 0.768, data_time: 0.034, memory: 11908, loss_rpn_cls: 0.0871, loss_rpn_bbox: 0.1167, loss_cls: 0.1910, acc: 93.2500, loss_bbox: 0.2079, loss: 0.6026
2020-11-17 17:32:48,153 - mmdet - INFO - Epoch [2][200/631]	lr: 1.000e-02, eta: 0:20:28, time: 0.749, data_time: 0.012, memory: 11908, loss_rpn_cls: 0.0910, loss_rpn_bbox: 0.1246, loss_cls: 0.1904, acc: 93.2598, loss_bbox: 0.2121, loss: 0.6182
2020-11-17 17:34:02,790 - mmdet - INFO - Epoch [2][300/631]	lr: 1.000e-02, eta: 0:19:19, time: 0.746, data_time: 0.012, memory: 11908, loss_rpn_cls: 0.0812, loss_rpn_bbox: 0.1194, loss_cls: 0.1764, acc: 93.6143, loss_bbox: 0.2020, loss: 0.5790
2020-11-17 17:35:17,355 - mmdet - INFO - Epoch [2][400/631]	lr: 1.000e-02, eta: 0:18:09, time: 0.746, data_time: 0.012, memory: 11908, loss_rpn_cls: 0.0813, loss_rpn_bbox: 0.1171, loss_cls: 0.1877, acc: 93.2119, loss_bbox: 0.2131, loss: 0.5991
2020-11-17 17:36:32,198 - mmdet - INFO - Epoch [2][500/631]	lr: 1.000e-02, eta: 0:16:58, time: 0.748, data_time: 0.012, memory: 11908, loss_rpn_cls: 0.0939, loss_rpn_bbox: 0.1154, loss_cls: 0.1769, acc: 93.5576, loss_bbox: 0.2005, loss: 0.5866
2020-11-17 17:37:47,097 - mmdet - INFO - Epoch [2][600/631]	lr: 1.000e-02, eta: 0:15:47, time: 0.749, data_time: 0.012, memory: 11908, loss_rpn_cls: 0.0793, loss_rpn_bbox: 0.1283, loss_cls: 0.1951, acc: 92.7480, loss_bbox: 0.2275, loss: 0.6302
2020-11-17 17:38:35,361 - mmdet - INFO - Evaluating bbox...
2020-11-17 17:38:41,794 - mmdet - INFO - Epoch [2][631/631]	lr: 1.000e-02, bbox_mAP: 0.4940, bbox_mAP_50: 0.5920, bbox_mAP_75: 0.5040, bbox_mAP_s: 0.0340, bbox_mAP_m: 0.2250, bbox_mAP_l: 0.5650, bbox_mAP_copypaste: 0.494 0.592 0.504 0.034 0.225 0.565
2020-11-17 17:39:12,808 - mmdet - INFO - Epoch(train) [2][76]	loss_rpn_cls: 0.0946, loss_rpn_bbox: 0.1279, loss_cls: 0.1902, acc: 93.2283, loss_bbox: 0.2140, loss: 0.6267
2020-11-17 17:40:29,704 - mmdet - INFO - Epoch [3][100/631]	lr: 1.000e-02, eta: 0:13:54, time: 0.767, data_time: 0.034, memory: 11908, loss_rpn_cls: 0.0701, loss_rpn_bbox: 0.1115, loss_cls: 0.1719, acc: 93.7539, loss_bbox: 0.2152, loss: 0.5688
2020-11-17 17:41:44,445 - mmdet - INFO - Epoch [3][200/631]	lr: 1.000e-02, eta: 0:12:45, time: 0.747, data_time: 0.012, memory: 11908, loss_rpn_cls: 0.1002, loss_rpn_bbox: 0.1139, loss_cls: 0.1862, acc: 93.3105, loss_bbox: 0.1981, loss: 0.5984
2020-11-17 17:42:59,262 - mmdet - INFO - Epoch [3][300/631]	lr: 1.000e-02, eta: 0:11:34, time: 0.748, data_time: 0.012, memory: 11908, loss_rpn_cls: 0.0910, loss_rpn_bbox: 0.1258, loss_cls: 0.1982, acc: 92.7803, loss_bbox: 0.2257, loss: 0.6406
2020-11-17 17:44:14,035 - mmdet - INFO - Epoch [3][400/631]	lr: 1.000e-02, eta: 0:10:23, time: 0.748, data_time: 0.013, memory: 11908, loss_rpn_cls: 0.0790, loss_rpn_bbox: 0.1134, loss_cls: 0.1710, acc: 93.8369, loss_bbox: 0.1978, loss: 0.5612
2020-11-17 17:45:28,703 - mmdet - INFO - Epoch [3][500/631]	lr: 1.000e-02, eta: 0:09:12, time: 0.747, data_time: 0.012, memory: 11908, loss_rpn_cls: 0.0768, loss_rpn_bbox: 0.1148, loss_cls: 0.1800, acc: 93.6133, loss_bbox: 0.2074, loss: 0.5791
2020-11-17 17:46:43,527 - mmdet - INFO - Epoch [3][600/631]	lr: 1.000e-02, eta: 0:08:00, time: 0.748, data_time: 0.013, memory: 11908, loss_rpn_cls: 0.0750, loss_rpn_bbox: 0.1123, loss_cls: 0.1753, acc: 93.5967, loss_bbox: 0.2007, loss: 0.5633
2020-11-17 17:47:31,634 - mmdet - INFO - Evaluating bbox...
2020-11-17 17:47:38,416 - mmdet - INFO - Epoch [3][631/631]	lr: 1.000e-02, bbox_mAP: 0.4790, bbox_mAP_50: 0.5760, bbox_mAP_75: 0.5010, bbox_mAP_s: 0.0370, bbox_mAP_m: 0.2530, bbox_mAP_l: 0.5590, bbox_mAP_copypaste: 0.479 0.576 0.501 0.037 0.253 0.559
2020-11-17 17:48:55,611 - mmdet - INFO - Epoch [4][100/631]	lr: 1.000e-02, eta: 0:06:20, time: 0.770, data_time: 0.034, memory: 11908, loss_rpn_cls: 0.0790, loss_rpn_bbox: 0.1132, loss_cls: 0.1871, acc: 93.2842, loss_bbox: 0.2093, loss: 0.5886
2020-11-17 17:50:10,338 - mmdet - INFO - Epoch [4][200/631]	lr: 1.000e-02, eta: 0:05:09, time: 0.747, data_time: 0.012, memory: 11908, loss_rpn_cls: 0.0863, loss_rpn_bbox: 0.1118, loss_cls: 0.1834, acc: 93.4404, loss_bbox: 0.1991, loss: 0.5806
2020-11-17 17:51:24,945 - mmdet - INFO - Epoch [4][300/631]	lr: 1.000e-02, eta: 0:03:58, time: 0.746, data_time: 0.012, memory: 11908, loss_rpn_cls: 0.0687, loss_rpn_bbox: 0.1210, loss_cls: 0.1860, acc: 93.2529, loss_bbox: 0.2237, loss: 0.5994
2020-11-17 17:52:39,813 - mmdet - INFO - Epoch [4][400/631]	lr: 1.000e-02, eta: 0:02:46, time: 0.749, data_time: 0.013, memory: 11908, loss_rpn_cls: 0.0691, loss_rpn_bbox: 0.1113, loss_cls: 0.1744, acc: 93.5859, loss_bbox: 0.2094, loss: 0.5642
2020-11-17 17:53:54,540 - mmdet - INFO - Epoch [4][500/631]	lr: 1.000e-02, eta: 0:01:34, time: 0.747, data_time: 0.013, memory: 11908, loss_rpn_cls: 0.0583, loss_rpn_bbox: 0.1065, loss_cls: 0.1770, acc: 93.4600, loss_bbox: 0.2268, loss: 0.5686
2020-11-17 17:55:09,291 - mmdet - INFO - Epoch [4][600/631]	lr: 1.000e-02, eta: 0:00:22, time: 0.747, data_time: 0.013, memory: 11908, loss_rpn_cls: 0.0679, loss_rpn_bbox: 0.1072, loss_cls: 0.1804, acc: 93.4229, loss_bbox: 0.2232, loss: 0.5788
2020-11-17 17:55:32,350 - mmdet - INFO - Saving checkpoint at 4 epochs
2020-11-17 17:55:59,345 - mmdet - INFO - Evaluating bbox...
2020-11-17 17:56:05,855 - mmdet - INFO - Epoch [4][631/631]	lr: 1.000e-02, bbox_mAP: 0.5130, bbox_mAP_50: 0.6030, bbox_mAP_75: 0.5300, bbox_mAP_s: 0.0330, bbox_mAP_m: 0.2560, bbox_mAP_l: 0.6030, bbox_mAP_copypaste: 0.513 0.603 0.530 0.033 0.256 0.603
2020-11-17 17:56:37,085 - mmdet - INFO - Epoch(train) [4][76]	loss_rpn_cls: 0.0898, loss_rpn_bbox: 0.1271, loss_cls: 0.1802, acc: 93.7783, loss_bbox: 0.2070, loss: 0.6041
