2020-11-21 08:26:07,617 - mmdet - INFO - Environment info:
------------------------------------------------------------
sys.platform: linux
Python: 3.6.4 |Anaconda, Inc.| (default, Jan 16 2018, 18:10:19) [GCC 7.2.0]
CUDA available: True
CUDA_HOME: /usr/local/cuda
NVCC: Cuda compilation tools, release 10.0, V10.0.130
GPU 0: Tesla P100-PCIE-16GB
GCC: gcc (GCC) 5.3.0
PyTorch: 1.3.1+cu100
PyTorch compiling details: PyTorch built with:
  - GCC 7.3
  - Intel(R) Math Kernel Library Version 2019.0.4 Product Build 20190411 for Intel(R) 64 architecture applications
  - Intel(R) MKL-DNN v0.20.5 (Git Hash 0125f28c61c1f822fd48570b4c1066f96fcb9b2e)
  - OpenMP 201511 (a.k.a. OpenMP 4.5)
  - NNPACK is enabled
  - CUDA Runtime 10.0
  - NVCC architecture flags: -gencode;arch=compute_37,code=sm_37;-gencode;arch=compute_50,code=sm_50;-gencode;arch=compute_60,code=sm_60;-gencode;arch=compute_61,code=sm_61;-gencode;arch=compute_70,code=sm_70;-gencode;arch=compute_75,code=sm_75;-gencode;arch=compute_37,code=compute_37
  - CuDNN 7.6.3
  - Magma 2.5.1
  - Build settings: BLAS=MKL, BUILD_NAMEDTENSOR=OFF, BUILD_TYPE=Release, CXX_FLAGS= -Wno-deprecated -fvisibility-inlines-hidden -fopenmp -DUSE_FBGEMM -DUSE_QNNPACK -DUSE_PYTORCH_QNNPACK -O2 -fPIC -Wno-narrowing -Wall -Wextra -Wno-missing-field-initializers -Wno-type-limits -Wno-array-bounds -Wno-unknown-pragmas -Wno-sign-compare -Wno-unused-parameter -Wno-unused-variable -Wno-unused-function -Wno-unused-result -Wno-strict-overflow -Wno-strict-aliasing -Wno-error=deprecated-declarations -Wno-stringop-overflow -Wno-error=pedantic -Wno-error=redundant-decls -Wno-error=old-style-cast -fdiagnostics-color=always -faligned-new -Wno-unused-but-set-variable -Wno-maybe-uninitialized -fno-math-errno -fno-trapping-math -Wno-stringop-overflow, DISABLE_NUMA=1, PERF_WITH_AVX=1, PERF_WITH_AVX2=1, PERF_WITH_AVX512=1, USE_CUDA=True, USE_EXCEPTION_PTR=1, USE_GFLAGS=OFF, USE_GLOG=OFF, USE_MKL=ON, USE_MKLDNN=ON, USE_MPI=OFF, USE_NCCL=ON, USE_NNPACK=ON, USE_OPENMP=ON, USE_STATIC_DISPATCH=OFF, 

TorchVision: 0.4.2+cu100
OpenCV: 4.4.0
MMCV: 1.0.5
MMDetection: 2.3.0+788fa8d
MMDetection Compiler: GCC 7.3
MMDetection CUDA Compiler: 10.0
------------------------------------------------------------

2020-11-21 08:26:07,617 - mmdet - INFO - Distributed training: False
2020-11-21 08:26:08,006 - mmdet - INFO - Config:
model = dict(
    type='FasterRCNN',
    pretrained='torchvision://resnet50',
    backbone=dict(
        type='ResNet',
        depth=50,
        num_stages=4,
        out_indices=(0, 1, 2, 3),
        frozen_stages=1,
        norm_cfg=dict(type='BN', requires_grad=True),
        norm_eval=True,
        style='pytorch'),
    neck=dict(
        type='FPN',
        in_channels=[256, 512, 1024, 2048],
        out_channels=256,
        num_outs=5),
    rpn_head=dict(
        type='RPNHead',
        in_channels=256,
        feat_channels=256,
        anchor_generator=dict(
            type='AnchorGenerator',
            scales=[8],
            ratios=[0.5, 1.0, 2.0],
            strides=[4, 8, 16, 32, 64]),
        bbox_coder=dict(
            type='DeltaXYWHBBoxCoder',
            target_means=[0.0, 0.0, 0.0, 0.0],
            target_stds=[1.0, 1.0, 1.0, 1.0]),
        loss_cls=dict(
            type='CrossEntropyLoss', use_sigmoid=True, loss_weight=1.0),
        loss_bbox=dict(type='L1Loss', loss_weight=1.0)),
    roi_head=dict(
        type='StandardRoIHead',
        bbox_roi_extractor=dict(
            type='SingleRoIExtractor',
            roi_layer=dict(type='RoIAlign', output_size=7, sampling_ratio=0),
            out_channels=256,
            featmap_strides=[4, 8, 16, 32]),
        bbox_head=dict(
            type='Shared2FCBBoxHead',
            in_channels=256,
            fc_out_channels=1024,
            roi_feat_size=7,
            num_classes=2,
            bbox_coder=dict(
                type='DeltaXYWHBBoxCoder',
                target_means=[0.0, 0.0, 0.0, 0.0],
                target_stds=[0.1, 0.1, 0.2, 0.2]),
            reg_class_agnostic=False,
            loss_cls=dict(
                type='CrossEntropyLoss', use_sigmoid=False, loss_weight=1.0),
            loss_bbox=dict(type='L1Loss', loss_weight=1.0))))
train_cfg = dict(
    rpn=dict(
        assigner=dict(
            type='MaxIoUAssigner',
            pos_iou_thr=0.7,
            neg_iou_thr=0.3,
            min_pos_iou=0.3,
            match_low_quality=True,
            ignore_iof_thr=-1),
        sampler=dict(
            type='RandomSampler',
            num=256,
            pos_fraction=0.5,
            neg_pos_ub=-1,
            add_gt_as_proposals=False),
        allowed_border=-1,
        pos_weight=-1,
        debug=False),
    rpn_proposal=dict(
        nms_across_levels=False,
        nms_pre=2000,
        nms_post=1000,
        max_num=1000,
        nms_thr=0.7,
        min_bbox_size=0),
    rcnn=dict(
        assigner=dict(
            type='MaxIoUAssigner',
            pos_iou_thr=0.5,
            neg_iou_thr=0.5,
            min_pos_iou=0.5,
            match_low_quality=False,
            ignore_iof_thr=-1),
        sampler=dict(
            type='RandomSampler',
            num=512,
            pos_fraction=0.25,
            neg_pos_ub=-1,
            add_gt_as_proposals=True),
        pos_weight=-1,
        debug=False))
test_cfg = dict(
    rpn=dict(
        nms_across_levels=False,
        nms_pre=1000,
        nms_post=1000,
        max_num=1000,
        nms_thr=0.7,
        min_bbox_size=0),
    rcnn=dict(
        score_thr=0.05,
        nms=dict(type='nms', iou_threshold=0.5),
        max_per_img=100))
dataset_type = 'CocoDataset'
data_root = 'data/coco/'
img_norm_cfg = dict(
    mean=[123.675, 116.28, 103.53], std=[58.395, 57.12, 57.375], to_rgb=True)
train_pipeline = [
    dict(type='LoadImageFromFile'),
    dict(type='LoadAnnotations', with_bbox=True),
    dict(type='Resize', img_scale=(1550, 1550), keep_ratio=True),
    dict(type='RandomFlip', flip_ratio=0.5),
    dict(
        type='Normalize',
        mean=[123.675, 116.28, 103.53],
        std=[58.395, 57.12, 57.375],
        to_rgb=True),
    dict(type='Pad', size_divisor=32),
    dict(type='DefaultFormatBundle'),
    dict(type='Collect', keys=['img', 'gt_bboxes', 'gt_labels'])
]
test_pipeline = [
    dict(type='LoadImageFromFile'),
    dict(
        type='MultiScaleFlipAug',
        img_scale=(1550, 1550),
        flip=False,
        transforms=[
            dict(type='Resize', keep_ratio=True),
            dict(type='RandomFlip'),
            dict(
                type='Normalize',
                mean=[123.675, 116.28, 103.53],
                std=[58.395, 57.12, 57.375],
                to_rgb=True),
            dict(type='Pad', size_divisor=32),
            dict(type='ImageToTensor', keys=['img']),
            dict(type='Collect', keys=['img'])
        ])
]
data = dict(
    samples_per_gpu=2,
    workers_per_gpu=2,
    train=dict(
        type='CocoDataset',
        ann_file='data/coco/annotations/annotations_trai.json',
        img_prefix='data/coco/img/',
        pipeline=[
            dict(type='LoadImageFromFile'),
            dict(type='LoadAnnotations', with_bbox=True),
            dict(type='Resize', img_scale=(1550, 1550), keep_ratio=True),
            dict(type='RandomFlip', flip_ratio=0.5),
            dict(
                type='Normalize',
                mean=[123.675, 116.28, 103.53],
                std=[58.395, 57.12, 57.375],
                to_rgb=True),
            dict(type='Pad', size_divisor=32),
            dict(type='DefaultFormatBundle'),
            dict(type='Collect', keys=['img', 'gt_bboxes', 'gt_labels'])
        ]),
    val=dict(
        type='CocoDataset',
        ann_file='data/coco/annotations/annotations_test.json',
        img_prefix='data/coco/img/',
        pipeline=[
            dict(type='LoadImageFromFile'),
            dict(
                type='MultiScaleFlipAug',
                img_scale=(1550, 1550),
                flip=False,
                transforms=[
                    dict(type='Resize', keep_ratio=True),
                    dict(type='RandomFlip'),
                    dict(
                        type='Normalize',
                        mean=[123.675, 116.28, 103.53],
                        std=[58.395, 57.12, 57.375],
                        to_rgb=True),
                    dict(type='Pad', size_divisor=32),
                    dict(type='ImageToTensor', keys=['img']),
                    dict(type='Collect', keys=['img'])
                ])
        ]),
    test=dict(
        type='CocoDataset',
        ann_file='data/coco/annotations/annotations_vals.json',
        img_prefix='data/coco/img/',
        pipeline=[
            dict(type='LoadImageFromFile'),
            dict(
                type='MultiScaleFlipAug',
                img_scale=(1550, 1550),
                flip=False,
                transforms=[
                    dict(type='Resize', keep_ratio=True),
                    dict(type='RandomFlip'),
                    dict(
                        type='Normalize',
                        mean=[123.675, 116.28, 103.53],
                        std=[58.395, 57.12, 57.375],
                        to_rgb=True),
                    dict(type='Pad', size_divisor=32),
                    dict(type='ImageToTensor', keys=['img']),
                    dict(type='Collect', keys=['img'])
                ])
        ]))
evaluation = dict(interval=1, metric='bbox')
optimizer = dict(type='SGD', lr=0.01, momentum=0.9, weight_decay=0.0001)
optimizer_config = dict(grad_clip=None)
lr_config = dict(
    policy='step',
    warmup='linear',
    warmup_iters=500,
    warmup_ratio=0.001,
    step=[8, 11])
total_epochs = 4
checkpoint_config = dict(interval=4)
log_config = dict(interval=100, hooks=[dict(type='TextLoggerHook')])
dist_params = dict(backend='nccl')
log_level = 'INFO'
load_from = '/home/admin/.cache/torch/checkpoints/X.pth'
resume_from = None
workflow = [('train', 2), ('val', 1)]
work_dir = '/home/admin/jupyter/SecurityAI_Round5/data/work'
gpu_ids = range(0, 1)

2020-11-21 08:26:08,505 - mmdet - INFO - load model from: torchvision://resnet50
2020-11-21 08:26:16,385 - mmdet - WARNING - The model and loaded state dict do not match exactly

unexpected key in source state_dict: fc.weight, fc.bias

2020-11-21 08:26:26,860 - mmdet - INFO - load checkpoint from /home/admin/.cache/torch/checkpoints/X.pth
2020-11-21 08:26:33,531 - mmdet - INFO - Start running, host: admin@fuxilabor_labor0_S4_Odps_S96_dsw_prepaid_cnsh_838_2020112019152, work_dir: /home/admin/jupyter/SecurityAI_Round5/data/work
2020-11-21 08:26:33,532 - mmdet - INFO - workflow: [('train', 2), ('val', 1)], max: 4 epochs
2020-11-21 08:27:51,357 - mmdet - INFO - Epoch [1][100/623]	lr: 1.988e-03, eta: 0:30:57, time: 0.776, data_time: 0.033, memory: 10077, loss_rpn_cls: 0.0033, loss_rpn_bbox: 0.0306, loss_cls: 0.0350, acc: 98.6191, loss_bbox: 0.0808, loss: 0.1497
2020-11-21 08:29:06,246 - mmdet - INFO - Epoch [1][200/623]	lr: 3.986e-03, eta: 0:29:07, time: 0.749, data_time: 0.012, memory: 10077, loss_rpn_cls: 0.0028, loss_rpn_bbox: 0.0287, loss_cls: 0.0357, acc: 98.4883, loss_bbox: 0.0804, loss: 0.1477
2020-11-21 08:30:21,246 - mmdet - INFO - Epoch [1][300/623]	lr: 5.984e-03, eta: 0:27:42, time: 0.750, data_time: 0.012, memory: 10077, loss_rpn_cls: 0.0027, loss_rpn_bbox: 0.0271, loss_cls: 0.0353, acc: 98.4551, loss_bbox: 0.0741, loss: 0.1391
2020-11-21 08:31:36,267 - mmdet - INFO - Epoch [1][400/623]	lr: 7.982e-03, eta: 0:26:22, time: 0.750, data_time: 0.012, memory: 11886, loss_rpn_cls: 0.0024, loss_rpn_bbox: 0.0288, loss_cls: 0.0311, acc: 98.6816, loss_bbox: 0.0702, loss: 0.1326
2020-11-21 08:32:51,024 - mmdet - INFO - Epoch [1][500/623]	lr: 9.980e-03, eta: 0:25:03, time: 0.748, data_time: 0.012, memory: 11886, loss_rpn_cls: 0.0026, loss_rpn_bbox: 0.0318, loss_cls: 0.0388, acc: 98.3408, loss_bbox: 0.0753, loss: 0.1485
2020-11-21 08:34:05,732 - mmdet - INFO - Epoch [1][600/623]	lr: 1.000e-02, eta: 0:23:45, time: 0.747, data_time: 0.012, memory: 11886, loss_rpn_cls: 0.0027, loss_rpn_bbox: 0.0340, loss_cls: 0.0399, acc: 98.3848, loss_bbox: 0.0906, loss: 0.1672
2020-11-21 08:34:46,056 - mmdet - INFO - Evaluating bbox...
2020-11-21 08:34:47,236 - mmdet - INFO - Epoch [1][623/623]	lr: 1.000e-02, bbox_mAP: 0.8660, bbox_mAP_50: 0.9300, bbox_mAP_75: 0.9250, bbox_mAP_s: 0.6640, bbox_mAP_m: 0.8840, bbox_mAP_l: 0.9220, bbox_mAP_copypaste: 0.866 0.930 0.925 0.664 0.884 0.922
2020-11-21 08:36:04,584 - mmdet - INFO - Epoch [2][100/623]	lr: 1.000e-02, eta: 0:21:34, time: 0.772, data_time: 0.034, memory: 11886, loss_rpn_cls: 0.0023, loss_rpn_bbox: 0.0341, loss_cls: 0.0310, acc: 98.7100, loss_bbox: 0.0808, loss: 0.1482
2020-11-21 08:37:19,383 - mmdet - INFO - Epoch [2][200/623]	lr: 1.000e-02, eta: 0:20:24, time: 0.748, data_time: 0.012, memory: 11886, loss_rpn_cls: 0.0030, loss_rpn_bbox: 0.0340, loss_cls: 0.0402, acc: 98.1943, loss_bbox: 0.0773, loss: 0.1545
2020-11-21 08:38:34,152 - mmdet - INFO - Epoch [2][300/623]	lr: 1.000e-02, eta: 0:19:13, time: 0.748, data_time: 0.012, memory: 11886, loss_rpn_cls: 0.0030, loss_rpn_bbox: 0.0320, loss_cls: 0.0344, acc: 98.5605, loss_bbox: 0.0796, loss: 0.1491
2020-11-21 08:39:49,393 - mmdet - INFO - Epoch [2][400/623]	lr: 1.000e-02, eta: 0:18:02, time: 0.752, data_time: 0.012, memory: 11886, loss_rpn_cls: 0.0039, loss_rpn_bbox: 0.0360, loss_cls: 0.0408, acc: 98.3428, loss_bbox: 0.0910, loss: 0.1717
2020-11-21 08:41:04,396 - mmdet - INFO - Epoch [2][500/623]	lr: 1.000e-02, eta: 0:16:50, time: 0.750, data_time: 0.012, memory: 11886, loss_rpn_cls: 0.0057, loss_rpn_bbox: 0.0434, loss_cls: 0.0417, acc: 98.2510, loss_bbox: 0.0924, loss: 0.1831
2020-11-21 08:42:19,582 - mmdet - INFO - Epoch [2][600/623]	lr: 1.000e-02, eta: 0:15:38, time: 0.752, data_time: 0.012, memory: 11886, loss_rpn_cls: 0.0035, loss_rpn_bbox: 0.0358, loss_cls: 0.0372, acc: 98.4326, loss_bbox: 0.0862, loss: 0.1628
2020-11-21 08:42:59,830 - mmdet - INFO - Evaluating bbox...
2020-11-21 08:43:00,985 - mmdet - INFO - Epoch [2][623/623]	lr: 1.000e-02, bbox_mAP: 0.8610, bbox_mAP_50: 0.9250, bbox_mAP_75: 0.9190, bbox_mAP_s: 0.6550, bbox_mAP_m: 0.8780, bbox_mAP_l: 0.9100, bbox_mAP_copypaste: 0.861 0.925 0.919 0.655 0.878 0.910
2020-11-21 08:43:29,769 - mmdet - INFO - Epoch(train) [2][72]	loss_rpn_cls: 0.0027, loss_rpn_bbox: 0.0317, loss_cls: 0.0304, acc: 98.7847, loss_bbox: 0.0788, loss: 0.1436
2020-11-21 08:44:46,960 - mmdet - INFO - Epoch [3][100/623]	lr: 1.000e-02, eta: 0:13:55, time: 0.770, data_time: 0.034, memory: 11886, loss_rpn_cls: 0.0043, loss_rpn_bbox: 0.0341, loss_cls: 0.0342, acc: 98.5518, loss_bbox: 0.0798, loss: 0.1525
2020-11-21 08:46:01,815 - mmdet - INFO - Epoch [3][200/623]	lr: 1.000e-02, eta: 0:12:43, time: 0.749, data_time: 0.012, memory: 11886, loss_rpn_cls: 0.0028, loss_rpn_bbox: 0.0348, loss_cls: 0.0374, acc: 98.4512, loss_bbox: 0.0863, loss: 0.1613
2020-11-21 08:47:16,737 - mmdet - INFO - Epoch [3][300/623]	lr: 1.000e-02, eta: 0:11:32, time: 0.749, data_time: 0.012, memory: 11886, loss_rpn_cls: 0.0031, loss_rpn_bbox: 0.0350, loss_cls: 0.0392, acc: 98.3506, loss_bbox: 0.0860, loss: 0.1634
2020-11-21 08:48:32,819 - mmdet - INFO - Epoch [3][400/623]	lr: 1.000e-02, eta: 0:10:20, time: 0.761, data_time: 0.012, memory: 11886, loss_rpn_cls: 0.0034, loss_rpn_bbox: 0.0362, loss_cls: 0.0359, acc: 98.3809, loss_bbox: 0.0841, loss: 0.1595
2020-11-21 08:49:47,809 - mmdet - INFO - Epoch [3][500/623]	lr: 1.000e-02, eta: 0:09:07, time: 0.750, data_time: 0.012, memory: 11886, loss_rpn_cls: 0.0032, loss_rpn_bbox: 0.0362, loss_cls: 0.0364, acc: 98.4854, loss_bbox: 0.0853, loss: 0.1612
2020-11-21 08:51:02,697 - mmdet - INFO - Epoch [3][600/623]	lr: 1.000e-02, eta: 0:07:54, time: 0.749, data_time: 0.012, memory: 11886, loss_rpn_cls: 0.0031, loss_rpn_bbox: 0.0337, loss_cls: 0.0373, acc: 98.3848, loss_bbox: 0.0836, loss: 0.1577
2020-11-21 08:51:43,070 - mmdet - INFO - Evaluating bbox...
2020-11-21 08:51:44,221 - mmdet - INFO - Epoch [3][623/623]	lr: 1.000e-02, bbox_mAP: 0.8710, bbox_mAP_50: 0.9350, bbox_mAP_75: 0.9300, bbox_mAP_s: 0.6600, bbox_mAP_m: 0.8900, bbox_mAP_l: 0.9250, bbox_mAP_copypaste: 0.871 0.935 0.930 0.660 0.890 0.925
2020-11-21 08:53:01,854 - mmdet - INFO - Epoch [4][100/623]	lr: 1.000e-02, eta: 0:06:20, time: 0.774, data_time: 0.033, memory: 11912, loss_rpn_cls: 0.0034, loss_rpn_bbox: 0.0376, loss_cls: 0.0328, acc: 98.6641, loss_bbox: 0.0826, loss: 0.1564
2020-11-21 08:54:16,814 - mmdet - INFO - Epoch [4][200/623]	lr: 1.000e-02, eta: 0:05:08, time: 0.750, data_time: 0.012, memory: 11912, loss_rpn_cls: 0.0027, loss_rpn_bbox: 0.0362, loss_cls: 0.0352, acc: 98.5039, loss_bbox: 0.0830, loss: 0.1571
2020-11-21 08:55:31,456 - mmdet - INFO - Epoch [4][300/623]	lr: 1.000e-02, eta: 0:03:55, time: 0.746, data_time: 0.012, memory: 11912, loss_rpn_cls: 0.0028, loss_rpn_bbox: 0.0351, loss_cls: 0.0354, acc: 98.4893, loss_bbox: 0.0819, loss: 0.1552
2020-11-21 08:56:46,004 - mmdet - INFO - Epoch [4][400/623]	lr: 1.000e-02, eta: 0:02:42, time: 0.745, data_time: 0.012, memory: 11912, loss_rpn_cls: 0.0026, loss_rpn_bbox: 0.0323, loss_cls: 0.0363, acc: 98.4707, loss_bbox: 0.0819, loss: 0.1530
2020-11-21 08:58:00,855 - mmdet - INFO - Epoch [4][500/623]	lr: 1.000e-02, eta: 0:01:29, time: 0.749, data_time: 0.012, memory: 11912, loss_rpn_cls: 0.0043, loss_rpn_bbox: 0.0342, loss_cls: 0.0436, acc: 98.2109, loss_bbox: 0.0890, loss: 0.1712
2020-11-21 08:59:15,432 - mmdet - INFO - Epoch [4][600/623]	lr: 1.000e-02, eta: 0:00:16, time: 0.746, data_time: 0.012, memory: 11912, loss_rpn_cls: 0.0030, loss_rpn_bbox: 0.0323, loss_cls: 0.0401, acc: 98.3135, loss_bbox: 0.0894, loss: 0.1649
2020-11-21 08:59:32,563 - mmdet - INFO - Saving checkpoint at 4 epochs
2020-11-21 08:59:57,504 - mmdet - INFO - Evaluating bbox...
2020-11-21 08:59:58,676 - mmdet - INFO - Epoch [4][623/623]	lr: 1.000e-02, bbox_mAP: 0.8640, bbox_mAP_50: 0.9300, bbox_mAP_75: 0.9240, bbox_mAP_s: 0.6530, bbox_mAP_m: 0.8800, bbox_mAP_l: 0.9160, bbox_mAP_copypaste: 0.864 0.930 0.924 0.653 0.880 0.916
2020-11-21 09:00:27,852 - mmdet - INFO - Epoch(train) [4][72]	loss_rpn_cls: 0.0023, loss_rpn_bbox: 0.0326, loss_cls: 0.0287, acc: 98.8132, loss_bbox: 0.0750, loss: 0.1385
