2020-11-22 01:18:49,717 - mmdet - INFO - Environment info:
------------------------------------------------------------
sys.platform: linux
Python: 3.6.4 |Anaconda, Inc.| (default, Jan 16 2018, 18:10:19) [GCC 7.2.0]
CUDA available: True
CUDA_HOME: /usr/local/cuda
NVCC: Cuda compilation tools, release 10.0, V10.0.130
GPU 0: Tesla P100-PCIE-16GB
GCC: gcc (GCC) 5.3.0
PyTorch: 1.3.1+cu100
PyTorch compiling details: PyTorch built with:
  - GCC 7.3
  - Intel(R) Math Kernel Library Version 2019.0.4 Product Build 20190411 for Intel(R) 64 architecture applications
  - Intel(R) MKL-DNN v0.20.5 (Git Hash 0125f28c61c1f822fd48570b4c1066f96fcb9b2e)
  - OpenMP 201511 (a.k.a. OpenMP 4.5)
  - NNPACK is enabled
  - CUDA Runtime 10.0
  - NVCC architecture flags: -gencode;arch=compute_37,code=sm_37;-gencode;arch=compute_50,code=sm_50;-gencode;arch=compute_60,code=sm_60;-gencode;arch=compute_61,code=sm_61;-gencode;arch=compute_70,code=sm_70;-gencode;arch=compute_75,code=sm_75;-gencode;arch=compute_37,code=compute_37
  - CuDNN 7.6.3
  - Magma 2.5.1
  - Build settings: BLAS=MKL, BUILD_NAMEDTENSOR=OFF, BUILD_TYPE=Release, CXX_FLAGS= -Wno-deprecated -fvisibility-inlines-hidden -fopenmp -DUSE_FBGEMM -DUSE_QNNPACK -DUSE_PYTORCH_QNNPACK -O2 -fPIC -Wno-narrowing -Wall -Wextra -Wno-missing-field-initializers -Wno-type-limits -Wno-array-bounds -Wno-unknown-pragmas -Wno-sign-compare -Wno-unused-parameter -Wno-unused-variable -Wno-unused-function -Wno-unused-result -Wno-strict-overflow -Wno-strict-aliasing -Wno-error=deprecated-declarations -Wno-stringop-overflow -Wno-error=pedantic -Wno-error=redundant-decls -Wno-error=old-style-cast -fdiagnostics-color=always -faligned-new -Wno-unused-but-set-variable -Wno-maybe-uninitialized -fno-math-errno -fno-trapping-math -Wno-stringop-overflow, DISABLE_NUMA=1, PERF_WITH_AVX=1, PERF_WITH_AVX2=1, PERF_WITH_AVX512=1, USE_CUDA=True, USE_EXCEPTION_PTR=1, USE_GFLAGS=OFF, USE_GLOG=OFF, USE_MKL=ON, USE_MKLDNN=ON, USE_MPI=OFF, USE_NCCL=ON, USE_NNPACK=ON, USE_OPENMP=ON, USE_STATIC_DISPATCH=OFF, 

TorchVision: 0.4.2+cu100
OpenCV: 4.4.0
MMCV: 1.0.5
MMDetection: 2.3.0+788fa8d
MMDetection Compiler: GCC 7.3
MMDetection CUDA Compiler: 10.0
------------------------------------------------------------

2020-11-22 01:18:49,718 - mmdet - INFO - Distributed training: False
2020-11-22 01:18:50,116 - mmdet - INFO - Config:
model = dict(
    type='FasterRCNN',
    pretrained='torchvision://resnet50',
    backbone=dict(
        type='ResNet',
        depth=50,
        num_stages=4,
        out_indices=(0, 1, 2, 3),
        frozen_stages=1,
        norm_cfg=dict(type='BN', requires_grad=True),
        norm_eval=True,
        style='pytorch'),
    neck=dict(
        type='FPN',
        in_channels=[256, 512, 1024, 2048],
        out_channels=256,
        num_outs=5),
    rpn_head=dict(
        type='RPNHead',
        in_channels=256,
        feat_channels=256,
        anchor_generator=dict(
            type='AnchorGenerator',
            scales=[8],
            ratios=[0.5, 1.0, 2.0],
            strides=[4, 8, 16, 32, 64]),
        bbox_coder=dict(
            type='DeltaXYWHBBoxCoder',
            target_means=[0.0, 0.0, 0.0, 0.0],
            target_stds=[1.0, 1.0, 1.0, 1.0]),
        loss_cls=dict(
            type='CrossEntropyLoss', use_sigmoid=True, loss_weight=1.0),
        loss_bbox=dict(type='L1Loss', loss_weight=1.0)),
    roi_head=dict(
        type='StandardRoIHead',
        bbox_roi_extractor=dict(
            type='SingleRoIExtractor',
            roi_layer=dict(type='RoIAlign', output_size=7, sampling_ratio=0),
            out_channels=256,
            featmap_strides=[4, 8, 16, 32]),
        bbox_head=dict(
            type='Shared2FCBBoxHead',
            in_channels=256,
            fc_out_channels=1024,
            roi_feat_size=7,
            num_classes=2,
            bbox_coder=dict(
                type='DeltaXYWHBBoxCoder',
                target_means=[0.0, 0.0, 0.0, 0.0],
                target_stds=[0.1, 0.1, 0.2, 0.2]),
            reg_class_agnostic=False,
            loss_cls=dict(
                type='CrossEntropyLoss', use_sigmoid=False, loss_weight=1.0),
            loss_bbox=dict(type='L1Loss', loss_weight=1.0))))
train_cfg = dict(
    rpn=dict(
        assigner=dict(
            type='MaxIoUAssigner',
            pos_iou_thr=0.7,
            neg_iou_thr=0.3,
            min_pos_iou=0.3,
            match_low_quality=True,
            ignore_iof_thr=-1),
        sampler=dict(
            type='RandomSampler',
            num=256,
            pos_fraction=0.5,
            neg_pos_ub=-1,
            add_gt_as_proposals=False),
        allowed_border=-1,
        pos_weight=-1,
        debug=False),
    rpn_proposal=dict(
        nms_across_levels=False,
        nms_pre=2000,
        nms_post=1000,
        max_num=1000,
        nms_thr=0.7,
        min_bbox_size=0),
    rcnn=dict(
        assigner=dict(
            type='MaxIoUAssigner',
            pos_iou_thr=0.5,
            neg_iou_thr=0.5,
            min_pos_iou=0.5,
            match_low_quality=False,
            ignore_iof_thr=-1),
        sampler=dict(
            type='RandomSampler',
            num=512,
            pos_fraction=0.25,
            neg_pos_ub=-1,
            add_gt_as_proposals=True),
        pos_weight=-1,
        debug=False))
test_cfg = dict(
    rpn=dict(
        nms_across_levels=False,
        nms_pre=1000,
        nms_post=1000,
        max_num=1000,
        nms_thr=0.7,
        min_bbox_size=0),
    rcnn=dict(
        score_thr=0.05,
        nms=dict(type='nms', iou_threshold=0.5),
        max_per_img=100))
dataset_type = 'CocoDataset'
data_root = 'data/coco/'
img_norm_cfg = dict(
    mean=[123.675, 116.28, 103.53], std=[58.395, 57.12, 57.375], to_rgb=True)
train_pipeline = [
    dict(type='LoadImageFromFile'),
    dict(type='LoadAnnotations', with_bbox=True),
    dict(type='Resize', img_scale=(1550, 1550), keep_ratio=True),
    dict(type='RandomFlip', flip_ratio=0.5),
    dict(
        type='Normalize',
        mean=[123.675, 116.28, 103.53],
        std=[58.395, 57.12, 57.375],
        to_rgb=True),
    dict(type='Pad', size_divisor=32),
    dict(type='DefaultFormatBundle'),
    dict(type='Collect', keys=['img', 'gt_bboxes', 'gt_labels'])
]
test_pipeline = [
    dict(type='LoadImageFromFile'),
    dict(
        type='MultiScaleFlipAug',
        img_scale=(1550, 1550),
        flip=False,
        transforms=[
            dict(type='Resize', keep_ratio=True),
            dict(type='RandomFlip'),
            dict(
                type='Normalize',
                mean=[123.675, 116.28, 103.53],
                std=[58.395, 57.12, 57.375],
                to_rgb=True),
            dict(type='Pad', size_divisor=32),
            dict(type='ImageToTensor', keys=['img']),
            dict(type='Collect', keys=['img'])
        ])
]
data = dict(
    samples_per_gpu=2,
    workers_per_gpu=2,
    train=dict(
        type='CocoDataset',
        ann_file='data/coco/annotations/annotations_trai.json',
        img_prefix='data/coco/img/',
        pipeline=[
            dict(type='LoadImageFromFile'),
            dict(type='LoadAnnotations', with_bbox=True),
            dict(type='Resize', img_scale=(1550, 1550), keep_ratio=True),
            dict(type='RandomFlip', flip_ratio=0.5),
            dict(
                type='Normalize',
                mean=[123.675, 116.28, 103.53],
                std=[58.395, 57.12, 57.375],
                to_rgb=True),
            dict(type='Pad', size_divisor=32),
            dict(type='DefaultFormatBundle'),
            dict(type='Collect', keys=['img', 'gt_bboxes', 'gt_labels'])
        ]),
    val=dict(
        type='CocoDataset',
        ann_file='data/coco/annotations/annotations_test.json',
        img_prefix='data/coco/img/',
        pipeline=[
            dict(type='LoadImageFromFile'),
            dict(
                type='MultiScaleFlipAug',
                img_scale=(1550, 1550),
                flip=False,
                transforms=[
                    dict(type='Resize', keep_ratio=True),
                    dict(type='RandomFlip'),
                    dict(
                        type='Normalize',
                        mean=[123.675, 116.28, 103.53],
                        std=[58.395, 57.12, 57.375],
                        to_rgb=True),
                    dict(type='Pad', size_divisor=32),
                    dict(type='ImageToTensor', keys=['img']),
                    dict(type='Collect', keys=['img'])
                ])
        ]),
    test=dict(
        type='CocoDataset',
        ann_file='data/coco/annotations/annotations_vals.json',
        img_prefix='data/coco/img/',
        pipeline=[
            dict(type='LoadImageFromFile'),
            dict(
                type='MultiScaleFlipAug',
                img_scale=(1550, 1550),
                flip=False,
                transforms=[
                    dict(type='Resize', keep_ratio=True),
                    dict(type='RandomFlip'),
                    dict(
                        type='Normalize',
                        mean=[123.675, 116.28, 103.53],
                        std=[58.395, 57.12, 57.375],
                        to_rgb=True),
                    dict(type='Pad', size_divisor=32),
                    dict(type='ImageToTensor', keys=['img']),
                    dict(type='Collect', keys=['img'])
                ])
        ]))
evaluation = dict(interval=1, metric='bbox')
optimizer = dict(type='SGD', lr=0.01, momentum=0.9, weight_decay=0.0001)
optimizer_config = dict(grad_clip=None)
lr_config = dict(
    policy='step',
    warmup='linear',
    warmup_iters=500,
    warmup_ratio=0.001,
    step=[8, 11])
total_epochs = 4
checkpoint_config = dict(interval=4)
log_config = dict(interval=100, hooks=[dict(type='TextLoggerHook')])
dist_params = dict(backend='nccl')
log_level = 'INFO'
load_from = '/home/admin/.cache/torch/checkpoints/X.pth'
resume_from = None
workflow = [('train', 2), ('val', 1)]
work_dir = '/home/admin/jupyter/SecurityAI_Round5/data/work'
gpu_ids = range(0, 1)

2020-11-22 01:18:50,613 - mmdet - INFO - load model from: torchvision://resnet50
2020-11-22 01:18:58,468 - mmdet - WARNING - The model and loaded state dict do not match exactly

unexpected key in source state_dict: fc.weight, fc.bias

2020-11-22 01:19:08,826 - mmdet - INFO - load checkpoint from /home/admin/.cache/torch/checkpoints/X.pth
2020-11-22 01:19:15,437 - mmdet - INFO - Start running, host: admin@fuxilabor_labor0_S4_Odps_S96_dsw_prepaid_cnsh_838_2020112114585, work_dir: /home/admin/jupyter/SecurityAI_Round5/data/work
2020-11-22 01:19:15,438 - mmdet - INFO - workflow: [('train', 2), ('val', 1)], max: 4 epochs
2020-11-22 01:20:33,333 - mmdet - INFO - Epoch [1][100/621]	lr: 1.988e-03, eta: 0:30:52, time: 0.777, data_time: 0.033, memory: 10077, loss_rpn_cls: 0.0026, loss_rpn_bbox: 0.0274, loss_cls: 0.0314, acc: 98.7500, loss_bbox: 0.0756, loss: 0.1370
2020-11-22 01:21:48,153 - mmdet - INFO - Epoch [1][200/621]	lr: 3.986e-03, eta: 0:29:01, time: 0.748, data_time: 0.012, memory: 11911, loss_rpn_cls: 0.0017, loss_rpn_bbox: 0.0244, loss_cls: 0.0272, acc: 98.8447, loss_bbox: 0.0687, loss: 0.1221
2020-11-22 01:23:02,948 - mmdet - INFO - Epoch [1][300/621]	lr: 5.984e-03, eta: 0:27:34, time: 0.748, data_time: 0.012, memory: 11911, loss_rpn_cls: 0.0020, loss_rpn_bbox: 0.0252, loss_cls: 0.0309, acc: 98.6885, loss_bbox: 0.0684, loss: 0.1265
2020-11-22 01:24:17,696 - mmdet - INFO - Epoch [1][400/621]	lr: 7.982e-03, eta: 0:26:13, time: 0.747, data_time: 0.012, memory: 11911, loss_rpn_cls: 0.0023, loss_rpn_bbox: 0.0284, loss_cls: 0.0328, acc: 98.6377, loss_bbox: 0.0752, loss: 0.1386
2020-11-22 01:25:32,427 - mmdet - INFO - Epoch [1][500/621]	lr: 9.980e-03, eta: 0:24:55, time: 0.747, data_time: 0.012, memory: 11911, loss_rpn_cls: 0.0020, loss_rpn_bbox: 0.0286, loss_cls: 0.0307, acc: 98.6426, loss_bbox: 0.0699, loss: 0.1312
2020-11-22 01:26:47,393 - mmdet - INFO - Epoch [1][600/621]	lr: 1.000e-02, eta: 0:23:38, time: 0.750, data_time: 0.012, memory: 11911, loss_rpn_cls: 0.0027, loss_rpn_bbox: 0.0312, loss_cls: 0.0328, acc: 98.6055, loss_bbox: 0.0774, loss: 0.1441
2020-11-22 01:27:26,717 - mmdet - INFO - Evaluating bbox...
2020-11-22 01:27:28,809 - mmdet - INFO - Epoch [1][621/621]	lr: 1.000e-02, bbox_mAP: 0.8380, bbox_mAP_50: 0.9020, bbox_mAP_75: 0.8920, bbox_mAP_s: 0.6100, bbox_mAP_m: 0.8650, bbox_mAP_l: 0.8980, bbox_mAP_copypaste: 0.838 0.902 0.892 0.610 0.865 0.898
2020-11-22 01:28:46,586 - mmdet - INFO - Epoch [2][100/621]	lr: 1.000e-02, eta: 0:21:34, time: 0.776, data_time: 0.034, memory: 11911, loss_rpn_cls: 0.0028, loss_rpn_bbox: 0.0313, loss_cls: 0.0333, acc: 98.6465, loss_bbox: 0.0796, loss: 0.1470
2020-11-22 01:30:01,362 - mmdet - INFO - Epoch [2][200/621]	lr: 1.000e-02, eta: 0:20:23, time: 0.748, data_time: 0.012, memory: 11911, loss_rpn_cls: 0.0033, loss_rpn_bbox: 0.0302, loss_cls: 0.0318, acc: 98.6826, loss_bbox: 0.0746, loss: 0.1398
2020-11-22 01:31:16,238 - mmdet - INFO - Epoch [2][300/621]	lr: 1.000e-02, eta: 0:19:12, time: 0.749, data_time: 0.012, memory: 11911, loss_rpn_cls: 0.0022, loss_rpn_bbox: 0.0329, loss_cls: 0.0353, acc: 98.4473, loss_bbox: 0.0787, loss: 0.1491
2020-11-22 01:32:30,930 - mmdet - INFO - Epoch [2][400/621]	lr: 1.000e-02, eta: 0:17:59, time: 0.747, data_time: 0.012, memory: 11911, loss_rpn_cls: 0.0025, loss_rpn_bbox: 0.0318, loss_cls: 0.0294, acc: 98.7871, loss_bbox: 0.0759, loss: 0.1396
2020-11-22 01:33:45,804 - mmdet - INFO - Epoch [2][500/621]	lr: 1.000e-02, eta: 0:16:47, time: 0.749, data_time: 0.012, memory: 11911, loss_rpn_cls: 0.0032, loss_rpn_bbox: 0.0344, loss_cls: 0.0355, acc: 98.5684, loss_bbox: 0.0804, loss: 0.1535
2020-11-22 01:35:00,457 - mmdet - INFO - Epoch [2][600/621]	lr: 1.000e-02, eta: 0:15:34, time: 0.747, data_time: 0.012, memory: 11911, loss_rpn_cls: 0.0031, loss_rpn_bbox: 0.0306, loss_cls: 0.0315, acc: 98.6562, loss_bbox: 0.0768, loss: 0.1420
2020-11-22 01:35:39,871 - mmdet - INFO - Evaluating bbox...
2020-11-22 01:35:41,878 - mmdet - INFO - Epoch [2][621/621]	lr: 1.000e-02, bbox_mAP: 0.8260, bbox_mAP_50: 0.8880, bbox_mAP_75: 0.8780, bbox_mAP_s: 0.6080, bbox_mAP_m: 0.8560, bbox_mAP_l: 0.8890, bbox_mAP_copypaste: 0.826 0.888 0.878 0.608 0.856 0.889
2020-11-22 01:36:11,386 - mmdet - INFO - Epoch(train) [2][73]	loss_rpn_cls: 0.0033, loss_rpn_bbox: 0.0356, loss_cls: 0.0415, acc: 98.2582, loss_bbox: 0.0853, loss: 0.1657
2020-11-22 01:37:28,779 - mmdet - INFO - Epoch [3][100/621]	lr: 1.000e-02, eta: 0:13:54, time: 0.772, data_time: 0.033, memory: 11911, loss_rpn_cls: 0.0030, loss_rpn_bbox: 0.0326, loss_cls: 0.0345, acc: 98.5625, loss_bbox: 0.0795, loss: 0.1496
2020-11-22 01:38:43,681 - mmdet - INFO - Epoch [3][200/621]	lr: 1.000e-02, eta: 0:12:42, time: 0.749, data_time: 0.012, memory: 11911, loss_rpn_cls: 0.0026, loss_rpn_bbox: 0.0330, loss_cls: 0.0315, acc: 98.6924, loss_bbox: 0.0775, loss: 0.1445
2020-11-22 01:39:58,519 - mmdet - INFO - Epoch [3][300/621]	lr: 1.000e-02, eta: 0:11:30, time: 0.748, data_time: 0.012, memory: 11911, loss_rpn_cls: 0.0025, loss_rpn_bbox: 0.0306, loss_cls: 0.0314, acc: 98.6836, loss_bbox: 0.0807, loss: 0.1453
2020-11-22 01:41:13,112 - mmdet - INFO - Epoch [3][400/621]	lr: 1.000e-02, eta: 0:10:17, time: 0.746, data_time: 0.012, memory: 11911, loss_rpn_cls: 0.0029, loss_rpn_bbox: 0.0316, loss_cls: 0.0348, acc: 98.5859, loss_bbox: 0.0767, loss: 0.1461
2020-11-22 01:42:28,007 - mmdet - INFO - Epoch [3][500/621]	lr: 1.000e-02, eta: 0:09:05, time: 0.749, data_time: 0.012, memory: 11911, loss_rpn_cls: 0.0031, loss_rpn_bbox: 0.0324, loss_cls: 0.0342, acc: 98.5801, loss_bbox: 0.0812, loss: 0.1510
2020-11-22 01:43:42,700 - mmdet - INFO - Epoch [3][600/621]	lr: 1.000e-02, eta: 0:07:52, time: 0.747, data_time: 0.012, memory: 11911, loss_rpn_cls: 0.0022, loss_rpn_bbox: 0.0334, loss_cls: 0.0351, acc: 98.4443, loss_bbox: 0.0822, loss: 0.1529
2020-11-22 01:44:21,856 - mmdet - INFO - Evaluating bbox...
2020-11-22 01:44:23,954 - mmdet - INFO - Epoch [3][621/621]	lr: 1.000e-02, bbox_mAP: 0.8230, bbox_mAP_50: 0.8910, bbox_mAP_75: 0.8760, bbox_mAP_s: 0.5620, bbox_mAP_m: 0.8610, bbox_mAP_l: 0.8900, bbox_mAP_copypaste: 0.823 0.891 0.876 0.562 0.861 0.890
2020-11-22 01:45:41,366 - mmdet - INFO - Epoch [4][100/621]	lr: 1.000e-02, eta: 0:06:19, time: 0.772, data_time: 0.033, memory: 11911, loss_rpn_cls: 0.0031, loss_rpn_bbox: 0.0344, loss_cls: 0.0321, acc: 98.6367, loss_bbox: 0.0806, loss: 0.1501
2020-11-22 01:46:55,905 - mmdet - INFO - Epoch [4][200/621]	lr: 1.000e-02, eta: 0:05:07, time: 0.745, data_time: 0.012, memory: 11911, loss_rpn_cls: 0.0026, loss_rpn_bbox: 0.0323, loss_cls: 0.0364, acc: 98.4902, loss_bbox: 0.0826, loss: 0.1539
2020-11-22 01:48:10,744 - mmdet - INFO - Epoch [4][300/621]	lr: 1.000e-02, eta: 0:03:54, time: 0.748, data_time: 0.012, memory: 11911, loss_rpn_cls: 0.0028, loss_rpn_bbox: 0.0308, loss_cls: 0.0338, acc: 98.5596, loss_bbox: 0.0771, loss: 0.1444
2020-11-22 01:49:26,150 - mmdet - INFO - Epoch [4][400/621]	lr: 1.000e-02, eta: 0:02:41, time: 0.754, data_time: 0.012, memory: 11911, loss_rpn_cls: 0.0028, loss_rpn_bbox: 0.0322, loss_cls: 0.0322, acc: 98.6963, loss_bbox: 0.0744, loss: 0.1417
2020-11-22 01:50:40,962 - mmdet - INFO - Epoch [4][500/621]	lr: 1.000e-02, eta: 0:01:28, time: 0.748, data_time: 0.012, memory: 11911, loss_rpn_cls: 0.0031, loss_rpn_bbox: 0.0320, loss_cls: 0.0363, acc: 98.4521, loss_bbox: 0.0808, loss: 0.1522
2020-11-22 01:51:55,979 - mmdet - INFO - Epoch [4][600/621]	lr: 1.000e-02, eta: 0:00:15, time: 0.750, data_time: 0.012, memory: 11911, loss_rpn_cls: 0.0032, loss_rpn_bbox: 0.0338, loss_cls: 0.0314, acc: 98.7051, loss_bbox: 0.0801, loss: 0.1485
2020-11-22 01:52:11,605 - mmdet - INFO - Saving checkpoint at 4 epochs
2020-11-22 01:52:36,955 - mmdet - INFO - Evaluating bbox...
2020-11-22 01:52:39,044 - mmdet - INFO - Epoch [4][621/621]	lr: 1.000e-02, bbox_mAP: 0.8240, bbox_mAP_50: 0.8910, bbox_mAP_75: 0.8760, bbox_mAP_s: 0.5890, bbox_mAP_m: 0.8430, bbox_mAP_l: 0.8850, bbox_mAP_copypaste: 0.824 0.891 0.876 0.589 0.843 0.885
2020-11-22 01:53:08,687 - mmdet - INFO - Epoch(train) [4][73]	loss_rpn_cls: 0.0038, loss_rpn_bbox: 0.0402, loss_cls: 0.0459, acc: 98.0067, loss_bbox: 0.0898, loss: 0.1797
