2020-11-19 09:13:50,950 - mmdet - INFO - Environment info:
------------------------------------------------------------
sys.platform: linux
Python: 3.6.4 |Anaconda, Inc.| (default, Jan 16 2018, 18:10:19) [GCC 7.2.0]
CUDA available: True
CUDA_HOME: /usr/local/cuda
NVCC: Cuda compilation tools, release 10.0, V10.0.130
GPU 0: Tesla P100-PCIE-16GB
GCC: gcc (GCC) 5.3.0
PyTorch: 1.3.1+cu100
PyTorch compiling details: PyTorch built with:
  - GCC 7.3
  - Intel(R) Math Kernel Library Version 2019.0.4 Product Build 20190411 for Intel(R) 64 architecture applications
  - Intel(R) MKL-DNN v0.20.5 (Git Hash 0125f28c61c1f822fd48570b4c1066f96fcb9b2e)
  - OpenMP 201511 (a.k.a. OpenMP 4.5)
  - NNPACK is enabled
  - CUDA Runtime 10.0
  - NVCC architecture flags: -gencode;arch=compute_37,code=sm_37;-gencode;arch=compute_50,code=sm_50;-gencode;arch=compute_60,code=sm_60;-gencode;arch=compute_61,code=sm_61;-gencode;arch=compute_70,code=sm_70;-gencode;arch=compute_75,code=sm_75;-gencode;arch=compute_37,code=compute_37
  - CuDNN 7.6.3
  - Magma 2.5.1
  - Build settings: BLAS=MKL, BUILD_NAMEDTENSOR=OFF, BUILD_TYPE=Release, CXX_FLAGS= -Wno-deprecated -fvisibility-inlines-hidden -fopenmp -DUSE_FBGEMM -DUSE_QNNPACK -DUSE_PYTORCH_QNNPACK -O2 -fPIC -Wno-narrowing -Wall -Wextra -Wno-missing-field-initializers -Wno-type-limits -Wno-array-bounds -Wno-unknown-pragmas -Wno-sign-compare -Wno-unused-parameter -Wno-unused-variable -Wno-unused-function -Wno-unused-result -Wno-strict-overflow -Wno-strict-aliasing -Wno-error=deprecated-declarations -Wno-stringop-overflow -Wno-error=pedantic -Wno-error=redundant-decls -Wno-error=old-style-cast -fdiagnostics-color=always -faligned-new -Wno-unused-but-set-variable -Wno-maybe-uninitialized -fno-math-errno -fno-trapping-math -Wno-stringop-overflow, DISABLE_NUMA=1, PERF_WITH_AVX=1, PERF_WITH_AVX2=1, PERF_WITH_AVX512=1, USE_CUDA=True, USE_EXCEPTION_PTR=1, USE_GFLAGS=OFF, USE_GLOG=OFF, USE_MKL=ON, USE_MKLDNN=ON, USE_MPI=OFF, USE_NCCL=ON, USE_NNPACK=ON, USE_OPENMP=ON, USE_STATIC_DISPATCH=OFF, 

TorchVision: 0.4.2+cu100
OpenCV: 4.4.0
MMCV: 1.0.5
MMDetection: 2.3.0+788fa8d
MMDetection Compiler: GCC 7.3
MMDetection CUDA Compiler: 10.0
------------------------------------------------------------

2020-11-19 09:13:50,950 - mmdet - INFO - Distributed training: False
2020-11-19 09:13:51,338 - mmdet - INFO - Config:
model = dict(
    type='FasterRCNN',
    pretrained='torchvision://resnet50',
    backbone=dict(
        type='ResNet',
        depth=50,
        num_stages=4,
        out_indices=(0, 1, 2, 3),
        frozen_stages=1,
        norm_cfg=dict(type='BN', requires_grad=True),
        norm_eval=True,
        style='pytorch'),
    neck=dict(
        type='FPN',
        in_channels=[256, 512, 1024, 2048],
        out_channels=256,
        num_outs=5),
    rpn_head=dict(
        type='RPNHead',
        in_channels=256,
        feat_channels=256,
        anchor_generator=dict(
            type='AnchorGenerator',
            scales=[8],
            ratios=[0.5, 1.0, 2.0],
            strides=[4, 8, 16, 32, 64]),
        bbox_coder=dict(
            type='DeltaXYWHBBoxCoder',
            target_means=[0.0, 0.0, 0.0, 0.0],
            target_stds=[1.0, 1.0, 1.0, 1.0]),
        loss_cls=dict(
            type='CrossEntropyLoss', use_sigmoid=True, loss_weight=1.0),
        loss_bbox=dict(type='L1Loss', loss_weight=1.0)),
    roi_head=dict(
        type='StandardRoIHead',
        bbox_roi_extractor=dict(
            type='SingleRoIExtractor',
            roi_layer=dict(type='RoIAlign', output_size=7, sampling_ratio=0),
            out_channels=256,
            featmap_strides=[4, 8, 16, 32]),
        bbox_head=dict(
            type='Shared2FCBBoxHead',
            in_channels=256,
            fc_out_channels=1024,
            roi_feat_size=7,
            num_classes=2,
            bbox_coder=dict(
                type='DeltaXYWHBBoxCoder',
                target_means=[0.0, 0.0, 0.0, 0.0],
                target_stds=[0.1, 0.1, 0.2, 0.2]),
            reg_class_agnostic=False,
            loss_cls=dict(
                type='CrossEntropyLoss', use_sigmoid=False, loss_weight=1.0),
            loss_bbox=dict(type='L1Loss', loss_weight=1.0))))
train_cfg = dict(
    rpn=dict(
        assigner=dict(
            type='MaxIoUAssigner',
            pos_iou_thr=0.7,
            neg_iou_thr=0.3,
            min_pos_iou=0.3,
            match_low_quality=True,
            ignore_iof_thr=-1),
        sampler=dict(
            type='RandomSampler',
            num=256,
            pos_fraction=0.5,
            neg_pos_ub=-1,
            add_gt_as_proposals=False),
        allowed_border=-1,
        pos_weight=-1,
        debug=False),
    rpn_proposal=dict(
        nms_across_levels=False,
        nms_pre=2000,
        nms_post=1000,
        max_num=1000,
        nms_thr=0.7,
        min_bbox_size=0),
    rcnn=dict(
        assigner=dict(
            type='MaxIoUAssigner',
            pos_iou_thr=0.5,
            neg_iou_thr=0.5,
            min_pos_iou=0.5,
            match_low_quality=False,
            ignore_iof_thr=-1),
        sampler=dict(
            type='RandomSampler',
            num=512,
            pos_fraction=0.25,
            neg_pos_ub=-1,
            add_gt_as_proposals=True),
        pos_weight=-1,
        debug=False))
test_cfg = dict(
    rpn=dict(
        nms_across_levels=False,
        nms_pre=1000,
        nms_post=1000,
        max_num=1000,
        nms_thr=0.7,
        min_bbox_size=0),
    rcnn=dict(
        score_thr=0.05,
        nms=dict(type='nms', iou_threshold=0.5),
        max_per_img=100))
dataset_type = 'CocoDataset'
data_root = 'data/coco/'
img_norm_cfg = dict(
    mean=[123.675, 116.28, 103.53], std=[58.395, 57.12, 57.375], to_rgb=True)
train_pipeline = [
    dict(type='LoadImageFromFile'),
    dict(type='LoadAnnotations', with_bbox=True),
    dict(type='Resize', img_scale=(1550, 1550), keep_ratio=True),
    dict(type='RandomFlip', flip_ratio=0.5),
    dict(
        type='Normalize',
        mean=[123.675, 116.28, 103.53],
        std=[58.395, 57.12, 57.375],
        to_rgb=True),
    dict(type='Pad', size_divisor=32),
    dict(type='DefaultFormatBundle'),
    dict(type='Collect', keys=['img', 'gt_bboxes', 'gt_labels'])
]
test_pipeline = [
    dict(type='LoadImageFromFile'),
    dict(
        type='MultiScaleFlipAug',
        img_scale=(1550, 1550),
        flip=False,
        transforms=[
            dict(type='Resize', keep_ratio=True),
            dict(type='RandomFlip'),
            dict(
                type='Normalize',
                mean=[123.675, 116.28, 103.53],
                std=[58.395, 57.12, 57.375],
                to_rgb=True),
            dict(type='Pad', size_divisor=32),
            dict(type='ImageToTensor', keys=['img']),
            dict(type='Collect', keys=['img'])
        ])
]
data = dict(
    samples_per_gpu=2,
    workers_per_gpu=2,
    train=dict(
        type='CocoDataset',
        ann_file='data/coco/annotations/annotations_trai.json',
        img_prefix='data/coco/img/',
        pipeline=[
            dict(type='LoadImageFromFile'),
            dict(type='LoadAnnotations', with_bbox=True),
            dict(type='Resize', img_scale=(1550, 1550), keep_ratio=True),
            dict(type='RandomFlip', flip_ratio=0.5),
            dict(
                type='Normalize',
                mean=[123.675, 116.28, 103.53],
                std=[58.395, 57.12, 57.375],
                to_rgb=True),
            dict(type='Pad', size_divisor=32),
            dict(type='DefaultFormatBundle'),
            dict(type='Collect', keys=['img', 'gt_bboxes', 'gt_labels'])
        ]),
    val=dict(
        type='CocoDataset',
        ann_file='data/coco/annotations/annotations_test.json',
        img_prefix='data/coco/img/',
        pipeline=[
            dict(type='LoadImageFromFile'),
            dict(
                type='MultiScaleFlipAug',
                img_scale=(1550, 1550),
                flip=False,
                transforms=[
                    dict(type='Resize', keep_ratio=True),
                    dict(type='RandomFlip'),
                    dict(
                        type='Normalize',
                        mean=[123.675, 116.28, 103.53],
                        std=[58.395, 57.12, 57.375],
                        to_rgb=True),
                    dict(type='Pad', size_divisor=32),
                    dict(type='ImageToTensor', keys=['img']),
                    dict(type='Collect', keys=['img'])
                ])
        ]),
    test=dict(
        type='CocoDataset',
        ann_file='data/coco/annotations/annotations_vals.json',
        img_prefix='data/coco/img/',
        pipeline=[
            dict(type='LoadImageFromFile'),
            dict(
                type='MultiScaleFlipAug',
                img_scale=(1550, 1550),
                flip=False,
                transforms=[
                    dict(type='Resize', keep_ratio=True),
                    dict(type='RandomFlip'),
                    dict(
                        type='Normalize',
                        mean=[123.675, 116.28, 103.53],
                        std=[58.395, 57.12, 57.375],
                        to_rgb=True),
                    dict(type='Pad', size_divisor=32),
                    dict(type='ImageToTensor', keys=['img']),
                    dict(type='Collect', keys=['img'])
                ])
        ]))
evaluation = dict(interval=1, metric='bbox')
optimizer = dict(type='SGD', lr=0.01, momentum=0.9, weight_decay=0.0001)
optimizer_config = dict(grad_clip=None)
lr_config = dict(
    policy='step',
    warmup='linear',
    warmup_iters=500,
    warmup_ratio=0.001,
    step=[8, 11])
total_epochs = 4
checkpoint_config = dict(interval=4)
log_config = dict(interval=100, hooks=[dict(type='TextLoggerHook')])
dist_params = dict(backend='nccl')
log_level = 'INFO'
load_from = '/home/admin/.cache/torch/checkpoints/X.pth'
resume_from = None
workflow = [('train', 2), ('val', 1)]
work_dir = '/home/admin/jupyter/SecurityAI_Round5/data/work'
gpu_ids = range(0, 1)

2020-11-19 09:13:51,840 - mmdet - INFO - load model from: torchvision://resnet50
2020-11-19 09:13:59,433 - mmdet - WARNING - The model and loaded state dict do not match exactly

unexpected key in source state_dict: fc.weight, fc.bias

2020-11-19 09:14:09,649 - mmdet - INFO - load checkpoint from /home/admin/.cache/torch/checkpoints/X.pth
2020-11-19 09:14:16,200 - mmdet - INFO - Start running, host: admin@fuxilabor_labor0_S4_Odps_S96_dsw_prepaid_cnsh_838_2020111823124, work_dir: /home/admin/jupyter/SecurityAI_Round5/data/work
2020-11-19 09:14:16,200 - mmdet - INFO - workflow: [('train', 2), ('val', 1)], max: 4 epochs
2020-11-19 09:15:33,572 - mmdet - INFO - Epoch [1][100/620]	lr: 1.988e-03, eta: 0:30:37, time: 0.772, data_time: 0.033, memory: 8136, loss_rpn_cls: 0.0035, loss_rpn_bbox: 0.0391, loss_cls: 0.0379, acc: 98.4307, loss_bbox: 0.0938, loss: 0.1743
2020-11-19 09:16:48,208 - mmdet - INFO - Epoch [1][200/620]	lr: 3.986e-03, eta: 0:28:50, time: 0.746, data_time: 0.012, memory: 8659, loss_rpn_cls: 0.0032, loss_rpn_bbox: 0.0364, loss_cls: 0.0426, acc: 98.1934, loss_bbox: 0.0958, loss: 0.1779
2020-11-19 09:18:02,568 - mmdet - INFO - Epoch [1][300/620]	lr: 5.984e-03, eta: 0:27:23, time: 0.744, data_time: 0.012, memory: 8659, loss_rpn_cls: 0.0031, loss_rpn_bbox: 0.0358, loss_cls: 0.0390, acc: 98.4014, loss_bbox: 0.0839, loss: 0.1617
2020-11-19 09:19:17,528 - mmdet - INFO - Epoch [1][400/620]	lr: 7.982e-03, eta: 0:26:05, time: 0.750, data_time: 0.012, memory: 9846, loss_rpn_cls: 0.0040, loss_rpn_bbox: 0.0411, loss_cls: 0.0502, acc: 97.8291, loss_bbox: 0.1055, loss: 0.2009
2020-11-19 09:20:32,708 - mmdet - INFO - Epoch [1][500/620]	lr: 9.980e-03, eta: 0:24:50, time: 0.752, data_time: 0.012, memory: 11911, loss_rpn_cls: 0.0035, loss_rpn_bbox: 0.0407, loss_cls: 0.0395, acc: 98.3760, loss_bbox: 0.0950, loss: 0.1787
2020-11-19 09:21:47,645 - mmdet - INFO - Epoch [1][600/620]	lr: 1.000e-02, eta: 0:23:33, time: 0.749, data_time: 0.012, memory: 11911, loss_rpn_cls: 0.0048, loss_rpn_bbox: 0.0435, loss_cls: 0.0455, acc: 98.1582, loss_bbox: 0.1024, loss: 0.1962
2020-11-19 09:22:29,088 - mmdet - INFO - Evaluating bbox...
2020-11-19 09:22:31,472 - mmdet - INFO - Epoch [1][620/620]	lr: 1.000e-02, bbox_mAP: 0.7840, bbox_mAP_50: 0.8690, bbox_mAP_75: 0.8460, bbox_mAP_s: 0.4760, bbox_mAP_m: 0.7820, bbox_mAP_l: 0.8680, bbox_mAP_copypaste: 0.784 0.869 0.846 0.476 0.782 0.868
2020-11-19 09:23:48,602 - mmdet - INFO - Epoch [2][100/620]	lr: 1.000e-02, eta: 0:21:31, time: 0.769, data_time: 0.033, memory: 11911, loss_rpn_cls: 0.0051, loss_rpn_bbox: 0.0435, loss_cls: 0.0521, acc: 97.7939, loss_bbox: 0.1049, loss: 0.2056
2020-11-19 09:25:03,470 - mmdet - INFO - Epoch [2][200/620]	lr: 1.000e-02, eta: 0:20:20, time: 0.749, data_time: 0.012, memory: 11911, loss_rpn_cls: 0.0036, loss_rpn_bbox: 0.0400, loss_cls: 0.0440, acc: 98.2021, loss_bbox: 0.0991, loss: 0.1867
2020-11-19 09:26:18,152 - mmdet - INFO - Epoch [2][300/620]	lr: 1.000e-02, eta: 0:19:09, time: 0.747, data_time: 0.012, memory: 11911, loss_rpn_cls: 0.0038, loss_rpn_bbox: 0.0456, loss_cls: 0.0457, acc: 98.1084, loss_bbox: 0.1080, loss: 0.2032
2020-11-19 09:27:32,713 - mmdet - INFO - Epoch [2][400/620]	lr: 1.000e-02, eta: 0:17:56, time: 0.746, data_time: 0.012, memory: 11911, loss_rpn_cls: 0.0040, loss_rpn_bbox: 0.0446, loss_cls: 0.0430, acc: 98.2549, loss_bbox: 0.0963, loss: 0.1879
2020-11-19 09:28:47,333 - mmdet - INFO - Epoch [2][500/620]	lr: 1.000e-02, eta: 0:16:44, time: 0.746, data_time: 0.012, memory: 11911, loss_rpn_cls: 0.0041, loss_rpn_bbox: 0.0443, loss_cls: 0.0434, acc: 98.1777, loss_bbox: 0.1032, loss: 0.1951
2020-11-19 09:30:02,014 - mmdet - INFO - Epoch [2][600/620]	lr: 1.000e-02, eta: 0:15:31, time: 0.747, data_time: 0.012, memory: 11911, loss_rpn_cls: 0.0037, loss_rpn_bbox: 0.0420, loss_cls: 0.0437, acc: 98.1406, loss_bbox: 0.0974, loss: 0.1868
2020-11-19 09:30:43,505 - mmdet - INFO - Evaluating bbox...
2020-11-19 09:30:45,867 - mmdet - INFO - Epoch [2][620/620]	lr: 1.000e-02, bbox_mAP: 0.7800, bbox_mAP_50: 0.8610, bbox_mAP_75: 0.8400, bbox_mAP_s: 0.4850, bbox_mAP_m: 0.7890, bbox_mAP_l: 0.8560, bbox_mAP_copypaste: 0.780 0.861 0.840 0.485 0.789 0.856
2020-11-19 09:31:18,879 - mmdet - INFO - Epoch(train) [2][83]	loss_rpn_cls: 0.0047, loss_rpn_bbox: 0.0411, loss_cls: 0.0504, acc: 97.9339, loss_bbox: 0.1028, loss: 0.1990
2020-11-19 09:33:28,917 - mmdet - INFO - Epoch [3][100/620]	lr: 1.000e-02, eta: 0:13:52, time: 0.769, data_time: 0.033, memory: 11911, loss_rpn_cls: 0.0038, loss_rpn_bbox: 0.0441, loss_cls: 0.0432, acc: 98.2441, loss_bbox: 0.1064, loss: 0.1975
2020-11-19 09:34:43,785 - mmdet - INFO - Epoch [3][200/620]	lr: 1.000e-02, eta: 0:12:40, time: 0.749, data_time: 0.012, memory: 11911, loss_rpn_cls: 0.0056, loss_rpn_bbox: 0.0454, loss_cls: 0.0541, acc: 97.6455, loss_bbox: 0.1129, loss: 0.2180
2020-11-19 09:35:58,472 - mmdet - INFO - Epoch [3][300/620]	lr: 1.000e-02, eta: 0:11:28, time: 0.747, data_time: 0.012, memory: 11911, loss_rpn_cls: 0.0052, loss_rpn_bbox: 0.0452, loss_cls: 0.0455, acc: 98.2119, loss_bbox: 0.1018, loss: 0.1977
2020-11-19 09:37:13,247 - mmdet - INFO - Epoch [3][400/620]	lr: 1.000e-02, eta: 0:10:16, time: 0.748, data_time: 0.012, memory: 11911, loss_rpn_cls: 0.0047, loss_rpn_bbox: 0.0447, loss_cls: 0.0501, acc: 97.9248, loss_bbox: 0.1106, loss: 0.2102
2020-11-19 09:38:27,858 - mmdet - INFO - Epoch [3][500/620]	lr: 1.000e-02, eta: 0:09:03, time: 0.746, data_time: 0.012, memory: 11911, loss_rpn_cls: 0.0037, loss_rpn_bbox: 0.0437, loss_cls: 0.0397, acc: 98.3652, loss_bbox: 0.0983, loss: 0.1854
2020-11-19 09:39:43,117 - mmdet - INFO - Epoch [3][600/620]	lr: 1.000e-02, eta: 0:07:50, time: 0.753, data_time: 0.012, memory: 11911, loss_rpn_cls: 0.0037, loss_rpn_bbox: 0.0419, loss_cls: 0.0414, acc: 98.2695, loss_bbox: 0.0975, loss: 0.1845
2020-11-19 09:40:25,343 - mmdet - INFO - Evaluating bbox...
2020-11-19 09:40:27,896 - mmdet - INFO - Epoch [3][620/620]	lr: 1.000e-02, bbox_mAP: 0.7700, bbox_mAP_50: 0.8620, bbox_mAP_75: 0.8280, bbox_mAP_s: 0.4590, bbox_mAP_m: 0.7560, bbox_mAP_l: 0.8540, bbox_mAP_copypaste: 0.770 0.862 0.828 0.459 0.756 0.854
2020-11-19 09:41:45,770 - mmdet - INFO - Epoch [4][100/620]	lr: 1.000e-02, eta: 0:06:19, time: 0.777, data_time: 0.035, memory: 11911, loss_rpn_cls: 0.0035, loss_rpn_bbox: 0.0411, loss_cls: 0.0394, acc: 98.3691, loss_bbox: 0.0967, loss: 0.1807
2020-11-19 09:43:01,257 - mmdet - INFO - Epoch [4][200/620]	lr: 1.000e-02, eta: 0:05:07, time: 0.755, data_time: 0.013, memory: 11911, loss_rpn_cls: 0.0046, loss_rpn_bbox: 0.0440, loss_cls: 0.0500, acc: 97.8262, loss_bbox: 0.1130, loss: 0.2116
2020-11-19 09:44:16,857 - mmdet - INFO - Epoch [4][300/620]	lr: 1.000e-02, eta: 0:03:54, time: 0.756, data_time: 0.013, memory: 11911, loss_rpn_cls: 0.0046, loss_rpn_bbox: 0.0459, loss_cls: 0.0469, acc: 98.0420, loss_bbox: 0.1042, loss: 0.2017
2020-11-19 09:45:32,482 - mmdet - INFO - Epoch [4][400/620]	lr: 1.000e-02, eta: 0:02:41, time: 0.756, data_time: 0.013, memory: 11911, loss_rpn_cls: 0.0066, loss_rpn_bbox: 0.0457, loss_cls: 0.0499, acc: 97.8750, loss_bbox: 0.1120, loss: 0.2141
2020-11-19 09:46:47,880 - mmdet - INFO - Epoch [4][500/620]	lr: 1.000e-02, eta: 0:01:28, time: 0.754, data_time: 0.012, memory: 11911, loss_rpn_cls: 0.0041, loss_rpn_bbox: 0.0455, loss_cls: 0.0457, acc: 98.0830, loss_bbox: 0.0997, loss: 0.1951
2020-11-19 09:48:04,334 - mmdet - INFO - Epoch [4][600/620]	lr: 1.000e-02, eta: 0:00:14, time: 0.765, data_time: 0.013, memory: 11911, loss_rpn_cls: 0.0124, loss_rpn_bbox: 0.0484, loss_cls: 0.0513, acc: 98.0312, loss_bbox: 0.1022, loss: 0.2142
2020-11-19 09:48:19,406 - mmdet - INFO - Saving checkpoint at 4 epochs
2020-11-19 09:48:49,130 - mmdet - INFO - Evaluating bbox...
2020-11-19 09:48:51,467 - mmdet - INFO - Epoch [4][620/620]	lr: 1.000e-02, bbox_mAP: 0.7470, bbox_mAP_50: 0.8320, bbox_mAP_75: 0.8070, bbox_mAP_s: 0.4490, bbox_mAP_m: 0.7700, bbox_mAP_l: 0.8300, bbox_mAP_copypaste: 0.747 0.832 0.807 0.449 0.770 0.830
2020-11-19 09:49:25,213 - mmdet - INFO - Epoch(train) [4][83]	loss_rpn_cls: 0.0083, loss_rpn_bbox: 0.0464, loss_cls: 0.0601, acc: 97.4774, loss_bbox: 0.1107, loss: 0.2254
